27,"build/tests/sizes/cube-1561-bin.cgns","scan",1622650764656486578,1622650764804632901
27,"build/tests/sizes/cube-1561-bin.cgns","chck",1622650764583615336,1622650764804760665
27,"build/tests/sizes/cube-2124-asc.bdf","scan",1622650764820040643,1622650764931657718
27,"build/tests/sizes/cube-2124-asc.bdf","chck",1622650764804762302,1622650764931662507
27,"build/tests/sizes/cube-1163-asc.mesh","scan",1622650764965284283,1622650764984983642
27,"build/tests/sizes/cube-1163-asc.mesh","chck",1622650764931663422,1622650764984987141
27,"build/tests/sizes/cube-1160-bin.msh4","scan",1622650764997126044,1622650766023823876
27,"build/tests/sizes/cube-1160-bin.msh4","chck",1622650764984988067,1622650766023852379
27,"build/tests/sizes/cube-2657-geo.geo","scan",1622650766046239730,1622650766054386811
27,"build/tests/sizes/cube-2657-geo.geo","chck",1622650766023853685,1622650766054391618
27,"build/tests/sizes/cube-3576-bin.vtk","scan",1622650766060467785,1622650766800702145
27,"build/tests/sizes/cube-3576-bin.vtk","chck",1622650766054392769,1622650766800708775
27,"build/tests/sizes/cube-1039-geo.geo","scan",1622650766807999483,1622650766813479555
27,"build/tests/sizes/cube-1039-geo.geo","chck",1622650766800710598,1622650766813484876
27,"build/tests/sizes/cube-596-bin.vtk","scan",1622650766818543098,1622650769511091701
27,"build/tests/sizes/cube-596-bin.vtk","chck",1622650766813485898,1622650769511112614
27,"build/tests/sizes/cube-215-asc.mesh","scan",1622650769524360428,1622650769707132208
27,"build/tests/sizes/cube-215-asc.mesh","chck",1622650769511113844,1622650769707139471
27,"build/tests/sizes/cube-60-geo.geo_unrolled","scan",1622650769721849544,1622650769723797016
27,"build/tests/sizes/cube-60-geo.geo_unrolled","chck",1622650769707140564,1622650769723803540
27,"build/tests/sizes/cube-1528-asc.mesh","scan",1622650769725551204,1622650774109907840
27,"build/tests/sizes/cube-1528-asc.mesh","chck",1622650769723804551,1622650774109932110
27,"build/tests/sizes/cube-1907-geo.geo_unrolled","scan",1622650774118394464,1622650774119708663
27,"build/tests/sizes/cube-1907-geo.geo_unrolled","chck",1622650774109933571,1622650774119726150
27,"build/tests/sizes/cube-3144-geo.geo","scan",1622650774120320476,1622650774121574228
27,"build/tests/sizes/cube-3144-geo.geo","chck",1622650774119727509,1622650774121579011
27,"build/tests/sizes/cube-2395-bin.vtk","scan",1622650774122146420,1622650774129944123
27,"build/tests/sizes/cube-2395-bin.vtk","chck",1622650774121580071,1622650774129950046
27,"build/tests/sizes/cube-1505-bin.msh4","scan",1622650774131499052,1622650774802064901
27,"build/tests/sizes/cube-1505-bin.msh4","chck",1622650774129951073,1622650774802078496
27,"build/tests/sizes/cube-2063-bin.msh4","scan",1622650774803386731,1622650775579027859
27,"build/tests/sizes/cube-2063-bin.msh4","chck",1622650774802079746,1622650775579043282
27,"build/tests/sizes/cube-1487-bin.msh4","scan",1622650775597638886,1622650775606203794
27,"build/tests/sizes/cube-1487-bin.msh4","chck",1622650775579044499,1622650775606210093
27,"build/tests/sizes/cube-2687-asc.mesh","scan",1622650775606810707,1622650776111453495
27,"build/tests/sizes/cube-2687-asc.mesh","chck",1622650775606211209,1622650776111461067
27,"build/tests/sizes/cube-3960-bin.vtk","scan",1622650776112156760,1622650776153588445
27,"build/tests/sizes/cube-3960-bin.vtk","chck",1622650776111462286,1622650776153595583
27,"build/tests/sizes/cube-901-geo.geo_unrolled","scan",1622650776168911484,1622650776170190427
27,"build/tests/sizes/cube-901-geo.geo_unrolled","chck",1622650776153596921,1622650776170196105
27,"build/tests/sizes/cube-2903-geo.geo","scan",1622650776170810444,1622650776171940275
27,"build/tests/sizes/cube-2903-geo.geo","chck",1622650776170197139,1622650776171944568
27,"build/tests/sizes/cube-2491-bin.msh2","scan",1622650776172505084,1622650776991679560
27,"build/tests/sizes/cube-2491-bin.msh2","chck",1622650776171945582,1622650776991686448
27,"build/tests/sizes/cube-494-asc.bdf","scan",1622650777008969488,1622650793792600889
27,"build/tests/sizes/cube-494-asc.bdf","chck",1622650776991687936,1622650793792627285
27,"build/tests/sizes/cube-396-bin.msh2","scan",1622650793809840791,1622650793934969752
27,"build/tests/sizes/cube-396-bin.msh2","chck",1622650793792632464,1622650793934976608
27,"build/tests/sizes/cube-1519-bin.msh4","scan",1622650793950993190,1622650793971395877
27,"build/tests/sizes/cube-1519-bin.msh4","chck",1622650793934977793,1622650793971402334
27,"build/tests/sizes/cube-376-geo.geo","scan",1622650793986448995,1622650793987985868
27,"build/tests/sizes/cube-376-geo.geo","chck",1622650793971403413,1622650793987992335
27,"build/tests/sizes/cube-986-bin.msh2","scan",1622650794001954261,1622650794010506192
27,"build/tests/sizes/cube-986-bin.msh2","chck",1622650793987993458,1622650794010512416
27,"build/tests/sizes/cube-2881-asc.msh2","scan",1622650794011043249,1622650794018912617
27,"build/tests/sizes/cube-2881-asc.msh2","chck",1622650794010513780,1622650794018919376
27,"build/tests/sizes/cube-1560-geo.geo","scan",1622650794034223764,1622650794035565062
27,"build/tests/sizes/cube-1560-geo.geo","chck",1622650794018920491,1622650794035571200
27,"build/tests/sizes/cube-3109-bin.vtk","scan",1622650794036100952,1622650794198541613
27,"build/tests/sizes/cube-3109-bin.vtk","chck",1622650794035572489,1622650794198548198
27,"build/tests/sizes/cube-2031-stl-bin.geo","scan",1622650794199112454,1622650794247557498
27,"build/tests/sizes/cube-2031-stl-bin.geo","chck",1622650794198549424,1622650794247565376
27,"build/tests/sizes/cube-284-geo.geo","scan",1622650794263379745,1622650794264805342
27,"build/tests/sizes/cube-284-geo.geo","chck",1622650794247566727,1622650794264815863
27,"build/tests/sizes/cube-1139-bin.vtk","scan",1622650794280904437,1622650794288859976
27,"build/tests/sizes/cube-1139-bin.vtk","chck",1622650794264816868,1622650794288866553
27,"build/tests/sizes/cube-1171-asc.msh2","scan",1622650794290282849,1622650794299750908
27,"build/tests/sizes/cube-1171-asc.msh2","chck",1622650794288867613,1622650794299757846
27,"build/tests/sizes/cube-2216-bin.msh4","scan",1622650794300293585,1622650794301621226
27,"build/tests/sizes/cube-2216-bin.msh4","chck",1622650794299759018,1622650794301625355
27,"build/tests/sizes/cube-2879-stl-bin.geo","scan",1622650794302197944,1622650794916853834
27,"build/tests/sizes/cube-2879-stl-bin.geo","chck",1622650794301626342,1622650794916862382
27,"build/tests/sizes/cube-1056-asc.mesh","scan",1622650794938129026,1622650795459656525
27,"build/tests/sizes/cube-1056-asc.mesh","chck",1622650794916863553,1622650795459663380
27,"build/tests/sizes/cube-1164-geo.geo","scan",1622650795476853384,1622650795478382540
27,"build/tests/sizes/cube-1164-geo.geo","chck",1622650795459664586,1622650795478389537
27,"build/tests/sizes/cube-224-asc.msh2","scan",1622650795492632887,1622650796461007552
27,"build/tests/sizes/cube-224-asc.msh2","chck",1622650795478390681,1622650796461015306
27,"build/tests/sizes/cube-213-bin.msh2","scan",1622650796483572416,1622650796497556004
27,"build/tests/sizes/cube-213-bin.msh2","chck",1622650796461016483,1622650796497562557
27,"build/tests/sizes/cube-3901-geo.geo","scan",1622650796498153810,1622650796499549333
27,"build/tests/sizes/cube-3901-geo.geo","chck",1622650796497563592,1622650796499553306
27,"build/tests/sizes/cube-3086-bin.vtk","scan",1622650796500105562,1622650796504596179
27,"build/tests/sizes/cube-3086-bin.vtk","chck",1622650796499554381,1622650796504600344
27,"build/tests/sizes/cube-2226-asc.mesh","scan",1622650796505183559,1622650796508056536
27,"build/tests/sizes/cube-2226-asc.mesh","chck",1622650796504601318,1622650796508060525
27,"build/tests/sizes/cube-1162-asc.mesh","scan",1622650796523018640,1622650796639596841
27,"build/tests/sizes/cube-1162-asc.mesh","chck",1622650796508061452,1622650796639604480
27,"build/tests/sizes/cube-3597-asc.bdf","scan",1622650796640233080,1622650796642385962
27,"build/tests/sizes/cube-3597-asc.bdf","chck",1622650796639605808,1622650796642391314
27,"build/tests/sizes/cube-168-geo.geo","scan",1622650796661110003,1622650796662661978
27,"build/tests/sizes/cube-168-geo.geo","chck",1622650796642392288,1622650796662667307
27,"build/tests/sizes/cube-3179-geo.geo_unrolled","scan",1622650796663278643,1622650796664437960
27,"build/tests/sizes/cube-3179-geo.geo_unrolled","chck",1622650796662668524,1622650796664665874
27,"build/tests/sizes/cube-3613-geo.geo","scan",1622650796665260495,1622650796666636960
27,"build/tests/sizes/cube-3613-geo.geo","chck",1622650796664667593,1622650796666641026
27,"build/tests/sizes/cube-3486-bin.vtk","scan",1622650796667247923,1622650796668860757
27,"build/tests/sizes/cube-3486-bin.vtk","chck",1622650796666642076,1622650796668864330
27,"build/tests/sizes/cube-3395-geo.geo_unrolled","scan",1622650796669449469,1622650796670608718
27,"build/tests/sizes/cube-3395-geo.geo_unrolled","chck",1622650796668865225,1622650796670612472
27,"build/tests/sizes/cube-388-geo.geo","scan",1622650796684197509,1622650796691015494
27,"build/tests/sizes/cube-388-geo.geo","chck",1622650796670613471,1622650796691021933
27,"build/tests/sizes/cube-1967-asc.mesh","scan",1622650796691578840,1622650796699247127
27,"build/tests/sizes/cube-1967-asc.mesh","chck",1622650796691023067,1622650796699252427
27,"build/tests/sizes/cube-1411-bin.vtk","scan",1622650796712119063,1622650796733552338
27,"build/tests/sizes/cube-1411-bin.vtk","chck",1622650796699253427,1622650796733559316
27,"build/tests/sizes/cube-1322-asc.bdf","scan",1622650796754776312,1622650800265351585
27,"build/tests/sizes/cube-1322-asc.bdf","chck",1622650796733560519,1622650800265367452
27,"build/tests/sizes/cube-1317-bin.vtk","scan",1622650800271576172,1622650800586320464
27,"build/tests/sizes/cube-1317-bin.vtk","chck",1622650800265368685,1622650800586335059
27,"build/tests/sizes/cube-2603-stl-bin.geo","scan",1622650800587072538,1622650800590339881
27,"build/tests/sizes/cube-2603-stl-bin.geo","chck",1622650800586336273,1622650800590346171
27,"build/tests/sizes/cube-839-bin.msh4","scan",1622650800603234389,1622650800628218304
27,"build/tests/sizes/cube-839-bin.msh4","chck",1622650800590347478,1622650800628223915
27,"build/tests/sizes/cube-2770-geo.geo","scan",1622650800628794424,1622650800630342358
27,"build/tests/sizes/cube-2770-geo.geo","chck",1622650800628225019,1622650800630345849
27,"build/tests/sizes/cube-1403-bin.cgns","scan",1622650800695075862,1622650800812679592
27,"build/tests/sizes/cube-1403-bin.cgns","chck",1622650800630346766,1622650800812686712
27,"build/tests/sizes/cube-932-geo.geo_unrolled","scan",1622650800831966688,1622650800833380645
27,"build/tests/sizes/cube-932-geo.geo_unrolled","chck",1622650800812687918,1622650800833387052
27,"build/tests/sizes/cube-2611-asc.mesh","scan",1622650800833962233,1622650804210671307
27,"build/tests/sizes/cube-2611-asc.mesh","chck",1622650800833387931,1622650804210678757
27,"build/tests/sizes/cube-3608-asc.msh2","scan",1622650804211613670,1622650804279743998
27,"build/tests/sizes/cube-3608-asc.msh2","chck",1622650804210679901,1622650804279750798
27,"build/tests/sizes/cube-3750-asc.mesh","scan",1622650804280578697,1622650804457214655
27,"build/tests/sizes/cube-3750-asc.mesh","chck",1622650804279751962,1622650804457222123
27,"build/tests/sizes/cube-2980-geo.geo_unrolled","scan",1622650804457987310,1622650804459572273
27,"build/tests/sizes/cube-2980-geo.geo_unrolled","chck",1622650804457223319,1622650804459581443
27,"build/tests/sizes/cube-3137-asc.bdf","scan",1622650804460112437,1622650810068227443
27,"build/tests/sizes/cube-3137-asc.bdf","chck",1622650804459582446,1622650810068244589
27,"build/tests/sizes/cube-276-asc.msh2","scan",1622650810089872871,1622650810172000001
27,"build/tests/sizes/cube-276-asc.msh2","chck",1622650810068245886,1622650810172006059
27,"build/tests/sizes/cube-1983-stl-bin.geo","scan",1622650810172918921,1622650810179443678
27,"build/tests/sizes/cube-1983-stl-bin.geo","chck",1622650810172007345,1622650810179449384
27,"build/tests/sizes/cube-1938-geo.geo_unrolled","scan",1622650810180011091,1622650810181092991
27,"build/tests/sizes/cube-1938-geo.geo_unrolled","chck",1622650810179450372,1622650810181097553
27,"build/tests/sizes/cube-1486-bin.cgns","scan",1622650810184956485,1622650810252186695
27,"build/tests/sizes/cube-1486-bin.cgns","chck",1622650810181098572,1622650810252193341
27,"build/tests/sizes/cube-3516-bin.vtk","scan",1622650810252892846,1622650810315035213
27,"build/tests/sizes/cube-3516-bin.vtk","chck",1622650810252194520,1622650810315041202
27,"build/tests/sizes/cube-779-bin.vtk","scan",1622650810335642919,1622650810352273734
27,"build/tests/sizes/cube-779-bin.vtk","chck",1622650810315042264,1622650810352280604
27,"build/tests/sizes/cube-2028-bin.msh2","scan",1622650810352874466,1622650810371202249
27,"build/tests/sizes/cube-2028-bin.msh2","chck",1622650810352281815,1622650810371209524
27,"build/tests/sizes/cube-1838-geo.geo","scan",1622650810385959493,1622650810387446054
27,"build/tests/sizes/cube-1838-geo.geo","chck",1622650810371210624,1622650810387452732
27,"build/tests/sizes/cube-2533-bin.cgns","scan",1622650810391263728,1622650810456506337
27,"build/tests/sizes/cube-2533-bin.cgns","chck",1622650810387453848,1622650810456513181
27,"build/tests/sizes/cube-2702-bin.vtk","scan",1622650810457198853,1622650810463067436
27,"build/tests/sizes/cube-2702-bin.vtk","chck",1622650810456514265,1622650810463074121
27,"build/tests/sizes/cube-2593-bin.vtk","scan",1622650810463641686,1622650810468223560
27,"build/tests/sizes/cube-2593-bin.vtk","chck",1622650810463075510,1622650810468229992
27,"build/tests/sizes/cube-2086-geo.geo","scan",1622650810468797167,1622650810470183900
27,"build/tests/sizes/cube-2086-geo.geo","chck",1622650810468231052,1622650810470189056
27,"build/tests/sizes/cube-3208-bin.msh2","scan",1622650810470699923,1622650810480690813
27,"build/tests/sizes/cube-3208-bin.msh2","chck",1622650810470189920,1622650810480695845
27,"build/tests/sizes/cube-2338-asc.mesh","scan",1622650810481270841,1622650813463657720
27,"build/tests/sizes/cube-2338-asc.mesh","chck",1622650810480696938,1622650813463665229
27,"build/tests/sizes/cube-886-bin.vtk","scan",1622650813480967248,1622650813523099690
27,"build/tests/sizes/cube-886-bin.vtk","chck",1622650813463666459,1622650813523112567
27,"build/tests/sizes/cube-2385-stl-bin.geo","scan",1622650813523741637,1622650813577881691
27,"build/tests/sizes/cube-2385-stl-bin.geo","chck",1622650813523113715,1622650813577888440
27,"build/tests/sizes/cube-1768-geo.geo","scan",1622650813595808568,1622650813597303707
27,"build/tests/sizes/cube-1768-geo.geo","chck",1622650813577889507,1622650813597309785
27,"build/tests/sizes/cube-2205-bin.msh4","scan",1622650813597853506,1622650813603716731
27,"build/tests/sizes/cube-2205-bin.msh4","chck",1622650813597311314,1622650813603722397
27,"build/tests/sizes/cube-862-stl-bin.geo","scan",1622650813624920943,1622650813672099025
27,"build/tests/sizes/cube-862-stl-bin.geo","chck",1622650813603723567,1622650813672115299
27,"build/tests/sizes/cube-2498-asc.mesh","scan",1622650813672658644,1622650814578382729
27,"build/tests/sizes/cube-2498-asc.mesh","chck",1622650813672116466,1622650814578390426
27,"build/tests/sizes/cube-1986-bin.vtk","scan",1622650814579887089,1622650814828343965
27,"build/tests/sizes/cube-1986-bin.vtk","chck",1622650814578391664,1622650814828351219
27,"build/tests/sizes/cube-457-bin.msh2","scan",1622650814846734255,1622650816075678295
27,"build/tests/sizes/cube-457-bin.msh2","chck",1622650814828352325,1622650816075685551
27,"build/tests/sizes/cube-1739-stl-bin.geo","scan",1622650816077327424,1622650816214478426
27,"build/tests/sizes/cube-1739-stl-bin.geo","chck",1622650816075686748,1622650816214484982
27,"build/tests/sizes/cube-240-asc.msh2","scan",1622650816218770069,1622650826916047524
27,"build/tests/sizes/cube-240-asc.msh2","chck",1622650816214486110,1622650826916073936
27,"build/tests/sizes/cube-3720-geo.geo","scan",1622650826918776204,1622650826972049192
27,"build/tests/sizes/cube-3720-geo.geo","chck",1622650826916075196,1622650826972055113
27,"build/tests/sizes/cube-2172-geo.geo_unrolled","scan",1622650826972594956,1622650826973740500
27,"build/tests/sizes/cube-2172-geo.geo_unrolled","chck",1622650826972056092,1622650826973743689
27,"build/tests/sizes/cube-3122-asc.bdf","scan",1622650826974234245,1622650826980780943
27,"build/tests/sizes/cube-3122-asc.bdf","chck",1622650826973744706,1622650826980783883
27,"build/tests/sizes/cube-2307-bin.msh2","scan",1622650826981418843,1622650827007838786
27,"build/tests/sizes/cube-2307-bin.msh2","chck",1622650826980918774,1622650827007844769
27,"build/tests/sizes/cube-103-bin.cgns","scan",1622650827031867614,1622650827165063928
27,"build/tests/sizes/cube-103-bin.cgns","chck",1622650827007845947,1622650827165069622
27,"build/tests/sizes/cube-2302-bin.cgns","scan",1622650827168990416,1622650827229924233
27,"build/tests/sizes/cube-2302-bin.cgns","chck",1622650827165070753,1622650827229931752
27,"build/tests/sizes/cube-3365-asc.mesh","scan",1622650827230637230,1622650827232627917
27,"build/tests/sizes/cube-3365-asc.mesh","chck",1622650827229932838,1622650827232632308
27,"build/tests/sizes/cube-2502-bin.msh2","scan",1622650827235145526,1622650827310533720
27,"build/tests/sizes/cube-2502-bin.msh2","chck",1622650827232633525,1622650827310539680
27,"build/tests/sizes/cube-3651-asc.mesh","scan",1622650827311170954,1622650827419201953
27,"build/tests/sizes/cube-3651-asc.mesh","chck",1622650827310540731,1622650827419208989
27,"build/tests/sizes/cube-1417-bin.msh2","scan",1622650827435303716,1622650828737897563
27,"build/tests/sizes/cube-1417-bin.msh2","chck",1622650827419210198,1622650828737905320
27,"build/tests/sizes/cube-2403-geo.geo_unrolled","scan",1622650828738703225,1622650828740442630
27,"build/tests/sizes/cube-2403-geo.geo_unrolled","chck",1622650828737906495,1622650828740447320
27,"cube-1417-bin","prep",1622650828741717496,1622650828980033749
27,"cube-1417-bin","zzzz",1622650828980043256,1622650867076713389,275107,386044,1158132
27,"cube-1417-bin","post",1622650867076737672,1622650867182654177
27,"cube-2307-bin","prep",1622650867182721037,1622650867211742197
27,"cube-2307-bin","zzzz",1622650867211747403,1622650867387145493,6003,9600,28800
27,"cube-2307-bin","post",1622650867387148313,1622650867389093297
27,"cube-2172-geo","mesh",1622650867389142872,1622650867441204265
27,"cube-2172-geo","prep",1622650867442031260,1622650867442986466
27,"cube-2172-geo","zzzz",1622650867442988767,1622650867467643119,1299,2372,7116
27,"cube-2172-geo","post",1622650867467644918,1622650867467989841
27,"cube-1505-bin","prep",1622650867468117914,1622650868076854117
27,"cube-1505-bin","zzzz",1622650868076860836,1622651127208404868,1069769,1469322,4407966
27,"cube-1505-bin","post",1622651127208418493,1622651127294245967
27,"cube-3144-geo","mesh",1622651127294799418,1622651127368509294
27,"cube-3144-geo","prep",1622651127369288494,1622651127372600329
27,"cube-3144-geo","zzzz",1622651127372602520,1622651127520202882,5301,8508,25524
27,"cube-3144-geo","post",1622651127520212719,1622651127521815094
27,"cube-1519-bin","prep",1622651127522027792,1622651127522619542
27,"cube-1519-bin","zzzz",1622651127522621042,1622651127526637142,287,596,1788
27,"cube-1519-bin","post",1622651127526646956,1622651127526973563
27,"cube-2205-bin","prep",1622651127527006916,1622651127531783250
27,"cube-2205-bin","zzzz",1622651127531785199,1622651127847914442,9154,14481,43443
27,"cube-2205-bin","post",1622651127847924381,1622651127849674111
27,"cube-3486-bin","prep",1622651127849697214,1622651127850098951
27,"cube-3486-bin","zzzz",1622651127850100202,1622651127854914694,328,685,2055
27,"cube-3486-bin","post",1622651127854924579,1622651127855103258
27,"cube-2385-stl-bin","mesh",1622651127855116121,1622651128242992154
27,"cube-2385-stl-bin","prep",1622651128243776911,1622651128290233245
27,"cube-2385-stl-bin","zzzz",1622651128290238703,1622651131755850251,43005,75828,227484
27,"cube-2385-stl-bin","post",1622651131755860820,1622651131772335851
27,"cube-2980-geo","mesh",1622651131772368406,1622651144144403725
27,"cube-2980-geo","prep",1622651144145230118,1622651145376001236
27,"cube-2980-geo","zzzz",1622651145376007165,1622651431197939190,1152230,1581413,4744239
27,"cube-2980-geo","post",1622651431197953524,1622651431587513748
27,"cube-2216-bin","prep",1622651431588249119,1622651431613092626
27,"cube-2216-bin","zzzz",1622651431613096125,1622651431614725706,133,300,900
27,"cube-2216-bin","post",1622651431614729478,1622651431614964909
27,"cube-1739-stl-bin","mesh",1622651431615025386,1622651433523675998
27,"cube-1739-stl-bin","prep",1622651433541587150,1622651433790565606
27,"cube-1739-stl-bin","zzzz",1622651433790571978,1622651458734881019,182981,290347,871041
27,"cube-1739-stl-bin","post",1622651458734894575,1622651458875223191
27,"cube-284-geo","mesh",1622651458875259091,1622651461987978912
27,"cube-284-geo","prep",1622651461988827913,1622651462350371493
27,"cube-284-geo","zzzz",1622651462350377220,1622651496017735918,252633,355259,1065777
27,"cube-284-geo","post",1622651496017746806,1622651496224627198
27,"cube-2903-geo","mesh",1622651496224721588,1622651496633288229
27,"cube-2903-geo","prep",1622651496634118083,1622651496666393325
27,"cube-2903-geo","zzzz",1622651496666397840,1622651498271484205,30050,44626,133878
27,"cube-2903-geo","post",1622651498271495241,1622651498284039463
27,"cube-1171-asc","prep",1622651498285347603,1622651498289105455
27,"cube-1171-asc","zzzz",1622651498289107301,1622651498308155826,1092,1949,5847
27,"cube-1171-asc","post",1622651498308165722,1622651498308684003
27,"cube-1164-geo","mesh",1622651498309032201,1622651498319247231
27,"cube-1164-geo","prep",1622651498320331450,1622651498320546709
27,"cube-1164-geo","zzzz",1622651498320548447,1622651498323726528,232,497,1491
27,"cube-1164-geo","post",1622651498323736351,1622651498324250360
27,"cube-862-stl-bin","mesh",1622651498324265449,1622651498340417483
27,"cube-862-stl-bin","prep",1622651498341172482,1622651498341955544
27,"cube-862-stl-bin","zzzz",1622651498341957756,1622651498384271352,1260,3541,10623
27,"cube-862-stl-bin","post",1622651498384281252,1622651498384719439
27,"cube-2498-asc","prep",1622651498384945585,1622651498526097691
27,"cube-2498-asc","zzzz",1622651498526103991,1622651539466717208,288783,405103,1215309
27,"cube-2498-asc","post",1622651539466731568,1622651539491089726
27,"cube-596-bin","prep",1622651539491125246,1622651540414035216
27,"cube-596-bin","zzzz",1622651540414041652,1622652020243889137,1706014,2332343,6997029
27,"cube-596-bin","post",1622652020243902590,1622652020384756503
27,"cube-3179-geo","mesh",1622652020385314446,1622652021240416770
27,"cube-3179-geo","prep",1622652021241244815,1622652021337020390
27,"cube-3179-geo","zzzz",1622652021337025397,1622652026290350471,66701,96831,290493
27,"cube-3179-geo","post",1622652026290385735,1622652026335158486
27,"cube-494-asc","prep",1622652026339404124,1622652026996867907
27,"cube-494-asc","zzzz",1622652026996872126,1622652553608145258,1062452,2500901,7502703
27,"cube-494-asc","post",1622652553608160188,1622652553825727240
27,"cube-2502-bin","prep",1622652553825771380,1622652553853118599
27,"cube-2502-bin","zzzz",1622652553853123720,1622652554606382185,17356,26450,79350
27,"cube-2502-bin","post",1622652554606392405,1622652554610026486
27,"cube-3597-asc","prep",1622652554610057995,1622652554618516917
27,"cube-3597-asc","zzzz",1622652554618518867,1622652554620426898,147,332,996
27,"cube-3597-asc","post",1622652554620436791,1622652554620601515
27,"cube-3395-geo","mesh",1622652554620643899,1622652564106729591
27,"cube-3395-geo","prep",1622652564107566774,1622652565102257487
27,"cube-3395-geo","zzzz",1622652565102262751,1622652752920598589,838051,1154165,3462495
27,"cube-3395-geo","post",1622652752920614717,1622652753387569054
27,"cube-3365-asc","prep",1622652753387691127,1622652753420413420
27,"cube-3365-asc","zzzz",1622652753420416323,1622652753423783198,248,519,1557
27,"cube-3365-asc","post",1622652753423793581,1622652753424000532
27,"cube-3613-geo","mesh",1622652753424104279,1622652753517151830
27,"cube-3613-geo","prep",1622652753517943696,1622652753518235353
27,"cube-3613-geo","zzzz",1622652753518237139,1622652753523889723,370,775,2325
27,"cube-3613-geo","post",1622652753523899632,1622652753524286457
27,"cube-376-geo","mesh",1622652753524325324,1622652753555924403
27,"cube-376-geo","prep",1622652753556617021,1622652753557708308
27,"cube-376-geo","zzzz",1622652753557710082,1622652753592076834,1691,3044,9132
27,"cube-376-geo","post",1622652753592086769,1622652753592818223
27,"cube-1162-asc","prep",1622652753593430820,1622652753604568395
27,"cube-1162-asc","zzzz",1622652753604570547,1622652754551805810,20694,31005,93015
27,"cube-1162-asc","post",1622652754551815703,1622652754556799553
27,"cube-103-bin.cgns","prep",1622652754557948065,1622652754582930156
27,"cube-103-bin.cgns","zzzz",1622652754582933987,1622652757424871377,44869,66095,198285
27,"cube-103-bin.cgns","post",1622652757424881803,1622652757425275589
27,"cube-168-geo","mesh",1622652757425394997,1622652757882483222
27,"cube-168-geo","prep",1622652757883288998,1622652757919335156
27,"cube-168-geo","zzzz",1622652757919339606,1622652760202637001,38568,56882,170646
27,"cube-168-geo","post",1622652760202647699,1622652760219246242
27,"cube-1967-asc","prep",1622652760220478313,1622652760225040195
27,"cube-1967-asc","zzzz",1622652760225042281,1622652760256857841,1586,2869,8607
27,"cube-1967-asc","post",1622652760256867784,1622652760257498448
27,"cube-2611-asc","prep",1622652760257659900,1622652760799465282
27,"cube-2611-asc","zzzz",1622652760799470941,1622653021439052691,1074524,1475695,4427085
27,"cube-2611-asc","post",1622653021439061950,1622653021525452373
27,"cube-1163-asc","prep",1622653021525495471,1622653021525763383
27,"cube-1163-asc","zzzz",1622653021525764499,1622653021530976858,349,730,2190
27,"cube-1163-asc","post",1622653021530991625,1622653021531061309
27,"cube-2533-bin.cgns","prep",1622653021531073752,1622653021533986075
27,"cube-2533-bin.cgns","zzzz",1622653021533988733,1622653023137966797,30035,44595,133785
27,"cube-2533-bin.cgns","post",1622653023137977331,1622653023138021010
27,"cube-886-bin","prep",1622653023138121421,1622653023143086782
27,"cube-886-bin","zzzz",1622653023143089856,1622653023509490001,10223,16039,48117
27,"cube-886-bin","post",1622653023509499590,1622653023510585633
27,"cube-1403-bin.cgns","prep",1622653023510623114,1622653023532002261
27,"cube-1403-bin.cgns","zzzz",1622653023532006508,1622653024606727532,22540,33841,101523
27,"cube-1403-bin.cgns","post",1622653024606736758,1622653024606780675
27,"cube-3960-bin","prep",1622653024606881589,1622653024619843855
27,"cube-3960-bin","zzzz",1622653024619848556,1622653025942110552,26057,39059,117177
27,"cube-3960-bin","post",1622653025942120395,1622653025944582912
27,"cube-839-bin","prep",1622653025944623474,1622653025946288108
27,"cube-839-bin","zzzz",1622653025946290145,1622653026032904192,3553,5858,17574
27,"cube-839-bin","post",1622653026032913927,1622653026033293069
27,"cube-213-bin","prep",1622653026033546486,1622653026033752717
27,"cube-213-bin","zzzz",1622653026033754284,1622653026035514853,141,314,942
27,"cube-213-bin","post",1622653026035520362,1622653026035624262
27,"cube-1411-bin","prep",1622653026035636911,1622653026036102583
27,"cube-1411-bin","zzzz",1622653026036104171,1622653026047237623,679,1300,3900
27,"cube-1411-bin","post",1622653026047253494,1622653026047438885
27,"cube-224-asc","prep",1622653026047455715,1622653026126924693
27,"cube-224-asc","zzzz",1622653026126930268,1622653037550197884,120180,171097,513291
27,"cube-224-asc","post",1622653037550207224,1622653037584730193
27,"cube-2063-bin","prep",1622653037584773736,1622653038219845548
27,"cube-2063-bin","zzzz",1622653038219851135,1622653363831289693,1272279,1743804,5231412
27,"cube-2063-bin","post",1622653363831303441,1622653363932307048
27,"cube-1139-bin","prep",1622653363932366177,1622653363932652942
27,"cube-1139-bin","zzzz",1622653363932654552,1622653363936034113,250,521,1563
27,"cube-1139-bin","post",1622653363936044271,1622653363936227637
27,"cube-1907-geo","mesh",1622653363936270638,1622653363966208195
27,"cube-1907-geo","prep",1622653363967019341,1622653363967979794
27,"cube-1907-geo","zzzz",1622653363967981674,1622653363993290865,1322,2415,7245
27,"cube-1907-geo","post",1622653363993300659,1622653363993776379
27,"cube-60-geo","mesh",1622653363993935728,1622653391829349775
27,"cube-60-geo","prep",1622653392086080440,1622653394203786167
27,"cube-60-geo","zzzz",1622653394203792326,1622654153613062815,2417216,3291064,9873192
27,"cube-60-geo","post",1622654153613076327,1622654154565419974
27,"cube-1560-geo","mesh",1622654154566340487,1622654154704119938
27,"cube-1560-geo","prep",1622654154704919087,1622654154705830817
27,"cube-1560-geo","zzzz",1622654154705833490,1622654154728562885,1246,2227,6681
27,"cube-1560-geo","post",1622654154728572634,1622654154729383065
27,"cube-2124-asc","prep",1622654154729622646,1622654154737243707
27,"cube-2124-asc","zzzz",1622654154737245791,1622654155321296053,14396,22174,66522
27,"cube-2124-asc","post",1622654155321305981,1622654155323810709
27,"cube-388-geo","mesh",1622654155323830408,1622654172288036923
27,"cube-388-geo","prep",1622654172288856520,1622654174004545017
27,"cube-388-geo","zzzz",1622654174004550880,1622654566949712650,1467157,2007818,6023454
27,"cube-388-geo","post",1622654566949728916,1622654567601577769
27,"cube-2302-bin.cgns","prep",1622654567602101259,1622654567722243030
27,"cube-2302-bin.cgns","zzzz",1622654567722248772,1622654576117966031,96887,138839,416517
27,"cube-2302-bin.cgns","post",1622654576117980646,1622654576118092979
27,"cube-2881-asc","prep",1622654576118269652,1622654576129148191
27,"cube-2881-asc","zzzz",1622654576129150569,1622654576146382729,1024,1807,5421
27,"cube-2881-asc","post",1622654576146392642,1622654576147020418
27,"cube-3608-asc","prep",1622654576147127090,1622654576152317897
27,"cube-3608-asc","zzzz",1622654576152319880,1622654576512895907,10078,15861,47583
27,"cube-3608-asc","post",1622654576512905811,1622654576514462018
27,"cube-1160-bin","prep",1622654576514477217,1622654577349548081
27,"cube-1160-bin","zzzz",1622654577349554207,1622654996170339563,1539279,2106178,6318534
27,"cube-1160-bin","post",1622654996170406908,1622654996297808323
27,"cube-1486-bin.cgns","prep",1622654996297876317,1622654996351952716
27,"cube-1486-bin.cgns","zzzz",1622654996351957253,1622654999018499382,42995,63308,189924
27,"cube-1486-bin.cgns","post",1622654999018507333,1622654999018569876
27,"cube-2031-stl-bin","mesh",1622654999018670335,1622654999060586217
27,"cube-2031-stl-bin","prep",1622654999061427769,1622654999064019373
27,"cube-2031-stl-bin","zzzz",1622654999064022072,1622654999200437203,3571,8052,24156
27,"cube-2031-stl-bin","post",1622654999200445446,1622654999202452764
27,"cube-3576-bin","prep",1622654999203505741,1622654999472015908
27,"cube-3576-bin","zzzz",1622654999472022498,1622655090305494439,496227,689453,2068359
27,"cube-3576-bin","post",1622655090305501634,1622655090348693485
27,"cube-2395-bin","prep",1622655090348726692,1622655090351078252
27,"cube-2395-bin","zzzz",1622655090351080437,1622655090484080839,4904,7911,23733
27,"cube-2395-bin","post",1622655090484096996,1622655090484569486
27,"cube-2028-bin","prep",1622655090484594822,1622655090486557524
27,"cube-2028-bin","zzzz",1622655090486559579,1622655090617445021,4830,7822,23466
27,"cube-2028-bin","post",1622655090617452911,1622655090617980400
27,"cube-1487-bin","prep",1622655090618032701,1622655090618339193
27,"cube-1487-bin","zzzz",1622655090618340523,1622655090623160026,330,687,2061
27,"cube-1487-bin","post",1622655090623175825,1622655090623270747
27,"cube-2879-stl-bin","mesh",1622655090623286427,1622655102698341299
27,"cube-2879-stl-bin","prep",1622655103257199337,1622655104191042869
27,"cube-2879-stl-bin","zzzz",1622655104191049932,1622655405367743092,1118433,1644729,4934187
27,"cube-2879-stl-bin","post",1622655405367757527,1622655405984067801
27,"cube-1561-bin.cgns","prep",1622655405984106139,1622655406119194778
27,"cube-1561-bin.cgns","zzzz",1622655406119201754,1622655406141445366,1233,2192,6576
27,"cube-1561-bin.cgns","post",1622655406141460973,1622655406141493871
27,"cube-3720-geo","mesh",1622655406141577967,1622655406165832074
27,"cube-3720-geo","prep",1622655406166702346,1622655406166997058
27,"cube-3720-geo","zzzz",1622655406166998989,1622655406170145897,230,495,1485
27,"cube-3720-geo","post",1622655406170150629,1622655406170427363
27,"cube-2687-asc","prep",1622655406170441287,1622655406247582532
27,"cube-2687-asc","zzzz",1622655406247587844,1622655422756613701,155236,219711,659133
27,"cube-2687-asc","post",1622655422756626892,1622655422770806997
27,"cube-2603-stl-bin","mesh",1622655422771181957,1622655422778320117
27,"cube-2603-stl-bin","prep",1622655422779175533,1622655422779597115
27,"cube-2603-stl-bin","zzzz",1622655422779599549,1622655422789032732,336,1145,3435
27,"cube-2603-stl-bin","post",1622655422789042999,1622655422789295031
27,"cube-2403-geo","mesh",1622655422789325728,1622655422802348274
27,"cube-2403-geo","prep",1622655422803078315,1622655422803405042
27,"cube-2403-geo","zzzz",1622655422803406767,1622655422808616438,347,728,2184
27,"cube-2403-geo","post",1622655422808626342,1622655422809130131
27,"cube-1986-bin","prep",1622655422809143942,1622655422884953815
27,"cube-1986-bin","zzzz",1622655422884959507,1622655436894820767,138811,196536,589608
27,"cube-1986-bin","post",1622655436894835448,1622655436907471012
27,"cube-901-geo","mesh",1622655436907501455,1622655436968887478
27,"cube-901-geo","prep",1622655436969688095,1622655436971349757
27,"cube-901-geo","zzzz",1622655436971352390,1622655437057370505,3540,5829,17487
27,"cube-901-geo","post",1622655437057380679,1622655437058394034
27,"cube-2491-bin","prep",1622655437058848790,1622655437192458601
27,"cube-2491-bin","zzzz",1622655437192464510,1622655469241963609,244794,343682,1031046
27,"cube-2491-bin","post",1622655469241978174,1622655469281813187
27,"cube-215-asc","prep",1622655469281855699,1622655469304173052
27,"cube-215-asc","zzzz",1622655469304177833,1622655471916402155,42315,62388,187164
27,"cube-215-asc","post",1622655471916414550,1622655471919859774
27,"cube-1056-asc","prep",1622655471919892558,1622655471986966728
27,"cube-1056-asc","zzzz",1622655471986972564,1622655481751527597,107389,153867,461601
27,"cube-1056-asc","post",1622655481751541175,1622655481798443046
27,"cube-396-bin","prep",1622655481798480233,1622655481803205782
27,"cube-396-bin","zzzz",1622655481803208345,1622655481820428795,1022,1806,5418
27,"cube-396-bin","post",1622655481820438966,1622655481820912110
27,"cube-986-bin","prep",1622655481821225662,1622655481821709426
27,"cube-986-bin","zzzz",1622655481821710976,1622655481825780135,293,602,1806
27,"cube-986-bin","post",1622655481825790143,1622655481826046676
27,"cube-2657-geo","mesh",1622655481826077466,1622655484040075194
27,"cube-2657-geo","prep",1622655484040913092,1622655484280474432
27,"cube-2657-geo","zzzz",1622655484280479901,1622655503636897988,172802,244691,734073
27,"cube-2657-geo","post",1622655503636907545,1622655503788712870
27,"cube-1322-asc","prep",1622655503798569833,1622655504073522973
27,"cube-1322-asc","zzzz",1622655504073528711,1622655586511718061,464759,646439,1939317
27,"cube-1322-asc","post",1622655586511732249,1622655586570059514
27,"cube-1317-bin","prep",1622655586570104222,1622655586674739052
27,"cube-1317-bin","zzzz",1622655586674745406,1622655607433116978,181616,256527,769581
27,"cube-1317-bin","post",1622655607433131917,1622655607449686320
27,"cube-2770-geo","mesh",1622655607449716980,1622655607563914514
27,"cube-2770-geo","prep",1622655607564688288,1622655607567554932
27,"cube-2770-geo","zzzz",1622655607567556976,1622655607678235761,4252,6956,20868
27,"cube-2770-geo","post",1622655607678245880,1622655607679993756
27,"cube-1528-asc","prep",1622655607680268692,1622655608393874838
27,"cube-1528-asc","zzzz",1622655608393881156,1622655953183512211,1328060,1820299,5460897
27,"cube-1528-asc","post",1622655953183519692,1622655953293626345
27,"cube-1938-geo","mesh",1622655953293668494,1622655953428098230
27,"cube-1938-geo","prep",1622655953428867647,1622655953434928889
27,"cube-1938-geo","zzzz",1622655953434931412,1622655953747433250,9095,14369,43107
27,"cube-1938-geo","post",1622655953747443300,1622655953749774306
27,"cube-2702-bin","prep",1622655953750177347,1622655953752576260
27,"cube-2702-bin","zzzz",1622655953752578329,1622655953842927240,3681,6036,18108
27,"cube-2702-bin","post",1622655953842937343,1622655953843865498
27,"cube-2226-asc","prep",1622655953843885489,1622655953844240393
27,"cube-2226-asc","zzzz",1622655953844241569,1622655953852112617,498,998,2994
27,"cube-2226-asc","post",1622655953852122495,1622655953852519232
27,"cube-2086-geo","mesh",1622655953852531303,1622655954455674037
27,"cube-2086-geo","prep",1622655954456515696,1622655954520432413
27,"cube-2086-geo","zzzz",1622655954520437666,1622655957562854848,47161,69344,208032
27,"cube-2086-geo","post",1622655957562866165,1622655957592208471
27,"cube-3651-asc","prep",1622655957594560035,1622655957621260114
27,"cube-3651-asc","zzzz",1622655957621264094,1622655959228346246,30109,44683,134049
27,"cube-3651-asc","post",1622655959228383203,1622655959236533944
27,"cube-1039-geo","mesh",1622655959236584281,1622655959943123323
27,"cube-1039-geo","prep",1622655959943975498,1622655960018435959
27,"cube-1039-geo","zzzz",1622655960018440357,1622655963966084561,56565,82826,248478
27,"cube-1039-geo","post",1622655963966096636,1622655964007381121
27,"cube-932-geo","mesh",1622655964007411593,1622655981728971027
27,"cube-932-geo","prep",1622655981729777003,1622655983470097941
27,"cube-932-geo","zzzz",1622655983470103491,1622656390542018043,1506307,2061727,6185181
27,"cube-932-geo","post",1622656390542031385,1622656391188561369
27,"cube-1838-geo","mesh",1622656391188654982,1622656391364901120
27,"cube-1838-geo","prep",1622656391365673434,1622656391368473019
27,"cube-1838-geo","zzzz",1622656391368475545,1622656391528596702,5619,9007,27021
27,"cube-1838-geo","post",1622656391528612052,1622656391530252414
27,"cube-3516-bin","prep",1622656391530270132,1622656391552426889
27,"cube-3516-bin","zzzz",1622656391552429880,1622656394202712462,42792,63054,189162
27,"cube-3516-bin","post",1622656394202722751,1622656394205913651
27,"cube-240-asc","prep",1622656394205939112,1622656395047414461
27,"cube-240-asc","zzzz",1622656395047421646,1622656832755693779,1591431,2177037,6531111
27,"cube-240-asc","post",1622656832755701121,1622656832956397508
27,"cube-3750-asc","prep",1622656832956456277,1622656832986558392
27,"cube-3750-asc","zzzz",1622656832986565036,1622656836734020502,54612,79984,239952
27,"cube-3750-asc","post",1622656836734030348,1622656836738983868
27,"cube-3137-asc","prep",1622656836739017110,1622656837178323259
27,"cube-3137-asc","zzzz",1622656837178329863,1622657004279257755,767864,1057311,3171933
27,"cube-3137-asc","post",1622657004279268888,1622657004345532255
27,"cube-3086-bin","prep",1622657004345580334,1622657004346915344
27,"cube-3086-bin","zzzz",1622657004346918212,1622657004379932836,1645,2954,8862
27,"cube-3086-bin","post",1622657004379934338,1622657004380993564
27,"cube-3122-asc","prep",1622657004381029084,1622657004382604618
27,"cube-3122-asc","zzzz",1622657004382606091,1622657004394812193,744,1393,4179
27,"cube-3122-asc","post",1622657004394816966,1622657004395086818
27,"cube-276-asc","prep",1622657004395099972,1622657004395932672
27,"cube-276-asc","zzzz",1622657004395934357,1622657004401589200,371,776,2328
27,"cube-276-asc","post",1622657004401593872,1622657004401716394
27,"cube-3109-bin","prep",1622657004401728530,1622657004441675797
27,"cube-3109-bin","zzzz",1622657004441682012,1622657009349828102,66159,96143,288429
27,"cube-3109-bin","post",1622657009349848273,1622657009371854309
27,"cube-1983-stl-bin","mesh",1622657009371887849,1622657009393884844
27,"cube-1983-stl-bin","prep",1622657009394741209,1622657009395743081
27,"cube-1983-stl-bin","zzzz",1622657009395745496,1622657009454941295,1645,4485,13455
27,"cube-1983-stl-bin","post",1622657009454946286,1622657009455287759
27,"cube-779-bin","prep",1622657009455318637,1622657009455850480
27,"cube-779-bin","zzzz",1622657009455852064,1622657009463512342,485,978,2934
27,"cube-779-bin","post",1622657009463517431,1622657009463593980
27,"cube-2593-bin","prep",1622657009463605271,1622657009464782591
27,"cube-2593-bin","zzzz",1622657009464784614,1622657009523981100,2630,4485,13455
27,"cube-2593-bin","post",1622657009523986856,1622657009524242669
27,"cube-3901-geo","mesh",1622657009524256385,1622657009533729739
27,"cube-3901-geo","prep",1622657009534600667,1622657009534799097
27,"cube-3901-geo","zzzz",1622657009534800833,1622657009538543002,270,565,1695
27,"cube-3901-geo","post",1622657009538547808,1622657009538710833
27,"cube-3208-bin","prep",1622657009538723954,1622657009540049127
27,"cube-3208-bin","zzzz",1622657009540454184,1622657009597428526,2552,4371,13113
27,"cube-3208-bin","post",1622657009597433634,1622657009597717822
27,"cube-2338-asc","prep",1622657009597730539,1622657010129910714
27,"cube-2338-asc","zzzz",1622657010129916508,1622657230172550227,945592,1299743,3899229
27,"cube-2338-asc","post",1622657230172565471,1622657230255276218
27,"cube-1768-geo","mesh",1622657230255316919,1622657230264121913
27,"cube-1768-geo","prep",1622657230265044885,1622657230265215420
27,"cube-1768-geo","zzzz",1622657230265217452,1622657230267420264,166,375,1125
27,"cube-1768-geo","post",1622657230267425109,1622657230267565809
27,"cube-457-bin","prep",1622657230267578534,1622657230414102381
27,"cube-457-bin","zzzz",1622657230414109066,1622657268699713307,275948,387319,1161957
27,"cube-457-bin","post",1622657268699731297,1622657268724454412
27,"Proc","exit_task",1622650751065510614,1622657268746936103,4921156
