1,"build/tests/sizes/cube-3286-asc.bdf","scan",1622650769589208892,1622650769626474712
1,"build/tests/sizes/cube-3286-asc.bdf","chck",1622650769587411945,1622650769626596769
1,"build/tests/sizes/cube-2963-bin.msh2","scan",1622650769628052591,1622650769724242686
1,"build/tests/sizes/cube-2963-bin.msh2","chck",1622650769626598094,1622650769724247828
1,"build/tests/sizes/cube-2739-geo.geo","scan",1622650769725454760,1622650769728409843
1,"build/tests/sizes/cube-2739-geo.geo","chck",1622650769724248867,1622650769728415660
1,"build/tests/sizes/cube-2595-asc.msh2","scan",1622650769730586910,1622650771950842937
1,"build/tests/sizes/cube-2595-asc.msh2","chck",1622650769728416654,1622650771950866804
1,"build/tests/sizes/cube-737-bin.msh2","scan",1622650771952471098,1622650771974815888
1,"build/tests/sizes/cube-737-bin.msh2","chck",1622650771950868023,1622650771974821634
1,"build/tests/sizes/cube-2440-asc.bdf","scan",1622650771975452574,1622650771977517063
1,"build/tests/sizes/cube-2440-asc.bdf","chck",1622650771974822680,1622650771977521327
1,"build/tests/sizes/cube-2616-bin.msh4","scan",1622650771978098075,1622650771984627059
1,"build/tests/sizes/cube-2616-bin.msh4","chck",1622650771977522353,1622650771984633362
1,"build/tests/sizes/cube-2435-bin.msh2","scan",1622650771985276678,1622650771996934586
1,"build/tests/sizes/cube-2435-bin.msh2","chck",1622650771984634372,1622650771996940603
1,"build/tests/sizes/cube-3939-asc.mesh","scan",1622650771997556107,1622650772003256394
1,"build/tests/sizes/cube-3939-asc.mesh","chck",1622650771996941819,1622650772003260812
1,"build/tests/sizes/cube-2310-asc.mesh","scan",1622650772003835755,1622650772063807520
1,"build/tests/sizes/cube-2310-asc.mesh","chck",1622650772003261774,1622650772063815682
1,"build/tests/sizes/cube-3386-bin.msh4","scan",1622650772064575696,1622650772067312518
1,"build/tests/sizes/cube-3386-bin.msh4","chck",1622650772063816949,1622650772067318711
1,"build/tests/sizes/cube-2536-asc.mesh","scan",1622650772067988623,1622650772073323520
1,"build/tests/sizes/cube-2536-asc.mesh","chck",1622650772067319801,1622650772073330017
1,"build/tests/sizes/cube-3405-bin.cgns","scan",1622650772078257390,1622650772138585939
1,"build/tests/sizes/cube-3405-bin.cgns","chck",1622650772073331138,1622650772138593391
1,"build/tests/sizes/cube-1802-bin.msh2","scan",1622650772160855689,1622650772229629797
1,"build/tests/sizes/cube-1802-bin.msh2","chck",1622650772138594604,1622650772229636821
1,"build/tests/sizes/cube-3981-stl-bin.geo","scan",1622650772230230602,1622650772289887573
1,"build/tests/sizes/cube-3981-stl-bin.geo","chck",1622650772229638066,1622650772289894994
1,"build/tests/sizes/cube-147-asc.bdf","scan",1622650772301018519,1622650772340290130
1,"build/tests/sizes/cube-147-asc.bdf","chck",1622650772289896806,1622650772340296882
1,"build/tests/sizes/cube-3106-geo.geo","scan",1622650772340874302,1622650772342247091
1,"build/tests/sizes/cube-3106-geo.geo","chck",1622650772340297900,1622650772342251473
1,"build/tests/sizes/cube-1257-asc.mesh","scan",1622650772343319186,1622650772347756823
1,"build/tests/sizes/cube-1257-asc.mesh","chck",1622650772342252429,1622650772347761414
1,"build/tests/sizes/cube-777-geo.geo","scan",1622650772348899145,1622650772350163083
1,"build/tests/sizes/cube-777-geo.geo","chck",1622650772347762328,1622650772350166282
1,"build/tests/sizes/cube-3108-asc.msh2","scan",1622650772350707969,1622650772358243735
1,"build/tests/sizes/cube-3108-asc.msh2","chck",1622650772350167488,1622650772358247853
1,"build/tests/sizes/cube-158-stl-bin.geo","scan",1622650772359343710,1622650772392172166
1,"build/tests/sizes/cube-158-stl-bin.geo","chck",1622650772358248901,1622650772392180344
1,"build/tests/sizes/cube-2003-bin.msh2","scan",1622650772392747042,1622650773488592592
1,"build/tests/sizes/cube-2003-bin.msh2","chck",1622650772392181997,1622650773488615180
1,"build/tests/sizes/cube-3114-bin.msh2","scan",1622650773489410766,1622650773495377885
1,"build/tests/sizes/cube-3114-bin.msh2","chck",1622650773488616477,1622650773495384951
1,"build/tests/sizes/cube-42-asc.mesh","scan",1622650773513586997,1622650773521662289
1,"build/tests/sizes/cube-42-asc.mesh","chck",1622650773495386049,1622650773521671944
1,"build/tests/sizes/cube-2134-asc.mesh","scan",1622650773523435808,1622650776428730384
1,"build/tests/sizes/cube-2134-asc.mesh","chck",1622650773521672995,1622650776428760560
1,"build/tests/sizes/cube-2930-asc.bdf","scan",1622650776429742262,1622650776433297777
1,"build/tests/sizes/cube-2930-asc.bdf","chck",1622650776428762032,1622650776433303451
1,"build/tests/sizes/cube-1834-asc.bdf","scan",1622650776434408188,1622650777663031024
1,"build/tests/sizes/cube-1834-asc.bdf","chck",1622650776433304443,1622650777663037454
1,"build/tests/sizes/cube-2937-stl-bin.geo","scan",1622650777663753548,1622650777713191734
1,"build/tests/sizes/cube-2937-stl-bin.geo","chck",1622650777663038625,1622650777713199334
1,"build/tests/sizes/cube-853-bin.vtk","scan",1622650777714234901,1622650777719303192
1,"build/tests/sizes/cube-853-bin.vtk","chck",1622650777713200835,1622650777719308792
1,"build/tests/sizes/cube-1062-bin.msh4","scan",1622650777720535945,1622650777827413709
1,"build/tests/sizes/cube-1062-bin.msh4","chck",1622650777719309996,1622650777827421077
1,"build/tests/sizes/cube-1909-bin.msh4","scan",1622650777847445622,1622650777890294341
1,"build/tests/sizes/cube-1909-bin.msh4","chck",1622650777827422276,1622650777890301513
1,"build/tests/sizes/cube-3873-geo.geo_unrolled","scan",1622650777890952038,1622650777893052085
1,"build/tests/sizes/cube-3873-geo.geo_unrolled","chck",1622650777890302841,1622650777893063924
1,"build/tests/sizes/cube-2019-bin.cgns","scan",1622650777915587562,1622650778021471609
1,"build/tests/sizes/cube-2019-bin.cgns","chck",1622650777893065007,1622650778021479463
1,"build/tests/sizes/cube-1950-asc.msh2","scan",1622650778022506397,1622650778129297596
1,"build/tests/sizes/cube-1950-asc.msh2","chck",1622650778021480652,1622650778129305383
1,"build/tests/sizes/cube-3884-geo.geo","scan",1622650778130037710,1622650778131340347
1,"build/tests/sizes/cube-3884-geo.geo","chck",1622650778129306602,1622650778131345467
1,"build/tests/sizes/cube-2505-asc.bdf","scan",1622650778131904415,1622650778183024841
1,"build/tests/sizes/cube-2505-asc.bdf","chck",1622650778131346550,1622650778183031812
1,"build/tests/sizes/cube-3574-bin.msh4","scan",1622650778183606265,1622650778249751444
1,"build/tests/sizes/cube-3574-bin.msh4","chck",1622650778183032933,1622650778249759500
1,"build/tests/sizes/cube-2929-bin.cgns","scan",1622650778253440916,1622650778315265802
1,"build/tests/sizes/cube-2929-bin.cgns","chck",1622650778249760740,1622650778315272416
1,"build/tests/sizes/cube-3442-bin.vtk","scan",1622650778316117689,1622650778326076443
1,"build/tests/sizes/cube-3442-bin.vtk","chck",1622650778315273757,1622650778326081798
1,"build/tests/sizes/cube-1426-asc.bdf","scan",1622650778327195137,1622650778659696215
1,"build/tests/sizes/cube-1426-asc.bdf","chck",1622650778326082872,1622650778659704040
1,"build/tests/sizes/cube-1414-asc.msh2","scan",1622650778664640891,1622650795419189136
1,"build/tests/sizes/cube-1414-asc.msh2","chck",1622650778659705268,1622650795419207503
1,"build/tests/sizes/cube-3221-asc.bdf","scan",1622650795422461304,1622650796576851744
1,"build/tests/sizes/cube-3221-asc.bdf","chck",1622650795419208970,1622650796576859933
1,"build/tests/sizes/cube-3572-geo.geo_unrolled","scan",1622650796577713221,1622650796616702936
1,"build/tests/sizes/cube-3572-geo.geo_unrolled","chck",1622650796576861598,1622650796616710911
1,"build/tests/sizes/cube-238-asc.msh2","scan",1622650796638240897,1622650796738977457
1,"build/tests/sizes/cube-238-asc.msh2","chck",1622650796616712101,1622650796738984575
1,"build/tests/sizes/cube-365-asc.mesh","scan",1622650796760347291,1622650800095225989
1,"build/tests/sizes/cube-365-asc.mesh","chck",1622650796738985932,1622650800095233138
1,"build/tests/sizes/cube-2646-stl-bin.geo","scan",1622650800095998844,1622650800098942482
1,"build/tests/sizes/cube-2646-stl-bin.geo","chck",1622650800095234397,1622650800098948647
1,"build/tests/sizes/cube-3351-asc.bdf","scan",1622650800099524100,1622650800148496150
1,"build/tests/sizes/cube-3351-asc.bdf","chck",1622650800098949885,1622650800148772760
1,"build/tests/sizes/cube-176-bin.vtk","scan",1622650800165472406,1622650800208772482
1,"build/tests/sizes/cube-176-bin.vtk","chck",1622650800148774784,1622650800208778739
1,"build/tests/sizes/cube-1185-asc.mesh","scan",1622650800226199309,1622650800259108831
1,"build/tests/sizes/cube-1185-asc.mesh","chck",1622650800208779807,1622650800259116189
1,"build/tests/sizes/cube-1831-bin.cgns","scan",1622650800277976497,1622650800414906003
1,"build/tests/sizes/cube-1831-bin.cgns","chck",1622650800259117494,1622650800414913126
1,"build/tests/sizes/cube-3789-bin.msh4","scan",1622650800415618706,1622650800421892117
1,"build/tests/sizes/cube-3789-bin.msh4","chck",1622650800414914482,1622650800421898420
1,"build/tests/sizes/cube-3844-asc.bdf","scan",1622650800422604290,1622650800430454358
1,"build/tests/sizes/cube-3844-asc.bdf","chck",1622650800421899509,1622650800430460835
1,"build/tests/sizes/cube-3465-geo.geo_unrolled","scan",1622650800431029030,1622650800432230682
1,"build/tests/sizes/cube-3465-geo.geo_unrolled","chck",1622650800430461825,1622650800432235290
1,"build/tests/sizes/cube-299-bin.msh4","scan",1622650800441830362,1622650800641826673
1,"build/tests/sizes/cube-299-bin.msh4","chck",1622650800432236231,1622650800641841796
1,"build/tests/sizes/cube-2898-asc.msh2","scan",1622650800642642540,1622650808498080882
1,"build/tests/sizes/cube-2898-asc.msh2","chck",1622650800641843078,1622650808498110309
1,"build/tests/sizes/cube-3284-bin.msh4","scan",1622650808503072033,1622650808715343673
1,"build/tests/sizes/cube-3284-bin.msh4","chck",1622650808498111595,1622650808715349421
1,"build/tests/sizes/cube-3762-geo.geo_unrolled","scan",1622650808715950244,1622650808717074135
1,"build/tests/sizes/cube-3762-geo.geo_unrolled","chck",1622650808715350414,1622650808717079144
1,"build/tests/sizes/cube-3983-asc.msh2","scan",1622650808717595320,1622650808755025778
1,"build/tests/sizes/cube-3983-asc.msh2","chck",1622650808717080198,1622650808755032622
1,"build/tests/sizes/cube-1972-asc.bdf","scan",1622650808755594720,1622650809122682001
1,"build/tests/sizes/cube-1972-asc.bdf","chck",1622650808755033963,1622650809122690723
1,"build/tests/sizes/cube-210-asc.msh2","scan",1622650809137673811,1622650809183955559
1,"build/tests/sizes/cube-210-asc.msh2","chck",1622650809122691965,1622650809183962714
1,"build/tests/sizes/cube-1502-bin.vtk","scan",1622650809281396469,1622650809305186577
1,"build/tests/sizes/cube-1502-bin.vtk","chck",1622650809183963922,1622650809305193404
1,"build/tests/sizes/cube-3166-bin.cgns","scan",1622650809309923715,1622650809371223099
1,"build/tests/sizes/cube-3166-bin.cgns","chck",1622650809305194844,1622650809371230453
1,"build/tests/sizes/cube-3104-asc.msh2","scan",1622650809372054836,1622650819112254397
1,"build/tests/sizes/cube-3104-asc.msh2","chck",1622650809371231620,1622650819112262072
1,"build/tests/sizes/cube-3892-bin.msh4","scan",1622650819116740701,1622650819244868818
1,"build/tests/sizes/cube-3892-bin.msh4","chck",1622650819112263203,1622650819244883969
1,"build/tests/sizes/cube-225-bin.vtk","scan",1622650819266667563,1622650819291864749
1,"build/tests/sizes/cube-225-bin.vtk","chck",1622650819244885175,1622650819291871351
1,"build/tests/sizes/cube-3067-stl-bin.geo","scan",1622650819292475078,1622650819311282514
1,"build/tests/sizes/cube-3067-stl-bin.geo","chck",1622650819291872478,1622650819311287690
1,"build/tests/sizes/cube-3189-bin.msh2","scan",1622650819311830151,1622650824541171107
1,"build/tests/sizes/cube-3189-bin.msh2","chck",1622650819311288735,1622650824541178838
1,"build/tests/sizes/cube-607-bin.msh4","scan",1622650824556634941,1622650824837894125
1,"build/tests/sizes/cube-607-bin.msh4","chck",1622650824541179972,1622650824837900981
1,"build/tests/sizes/cube-3907-geo.geo","scan",1622650824838659082,1622650824840016341
1,"build/tests/sizes/cube-3907-geo.geo","chck",1622650824837902104,1622650824840021192
1,"build/tests/sizes/cube-3776-bin.vtk","scan",1622650824840566440,1622650824847721083
1,"build/tests/sizes/cube-3776-bin.vtk","chck",1622650824840022208,1622650824847724958
1,"build/tests/sizes/cube-3338-bin.cgns","scan",1622650824852012035,1622650824913050905
1,"build/tests/sizes/cube-3338-bin.cgns","chck",1622650824847725771,1622650824913058008
1,"build/tests/sizes/cube-139-bin.msh4","scan",1622650824927627120,1622650824951481440
1,"build/tests/sizes/cube-139-bin.msh4","chck",1622650824913059191,1622650824951487413
1,"build/tests/sizes/cube-2138-geo.geo_unrolled","scan",1622650824984422510,1622650824985625215
1,"build/tests/sizes/cube-2138-geo.geo_unrolled","chck",1622650824951488738,1622650824985631083
1,"build/tests/sizes/cube-2519-bin.msh4","scan",1622650824986163281,1622650825009168244
1,"build/tests/sizes/cube-2519-bin.msh4","chck",1622650824985632635,1622650825009174184
1,"build/tests/sizes/cube-3451-bin.msh4","scan",1622650825009801484,1622650826042838863
1,"build/tests/sizes/cube-3451-bin.msh4","chck",1622650825009175479,1622650826042846040
1,"build/tests/sizes/cube-1563-bin.vtk","scan",1622650826053367713,1622650826062248715
1,"build/tests/sizes/cube-1563-bin.vtk","chck",1622650826042847163,1622650826062254841
1,"build/tests/sizes/cube-699-asc.bdf","scan",1622650826063365477,1622650826134895722
1,"build/tests/sizes/cube-699-asc.bdf","chck",1622650826062255918,1622650826134903584
1,"build/tests/sizes/cube-165-bin.cgns","scan",1622650826163472013,1622650826288995133
1,"build/tests/sizes/cube-165-bin.cgns","chck",1622650826134904778,1622650826289000911
1,"build/tests/sizes/cube-3301-bin.cgns","scan",1622650826294201402,1622650826359663152
1,"build/tests/sizes/cube-3301-bin.cgns","chck",1622650826289002348,1622650826359669681
1,"build/tests/sizes/cube-2843-asc.msh2","scan",1622650826360311917,1622650841172983568
1,"build/tests/sizes/cube-2843-asc.msh2","chck",1622650826359670885,1622650841175503129
1,"build/tests/sizes/cube-105-bin.msh2","scan",1622650841201081907,1622650841497647156
1,"build/tests/sizes/cube-105-bin.msh2","chck",1622650841175505844,1622650841497652997
1,"build/tests/sizes/cube-3829-asc.bdf","scan",1622650841498225832,1622650841780921662
1,"build/tests/sizes/cube-3829-asc.bdf","chck",1622650841497654002,1622650841780929152
1,"build/tests/sizes/cube-3141-geo.geo_unrolled","scan",1622650841781703733,1622650841792969468
1,"build/tests/sizes/cube-3141-geo.geo_unrolled","chck",1622650841780930216,1622650841792975703
1,"build/tests/sizes/cube-840-asc.msh2","scan",1622650841810048360,1622650846985181268
1,"build/tests/sizes/cube-840-asc.msh2","chck",1622650841792976736,1622650846985189553
1,"build/tests/sizes/cube-1821-asc.bdf","scan",1622650846995521476,1622650847004931673
1,"build/tests/sizes/cube-1821-asc.bdf","chck",1622650846985190654,1622650847004937087
1,"build/tests/sizes/cube-1088-bin.msh2","scan",1622650847007478026,1622650847201548459
1,"build/tests/sizes/cube-1088-bin.msh2","chck",1622650847004938157,1622650847201555614
1,"build/tests/sizes/cube-3872-bin.vtk","scan",1622650847202182888,1622650847203247706
1,"build/tests/sizes/cube-3872-bin.vtk","chck",1622650847201556948,1622650847203252005
1,"build/tests/sizes/cube-1305-bin.msh4","scan",1622650847204784029,1622650847240962435
1,"build/tests/sizes/cube-1305-bin.msh4","chck",1622650847203252833,1622650847240969154
1,"build/tests/sizes/cube-1182-asc.bdf","scan",1622650847259120870,1622650847297390844
1,"build/tests/sizes/cube-1182-asc.bdf","chck",1622650847240970331,1622650847297396050
1,"build/tests/sizes/cube-1439-stl-bin.geo","scan",1622650847309866222,1622650847614584509
1,"build/tests/sizes/cube-1439-stl-bin.geo","chck",1622650847297397112,1622650847614591524
1,"build/tests/sizes/cube-2597-bin.cgns","scan",1622650847619935521,1622650847678615721
1,"build/tests/sizes/cube-2597-bin.cgns","chck",1622650847614592699,1622650847678622623
1,"build/tests/sizes/cube-3637-geo.geo","scan",1622650847679331563,1622650847680757027
1,"build/tests/sizes/cube-3637-geo.geo","chck",1622650847678623775,1622650847680761454
1,"build/tests/sizes/cube-1356-asc.mesh","scan",1622650847682013092,1622650847684776906
1,"build/tests/sizes/cube-1356-asc.mesh","chck",1622650847680762536,1622650847684780731
1,"build/tests/sizes/cube-574-bin.msh4","scan",1622650847697927262,1622650847860854917
1,"build/tests/sizes/cube-574-bin.msh4","chck",1622650847684912136,1622650847860861948
1,"build/tests/sizes/cube-843-bin.msh2","scan",1622650847877074812,1622650847900307896
1,"build/tests/sizes/cube-843-bin.msh2","chck",1622650847860863074,1622650847900314577
1,"build/tests/sizes/cube-3030-bin.cgns","scan",1622650847905652281,1622650847963279438
1,"build/tests/sizes/cube-3030-bin.cgns","chck",1622650847900315571,1622650847963286540
1,"build/tests/sizes/cube-2125-asc.bdf","scan",1622650847963939758,1622650848617058612
1,"build/tests/sizes/cube-2125-asc.bdf","chck",1622650847963287818,1622650848617066688
1,"build/tests/sizes/cube-2237-bin.cgns","scan",1622650848652189162,1622650848711950980
1,"build/tests/sizes/cube-2237-bin.cgns","chck",1622650848617067815,1622650848711958709
1,"build/tests/sizes/cube-2900-bin.msh4","scan",1622650848712729355,1622650849130639572
1,"build/tests/sizes/cube-2900-bin.msh4","chck",1622650848711959867,1622650849130645712
1,"build/tests/sizes/cube-2189-asc.msh2","scan",1622650849131722726,1622650853124261066
1,"build/tests/sizes/cube-2189-asc.msh2","chck",1622650849130647005,1622650853124275485
1,"cube-2189-asc","prep",1622650853125419230,1622650853414960668
1,"cube-2189-asc","zzzz",1622650853414971004,1622650959527716671,550977,764345,2293035
1,"cube-2189-asc","post",1622650959527735786,1622650959572007372
1,"cube-843-bin","prep",1622650959572276022,1622650959572721670
1,"cube-843-bin","zzzz",1622650959572724727,1622650959590788497,1028,1873,5619
1,"cube-843-bin","post",1622650959590793231,1622650959590906805
1,"cube-1305-bin","prep",1622650959590945547,1622650959621895582
1,"cube-1305-bin","zzzz",1622650959621900082,1622650965010799430,70808,102575,307725
1,"cube-1305-bin","post",1622650965010813844,1622650965017556795
1,"cube-2616-bin","prep",1622650965017626167,1622650965022228545
1,"cube-2616-bin","zzzz",1622650965022231030,1622650965228838779,6759,10771,32313
1,"cube-2616-bin","post",1622650965228849060,1622650965230307225
1,"cube-3829-asc","prep",1622650965230636551,1622650965255875890
1,"cube-3829-asc","zzzz",1622650965255879060,1622650967342258461,36256,53490,160470
1,"cube-3829-asc","post",1622650967342272193,1622650967354659710
1,"cube-3981-stl-bin","mesh",1622650967354708902,1622650967489748159
1,"cube-3981-stl-bin","prep",1622650967490547599,1622650967500592571
1,"cube-3981-stl-bin","zzzz",1622650967500596084,1622650968376731288,15107,29375,88125
1,"cube-3981-stl-bin","post",1622650968376741827,1622650968380101737
1,"cube-1909-bin","prep",1622650968380123417,1622650968390871011
1,"cube-1909-bin","zzzz",1622650968390873291,1622650969357817099,20909,31490,94470
1,"cube-1909-bin","post",1622650969357831072,1622650969360398750
1,"cube-3405-bin.cgns","prep",1622650969360544328,1622650969645022767
1,"cube-3405-bin.cgns","zzzz",1622650969645031083,1622651623497543587,2155989,2941636,8824908
1,"cube-3405-bin.cgns","post",1622651623497557772,1622651623497945408
1,"cube-1088-bin","prep",1622651623499438751,1622651623519871921
1,"cube-1088-bin","zzzz",1622651623519876118,1622651626168550831,42808,63041,189123
1,"cube-1088-bin","post",1622651626168571573,1622651626173580613
1,"cube-3884-geo","mesh",1622651626173620996,1622651626189715043
1,"cube-3884-geo","prep",1622651626190513309,1622651626190851073
1,"cube-3884-geo","zzzz",1622651626190853260,1622651626198532535,486,981,2943
1,"cube-3884-geo","post",1622651626198537701,1622651626198723574
1,"cube-2930-asc","prep",1622651626198739016,1622651626198982813
1,"cube-2930-asc","zzzz",1622651626198984099,1622651626202302351,247,516,1548
1,"cube-2930-asc","post",1622651626202317719,1622651626202381238
1,"cube-1414-asc","prep",1622651626202393562,1622651627571063712
1,"cube-1414-asc","zzzz",1622651627571071305,1622652375434625695,2390396,3253455,9760365
1,"cube-1414-asc","post",1622652375434636483,1622652375795735402
1,"cube-165-bin.cgns","prep",1622652375796592157,1622652375918834315
1,"cube-165-bin.cgns","zzzz",1622652375918839657,1622652375941944815,1257,2256,6768
1,"cube-165-bin.cgns","post",1622652375941959783,1622652375941995617
1,"cube-2519-bin","prep",1622652375942070469,1622652375966563361
1,"cube-2519-bin","zzzz",1622652375966567365,1622652379825384498,55675,81635,244905
1,"cube-2519-bin","post",1622652379825393612,1622652379830147044
1,"cube-3030-bin.cgns","prep",1622652379830195678,1622652379830805965
1,"cube-3030-bin.cgns","zzzz",1622652379830809547,1622652379848241117,1034,1823,5469
1,"cube-3030-bin.cgns","post",1622652379848248155,1622652379848287426
1,"cube-2125-asc","prep",1622652379848387383,1622652379890006719
1,"cube-2125-asc","zzzz",1622652379890011787,1622652386465638151,81432,117518,352554
1,"cube-2125-asc","post",1622652386465647607,1622652386472415620
1,"cube-3301-bin.cgns","prep",1622652386472458175,1622652386476110492
1,"cube-3301-bin.cgns","zzzz",1622652386476115406,1622652388824775063,39403,57980,173940
1,"cube-3301-bin.cgns","post",1622652388824784752,1622652388824825216
1,"cube-840-asc","prep",1622652388824915441,1622652389215232701
1,"cube-840-asc","zzzz",1622652389215238934,1622652533532051187,685721,947250,2841750
1,"cube-840-asc","post",1622652533532065214,1622652533655233810
1,"cube-2003-bin","prep",1622652533655277795,1622652533801916474
1,"cube-2003-bin","zzzz",1622652533801923979,1622652566524172908,248482,348572,1045716
1,"cube-2003-bin","post",1622652566524186846,1622652566561421477
1,"cube-853-bin","prep",1622652566561459465,1622652566576620834
1,"cube-853-bin","zzzz",1622652566576624156,1622652566631318679,2481,4242,12726
1,"cube-853-bin","post",1622652566631328980,1622652566631892651
1,"cube-2597-bin.cgns","prep",1622652566631979394,1622652566655393129
1,"cube-2597-bin.cgns","zzzz",1622652566655396092,1622652570374263684,54269,79564,238692
1,"cube-2597-bin.cgns","post",1622652570374274166,1622652570374330265
1,"cube-2505-asc","prep",1622652570374461572,1622652570377752451
1,"cube-2505-asc","zzzz",1622652570377754438,1622652570583432271,6722,10727,32181
1,"cube-2505-asc","post",1622652570583442170,1622652570584504146
1,"cube-1831-bin.cgns","prep",1622652570584548575,1622652570612158066
1,"cube-1831-bin.cgns","zzzz",1622652570612161628,1622652576531204439,75520,109407,328221
1,"cube-1831-bin.cgns","post",1622652576531214802,1622652576531268439
1,"cube-3907-geo","mesh",1622652576531389983,1622652584974515768
1,"cube-3907-geo","prep",1622652584975302389,1622652585914710052
1,"cube-3907-geo","zzzz",1622652585914715448,1622652744754714979,738754,1017874,3053622
1,"cube-3907-geo","post",1622652744754728779,1622652745149702487
1,"cube-3939-asc","prep",1622652745150124600,1622652745187185199
1,"cube-3939-asc","zzzz",1622652745187188760,1622652745207979461,1183,2082,6246
1,"cube-3939-asc","post",1622652745207989496,1622652745208527173
1,"cube-1972-asc","prep",1622652745208648988,1622652745261236852
1,"cube-1972-asc","zzzz",1622652745261240513,1622652748105413462,44928,66187,198561
1,"cube-1972-asc","post",1622652748105427559,1622652748110062356
1,"cube-2937-stl-bin","mesh",1622652748110105867,1622652748242411658
1,"cube-2937-stl-bin","prep",1622652748243204395,1622652748243596325
1,"cube-2937-stl-bin","zzzz",1622652748243598886,1622652748258389966,501,1610,4830
1,"cube-2937-stl-bin","post",1622652748258400030,1622652748258692110
1,"cube-3572-geo","mesh",1622652748258728754,1622652748917332866
1,"cube-3572-geo","prep",1622652748918114332,1622652748976701747
1,"cube-3572-geo","zzzz",1622652748976706510,1622652752430616011,51484,75661,226983
1,"cube-3572-geo","post",1622652752430628434,1622652752461753619
1,"cube-1439-stl-bin","mesh",1622652752461791247,1622652757421992789
1,"cube-1439-stl-bin","prep",1622652757448629710,1622652758049300326
1,"cube-1439-stl-bin","zzzz",1622652758049306989,1622652852485197190,463680,707489,2122467
1,"cube-1439-stl-bin","post",1622652852485211349,1622652852849402875
1,"cube-3166-bin.cgns","prep",1622652852849444621,1622652852969975895
1,"cube-3166-bin.cgns","zzzz",1622652852969981110,1622652852973751031,272,567,1701
1,"cube-3166-bin.cgns","post",1622652852973761089,1622652852973821037
1,"cube-3338-bin.cgns","prep",1622652852973920290,1622652853004299671
1,"cube-3338-bin.cgns","zzzz",1622652853004610642,1622652855004251596,35154,51934,155802
1,"cube-3338-bin.cgns","post",1622652855004262089,1622652855004314950
1,"cube-1185-asc","prep",1622652855004405213,1622652855005318812
1,"cube-1185-asc","zzzz",1622652855005320701,1622652855038691227,1638,2974,8922
1,"cube-1185-asc","post",1622652855038701257,1622652855039255983
1,"cube-2929-bin.cgns","prep",1622652855039531737,1622652855040893682
1,"cube-2929-bin.cgns","zzzz",1622652855040896331,1622652855432813538,10680,16808,50424
1,"cube-2929-bin.cgns","post",1622652855432823480,1622652855432866948
1,"cube-210-asc","prep",1622652855432948632,1622652855434028179
1,"cube-210-asc","zzzz",1622652855434029865,1622652855459689667,1339,2440,7320
1,"cube-210-asc","post",1622652855459699510,1622652855460050836
1,"cube-238-asc","prep",1622652855460183170,1622652855465306972
1,"cube-238-asc","zzzz",1622652855465309097,1622652855741445499,8289,13186,39558
1,"cube-238-asc","post",1622652855741455825,1622652855744202256
1,"cube-1834-asc","prep",1622652855744221835,1622652855819218592
1,"cube-1834-asc","zzzz",1622652855819226672,1622652871726617865,151062,214251,642753
1,"cube-1834-asc","post",1622652871726630345,1622652871739613393
1,"cube-3351-asc","prep",1622652871739654744,1622652871743042970
1,"cube-3351-asc","zzzz",1622652871743045525,1622652871922649193,6136,9771,29313
1,"cube-3351-asc","post",1622652871922659678,1622652871924158814
1,"cube-3789-bin","prep",1622652871924591321,1622652871928050892
1,"cube-3789-bin","zzzz",1622652871928052923,1622652872109524053,6176,9829,29487
1,"cube-3789-bin","post",1622652872109536026,1622652872111496811
1,"cube-1182-asc","prep",1622652872111539190,1622652872112416069
1,"cube-1182-asc","zzzz",1622652872112417721,1622652872138340539,1358,2459,7377
1,"cube-1182-asc","post",1622652872138350622,1622652872138713927
1,"cube-2237-bin.cgns","prep",1622652872138854596,1622652872146843081
1,"cube-2237-bin.cgns","zzzz",1622652872146846512,1622652880637924728,97332,139920,419760
1,"cube-2237-bin.cgns","post",1622652880637938715,1622652880638003556
1,"cube-3844-asc","prep",1622652880638129424,1622652880638874093
1,"cube-3844-asc","zzzz",1622652880638876376,1622652880654858866,954,1707,5121
1,"cube-3844-asc","post",1622652880654869151,1622652880655225388
1,"cube-2019-bin.cgns","prep",1622652880655498977,1622652880656073046
1,"cube-2019-bin.cgns","zzzz",1622652880656075401,1622652880657994827,149,334,1002
1,"cube-2019-bin.cgns","post",1622652880658004748,1622652880658046885
1,"cube-3141-geo","mesh",1622652880658129561,1622652898346108254
1,"cube-3141-geo","prep",1622652898346912910,1622652900202509032
1,"cube-3141-geo","zzzz",1622652900202514952,1622653321937552952,1547816,2117182,6351546
1,"cube-3141-geo","post",1622653321937562352,1622653322810720482
1,"cube-365-asc","prep",1622653322811485338,1622653323462905638
1,"cube-365-asc","zzzz",1622653323462912533,1622653529895204629,900589,1238968,3716904
1,"cube-365-asc","post",1622653529895212130,1622653530157719943
1,"cube-105-bin","prep",1622653530158100103,1622653530194155130
1,"cube-105-bin","zzzz",1622653530194159359,1622653530198176136,287,596,1788
1,"cube-105-bin","post",1622653530198182034,1622653530198500318
1,"cube-176-bin","prep",1622653530198543887,1622653530232921654
1,"cube-176-bin","zzzz",1622653530232926416,1622653530515894681,8470,13399,40197
1,"cube-176-bin","post",1622653530515903820,1622653530518681556
1,"cube-3104-asc","prep",1622653530518719099,1622653531252120616
1,"cube-3104-asc","zzzz",1622653531252127335,1622653856707146964,1271799,1743192,5229576
1,"cube-3104-asc","post",1622653856707157840,1622653856815824158
1,"cube-3574-bin","prep",1622653856816291878,1622653856882440169
1,"cube-3574-bin","zzzz",1622653856882446833,1622653865351377795,97158,139682,419046
1,"cube-3574-bin","post",1622653865351392416,1622653865360819351
1,"cube-3221-asc","prep",1622653865360874348,1622653865449563756
1,"cube-3221-asc","zzzz",1622653865449570054,1622653875460364229,109373,156491,469473
1,"cube-3221-asc","post",1622653875460374603,1622653875501056485
1,"cube-2963-bin","prep",1622653875501096930,1622653875529917465
1,"cube-2963-bin","zzzz",1622653875529922750,1622653877469455191,34461,50866,152598
1,"cube-2963-bin","post",1622653877469462671,1622653877475543877
1,"cube-2435-bin","prep",1622653877475576616,1622653877483794746
1,"cube-2435-bin","zzzz",1622653877483797879,1622653877535496426,2361,4078,12234
1,"cube-2435-bin","post",1622653877535501523,1622653877535930429
1,"cube-2310-asc","prep",1622653877536456953,1622653877550652076
1,"cube-2310-asc","zzzz",1622653877550654187,1622653878169383266,15022,23115,69345
1,"cube-2310-asc","post",1622653878169394144,1622653878175718025
1,"cube-2739-geo","mesh",1622653878175757177,1622653879404653731
1,"cube-2739-geo","prep",1622653879405488692,1622653879546553398
1,"cube-2739-geo","zzzz",1622653879546558280,1622653888128773291,98071,140906,422718
1,"cube-2739-geo","post",1622653888128787333,1622653888212821889
1,"cube-737-bin","prep",1622653888212864107,1622653888224892194
1,"cube-737-bin","zzzz",1622653888224895524,1622653888343330025,4490,7296,21888
1,"cube-737-bin","post",1622653888343334059,1622653888344527715
1,"cube-1950-asc","prep",1622653888344837091,1622653888359950383
1,"cube-1950-asc","zzzz",1622653888359952192,1622653888885116643,13321,20599,61797
1,"cube-1950-asc","post",1622653888885120025,1622653888886758152
1,"cube-2900-bin","prep",1622653888886779536,1622653889341083732
1,"cube-2900-bin","zzzz",1622653889341089600,1622654081041815930,852521,1172047,3516141
1,"cube-2900-bin","post",1622654081041829730,1622654081112526893
1,"cube-3873-geo","mesh",1622654081112613107,1622654084358431487
1,"cube-3873-geo","prep",1622654084359261230,1622654084718588701
1,"cube-3873-geo","zzzz",1622654084718595265,1622654118836665426,255034,358486,1075458
1,"cube-3873-geo","post",1622654118836684660,1622654119037484835
1,"cube-777-geo","mesh",1622654119046798513,1622654120293943245
1,"cube-777-geo","prep",1622654120294770202,1622654120434090869
1,"cube-777-geo","zzzz",1622654120434095806,1622654129007484224,98030,140822,422466
1,"cube-777-geo","post",1622654129007496001,1622654129082141453
1,"cube-2536-asc","prep",1622654129086088097,1622654129096130212
1,"cube-2536-asc","zzzz",1622654129096132434,1622654129113972512,1064,1859,5577
1,"cube-2536-asc","post",1622654129113976035,1622654129114388275
1,"cube-3451-bin","prep",1622654129114684023,1622654130217700869
1,"cube-3451-bin","zzzz",1622654130217708633,1622654732201599649,2025741,2764823,8294469
1,"cube-3451-bin","post",1622654732201652926,1622654732363295293
1,"cube-1356-asc","prep",1622654732363866509,1622654732374567253
1,"cube-1356-asc","zzzz",1622654732374570500,1622654732379264871,322,677,2031
1,"cube-1356-asc","post",1622654732379268823,1622654732379456982
1,"cube-1426-asc","prep",1622654732379485311,1622654732401107672
1,"cube-1426-asc","zzzz",1622654732401110287,1622654734686372594,38627,56968,170904
1,"cube-1426-asc","post",1622654734686384516,1622654734689502589
1,"cube-42-asc","prep",1622654734689534877,1622654734689810277
1,"cube-42-asc","zzzz",1622654734689811651,1622654734693131321,245,514,1542
1,"cube-42-asc","post",1622654734693141205,1622654734693294309
1,"cube-1563-bin","prep",1622654734693340710,1622654734693818744
1,"cube-1563-bin","zzzz",1622654734693820324,1622654734699048093,349,730,2190
1,"cube-1563-bin","post",1622654734699057961,1622654734699213275
1,"cube-2595-asc","prep",1622654734699246310,1622654734883651694
1,"cube-2595-asc","zzzz",1622654734883659610,1622654787728233462,343120,480616,1441848
1,"cube-2595-asc","post",1622654787728244996,1622654787791459164
1,"cube-3983-asc","prep",1622654787791499367,1622654787800563175
1,"cube-3983-asc","zzzz",1622654787800566473,1622654787961154471,5642,9027,27081
1,"cube-3983-asc","post",1622654787961157371,1622654787961724069
1,"cube-3067-stl-bin","mesh",1622654787961796820,1622654788091100101
1,"cube-3067-stl-bin","prep",1622654788091943741,1622654788102383801
1,"cube-3067-stl-bin","zzzz",1622654788102388111,1622654788787996100,12420,24783,74349
1,"cube-3067-stl-bin","post",1622654788788007689,1622654788795645714
1,"cube-2440-asc","prep",1622654788796669382,1622654788798414251
1,"cube-2440-asc","zzzz",1622654788798417151,1622654788800295479,145,330,990
1,"cube-2440-asc","post",1622654788800300252,1622654788800406444
1,"cube-158-stl-bin","mesh",1622654788800422692,1622654788807737439
1,"cube-158-stl-bin","prep",1622654788808588310,1622654788809058977
1,"cube-158-stl-bin","zzzz",1622654788809060934,1622654788823559316,484,1587,4761
1,"cube-158-stl-bin","post",1622654788823576743,1622654788823753938
1,"cube-1257-asc","prep",1622654788823769277,1622654788824453516
1,"cube-1257-asc","zzzz",1622654788824455320,1622654788836921190,761,1416,4248
1,"cube-1257-asc","post",1622654788836937824,1622654788837130629
1,"cube-1802-bin","prep",1622654788837145404,1622654788843326683
1,"cube-1802-bin","zzzz",1622654788843328843,1622654789163204310,9265,14593,43779
1,"cube-1802-bin","post",1622654789163216405,1622654789166526744
1,"cube-147-asc","prep",1622654789166960137,1622654789168628144
1,"cube-147-asc","zzzz",1622654789168630285,1622654789196507027,1429,2598,7794
1,"cube-147-asc","post",1622654789196524559,1622654789197183118
1,"cube-574-bin","prep",1622654789197211081,1622654789290072998
1,"cube-574-bin","zzzz",1622654789290079997,1622654807648102511,166759,236084,708252
1,"cube-574-bin","post",1622654807648114131,1622654807667150990
1,"cube-3106-geo","mesh",1622654807667200631,1622654807747737421
1,"cube-3106-geo","prep",1622654807748536793,1622654807752569654
1,"cube-3106-geo","zzzz",1622654807752572263,1622654807911406047,5585,8958,26874
1,"cube-3106-geo","post",1622654807911408803,1622654807915216483
1,"cube-3637-geo","mesh",1622654807915251741,1622654815050457132
1,"cube-3637-geo","prep",1622654815051333284,1622654815790527036
1,"cube-3637-geo","zzzz",1622654815790533105,1622654943027069641,623456,861902,2585706
1,"cube-3637-geo","post",1622654943027123920,1622654943394649172
1,"cube-3286-asc","prep",1622654943394773210,1622654943417950764
1,"cube-3286-asc","zzzz",1622654943417954112,1622654943574949349,5536,8883,26649
1,"cube-3286-asc","post",1622654943574959428,1622654943576110480
1,"cube-1062-bin","prep",1622654943576132176,1622654943668312712
1,"cube-1062-bin","zzzz",1622654943668318963,1622654959636415937,151496,214837,644511
1,"cube-1062-bin","post",1622654959636423078,1622654959650392886
1,"cube-2134-asc","prep",1622654959650485035,1622654960113296929
1,"cube-2134-asc","zzzz",1622654960113304491,1622655164829002453,895298,1231239,3693717
1,"cube-2134-asc","post",1622655164829023489,1622655164911297681
1,"cube-3465-geo","mesh",1622655164911389823,1622655164979003321
1,"cube-3465-geo","prep",1622655164979883117,1622655164980206072
1,"cube-3465-geo","zzzz",1622655164980208276,1622655164987924088,486,982,2946
1,"cube-3465-geo","post",1622655164987934175,1622655164988500679
1,"cube-3108-asc","prep",1622655164988537671,1622655164989490021
1,"cube-3108-asc","zzzz",1622655164989492148,1622655165007089540,1047,1836,5508
1,"cube-3108-asc","post",1622655165007099363,1622655165007647316
1,"cube-3442-bin","prep",1622655165007663943,1622655165010813301
1,"cube-3442-bin","zzzz",1622655165010815625,1622655165217482400,6752,10763,32289
1,"cube-3442-bin","post",1622655165217492377,1622655165218507832
1,"cube-299-bin","prep",1622655165218527910,1622655165346216627
1,"cube-299-bin","zzzz",1622655165346223040,1622655191812002409,214739,302202,906606
1,"cube-299-bin","post",1622655191812016082,1622655191873514283
1,"cube-1821-asc","prep",1622655191873576574,1622655191874903361
1,"cube-1821-asc","zzzz",1622655191874906015,1622655191878950538,290,599,1797
1,"cube-1821-asc","post",1622655191878960809,1622655191879233020
1,"cube-2898-asc","prep",1622655191879268881,1622655192439678272
1,"cube-2898-asc","zzzz",1622655192439685512,1622655452163657733,1071686,1471848,4415544
1,"cube-2898-asc","post",1622655452163665626,1622655452255080842
1,"cube-3284-bin","prep",1622655452255163033,1622655452395767319
1,"cube-3284-bin","zzzz",1622655452395774450,1622655490015106056,272683,382779,1148337
1,"cube-3284-bin","post",1622655490015120553,1622655490038044453
1,"cube-3762-geo","mesh",1622655490038098397,1622655490048602607
1,"cube-3762-geo","prep",1622655490049486482,1622655490049770826
1,"cube-3762-geo","zzzz",1622655490049772619,1622655490053498253,267,562,1686
1,"cube-3762-geo","post",1622655490053508334,1622655490054061439
1,"cube-1502-bin","prep",1622655490054098501,1622655490055437719
1,"cube-1502-bin","zzzz",1622655490055439669,1622655490089214249,1659,3001,9003
1,"cube-1502-bin","post",1622655490089224114,1622655490089540575
1,"cube-2843-asc","prep",1622655490089599221,1622655491170506317
1,"cube-2843-asc","zzzz",1622655491170513257,1622656099923765277,2043127,2788109,8364327
1,"cube-2843-asc","post",1622656099923778939,1622656100148500066
1,"cube-3892-bin","prep",1622656100148557133,1622656100153010060
1,"cube-3892-bin","zzzz",1622656100153013578,1622656100267155733,4356,7110,21330
1,"cube-3892-bin","post",1622656100267159668,1622656100268049859
1,"cube-225-bin","prep",1622656100268088566,1622656100268705099
1,"cube-225-bin","zzzz",1622656100268706346,1622656100280727236,734,1381,4143
1,"cube-225-bin","post",1622656100280730780,1622656100281032593
1,"cube-3189-bin","prep",1622656100281053872,1622656100803749530
1,"cube-3189-bin","zzzz",1622656100803755264,1622656347420059306,1030304,1415773,4247319
1,"cube-3189-bin","post",1622656347420073325,1622656347508280974
1,"cube-607-bin","prep",1622656347508331644,1622656347645415329
1,"cube-607-bin","zzzz",1622656347645421143,1622656385740550769,275082,386032,1158096
1,"cube-607-bin","post",1622656385740564341,1622656385765084329
1,"cube-3776-bin","prep",1622656385765149045,1622656385766332594
1,"cube-3776-bin","zzzz",1622656385766335175,1622656385800852831,1699,3054,9162
1,"cube-3776-bin","post",1622656385800856551,1622656385801448613
1,"cube-2646-stl-bin","mesh",1622656385801465619,1622656385806362765
1,"cube-2646-stl-bin","prep",1622656385807340513,1622656385807568091
1,"cube-2646-stl-bin","zzzz",1622656385807570343,1622656385813938214,242,849,2547
1,"cube-2646-stl-bin","post",1622656385813948212,1622656385814247580
1,"cube-3386-bin","prep",1622656385814280498,1622656385815633484
1,"cube-3386-bin","zzzz",1622656385815635571,1622656385845942060,1542,2766,8298
1,"cube-3386-bin","post",1622656385845951970,1622656385846863369
1,"cube-3872-bin","prep",1622656385846885208,1622656385847344037
1,"cube-3872-bin","zzzz",1622656385847345339,1622656385849055879,134,307,921
1,"cube-3872-bin","post",1622656385849060619,1622656385849161145
1,"cube-139-bin","prep",1622656385849173695,1622656385849367612
1,"cube-139-bin","zzzz",1622656385849368937,1622656385852516552,228,493,1479
1,"cube-139-bin","post",1622656385852526570,1622656385852718251
1,"cube-3114-bin","prep",1622656385852731006,1622656385853531063
1,"cube-3114-bin","zzzz",1622656385853532718,1622656385878202407,1298,2369,7107
1,"cube-3114-bin","post",1622656385878212277,1622656385878779358
1,"cube-2138-geo","mesh",1622656385878859665,1622656386581707346
1,"cube-2138-geo","prep",1622656386584811159,1622656386614727802
1,"cube-2138-geo","zzzz",1622656386614733230,1622656390530488874,56244,82408,247224
1,"cube-2138-geo","post",1622656390530503273,1622656390550839082
1,"cube-699-asc","prep",1622656390552058077,1622656390558134643
1,"cube-699-asc","zzzz",1622656390558137395,1622656390845515659,8582,13544,40632
1,"cube-699-asc","post",1622656390845525957,1622656390846321232
1,"Proc","exit_task",1622650751065381431,1622656390918010411,4970868
