18,"build/tests/sizes/cube-990-geo.geo","scan",1622650767295439787,1622650767297724462
18,"build/tests/sizes/cube-990-geo.geo","chck",1622650767265611667,1622650767297869165
18,"build/tests/sizes/cube-634-asc.bdf","scan",1622650767313416105,1622650767461352487
18,"build/tests/sizes/cube-634-asc.bdf","chck",1622650767297870625,1622650767461373838
18,"build/tests/sizes/cube-553-bin.vtk","scan",1622650767476327475,1622650769364842043
18,"build/tests/sizes/cube-553-bin.vtk","chck",1622650767461376805,1622650769364864082
18,"build/tests/sizes/cube-580-bin.vtk","scan",1622650769389719169,1622650769400460850
18,"build/tests/sizes/cube-580-bin.vtk","chck",1622650769364865669,1622650769400466040
18,"build/tests/sizes/cube-2844-bin.cgns","scan",1622650769406442985,1622650769465303216
18,"build/tests/sizes/cube-2844-bin.cgns","chck",1622650769400467033,1622650769465309587
18,"build/tests/sizes/cube-828-geo.geo_unrolled","scan",1622650769481033545,1622650769483910701
18,"build/tests/sizes/cube-828-geo.geo_unrolled","chck",1622650769465310512,1622650769483915406
18,"build/tests/sizes/cube-1243-stl-bin.geo","scan",1622650769497005842,1622650769535613957
18,"build/tests/sizes/cube-1243-stl-bin.geo","chck",1622650769483916411,1622650769535619922
18,"build/tests/sizes/cube-823-asc.msh2","scan",1622650769548389917,1622650780742255552
18,"build/tests/sizes/cube-823-asc.msh2","chck",1622650769535621037,1622650780742289042
18,"build/tests/sizes/cube-1459-asc.mesh","scan",1622650780759340369,1622650780794814082
18,"build/tests/sizes/cube-1459-asc.mesh","chck",1622650780742290368,1622650780794821907
18,"build/tests/sizes/cube-353-bin.vtk","scan",1622650780814990598,1622650781045870785
18,"build/tests/sizes/cube-353-bin.vtk","chck",1622650780794823065,1622650781045878961
18,"build/tests/sizes/cube-2301-geo.geo_unrolled","scan",1622650781046793382,1622650781048096276
18,"build/tests/sizes/cube-2301-geo.geo_unrolled","chck",1622650781045880264,1622650781048101551
18,"build/tests/sizes/cube-3957-geo.geo_unrolled","scan",1622650781050091764,1622650781051348544
18,"build/tests/sizes/cube-3957-geo.geo_unrolled","chck",1622650781048102624,1622650781051352527
18,"build/tests/sizes/cube-97-bin.msh2","scan",1622650781055774036,1622650781603365751
18,"build/tests/sizes/cube-97-bin.msh2","chck",1622650781051353424,1622650781603377032
18,"build/tests/sizes/cube-53-stl-bin.geo","scan",1622650781621880195,1622650781636998611
18,"build/tests/sizes/cube-53-stl-bin.geo","chck",1622650781603378459,1622650781637007099
18,"build/tests/sizes/cube-1040-geo.geo","scan",1622650781656708908,1622650781658438281
18,"build/tests/sizes/cube-1040-geo.geo","chck",1622650781637008621,1622650781658445396
18,"build/tests/sizes/cube-586-bin.vtk","scan",1622650781695302560,1622650782331320389
18,"build/tests/sizes/cube-586-bin.vtk","chck",1622650781658446541,1622650782331335418
18,"build/tests/sizes/cube-2524-asc.mesh","scan",1622650782331964158,1622650782428612789
18,"build/tests/sizes/cube-2524-asc.mesh","chck",1622650782331336500,1622650782428620203
18,"build/tests/sizes/cube-2837-geo.geo_unrolled","scan",1622650782429249995,1622650782430452700
18,"build/tests/sizes/cube-2837-geo.geo_unrolled","chck",1622650782428621287,1622650782430458066
18,"build/tests/sizes/cube-3443-bin.msh4","scan",1622650782431002615,1622650782433482060
18,"build/tests/sizes/cube-3443-bin.msh4","chck",1622650782430459096,1622650782433485866
18,"build/tests/sizes/cube-696-asc.msh2","scan",1622650782434887184,1622650782440732643
18,"build/tests/sizes/cube-696-asc.msh2","chck",1622650782433486946,1622650782440736314
18,"build/tests/sizes/cube-2623-asc.mesh","scan",1622650782442325560,1622650784125307748
18,"build/tests/sizes/cube-2623-asc.mesh","chck",1622650782440737325,1622650784125315477
18,"build/tests/sizes/cube-2119-bin.vtk","scan",1622650784126088212,1622650784128573921
18,"build/tests/sizes/cube-2119-bin.vtk","chck",1622650784125316694,1622650784128578696
18,"build/tests/sizes/cube-3560-bin.msh4","scan",1622650784129132415,1622650784130336092
18,"build/tests/sizes/cube-3560-bin.msh4","chck",1622650784128579640,1622650784130340282
18,"build/tests/sizes/cube-2920-geo.geo","scan",1622650784130922685,1622650784132150924
18,"build/tests/sizes/cube-2920-geo.geo","chck",1622650784130344298,1622650784132155366
18,"build/tests/sizes/cube-3648-asc.bdf","scan",1622650784132717579,1622650784152210754
18,"build/tests/sizes/cube-3648-asc.bdf","chck",1622650784132156252,1622650784152217888
18,"build/tests/sizes/cube-1312-asc.mesh","scan",1622650784153723570,1622650784566838120
18,"build/tests/sizes/cube-1312-asc.mesh","chck",1622650784152219030,1622650784566846662
18,"build/tests/sizes/cube-558-bin.msh4","scan",1622650784579260734,1622650784586950159
18,"build/tests/sizes/cube-558-bin.msh4","chck",1622650784566847956,1622650784586957204
18,"build/tests/sizes/cube-2746-asc.msh2","scan",1622650784587544465,1622650784697233417
18,"build/tests/sizes/cube-2746-asc.msh2","chck",1622650784586958327,1622650784697241456
18,"build/tests/sizes/cube-855-asc.bdf","scan",1622650784796691148,1622650785118569313
18,"build/tests/sizes/cube-855-asc.bdf","chck",1622650784697242781,1622650785118577511
18,"build/tests/sizes/cube-2650-stl-bin.geo","scan",1622650785119292478,1622650785154305240
18,"build/tests/sizes/cube-2650-stl-bin.geo","chck",1622650785118578660,1622650785154313830
18,"build/tests/sizes/cube-456-bin.msh2","scan",1622650785167550760,1622650785175746448
18,"build/tests/sizes/cube-456-bin.msh2","chck",1622650785154314989,1622650785175751723
18,"build/tests/sizes/cube-2396-stl-bin.geo","scan",1622650785176339644,1622650785183077085
18,"build/tests/sizes/cube-2396-stl-bin.geo","chck",1622650785175752717,1622650785183083764
18,"build/tests/sizes/cube-1267-asc.msh2","scan",1622650785201521798,1622650786350247972
18,"build/tests/sizes/cube-1267-asc.msh2","chck",1622650785183084796,1622650786350256654
18,"build/tests/sizes/cube-916-asc.bdf","scan",1622650786372654101,1622650786394630586
18,"build/tests/sizes/cube-916-asc.bdf","chck",1622650786350257994,1622650786394636533
18,"build/tests/sizes/cube-1851-asc.bdf","scan",1622650786395713504,1622650786404908877
18,"build/tests/sizes/cube-1851-asc.bdf","chck",1622650786394637568,1622650786404914512
18,"build/tests/sizes/cube-2479-bin.msh4","scan",1622650786405480346,1622650786408838339
18,"build/tests/sizes/cube-2479-bin.msh4","chck",1622650786404915549,1622650786408842998
18,"build/tests/sizes/cube-227-asc.msh2","scan",1622650786425815040,1622650788418893378
18,"build/tests/sizes/cube-227-asc.msh2","chck",1622650786408844229,1622650788418901712
18,"build/tests/sizes/cube-508-asc.mesh","scan",1622650788435035018,1622650788516639165
18,"build/tests/sizes/cube-508-asc.mesh","chck",1622650788418903348,1622650788516647605
18,"build/tests/sizes/cube-100-geo.geo_unrolled","scan",1622650788521599559,1622650788522843732
18,"build/tests/sizes/cube-100-geo.geo_unrolled","chck",1622650788516648809,1622650788522850551
18,"build/tests/sizes/cube-1853-bin.vtk","scan",1622650788531686499,1622650788539902206
18,"build/tests/sizes/cube-1853-bin.vtk","chck",1622650788522851720,1622650788539907759
18,"build/tests/sizes/cube-709-bin.cgns","scan",1622650788553069342,1622650788662382492
18,"build/tests/sizes/cube-709-bin.cgns","chck",1622650788539908750,1622650788662390286
18,"build/tests/sizes/cube-3510-asc.mesh","scan",1622650788663201542,1622650789143205800
18,"build/tests/sizes/cube-3510-asc.mesh","chck",1622650788662391547,1622650789143214377
18,"build/tests/sizes/cube-162-stl-bin.geo","scan",1622650789144644702,1622650789211828043
18,"build/tests/sizes/cube-162-stl-bin.geo","chck",1622650789143215697,1622650789211835525
18,"build/tests/sizes/cube-374-asc.msh2","scan",1622650789232512395,1622650789243200923
18,"build/tests/sizes/cube-374-asc.msh2","chck",1622650789211836794,1622650789243208464
18,"build/tests/sizes/cube-2048-bin.cgns","scan",1622650789246598487,1622650789308275006
18,"build/tests/sizes/cube-2048-bin.cgns","chck",1622650789243209899,1622650789308282189
18,"build/tests/sizes/cube-2942-bin.vtk","scan",1622650789308962756,1622650789310672310
18,"build/tests/sizes/cube-2942-bin.vtk","chck",1622650789308283488,1622650789310677697
18,"build/tests/sizes/cube-2166-bin.cgns","scan",1622650789329260949,1622650789444318869
18,"build/tests/sizes/cube-2166-bin.cgns","chck",1622650789310905365,1622650789444326826
18,"build/tests/sizes/cube-2734-geo.geo","scan",1622650789445090462,1622650789446559071
18,"build/tests/sizes/cube-2734-geo.geo","chck",1622650789444328244,1622650789446565010
18,"build/tests/sizes/cube-590-asc.mesh","scan",1622650789473166987,1622650790476365167
18,"build/tests/sizes/cube-590-asc.mesh","chck",1622650789446566280,1622650790476378206
18,"build/tests/sizes/cube-497-bin.cgns","scan",1622650790502670970,1622650790619470116
18,"build/tests/sizes/cube-497-bin.cgns","chck",1622650790476379533,1622650790619476706
18,"build/tests/sizes/cube-364-bin.cgns","scan",1622650790624431889,1622650790690181776
18,"build/tests/sizes/cube-364-bin.cgns","chck",1622650790619477862,1622650790690188566
18,"build/tests/sizes/cube-3633-geo.geo","scan",1622650790690842946,1622650790692588696
18,"build/tests/sizes/cube-3633-geo.geo","chck",1622650790690189778,1622650790692594272
18,"build/tests/sizes/cube-1298-asc.msh2","scan",1622650790693607738,1622650790703970218
18,"build/tests/sizes/cube-1298-asc.msh2","chck",1622650790692595173,1622650790703977049
18,"build/tests/sizes/cube-513-asc.mesh","scan",1622650790705390064,1622650790718949339
18,"build/tests/sizes/cube-513-asc.mesh","chck",1622650790703978154,1622650790718957105
18,"build/tests/sizes/cube-1897-stl-bin.geo","scan",1622650790720236327,1622650790764443826
18,"build/tests/sizes/cube-1897-stl-bin.geo","chck",1622650790718958368,1622650790764451574
18,"build/tests/sizes/cube-2506-geo.geo","scan",1622650790765115748,1622650790766744135
18,"build/tests/sizes/cube-2506-geo.geo","chck",1622650790764452953,1622650790766748764
18,"build/tests/sizes/cube-838-asc.bdf","scan",1622650790780561126,1622650790822461461
18,"build/tests/sizes/cube-838-asc.bdf","chck",1622650790766749878,1622650790822469327
18,"build/tests/sizes/cube-3329-bin.msh4","scan",1622650790823072629,1622650790836670731
18,"build/tests/sizes/cube-3329-bin.msh4","chck",1622650790822470556,1622650790836677882
18,"build/tests/sizes/cube-2538-asc.mesh","scan",1622650790837472143,1622650791206715768
18,"build/tests/sizes/cube-2538-asc.mesh","chck",1622650790836679242,1622650791206723116
18,"build/tests/sizes/cube-470-stl-bin.geo","scan",1622650791227692890,1622650791254122937
18,"build/tests/sizes/cube-470-stl-bin.geo","chck",1622650791206724360,1622650791254128883
18,"build/tests/sizes/cube-1863-bin.cgns","scan",1622650791259215464,1622650791329129054
18,"build/tests/sizes/cube-1863-bin.cgns","chck",1622650791254130373,1622650791329135997
18,"build/tests/sizes/cube-319-stl-bin.geo","scan",1622650791345293866,1622650791400526209
18,"build/tests/sizes/cube-319-stl-bin.geo","chck",1622650791329137163,1622650791400534541
18,"build/tests/sizes/cube-3291-asc.msh2","scan",1622650791401128423,1622650807484240861
18,"build/tests/sizes/cube-3291-asc.msh2","chck",1622650791400535852,1622650807484274612
18,"build/tests/sizes/cube-3711-bin.vtk","scan",1622650807488301544,1622650807705537196
18,"build/tests/sizes/cube-3711-bin.vtk","chck",1622650807484275912,1622650807705551550
18,"build/tests/sizes/cube-3919-asc.msh2","scan",1622650807706155188,1622650808455492965
18,"build/tests/sizes/cube-3919-asc.msh2","chck",1622650807705552780,1622650808455501436
18,"build/tests/sizes/cube-2333-bin.msh2","scan",1622650808456199445,1622650808458402295
18,"build/tests/sizes/cube-2333-bin.msh2","chck",1622650808455502981,1622650808458408123
18,"build/tests/sizes/cube-603-asc.msh2","scan",1622650808468186919,1622650815634673741
18,"build/tests/sizes/cube-603-asc.msh2","chck",1622650808458409093,1622650815634683535
18,"build/tests/sizes/cube-3384-asc.bdf","scan",1622650815639246842,1622650815709601586
18,"build/tests/sizes/cube-3384-asc.bdf","chck",1622650815634684713,1622650815709608658
18,"build/tests/sizes/cube-134-stl-bin.geo","scan",1622650815733854070,1622650815991823178
18,"build/tests/sizes/cube-134-stl-bin.geo","chck",1622650815709609778,1622650815991830291
18,"build/tests/sizes/cube-1722-geo.geo_unrolled","scan",1622650816004027930,1622650816005262778
18,"build/tests/sizes/cube-1722-geo.geo_unrolled","chck",1622650815991834090,1622650816005268738
18,"build/tests/sizes/cube-2777-bin.cgns","scan",1622650816010349368,1622650816072140378
18,"build/tests/sizes/cube-2777-bin.cgns","chck",1622650816005269877,1622650816072147757
18,"build/tests/sizes/cube-1141-bin.msh4","scan",1622650816089664054,1622650816405809384
18,"build/tests/sizes/cube-1141-bin.msh4","chck",1622650816072149014,1622650816405816183
18,"build/tests/sizes/cube-1532-stl-bin.geo","scan",1622650816407168973,1622650816414473151
18,"build/tests/sizes/cube-1532-stl-bin.geo","chck",1622650816405817307,1622650816414479418
18,"build/tests/sizes/cube-279-bin.cgns","scan",1622650816422812198,1622650816486716024
18,"build/tests/sizes/cube-279-bin.cgns","chck",1622650816414480580,1622650816486723574
18,"build/tests/sizes/cube-3562-stl-bin.geo","scan",1622650816487505905,1622650816524365953
18,"build/tests/sizes/cube-3562-stl-bin.geo","chck",1622650816486724882,1622650816524373881
18,"build/tests/sizes/cube-203-bin.cgns","scan",1622650816542908418,1622650816701910188
18,"build/tests/sizes/cube-203-bin.cgns","chck",1622650816524375754,1622650816701916190
18,"build/tests/sizes/cube-7-geo.geo_unrolled","scan",1622650816703082540,1622650816704340542
18,"build/tests/sizes/cube-7-geo.geo_unrolled","chck",1622650816701917239,1622650816704345960
18,"build/tests/sizes/cube-3497-bin.vtk","scan",1622650816704932040,1622650818052125091
18,"build/tests/sizes/cube-3497-bin.vtk","chck",1622650816704346992,1622650818052133115
18,"build/tests/sizes/cube-2541-bin.msh2","scan",1622650818052921220,1622650818403590774
18,"build/tests/sizes/cube-2541-bin.msh2","chck",1622650818052134400,1622650818403598626
18,"build/tests/sizes/cube-3961-asc.msh2","scan",1622650818404272815,1622650818437713134
18,"build/tests/sizes/cube-3961-asc.msh2","chck",1622650818403600273,1622650818437720871
18,"build/tests/sizes/cube-3435-geo.geo_unrolled","scan",1622650818438317624,1622650818439503289
18,"build/tests/sizes/cube-3435-geo.geo_unrolled","chck",1622650818437721982,1622650818439507331
18,"build/tests/sizes/cube-1129-asc.bdf","scan",1622650818453922622,1622650825938201381
18,"build/tests/sizes/cube-1129-asc.bdf","chck",1622650818439508324,1622650825938209989
18,"build/tests/sizes/cube-605-bin.msh4","scan",1622650825954128546,1622650826259675554
18,"build/tests/sizes/cube-605-bin.msh4","chck",1622650825938211927,1622650826259682922
18,"build/tests/sizes/cube-2219-geo.geo_unrolled","scan",1622650826260908092,1622650826262075105
18,"build/tests/sizes/cube-2219-geo.geo_unrolled","chck",1622650826259684008,1622650826262079486
18,"build/tests/sizes/cube-1602-geo.geo_unrolled","scan",1622650826279279698,1622650826280494253
18,"build/tests/sizes/cube-1602-geo.geo_unrolled","chck",1622650826262080574,1622650826280498791
18,"build/tests/sizes/cube-3477-geo.geo_unrolled","scan",1622650826281082235,1622650826282210727
18,"build/tests/sizes/cube-3477-geo.geo_unrolled","chck",1622650826280499827,1622650826282214714
18,"build/tests/sizes/cube-491-geo.geo_unrolled","scan",1622650826301587556,1622650826302791111
18,"build/tests/sizes/cube-491-geo.geo_unrolled","chck",1622650826282215769,1622650826302796635
18,"build/tests/sizes/cube-2480-bin.msh4","scan",1622650826303314670,1622650826304638946
18,"build/tests/sizes/cube-2480-bin.msh4","chck",1622650826302797717,1622650826304642089
18,"build/tests/sizes/cube-3617-geo.geo","scan",1622650826305170266,1622650826306401213
18,"build/tests/sizes/cube-3617-geo.geo","chck",1622650826304642981,1622650826306404670
18,"build/tests/sizes/cube-566-bin.msh4","scan",1622650826319598004,1622650826345846921
18,"build/tests/sizes/cube-566-bin.msh4","chck",1622650826306405617,1622650826345854109
18,"build/tests/sizes/cube-2378-bin.vtk","scan",1622650826346427632,1622650826361779526
18,"build/tests/sizes/cube-2378-bin.vtk","chck",1622650826345855300,1622650826361784640
18,"build/tests/sizes/cube-2852-asc.msh2","scan",1622650826362322944,1622650837870835811
18,"build/tests/sizes/cube-2852-asc.msh2","chck",1622650826361785725,1622650837871074178
18,"build/tests/sizes/cube-2330-stl-bin.geo","scan",1622650837875302565,1622650838097584613
18,"build/tests/sizes/cube-2330-stl-bin.geo","chck",1622650837871075780,1622650838097591793
18,"build/tests/sizes/cube-1496-bin.vtk","scan",1622650838099295331,1622650840560277644
18,"build/tests/sizes/cube-1496-bin.vtk","chck",1622650838097592771,1622650840560284708
18,"build/tests/sizes/cube-1072-bin.cgns","scan",1622650840567259481,1622650840629300617
18,"build/tests/sizes/cube-1072-bin.cgns","chck",1622650840560285853,1622650840629308343
18,"build/tests/sizes/cube-868-bin.msh4","scan",1622650840645506258,1622650841002415528
18,"build/tests/sizes/cube-868-bin.msh4","chck",1622650840629309469,1622650841002422972
18,"build/tests/sizes/cube-1069-geo.geo_unrolled","scan",1622650841016799371,1622650841018314721
18,"build/tests/sizes/cube-1069-geo.geo_unrolled","chck",1622650841002424393,1622650841018320872
18,"build/tests/sizes/cube-1147-geo.geo_unrolled","scan",1622650841039533538,1622650841040752032
18,"build/tests/sizes/cube-1147-geo.geo_unrolled","chck",1622650841018321818,1622650841040756709
18,"build/tests/sizes/cube-1748-asc.msh2","scan",1622650841041973273,1622650841360894004
18,"build/tests/sizes/cube-1748-asc.msh2","chck",1622650841040757934,1622650841360902530
18,"build/tests/sizes/cube-2927-geo.geo","scan",1622650841361738039,1622650841363275993
18,"build/tests/sizes/cube-2927-geo.geo","chck",1622650841360903552,1622650841363280190
18,"cube-1748-asc","prep",1622650841364516787,1622650841389647444
18,"cube-1748-asc","zzzz",1622650841389657206,1622650844448164681,47355,69626,208878
18,"cube-1748-asc","post",1622650844448174097,1622650844452379663
18,"cube-1069-geo","mesh",1622650844452426143,1622650845143245944
18,"cube-1069-geo","prep",1622650845144120290,1622650845201178280
18,"cube-1069-geo","zzzz",1622650845201183049,1622650849064947241,55734,81726,245178
18,"cube-1069-geo","post",1622650849064956890,1622650849074605072
18,"cube-279-bin.cgns","prep",1622650849074655051,1622650849091285953
18,"cube-279-bin.cgns","zzzz",1622650849091292195,1622650849096458466,348,729,2187
18,"cube-279-bin.cgns","post",1622650849096462710,1622650849112467179
18,"cube-2538-asc","prep",1622650849112523604,1622650849185550994
18,"cube-2538-asc","zzzz",1622650849185556487,1622650858753889349,105787,151771,455313
18,"cube-2538-asc","post",1622650858753915420,1622650858763817325
18,"cube-2524-asc","prep",1622650858763893546,1622650858783308560
18,"cube-2524-asc","zzzz",1622650858783315063,1622650860058530293,25618,38110,114330
18,"cube-2524-asc","post",1622650860058541152,1622650860067591612
18,"cube-566-bin","prep",1622650860067633635,1622650860073496394
18,"cube-566-bin","zzzz",1622650860073501025,1622650860206616438,4899,7921,23763
18,"cube-566-bin","post",1622650860206626983,1622650860207714596
18,"cube-3957-geo","mesh",1622650860207763530,1622650861047560903
18,"cube-3957-geo","prep",1622650861048421297,1622650861117894292
18,"cube-3957-geo","zzzz",1622650861117900694,1622650866115506177,67166,97466,292398
18,"cube-3957-geo","post",1622650866115517365,1622650866135214416
18,"cube-2333-bin","prep",1622650866135280879,1622650866139965930
18,"cube-2333-bin","zzzz",1622650866139970095,1622650866143309892,252,523,1569
18,"cube-2333-bin","post",1622650866143311516,1622650866143401074
18,"cube-2920-geo","mesh",1622650866143422318,1622650866161495203
18,"cube-2920-geo","prep",1622650866162402900,1622650866162919554
18,"cube-2920-geo","zzzz",1622650866162921923,1622650866173923386,673,1292,3876
18,"cube-2920-geo","post",1622650866173925183,1622650866174159839
18,"cube-1312-asc","prep",1622650866174184159,1622650866245230920
18,"cube-1312-asc","zzzz",1622650866245237296,1622650876354476913,110158,157527,472581
18,"cube-1312-asc","post",1622650876354488109,1622650876364503582
18,"cube-203-bin.cgns","prep",1622650876364544389,1622650876496901689
18,"cube-203-bin.cgns","zzzz",1622650876496910947,1622650914370645526,273986,384506,1153518
18,"cube-203-bin.cgns","post",1622650914370659437,1622650914370784916
18,"cube-990-geo","mesh",1622650914370916952,1622650927402234285
18,"cube-990-geo","prep",1622650927403133501,1622650928598266291
18,"cube-990-geo","zzzz",1622650928598273050,1622651189174365474,1074396,1475463,4426389
18,"cube-990-geo","post",1622651189174376189,1622651189414112659
18,"cube-2119-bin","prep",1622651189419752106,1622651189464603182
18,"cube-2119-bin","zzzz",1622651189464608940,1622651189484974235,1123,2051,6153
18,"cube-2119-bin","post",1622651189484990341,1622651189485146477
18,"cube-855-asc","prep",1622651189485236854,1622651189511467171
18,"cube-855-asc","zzzz",1622651189511470157,1622651191247363671,31781,47135,141405
18,"cube-855-asc","post",1622651191247374069,1622651191250459572
18,"cube-916-asc","prep",1622651191250496734,1622651191250692699
18,"cube-916-asc","zzzz",1622651191250693779,1622651191254133933,257,530,1590
18,"cube-916-asc","post",1622651191254149695,1622651191254212798
18,"cube-2479-bin","prep",1622651191254226090,1622651191257047663
18,"cube-2479-bin","zzzz",1622651191257049545,1622651191422407508,5766,9211,27633
18,"cube-2479-bin","post",1622651191422417766,1622651191423069529
18,"cube-134-stl-bin","mesh",1622651191423174530,1622651194303038664
18,"cube-134-stl-bin","prep",1622651194438765722,1622651194625222740
18,"cube-134-stl-bin","zzzz",1622651194625229658,1622651239797966448,275913,432733,1298199
18,"cube-134-stl-bin","post",1622651239797980926,1622651239876393819
18,"cube-1072-bin.cgns","prep",1622651239876433649,1622651239885695187
18,"cube-1072-bin.cgns","zzzz",1622651239885700661,1622651240154038383,8141,12932,38796
18,"cube-1072-bin.cgns","post",1622651240154048572,1622651240154112713
18,"cube-2378-bin","prep",1622651240154206447,1622651240159148433
18,"cube-2378-bin","zzzz",1622651240159150440,1622651240557386842,10838,16996,50988
18,"cube-2378-bin","post",1622651240557396618,1622651240558391550
18,"cube-3291-asc","prep",1622651240558409390,1622651241796425046
18,"cube-3291-asc","zzzz",1622651241796434574,1622651949540004083,2289817,3121662,9364986
18,"cube-3291-asc","post",1622651949540018222,1622651949818253188
18,"cube-3919-asc","prep",1622651949819056044,1622651949903119673
18,"cube-3919-asc","zzzz",1622651949903125276,1622651958543347614,98599,141568,424704
18,"cube-3919-asc","post",1622651958543379230,1622651958578296779
18,"cube-2777-bin.cgns","prep",1622651958578336711,1622651958632396961
18,"cube-2777-bin.cgns","zzzz",1622651958632400670,1622651958633817416,120,269,807
18,"cube-2777-bin.cgns","post",1622651958633821128,1622651958633878775
18,"cube-2330-stl-bin","mesh",1622651958633975317,1622651958690047959
18,"cube-2330-stl-bin","prep",1622651958690929108,1622651958694670688
18,"cube-2330-stl-bin","zzzz",1622651958694673415,1622651958942753858,5774,12225,36675
18,"cube-2330-stl-bin","post",1622651958942763803,1622651958944092336
18,"cube-508-asc","prep",1622651958944204671,1622651958952361021
18,"cube-508-asc","zzzz",1622651958952362832,1622651959649458619,16416,25068,75204
18,"cube-508-asc","post",1622651959649468582,1622651959650864574
18,"cube-709-bin.cgns","prep",1622651959650931630,1622651959671087563
18,"cube-709-bin.cgns","zzzz",1622651959671090542,1622651959688070510,1011,1787,5361
18,"cube-709-bin.cgns","post",1622651959688080334,1622651959688133860
18,"cube-2048-bin.cgns","prep",1622651959688227895,1622651959772196296
18,"cube-2048-bin.cgns","zzzz",1622651959772204208,1622652177584881481,938068,1289848,3869544
18,"cube-2048-bin.cgns","post",1622652177584893170,1622652177584936397
18,"cube-2837-geo","mesh",1622652177585042031,1622652178619180275
18,"cube-2837-geo","prep",1622652178620051618,1622652178723995586
18,"cube-2837-geo","zzzz",1622652178724001246,1622652184984698915,78413,113588,340764
18,"cube-2837-geo","post",1622652184984709090,1622652185031656689
18,"cube-497-bin.cgns","prep",1622652185031704546,1622652185061374816
18,"cube-497-bin.cgns","zzzz",1622652185061379506,1622652185114690426,2425,4166,12498
18,"cube-497-bin.cgns","post",1622652185114708117,1622652185114747244
18,"cube-100-geo","mesh",1622652185114828704,1622652187168818822
18,"cube-100-geo","prep",1622652187170028653,1622652187381604359
18,"cube-100-geo","zzzz",1622652187381609652,1622652204780891718,160646,227626,682878
18,"cube-100-geo","post",1622652204780906790,1622652204886677843
18,"cube-823-asc","prep",1622652204886716959,1622652205779891906
18,"cube-823-asc","zzzz",1622652205779898912,1622652650743329874,1611831,2204038,6612114
18,"cube-823-asc","post",1622652650743343618,1622652650995261833
18,"cube-838-asc","prep",1622652650995820349,1622652651015559913
18,"cube-838-asc","zzzz",1622652651015563572,1622652651076788267,2711,4592,13776
18,"cube-838-asc","post",1622652651076798562,1622652651077681601
18,"cube-374-asc","prep",1622652651078007347,1622652651091238609
18,"cube-374-asc","zzzz",1622652651091240535,1622652651095284021,290,599,1797
18,"cube-374-asc","post",1622652651095294054,1622652651095565789
18,"cube-590-asc","prep",1622652651095604877,1622652651238167652
18,"cube-590-asc","zzzz",1622652651238175712,1622652685946046794,258140,362641,1087923
18,"cube-590-asc","post",1622652685946060523,1622652685967829808
18,"cube-868-bin","prep",1622652685967872350,1622652686185315872
18,"cube-868-bin","zzzz",1622652686185322523,1622652767531820210,459977,640740,1922220
18,"cube-868-bin","post",1622652767531830160,1622652767568756872
18,"cube-2166-bin.cgns","prep",1622652767568823118,1622652767602425107
18,"cube-2166-bin.cgns","zzzz",1622652767602430481,1622652767652187236,2296,3969,11907
18,"cube-2166-bin.cgns","post",1622652767652194517,1622652767652232194
18,"cube-2650-stl-bin","mesh",1622652767652327430,1622652767804619204
18,"cube-2650-stl-bin","prep",1622652767805541061,1622652767820580576
18,"cube-2650-stl-bin","zzzz",1622652767820584743,1622652768717453907,15450,29896,89688
18,"cube-2650-stl-bin","post",1622652768717462608,1622652768730350034
18,"cube-580-bin","prep",1622652768730815970,1622652768733228339
18,"cube-580-bin","zzzz",1622652768733230236,1622652768749639328,980,1743,5229
18,"cube-580-bin","post",1622652768749654627,1622652768749753059
18,"cube-1298-asc","prep",1622652768749788710,1622652768750233717
18,"cube-1298-asc","zzzz",1622652768750235273,1622652768767183035,1010,1786,5358
18,"cube-1298-asc","post",1622652768767187934,1622652768767309054
18,"cube-470-stl-bin","mesh",1622652768767350881,1622652768771031831
18,"cube-470-stl-bin","prep",1622652768771931895,1622652768772126070
18,"cube-470-stl-bin","zzzz",1622652768772127739,1622652768778507461,245,852,2556
18,"cube-470-stl-bin","post",1622652768778522954,1622652768778647884
18,"cube-162-stl-bin","mesh",1622652768778660393,1622652769024123007
18,"cube-162-stl-bin","prep",1622652769025042745,1622652769051690023
18,"cube-162-stl-bin","zzzz",1622652769051695030,1622652770795814328,26296,47311,141933
18,"cube-162-stl-bin","post",1622652770795824644,1622652770817309347
18,"cube-3510-asc","prep",1622652770817348733,1622652770895593643
18,"cube-3510-asc","zzzz",1622652770895598975,1622652784073443106,132737,188569,565707
18,"cube-3510-asc","post",1622652784073450925,1622652784084894027
18,"cube-456-bin","prep",1622652784084933271,1622652784085119884
18,"cube-456-bin","zzzz",1622652784085121262,1622652784086894884,137,316,948
18,"cube-456-bin","post",1622652784086910518,1622652784086981276
18,"cube-586-bin","prep",1622652784086994862,1622652784227343895
18,"cube-586-bin","zzzz",1622652784227350068,1622652817004169465,248702,348954,1046862
18,"cube-586-bin","post",1622652817004176511,1622652817055915415
18,"cube-2396-stl-bin","mesh",1622652817055956221,1622652817086127655
18,"cube-2396-stl-bin","prep",1622652817086975131,1622652817088614637
18,"cube-2396-stl-bin","zzzz",1622652817088617437,1622652817132945726,1315,3660,10980
18,"cube-2396-stl-bin","post",1622652817132961156,1622652817133237618
18,"cube-2942-bin","prep",1622652817133406897,1622652817133724805
18,"cube-2942-bin","zzzz",1622652817133726336,1622652817139343872,368,773,2319
18,"cube-2942-bin","post",1622652817139363995,1622652817139443242
18,"cube-1459-asc","prep",1622652817139455988,1622652817140341629
18,"cube-1459-asc","zzzz",1622652817140343651,1622652817164070534,1256,2301,6903
18,"cube-1459-asc","post",1622652817164087181,1622652817164759492
18,"cube-353-bin","prep",1622652817164913321,1622652817215726328
18,"cube-353-bin","zzzz",1622652817215732117,1622652823136745659,75500,109367,328101
18,"cube-353-bin","post",1622652823136759587,1622652823158950729
18,"cube-553-bin","prep",1622652823158994450,1622652823685003172
18,"cube-553-bin","zzzz",1622652823685009037,1622653070241217170,1030634,1415508,4246524
18,"cube-553-bin","post",1622653070241228575,1622653070327583641
18,"cube-3711-bin","prep",1622653070327629320,1622653070327921083
18,"cube-3711-bin","zzzz",1622653070327922314,1622653070331252442,248,517,1551
18,"cube-3711-bin","post",1622653070331267754,1622653070331373767
18,"cube-1243-stl-bin","mesh",1622653070331387393,1622653070350392435
18,"cube-1243-stl-bin","prep",1622653070351258032,1622653070353374710
18,"cube-1243-stl-bin","zzzz",1622653070353377122,1622653070413486348,1679,4534,13602
18,"cube-1243-stl-bin","post",1622653070413501984,1622653070413796898
18,"cube-319-stl-bin","mesh",1622653070413961449,1622653070559457562
18,"cube-319-stl-bin","prep",1622653070560317506,1622653070573802818
18,"cube-319-stl-bin","zzzz",1622653070573807994,1622653071386591731,14144,27881,83643
18,"cube-319-stl-bin","post",1622653071386603691,1622653071399233203
18,"cube-2734-geo","mesh",1622653071399272711,1622653071412764353
18,"cube-2734-geo","prep",1622653071413626224,1622653071413912319
18,"cube-2734-geo","zzzz",1622653071413914211,1622653071418674679,324,681,2043
18,"cube-2734-geo","post",1622653071418690228,1622653071418870201
18,"cube-1851-asc","prep",1622653071418885402,1622653071419456421
18,"cube-1851-asc","zzzz",1622653071419458061,1622653071436821676,1037,1819,5457
18,"cube-1851-asc","post",1622653071436836699,1622653071436959852
18,"cube-3648-asc","prep",1622653071436983205,1622653071438104169
18,"cube-3648-asc","zzzz",1622653071438105795,1622653071491778656,2439,4187,12561
18,"cube-3648-asc","post",1622653071491797118,1622653071492066122
18,"cube-2623-asc","prep",1622653071492090378,1622653071778847646
18,"cube-2623-asc","zzzz",1622653071778854967,1622653164693711197,504236,699900,2099700
18,"cube-2623-asc","post",1622653164693726327,1622653164765265044
18,"cube-828-geo","mesh",1622653164765310807,1622653175683143367
18,"cube-828-geo","prep",1622653175683987088,1622653176779876247
18,"cube-828-geo","zzzz",1622653176779881535,1622653398383118969,950936,1306641,3919923
18,"cube-828-geo","post",1622653398383132618,1622653398844960864
18,"cube-97-bin","prep",1622653398845090945,1622653398946212895
18,"cube-97-bin","zzzz",1622653398946219756,1622653407852928754,100495,144481,433443
18,"cube-97-bin","post",1622653407852938115,1622653407890882637
18,"cube-2852-asc","prep",1622653407890931495,1622653408741313813
18,"cube-2852-asc","zzzz",1622653408741320739,1622653844712995761,1586720,2170537,6511611
18,"cube-2852-asc","post",1622653844713009096,1622653844850998397
18,"cube-696-asc","prep",1622653844851431249,1622653844861157318
18,"cube-696-asc","zzzz",1622653844861160984,1622653844869013873,499,996,2988
18,"cube-696-asc","post",1622653844869024109,1622653844869426423
18,"cube-53-stl-bin","mesh",1622653844869467276,1622653844929203182
18,"cube-53-stl-bin","prep",1622653844930098049,1622653844930412475
18,"cube-53-stl-bin","zzzz",1622653844930414405,1622653844940481731,342,1203,3609
18,"cube-53-stl-bin","post",1622653844940491654,1622653844940812701
18,"cube-558-bin","prep",1622653844940847447,1622653844941464326
18,"cube-558-bin","zzzz",1622653844941468362,1622653844944782878,244,513,1539
18,"cube-558-bin","post",1622653844944792778,1622653844945012042
18,"cube-227-asc","prep",1622653844945046036,1622653845070534689
18,"cube-227-asc","zzzz",1622653845070541331,1622653877280764840,245045,344890,1034670
18,"cube-227-asc","post",1622653877280772101,1622653877302022948
18,"cube-634-asc","prep",1622653877302065365,1622653877308542596
18,"cube-634-asc","zzzz",1622653877308546234,1622653877774832448,12211,18987,56961
18,"cube-634-asc","post",1622653877775390816,1622653877777274981
18,"cube-3560-bin","prep",1622653877777303624,1622653877777629145
18,"cube-3560-bin","zzzz",1622653877777630718,1622653877780951603,245,514,1542
18,"cube-3560-bin","post",1622653877780961792,1622653877781165837
18,"cube-3443-bin","prep",1622653877781201425,1622653877782417768
18,"cube-3443-bin","zzzz",1622653877782419687,1622653877814913869,1613,2915,8745
18,"cube-3443-bin","post",1622653877814923842,1622653877815813848
18,"cube-1040-geo","mesh",1622653877815864578,1622653877827076164
18,"cube-1040-geo","prep",1622653877827974470,1622653877828243884
18,"cube-1040-geo","zzzz",1622653877828245532,1622653877833032227,325,682,2046
18,"cube-1040-geo","post",1622653877833042132,1622653877833457337
18,"cube-3497-bin","prep",1622653877833494294,1622653878330997689
18,"cube-3497-bin","zzzz",1622653878331003864,1622654088912197262,914490,1257562,3772686
18,"cube-3497-bin","post",1622654088912211671,1622654088993274751
18,"cube-364-bin.cgns","prep",1622654088993319420,1622654089011483469
18,"cube-364-bin.cgns","zzzz",1622654089011489313,1622654089037739328,1372,2483,7449
18,"cube-364-bin.cgns","post",1622654089037755670,1622654089037785950
18,"cube-1863-bin.cgns","prep",1622654089037864620,1622654089038277291
18,"cube-1863-bin.cgns","zzzz",1622654089038279856,1622654089040132159,142,327,981
18,"cube-1863-bin.cgns","post",1622654089040147560,1622654089040164237
18,"cube-3477-geo","mesh",1622654089040226912,1622654089098600703
18,"cube-3477-geo","prep",1622654089099447894,1622654089101619821
18,"cube-3477-geo","zzzz",1622654089101621947,1622654089187967643,3529,5846,17538
18,"cube-3477-geo","post",1622654089187972870,1622654089188798211
18,"cube-1267-asc","prep",1622654089189342346,1622654089269855741
18,"cube-1267-asc","zzzz",1622654089269862765,1622654103445917599,139635,198168,594504
18,"cube-1267-asc","post",1622654103445928388,1622654103458819317
18,"cube-513-asc","prep",1622654103458865459,1622654103460676335
18,"cube-513-asc","zzzz",1622654103460679994,1622654103547359049,3561,5864,17592
18,"cube-513-asc","post",1622654103547360510,1622654103547696199
18,"cube-3633-geo","mesh",1622654103547715865,1622654103787800004
18,"cube-3633-geo","prep",1622654103788675977,1622654103803863413
18,"cube-3633-geo","zzzz",1622654103803866661,1622654104615551283,18394,27855,83565
18,"cube-3633-geo","post",1622654104615562244,1622654104630563477
18,"cube-2541-bin","prep",1622654104631693539,1622654104672087565
18,"cube-2541-bin","zzzz",1622654104672094215,1622654110717280237,76434,111000,333000
18,"cube-2541-bin","post",1622654110717287953,1622654110723847718
18,"cube-1853-bin","prep",1622654110723887562,1622654110724367763
18,"cube-1853-bin","zzzz",1622654110724369331,1622654110736783593,758,1411,4233
18,"cube-1853-bin","post",1622654110736798039,1622654110736913470
18,"cube-1897-stl-bin","mesh",1622654110736929497,1622654111164922171
18,"cube-1897-stl-bin","prep",1622654111165838224,1622654111216825119
18,"cube-1897-stl-bin","zzzz",1622654111216831838,1622654114221730640,39014,68757,206271
18,"cube-1897-stl-bin","post",1622654114221753350,1622654114257946195
18,"cube-2746-asc","prep",1622654114257978748,1622654114270245113
18,"cube-2746-asc","zzzz",1622654114270248007,1622654114841399277,14153,21833,65499
18,"cube-2746-asc","post",1622654114841409378,1622654114842944917
18,"cube-2506-geo","mesh",1622654114842970245,1622654114973284481
18,"cube-2506-geo","prep",1622654114974120243,1622654114980995269
18,"cube-2506-geo","zzzz",1622654114980997922,1622654115330016348,9830,15506,46518
18,"cube-2506-geo","post",1622654115330026294,1622654115334394735
18,"cube-605-bin","prep",1622654115334411224,1622654115335573530
18,"cube-605-bin","zzzz",1622654115335575244,1622654115337342214,141,320,960
18,"cube-605-bin","post",1622654115337345656,1622654115337532717
18,"cube-2927-geo","mesh",1622654115337558286,1622654115345483409
18,"cube-2927-geo","prep",1622654115346272690,1622654115346442638
18,"cube-2927-geo","zzzz",1622654115346444249,1622654115349763409,245,514,1542
18,"cube-2927-geo","post",1622654115349773486,1622654115350113766
18,"cube-3329-bin","prep",1622654115350146227,1622654115360404291
18,"cube-3329-bin","zzzz",1622654115360406312,1622654116318111022,20886,31245,93735
18,"cube-3329-bin","post",1622654116318122285,1622654116320114088
18,"cube-603-asc","prep",1622654116320130715,1622654116857042507
18,"cube-603-asc","zzzz",1622654116857048284,1622654320847101363,892879,1227925,3683775
18,"cube-603-asc","post",1622654320847114861,1622654321050947429
18,"cube-1496-bin","prep",1622654321050984959,1622654321920338620
18,"cube-1496-bin","zzzz",1622654321920345160,1622654809307324608,1726795,2359846,7079538
18,"cube-1496-bin","post",1622654809307348063,1622654809472118211
18,"cube-1532-stl-bin","mesh",1622654809472713593,1622654809491161555
18,"cube-1532-stl-bin","prep",1622654809492048302,1622654809492898161
18,"cube-1532-stl-bin","zzzz",1622654809492901046,1622654809537597243,1334,3681,11043
18,"cube-1532-stl-bin","post",1622654809537616302,1622654809538026336
18,"cube-1147-geo","mesh",1622654809538256291,1622654809656902081
18,"cube-1147-geo","prep",1622654809657773097,1622654809663089703
18,"cube-1147-geo","zzzz",1622654809663093818,1622654809948753951,8543,13495,40485
18,"cube-1147-geo","post",1622654809948762610,1622654809953365532
18,"cube-3617-geo","mesh",1622654809953403127,1622654809961679826
18,"cube-3617-geo","prep",1622654809962573818,1622654809962733486
18,"cube-3617-geo","zzzz",1622654809962735181,1622654809964832712,158,361,1083
18,"cube-3617-geo","post",1622654809964848307,1622654809964966528
18,"cube-1722-geo","mesh",1622654809964981426,1622654810048717354
18,"cube-1722-geo","prep",1622654810049529380,1622654810052757379
18,"cube-1722-geo","zzzz",1622654810052759846,1622654810216978292,5739,9167,27501
18,"cube-1722-geo","post",1622654810216998416,1622654810219619728
18,"cube-1141-bin","prep",1622654810219656259,1622654810428221678
18,"cube-1141-bin","zzzz",1622654810428228458,1622654875528714888,396247,552416,1657248
18,"cube-1141-bin","post",1622654875528728220,1622654875573991480
18,"cube-7-geo","mesh",1622654875574035341,1622654886682469187
18,"cube-7-geo","prep",1622654886683343755,1622654887779047995
18,"cube-7-geo","zzzz",1622654887779054901,1622655137166757949,1039287,1427668,4283004
18,"cube-7-geo","post",1622655137166811119,1622655137458019275
18,"cube-3961-asc","prep",1622655137458157836,1622655137470569062
18,"cube-3961-asc","zzzz",1622655137470572862,1622655137602649776,4868,7874,23622
18,"cube-3961-asc","post",1622655137602653925,1622655137603702670
18,"cube-2301-geo","mesh",1622655137603727736,1622655138546724493
18,"cube-2301-geo","prep",1622655138552080537,1622655138602828892
18,"cube-2301-geo","zzzz",1622655138602840623,1622655145208133883,81739,117885,353655
18,"cube-2301-geo","post",1622655145208145179,1622655145246616465
18,"cube-3435-geo","mesh",1622655145248883198,1622655145261491308
18,"cube-3435-geo","prep",1622655145262387690,1622655145262570696
18,"cube-3435-geo","zzzz",1622655145262572372,1622655145265744562,231,496,1488
18,"cube-3435-geo","post",1622655145265754525,1622655145265981056
18,"cube-3384-asc","prep",1622655145265995051,1622655145268948826
18,"cube-3384-asc","zzzz",1622655145268950893,1622655145428225537,5586,8973,26919
18,"cube-3384-asc","post",1622655145428235511,1622655145429865294
18,"cube-1129-asc","prep",1622655145429879055,1622655145942673648
18,"cube-1129-asc","zzzz",1622655145942678638,1622655380874353948,955637,1365142,4095426
18,"cube-1129-asc","post",1622655380874384821,1622655380959124770
18,"cube-3562-stl-bin","mesh",1622655380959165276,1622655381264277293
18,"cube-3562-stl-bin","prep",1622655381265122823,1622655381286331833
18,"cube-3562-stl-bin","zzzz",1622655381286336842,1622655383855747525,34691,61729,185187
18,"cube-3562-stl-bin","post",1622655383855756080,1622655383871230120
18,"cube-2219-geo","mesh",1622655383871271385,1622655383884465105
18,"cube-2219-geo","prep",1622655383885344358,1622655383885521232
18,"cube-2219-geo","zzzz",1622655383885522996,1622655383890247252,325,682,2046
18,"cube-2219-geo","post",1622655383890248494,1622655383890401070
18,"cube-1602-geo","mesh",1622655383890837919,1622655385762728406
18,"cube-1602-geo","prep",1622655385763593693,1622655385924785911
18,"cube-1602-geo","zzzz",1622655385924791112,1622655403129680403,159464,225959,677877
18,"cube-1602-geo","post",1622655403129693662,1622655403196107901
18,"cube-491-geo","mesh",1622655403196146688,1622655404082604789
18,"cube-491-geo","prep",1622655404086834208,1622655404128496773
18,"cube-491-geo","zzzz",1622655404128502260,1622655409453549802,70232,101778,305334
18,"cube-491-geo","post",1622655409453561725,1622655409479397595
18,"cube-2844-bin.cgns","prep",1622655409479430520,1622655409522030456
18,"cube-2844-bin.cgns","zzzz",1622655409522038223,1622655409551527218,1498,2709,8127
18,"cube-2844-bin.cgns","post",1622655409551537001,1622655409551644773
18,"cube-2480-bin","prep",1622655409551729344,1622655409552182287
18,"cube-2480-bin","zzzz",1622655409552186134,1622655409555657275,259,532,1596
18,"cube-2480-bin","post",1622655409555667157,1622655409555941310
18,"Proc","exit_task",1622650751065488961,1622655409595069018,4546352
