29,"build/tests/sizes/cube-2890-geo.geo","scan",1622650763764489685,1622650763788611968
29,"build/tests/sizes/cube-2890-geo.geo","chck",1622650763746122783,1622650763788808731
29,"build/tests/sizes/cube-1448-bin.vtk","scan",1622650763808569769,1622650764299996964
29,"build/tests/sizes/cube-1448-bin.vtk","chck",1622650763788812520,1622650764300009837
29,"build/tests/sizes/cube-3320-asc.mesh","scan",1622650764313161304,1622650764322577778
29,"build/tests/sizes/cube-3320-asc.mesh","chck",1622650764300011050,1622650764322581203
29,"build/tests/sizes/cube-1107-asc.bdf","scan",1622650764354067430,1622650764762130632
29,"build/tests/sizes/cube-1107-asc.bdf","chck",1622650764322582157,1622650764762153079
29,"build/tests/sizes/cube-1145-asc.mesh","scan",1622650764783663121,1622650764945199145
29,"build/tests/sizes/cube-1145-asc.mesh","chck",1622650764762154148,1622650764945204571
29,"build/tests/sizes/cube-846-stl-bin.geo","scan",1622650764975085161,1622650765212347792
29,"build/tests/sizes/cube-846-stl-bin.geo","chck",1622650764945205542,1622650765212354652
29,"build/tests/sizes/cube-2954-bin.cgns","scan",1622650765232456857,1622650765288903887
29,"build/tests/sizes/cube-2954-bin.cgns","chck",1622650765212355809,1622650765288909487
29,"build/tests/sizes/cube-2278-bin.cgns","scan",1622650765305334805,1622650765363855185
29,"build/tests/sizes/cube-2278-bin.cgns","chck",1622650765288910679,1622650765363860385
29,"build/tests/sizes/cube-2402-asc.msh2","scan",1622650765380218616,1622650781318671502
29,"build/tests/sizes/cube-2402-asc.msh2","chck",1622650765363861578,1622650781318704848
29,"build/tests/sizes/cube-3431-bin.vtk","scan",1622650781321846397,1622650781471580479
29,"build/tests/sizes/cube-3431-bin.vtk","chck",1622650781318706027,1622650781471585760
29,"build/tests/sizes/cube-563-asc.mesh","scan",1622650781475160139,1622650781497872603
29,"build/tests/sizes/cube-563-asc.mesh","chck",1622650781471586701,1622650781497877895
29,"build/tests/sizes/cube-1839-bin.msh2","scan",1622650781499087136,1622650781507926025
29,"build/tests/sizes/cube-1839-bin.msh2","chck",1622650781497878927,1622650781507931696
29,"build/tests/sizes/cube-2798-bin.cgns","scan",1622650781511902518,1622650781574979402
29,"build/tests/sizes/cube-2798-bin.cgns","chck",1622650781507932833,1622650781574986781
29,"build/tests/sizes/cube-3763-geo.geo_unrolled","scan",1622650781575967371,1622650781577528607
29,"build/tests/sizes/cube-3763-geo.geo_unrolled","chck",1622650781574987908,1622650781577533534
29,"build/tests/sizes/cube-1431-bin.msh4","scan",1622650781578635081,1622650781582548766
29,"build/tests/sizes/cube-1431-bin.msh4","chck",1622650781577534585,1622650781582553644
29,"build/tests/sizes/cube-2520-bin.msh2","scan",1622650781583228797,1622650791914774693
29,"build/tests/sizes/cube-2520-bin.msh2","chck",1622650781582554631,1622650791915634717
29,"build/tests/sizes/cube-3946-bin.msh2","scan",1622650791919153041,1622650792209101410
29,"build/tests/sizes/cube-3946-bin.msh2","chck",1622650791915637020,1622650792209107724
29,"build/tests/sizes/cube-1038-geo.geo_unrolled","scan",1622650792210384756,1622650792211587532
29,"build/tests/sizes/cube-1038-geo.geo_unrolled","chck",1622650792209109227,1622650792211592685
29,"build/tests/sizes/cube-3046-asc.mesh","scan",1622650792212097068,1622650792236171142
29,"build/tests/sizes/cube-3046-asc.mesh","chck",1622650792211593991,1622650792236177770
29,"build/tests/sizes/cube-1193-bin.msh2","scan",1622650792252873629,1622650792342949014
29,"build/tests/sizes/cube-1193-bin.msh2","chck",1622650792236178758,1622650792342955499
29,"build/tests/sizes/cube-2489-asc.msh2","scan",1622650792343544346,1622650793137066201
29,"build/tests/sizes/cube-2489-asc.msh2","chck",1622650792342956958,1622650793137073222
29,"build/tests/sizes/cube-2430-geo.geo","scan",1622650793137937520,1622650793139594887
29,"build/tests/sizes/cube-2430-geo.geo","chck",1622650793137074368,1622650793139601022
29,"build/tests/sizes/cube-2195-asc.bdf","scan",1622650793140212561,1622650793149625004
29,"build/tests/sizes/cube-2195-asc.bdf","chck",1622650793139602012,1622650793149632060
29,"build/tests/sizes/cube-2356-bin.msh2","scan",1622650793150726119,1622650794117995419
29,"build/tests/sizes/cube-2356-bin.msh2","chck",1622650793149638552,1622650794118012279
29,"build/tests/sizes/cube-1884-bin.msh4","scan",1622650794119539774,1622650794165439575
29,"build/tests/sizes/cube-1884-bin.msh4","chck",1622650794118013651,1622650794165445766
29,"build/tests/sizes/cube-701-bin.msh2","scan",1622650794182347908,1622650794190865386
29,"build/tests/sizes/cube-701-bin.msh2","chck",1622650794165446696,1622650794190872409
29,"build/tests/sizes/cube-2510-asc.mesh","scan",1622650794191418809,1622650794235387456
29,"build/tests/sizes/cube-2510-asc.mesh","chck",1622650794190873568,1622650794235394468
29,"build/tests/sizes/cube-1051-bin.msh4","scan",1622650794256765206,1622650795460551279
29,"build/tests/sizes/cube-1051-bin.msh4","chck",1622650794235395724,1622650795460557016
29,"build/tests/sizes/cube-2790-bin.msh4","scan",1622650795461153396,1622650795578455116
29,"build/tests/sizes/cube-2790-bin.msh4","chck",1622650795460558048,1622650795578462635
29,"build/tests/sizes/cube-1220-bin.msh2","scan",1622650795601433422,1622650795639989711
29,"build/tests/sizes/cube-1220-bin.msh2","chck",1622650795578464189,1622650795639996344
29,"build/tests/sizes/cube-1386-geo.geo_unrolled","scan",1622650795663176590,1622650795664484578
29,"build/tests/sizes/cube-1386-geo.geo_unrolled","chck",1622650795639997790,1622650795664490479
29,"build/tests/sizes/cube-893-geo.geo_unrolled","scan",1622650795665810558,1622650795666825156
29,"build/tests/sizes/cube-893-geo.geo_unrolled","chck",1622650795664491622,1622650795666832762
29,"build/tests/sizes/cube-1441-asc.mesh","scan",1622650795680553554,1622650800096932578
29,"build/tests/sizes/cube-1441-asc.mesh","chck",1622650795666833719,1622650800096939264
29,"build/tests/sizes/cube-295-geo.geo","scan",1622650800098313189,1622650800099680738
29,"build/tests/sizes/cube-295-geo.geo","chck",1622650800096940378,1622650800099685143
29,"build/tests/sizes/cube-2615-bin.cgns","scan",1622650800104532322,1622650800168951617
29,"build/tests/sizes/cube-2615-bin.cgns","chck",1622650800099686521,1622650800168958565
29,"build/tests/sizes/cube-3579-geo.geo_unrolled","scan",1622650800169654547,1622650800170918864
29,"build/tests/sizes/cube-3579-geo.geo_unrolled","chck",1622650800168959756,1622650800170924343
29,"build/tests/sizes/cube-1-asc.bdf","scan",1622650800205395894,1622650813186742997
29,"build/tests/sizes/cube-1-asc.bdf","chck",1622650800170925511,1622650813186759058
29,"build/tests/sizes/cube-63-geo.geo","scan",1622650813208837848,1622650813409379794
29,"build/tests/sizes/cube-63-geo.geo","chck",1622650813186760314,1622650813409388690
29,"build/tests/sizes/cube-3051-asc.msh2","scan",1622650813414426688,1622650816878354309
29,"build/tests/sizes/cube-3051-asc.msh2","chck",1622650813409390255,1622650816878369168
29,"build/tests/sizes/cube-3645-asc.msh2","scan",1622650816879101896,1622650817181068631
29,"build/tests/sizes/cube-3645-asc.msh2","chck",1622650816878370901,1622650817181075895
29,"build/tests/sizes/cube-1571-bin.msh4","scan",1622650817182585394,1622650817192806988
29,"build/tests/sizes/cube-1571-bin.msh4","chck",1622650817181077099,1622650817192813323
29,"build/tests/sizes/cube-749-bin.msh4","scan",1622650817194414924,1622650817222070237
29,"build/tests/sizes/cube-749-bin.msh4","chck",1622650817192814450,1622650817222078418
29,"build/tests/sizes/cube-2860-bin.msh2","scan",1622650817222856557,1622650824532736156
29,"build/tests/sizes/cube-2860-bin.msh2","chck",1622650817222079738,1622650824532743076
29,"build/tests/sizes/cube-3394-bin.msh4","scan",1622650824536027223,1622650824835234863
29,"build/tests/sizes/cube-3394-bin.msh4","chck",1622650824532744052,1622650824835241253
29,"build/tests/sizes/cube-1572-geo.geo_unrolled","scan",1622650824851033857,1622650824852248548
29,"build/tests/sizes/cube-1572-geo.geo_unrolled","chck",1622650824835242425,1622650824852254008
29,"build/tests/sizes/cube-711-asc.bdf","scan",1622650824871254686,1622650824881283024
29,"build/tests/sizes/cube-711-asc.bdf","chck",1622650824852255134,1622650824881288843
29,"build/tests/sizes/cube-1355-asc.msh2","scan",1622650824901647674,1622650824912789860
29,"build/tests/sizes/cube-1355-asc.msh2","chck",1622650824881517713,1622650824912796211
29,"build/tests/sizes/cube-2561-geo.geo","scan",1622650824913353861,1622650824914686739
29,"build/tests/sizes/cube-2561-geo.geo","chck",1622650824912797394,1622650824914696395
29,"build/tests/sizes/cube-3745-asc.msh2","scan",1622650824915223888,1622650825025159477
29,"build/tests/sizes/cube-3745-asc.msh2","chck",1622650824914697362,1622650825025165558
29,"build/tests/sizes/cube-3962-bin.vtk","scan",1622650825025787911,1622650825027284613
29,"build/tests/sizes/cube-3962-bin.vtk","chck",1622650825025166500,1622650825027288774
29,"build/tests/sizes/cube-2530-geo.geo","scan",1622650825027819582,1622650825029097488
29,"build/tests/sizes/cube-2530-geo.geo","chck",1622650825027289668,1622650825029102318
29,"build/tests/sizes/cube-2169-asc.mesh","scan",1622650825044573603,1622650830140529363
29,"build/tests/sizes/cube-2169-asc.mesh","chck",1622650825029103360,1622650830140536117
29,"build/tests/sizes/cube-442-bin.cgns","scan",1622650830168476192,1622650830295728823
29,"build/tests/sizes/cube-442-bin.cgns","chck",1622650830140537294,1622650830295734477
29,"build/tests/sizes/cube-1613-asc.msh2","scan",1622650830366956003,1622650830525561263
29,"build/tests/sizes/cube-1613-asc.msh2","chck",1622650830295735438,1622650830525567517
29,"build/tests/sizes/cube-2730-asc.mesh","scan",1622650830526270386,1622650834503370669
29,"build/tests/sizes/cube-2730-asc.mesh","chck",1622650830525568701,1622650834503378724
29,"build/tests/sizes/cube-2394-asc.bdf","scan",1622650834504132177,1622650837984433190
29,"build/tests/sizes/cube-2394-asc.bdf","chck",1622650834503379930,1622650837984441936
29,"build/tests/sizes/cube-223-bin.msh4","scan",1622650838007335247,1622650838095689891
29,"build/tests/sizes/cube-223-bin.msh4","chck",1622650837984443145,1622650838095697082
29,"build/tests/sizes/cube-3190-asc.mesh","scan",1622650838096527287,1622650838101491036
29,"build/tests/sizes/cube-3190-asc.mesh","chck",1622650838095698309,1622650838101495560
29,"build/tests/sizes/cube-1023-bin.vtk","scan",1622650838114576829,1622650839137998506
29,"build/tests/sizes/cube-1023-bin.vtk","chck",1622650838101496483,1622650839138005920
29,"build/tests/sizes/cube-3587-bin.vtk","scan",1622650839138727861,1622650839144009873
29,"build/tests/sizes/cube-3587-bin.vtk","chck",1622650839138006999,1622650839144015510
29,"build/tests/sizes/cube-1709-asc.bdf","scan",1622650839156698012,1622650839588857498
29,"build/tests/sizes/cube-1709-asc.bdf","chck",1622650839144016431,1622650839588864330
29,"build/tests/sizes/cube-3088-asc.msh2","scan",1622650839589636404,1622650839610448507
29,"build/tests/sizes/cube-3088-asc.msh2","chck",1622650839588865809,1622650839610454919
29,"build/tests/sizes/cube-579-asc.mesh","scan",1622650839622559294,1622650845597275819
29,"build/tests/sizes/cube-579-asc.mesh","chck",1622650839610455991,1622650845597282842
29,"build/tests/sizes/cube-2137-asc.bdf","scan",1622650845598108674,1622650845713488625
29,"build/tests/sizes/cube-2137-asc.bdf","chck",1622650845597283923,1622650845713495792
29,"build/tests/sizes/cube-2977-geo.geo_unrolled","scan",1622650845714164563,1622650845718448394
29,"build/tests/sizes/cube-2977-geo.geo_unrolled","chck",1622650845713497428,1622650845718453088
29,"build/tests/sizes/cube-1760-asc.mesh","scan",1622650845733577858,1622650845847110053
29,"build/tests/sizes/cube-1760-asc.mesh","chck",1622650845718454028,1622650845847117046
29,"build/tests/sizes/cube-3900-bin.cgns","scan",1622650845851338883,1622650845907458714
29,"build/tests/sizes/cube-3900-bin.cgns","chck",1622650845847118123,1622650845907464774
29,"build/tests/sizes/cube-2807-bin.msh2","scan",1622650845908198496,1622650845910477008
29,"build/tests/sizes/cube-2807-bin.msh2","chck",1622650845907465877,1622650845910481358
29,"build/tests/sizes/cube-2969-bin.cgns","scan",1622650845914570674,1622650845972390761
29,"build/tests/sizes/cube-2969-bin.cgns","chck",1622650845910482286,1622650845972397526
29,"build/tests/sizes/cube-2975-stl-bin.geo","scan",1622650845973293708,1622650845975835927
29,"build/tests/sizes/cube-2975-stl-bin.geo","chck",1622650845972398742,1622650845975840916
29,"build/tests/sizes/cube-4-geo.geo_unrolled","scan",1622650845989589782,1622650845990720013
29,"build/tests/sizes/cube-4-geo.geo_unrolled","chck",1622650845975842252,1622650845990724669
29,"build/tests/sizes/cube-3736-bin.msh2","scan",1622650845991241265,1622650845993389793
29,"build/tests/sizes/cube-3736-bin.msh2","chck",1622650845990725567,1622650845993393218
29,"build/tests/sizes/cube-2081-asc.mesh","scan",1622650845993905764,1622650846157324899
29,"build/tests/sizes/cube-2081-asc.mesh","chck",1622650845993394115,1622650846157332181
29,"build/tests/sizes/cube-444-bin.cgns","scan",1622650846179855895,1622650846361737343
29,"build/tests/sizes/cube-444-bin.cgns","chck",1622650846157333292,1622650846361744188
29,"build/tests/sizes/cube-1339-bin.cgns","scan",1622650846367604585,1622650846433304598
29,"build/tests/sizes/cube-1339-bin.cgns","chck",1622650846361745298,1622650846433311028
29,"build/tests/sizes/cube-2912-bin.msh4","scan",1622650846434180051,1622650846435920759
29,"build/tests/sizes/cube-2912-bin.msh4","chck",1622650846433312247,1622650846435925098
29,"build/tests/sizes/cube-2966-stl-bin.geo","scan",1622650846436455222,1622650846540133764
29,"build/tests/sizes/cube-2966-stl-bin.geo","chck",1622650846435926188,1622650846540139387
29,"build/tests/sizes/cube-2983-geo.geo","scan",1622650846540942262,1622650846542259807
29,"build/tests/sizes/cube-2983-geo.geo","chck",1622650846540140541,1622650846542264572
29,"build/tests/sizes/cube-468-bin.vtk","scan",1622650846543759582,1622650846567821506
29,"build/tests/sizes/cube-468-bin.vtk","chck",1622650846542265560,1622650846567827752
29,"build/tests/sizes/cube-1075-bin.msh4","scan",1622650846586905099,1622650847952921036
29,"build/tests/sizes/cube-1075-bin.msh4","chck",1622650846567828654,1622650847952929202
29,"build/tests/sizes/cube-1399-stl-bin.geo","scan",1622650847954627328,1622650848799124378
29,"build/tests/sizes/cube-1399-stl-bin.geo","chck",1622650847952930291,1622650848799131290
29,"build/tests/sizes/cube-3471-geo.geo_unrolled","scan",1622650848802789004,1622650848812884565
29,"build/tests/sizes/cube-3471-geo.geo_unrolled","chck",1622650848799132456,1622650848812891233
29,"build/tests/sizes/cube-1968-asc.mesh","scan",1622650848813395185,1622650849341311832
29,"build/tests/sizes/cube-1968-asc.mesh","chck",1622650848812892266,1622650849341318465
29,"build/tests/sizes/cube-1485-geo.geo_unrolled","scan",1622650849360877224,1622650849362075363
29,"build/tests/sizes/cube-1485-geo.geo_unrolled","chck",1622650849341319561,1622650849362079545
29,"build/tests/sizes/cube-1970-geo.geo","scan",1622650849381913717,1622650849383240851
29,"build/tests/sizes/cube-1970-geo.geo","chck",1622650849362080485,1622650849383245416
29,"build/tests/sizes/cube-3571-bin.cgns","scan",1622650849388211746,1622650849447004164
29,"build/tests/sizes/cube-3571-bin.cgns","chck",1622650849383246364,1622650849447010645
29,"build/tests/sizes/cube-1358-asc.mesh","scan",1622650849465962249,1622650849482926866
29,"build/tests/sizes/cube-1358-asc.mesh","chck",1622650849447011813,1622650849482933266
29,"build/tests/sizes/cube-218-asc.msh2","scan",1622650849499524547,1622650849675857413
29,"build/tests/sizes/cube-218-asc.msh2","chck",1622650849482934368,1622650849675863335
29,"build/tests/sizes/cube-618-geo.geo","scan",1622650849698012853,1622650849699293438
29,"build/tests/sizes/cube-618-geo.geo","chck",1622650849675864224,1622650849699297479
29,"build/tests/sizes/cube-228-asc.bdf","scan",1622650849721788834,1622650849731601037
29,"build/tests/sizes/cube-228-asc.bdf","chck",1622650849699298424,1622650849731606129
29,"build/tests/sizes/cube-2457-geo.geo_unrolled","scan",1622650849732132166,1622650849733433408
29,"build/tests/sizes/cube-2457-geo.geo_unrolled","chck",1622650849731606994,1622650849733437153
29,"build/tests/sizes/cube-1973-asc.bdf","scan",1622650849758403968,1622650851128822493
29,"build/tests/sizes/cube-1973-asc.bdf","chck",1622650849733438006,1622650851129125856
29,"build/tests/sizes/cube-2806-asc.bdf","scan",1622650851129762827,1622650851353668586
29,"build/tests/sizes/cube-2806-asc.bdf","chck",1622650851129128158,1622650851353674888
29,"build/tests/sizes/cube-3314-bin.vtk","scan",1622650851354356379,1622650851361411317
29,"build/tests/sizes/cube-3314-bin.vtk","chck",1622650851353676009,1622650851361416938
29,"build/tests/sizes/cube-3023-bin.msh4","scan",1622650851361946822,1622650851798985812
29,"build/tests/sizes/cube-3023-bin.msh4","chck",1622650851361418121,1622650851798993019
29,"build/tests/sizes/cube-3441-bin.vtk","scan",1622650851799792827,1622650852778986128
29,"build/tests/sizes/cube-3441-bin.vtk","chck",1622650851798994432,1622650852779003545
29,"build/tests/sizes/cube-2655-asc.mesh","scan",1622650852779698361,1622650852797643027
29,"build/tests/sizes/cube-2655-asc.mesh","chck",1622650852779004766,1622650852797649014
29,"build/tests/sizes/cube-1792-bin.msh4","scan",1622650852799268127,1622650852812481905
29,"build/tests/sizes/cube-1792-bin.msh4","chck",1622650852797649907,1622650852812487650
29,"build/tests/sizes/cube-1297-asc.bdf","scan",1622650852825261552,1622650852858932750
29,"build/tests/sizes/cube-1297-asc.bdf","chck",1622650852812488555,1622650852858939261
29,"build/tests/sizes/cube-622-stl-bin.geo","scan",1622650852872813722,1622650852882675502
29,"build/tests/sizes/cube-622-stl-bin.geo","chck",1622650852858940360,1622650852882680741
29,"cube-622-stl-bin","mesh",1622650852883821785,1622650852923215193
29,"cube-622-stl-bin","prep",1622650852924073904,1622650852926050119
29,"cube-622-stl-bin","zzzz",1622650852926054631,1622650853058576500,3461,7896,23688
29,"cube-622-stl-bin","post",1622650853058585769,1622650853059053597
29,"cube-2655-asc","prep",1622650853059314059,1622650853061739127
29,"cube-2655-asc","zzzz",1622650853061741511,1622650853235781983,5957,9546,28638
29,"cube-2655-asc","post",1622650853235791037,1622650853236413654
29,"cube-846-stl-bin","mesh",1622650853236486241,1622650855924733297
29,"cube-846-stl-bin","prep",1622650855985198912,1622650856163705285
29,"cube-846-stl-bin","zzzz",1622650856163712469,1622650893661595249,242326,381964,1145892
29,"cube-846-stl-bin","post",1622650893661605659,1622650893713457863
29,"cube-3320-asc","prep",1622650893713497342,1622650893715531570
29,"cube-3320-asc","zzzz",1622650893715533757,1622650893721127038,370,775,2325
29,"cube-3320-asc","post",1622650893721128211,1622650893721194509
29,"cube-1-asc","prep",1622650893721217573,1622650894313663626
29,"cube-1-asc","zzzz",1622650894313668794,1622651291578620967,1010865,2024366,6073098
29,"cube-1-asc","post",1622651291578634889,1622651291689268530
29,"cube-1145-asc","prep",1622651291689561294,1622651291719657997
29,"cube-1145-asc","zzzz",1622651291719662093,1622651294107430143,39772,58713,176139
29,"cube-1145-asc","post",1622651294107440741,1622651294111136595
29,"cube-1839-bin","prep",1622651294111166802,1622651294111987512
29,"cube-1839-bin","zzzz",1622651294111989338,1622651294137817388,1361,2452,7356
29,"cube-1839-bin","post",1622651294137827462,1622651294138339650
29,"cube-2510-asc","prep",1622651294138580626,1622651294145289773
29,"cube-2510-asc","zzzz",1622651294145291834,1622651294620593159,12390,19219,57657
29,"cube-2510-asc","post",1622651294620603077,1622651294622384320
29,"cube-1220-bin","prep",1622651294622518946,1622651294624544990
29,"cube-1220-bin","zzzz",1622651294624546942,1622651294723209547,3918,6418,19254
29,"cube-1220-bin","post",1622651294723219599,1622651294724092003
29,"cube-3579-geo","mesh",1622651294724181069,1622651297161412737
29,"cube-3579-geo","prep",1622651297162239237,1622651297395881150
29,"cube-3579-geo","zzzz",1622651297395886187,1622651325110235507,221652,311700,935100
29,"cube-3579-geo","post",1622651325110249560,1622651325185903068
29,"cube-893-geo","mesh",1622651325185969741,1622651325206438808
29,"cube-893-geo","prep",1622651325207251304,1622651325207467910
29,"cube-893-geo","zzzz",1622651325207469995,1622651325210805139,251,522,1566
29,"cube-893-geo","post",1622651325210809155,1622651325211160749
29,"cube-1355-asc","prep",1622651325211188835,1622651325211681400
29,"cube-1355-asc","zzzz",1622651325211682827,1622651325217328581,369,774,2322
29,"cube-1355-asc","post",1622651325217338614,1622651325217617415
29,"cube-3763-geo","mesh",1622651325217630481,1622651325234966661
29,"cube-3763-geo","prep",1622651325235701323,1622651325236249958
29,"cube-3763-geo","zzzz",1622651325236251681,1622651325248538674,748,1399,4197
29,"cube-3763-geo","post",1622651325248556432,1622651325248762740
29,"cube-1441-asc","prep",1622651325248778106,1622651325969767631
29,"cube-1441-asc","zzzz",1622651325969775163,1622651670641072911,1327747,1819834,5459502
29,"cube-1441-asc","post",1622651670641086569,1622651670749829265
29,"cube-444-bin.cgns","prep",1622651670750254020,1622651670968086467
29,"cube-444-bin.cgns","zzzz",1622651670968094728,1622651753493351750,464976,646855,1940565
29,"cube-444-bin.cgns","post",1622651753493402366,1622651753493797321
29,"cube-1339-bin.cgns","prep",1622651753493892817,1622651753698763271
29,"cube-1339-bin.cgns","zzzz",1622651753698772323,1622652011629963523,1066236,1464196,4392588
29,"cube-1339-bin.cgns","post",1622652011629976628,1622652011630051727
29,"cube-2081-asc","prep",1622652011630195473,1622652011654668623
29,"cube-2081-asc","zzzz",1622652011654671902,1622652015466947419,55122,80888,242664
29,"cube-2081-asc","post",1622652015466958113,1622652015471574710
29,"cube-1386-geo","mesh",1622652015471611882,1622652016834395766
29,"cube-1386-geo","prep",1622652016835210254,1622652016971127400
29,"cube-1386-geo","zzzz",1622652016971132094,1622652027972527008,117161,166816,500448
29,"cube-1386-geo","post",1622652027972540354,1622652028032116902
29,"cube-2278-bin.cgns","prep",1622652028032164538,1622652028043468947
29,"cube-2278-bin.cgns","zzzz",1622652028043471916,1622652028054410097,664,1281,3843
29,"cube-2278-bin.cgns","post",1622652028054420111,1622652028054482822
29,"cube-1572-geo","mesh",1622652028054582834,1622652029669703248
29,"cube-1572-geo","prep",1622652029670494257,1622652029822889609
29,"cube-1572-geo","zzzz",1622652029822894939,1622652043974486432,139447,197917,593751
29,"cube-1572-geo","post",1622652043974500329,1622652044043579594
29,"cube-2356-bin","prep",1622652044043643648,1622652044187975392
29,"cube-2356-bin","zzzz",1622652044187980788,1622652067404584747,195679,276630,829890
29,"cube-2356-bin","post",1622652067404596468,1622652067466279680
29,"cube-3051-asc","prep",1622652067466320522,1622652067720761587
29,"cube-3051-asc","zzzz",1622652067720767596,1622652146320041008,450249,626264,1878792
29,"cube-3051-asc","post",1622652146320054513,1622652146385996387
29,"cube-442-bin.cgns","prep",1622652146386029337,1622652146428295808
29,"cube-442-bin.cgns","zzzz",1622652146428301147,1622652146596751016,5853,9331,27993
29,"cube-442-bin.cgns","post",1622652146596761238,1622652146596826726
29,"cube-3900-bin.cgns","prep",1622652146596939548,1622652146597797208
29,"cube-3900-bin.cgns","zzzz",1622652146597800065,1622652146693515193,3823,6283,18849
29,"cube-3900-bin.cgns","post",1622652146693525354,1622652146693571086
29,"cube-2954-bin.cgns","prep",1622652146693673463,1622652146694227811
29,"cube-2954-bin.cgns","zzzz",1622652146694230438,1622652146729524538,1734,3102,9306
29,"cube-2954-bin.cgns","post",1622652146729534524,1622652146729576467
29,"cube-2730-asc","prep",1622652146729667849,1622652147313196336
29,"cube-2730-asc","zzzz",1622652147313202106,1622652483314270581,1302688,1785373,5356119
29,"cube-2730-asc","post",1622652483314284825,1622652483418688766
29,"cube-1968-asc","prep",1622652483418729070,1622652483508547436
29,"cube-1968-asc","zzzz",1622652483508553755,1622652502464556507,170669,241239,723717
29,"cube-1968-asc","post",1622652502464572418,1622652502493362214
29,"cube-2561-geo","mesh",1622652502493401337,1622652519402253026
29,"cube-2561-geo","prep",1622652519403098755,1622652521043797497
29,"cube-2561-geo","zzzz",1622652521043804172,1622652940821384720,1541647,2109797,6329391
29,"cube-2561-geo","post",1622652940821399045,1622652941229024947
29,"cube-2615-bin.cgns","prep",1622652941229923525,1622652941283953466
29,"cube-2615-bin.cgns","zzzz",1622652941283960589,1622652957376478846,152286,215896,647688
29,"cube-2615-bin.cgns","post",1622652957376494342,1622652957376564396
29,"cube-2860-bin","prep",1622652957376711012,1622652958203508411
29,"cube-2860-bin","zzzz",1622652958203515076,1622653403886092043,1613735,2206703,6620109
29,"cube-2860-bin","post",1622653403886103334,1622653404028816784
29,"cube-3587-bin","prep",1622653404028859405,1622653404038246770
29,"cube-3587-bin","zzzz",1622653404038250507,1622653404122476997,3471,5744,17232
29,"cube-3587-bin","post",1622653404122484875,1622653404122916835
29,"cube-2912-bin","prep",1622653404122950772,1622653404123610431
29,"cube-2912-bin","zzzz",1622653404123612350,1622653404148942928,1321,2416,7248
29,"cube-2912-bin","post",1622653404148949677,1622653404149168771
29,"cube-749-bin","prep",1622653404149275740,1622653404171296628
29,"cube-749-bin","zzzz",1622653404171300783,1622653406733388502,41835,61586,184758
29,"cube-749-bin","post",1622653406733402946,1622653406737831821
29,"cube-2798-bin.cgns","prep",1622653406738078856,1622653406738655139
29,"cube-2798-bin.cgns","zzzz",1622653406738657477,1622653406743399969,322,677,2031
29,"cube-2798-bin.cgns","post",1622653406743410002,1622653406743470742
29,"cube-63-geo","mesh",1622653406743571392,1622653406750298449
29,"cube-63-geo","prep",1622653406751089634,1622653406751217626
29,"cube-63-geo","zzzz",1622653406751219048,1622653406752976165,138,311,933
29,"cube-63-geo","post",1622653406752986099,1622653406753240742
29,"cube-2890-geo","mesh",1622653406753255345,1622653406761143180
29,"cube-2890-geo","prep",1622653406761810179,1622653406761983252
29,"cube-2890-geo","zzzz",1622653406761984918,1622653406765162946,232,497,1491
29,"cube-2890-geo","post",1622653406765172974,1622653406765301841
29,"cube-3394-bin","prep",1622653406765315553,1622653406767090587
29,"cube-3394-bin","zzzz",1622653406767092619,1622653406854148040,3576,5879,17637
29,"cube-3394-bin","post",1622653406854158028,1622653406854964134
29,"cube-295-geo","mesh",1622653406854979036,1622653406927618154
29,"cube-295-geo","prep",1622653406928276919,1622653406931633676
29,"cube-295-geo","zzzz",1622653406931635828,1622653407074077055,5140,8299,24897
29,"cube-295-geo","post",1622653407074087279,1622653407076125102
29,"cube-1023-bin","prep",1622653407076141421,1622653407382491724
29,"cube-1023-bin","zzzz",1622653407382498460,1622653534166512946,622346,859866,2579598
29,"cube-1023-bin","post",1622653534166528112,1622653534219759266
29,"cube-3571-bin.cgns","prep",1622653534219795934,1622653534220957084
29,"cube-3571-bin.cgns","zzzz",1622653534220961243,1622653534428072667,6745,10779,32337
29,"cube-3571-bin.cgns","post",1622653534428082686,1622653534428143436
29,"cube-711-asc","prep",1622653534428261972,1622653534428857914
29,"cube-711-asc","zzzz",1622653534428862157,1622653534433687868,329,686,2058
29,"cube-711-asc","post",1622653534433698012,1622653534433922160
29,"cube-3645-asc","prep",1622653534433958305,1622653534453542517
29,"cube-3645-asc","zzzz",1622653534453544612,1622653536893855319,40403,59526,178578
29,"cube-3645-asc","post",1622653536893866365,1622653536897155356
29,"cube-3745-asc","prep",1622653536897175324,1622653536905221805
29,"cube-3745-asc","zzzz",1622653536905224339,1622653537494335702,14497,22307,66921
29,"cube-3745-asc","post",1622653537494345716,1622653537496996321
29,"cube-1051-bin","prep",1622653537497021968,1622653538360595058
29,"cube-1051-bin","zzzz",1622653538360601974,1622653936775521962,1482623,2028750,6086250
29,"cube-1051-bin","post",1622653936775536740,1622653936968922925
29,"cube-2195-asc","prep",1622653936968960965,1622653936982227451
29,"cube-2195-asc","zzzz",1622653936982231923,1622653937001970002,1127,2002,6006
29,"cube-2195-asc","post",1622653937001980196,1622653937002503985
29,"cube-1613-asc","prep",1622653937002762636,1622653937023905857
29,"cube-1613-asc","zzzz",1622653937023907829,1622653937411311345,10589,16673,50019
29,"cube-1613-asc","post",1622653937411320625,1622653937412341701
29,"cube-3431-bin","prep",1622653937412384606,1622653937419851825
29,"cube-3431-bin","zzzz",1622653937419855666,1622653937516903658,3866,6344,19032
29,"cube-3431-bin","post",1622653937516911925,1622653937518425640
29,"cube-2806-asc","prep",1622653937518459906,1622653937528477216
29,"cube-2806-asc","zzzz",1622653937528480243,1622653938568291426,22080,33060,99180
29,"cube-2806-asc","post",1622653938568304847,1622653938571009371
29,"cube-1448-bin","prep",1622653938571044713,1622653938717077799
29,"cube-1448-bin","zzzz",1622653938717084369,1622653979820476974,289546,406190,1218570
29,"cube-1448-bin","post",1622653979820490881,1622653979846418159
29,"cube-2402-asc","prep",1622653979846454058,1622653981076500071
29,"cube-2402-asc","zzzz",1622653981076506501,1622654714617613532,2352729,3206617,9619851
29,"cube-2402-asc","post",1622654714617666746,1622654714994225325
29,"cube-3190-asc","prep",1622654714994295592,1622654715000865598
29,"cube-3190-asc","zzzz",1622654715000869197,1622654715020072572,1097,1960,5880
29,"cube-3190-asc","post",1622654715020082720,1622654715020322934
29,"cube-1792-bin","prep",1622654715020367229,1622654715037133065
29,"cube-1792-bin","zzzz",1622654715037135469,1622654716125151037,22792,34155,102465
29,"cube-1792-bin","post",1622654716125167790,1622654716127800943
29,"cube-1884-bin","prep",1622654716127830912,1622654716175334442
29,"cube-1884-bin","zzzz",1622654716175338866,1622654719934488480,54718,80099,240297
29,"cube-1884-bin","post",1622654719934499320,1622654719954534219
29,"cube-3946-bin","prep",1622654719954623075,1622654719969322808
29,"cube-3946-bin","zzzz",1622654719969324886,1622654719974138867,328,685,2055
29,"cube-3946-bin","post",1622654719974149043,1622654719974704492
29,"cube-3441-bin","prep",1622654719974745113,1622654720323039571
29,"cube-3441-bin","zzzz",1622654720323045782,1622654876432302954,728753,1004700,3014100
29,"cube-3441-bin","post",1622654876432312516,1622654876496529873
29,"cube-468-bin","prep",1622654876496571802,1622654876520942885
29,"cube-468-bin","zzzz",1622654876520946424,1622654877168891638,15586,23851,71553
29,"cube-468-bin","post",1622654877168905110,1622654877173472081
29,"cube-3023-bin","prep",1622654877173508224,1622654877620945236
29,"cube-3023-bin","zzzz",1622654877620952362,1622655089021602806,917450,1261233,3783699
29,"cube-3023-bin","post",1622655089021655525,1622655089097456356
29,"cube-563-asc","prep",1622655089097528212,1622655089112311016
29,"cube-563-asc","zzzz",1622655089112315728,1622655089117548458,348,729,2187
29,"cube-563-asc","post",1622655089117558613,1622655089117815598
29,"cube-3046-asc","prep",1622655089117836961,1622655089129593351
29,"cube-3046-asc","zzzz",1622655089129595449,1622655089292005148,5692,9096,27288
29,"cube-3046-asc","post",1622655089292015452,1622655089293415928
29,"cube-1193-bin","prep",1622655089293580963,1622655089302819650
29,"cube-1193-bin","zzzz",1622655089302821582,1622655089586034166,8487,13407,40221
29,"cube-1193-bin","post",1622655089586044249,1622655089587796396
29,"cube-2137-asc","prep",1622655089587897284,1622655089595920796
29,"cube-2137-asc","zzzz",1622655089595922998,1622655090226050552,15245,23373,70119
29,"cube-2137-asc","post",1622655090226060491,1622655090227379792
29,"cube-3736-bin","prep",1622655090227400546,1622655090227599347
29,"cube-3736-bin","zzzz",1622655090227600377,1622655090232397287,326,683,2049
29,"cube-3736-bin","post",1622655090232407427,1622655090232557528
29,"cube-2430-geo","mesh",1622655090232616231,1622655097861908063
29,"cube-2430-geo","prep",1622655097863099962,1622655098573992836
29,"cube-2430-geo","zzzz",1622655098573998736,1622655211180654242,573908,794993,2384979
29,"cube-2430-geo","post",1622655211180667702,1622655211483948921
29,"cube-1973-asc","prep",1622655211484073158,1622655211594630232
29,"cube-1973-asc","zzzz",1622655211594636647,1622655231880142474,178715,252531,757593
29,"cube-1973-asc","post",1622655231880155570,1622655231895320700
29,"cube-701-bin","prep",1622655231895368696,1622655231918890204
29,"cube-701-bin","zzzz",1622655231918893683,1622655231922635742,269,564,1692
29,"cube-701-bin","post",1622655231923241147,1622655231923563346
29,"cube-2169-asc","prep",1622655231923604634,1622655232791973516
29,"cube-2169-asc","zzzz",1622655232791980872,1622655673332061628,1599878,2187570,6562710
29,"cube-2169-asc","post",1622655673332077128,1622655673482965354
29,"cube-3962-bin","prep",1622655673483000961,1622655673502412720
29,"cube-3962-bin","zzzz",1622655673502415751,1622655673507222323,327,684,2052
29,"cube-3962-bin","post",1622655673507232828,1622655673507452496
29,"cube-2394-asc","prep",1622655673507492762,1622655673756270781
29,"cube-2394-asc","zzzz",1622655673756277582,1622655758328763564,472626,657515,1972545
29,"cube-2394-asc","post",1622655758328776679,1622655758368462276
29,"cube-1107-asc","prep",1622655758368494157,1622655758412789875
29,"cube-1107-asc","zzzz",1622655758412794545,1622655761806843230,50806,74759,224277
29,"cube-1107-asc","post",1622655761806855169,1622655761812894240
29,"cube-223-bin","prep",1622655761812929747,1622655761833299404
29,"cube-223-bin","zzzz",1622655761833301725,1622655761998015438,5747,9186,27558
29,"cube-223-bin","post",1622655761998025586,1622655761998937784
29,"cube-1709-asc","prep",1622655761998970683,1622655762039725872
29,"cube-1709-asc","zzzz",1622655762039729475,1622655765007045624,46389,68115,204345
29,"cube-1709-asc","post",1622655765007055739,1622655765011321277
29,"cube-3314-bin","prep",1622655765011354827,1622655765017199196
29,"cube-3314-bin","zzzz",1622655765017202411,1622655765036545105,1104,1973,5919
29,"cube-3314-bin","post",1622655765036560427,1622655765036717549
29,"cube-2969-bin.cgns","prep",1622655765036737453,1622655765689161891
29,"cube-2969-bin.cgns","zzzz",1622655765689170758,1622656248479242007,1714177,2343133,7029399
29,"cube-2969-bin.cgns","post",1622656248479253674,1622656248479317714
29,"cube-579-asc","prep",1622656248479421393,1622656249508145268
29,"cube-579-asc","zzzz",1622656249508151235,1622656830418385061,1975750,2691909,8075727
29,"cube-579-asc","post",1622656830418403761,1622656830591598846
29,"cube-1358-asc","prep",1622656830591641092,1622656830591843413
29,"cube-1358-asc","zzzz",1622656830591844512,1622656830595211072,249,520,1560
29,"cube-1358-asc","post",1622656830595225398,1622656830595279580
29,"cube-2977-geo","mesh",1622656830595293782,1622656830630772124
29,"cube-2977-geo","prep",1622656830631595031,1622656830632630829
29,"cube-2977-geo","zzzz",1622656830632633004,1622656830657576855,1314,2389,7167
29,"cube-2977-geo","post",1622656830657582025,1622656830658291802
29,"cube-1760-asc","prep",1622656830658320386,1622656830671050758
29,"cube-1760-asc","zzzz",1622656830671053011,1622656831992904976,26265,39026,117078
29,"cube-1760-asc","post",1622656831992914591,1622656831995435529
29,"cube-1431-bin","prep",1622656831995466282,1622656831996478242
29,"cube-1431-bin","zzzz",1622656831996481192,1622656832026251960,1514,2729,8187
29,"cube-1431-bin","post",1622656832026266244,1622656832026571037
29,"cube-228-asc","prep",1622656832026933552,1622656832027315170
29,"cube-228-asc","zzzz",1622656832027316788,1622656832032024921,319,674,2022
29,"cube-228-asc","post",1622656832032029825,1622656832032109266
29,"cube-1571-bin","prep",1622656832032124716,1622656832040187220
29,"cube-1571-bin","zzzz",1622656832040189518,1622656832733965340,16351,24985,74955
29,"cube-1571-bin","post",1622656832733975157,1622656832735665446
29,"cube-2807-bin","prep",1622656832735706882,1622656832735967898
29,"cube-2807-bin","zzzz",1622656832735969107,1622656832740805310,331,688,2064
29,"cube-2807-bin","post",1622656832740810646,1622656832740884577
29,"cube-2530-geo","mesh",1622656832740900570,1622656841753672758
29,"cube-2530-geo","prep",1622656841754545211,1622656842550887094
29,"cube-2530-geo","zzzz",1622656842550892661,1622656965348500432,607720,841864,2525592
29,"cube-2530-geo","post",1622656965348516627,1622656965824591376
29,"cube-2975-stl-bin","mesh",1622656965824628311,1622656965995405532
29,"cube-2975-stl-bin","prep",1622656965996374817,1622656965996512703
29,"cube-2975-stl-bin","zzzz",1622656965996514493,1622656966000174593,141,554,1662
29,"cube-2975-stl-bin","post",1622656966000193572,1622656966000348420
29,"cube-4-geo","mesh",1622656966000400210,1622656966092102517
29,"cube-4-geo","prep",1622656966093121028,1622656966097219400
29,"cube-4-geo","zzzz",1622656966097221693,1622656966246334938,5339,8569,25707
29,"cube-4-geo","post",1622656966246344845,1622656966248532355
29,"cube-2966-stl-bin","mesh",1622656966248776504,1622656967830454478
29,"cube-2966-stl-bin","prep",1622656967839928819,1622656967996589342
29,"cube-2966-stl-bin","zzzz",1622656967996595532,1622656983508061552,129825,210616,631848
29,"cube-2966-stl-bin","post",1622656983508074870,1622656983620811334
29,"cube-2520-bin","prep",1622656983620847913,1622656985212807003
29,"cube-2520-bin","zzzz",1622656985212812535,1622657809703978252,2573099,3500412,10501236
29,"cube-2520-bin","post",1622657809703991828,1622657810146618455
29,"cube-3088-asc","prep",1622657810146672129,1622657810156064673
29,"cube-3088-asc","zzzz",1622657810156069385,1622657810163717082,483,976,2928
29,"cube-3088-asc","post",1622657810163727383,1622657810163988770
29,"cube-2489-asc","prep",1622657810164029451,1622657810240642939
29,"cube-2489-asc","zzzz",1622657810240648755,1622657819924473595,106731,152991,458973
29,"cube-2489-asc","post",1622657819924488011,1622657819946093406
29,"cube-2983-geo","mesh",1622657819946143877,1622657819960866522
29,"cube-2983-geo","prep",1622657819961951957,1622657819962166649
29,"cube-2983-geo","zzzz",1622657819962168690,1622657819965312084,234,499,1497
29,"cube-2983-geo","post",1622657819965316254,1622657819965461491
29,"cube-1075-bin","prep",1622657819965474123,1622657821023533448
29,"cube-1075-bin","zzzz",1622657821023538243,1622658400426565283,1966922,2686669,8060007
29,"cube-1075-bin","post",1622658400426579712,1622658400605071839
29,"cube-1399-stl-bin","mesh",1622658400605119398,1622658424301329857
29,"cube-1399-stl-bin","prep",1622658424302228894,1622658426554363109
29,"cube-1399-stl-bin","zzzz",1622658426554370211,1622659081069240777,2036148,2943868,8831604
29,"cube-1399-stl-bin","post",1622659081069296485,1622659081641083270
29,"cube-2790-bin","prep",1622659081641167528,1622659081782597618
29,"cube-2790-bin","zzzz",1622659081782605616,1622659110112381765,224971,316360,949080
29,"cube-2790-bin","post",1622659110112397453,1622659110133735216
29,"cube-3471-geo","mesh",1622659110133808399,1622659110652917832
29,"cube-3471-geo","prep",1622659110653783365,1622659110678669424
29,"cube-3471-geo","zzzz",1622659110678674339,1622659112672309509,35066,51802,155406
29,"cube-3471-geo","post",1622659112672321363,1622659112680386396
29,"cube-1485-geo","mesh",1622659112681139307,1622659112887007172
29,"cube-1485-geo","prep",1622659112887853860,1622659112895840104
29,"cube-1485-geo","zzzz",1622659112895842943,1622659113351298700,11958,18658,55974
29,"cube-1485-geo","post",1622659113351308690,1622659113353746468
29,"cube-618-geo","mesh",1622659113353765313,1622659113689529691
29,"cube-618-geo","prep",1622659113691308661,1622659113703711133
29,"cube-618-geo","zzzz",1622659113703715496,1622659114816825535,23133,34652,103956
29,"cube-618-geo","post",1622659114816835816,1622659114821630375
29,"cube-1038-geo","mesh",1622659114822107730,1622659114835137170
29,"cube-1038-geo","prep",1622659114836038652,1622659114836205090
29,"cube-1038-geo","zzzz",1622659114836207074,1622659114840239848,288,597,1791
29,"cube-1038-geo","post",1622659114840249879,1622659114840625438
29,"cube-1970-geo","mesh",1622659114840658631,1622659114850132168
29,"cube-1970-geo","prep",1622659114851007620,1622659114851186399
29,"cube-1970-geo","zzzz",1622659114851188152,1622659114854508434,245,514,1542
29,"cube-1970-geo","post",1622659114854518543,1622659114854773142
29,"cube-1297-asc","prep",1622659114854804107,1622659114855476052
29,"cube-1297-asc","zzzz",1622659114855477825,1622659114860706971,349,730,2190
29,"cube-1297-asc","post",1622659114860717132,1622659114860861896
29,"cube-218-asc","prep",1622659114860890670,1622659114873061831
29,"cube-218-asc","zzzz",1622659114873064316,1622659115826773088,20794,31143,93429
29,"cube-218-asc","post",1622659115826783080,1622659115828956196
29,"cube-2457-geo","mesh",1622659115829557446,1622659115867713826
29,"cube-2457-geo","prep",1622659115868535928,1622659115869290193
29,"cube-2457-geo","zzzz",1622659115869294033,1622659115898221823,1477,2670,8010
29,"cube-2457-geo","post",1622659115898231937,1622659115898957009
29,"Proc","exit_task",1622650751065558500,1622659116066656505,6270368
