34,"build/tests/sizes/cube-2600-bin.vtk","scan",1622650766749808859,1622650766757321839
34,"build/tests/sizes/cube-2600-bin.vtk","chck",1622650766738604552,1622650766757433254
34,"build/tests/sizes/cube-343-bin.cgns","scan",1622650766787515467,1622650766926124118
34,"build/tests/sizes/cube-343-bin.cgns","chck",1622650766757434623,1622650766926129487
34,"build/tests/sizes/cube-1659-asc.mesh","scan",1622650766930137758,1622650768514146491
34,"build/tests/sizes/cube-1659-asc.mesh","chck",1622650766926130576,1622650768514171217
34,"build/tests/sizes/cube-3741-asc.bdf","scan",1622650768514815452,1622650768800394115
34,"build/tests/sizes/cube-3741-asc.bdf","chck",1622650768514172480,1622650768800401203
34,"build/tests/sizes/cube-3602-bin.cgns","scan",1622650768807833345,1622650768867094127
34,"build/tests/sizes/cube-3602-bin.cgns","chck",1622650768800403043,1622650768867100508
34,"build/tests/sizes/cube-1447-asc.mesh","scan",1622650768870315774,1622650768894752820
34,"build/tests/sizes/cube-1447-asc.mesh","chck",1622650768867101695,1622650768894760097
34,"build/tests/sizes/cube-3831-stl-bin.geo","scan",1622650768897138699,1622650768944015210
34,"build/tests/sizes/cube-3831-stl-bin.geo","chck",1622650768894761427,1622650768944022119
34,"build/tests/sizes/cube-2919-geo.geo_unrolled","scan",1622650768946664882,1622650768949973240
34,"build/tests/sizes/cube-2919-geo.geo_unrolled","chck",1622650768944023345,1622650768949978051
34,"build/tests/sizes/cube-3268-asc.bdf","scan",1622650768954632344,1622650770357716382
34,"build/tests/sizes/cube-3268-asc.bdf","chck",1622650768949979789,1622650770357741678
34,"build/tests/sizes/cube-1224-asc.msh2","scan",1622650770379697760,1622650770444891929
34,"build/tests/sizes/cube-1224-asc.msh2","chck",1622650770357743082,1622650770444898667
34,"build/tests/sizes/cube-1308-asc.msh2","scan",1622650770448773218,1622650782850429314
34,"build/tests/sizes/cube-1308-asc.msh2","chck",1622650770444899975,1622650782850458302
34,"build/tests/sizes/cube-1927-bin.msh4","scan",1622650782851654564,1622650782986432586
34,"build/tests/sizes/cube-1927-bin.msh4","chck",1622650782850459607,1622650782986461353
34,"build/tests/sizes/cube-2550-bin.msh4","scan",1622650782987548595,1622650784150442752
34,"build/tests/sizes/cube-2550-bin.msh4","chck",1622650782986462652,1622650784150449834
34,"build/tests/sizes/cube-650-stl-bin.geo","scan",1622650784167008922,1622650784184613788
34,"build/tests/sizes/cube-650-stl-bin.geo","chck",1622650784150451127,1622650784184621064
34,"build/tests/sizes/cube-3440-asc.msh2","scan",1622650784185185254,1622650784577313100
34,"build/tests/sizes/cube-3440-asc.msh2","chck",1622650784184622461,1622650784577318817
34,"build/tests/sizes/cube-3931-bin.cgns","scan",1622650784581651359,1622650784643175536
34,"build/tests/sizes/cube-3931-bin.cgns","chck",1622650784577319775,1622650784643185770
34,"build/tests/sizes/cube-411-asc.msh2","scan",1622650784659796827,1622650784777775770
34,"build/tests/sizes/cube-411-asc.msh2","chck",1622650784643186956,1622650784777783297
34,"build/tests/sizes/cube-3564-geo.geo","scan",1622650784778600849,1622650784780167147
34,"build/tests/sizes/cube-3564-geo.geo","chck",1622650784777784469,1622650784780171658
34,"build/tests/sizes/cube-441-asc.bdf","scan",1622650784801951032,1622650785015277352
34,"build/tests/sizes/cube-441-asc.bdf","chck",1622650784780172624,1622650785015283913
34,"build/tests/sizes/cube-3824-bin.vtk","scan",1622650785015961440,1622650785021622983
34,"build/tests/sizes/cube-3824-bin.vtk","chck",1622650785015285105,1622650785021628879
34,"build/tests/sizes/cube-1584-bin.vtk","scan",1622650785031061631,1622650787332377351
34,"build/tests/sizes/cube-1584-bin.vtk","chck",1622650785021629859,1622650787332384709
34,"build/tests/sizes/cube-2012-asc.mesh","scan",1622650787333048321,1622650787339283922
34,"build/tests/sizes/cube-2012-asc.mesh","chck",1622650787332385893,1622650787339290687
34,"build/tests/sizes/cube-2080-geo.geo","scan",1622650787339856157,1622650787342063471
34,"build/tests/sizes/cube-2080-geo.geo","chck",1622650787339291706,1622650787342068045
34,"build/tests/sizes/cube-3518-bin.msh4","scan",1622650787342626965,1622650787473965205
34,"build/tests/sizes/cube-3518-bin.msh4","chck",1622650787342072539,1622650787473973183
34,"build/tests/sizes/cube-1490-asc.msh2","scan",1622650787491236705,1622650794753589677
34,"build/tests/sizes/cube-1490-asc.msh2","chck",1622650787473974395,1622650794753612654
34,"build/tests/sizes/cube-2350-geo.geo","scan",1622650794758482399,1622650794834636643
34,"build/tests/sizes/cube-2350-geo.geo","chck",1622650794753614136,1622650794834644119
34,"build/tests/sizes/cube-791-geo.geo_unrolled","scan",1622650794851032426,1622650794852241435
34,"build/tests/sizes/cube-791-geo.geo_unrolled","chck",1622650794834645337,1622650794852248425
34,"build/tests/sizes/cube-3302-asc.mesh","scan",1622650794852769808,1622650794870421729
34,"build/tests/sizes/cube-3302-asc.mesh","chck",1622650794852249632,1622650794870428029
34,"build/tests/sizes/cube-3004-stl-bin.geo","scan",1622650794870993192,1622650795627528999
34,"build/tests/sizes/cube-3004-stl-bin.geo","chck",1622650794870429276,1622650795627536494
34,"build/tests/sizes/cube-1900-bin.vtk","scan",1622650795642468489,1622650795730189347
34,"build/tests/sizes/cube-1900-bin.vtk","chck",1622650795627537707,1622650795730196247
34,"build/tests/sizes/cube-1952-geo.geo_unrolled","scan",1622650795730911399,1622650795732146205
34,"build/tests/sizes/cube-1952-geo.geo_unrolled","chck",1622650795730197454,1622650795732151079
34,"build/tests/sizes/cube-1346-geo.geo_unrolled","scan",1622650795745249871,1622650795746445632
34,"build/tests/sizes/cube-1346-geo.geo_unrolled","chck",1622650795732152047,1622650795746454208
34,"build/tests/sizes/cube-1208-bin.vtk","scan",1622650795758275256,1622650795784055122
34,"build/tests/sizes/cube-1208-bin.vtk","chck",1622650795746455278,1622650795784062044
34,"build/tests/sizes/cube-2228-asc.msh2","scan",1622650795784638500,1622650796048254074
34,"build/tests/sizes/cube-2228-asc.msh2","chck",1622650795784063281,1622650796048261106
34,"build/tests/sizes/cube-2816-bin.msh4","scan",1622650796048926145,1622650796050534276
34,"build/tests/sizes/cube-2816-bin.msh4","chck",1622650796048262399,1622650796050538602
34,"build/tests/sizes/cube-169-bin.msh4","scan",1622650796067546183,1622650796089577419
34,"build/tests/sizes/cube-169-bin.msh4","chck",1622650796050539491,1622650796089584283
34,"build/tests/sizes/cube-2728-bin.msh4","scan",1622650796090136880,1622650796091442093
34,"build/tests/sizes/cube-2728-bin.msh4","chck",1622650796089585409,1622650796091446312
34,"build/tests/sizes/cube-1742-geo.geo_unrolled","scan",1622650796109932406,1622650796111237811
34,"build/tests/sizes/cube-1742-geo.geo_unrolled","chck",1622650796091447258,1622650796111243979
34,"build/tests/sizes/cube-253-geo.geo","scan",1622650796132885690,1622650796134346025
34,"build/tests/sizes/cube-253-geo.geo","chck",1622650796111245069,1622650796134351129
34,"build/tests/sizes/cube-288-asc.msh2","scan",1622650796147590645,1622650810930858911
34,"build/tests/sizes/cube-288-asc.msh2","chck",1622650796134352273,1622650810930874939
34,"build/tests/sizes/cube-1348-asc.mesh","scan",1622650810935804187,1622650812039526211
34,"build/tests/sizes/cube-1348-asc.mesh","chck",1622650810930876145,1622650812039533113
34,"build/tests/sizes/cube-286-bin.msh2","scan",1622650812047034889,1622650821494253145
34,"build/tests/sizes/cube-286-bin.msh2","chck",1622650812039534252,1622650821494261742
34,"build/tests/sizes/cube-3689-geo.geo","scan",1622650821497523519,1622650821725844527
34,"build/tests/sizes/cube-3689-geo.geo","chck",1622650821494262848,1622650821725852559
34,"build/tests/sizes/cube-3677-bin.cgns","scan",1622650821730140255,1622650821794067447
34,"build/tests/sizes/cube-3677-bin.cgns","chck",1622650821725853891,1622650821794074214
34,"build/tests/sizes/cube-3922-asc.bdf","scan",1622650821794949760,1622650833293675938
34,"build/tests/sizes/cube-3922-asc.bdf","chck",1622650821794075363,1622650833293684211
34,"build/tests/sizes/cube-1777-asc.mesh","scan",1622650833308639324,1622650835036036222
34,"build/tests/sizes/cube-1777-asc.mesh","chck",1622650833293685418,1622650835036043115
34,"build/tests/sizes/cube-2596-asc.msh2","scan",1622650835036985005,1622650835993515616
34,"build/tests/sizes/cube-2596-asc.msh2","chck",1622650835036417395,1622650835993523352
34,"build/tests/sizes/cube-293-asc.bdf","scan",1622650836007454067,1622650836408468824
34,"build/tests/sizes/cube-293-asc.bdf","chck",1622650835993524729,1622650836408483425
34,"build/tests/sizes/cube-3149-bin.msh2","scan",1622650836409186564,1622650836455554843
34,"build/tests/sizes/cube-3149-bin.msh2","chck",1622650836408484629,1622650836455560803
34,"build/tests/sizes/cube-2755-geo.geo_unrolled","scan",1622650836456167284,1622650836457442687
34,"build/tests/sizes/cube-2755-geo.geo_unrolled","chck",1622650836455561993,1622650836457446997
34,"build/tests/sizes/cube-1033-geo.geo_unrolled","scan",1622650836476708268,1622650836477975319
34,"build/tests/sizes/cube-1033-geo.geo_unrolled","chck",1622650836457448333,1622650836477979600
34,"build/tests/sizes/cube-2344-bin.vtk","scan",1622650836478515606,1622650836652673507
34,"build/tests/sizes/cube-2344-bin.vtk","chck",1622650836477980479,1622650836652680324
34,"build/tests/sizes/cube-1790-asc.msh2","scan",1622650836664305169,1622650836681247849
34,"build/tests/sizes/cube-1790-asc.msh2","chck",1622650836652681381,1622650836681254838
34,"build/tests/sizes/cube-3135-stl-bin.geo","scan",1622650836681832902,1622650837343582174
34,"build/tests/sizes/cube-3135-stl-bin.geo","chck",1622650836681256179,1622650837343589264
34,"build/tests/sizes/cube-3280-asc.mesh","scan",1622650837347356502,1622650837843725851
34,"build/tests/sizes/cube-3280-asc.mesh","chck",1622650837343590425,1622650837843732555
34,"build/tests/sizes/cube-3807-bin.msh2","scan",1622650837844492868,1622650837848253588
34,"build/tests/sizes/cube-3807-bin.msh2","chck",1622650837843733687,1622650837848259236
34,"build/tests/sizes/cube-3861-geo.geo","scan",1622650837848814801,1622650837850107062
34,"build/tests/sizes/cube-3861-geo.geo","chck",1622650837848260474,1622650837850111213
34,"build/tests/sizes/cube-3509-asc.msh2","scan",1622650837850647288,1622650837868102746
34,"build/tests/sizes/cube-3509-asc.msh2","chck",1622650837850112152,1622650837868107594
34,"build/tests/sizes/cube-2217-bin.vtk","scan",1622650837868651782,1622650837907901887
34,"build/tests/sizes/cube-2217-bin.vtk","chck",1622650837868108601,1622650837907908321
34,"build/tests/sizes/cube-2836-geo.geo","scan",1622650837908574958,1622650837909997129
34,"build/tests/sizes/cube-2836-geo.geo","chck",1622650837907909479,1622650837910000465
34,"build/tests/sizes/cube-924-asc.mesh","scan",1622650837929660800,1622650845057378508
34,"build/tests/sizes/cube-924-asc.mesh","chck",1622650837910001600,1622650845057385710
34,"build/tests/sizes/cube-48-bin.cgns","scan",1622650845074608228,1622650845198455558
34,"build/tests/sizes/cube-48-bin.cgns","chck",1622650845057386961,1622650845198461900
34,"build/tests/sizes/cube-1995-geo.geo_unrolled","scan",1622650845199396153,1622650845200585319
34,"build/tests/sizes/cube-1995-geo.geo_unrolled","chck",1622650845198463124,1622650845200590784
34,"build/tests/sizes/cube-3590-asc.mesh","scan",1622650845201123583,1622650850106249204
34,"build/tests/sizes/cube-3590-asc.mesh","chck",1622650845200591696,1622650850106266084
34,"build/tests/sizes/cube-3037-geo.geo","scan",1622650850107135917,1622650850108878690
34,"build/tests/sizes/cube-3037-geo.geo","chck",1622650850106267789,1622650850108883512
34,"build/tests/sizes/cube-2731-geo.geo_unrolled","scan",1622650850109435701,1622650850110497223
34,"build/tests/sizes/cube-2731-geo.geo_unrolled","chck",1622650850108884393,1622650850110501076
34,"build/tests/sizes/cube-1074-bin.msh4","scan",1622650850129870376,1622650850156830832
34,"build/tests/sizes/cube-1074-bin.msh4","chck",1622650850110501985,1622650850156837134
34,"build/tests/sizes/cube-3610-stl-bin.geo","scan",1622650850157395157,1622650850266310889
34,"build/tests/sizes/cube-3610-stl-bin.geo","chck",1622650850156838187,1622650850266318320
34,"build/tests/sizes/cube-2256-asc.mesh","scan",1622650850267100642,1622650850270272589
34,"build/tests/sizes/cube-2256-asc.mesh","chck",1622650850266319415,1622650850270276070
34,"build/tests/sizes/cube-1169-bin.vtk","scan",1622650850271661463,1622650850273621998
34,"build/tests/sizes/cube-1169-bin.vtk","chck",1622650850270276933,1622650850273624812
34,"build/tests/sizes/cube-2887-bin.msh4","scan",1622650850274105978,1622650850275428386
34,"build/tests/sizes/cube-2887-bin.msh4","chck",1622650850273625635,1622650850275431362
34,"build/tests/sizes/cube-2360-asc.msh2","scan",1622650850275932684,1622650850901578845
34,"build/tests/sizes/cube-2360-asc.msh2","chck",1622650850275432188,1622650850901586050
34,"build/tests/sizes/cube-1276-geo.geo","scan",1622650850903243110,1622650850904666572
34,"build/tests/sizes/cube-1276-geo.geo","chck",1622650850901587062,1622650850904671039
34,"build/tests/sizes/cube-836-asc.bdf","scan",1622650850908561703,1622650850940301912
34,"build/tests/sizes/cube-836-asc.bdf","chck",1622650850904671968,1622650850940306000
34,"build/tests/sizes/cube-1242-stl-bin.geo","scan",1622650850954658373,1622650851555393101
34,"build/tests/sizes/cube-1242-stl-bin.geo","chck",1622650850940307052,1622650851555400480
34,"build/tests/sizes/cube-2040-bin.msh2","scan",1622650851559653504,1622650851562700730
34,"build/tests/sizes/cube-2040-bin.msh2","chck",1622650851555401705,1622650851562705927
34,"build/tests/sizes/cube-1677-bin.vtk","scan",1622650851580203780,1622650852054930342
34,"build/tests/sizes/cube-1677-bin.vtk","chck",1622650851562707001,1622650852054937181
34,"build/tests/sizes/cube-1064-asc.msh2","scan",1622650852074554412,1622650860960161453
34,"build/tests/sizes/cube-1064-asc.msh2","chck",1622650852054938305,1622650860960168794
34,"build/tests/sizes/cube-412-bin.cgns","scan",1622650861073953147,1622650861139302407
34,"build/tests/sizes/cube-412-bin.cgns","chck",1622650860960170022,1622650861139308021
34,"build/tests/sizes/cube-3206-bin.cgns","scan",1622650861143402649,1622650861201938183
34,"build/tests/sizes/cube-3206-bin.cgns","chck",1622650861139309568,1622650861201945741
34,"build/tests/sizes/cube-3699-stl-bin.geo","scan",1622650861202876717,1622650861464471084
34,"build/tests/sizes/cube-3699-stl-bin.geo","chck",1622650861201946758,1622650861464477937
34,"build/tests/sizes/cube-2288-bin.msh2","scan",1622650861465237402,1622650862111782577
34,"build/tests/sizes/cube-2288-bin.msh2","chck",1622650861464479269,1622650862111789568
34,"build/tests/sizes/cube-1965-bin.msh2","scan",1622650862123087943,1622650862399906556
34,"build/tests/sizes/cube-1965-bin.msh2","chck",1622650862111790643,1622650862399912885
34,"build/tests/sizes/cube-1797-bin.msh2","scan",1622650862406984298,1622650862787499953
34,"build/tests/sizes/cube-1797-bin.msh2","chck",1622650862399914072,1622650862787506431
34,"build/tests/sizes/cube-2760-asc.msh2","scan",1622650862788144330,1622650862842267661
34,"build/tests/sizes/cube-2760-asc.msh2","chck",1622650862787507634,1622650862842275073
34,"build/tests/sizes/cube-975-asc.bdf","scan",1622650862855314840,1622650863183728838
34,"build/tests/sizes/cube-975-asc.bdf","chck",1622650862842276140,1622650863183735184
34,"build/tests/sizes/cube-2391-asc.bdf","scan",1622650863184342606,1622650863197645653
34,"build/tests/sizes/cube-2391-asc.bdf","chck",1622650863183736215,1622650863197652667
34,"build/tests/sizes/cube-133-geo.geo_unrolled","scan",1622650863231554176,1622650863232908153
34,"build/tests/sizes/cube-133-geo.geo_unrolled","chck",1622650863197653787,1622650863232914266
34,"build/tests/sizes/cube-3620-bin.msh4","scan",1622650863233428389,1622650863242141547
34,"build/tests/sizes/cube-3620-bin.msh4","chck",1622650863232915408,1622650863242146644
34,"build/tests/sizes/cube-1420-bin.cgns","scan",1622650863267489770,1622650863356551049
34,"build/tests/sizes/cube-1420-bin.cgns","chck",1622650863242147738,1622650863356556869
34,"build/tests/sizes/cube-2230-asc.msh2","scan",1622650863357319382,1622650872361599651
34,"build/tests/sizes/cube-2230-asc.msh2","chck",1622650863356558066,1622650872361606882
34,"build/tests/sizes/cube-2073-bin.cgns","scan",1622650872497258231,1622650872593277387
34,"build/tests/sizes/cube-2073-bin.cgns","chck",1622650872361608000,1622650872593531514
34,"build/tests/sizes/cube-3087-bin.cgns","scan",1622650872598187491,1622650872656355048
34,"build/tests/sizes/cube-3087-bin.cgns","chck",1622650872593533349,1622650872656366086
34,"build/tests/sizes/cube-1026-asc.mesh","scan",1622650872727315631,1622650872887043013
34,"build/tests/sizes/cube-1026-asc.mesh","chck",1622650872656367251,1622650872887049428
34,"build/tests/sizes/cube-1137-geo.geo","scan",1622650872900479904,1622650872901933884
34,"build/tests/sizes/cube-1137-geo.geo","chck",1622650872887050626,1622650872901938440
34,"build/tests/sizes/cube-1148-stl-bin.geo","scan",1622650872903391238,1622650873086362500
34,"build/tests/sizes/cube-1148-stl-bin.geo","chck",1622650872901939775,1622650873086369303
34,"build/tests/sizes/cube-2985-asc.mesh","scan",1622650873087024713,1622650873534890489
34,"build/tests/sizes/cube-2985-asc.mesh","chck",1622650873086370363,1622650873534897533
34,"build/tests/sizes/cube-243-bin.msh4","scan",1622650873553044134,1622650873579129202
34,"build/tests/sizes/cube-243-bin.msh4","chck",1622650873534898654,1622650873579135484
34,"build/tests/sizes/cube-2805-bin.vtk","scan",1622650873579687754,1622650873581052852
34,"build/tests/sizes/cube-2805-bin.vtk","chck",1622650873579136610,1622650873581056814
34,"build/tests/sizes/cube-1385-geo.geo_unrolled","scan",1622650873599564065,1622650873600810344
34,"build/tests/sizes/cube-1385-geo.geo_unrolled","chck",1622650873581057709,1622650873600814783
34,"cube-2985-asc","prep",1622650873601908094,1622650873690268471
34,"cube-2985-asc","zzzz",1622650873690276645,1622650890881464987,159556,225820,677460
34,"cube-2985-asc","post",1622650890881475164,1622650890896521005
34,"cube-1137-geo","mesh",1622650890896572886,1622650894445316433
34,"cube-1137-geo","prep",1622650894446195005,1622650894791463427
34,"cube-1137-geo","zzzz",1622650894791468944,1622650939953654548,308446,432643,1297929
34,"cube-1137-geo","post",1622650939953668887,1622650940011821533
34,"cube-3564-geo","mesh",1622650940012781096,1622650940031420457
34,"cube-3564-geo","prep",1622650940032225263,1622650940032567487
34,"cube-3564-geo","zzzz",1622650940032569806,1622650940044814223,746,1395,4185
34,"cube-3564-geo","post",1622650940044824156,1622650940045190558
34,"cube-1224-asc","prep",1622650940045228514,1622650940047551549
34,"cube-1224-asc","zzzz",1622650940047553507,1622650940166351499,4510,7318,21954
34,"cube-1224-asc","post",1622650940166368004,1622650940166983828
34,"cube-3280-asc","prep",1622650940167053568,1622650940256128256
34,"cube-3280-asc","zzzz",1622650940256134064,1622650956357378370,152383,215998,647994
34,"cube-3280-asc","post",1622650956357391820,1622650956382605942
34,"cube-2344-bin","prep",1622650956382636368,1622650956445567102
34,"cube-2344-bin","zzzz",1622650956445571885,1622650965932916732,105277,150886,452658
34,"cube-2344-bin","post",1622650965932930736,1622650965942393515
34,"cube-2805-bin","prep",1622650965942428603,1622650965942617392
34,"cube-2805-bin","zzzz",1622650965942618431,1622650965947786645,348,729,2187
34,"cube-2805-bin","post",1622650965947790365,1622650965947911106
34,"cube-3268-asc","prep",1622650965947929565,1622650966050081942
34,"cube-3268-asc","zzzz",1622650966050086935,1622650989902115804,199855,281731,845193
34,"cube-3268-asc","post",1622650989902130354,1622650989927729007
34,"cube-3518-bin","prep",1622650989927766260,1622650990081473489
34,"cube-3518-bin","zzzz",1622650990081480030,1622651035744294190,310892,435845,1307535
34,"cube-3518-bin","post",1622651035744307934,1622651035770593758
34,"cube-3741-asc","prep",1622651035770641547,1622651035790340925
34,"cube-3741-asc","zzzz",1622651035790345397,1622651038121387078,39236,57742,173226
34,"cube-3741-asc","post",1622651038121400645,1622651038127803721
34,"cube-2550-bin","prep",1622651038127842785,1622651039193906217
34,"cube-2550-bin","zzzz",1622651039193910939,1622651547510838401,1785815,2435449,7306347
34,"cube-2550-bin","post",1622651547510848975,1622651547765115435
34,"cube-3149-bin","prep",1622651547766056750,1622651547780933835
34,"cube-3149-bin","zzzz",1622651547780937173,1622651547956592959,6012,9608,28824
34,"cube-3149-bin","post",1622651547956599658,1622651547957219512
34,"cube-243-bin","prep",1622651547957246676,1622651547973253472
34,"cube-243-bin","zzzz",1622651547973256208,1622651548226859080,7837,12414,37242
34,"cube-243-bin","post",1622651548226866703,1622651548227754795
34,"cube-1797-bin","prep",1622651548227787760,1622651548281290573
34,"cube-1797-bin","zzzz",1622651548281295541,1622651554251530729,75986,110030,330090
34,"cube-1797-bin","post",1622651554251546169,1622651554258011655
34,"cube-975-asc","prep",1622651554258049186,1622651554278098287
34,"cube-975-asc","zzzz",1622651554278102037,1622651556262445711,34979,51636,154908
34,"cube-975-asc","post",1622651556262453224,1622651556265469260
34,"cube-1033-geo","mesh",1622651556265508116,1622651556274627775
34,"cube-1033-geo","prep",1622651556275466930,1622651556275656565
34,"cube-1033-geo","zzzz",1622651556275658349,1622651556279397721,271,566,1698
34,"cube-1033-geo","post",1622651556279413178,1622651556279546736
34,"cube-288-asc","prep",1622651556279562326,1622651557300604356
34,"cube-288-asc","zzzz",1622651557300610930,1622652137789601797,1974813,2690450,8071350
34,"cube-288-asc","post",1622652137789616553,1622652137994865574
34,"cube-2596-asc","prep",1622652137995544144,1622652138077630146
34,"cube-2596-asc","zzzz",1622652138077636038,1622652149488217439,120069,170991,512973
34,"cube-2596-asc","post",1622652149488231345,1622652149498926828
34,"cube-1276-geo","mesh",1622652149498964857,1622652149559045602
34,"cube-1276-geo","prep",1622652149559908672,1622652149560033863
34,"cube-1276-geo","zzzz",1622652149560035497,1622652149561847428,146,319,957
34,"cube-1276-geo","post",1622652149561857502,1622652149562095354
34,"cube-253-geo","mesh",1622652149562135319,1622652164116454189
34,"cube-253-geo","prep",1622652164117295962,1622652165549821851
34,"cube-253-geo","zzzz",1622652165549827822,1622652485629853397,1255084,1721527,5164581
34,"cube-253-geo","post",1622652485629867677,1622652486118846533
34,"cube-2073-bin.cgns","prep",1622652486118964100,1622652486302999946
34,"cube-2073-bin.cgns","zzzz",1622652486303004090,1622652486334720454,1587,2862,8586
34,"cube-2073-bin.cgns","post",1622652486334730451,1622652486335071408
34,"cube-2731-geo","mesh",1622652486335136479,1622652488966387903
34,"cube-2731-geo","prep",1622652488967228357,1622652489267561222
34,"cube-2731-geo","zzzz",1622652489267566923,1622652515681271534,214393,301765,905295
34,"cube-2731-geo","post",1622652515681279017,1622652515811081052
34,"cube-3004-stl-bin","mesh",1622652515815604950,1622652532841142666
34,"cube-3004-stl-bin","prep",1622652533647557865,1622652534981719487
34,"cube-3004-stl-bin","zzzz",1622652534981728102,1622653018552628814,1611681,2345976,7037928
34,"cube-3004-stl-bin","post",1622653018552639686,1622653019314377595
34,"cube-3087-bin.cgns","prep",1622653019315114154,1622653019489037612
34,"cube-3087-bin.cgns","zzzz",1622653019489043757,1622653019509048884,1139,2022,6066
34,"cube-3087-bin.cgns","post",1622653019509056071,1622653019509118279
34,"cube-169-bin","prep",1622653019509209790,1622653019510120395
34,"cube-169-bin","zzzz",1622653019510122376,1622653019544489527,1690,3040,9120
34,"cube-169-bin","post",1622653019544498768,1622653019544759987
34,"cube-1346-geo","mesh",1622653019544929577,1622653046460836570
34,"cube-1346-geo","prep",1622653046461703964,1622653049139373663
34,"cube-1346-geo","zzzz",1622653049139380058,1622653763115086007,2305496,3142247,9426741
34,"cube-1346-geo","post",1622653763115101859,1622653764137016498
34,"cube-1208-bin","prep",1622653764137704723,1622653764177155328
34,"cube-1208-bin","zzzz",1622653764177159161,1622653764322558973,5223,8419,25257
34,"cube-1208-bin","post",1622653764322569273,1622653764324413579
34,"cube-3602-bin.cgns","prep",1622653764324438677,1622653764502098761
34,"cube-3602-bin.cgns","zzzz",1622653764502101794,1622653764564489194,2752,4653,13959
34,"cube-3602-bin.cgns","post",1622653764564499153,1622653764564555979
34,"cube-3677-bin.cgns","prep",1622653764564680435,1622653764568302483
34,"cube-3677-bin.cgns","zzzz",1622653764568678702,1622653766706124993,36838,54380,163140
34,"cube-3677-bin.cgns","post",1622653766706135646,1622653766706185136
34,"cube-411-asc","prep",1622653766706316593,1622653766712743921
34,"cube-411-asc","zzzz",1622653766712746115,1622653767195255185,12516,19421,58263
34,"cube-411-asc","post",1622653767195265077,1622653767197009161
34,"cube-3206-bin.cgns","prep",1622653767197073659,1622653767198467625
34,"cube-3206-bin.cgns","zzzz",1622653767198470138,1622653767666482479,12253,19043,57129
34,"cube-3206-bin.cgns","post",1622653767666492967,1622653767666536387
34,"cube-1169-bin","prep",1622653767666660281,1622653767667699676
34,"cube-1169-bin","zzzz",1622653767667701072,1622653767671079720,250,521,1563
34,"cube-1169-bin","post",1622653767671089779,1622653767671417912
34,"cube-3620-bin","prep",1622653767671429307,1622653767678670894
34,"cube-3620-bin","zzzz",1622653767678672682,1622653768302085567,15095,23200,69600
34,"cube-3620-bin","post",1622653768302095735,1622653768303836477
34,"cube-1064-asc","prep",1622653768303931093,1622653768902833392
34,"cube-1064-asc","zzzz",1622653768902839826,1622654066815193076,1188933,1631343,4894029
34,"cube-1064-asc","post",1622654066815209090,1622654066917867801
34,"cube-3807-bin","prep",1622654066917908704,1622654066918339269
34,"cube-3807-bin","zzzz",1622654066918340417,1622654066930129476,720,1356,4068
34,"cube-3807-bin","post",1622654066930139871,1622654066930528320
34,"cube-286-bin","prep",1622654066930562399,1622654068088983400
34,"cube-286-bin","zzzz",1622654068088989979,1622654674611059715,2037157,2780335,8341005
34,"cube-286-bin","post",1622654674673658660,1622654674987132718
34,"cube-2360-asc","prep",1622654675082699861,1622654675212134711
34,"cube-2360-asc","zzzz",1622654675212142611,1622654682513984786,87497,126204,378612
34,"cube-2360-asc","post",1622654682514020782,1622654682522760080
34,"cube-48-bin.cgns","prep",1622654682522827092,1622654682587435311
34,"cube-48-bin.cgns","zzzz",1622654682587440342,1622654682604417920,1007,1786,5358
34,"cube-48-bin.cgns","post",1622654682604428084,1622654682604538517
34,"cube-2836-geo","mesh",1622654682604676435,1622654682669762437
34,"cube-2836-geo","prep",1622654682670700380,1622654682673364207
34,"cube-2836-geo","zzzz",1622654682673366287,1622654682772927939,3955,6459,19377
34,"cube-2836-geo","post",1622654682772938037,1622654682774352896
34,"cube-2919-geo","mesh",1622654682774374876,1622654682782328799
34,"cube-2919-geo","prep",1622654682783219000,1622654682783336505
34,"cube-2919-geo","zzzz",1622654682783338045,1622654682785213144,146,328,984
34,"cube-2919-geo","post",1622654682785223128,1622654682785414497
34,"cube-1742-geo","mesh",1622654682785446498,1622654684916455624
34,"cube-1742-geo","prep",1622654684917301060,1622654685139051712
34,"cube-1742-geo","zzzz",1622654685139056324,1622654702765149909,162264,229676,689028
34,"cube-1742-geo","post",1622654702765162824,1622654702843822456
34,"cube-1348-asc","prep",1622654702847663560,1622654703030620159
34,"cube-1348-asc","zzzz",1622654703030627101,1622654731325493862,224798,316076,948228
34,"cube-1348-asc","post",1622654731325504037,1622654731413774734
34,"cube-2728-bin","prep",1622654731413807076,1622654731432991192
34,"cube-2728-bin","zzzz",1622654731432995398,1622654731436374019,251,522,1566
34,"cube-2728-bin","post",1622654731436389935,1622654731436493451
34,"cube-2080-geo","mesh",1622654731436513411,1622654731455414854
34,"cube-2080-geo","prep",1622654731456252142,1622654731456819325
34,"cube-2080-geo","zzzz",1622654731456821187,1622654731467856919,672,1291,3873
34,"cube-2080-geo","post",1622654731467872750,1622654731468157298
34,"cube-3440-asc","prep",1622654731468173139,1622654731499148702
34,"cube-3440-asc","zzzz",1622654731499154385,1622654735231511186,54412,79733,239199
34,"cube-3440-asc","post",1622654735231532603,1622654735236568240
34,"cube-1584-bin","prep",1622654735236601711,1622654735995804555
34,"cube-1584-bin","zzzz",1622654735995810599,1622655104137677765,1396667,1911990,5735970
34,"cube-1584-bin","post",1622655104137708082,1622655104260562209
34,"cube-2228-asc","prep",1622655104260630968,1622655104279175486
34,"cube-2228-asc","zzzz",1622655104279179749,1622655106143237905,33416,49483,148449
34,"cube-2228-asc","post",1622655106143254297,1622655106149240552
34,"cube-1777-asc","prep",1622655106149275725,1622655106344846191
34,"cube-1777-asc","zzzz",1622655106344852943,1622655158461543099,339829,476179,1428537
34,"cube-1777-asc","post",1622655158461557557,1622655158508091314
34,"cube-2816-bin","prep",1622655158508128304,1622655158514164031
34,"cube-2816-bin","zzzz",1622655158514165570,1622655158530708161,984,1752,5256
34,"cube-2816-bin","post",1622655158530718328,1622655158530917227
34,"cube-3931-bin.cgns","prep",1622655158530930741,1622655158534922896
34,"cube-3931-bin.cgns","zzzz",1622655158534925969,1622655158588210362,2425,4165,12495
34,"cube-3931-bin.cgns","post",1622655158588220341,1622655158588345338
34,"cube-2012-asc","prep",1622655158588464527,1622655158589406763
34,"cube-2012-asc","zzzz",1622655158589408229,1622655158619598984,1532,2758,8274
34,"cube-2012-asc","post",1622655158619608988,1622655158619994896
34,"cube-3831-stl-bin","mesh",1622655158620017654,1622655158634646024
34,"cube-3831-stl-bin","prep",1622655158635467736,1622655158636264209
34,"cube-3831-stl-bin","zzzz",1622655158636266473,1622655158669786938,1138,2985,8955
34,"cube-3831-stl-bin","post",1622655158669791731,1622655158670074014
34,"cube-3699-stl-bin","mesh",1622655158670207315,1622655162747349346
34,"cube-3699-stl-bin","prep",1622655162748470305,1622655163268030792
34,"cube-3699-stl-bin","zzzz",1622655163268037579,1622655233699664027,376701,582173,1746519
34,"cube-3699-stl-bin","post",1622655233699677499,1622655233968447519
34,"cube-2755-geo","mesh",1622655233968487555,1622655243861716959
34,"cube-2755-geo","prep",1622655243862553830,1622655244888280896
34,"cube-2755-geo","zzzz",1622655244888286475,1622655414491914970,776990,1069176,3207528
34,"cube-2755-geo","post",1622655414491925814,1622655415029324282
34,"cube-1952-geo","mesh",1622655415029377898,1622655415287440428
34,"cube-1952-geo","prep",1622655415288230315,1622655415291938956
34,"cube-1952-geo","zzzz",1622655415291941226,1622655415439340553,5289,8500,25500
34,"cube-1952-geo","post",1622655415439350599,1622655415441725282
34,"cube-650-stl-bin","mesh",1622655415441745559,1622655415445135331
34,"cube-650-stl-bin","prep",1622655415445927752,1622655415446027146
34,"cube-650-stl-bin","zzzz",1622655415446028617,1622655415449340033,128,513,1539
34,"cube-650-stl-bin","post",1622655415449350142,1622655415449687000
34,"cube-1447-asc","prep",1622655415449697994,1622655415451998439
34,"cube-1447-asc","zzzz",1622655415452000236,1622655415581376370,4780,7759,23277
34,"cube-1447-asc","post",1622655415581386431,1622655415582017767
34,"cube-441-asc","prep",1622655415582060987,1622655415593614220
34,"cube-441-asc","zzzz",1622655415593616375,1622655416662502876,22572,33695,101085
34,"cube-441-asc","post",1622655416662519066,1622655416664266052
34,"cube-3590-asc","prep",1622655416664282460,1622655417551325309
34,"cube-3590-asc","zzzz",1622655417551331549,1622655897278050500,1706346,2331971,6995913
34,"cube-3590-asc","post",1622655897278059727,1622655897419999806
34,"cube-3689-geo","mesh",1622655897420043886,1622655904399607577
34,"cube-3689-geo","prep",1622655904400465501,1622655905197023126
34,"cube-3689-geo","zzzz",1622655905197028692,1622656010383236502,547745,759925,2279775
34,"cube-3689-geo","post",1622656010383246428,1622656010868070417
34,"cube-343-bin.cgns","prep",1622656010868199585,1622656011078648843
34,"cube-343-bin.cgns","zzzz",1622656011078657132,1622656012702892958,30338,45003,135009
34,"cube-343-bin.cgns","post",1622656012702903781,1622656012702969473
34,"cube-1900-bin","prep",1622656012703090936,1622656012721773820
34,"cube-1900-bin","zzzz",1622656012721777074,1622656014490902826,32230,47746,143238
34,"cube-1900-bin","post",1622656014490917568,1622656014499320628
34,"cube-1659-asc","prep",1622656014499346880,1622656014742561846
34,"cube-1659-asc","zzzz",1622656014742568306,1622656098432758942,469225,652957,1958871
34,"cube-1659-asc","post",1622656098433152087,1622656098473200889
34,"cube-3824-bin","prep",1622656098473234675,1622656098473882000
34,"cube-3824-bin","zzzz",1622656098473883393,1622656098491269159,1034,1819,5457
34,"cube-3824-bin","post",1622656098491273095,1622656098491410486
34,"cube-2350-geo","mesh",1622656098491431058,1622656098574304558
34,"cube-2350-geo","prep",1622656098575143306,1622656098579146207
34,"cube-2350-geo","zzzz",1622656098579148121,1622656098738778715,5611,8987,26961
34,"cube-2350-geo","post",1622656098738789042,1622656098741125728
34,"cube-1308-asc","prep",1622656098741330639,1622656099715008489
34,"cube-1308-asc","zzzz",1622656099715014900,1622656606762382664,1782374,2430894,7292682
34,"cube-1308-asc","post",1622656606762398084,1622656607075632384
34,"cube-1490-asc","prep",1622656607075683116,1622656607593104975
34,"cube-1490-asc","zzzz",1622656607593111419,1622656827210795399,943870,1297859,3893577
34,"cube-1490-asc","post",1622656827210809934,1622656827293315193
34,"cube-2600-bin","prep",1622656827293354262,1622656827302802252
34,"cube-2600-bin","zzzz",1622656827302805772,1622656827320193952,1032,1819,5457
34,"cube-2600-bin","post",1622656827320204155,1622656827320544040
34,"cube-1790-asc","prep",1622656827320670154,1622656827328538149
34,"cube-1790-asc","zzzz",1622656827328539690,1622656827331849895,244,513,1539
34,"cube-1790-asc","post",1622656827331860124,1622656827332031110
34,"cube-3135-stl-bin","mesh",1622656827332064564,1622656843529986684
34,"cube-3135-stl-bin","prep",1622656843530840198,1622656845141626675
34,"cube-3135-stl-bin","zzzz",1622656845141634712,1622657242055194423,1382356,2023020,6069060
34,"cube-3135-stl-bin","post",1622657242055208741,1622657242607062977
34,"cube-2230-asc","prep",1622657242607104758,1622657243355708867
34,"cube-2230-asc","zzzz",1622657243355715575,1622657554384293832,1228148,1684915,5054745
34,"cube-2230-asc","post",1622657554384308962,1622657554491646448
34,"cube-3861-geo","mesh",1622657554491693346,1622657559479095443
34,"cube-3861-geo","prep",1622657559479973373,1622657559927686100
34,"cube-3861-geo","zzzz",1622657559927690825,1622657611716029565,338322,474173,1422519
34,"cube-3861-geo","post",1622657611716045803,1622657611932442861
34,"cube-293-asc","prep",1622657611932508690,1622657611976384997
34,"cube-293-asc","zzzz",1622657611976389664,1622657614522866315,41649,61340,184020
34,"cube-293-asc","post",1622657614522877440,1622657614526299152
34,"cube-2887-bin","prep",1622657614526323683,1622657614547514767
34,"cube-2887-bin","zzzz",1622657614547516961,1622657614555373940,498,995,2985
34,"cube-2887-bin","post",1622657614555383990,1622657614555609994
34,"cube-3509-asc","prep",1622657614555625993,1622657614577378669
34,"cube-3509-asc","zzzz",1622657614577380658,1622657614631452289,2451,4208,12624
34,"cube-3509-asc","post",1622657614631462274,1622657614632135695
34,"cube-1074-bin","prep",1622657614632329545,1622657614652531570
34,"cube-1074-bin","zzzz",1622657614652533414,1622657614733571101,3382,5595,16785
34,"cube-1074-bin","post",1622657614733581245,1622657614733969890
34,"cube-1148-stl-bin","mesh",1622657614734034197,1622657616868307287
34,"cube-1148-stl-bin","prep",1622657616869184238,1622657617111595343
34,"cube-1148-stl-bin","zzzz",1622657617111602408,1622657639658172825,169752,271218,813654
34,"cube-1148-stl-bin","post",1622657639658181200,1622657639799947900
34,"cube-2217-bin","prep",1622657639799983102,1622657639824399708
34,"cube-2217-bin","zzzz",1622657639824403852,1622657641145225148,26223,38999,116997
34,"cube-2217-bin","post",1622657641145239851,1622657641147364174
34,"cube-924-asc","prep",1622657641147385713,1622657642546218097
34,"cube-924-asc","zzzz",1622657642546235197,1622658360891030916,2318633,3156669,9470007
34,"cube-924-asc","post",1622658360891045149,1622658361097331100
34,"cube-1385-geo","mesh",1622658361097384485,1622658364147608500
34,"cube-1385-geo","prep",1622658364148722131,1622658364438578201
34,"cube-1385-geo","zzzz",1622658364438583444,1622658388105785437,198985,280219,840657
34,"cube-1385-geo","post",1622658388105811429,1622658388262152606
34,"cube-3922-asc","prep",1622658388268622336,1622658388953929995
34,"cube-3922-asc","zzzz",1622658388953934664,1622658754914849263,999234,1903508,5710524
34,"cube-3922-asc","post",1622658754914863288,1622658755120904432
34,"cube-1995-geo","mesh",1622658755120955735,1622658755186836457
34,"cube-1995-geo","prep",1622658755187854551,1622658755189197151
34,"cube-1995-geo","zzzz",1622658755189200221,1622658755244374518,2500,4272,12816
34,"cube-1995-geo","post",1622658755244384755,1622658755245439127
34,"cube-791-geo","mesh",1622658755245835664,1622658758959038315
34,"cube-791-geo","prep",1622658758985894916,1622658759191505885
34,"cube-791-geo","zzzz",1622658759191512397,1622658794208915179,259999,364809,1094427
34,"cube-791-geo","post",1622658794208931067,1622658794333020060
34,"cube-412-bin.cgns","prep",1622658794333083663,1622658794406556954
34,"cube-412-bin.cgns","zzzz",1622658794406563267,1622658797504200875,47782,70189,210567
34,"cube-412-bin.cgns","post",1622658797504216121,1622658797504292902
34,"cube-3037-geo","mesh",1622658797504428530,1622658799873510599
34,"cube-3037-geo","prep",1622658799874467602,1622658800057719557
34,"cube-3037-geo","zzzz",1622658800057726286,1622658818978634896,170452,240966,722898
34,"cube-3037-geo","post",1622658818978645618,1622658819080930302
34,"cube-3610-stl-bin","mesh",1622658819080971128,1622658820742302372
34,"cube-3610-stl-bin","prep",1622658820743510313,1622658820884938137
34,"cube-3610-stl-bin","zzzz",1622658820884945543,1622658837221731024,134865,218109,654327
34,"cube-3610-stl-bin","post",1622658837221739601,1622658837295794900
34,"cube-2256-asc","prep",1622658837295868845,1622658837304362254
34,"cube-2256-asc","zzzz",1622658837304364956,1622658837315624934,688,1311,3933
34,"cube-2256-asc","post",1622658837315639768,1622658837315792324
34,"cube-1965-bin","prep",1622658837315806969,1622658837343182762
34,"cube-1965-bin","zzzz",1622658837343187242,1622658840421711427,47549,69875,209625
34,"cube-1965-bin","post",1622658840421724613,1622658840426262026
34,"cube-836-asc","prep",1622658840426340083,1622658840426837640
34,"cube-836-asc","zzzz",1622658840426839086,1622658840432007410,348,729,2187
34,"cube-836-asc","post",1622658840432010954,1622658840432247492
34,"cube-1242-stl-bin","mesh",1622658840432267610,1622658855593012586
34,"cube-1242-stl-bin","prep",1622658855593913258,1622658857088216161
34,"cube-1242-stl-bin","zzzz",1622658857088224580,1622659210126031380,1265558,1852868,5558604
34,"cube-1242-stl-bin","post",1622659210126086547,1622659210590187252
34,"cube-1927-bin","prep",1622659210590278265,1622659210705736869
34,"cube-1927-bin","zzzz",1622659210705742919,1622659223379613100,128913,183678,551034
34,"cube-1927-bin","post",1622659223379628925,1622659223419624842
34,"cube-1420-bin.cgns","prep",1622659223419653825,1622659223463786779
34,"cube-1420-bin.cgns","zzzz",1622659223463790745,1622659223469019009,349,730,2190
34,"cube-1420-bin.cgns","post",1622659223469029147,1622659223469136723
34,"cube-2040-bin","prep",1622659223469219580,1622659223469472097
34,"cube-2040-bin","zzzz",1622659223469473479,1622659223472776797,243,512,1536
34,"cube-2040-bin","post",1622659223472786853,1622659223472925230
34,"cube-1677-bin","prep",1622659223472952806,1622659223644668776
34,"cube-1677-bin","zzzz",1622659223644675935,1622659264246260575,287016,402880,1208640
34,"cube-1677-bin","post",1622659264246276119,1622659264283299223
34,"cube-3302-asc","prep",1622659264283334663,1622659264286515857
34,"cube-3302-asc","zzzz",1622659264286518804,1622659264434791624,5313,8535,25605
34,"cube-3302-asc","post",1622659264434801949,1622659264435494157
34,"cube-2288-bin","prep",1622659264435525279,1622659264514625414
34,"cube-2288-bin","zzzz",1622659264514631700,1622659278070203782,135547,192267,576801
34,"cube-2288-bin","post",1622659278070213047,1622659278086413329
34,"cube-2760-asc","prep",1622659278086442453,1622659278090731954
34,"cube-2760-asc","zzzz",1622659278090735746,1622659278342343409,7794,12348,37044
34,"cube-2760-asc","post",1622659278342345255,1622659278343026883
34,"cube-2391-asc","prep",1622659278343375513,1622659278343759999
34,"cube-2391-asc","zzzz",1622659278343761122,1622659278345573441,140,319,957
34,"cube-2391-asc","post",1622659278345583318,1622659278345738846
34,"cube-133-geo","mesh",1622659278345758132,1622659293467378240
34,"cube-133-geo","prep",1622659293620550839,1622659294521040138
34,"cube-133-geo","zzzz",1622659294521046718,1622659575801990857,1139212,1562549,4687647
34,"cube-133-geo","post",1622659575802006414,1622659576129318147
34,"cube-1026-asc","prep",1622659576129364763,1622659576159700675
34,"cube-1026-asc","zzzz",1622659576159706410,1622659578939313293,44184,65178,195534
34,"cube-1026-asc","post",1622659578939329002,1622659578944211154
34,"Proc","exit_task",1622650751065396959,1622659578992927204,5985032
