30,"build/tests/sizes/cube-1984-bin.msh2","scan",1622650764158703241,1622650764168575307
30,"build/tests/sizes/cube-1984-bin.msh2","chck",1622650764143213341,1622650764168676084
30,"build/tests/sizes/cube-742-bin.msh2","scan",1622650764199321679,1622650764243663730
30,"build/tests/sizes/cube-742-bin.msh2","chck",1622650764168677484,1622650764243670095
30,"build/tests/sizes/cube-463-bin.msh4","scan",1622650764283330980,1622650764359546184
30,"build/tests/sizes/cube-463-bin.msh4","chck",1622650764243671357,1622650764359552415
30,"build/tests/sizes/cube-2678-asc.bdf","scan",1622650764371744503,1622650764687757128
30,"build/tests/sizes/cube-2678-asc.bdf","chck",1622650764359553623,1622650764687764263
30,"build/tests/sizes/cube-2300-bin.msh4","scan",1622650764707782332,1622650764722811289
30,"build/tests/sizes/cube-2300-bin.msh4","chck",1622650764687765417,1622650764722815641
30,"build/tests/sizes/cube-3369-asc.bdf","scan",1622650764737600051,1622650764757250369
30,"build/tests/sizes/cube-3369-asc.bdf","chck",1622650764722816620,1622650764757254975
30,"build/tests/sizes/cube-3833-stl-bin.geo","scan",1622650764757870549,1622650764860288496
30,"build/tests/sizes/cube-3833-stl-bin.geo","chck",1622650764757256043,1622650764860294068
30,"build/tests/sizes/cube-3298-geo.geo","scan",1622650764870987109,1622650764880009360
30,"build/tests/sizes/cube-3298-geo.geo","chck",1622650764860295092,1622650764880013112
30,"build/tests/sizes/cube-264-geo.geo","scan",1622650764898125752,1622650764899268850
30,"build/tests/sizes/cube-264-geo.geo","chck",1622650764880014026,1622650764899271928
30,"build/tests/sizes/cube-2459-asc.bdf","scan",1622650764912379985,1622650767675129723
30,"build/tests/sizes/cube-2459-asc.bdf","chck",1622650764899272807,1622650767675168342
30,"build/tests/sizes/cube-2815-geo.geo","scan",1622650767677799546,1622650767715888620
30,"build/tests/sizes/cube-2815-geo.geo","chck",1622650767675169658,1622650767715894488
30,"build/tests/sizes/cube-1404-bin.msh2","scan",1622650767735548590,1622650774192705675
30,"build/tests/sizes/cube-1404-bin.msh2","chck",1622650767715895558,1622650774192731016
30,"build/tests/sizes/cube-1110-bin.msh4","scan",1622650774196484107,1622650774349550087
30,"build/tests/sizes/cube-1110-bin.msh4","chck",1622650774192732421,1622650774349557729
30,"build/tests/sizes/cube-1559-bin.cgns","scan",1622650774372306295,1622650774497908704
30,"build/tests/sizes/cube-1559-bin.cgns","chck",1622650774349558983,1622650774497915703
30,"build/tests/sizes/cube-2649-bin.vtk","scan",1622650774498729094,1622650774512620062
30,"build/tests/sizes/cube-2649-bin.vtk","chck",1622650774497916808,1622650774512635102
30,"build/tests/sizes/cube-3461-bin.cgns","scan",1622650774516078446,1622650774576618474
30,"build/tests/sizes/cube-3461-bin.cgns","chck",1622650774512636368,1622650774576629051
30,"build/tests/sizes/cube-2054-bin.vtk","scan",1622650774577517671,1622650774581196016
30,"build/tests/sizes/cube-2054-bin.vtk","chck",1622650774576630062,1622650774581201603
30,"build/tests/sizes/cube-3527-bin.vtk","scan",1622650774581807323,1622650777860014649
30,"build/tests/sizes/cube-3527-bin.vtk","chck",1622650774581202525,1622650777860024109
30,"build/tests/sizes/cube-1764-bin.vtk","scan",1622650777861843798,1622650777864022745
30,"build/tests/sizes/cube-1764-bin.vtk","chck",1622650777860025341,1622650777864028332
30,"build/tests/sizes/cube-3837-asc.bdf","scan",1622650777864580991,1622650777873373534
30,"build/tests/sizes/cube-3837-asc.bdf","chck",1622650777864029333,1622650777873378404
30,"build/tests/sizes/cube-1198-asc.bdf","scan",1622650777884671727,1622650777892984542
30,"build/tests/sizes/cube-1198-asc.bdf","chck",1622650777873379441,1622650777892990172
30,"build/tests/sizes/cube-2804-asc.mesh","scan",1622650777893583651,1622650777899043997
30,"build/tests/sizes/cube-2804-asc.mesh","chck",1622650777892991317,1622650777899049159
30,"build/tests/sizes/cube-1937-bin.cgns","scan",1622650777904695526,1622650777972807696
30,"build/tests/sizes/cube-1937-bin.cgns","chck",1622650777899050143,1622650777972813040
30,"build/tests/sizes/cube-2589-geo.geo_unrolled","scan",1622650777973556616,1622650777974840309
30,"build/tests/sizes/cube-2589-geo.geo_unrolled","chck",1622650777972814203,1622650777974848345
30,"build/tests/sizes/cube-2208-bin.msh4","scan",1622650777975378807,1622650778726600591
30,"build/tests/sizes/cube-2208-bin.msh4","chck",1622650777974849462,1622650778726606452
30,"build/tests/sizes/cube-2060-bin.msh2","scan",1622650778727263711,1622650778738877082
30,"build/tests/sizes/cube-2060-bin.msh2","chck",1622650778726607547,1622650778738882680
30,"build/tests/sizes/cube-3838-asc.bdf","scan",1622650778739471330,1622650780495550303
30,"build/tests/sizes/cube-3838-asc.bdf","chck",1622650778738883773,1622650780495556852
30,"build/tests/sizes/cube-260-asc.bdf","scan",1622650780597274275,1622650781314516024
30,"build/tests/sizes/cube-260-asc.bdf","chck",1622650780495557944,1622650781314523920
30,"build/tests/sizes/cube-1341-asc.bdf","scan",1622650781334262922,1622650781393586905
30,"build/tests/sizes/cube-1341-asc.bdf","chck",1622650781314525095,1622650781393593498
30,"build/tests/sizes/cube-2353-geo.geo","scan",1622650781394204937,1622650781395938774
30,"build/tests/sizes/cube-2353-geo.geo","chck",1622650781393594786,1622650781395944479
30,"build/tests/sizes/cube-2889-geo.geo","scan",1622650781396518365,1622650781397727880
30,"build/tests/sizes/cube-2889-geo.geo","chck",1622650781395945514,1622650781397732392
30,"build/tests/sizes/cube-528-geo.geo_unrolled","scan",1622650781415822684,1622650781417148584
30,"build/tests/sizes/cube-528-geo.geo_unrolled","chck",1622650781397733281,1622650781417154774
30,"build/tests/sizes/cube-3001-bin.msh4","scan",1622650781417707801,1622650781488545961
30,"build/tests/sizes/cube-3001-bin.msh4","chck",1622650781417155719,1622650781488554001
30,"build/tests/sizes/cube-109-bin.msh2","scan",1622650781490206879,1622650781493005829
30,"build/tests/sizes/cube-109-bin.msh2","chck",1622650781488555245,1622650781493011392
30,"build/tests/sizes/cube-1342-bin.vtk","scan",1622650781503863895,1622650781598492219
30,"build/tests/sizes/cube-1342-bin.vtk","chck",1622650781493012362,1622650781598499592
30,"build/tests/sizes/cube-3139-geo.geo","scan",1622650781599179265,1622650781600751562
30,"build/tests/sizes/cube-3139-geo.geo","chck",1622650781598500675,1622650781600756247
30,"build/tests/sizes/cube-2594-geo.geo","scan",1622650781601351129,1622650781602694424
30,"build/tests/sizes/cube-2594-geo.geo","chck",1622650781600757221,1622650781602697838
30,"build/tests/sizes/cube-944-asc.mesh","scan",1622650781614798205,1622650782510343498
30,"build/tests/sizes/cube-944-asc.mesh","chck",1622650781602698817,1622650782510350858
30,"build/tests/sizes/cube-899-bin.cgns","scan",1622650782530174588,1622650782624692306
30,"build/tests/sizes/cube-899-bin.cgns","chck",1622650782510352048,1622650782624699085
30,"build/tests/sizes/cube-3218-geo.geo","scan",1622650782625644195,1622650782627119252
30,"build/tests/sizes/cube-3218-geo.geo","chck",1622650782624700306,1622650782627123448
30,"build/tests/sizes/cube-2663-bin.vtk","scan",1622650782627652266,1622650782629292916
30,"build/tests/sizes/cube-2663-bin.vtk","chck",1622650782627124485,1622650782629296501
30,"build/tests/sizes/cube-2299-geo.geo_unrolled","scan",1622650782629896367,1622650782631045257
30,"build/tests/sizes/cube-2299-geo.geo_unrolled","chck",1622650782629297540,1622650782631048468
30,"build/tests/sizes/cube-1113-bin.msh2","scan",1622650782632037829,1622650783155693593
30,"build/tests/sizes/cube-1113-bin.msh2","chck",1622650782631049517,1622650783155700963
30,"build/tests/sizes/cube-1363-geo.geo","scan",1622650783170922926,1622650783172468687
30,"build/tests/sizes/cube-1363-geo.geo","chck",1622650783155702192,1622650783172474164
30,"build/tests/sizes/cube-2576-geo.geo","scan",1622650783173017844,1622650783174310315
30,"build/tests/sizes/cube-2576-geo.geo","chck",1622650783172475692,1622650783174313896
30,"build/tests/sizes/cube-55-asc.mesh","scan",1622650783185427021,1622650783760385183
30,"build/tests/sizes/cube-55-asc.mesh","chck",1622650783174314831,1622650783760390393
30,"build/tests/sizes/cube-770-geo.geo_unrolled","scan",1622650783782669533,1622650783783917117
30,"build/tests/sizes/cube-770-geo.geo_unrolled","chck",1622650783760391420,1622650783784127610
30,"build/tests/sizes/cube-3778-bin.vtk","scan",1622650783784672933,1622650783785717142
30,"build/tests/sizes/cube-3778-bin.vtk","chck",1622650783784129095,1622650783785721085
30,"build/tests/sizes/cube-1340-geo.geo","scan",1622650783792605501,1622650783793943110
30,"build/tests/sizes/cube-1340-geo.geo","chck",1622650783785722001,1622650783793946752
30,"build/tests/sizes/cube-2089-bin.msh2","scan",1622650783794506858,1622650783799453448
30,"build/tests/sizes/cube-2089-bin.msh2","chck",1622650783793947647,1622650783799457328
30,"build/tests/sizes/cube-1948-asc.mesh","scan",1622650783799979940,1622650786440319436
30,"build/tests/sizes/cube-1948-asc.mesh","chck",1622650783799458203,1622650786440327233
30,"build/tests/sizes/cube-1924-asc.bdf","scan",1622650786453781781,1622650786475772128
30,"build/tests/sizes/cube-1924-asc.bdf","chck",1622650786440328531,1622650786475777425
30,"build/tests/sizes/cube-3879-geo.geo_unrolled","scan",1622650786476389009,1622650786477661553
30,"build/tests/sizes/cube-3879-geo.geo_unrolled","chck",1622650786475778458,1622650786477665929
30,"build/tests/sizes/cube-597-asc.mesh","scan",1622650786487082299,1622650791585315601
30,"build/tests/sizes/cube-597-asc.mesh","chck",1622650786477666904,1622650791585323919
30,"build/tests/sizes/cube-1910-geo.geo","scan",1622650791588786831,1622650791590275535
30,"build/tests/sizes/cube-1910-geo.geo","chck",1622650791585325365,1622650791590280856
30,"build/tests/sizes/cube-1524-asc.msh2","scan",1622650791598573324,1622650793677615778
30,"build/tests/sizes/cube-1524-asc.msh2","chck",1622650791590281994,1622650793677623846
30,"build/tests/sizes/cube-1484-asc.msh2","scan",1622650793693722332,1622650793702082092
30,"build/tests/sizes/cube-1484-asc.msh2","chck",1622650793677625100,1622650793702088884
30,"build/tests/sizes/cube-2107-bin.msh2","scan",1622650793702633633,1622650793706747835
30,"build/tests/sizes/cube-2107-bin.msh2","chck",1622650793702089894,1622650793706753737
30,"build/tests/sizes/cube-3749-geo.geo","scan",1622650793707353916,1622650793708809008
30,"build/tests/sizes/cube-3749-geo.geo","chck",1622650793706754880,1622650793708813930
30,"build/tests/sizes/cube-1435-bin.msh4","scan",1622650793729198053,1622650793749680078
30,"build/tests/sizes/cube-1435-bin.msh4","chck",1622650793708815015,1622650793749686868
30,"build/tests/sizes/cube-615-bin.msh4","scan",1622650793763469185,1622650794478213192
30,"build/tests/sizes/cube-615-bin.msh4","chck",1622650793749687983,1622650794478220584
30,"build/tests/sizes/cube-3202-stl-bin.geo","scan",1622650794479212725,1622650794511554931
30,"build/tests/sizes/cube-3202-stl-bin.geo","chck",1622650794478221850,1622650794511562601
30,"build/tests/sizes/cube-1279-stl-bin.geo","scan",1622650794532154861,1622650794554937550
30,"build/tests/sizes/cube-1279-stl-bin.geo","chck",1622650794511563929,1622650794554944739
30,"build/tests/sizes/cube-2989-stl-bin.geo","scan",1622650794555612284,1622650794558974802
30,"build/tests/sizes/cube-2989-stl-bin.geo","chck",1622650794554945930,1622650794558980569
30,"build/tests/sizes/cube-2759-asc.mesh","scan",1622650794559517069,1622650794669146904
30,"build/tests/sizes/cube-2759-asc.mesh","chck",1622650794558981961,1622650794669154097
30,"build/tests/sizes/cube-524-bin.msh2","scan",1622650794682671691,1622650800495749460
30,"build/tests/sizes/cube-524-bin.msh2","chck",1622650794669155317,1622650800495770701
30,"build/tests/sizes/cube-446-stl-bin.geo","scan",1622650800518104713,1622650800593151452
30,"build/tests/sizes/cube-446-stl-bin.geo","chck",1622650800495772138,1622650800593157444
30,"build/tests/sizes/cube-2554-stl-bin.geo","scan",1622650800596792513,1622650800647822610
30,"build/tests/sizes/cube-2554-stl-bin.geo","chck",1622650800593158518,1622650800647829091
30,"build/tests/sizes/cube-3719-asc.bdf","scan",1622650800648379452,1622650800651151062
30,"build/tests/sizes/cube-3719-asc.bdf","chck",1622650800647830214,1622650800651155412
30,"build/tests/sizes/cube-1282-asc.mesh","scan",1622650800666042056,1622650800838762941
30,"build/tests/sizes/cube-1282-asc.mesh","chck",1622650800651156581,1622650800838768771
30,"build/tests/sizes/cube-2504-asc.mesh","scan",1622650800839893125,1622650801229827693
30,"build/tests/sizes/cube-2504-asc.mesh","chck",1622650800838770033,1622650801229835190
30,"build/tests/sizes/cube-594-asc.msh2","scan",1622650801241245781,1622650801333923009
30,"build/tests/sizes/cube-594-asc.msh2","chck",1622650801229836299,1622650801333929542
30,"build/tests/sizes/cube-738-bin.vtk","scan",1622650801344582991,1622650801353120458
30,"build/tests/sizes/cube-738-bin.vtk","chck",1622650801333930808,1622650801353127059
30,"build/tests/sizes/cube-1483-bin.msh4","scan",1622650801354766387,1622650801683617248
30,"build/tests/sizes/cube-1483-bin.msh4","chck",1622650801353128229,1622650801683624198
30,"build/tests/sizes/cube-181-bin.vtk","scan",1622650801699654420,1622650801734010352
30,"build/tests/sizes/cube-181-bin.vtk","chck",1622650801683625434,1622650801734016404
30,"build/tests/sizes/cube-1201-asc.mesh","scan",1622650801752157946,1622650801788939512
30,"build/tests/sizes/cube-1201-asc.mesh","chck",1622650801734017595,1622650801788945649
30,"build/tests/sizes/cube-3312-geo.geo_unrolled","scan",1622650801789830326,1622650801791265866
30,"build/tests/sizes/cube-3312-geo.geo_unrolled","chck",1622650801788946901,1622650801791270615
30,"build/tests/sizes/cube-3605-bin.msh4","scan",1622650801791827870,1622650801797186308
30,"build/tests/sizes/cube-3605-bin.msh4","chck",1622650801791271606,1622650801797190626
30,"build/tests/sizes/cube-1956-bin.msh2","scan",1622650801798348410,1622650801941892467
30,"build/tests/sizes/cube-1956-bin.msh2","chck",1622650801797191623,1622650801941899211
30,"build/tests/sizes/cube-1022-stl-bin.geo","scan",1622650801958165021,1622650802088419327
30,"build/tests/sizes/cube-1022-stl-bin.geo","chck",1622650801941900336,1622650802088434413
30,"build/tests/sizes/cube-2773-bin.msh2","scan",1622650802089100990,1622650802108137134
30,"build/tests/sizes/cube-2773-bin.msh2","chck",1622650802088435569,1622650802108143674
30,"build/tests/sizes/cube-3742-asc.bdf","scan",1622650802108698120,1622650802115236198
30,"build/tests/sizes/cube-3742-asc.bdf","chck",1622650802108145257,1622650802115245506
30,"build/tests/sizes/cube-960-stl-bin.geo","scan",1622650802127967460,1622650802690384641
30,"build/tests/sizes/cube-960-stl-bin.geo","chck",1622650802115246790,1622650802690392907
30,"build/tests/sizes/cube-2875-geo.geo_unrolled","scan",1622650802691098126,1622650802692391515
30,"build/tests/sizes/cube-2875-geo.geo_unrolled","chck",1622650802690394115,1622650802692396596
30,"build/tests/sizes/cube-3921-geo.geo_unrolled","scan",1622650802692944267,1622650802694110591
30,"build/tests/sizes/cube-3921-geo.geo_unrolled","chck",1622650802692397610,1622650802694114338
30,"build/tests/sizes/cube-3601-bin.msh2","scan",1622650802694628024,1622650802716005640
30,"build/tests/sizes/cube-3601-bin.msh2","chck",1622650802694115347,1622650802716011921
30,"build/tests/sizes/cube-646-stl-bin.geo","scan",1622650802731850719,1622650803199583214
30,"build/tests/sizes/cube-646-stl-bin.geo","chck",1622650802716012928,1622650803199591233
30,"build/tests/sizes/cube-2175-geo.geo_unrolled","scan",1622650803200279077,1622650803201611823
30,"build/tests/sizes/cube-2175-geo.geo_unrolled","chck",1622650803199592333,1622650803201616692
30,"build/tests/sizes/cube-1272-stl-bin.geo","scan",1622650803202694950,1622650804236813219
30,"build/tests/sizes/cube-1272-stl-bin.geo","chck",1622650803201617702,1622650804236820176
30,"build/tests/sizes/cube-1424-geo.geo","scan",1622650804257927376,1622650804259605353
30,"build/tests/sizes/cube-1424-geo.geo","chck",1622650804236821547,1622650804259611391
30,"build/tests/sizes/cube-2780-asc.msh2","scan",1622650804260167901,1622650810586796380
30,"build/tests/sizes/cube-2780-asc.msh2","chck",1622650804259612790,1622650810586811463
30,"build/tests/sizes/cube-1902-geo.geo_unrolled","scan",1622650810588546992,1622650810589929985
30,"build/tests/sizes/cube-1902-geo.geo_unrolled","chck",1622650810586812750,1622650810590056477
30,"build/tests/sizes/cube-3079-geo.geo_unrolled","scan",1622650810590608924,1622650810591787068
30,"build/tests/sizes/cube-3079-geo.geo_unrolled","chck",1622650810590058050,1622650810591790958
30,"build/tests/sizes/cube-2578-stl-bin.geo","scan",1622650810592321805,1622650810595413899
30,"build/tests/sizes/cube-2578-stl-bin.geo","chck",1622650810591791825,1622650810595418211
30,"build/tests/sizes/cube-1384-stl-bin.geo","scan",1622650810618413128,1622650810652429608
30,"build/tests/sizes/cube-1384-stl-bin.geo","chck",1622650810595419533,1622650810652436724
30,"build/tests/sizes/cube-2092-bin.vtk","scan",1622650810652995104,1622650810654592175
30,"build/tests/sizes/cube-2092-bin.vtk","chck",1622650810652437948,1622650810654601625
30,"build/tests/sizes/cube-490-bin.msh2","scan",1622650810669329689,1622650820679806160
30,"build/tests/sizes/cube-490-bin.msh2","chck",1622650810654602599,1622650820679814096
30,"build/tests/sizes/cube-2248-asc.mesh","scan",1622650820684074686,1622650820862252788
30,"build/tests/sizes/cube-2248-asc.mesh","chck",1622650820679815221,1622650820862260108
30,"build/tests/sizes/cube-1369-asc.bdf","scan",1622650820882371975,1622650820915745985
30,"build/tests/sizes/cube-1369-asc.bdf","chck",1622650820862261332,1622650820915753231
30,"build/tests/sizes/cube-765-bin.cgns","scan",1622650820936986962,1622650821026972599
30,"build/tests/sizes/cube-765-bin.cgns","chck",1622650820915754877,1622650821026979356
30,"cube-2092-bin","prep",1622650821028219233,1622650821028679067
30,"cube-2092-bin","zzzz",1622650821028684026,1622650821031959024,245,514,1542
30,"cube-2092-bin","post",1622650821031960338,1622650821032092396
30,"cube-3079-geo","mesh",1622650821032140692,1622650821203271223
30,"cube-3079-geo","prep",1622650821204202803,1622650821214498470
30,"cube-3079-geo","zzzz",1622650821214503704,1622650821527246456,9112,14391,43173
30,"cube-3079-geo","post",1622650821527254181,1622650821529877316
30,"cube-742-bin","prep",1622650821529926083,1622650821533186673
30,"cube-742-bin","zzzz",1622650821533189806,1622650821631681115,3925,6423,19269
30,"cube-742-bin","post",1622650821631689896,1622650821632515871
30,"cube-3298-geo","mesh",1622650821632584507,1622650822676525967
30,"cube-3298-geo","prep",1622650822677423252,1622650822763182290
30,"cube-3298-geo","zzzz",1622650822763188259,1622650827701849901,66624,96681,290043
30,"cube-3298-geo","post",1622650827701858928,1622650827723088069
30,"cube-960-stl-bin","mesh",1622650827723155072,1622650842977822403
30,"cube-960-stl-bin","prep",1622650843625504159,1622650844618667000
30,"cube-960-stl-bin","zzzz",1622650844618685894,1622651152632170061,1139203,1672654,5017962
30,"cube-960-stl-bin","post",1622651152632191135,1622651153040838476
30,"cube-1435-bin","prep",1622651153041448101,1622651153073863059
30,"cube-1435-bin","zzzz",1622651153073867026,1622651153085899680,735,1382,4146
30,"cube-1435-bin","post",1622651153085900925,1622651153086064836
30,"cube-1764-bin","prep",1622651153086101517,1622651153109267330
30,"cube-1764-bin","zzzz",1622651153109270187,1622651153111103267,144,329,987
30,"cube-1764-bin","post",1622651153111106931,1622651153111255440
30,"cube-2578-stl-bin","mesh",1622651153111329058,1622651153159147815
30,"cube-2578-stl-bin","prep",1622651153160153785,1622651153160334791
30,"cube-2578-stl-bin","zzzz",1622651153160336749,1622651153166663772,240,845,2535
30,"cube-2578-stl-bin","post",1622651153166673902,1622651153166806615
30,"cube-2780-asc","prep",1622651153166839016,1622651153639191755
30,"cube-2780-asc","zzzz",1622651153639198712,1622651335209516644,817142,1125278,3375834
30,"cube-2780-asc","post",1622651335209530283,1622651335297102568
30,"cube-3527-bin","prep",1622651335297832630,1622651336514710864
30,"cube-3527-bin","zzzz",1622651336514718409,1622651923556727464,1987960,2713198,8139594
30,"cube-3527-bin","post",1622651923556741010,1622651923826863817
30,"cube-3833-stl-bin","mesh",1622651923827407131,1622651924706729836
30,"cube-3833-stl-bin","prep",1622651924707559722,1622651924798691556
30,"cube-3833-stl-bin","zzzz",1622651924798704999,1622651933101777998,82363,137764,413292
30,"cube-3833-stl-bin","post",1622651933101785508,1622651933131388254
30,"cube-1483-bin","prep",1622651933131425483,1622651933447966610
30,"cube-1483-bin","zzzz",1622651933447973017,1622652015216325874,462046,642932,1928796
30,"cube-1483-bin","post",1622652015216339961,1622652015329754399
30,"cube-2459-asc","prep",1622652015329859025,1622652015541990992
30,"cube-2459-asc","zzzz",1622652015541996091,1622652077601620126,382628,535071,1605213
30,"cube-2459-asc","post",1622652077601634186,1622652077658646251
30,"cube-1404-bin","prep",1622652077658687487,1622652078695448307
30,"cube-1404-bin","zzzz",1622652078695455947,1622652585670756865,1779099,2430627,7291881
30,"cube-1404-bin","post",1622652585670772061,1622652585918976413
30,"cube-3837-asc","prep",1622652585919550219,1622652585936034312
30,"cube-3837-asc","zzzz",1622652585936038394,1622652585954946698,1092,1938,5814
30,"cube-3837-asc","post",1622652585954952930,1622652585955098039
30,"cube-1910-geo","mesh",1622652585955178475,1622652604741888612
30,"cube-1910-geo","prep",1622652604742753970,1622652606724180069
30,"cube-1910-geo","zzzz",1622652606724186816,1622653077725105005,1682326,2300096,6900288
30,"cube-1910-geo","post",1622653077725112144,1622653078377798629
30,"cube-260-asc","prep",1622653078378434569,1622653078447350514
30,"cube-260-asc","zzzz",1622653078447355908,1622653084112325753,73232,106088,318264
30,"cube-260-asc","post",1622653084112339178,1622653084118579264
30,"cube-1559-bin.cgns","prep",1622653084118621213,1622653084285884373
30,"cube-1559-bin.cgns","zzzz",1622653084285887834,1622653084315412641,1499,2712,8136
30,"cube-1559-bin.cgns","post",1622653084315422388,1622653084315688689
30,"cube-2678-asc","prep",1622653084315756871,1622653084337451117
30,"cube-2678-asc","zzzz",1622653084337453756,1622653087025644136,43278,63680,191040
30,"cube-2678-asc","post",1622653087025654481,1622653087031120643
30,"cube-3001-bin","prep",1622653087031153508,1622653087084215929
30,"cube-3001-bin","zzzz",1622653087084221531,1622653095657817426,97957,140788,422364
30,"cube-3001-bin","post",1622653095657827513,1622653095666185633
30,"cube-55-asc","prep",1622653095666609059,1622653095747060533
30,"cube-55-asc","zzzz",1622653095747066468,1622653110193022477,141327,200732,602196
30,"cube-55-asc","post",1622653110193031669,1622653110205145755
30,"cube-1342-bin","prep",1622653110205184811,1622653110223105265
30,"cube-1342-bin","zzzz",1622653110223108245,1622653112519657112,38730,57092,171276
30,"cube-1342-bin","post",1622653112519672477,1622653112523003305
30,"cube-264-geo","mesh",1622653112523039064,1622653112580663732
30,"cube-264-geo","prep",1622653112581446658,1622653112583824825
30,"cube-264-geo","zzzz",1622653112583826859,1622653112680563750,3858,6330,18990
30,"cube-264-geo","post",1622653112680573668,1622653112681587645
30,"cube-2089-bin","prep",1622653112681981859,1622653112683040002
30,"cube-2089-bin","zzzz",1622653112683041733,1622653112711917819,1468,2667,8001
30,"cube-2089-bin","post",1622653112711927808,1622653112712524454
30,"cube-2594-geo","mesh",1622653112712541191,1622653112721041682
30,"cube-2594-geo","prep",1622653112721786084,1622653112721981551
30,"cube-2594-geo","zzzz",1622653112721983065,1622653112725895875,285,584,1752
30,"cube-2594-geo","post",1622653112725905844,1622653112726194725
30,"cube-3139-geo","mesh",1622653112726232906,1622653112735281847
30,"cube-3139-geo","prep",1622653112735965197,1622653112736163094
30,"cube-3139-geo","zzzz",1622653112736164679,1622653112740044909,281,580,1740
30,"cube-3139-geo","post",1622653112740054871,1622653112740308503
30,"cube-3838-asc","prep",1622653112740322643,1622653112868209218
30,"cube-3838-asc","zzzz",1622653112868216054,1622653146810767755,254340,357237,1071711
30,"cube-3838-asc","post",1622653146810783498,1622653146832528687
30,"cube-1948-asc","prep",1622653146832568993,1622653147251943114
30,"cube-1948-asc","zzzz",1622653147251949734,1622653330879798115,825306,1134816,3404448
30,"cube-1948-asc","post",1622653330879807811,1622653330947382989
30,"cube-1341-asc","prep",1622653330947778877,1622653330949058614
30,"cube-1341-asc","zzzz",1622653330949061678,1622653331003695270,2477,4239,12717
30,"cube-1341-asc","post",1622653331003705057,1622653331004087095
30,"cube-765-bin.cgns","prep",1622653331004116783,1622653331017302450
30,"cube-765-bin.cgns","zzzz",1622653331017306659,1622653331022511623,348,729,2187
30,"cube-765-bin.cgns","post",1622653331022526555,1622653331022563175
30,"cube-1340-geo","mesh",1622653331022629751,1622653331032513788
30,"cube-1340-geo","prep",1622653331033370808,1622653331033602676
30,"cube-1340-geo","zzzz",1622653331033604354,1622653331037593765,286,595,1785
30,"cube-1340-geo","post",1622653331037608753,1622653331037757431
30,"cube-3461-bin.cgns","prep",1622653331037772193,1622653331038365213
30,"cube-3461-bin.cgns","zzzz",1622653331038367759,1622653331061193537,1240,2235,6705
30,"cube-3461-bin.cgns","post",1622653331061211130,1622653331061240580
30,"cube-2353-geo","mesh",1622653331061305731,1622653333410459383
30,"cube-2353-geo","prep",1622653333411302225,1622653333655599612
30,"cube-2353-geo","zzzz",1622653333655604389,1622653357225701287,198105,279423,838269
30,"cube-2353-geo","post",1622653357225715740,1622653357320555333
30,"cube-2889-geo","mesh",1622653357320604333,1622653357389080295
30,"cube-2889-geo","prep",1622653357389900548,1622653357390825672
30,"cube-2889-geo","zzzz",1622653357390828073,1622653357415300788,1285,2354,7062
30,"cube-2889-geo","post",1622653357415310687,1622653357416181454
30,"cube-899-bin.cgns","prep",1622653357416201029,1622653357416802492
30,"cube-899-bin.cgns","zzzz",1622653357416804679,1622653357420849490,290,599,1797
30,"cube-899-bin.cgns","post",1622653357420859449,1622653357420910261
30,"cube-2589-geo","mesh",1622653357420993895,1622653357430277363
30,"cube-2589-geo","prep",1622653357431058439,1622653357431255433
30,"cube-2589-geo","zzzz",1622653357431257077,1622653357434990456,268,563,1689
30,"cube-2589-geo","post",1622653357435000264,1622653357435237538
30,"cube-2554-stl-bin","mesh",1622653357435251416,1622653357470822744
30,"cube-2554-stl-bin","prep",1622653357471565536,1622653357474104663
30,"cube-2554-stl-bin","zzzz",1622653357474107007,1622653357613003622,3620,8167,24501
30,"cube-2554-stl-bin","post",1622653357613013841,1622653357614023443
30,"cube-944-asc","prep",1622653357614494196,1622653357729797154
30,"cube-944-asc","zzzz",1622653357729802694,1622653387593952687,233283,327756,983268
30,"cube-944-asc","post",1622653387593963425,1622653387614265404
30,"cube-1363-geo","mesh",1622653387614303516,1622653404506990795
30,"cube-1363-geo","prep",1622653404507830293,1622653406297416065
30,"cube-1363-geo","zzzz",1622653406297422231,1622653780924340389,1414519,1937184,5811552
30,"cube-1363-geo","post",1622653780924354459,1622653781653933493
30,"cube-3601-bin","prep",1622653781654505591,1622653781681818572
30,"cube-3601-bin","zzzz",1622653781681822280,1622653781816815603,4945,7993,23979
30,"cube-3601-bin","post",1622653781816826030,1622653781818079113
30,"cube-3605-bin","prep",1622653781818329421,1622653781842087251
30,"cube-3605-bin","zzzz",1622653781842089436,1622653782060164442,7062,11174,33522
30,"cube-3605-bin","post",1622653782060174265,1622653782061120003
30,"cube-1984-bin","prep",1622653782061183801,1622653782083226166
30,"cube-1984-bin","zzzz",1622653782083228083,1622653782170262137,3577,5878,17634
30,"cube-1984-bin","post",1622653782170272235,1622653782171478780
30,"cube-1113-bin","prep",1622653782171714466,1622653782254765494
30,"cube-1113-bin","zzzz",1622653782254771115,1622653793470550033,118764,168986,506958
30,"cube-1113-bin","post",1622653793470565043,1622653793480934214
30,"cube-2663-bin","prep",1622653793480972360,1622653793501212354
30,"cube-2663-bin","zzzz",1622653793501216344,1622653793508831410,482,973,2919
30,"cube-2663-bin","post",1622653793508841570,1622653793509022395
30,"cube-528-geo","mesh",1622653793509124510,1622653793657818584
30,"cube-528-geo","prep",1622653793658632652,1622653793660908699
30,"cube-528-geo","zzzz",1622653793660910606,1622653793747649271,3551,5864,17592
30,"cube-528-geo","post",1622653793747659261,1622653793748688024
30,"cube-2060-bin","prep",1622653793749086367,1622653793750989381
30,"cube-2060-bin","zzzz",1622653793750991342,1622653793848207580,3872,6352,19056
30,"cube-2060-bin","post",1622653793848217969,1622653793848945503
30,"cube-463-bin","prep",1622653793848963736,1622653793872719337
30,"cube-463-bin","zzzz",1622653793872722023,1622653796903975374,46991,69087,207261
30,"cube-463-bin","post",1622653796903986386,1622653796908461417
30,"cube-2299-geo","mesh",1622653796908482794,1622653796926533492
30,"cube-2299-geo","prep",1622653796927248720,1622653796927581852
30,"cube-2299-geo","zzzz",1622653796927583542,1622653796938586780,670,1287,3861
30,"cube-2299-geo","post",1622653796938596549,1622653796939077516
30,"cube-1369-asc","prep",1622653796939093198,1622653796939738824
30,"cube-1369-asc","zzzz",1622653796939740402,1622653796957188350,1039,1824,5472
30,"cube-1369-asc","post",1622653796957198212,1622653796957579956
30,"cube-1110-bin","prep",1622653796957834381,1622653797022875438
30,"cube-1110-bin","zzzz",1622653797022881088,1622653806600692113,106021,151843,455529
30,"cube-1110-bin","post",1622653806600705800,1622653806621803467
30,"cube-2576-geo","mesh",1622653806621834736,1622653806634894209
30,"cube-2576-geo","prep",1622653806635648362,1622653806635944265
30,"cube-2576-geo","zzzz",1622653806635946470,1622653806641166961,348,729,2187
30,"cube-2576-geo","post",1622653806641176751,1622653806641591771
30,"cube-2054-bin","prep",1622653806641629952,1622653806642395518
30,"cube-2054-bin","zzzz",1622653806642397351,1622653806672688794,1518,2765,8295
30,"cube-2054-bin","post",1622653806672698654,1622653806673244475
30,"cube-646-stl-bin","mesh",1622653806673289597,1622653815231842650
30,"cube-646-stl-bin","prep",1622653815232791664,1622653816237551526
30,"cube-646-stl-bin","zzzz",1622653816237559409,1622654009723676519,795505,1180225,3540675
30,"cube-646-stl-bin","post",1622654009723686994,1622654010281690069
30,"cube-2300-bin","prep",1622654010281727424,1622654010295157873
30,"cube-2300-bin","zzzz",1622654010295161777,1622654010402993905,4152,6830,20490
30,"cube-2300-bin","post",1622654010403002045,1622654010403622324
30,"cube-2804-asc","prep",1622654010403669052,1622654010416186371
30,"cube-2804-asc","zzzz",1622654010416188479,1622654010440036819,1263,2310,6930
30,"cube-2804-asc","post",1622654010440052471,1622654010440196774
30,"cube-3369-asc","prep",1622654010440264127,1622654010450280682
30,"cube-3369-asc","zzzz",1622654010450282688,1622654010452204011,151,336,1008
30,"cube-3369-asc","post",1622654010452208844,1622654010452277607
30,"cube-1198-asc","prep",1622654010452291683,1622654010461598496
30,"cube-1198-asc","zzzz",1622654010461600413,1622654010463400548,146,319,957
30,"cube-1198-asc","post",1622654010463405308,1622654010463469931
30,"cube-2815-geo","mesh",1622654010463484963,1622654010766955442
30,"cube-2815-geo","prep",1622654010767970574,1622654010777990463
30,"cube-2815-geo","zzzz",1622654010777993897,1622654011256396992,12456,19306,57918
30,"cube-2815-geo","post",1622654011256406361,1622654011264620827
30,"cube-3778-bin","prep",1622654011264652331,1622654011266516523
30,"cube-3778-bin","zzzz",1622654011266519538,1622654011268284678,135,314,942
30,"cube-3778-bin","post",1622654011268289421,1622654011268359677
30,"cube-2208-bin","prep",1622654011268373134,1622654012145834380
30,"cube-2208-bin","zzzz",1622654012145842221,1622654429890169736,1536327,2102136,6306408
30,"cube-2208-bin","post",1622654429890184545,1622654430022108435
30,"cube-1924-asc","prep",1622654430022758558,1622654430023064908
30,"cube-1924-asc","zzzz",1622654430023067976,1622654430026459942,257,530,1590
30,"cube-1924-asc","post",1622654430026464088,1622654430026577031
30,"cube-3218-geo","mesh",1622654430026600790,1622654431582418696
30,"cube-3218-geo","prep",1622654431583366463,1622654431729979081
30,"cube-3218-geo","zzzz",1622654431729985050,1622654443992745831,126340,179623,538869
30,"cube-3218-geo","post",1622654443992761314,1622654444073781221
30,"cube-3879-geo","mesh",1622654444077836732,1622654444298854487
30,"cube-3879-geo","prep",1622654444299666914,1622654444309062052
30,"cube-3879-geo","zzzz",1622654444309064714,1622654444786645651,12413,19283,57849
30,"cube-3879-geo","post",1622654444786655568,1622654444790325190
30,"cube-109-bin","prep",1622654444790346378,1622654444791781592
30,"cube-109-bin","zzzz",1622654444791783478,1622654444796625289,331,688,2064
30,"cube-109-bin","post",1622654444796635202,1622654444796821124
30,"cube-597-asc","prep",1622654444796852809,1622654445616421608
30,"cube-597-asc","zzzz",1622654445616428638,1622654864034248425,1538084,2104661,6313983
30,"cube-597-asc","post",1622654864034302379,1622654864162538861
30,"cube-2504-asc","prep",1622654864162599256,1622654864233068592
30,"cube-2504-asc","zzzz",1622654864233074485,1622654872902981939,98801,141828,425484
30,"cube-2504-asc","post",1622654872902992433,1622654872934520984
30,"cube-2175-geo","mesh",1622654872934594352,1622654873809266063
30,"cube-2175-geo","prep",1622654873813755669,1622654873864326002
30,"cube-2175-geo","zzzz",1622654873864330602,1622654878702037454,65534,95262,285786
30,"cube-2175-geo","post",1622654878702050842,1622654878735033411
30,"cube-2649-bin","prep",1622654878737129842,1622654878748236504
30,"cube-2649-bin","zzzz",1622654878748238620,1622654878962881796,6962,11051,33153
30,"cube-2649-bin","post",1622654878962892065,1622654878964664695
30,"cube-2107-bin","prep",1622654878964703631,1622654878969582181
30,"cube-2107-bin","zzzz",1622654878969583977,1622654878988114137,1056,1909,5727
30,"cube-2107-bin","post",1622654878988124035,1622654878988482875
30,"cube-738-bin","prep",1622654878988658913,1622654878989184068
30,"cube-738-bin","zzzz",1622654878989185433,1622654878993203130,287,596,1788
30,"cube-738-bin","post",1622654878993212993,1622654878993419501
30,"cube-3749-geo","mesh",1622654878993450378,1622654880741352273
30,"cube-3749-geo","prep",1622654880742224643,1622654880906684423
30,"cube-3749-geo","zzzz",1622654880906689700,1622654895512467098,142418,202201,606603
30,"cube-3749-geo","post",1622654895512519439,1622654895604627338
30,"cube-615-bin","prep",1622654895608720910,1622654896030994554
30,"cube-615-bin","zzzz",1622654896031001074,1622655062858453988,767034,1056028,3168084
30,"cube-615-bin","post",1622655062858506921,1622655062924710920
30,"cube-1282-asc","prep",1622655062924787953,1622655062959785432
30,"cube-1282-asc","zzzz",1622655062959790379,1622655065393320832,40357,59471,178413
30,"cube-1282-asc","post",1622655065393335767,1622655065401376345
30,"cube-3202-stl-bin","mesh",1622655065401446763,1622655065685684076
30,"cube-3202-stl-bin","prep",1622655065686519908,1622655065707650497
30,"cube-3202-stl-bin","zzzz",1622655065707655828,1622655067479138090,25904,47750,143250
30,"cube-3202-stl-bin","post",1622655067479150157,1622655067487189945
30,"cube-1384-stl-bin","mesh",1622655067487220643,1622655067507629211
30,"cube-1384-stl-bin","prep",1622655067508453048,1622655067509420356
30,"cube-1384-stl-bin","zzzz",1622655067509422576,1622655067552040551,1310,3559,10677
30,"cube-1384-stl-bin","post",1622655067552050504,1622655067552470703
30,"cube-1279-stl-bin","mesh",1622655067552623774,1622655067570757581
30,"cube-1279-stl-bin","prep",1622655067571536643,1622655067572525409
30,"cube-1279-stl-bin","zzzz",1622655067572527945,1622655067617182553,1331,3678,11034
30,"cube-1279-stl-bin","post",1622655067617192537,1622655067617641864
30,"cube-2773-bin","prep",1622655067617791812,1622655067620608449
30,"cube-2773-bin","zzzz",1622655067620610276,1622655067750078850,4788,7763,23289
30,"cube-2773-bin","post",1622655067750088902,1622655067751191082
30,"cube-490-bin","prep",1622655067751301580,1622655069051974968
30,"cube-490-bin","zzzz",1622655069051981880,1622655825755187548,2412308,3282266,9846798
30,"cube-490-bin","post",1622655825755201901,1622655826060740969
30,"cube-2989-stl-bin","mesh",1622655826061400278,1622655826068713873
30,"cube-2989-stl-bin","prep",1622655826069581947,1622655826069886016
30,"cube-2989-stl-bin","zzzz",1622655826069889250,1622655826079213491,328,1135,3405
30,"cube-2989-stl-bin","post",1622655826079223555,1622655826079393725
30,"cube-2759-asc","prep",1622655826079422638,1622655826093780554
30,"cube-2759-asc","zzzz",1622655826093782466,1622655827712381831,30333,44925,134775
30,"cube-2759-asc","post",1622655827712392642,1622655827715180257
30,"cube-524-bin","prep",1622655827715196036,1622655828486198891
30,"cube-524-bin","zzzz",1622655828486206184,1622656224175538832,1474696,2018316,6054948
30,"cube-524-bin","post",1622656224175548674,1622656224337192344
30,"cube-446-stl-bin","mesh",1622656224337235758,1622656224352660523
30,"cube-446-stl-bin","prep",1622656224353638999,1622656224354390969
30,"cube-446-stl-bin","zzzz",1622656224354393835,1622656224381446279,955,2540,7620
30,"cube-446-stl-bin","post",1622656224381451275,1622656224381799042
30,"cube-2248-asc","prep",1622656224381814471,1622656224382955193
30,"cube-2248-asc","zzzz",1622656224382956942,1622656224399723005,998,1771,5313
30,"cube-2248-asc","post",1622656224399727987,1622656224400259450
30,"cube-1484-asc","prep",1622656224400273051,1622656224401054088
30,"cube-1484-asc","zzzz",1622656224401055235,1622656224402975554,151,336,1008
30,"cube-1484-asc","post",1622656224402980329,1622656224403042873
30,"cube-3719-asc","prep",1622656224403054423,1622656224403271472
30,"cube-3719-asc","zzzz",1622656224403272986,1622656224406647587,251,522,1566
30,"cube-3719-asc","post",1622656224406652386,1622656224406796454
30,"cube-594-asc","prep",1622656224406808315,1622656224412305103
30,"cube-594-asc","zzzz",1622656224412307120,1622656224696617594,8498,13443,40329
30,"cube-594-asc","post",1622656224696626506,1622656224700534183
30,"cube-181-bin","prep",1622656224700575051,1622656224704303645
30,"cube-181-bin","zzzz",1622656224704306244,1622656224908616329,6688,10677,32031
30,"cube-181-bin","post",1622656224908625553,1622656224909285721
30,"cube-1272-stl-bin","mesh",1622656224909319941,1622656246311366958
30,"cube-1272-stl-bin","prep",1622656246312164002,1622656248766969938
30,"cube-1272-stl-bin","zzzz",1622656248766977151,1622656982169094008,2221362,3206162,9618486
30,"cube-1272-stl-bin","post",1622656982169108732,1622656982749926828
30,"cube-1201-asc","prep",1622656982749958534,1622656982763317429
30,"cube-1201-asc","zzzz",1622656982763320808,1622656982848967872,3527,5812,17436
30,"cube-1201-asc","post",1622656982848977943,1622656982849966496
30,"cube-3312-geo","mesh",1622656982850003369,1622656982952014152
30,"cube-3312-geo","prep",1622656982952811434,1622656982956594376
30,"cube-3312-geo","zzzz",1622656982956596397,1622656983163844315,6764,10784,32352
30,"cube-3312-geo","post",1622656983163854308,1622656983165029662
30,"cube-1956-bin","prep",1622656983165044231,1622656983182526104
30,"cube-1956-bin","zzzz",1622656983182529392,1622656985204218178,35376,52298,156894
30,"cube-1956-bin","post",1622656985204229635,1622656985208313579
30,"cube-3742-asc","prep",1622656985208353401,1622656985209960566
30,"cube-3742-asc","zzzz",1622656985209964015,1622656985222637751,772,1432,4296
30,"cube-3742-asc","post",1622656985222648371,1622656985223082900
30,"cube-2875-geo","mesh",1622656985223121622,1622656985326217087
30,"cube-2875-geo","prep",1622656985327096294,1622656985331001890
30,"cube-2875-geo","zzzz",1622656985331003997,1622656985545397791,6990,11042,33126
30,"cube-2875-geo","post",1622656985545407841,1622656985546834483
30,"cube-770-geo","mesh",1622656985546971508,1622656985963641225
30,"cube-770-geo","prep",1622656985964477143,1622656985988951856
30,"cube-770-geo","zzzz",1622656985988956771,1622656988002289357,35315,52149,156447
30,"cube-770-geo","post",1622656988002300513,1622656988009961292
30,"cube-3921-geo","mesh",1622656988009997269,1622657013952103535
30,"cube-3921-geo","prep",1622657014199499766,1622657015915192887
30,"cube-3921-geo","zzzz",1622657015915198044,1622657672863991017,2165876,2952073,8856219
30,"cube-3921-geo","post",1622657672863999856,1622657673425368206
30,"cube-1937-bin.cgns","prep",1622657673425529129,1622657674038421625
30,"cube-1937-bin.cgns","zzzz",1622657674038430778,1622658160161397380,1723442,2355254,7065762
30,"cube-1937-bin.cgns","post",1622658160161829132,1622658160161892331
30,"cube-1524-asc","prep",1622658160161973717,1622658160310973578
30,"cube-1524-asc","zzzz",1622658160310980233,1622658200009863449,282973,396825,1190475
30,"cube-1524-asc","post",1622658200009878375,1622658200038551047
30,"cube-1424-geo","mesh",1622658200038586589,1622658200054502839
30,"cube-1424-geo","prep",1622658200055384544,1622658200055715371
30,"cube-1424-geo","zzzz",1622658200055717110,1622658200063694076,507,1008,3024
30,"cube-1424-geo","post",1622658200063704124,1622658200064133635
30,"cube-1022-stl-bin","mesh",1622658200064166931,1622658201065182621
30,"cube-1022-stl-bin","prep",1622658201066011633,1622658201151692459
30,"cube-1022-stl-bin","zzzz",1622658201151698691,1622658211722109686,97852,162358,487074
30,"cube-1022-stl-bin","post",1622658211722122798,1622658211755060845
30,"cube-1902-geo","mesh",1622658211755094010,1622658214954288535
30,"cube-1902-geo","prep",1622658214978655474,1622658215151861766
30,"cube-1902-geo","zzzz",1622658215151867081,1622658248328580931,250397,351775,1055325
30,"cube-1902-geo","post",1622658248328597139,1622658248402885823
30,"Proc","exit_task",1622650751065372385,1622658248423039695,4937324
