14,"build/tests/sizes/cube-1638-geo.geo_unrolled","scan",1622650769640117863,1622650769642781115
14,"build/tests/sizes/cube-1638-geo.geo_unrolled","chck",1622650769638039302,1622650769642891166
14,"build/tests/sizes/cube-2884-asc.msh2","scan",1622650769644307763,1622650770248599329
14,"build/tests/sizes/cube-2884-asc.msh2","chck",1622650769642892366,1622650770248607895
14,"build/tests/sizes/cube-3143-bin.msh4","scan",1622650770249396923,1622650770264591317
14,"build/tests/sizes/cube-3143-bin.msh4","chck",1622650770248609212,1622650770264596272
14,"build/tests/sizes/cube-1774-geo.geo","scan",1622650770265892017,1622650770267094514
14,"build/tests/sizes/cube-1774-geo.geo","chck",1622650770264597345,1622650770267098903
14,"build/tests/sizes/cube-733-bin.cgns","scan",1622650770288194888,1622650770404176427
14,"build/tests/sizes/cube-733-bin.cgns","chck",1622650770267100053,1622650770404202114
14,"build/tests/sizes/cube-3121-asc.mesh","scan",1622650770404875503,1622650771969612476
14,"build/tests/sizes/cube-3121-asc.mesh","chck",1622650770404203352,1622650771969620951
14,"build/tests/sizes/cube-3265-bin.msh2","scan",1622650771970494949,1622650771990413704
14,"build/tests/sizes/cube-3265-bin.msh2","chck",1622650771969622179,1622650771990420646
14,"build/tests/sizes/cube-3216-asc.msh2","scan",1622650771991038776,1622650772916153953
14,"build/tests/sizes/cube-3216-asc.msh2","chck",1622650771990421791,1622650772916179217
14,"build/tests/sizes/cube-649-bin.cgns","scan",1622650772951935690,1622650773080747683
14,"build/tests/sizes/cube-649-bin.cgns","chck",1622650772916180772,1622650773080756473
14,"build/tests/sizes/cube-662-bin.msh2","scan",1622650773098137133,1622650773119428393
14,"build/tests/sizes/cube-662-bin.msh2","chck",1622650773080757716,1622650773119435213
14,"build/tests/sizes/cube-423-asc.mesh","scan",1622650773120900050,1622650773125160768
14,"build/tests/sizes/cube-423-asc.mesh","chck",1622650773119436242,1622650773125165653
14,"build/tests/sizes/cube-523-geo.geo","scan",1622650773146874396,1622650773148413232
14,"build/tests/sizes/cube-523-geo.geo","chck",1622650773125166693,1622650773148419505
14,"build/tests/sizes/cube-3089-bin.cgns","scan",1622650773152034785,1622650773213799202
14,"build/tests/sizes/cube-3089-bin.cgns","chck",1622650773148420522,1622650773213806326
14,"build/tests/sizes/cube-991-bin.vtk","scan",1622650773234120793,1622650775587743463
14,"build/tests/sizes/cube-991-bin.vtk","chck",1622650773213807875,1622650775587759982
14,"build/tests/sizes/cube-2895-stl-bin.geo","scan",1622650775588587837,1622650775627514852
14,"build/tests/sizes/cube-2895-stl-bin.geo","chck",1622650775587761237,1622650775627520889
14,"build/tests/sizes/cube-3551-geo.geo","scan",1622650775628311029,1622650775629542493
14,"build/tests/sizes/cube-3551-geo.geo","chck",1622650775627522129,1622650775629552970
14,"build/tests/sizes/cube-1320-asc.bdf","scan",1622650775649301630,1622650775683275644
14,"build/tests/sizes/cube-1320-asc.bdf","chck",1622650775629554053,1622650775683284461
14,"build/tests/sizes/cube-2630-asc.msh2","scan",1622650775683953915,1622650788944655524
14,"build/tests/sizes/cube-2630-asc.msh2","chck",1622650775683285689,1622650788944676053
14,"build/tests/sizes/cube-3131-bin.cgns","scan",1622650789040407867,1622650789124062095
14,"build/tests/sizes/cube-3131-bin.cgns","chck",1622650788944677378,1622650789124070136
14,"build/tests/sizes/cube-16-bin.msh4","scan",1622650789143325861,1622650789150531405
14,"build/tests/sizes/cube-16-bin.msh4","chck",1622650789124071382,1622650789150538737
14,"build/tests/sizes/cube-3343-stl-bin.geo","scan",1622650789151126784,1622650789170524135
14,"build/tests/sizes/cube-3343-stl-bin.geo","chck",1622650789150539932,1622650789170532404
14,"build/tests/sizes/cube-3007-asc.msh2","scan",1622650789171109463,1622650789201640829
14,"build/tests/sizes/cube-3007-asc.msh2","chck",1622650789170533743,1622650789201648864
14,"build/tests/sizes/cube-1006-stl-bin.geo","scan",1622650789202746013,1622650789277122301
14,"build/tests/sizes/cube-1006-stl-bin.geo","chck",1622650789201650028,1622650789277130635
14,"build/tests/sizes/cube-1349-bin.msh4","scan",1622650789308622286,1622650789512868326
14,"build/tests/sizes/cube-1349-bin.msh4","chck",1622650789277137092,1622650789512876518
14,"build/tests/sizes/cube-3049-stl-bin.geo","scan",1622650789513644525,1622650789562641585
14,"build/tests/sizes/cube-3049-stl-bin.geo","chck",1622650789512877547,1622650789562647071
14,"build/tests/sizes/cube-2697-stl-bin.geo","scan",1622650789563222313,1622650789726392555
14,"build/tests/sizes/cube-2697-stl-bin.geo","chck",1622650789562648006,1622650789726400362
14,"build/tests/sizes/cube-2319-geo.geo","scan",1622650789727036034,1622650789728304466
14,"build/tests/sizes/cube-2319-geo.geo","chck",1622650789726401572,1622650789728308696
14,"build/tests/sizes/cube-67-geo.geo_unrolled","scan",1622650789740395710,1622650789741512287
14,"build/tests/sizes/cube-67-geo.geo_unrolled","chck",1622650789728309653,1622650789741516929
14,"build/tests/sizes/cube-477-asc.msh2","scan",1622650789756328520,1622650789765821498
14,"build/tests/sizes/cube-477-asc.msh2","chck",1622650789741517983,1622650789765827943
14,"build/tests/sizes/cube-2531-geo.geo","scan",1622650789766434440,1622650789767753930
14,"build/tests/sizes/cube-2531-geo.geo","chck",1622650789765829234,1622650789767758683
14,"build/tests/sizes/cube-22-bin.msh4","scan",1622650789781567138,1622650789841423721
14,"build/tests/sizes/cube-22-bin.msh4","chck",1622650789767759590,1622650789841431910
14,"build/tests/sizes/cube-2658-stl-bin.geo","scan",1622650789842137604,1622650789845020928
14,"build/tests/sizes/cube-2658-stl-bin.geo","chck",1622650789841433098,1622650789845031339
14,"build/tests/sizes/cube-62-bin.msh4","scan",1622650789867669754,1622650789902345451
14,"build/tests/sizes/cube-62-bin.msh4","chck",1622650789845032698,1622650789902353068
14,"build/tests/sizes/cube-978-bin.cgns","scan",1622650789907464354,1622650789981098773
14,"build/tests/sizes/cube-978-bin.cgns","chck",1622650789902354380,1622650789981106396
14,"build/tests/sizes/cube-3462-bin.vtk","scan",1622650789981895321,1622650790035829973
14,"build/tests/sizes/cube-3462-bin.vtk","chck",1622650789981107646,1622650790035837320
14,"build/tests/sizes/cube-1926-asc.msh2","scan",1622650790040599956,1622650790078686439
14,"build/tests/sizes/cube-1926-asc.msh2","chck",1622650790035838440,1622650790078694121
14,"build/tests/sizes/cube-1470-stl-bin.geo","scan",1622650790083593410,1622650790115564839
14,"build/tests/sizes/cube-1470-stl-bin.geo","chck",1622650790078695318,1622650790115575461
14,"build/tests/sizes/cube-2194-geo.geo","scan",1622650790116168184,1622650790117535449
14,"build/tests/sizes/cube-2194-geo.geo","chck",1622650790115576911,1622650790117540183
14,"build/tests/sizes/cube-2522-bin.vtk","scan",1622650790118089001,1622650790119643567
14,"build/tests/sizes/cube-2522-bin.vtk","chck",1622650790117541147,1622650790119647154
14,"build/tests/sizes/cube-707-geo.geo","scan",1622650790129656269,1622650790130910000
14,"build/tests/sizes/cube-707-geo.geo","chck",1622650790119648043,1622650790130914454
14,"build/tests/sizes/cube-1280-geo.geo","scan",1622650790151298826,1622650790152591626
14,"build/tests/sizes/cube-1280-geo.geo","chck",1622650790130915462,1622650790152595663
14,"build/tests/sizes/cube-682-geo.geo_unrolled","scan",1622650790169224655,1622650790170329964
14,"build/tests/sizes/cube-682-geo.geo_unrolled","chck",1622650790152596536,1622650790170334147
14,"build/tests/sizes/cube-1120-bin.msh4","scan",1622650790182749364,1622650790348230103
14,"build/tests/sizes/cube-1120-bin.msh4","chck",1622650790170335108,1622650790348238281
14,"build/tests/sizes/cube-1507-geo.geo_unrolled","scan",1622650790364263571,1622650790365530837
14,"build/tests/sizes/cube-1507-geo.geo_unrolled","chck",1622650790348239469,1622650790365537114
14,"build/tests/sizes/cube-820-stl-bin.geo","scan",1622650790415223569,1622650791221257505
14,"build/tests/sizes/cube-820-stl-bin.geo","chck",1622650790365538175,1622650791221266309
14,"build/tests/sizes/cube-2295-bin.msh2","scan",1622650791224327101,1622650791233754079
14,"build/tests/sizes/cube-2295-bin.msh2","chck",1622650791221267491,1622650791233761433
14,"build/tests/sizes/cube-3248-asc.msh2","scan",1622650791234616155,1622650791238342217
14,"build/tests/sizes/cube-3248-asc.msh2","chck",1622650791234075248,1622650791238347544
14,"build/tests/sizes/cube-3453-bin.msh2","scan",1622650791238895899,1622650791245969327
14,"build/tests/sizes/cube-3453-bin.msh2","chck",1622650791238348735,1622650791245974764
14,"build/tests/sizes/cube-220-asc.msh2","scan",1622650791247074152,1622650792275002970
14,"build/tests/sizes/cube-220-asc.msh2","chck",1622650791245975672,1622650792275009875
14,"build/tests/sizes/cube-739-asc.msh2","scan",1622650792286550164,1622650792319368020
14,"build/tests/sizes/cube-739-asc.msh2","chck",1622650792275011228,1622650792319374299
14,"build/tests/sizes/cube-404-asc.bdf","scan",1622650792342319482,1622650793081154977
14,"build/tests/sizes/cube-404-asc.bdf","chck",1622650792319375618,1622650793081163224
14,"build/tests/sizes/cube-1780-bin.msh2","scan",1622650793082763796,1622650793103721533
14,"build/tests/sizes/cube-1780-bin.msh2","chck",1622650793081164392,1622650793103727998
14,"build/tests/sizes/cube-257-bin.cgns","scan",1622650793123647835,1622650793227218208
14,"build/tests/sizes/cube-257-bin.cgns","chck",1622650793103729299,1622650793227225541
14,"build/tests/sizes/cube-1116-bin.cgns","scan",1622650793249912914,1622650793376997770
14,"build/tests/sizes/cube-1116-bin.cgns","chck",1622650793227226710,1622650793377003393
14,"build/tests/sizes/cube-112-bin.msh2","scan",1622650793416570914,1622650793638150676
14,"build/tests/sizes/cube-112-bin.msh2","chck",1622650793377004449,1622650793638156867
14,"build/tests/sizes/cube-2337-bin.cgns","scan",1622650793642975103,1622650793706944359
14,"build/tests/sizes/cube-2337-bin.cgns","chck",1622650793638157925,1622650793706951405
14,"build/tests/sizes/cube-1058-asc.msh2","scan",1622650793720997200,1622650793730306086
14,"build/tests/sizes/cube-1058-asc.msh2","chck",1622650793706952616,1622650793730313682
14,"build/tests/sizes/cube-689-bin.cgns","scan",1622650793752396190,1622650793867697925
14,"build/tests/sizes/cube-689-bin.cgns","chck",1622650793730314875,1622650793867705124
14,"build/tests/sizes/cube-3344-bin.cgns","scan",1622650793873241565,1622650793939612384
14,"build/tests/sizes/cube-3344-bin.cgns","chck",1622650793867706419,1622650793939619936
14,"build/tests/sizes/cube-3140-asc.bdf","scan",1622650793940464463,1622650793945253372
14,"build/tests/sizes/cube-3140-asc.bdf","chck",1622650793939621140,1622650793945259988
14,"build/tests/sizes/cube-31-bin.msh4","scan",1622650793965386963,1622650793973872539
14,"build/tests/sizes/cube-31-bin.msh4","chck",1622650793945261089,1622650793973884599
14,"build/tests/sizes/cube-3346-bin.msh2","scan",1622650793975589546,1622650793985667723
14,"build/tests/sizes/cube-3346-bin.msh2","chck",1622650793973885698,1622650793985674730
14,"build/tests/sizes/cube-3818-bin.msh2","scan",1622650793986246341,1622650793988326848
14,"build/tests/sizes/cube-3818-bin.msh2","chck",1622650793985676169,1622650793988331566
14,"build/tests/sizes/cube-37-geo.geo","scan",1622650794003642829,1622650794004993044
14,"build/tests/sizes/cube-37-geo.geo","chck",1622650793988332486,1622650794004999970
14,"build/tests/sizes/cube-1050-geo.geo_unrolled","scan",1622650794025299683,1622650794026500317
14,"build/tests/sizes/cube-1050-geo.geo_unrolled","chck",1622650794005000887,1622650794026506230
14,"build/tests/sizes/cube-159-geo.geo_unrolled","scan",1622650794027545956,1622650794028642459
14,"build/tests/sizes/cube-159-geo.geo_unrolled","chck",1622650794026507417,1622650794028646649
14,"build/tests/sizes/cube-3787-asc.bdf","scan",1622650794029208153,1622650796251689812
14,"build/tests/sizes/cube-3787-asc.bdf","chck",1622650794028647608,1622650796251706294
14,"build/tests/sizes/cube-1798-asc.msh2","scan",1622650796262320954,1622650796400946294
14,"build/tests/sizes/cube-1798-asc.msh2","chck",1622650796251707545,1622650796400953472
14,"build/tests/sizes/cube-2858-geo.geo_unrolled","scan",1622650796401759529,1622650796402958115
14,"build/tests/sizes/cube-2858-geo.geo_unrolled","chck",1622650796400954738,1622650796402962550
14,"build/tests/sizes/cube-2280-geo.geo_unrolled","scan",1622650796403509511,1622650796404555515
14,"build/tests/sizes/cube-2280-geo.geo_unrolled","chck",1622650796402965541,1622650796404559132
14,"build/tests/sizes/cube-1875-geo.geo","scan",1622650796406324246,1622650796407556600
14,"build/tests/sizes/cube-1875-geo.geo","chck",1622650796404560091,1622650796407560303
14,"build/tests/sizes/cube-219-asc.msh2","scan",1622650796408907813,1622650799311065507
14,"build/tests/sizes/cube-219-asc.msh2","chck",1622650796407561303,1622650799311073063
14,"build/tests/sizes/cube-1330-geo.geo_unrolled","scan",1622650799330770107,1622650799332019619
14,"build/tests/sizes/cube-1330-geo.geo_unrolled","chck",1622650799311074276,1622650799332025730
14,"build/tests/sizes/cube-1098-geo.geo_unrolled","scan",1622650799346917418,1622650799348161272
14,"build/tests/sizes/cube-1098-geo.geo_unrolled","chck",1622650799332027002,1622650799348166660
14,"build/tests/sizes/cube-3830-asc.msh2","scan",1622650799348735927,1622650799536151063
14,"build/tests/sizes/cube-3830-asc.msh2","chck",1622650799348167882,1622650799536159329
14,"build/tests/sizes/cube-3701-bin.msh2","scan",1622650799536875809,1622650802869188940
14,"build/tests/sizes/cube-3701-bin.msh2","chck",1622650799536160699,1622650802869215548
14,"build/tests/sizes/cube-2732-geo.geo_unrolled","scan",1622650802869907559,1622650802871130871
14,"build/tests/sizes/cube-2732-geo.geo_unrolled","chck",1622650802869216633,1622650802871135289
14,"build/tests/sizes/cube-2951-stl-bin.geo","scan",1622650802871686242,1622650802874873517
14,"build/tests/sizes/cube-2951-stl-bin.geo","chck",1622650802871136390,1622650802874877936
14,"build/tests/sizes/cube-3164-bin.vtk","scan",1622650802875423105,1622650802883338915
14,"build/tests/sizes/cube-3164-bin.vtk","chck",1622650802874879331,1622650802883343031
14,"build/tests/sizes/cube-1922-stl-bin.geo","scan",1622650802897572631,1622650802907931344
14,"build/tests/sizes/cube-1922-stl-bin.geo","chck",1622650802883344107,1622650802907945950
14,"build/tests/sizes/cube-2260-asc.bdf","scan",1622650802908538296,1622650802950630150
14,"build/tests/sizes/cube-2260-asc.bdf","chck",1622650802907947436,1622650802950637748
14,"build/tests/sizes/cube-582-bin.msh4","scan",1622650802972699723,1622650802996674978
14,"build/tests/sizes/cube-582-bin.msh4","chck",1622650802950638994,1622650802996682461
14,"build/tests/sizes/cube-1836-bin.msh2","scan",1622650802998019572,1622650803170328791
14,"build/tests/sizes/cube-1836-bin.msh2","chck",1622650802996683594,1622650803170335836
14,"build/tests/sizes/cube-2829-bin.vtk","scan",1622650803171047572,1622650803172262290
14,"build/tests/sizes/cube-2829-bin.vtk","chck",1622650803170336986,1622650803172266190
14,"build/tests/sizes/cube-368-asc.bdf","scan",1622650803193082690,1622650803220001145
14,"build/tests/sizes/cube-368-asc.bdf","chck",1622650803172267134,1622650803220008421
14,"build/tests/sizes/cube-400-asc.msh2","scan",1622650803234495836,1622650803259379538
14,"build/tests/sizes/cube-400-asc.msh2","chck",1622650803220009632,1622650803259387754
14,"build/tests/sizes/cube-805-bin.msh2","scan",1622650803269850341,1622650803446710310
14,"build/tests/sizes/cube-805-bin.msh2","chck",1622650803259388901,1622650803446719800
14,"build/tests/sizes/cube-1153-asc.mesh","scan",1622650803448146889,1622650803521451744
14,"build/tests/sizes/cube-1153-asc.mesh","chck",1622650803446721092,1622650803521459223
14,"build/tests/sizes/cube-757-bin.cgns","scan",1622650803538447004,1622650803710654178
14,"build/tests/sizes/cube-757-bin.cgns","chck",1622650803521460413,1622650803710661557
14,"build/tests/sizes/cube-2700-bin.vtk","scan",1622650803711425973,1622650803748914825
14,"build/tests/sizes/cube-2700-bin.vtk","chck",1622650803710662685,1622650803748923501
14,"build/tests/sizes/cube-3499-bin.msh2","scan",1622650803749684329,1622650803769788533
14,"build/tests/sizes/cube-3499-bin.msh2","chck",1622650803748924914,1622650803769796016
14,"build/tests/sizes/cube-984-asc.bdf","scan",1622650803780232578,1622650803841249671
14,"build/tests/sizes/cube-984-asc.bdf","chck",1622650803769797199,1622650803841470713
14,"build/tests/sizes/cube-3675-geo.geo","scan",1622650803842105875,1622650803843539463
14,"build/tests/sizes/cube-3675-geo.geo","chck",1622650803841472244,1622650803843544259
14,"build/tests/sizes/cube-384-asc.mesh","scan",1622650803864603744,1622650803887578988
14,"build/tests/sizes/cube-384-asc.mesh","chck",1622650803843545172,1622650803887585005
14,"build/tests/sizes/cube-1378-geo.geo_unrolled","scan",1622650803891369508,1622650803892659768
14,"build/tests/sizes/cube-1378-geo.geo_unrolled","chck",1622650803887585983,1622650803892665734
14,"build/tests/sizes/cube-3611-bin.vtk","scan",1622650803895357168,1622650803899972591
14,"build/tests/sizes/cube-3611-bin.vtk","chck",1622650803892666876,1622650803899979118
14,"build/tests/sizes/cube-2638-bin.vtk","scan",1622650803900570920,1622650803914776157
14,"build/tests/sizes/cube-2638-bin.vtk","chck",1622650803899980235,1622650803914783518
14,"build/tests/sizes/cube-713-bin.cgns","scan",1622650803921613455,1622650803991595433
14,"build/tests/sizes/cube-713-bin.cgns","chck",1622650803914784763,1622650803991603429
14,"build/tests/sizes/cube-217-bin.msh2","scan",1622650803997376573,1622650804220814793
14,"build/tests/sizes/cube-217-bin.msh2","chck",1622650803991604748,1622650804220822787
14,"build/tests/sizes/cube-2130-asc.mesh","scan",1622650804242734551,1622650804251162984
14,"build/tests/sizes/cube-2130-asc.mesh","chck",1622650804220824414,1622650804251170545
14,"cube-2130-asc","prep",1622650804252481731,1622650804252893978
14,"cube-2130-asc","zzzz",1622650804252898654,1622650804257645180,326,683,2049
14,"cube-2130-asc","post",1622650804257646674,1622650804257758342
14,"cube-3611-bin","prep",1622650804257800912,1622650804258902448
14,"cube-3611-bin","zzzz",1622650804258905066,1622650804318765002,2661,4530,13590
14,"cube-3611-bin","post",1622650804318774487,1622650804319020404
14,"cube-984-asc","prep",1622650804319144100,1622650804321257106
14,"cube-984-asc","zzzz",1622650804321259652,1622650804455512472,4896,7910,23730
14,"cube-984-asc","post",1622650804455522840,1622650804456008786
14,"cube-3830-asc","prep",1622650804456077156,1622650804472245403
14,"cube-3830-asc","zzzz",1622650804472252067,1622650805719958849,25094,37558,112674
14,"cube-3830-asc","post",1622650805719984740,1622650805722454102
14,"cube-423-asc","prep",1622650805722522730,1622650805723068590
14,"cube-423-asc","zzzz",1622650805723070609,1622650805733919414,663,1280,3840
14,"cube-423-asc","post",1622650805733925521,1622650805734125632
14,"cube-1006-stl-bin","mesh",1622650805734158862,1622650806261133277
14,"cube-1006-stl-bin","prep",1622650806262117524,1622650806316101690
14,"cube-1006-stl-bin","zzzz",1622650806316111377,1622650809664010208,42023,74081,222243
14,"cube-1006-stl-bin","post",1622650809664020343,1622650809675546777
14,"cube-3121-asc","prep",1622650809675597954,1622650810003017646
14,"cube-3121-asc","zzzz",1622650810003026650,1622650899902399090,492633,684740,2054220
14,"cube-3121-asc","post",1622650899902426547,1622650899948020688
14,"cube-991-bin","prep",1622650899948291377,1622650900758928096
14,"cube-991-bin","zzzz",1622650900758936395,1622651264075122396,1382147,1893183,5679549
14,"cube-991-bin","post",1622651264075132070,1622651264198183028
14,"cube-1638-geo","mesh",1622651264198859305,1622651264402800315
14,"cube-1638-geo","prep",1622651264403622580,1622651264414927788
14,"cube-1638-geo","zzzz",1622651264414931819,1622651265048834207,15316,23470,70410
14,"cube-1638-geo","post",1622651265048842573,1622651265057100169
14,"cube-2658-stl-bin","mesh",1622651265057711069,1622651265062769300
14,"cube-2658-stl-bin","prep",1622651265063616834,1622651265063794316
14,"cube-2658-stl-bin","zzzz",1622651265063796000,1622651265070284153,254,863,2589
14,"cube-2658-stl-bin","post",1622651265070299333,1622651265070394947
14,"cube-2337-bin.cgns","prep",1622651265070407716,1622651265070953093
14,"cube-2337-bin.cgns","zzzz",1622651265070955725,1622651265074627908,265,558,1674
14,"cube-2337-bin.cgns","post",1622651265074643531,1622651265074805120
14,"cube-62-bin","prep",1622651265074842677,1622651265078037095
14,"cube-62-bin","zzzz",1622651265078039291,1622651265242038129,5730,9165,27495
14,"cube-62-bin","post",1622651265242057068,1622651265243085371
14,"cube-1116-bin.cgns","prep",1622651265243225777,1622651265264847919
14,"cube-1116-bin.cgns","zzzz",1622651265264851063,1622651265429296243,5749,9189,27567
14,"cube-1116-bin.cgns","post",1622651265429313668,1622651265429340230
14,"cube-707-geo","mesh",1622651265429414572,1622651269134180890
14,"cube-707-geo","prep",1622651269135022098,1622651269471027831
14,"cube-707-geo","zzzz",1622651269471033654,1622651318779970611,327173,458856,1376568
14,"cube-707-geo","post",1622651318779980315,1622651318871751600
14,"cube-400-asc","prep",1622651318871948297,1622651318881074513
14,"cube-400-asc","zzzz",1622651318881077300,1622651318886283107,348,729,2187
14,"cube-400-asc","post",1622651318886298352,1622651318886368770
14,"cube-1378-geo","mesh",1622651318886404844,1622651319006830406
14,"cube-1378-geo","prep",1622651319007654233,1622651319012841191
14,"cube-1378-geo","zzzz",1622651319012844324,1622651319279769485,8051,12865,38595
14,"cube-1378-geo","post",1622651319279779110,1622651319284193045
14,"cube-1926-asc","prep",1622651319284610190,1622651319286155986
14,"cube-1926-asc","zzzz",1622651319286158045,1622651319288027771,144,329,987
14,"cube-1926-asc","post",1622651319288042827,1622651319288117661
14,"cube-220-asc","prep",1622651319288136978,1622651319400085270
14,"cube-220-asc","zzzz",1622651319400091917,1622651332847478454,134855,191153,573459
14,"cube-220-asc","post",1622651332847486761,1622651332903889610
14,"cube-2280-geo","mesh",1622651332903931417,1622651334295377491
14,"cube-2280-geo","prep",1622651334296183531,1622651334453045698
14,"cube-2280-geo","zzzz",1622651334453051209,1622651345563980558,118040,168004,504012
14,"cube-2280-geo","post",1622651345563995585,1622651345631444229
14,"cube-1120-bin","prep",1622651345634787414,1622651345755464713
14,"cube-1120-bin","zzzz",1622651345755470398,1622651362726329116,158047,223839,671517
14,"cube-1120-bin","post",1622651362726343987,1622651362772885806
14,"cube-3701-bin","prep",1622651362772937956,1622651363130066613
14,"cube-3701-bin","zzzz",1622651363130072243,1622651517535964970,722548,996494,2989482
14,"cube-3701-bin","post",1622651517535979263,1622651517595199172
14,"cube-3131-bin.cgns","prep",1622651517595447952,1622651517607182925
14,"cube-3131-bin.cgns","zzzz",1622651517607187271,1622651517754086822,5270,8482,25446
14,"cube-3131-bin.cgns","post",1622651517754094825,1622651517754137561
14,"cube-523-geo","mesh",1622651517754231450,1622651517816814657
14,"cube-523-geo","prep",1622651517817677024,1622651517820529104
14,"cube-523-geo","zzzz",1622651517820531323,1622651517925822162,4081,6717,20151
14,"cube-523-geo","post",1622651517925832835,1622651517928081894
14,"cube-1798-asc","prep",1622651517929443308,1622651517931293852
14,"cube-1798-asc","zzzz",1622651517931296182,1622651518020131784,3638,5963,17889
14,"cube-1798-asc","post",1622651518020142246,1622651518020456762
14,"cube-2522-bin","prep",1622651518020647443,1622651518020914281
14,"cube-2522-bin","zzzz",1622651518020915754,1622651518025684854,325,682,2046
14,"cube-2522-bin","post",1622651518025700592,1622651518025776511
14,"cube-820-stl-bin","mesh",1622651518025793875,1622651531999640025
14,"cube-820-stl-bin","prep",1622651532616424178,1622651533689141723
14,"cube-820-stl-bin","zzzz",1622651533689149571,1622651930936735599,1383311,2024288,6072864
14,"cube-820-stl-bin","post",1622651930936745310,1622651931387504296
14,"cube-2295-bin","prep",1622651931387935579,1622651931419697424
14,"cube-2295-bin","zzzz",1622651931419701421,1622651931424436514,326,683,2049
14,"cube-2295-bin","post",1622651931424437605,1622651931424733146
14,"cube-1470-stl-bin","mesh",1622651931424750806,1622651931450402527
14,"cube-1470-stl-bin","prep",1622651931451280955,1622651931451562713
14,"cube-1470-stl-bin","zzzz",1622651931451564918,1622651931461723234,348,1211,3633
14,"cube-1470-stl-bin","post",1622651931461733288,1622651931461977488
14,"cube-1774-geo","mesh",1622651931462424241,1622651931477417973
14,"cube-1774-geo","prep",1622651931478175856,1622651931478524565
14,"cube-1774-geo","zzzz",1622651931478526327,1622651931486338065,496,993,2979
14,"cube-1774-geo","post",1622651931486361857,1622651931486637146
14,"cube-805-bin","prep",1622651931486658229,1622651931502145606
14,"cube-805-bin","zzzz",1622651931502147909,1622651933510502913,35346,52141,156423
14,"cube-805-bin","post",1622651933510513763,1622651933513062197
14,"cube-3248-asc","prep",1622651933513085292,1622651933513354181
14,"cube-3248-asc","zzzz",1622651933513355408,1622651933518606738,351,732,2196
14,"cube-3248-asc","post",1622651933518616802,1622651933518907476
14,"cube-1280-geo","mesh",1622651933518943963,1622651933526777917
14,"cube-1280-geo","prep",1622651933527640420,1622651933527772905
14,"cube-1280-geo","zzzz",1622651933527774312,1622651933529688937,148,333,999
14,"cube-1280-geo","post",1622651933529698678,1622651933529871449
14,"cube-3499-bin","prep",1622651933529885237,1622651933531749845
14,"cube-3499-bin","zzzz",1622651933531751707,1622651933661319308,4796,7767,23301
14,"cube-3499-bin","post",1622651933661329382,1622651933662085320
14,"cube-3344-bin.cgns","prep",1622651933662104029,1622651933665393928
14,"cube-3344-bin.cgns","zzzz",1622651933665396980,1622651935922683663,38234,56419,169257
14,"cube-3344-bin.cgns","post",1622651935922694291,1622651935922744482
14,"cube-978-bin.cgns","prep",1622651935922848916,1622651936135720505
14,"cube-978-bin.cgns","zzzz",1622651936135728950,1622652214023871782,1128406,1548388,4645164
14,"cube-978-bin.cgns","post",1622652214023886207,1622652214023941975
14,"cube-159-geo","mesh",1622652214024077463,1622652214910552233
14,"cube-159-geo","prep",1622652214911420347,1622652215008890897
14,"cube-159-geo","zzzz",1622652215008896359,1622652220656866770,73052,105851,317553
14,"cube-159-geo","post",1622652220656880384,1622652220708993975
14,"cube-3787-asc","prep",1622652220711227707,1622652220872923765
14,"cube-3787-asc","zzzz",1622652220872931609,1622652262957910226,293743,412698,1238094
14,"cube-3787-asc","post",1622652262957924626,1622652262982398637
14,"cube-477-asc","prep",1622652262982437561,1622652262982714075
14,"cube-477-asc","zzzz",1622652262982715237,1622652262987502647,325,682,2046
14,"cube-477-asc","post",1622652262987512710,1622652262987764026
14,"cube-757-bin.cgns","prep",1622652262987776982,1622652263125215243
14,"cube-757-bin.cgns","zzzz",1622652263125223945,1622652297025886593,253864,356958,1070874
14,"cube-757-bin.cgns","post",1622652297025896269,1622652297025940678
14,"cube-682-geo","mesh",1622652297026039972,1622652299480752129
14,"cube-682-geo","prep",1622652299481562627,1622652299750112471
14,"cube-682-geo","zzzz",1622652299750118045,1622652323409983691,198716,280194,840582
14,"cube-682-geo","post",1622652323410000701,1622652323557463813
14,"cube-1330-geo","mesh",1622652323557505905,1622652328482394176
14,"cube-1330-geo","prep",1622652328483237171,1622652328979796203
14,"cube-1330-geo","zzzz",1622652328979802491,1622652397591416828,410205,572106,1716318
14,"cube-1330-geo","post",1622652397591423722,1622652397846982808
14,"cube-3089-bin.cgns","prep",1622652397847114975,1622652397943890131
14,"cube-3089-bin.cgns","zzzz",1622652397943896250,1622652449696460483,338130,473954,1421862
14,"cube-3089-bin.cgns","post",1622652449696474462,1622652449696536750
14,"cube-713-bin.cgns","prep",1622652449696698138,1622652449743025806
14,"cube-713-bin.cgns","zzzz",1622652449743033180,1622652474345873929,204312,287672,863016
14,"cube-713-bin.cgns","post",1622652474345888032,1622652474345950391
14,"cube-733-bin.cgns","prep",1622652474346100607,1622652474360928188
14,"cube-733-bin.cgns","zzzz",1622652474360931762,1622652474637381876,8307,13191,39573
14,"cube-733-bin.cgns","post",1622652474637392110,1622652474637438854
14,"cube-2884-asc","prep",1622652474637555294,1622652474691950388
14,"cube-2884-asc","zzzz",1622652474691956289,1622652483061816106,96180,138516,415548
14,"cube-2884-asc","post",1622652483061823657,1622652483079274281
14,"cube-2858-geo","mesh",1622652483079317910,1622652489388407916
14,"cube-2858-geo","prep",1622652489389245540,1622652490025835435
14,"cube-2858-geo","zzzz",1622652490025841032,1622652594784969392,546981,757855,2273565
14,"cube-2858-geo","post",1622652594784983284,1622652595089914361
14,"cube-2630-asc","prep",1622652595090036524,1622652596217875414
14,"cube-2630-asc","zzzz",1622652596217883476,1622653176521272163,1970289,2689804,8069412
14,"cube-2630-asc","post",1622653176521282083,1622653176826585297
14,"cube-689-bin.cgns","prep",1622653176827144665,1622653176905688047
14,"cube-689-bin.cgns","zzzz",1622653176905692642,1622653176928337722,1255,2222,6666
14,"cube-689-bin.cgns","post",1622653176928353402,1622653176928397170
14,"cube-16-bin","prep",1622653176928471165,1622653176928618126
14,"cube-16-bin","zzzz",1622653176928619434,1622653176930516466,148,333,999
14,"cube-16-bin","post",1622653176930521230,1622653176930637995
14,"cube-3265-bin","prep",1622653176930650917,1622653176933248561
14,"cube-3265-bin","zzzz",1622653176933250652,1622653177078926405,5237,8431,25293
14,"cube-3265-bin","post",1622653177078931243,1622653177079405023
14,"cube-2638-bin","prep",1622653177079451506,1622653177083438568
14,"cube-2638-bin","zzzz",1622653177083440496,1622653177341139485,7953,12554,37662
14,"cube-2638-bin","post",1622653177341155123,1622653177341832028
14,"cube-2697-stl-bin","mesh",1622653177341852713,1622653179126275222
14,"cube-2697-stl-bin","prep",1622653179129340244,1622653179321143428
14,"cube-2697-stl-bin","zzzz",1622653179321150678,1622653202266421755,172217,274461,823383
14,"cube-2697-stl-bin","post",1622653202266429000,1622653202367453717
14,"cube-22-bin","prep",1622653202367500447,1622653202401883306
14,"cube-22-bin","zzzz",1622653202401888717,1622653203712282783,26117,38796,116388
14,"cube-22-bin","post",1622653203712299137,1622653203719651063
14,"cube-112-bin","prep",1622653203719692466,1622653203748862216
14,"cube-112-bin","zzzz",1622653203748865803,1622653206518511381,44008,64970,194910
14,"cube-112-bin","post",1622653206518522903,1622653206522314483
14,"cube-2895-stl-bin","mesh",1622653206522391200,1622653206553976208
14,"cube-2895-stl-bin","prep",1622653206555681876,1622653206556758981
14,"cube-2895-stl-bin","zzzz",1622653206556761530,1622653206616642380,1663,4521,13563
14,"cube-2895-stl-bin","post",1622653206616652404,1622653206617371249
14,"cube-1349-bin","prep",1622653206617444088,1622653206736687911
14,"cube-1349-bin","zzzz",1622653206736694416,1622653227733941435,183019,258492,775476
14,"cube-1349-bin","post",1622653227733952330,1622653227786152504
14,"cube-404-asc","prep",1622653227786237366,1622653227837225244
14,"cube-404-asc","zzzz",1622653227837232599,1622653234082118677,78296,113464,340392
14,"cube-404-asc","post",1622653234082129307,1622653234108970568
14,"cube-1320-asc","prep",1622653234109016002,1622653234117010238
14,"cube-1320-asc","zzzz",1622653234117014031,1622653234150326112,1637,2971,8913
14,"cube-1320-asc","post",1622653234150343117,1622653234150624682
14,"cube-3343-stl-bin","mesh",1622653234150711473,1622653234224549151
14,"cube-3343-stl-bin","prep",1622653234225442494,1622653234231167505
14,"cube-3343-stl-bin","zzzz",1622653234231170757,1622653234542953613,6823,14335,43005
14,"cube-3343-stl-bin","post",1622653234542964065,1622653234547985913
14,"cube-257-bin.cgns","prep",1622653234548335204,1622653234571468335
14,"cube-257-bin.cgns","zzzz",1622653234571472247,1622653234587961761,983,1749,5247
14,"cube-257-bin.cgns","post",1622653234587977579,1622653234588008250
14,"cube-3551-geo","mesh",1622653234588079468,1622653235547327195
14,"cube-3551-geo","prep",1622653235548247520,1622653235632997130
14,"cube-3551-geo","zzzz",1622653235633003561,1622653241662862702,76584,110800,332400
14,"cube-3551-geo","post",1622653241662876532,1622653241706950294
14,"cube-3462-bin","prep",1622653241707014414,1622653241730095878
14,"cube-3462-bin","zzzz",1622653241730100744,1622653243069423860,26311,39375,118125
14,"cube-3462-bin","post",1622653243069434856,1622653243074620613
14,"cube-1098-geo","mesh",1622653243074651713,1622653243087201774
14,"cube-1098-geo","prep",1622653243088451767,1622653243088830462
14,"cube-1098-geo","zzzz",1622653243088832746,1622653243093601892,330,687,2061
14,"cube-1098-geo","post",1622653243093611807,1622653243093933675
14,"cube-3143-bin","prep",1622653243093972483,1622653243104161036
14,"cube-3143-bin","zzzz",1622653243104162976,1622653243865924488,17506,26657,79971
14,"cube-3143-bin","post",1622653243865934404,1622653243868965057
14,"cube-2531-geo","mesh",1622653243868984212,1622653243939700183
14,"cube-2531-geo","prep",1622653243940537808,1622653243943860002
14,"cube-2531-geo","zzzz",1622653243943861966,1622653244074218029,4813,7800,23400
14,"cube-2531-geo","post",1622653244074228146,1622653244075807435
14,"cube-384-asc","prep",1622653244075825663,1622653244076966841
14,"cube-384-asc","zzzz",1622653244076968550,1622653244111086671,1675,3024,9072
14,"cube-384-asc","post",1622653244111096635,1622653244111654341
14,"cube-67-geo","mesh",1622653244111688269,1622653248468342376
14,"cube-67-geo","prep",1622653248469189471,1622653248892228630
14,"cube-67-geo","zzzz",1622653248892234564,1622653316624979442,407264,567172,1701516
14,"cube-67-geo","post",1622653316624989459,1622653316787035519
14,"cube-2319-geo","mesh",1622653316787095807,1622653331053128361
14,"cube-2319-geo","prep",1622653331053957873,1622653332561234199
14,"cube-2319-geo","zzzz",1622653332561240500,1622653689050293606,1361298,1866406,5599218
14,"cube-2319-geo","post",1622653689050307872,1622653689447081808
14,"cube-3675-geo","mesh",1622653689447553503,1622653689494660255
14,"cube-3675-geo","prep",1622653689495518888,1622653689496421165
14,"cube-3675-geo","zzzz",1622653689496423537,1622653689521777661,1337,2418,7254
14,"cube-3675-geo","post",1622653689521787738,1622653689522371600
14,"cube-662-bin","prep",1622653689522412448,1622653689523204163
14,"cube-662-bin","zzzz",1622653689523206027,1622653689541711565,1048,1907,5721
14,"cube-662-bin","post",1622653689541721405,1622653689542046733
14,"cube-1507-geo","mesh",1622653689542189440,1622653689641662223
14,"cube-1507-geo","prep",1622653689642503452,1622653689647385307
14,"cube-1507-geo","zzzz",1622653689647387527,1622653689864120817,7028,11126,33378
14,"cube-1507-geo","post",1622653689864130936,1622653689865955560
14,"cube-3007-asc","prep",1622653689865985730,1622653689868722855
14,"cube-3007-asc","zzzz",1622653689868724846,1622653689965071547,3849,6312,18936
14,"cube-3007-asc","post",1622653689965081637,1622653689965858385
14,"cube-3216-asc","prep",1622653689965947126,1622653690043469451
14,"cube-3216-asc","zzzz",1622653690043475722,1622653703098698936,132037,187408,562224
14,"cube-3216-asc","post",1622653703098709356,1622653703115624393
14,"cube-649-bin.cgns","prep",1622653703115660659,1622653703133205235
14,"cube-649-bin.cgns","zzzz",1622653703133209024,1622653703228313438,3806,6258,18774
14,"cube-649-bin.cgns","post",1622653703228323567,1622653703228388762
14,"cube-3049-stl-bin","mesh",1622653703228508606,1622653703523706779
14,"cube-3049-stl-bin","prep",1622653703524584068,1622653703546499073
14,"cube-3049-stl-bin","zzzz",1622653703546504610,1622653706108096679,34609,61608,184824
14,"cube-3049-stl-bin","post",1622653706108107480,1622653706117627341
14,"cube-2260-asc","prep",1622653706117661606,1622653706121152153
14,"cube-2260-asc","zzzz",1622653706121154332,1622653706250150783,4775,7743,23229
14,"cube-2260-asc","post",1622653706250160821,1622653706251164753
14,"cube-1058-asc","prep",1622653706251223191,1622653706251506639
14,"cube-1058-asc","zzzz",1622653706251507972,1622653706254887057,250,521,1563
14,"cube-1058-asc","post",1622653706254897064,1622653706255031297
14,"cube-3140-asc","prep",1622653706255067089,1622653706255404254
14,"cube-3140-asc","zzzz",1622653706255405754,1622653706262991619,479,970,2910
14,"cube-3140-asc","post",1622653706263001578,1622653706263188606
14,"cube-3346-bin","prep",1622653706263224242,1622653706264872164
14,"cube-3346-bin","zzzz",1622653706264873997,1622653706314792556,2303,3978,11934
14,"cube-3346-bin","post",1622653706314802888,1622653706315201923
14,"cube-31-bin","prep",1622653706315265426,1622653706315413149
14,"cube-31-bin","zzzz",1622653706315414437,1622653706317349682,151,336,1008
14,"cube-31-bin","post",1622653706317371901,1622653706317565594
14,"cube-37-geo","mesh",1622653706317601041,1622653706341117605
14,"cube-37-geo","prep",1622653706341998448,1622653706342763198
14,"cube-37-geo","zzzz",1622653706342765178,1622653706363226207,1130,2057,6171
14,"cube-37-geo","post",1622653706363236060,1622653706363793097
14,"cube-1050-geo","mesh",1622653706364105707,1622653706667672141
14,"cube-1050-geo","prep",1622653706668533763,1622653706680992553
14,"cube-1050-geo","zzzz",1622653706680995750,1622653707972047287,25846,38422,115266
14,"cube-1050-geo","post",1622653707972057766,1622653707977338240
14,"cube-2194-geo","mesh",1622653707977878322,1622653708317602091
14,"cube-2194-geo","prep",1622653708318477153,1622653708333223322
14,"cube-2194-geo","zzzz",1622653708333227223,1622653709966638488,30358,45173,135519
14,"cube-2194-geo","post",1622653709966649049,1622653709974050564
14,"cube-1875-geo","mesh",1622653709974091906,1622653709982773738
14,"cube-1875-geo","prep",1622653709983657312,1622653709983850465
14,"cube-1875-geo","zzzz",1622653709983852383,1622653709987080302,237,502,1506
14,"cube-1875-geo","post",1622653709987090444,1622653709987354562
14,"cube-219-asc","prep",1622653709987406878,1622653710179285593
14,"cube-219-asc","zzzz",1622653710179291401,1622653770870842446,377577,527155,1581465
14,"cube-219-asc","post",1622653770870856684,1622653770902822949
14,"cube-2700-bin","prep",1622653770902875519,1622653770914334964
14,"cube-2700-bin","zzzz",1622653770914338122,1622653772229288920,26162,38879,116637
14,"cube-2700-bin","post",1622653772229299755,1622653772231394844
14,"cube-2732-geo","mesh",1622653772231429906,1622653772851395300
14,"cube-2732-geo","prep",1622653772852259877,1622653772893703916
14,"cube-2732-geo","zzzz",1622653772893709350,1622653776549137896,53579,78572,235716
14,"cube-2732-geo","post",1622653776549151749,1622653776576207228
14,"cube-2951-stl-bin","mesh",1622653776576243486,1622653776582904372
14,"cube-2951-stl-bin","prep",1622653776583767827,1622653776584025631
14,"cube-2951-stl-bin","zzzz",1622653776584027739,1622653776594196305,349,1212,3636
14,"cube-2951-stl-bin","post",1622653776594206328,1622653776594417423
14,"cube-739-asc","prep",1622653776594451948,1622653776595898856
14,"cube-739-asc","zzzz",1622653776595900663,1622653776629900731,1672,3016,9048
14,"cube-739-asc","post",1622653776629910469,1622653776630582543
14,"cube-3453-bin","prep",1622653776630604856,1622653776631424657
14,"cube-3453-bin","zzzz",1622653776631426419,1622653776656446345,1305,2394,7182
14,"cube-3453-bin","post",1622653776656456311,1622653776657011986
14,"cube-3164-bin","prep",1622653776657025026,1622653776659452922
14,"cube-3164-bin","zzzz",1622653776659455020,1622653776810426435,5407,8651,25953
14,"cube-3164-bin","post",1622653776810434531,1622653776811035074
14,"cube-368-asc","prep",1622653776811075422,1622653776811789653
14,"cube-368-asc","zzzz",1622653776811792137,1622653776830700619,1080,1943,5829
14,"cube-368-asc","post",1622653776830702000,1622653776830831739
14,"cube-217-bin","prep",1622653776830861563,1622653776854844155
14,"cube-217-bin","zzzz",1622653776854848282,1622653779537858466,43179,63555,190665
14,"cube-217-bin","post",1622653779537869040,1622653779541971703
14,"cube-1922-stl-bin","mesh",1622653779542025584,1622653779547012062
14,"cube-1922-stl-bin","prep",1622653779547970698,1622653779548190041
14,"cube-1922-stl-bin","zzzz",1622653779548192179,1622653779557481935,326,1133,3399
14,"cube-1922-stl-bin","post",1622653779557497735,1622653779557646129
14,"cube-582-bin","prep",1622653779557660753,1622653779558353540
14,"cube-582-bin","zzzz",1622653779558355293,1622653779582841227,1287,2356,7068
14,"cube-582-bin","post",1622653779582846078,1622653779582995812
14,"cube-1836-bin","prep",1622653779583071096,1622653779599787200
14,"cube-1836-bin","zzzz",1622653779599790077,1622653781587302096,35000,51723,155169
14,"cube-1836-bin","post",1622653781587315467,1622653781591088218
14,"cube-1780-bin","prep",1622653781591632795,1622653781592391525
14,"cube-1780-bin","zzzz",1622653781592393194,1622653781618458888,1362,2469,7407
14,"cube-1780-bin","post",1622653781618468954,1622653781618919302
14,"cube-2829-bin","prep",1622653781618937839,1622653781619265933
14,"cube-2829-bin","zzzz",1622653781619266992,1622653781622728547,258,531,1593
14,"cube-2829-bin","post",1622653781622738496,1622653781622886342
14,"cube-3818-bin","prep",1622653781622921842,1622653781623436944
14,"cube-3818-bin","zzzz",1622653781623438269,1622653781628278504,331,688,2064
14,"cube-3818-bin","post",1622653781628288492,1622653781628409975
14,"cube-1153-asc","prep",1622653781628423848,1622653781638422423
14,"cube-1153-asc","zzzz",1622653781638424347,1622653782632373749,21487,32046,96138
14,"cube-1153-asc","post",1622653782632383632,1622653782634148061
14,"Proc","exit_task",1622650751065552502,1622653782686776155,2224024
