25,"build/tests/sizes/cube-2757-asc.bdf","scan",1622650764841108341,1622650764859708109
25,"build/tests/sizes/cube-2757-asc.bdf","chck",1622650764840384489,1622650764859820589
25,"build/tests/sizes/cube-1550-geo.geo_unrolled","scan",1622650764891749029,1622650764893379243
25,"build/tests/sizes/cube-1550-geo.geo_unrolled","chck",1622650764859821832,1622650764893382710
25,"build/tests/sizes/cube-1343-asc.msh2","scan",1622650764922501173,1622650772760053420
25,"build/tests/sizes/cube-1343-asc.msh2","chck",1622650764893383573,1622650772760086660
25,"build/tests/sizes/cube-2121-asc.bdf","scan",1622650772761044407,1622650772807798229
25,"build/tests/sizes/cube-2121-asc.bdf","chck",1622650772760088097,1622650772807805635
25,"build/tests/sizes/cube-2923-geo.geo","scan",1622650772808661514,1622650772810938521
25,"build/tests/sizes/cube-2923-geo.geo","chck",1622650772807806844,1622650772810944163
25,"build/tests/sizes/cube-300-bin.vtk","scan",1622650772833237261,1622650775246917842
25,"build/tests/sizes/cube-300-bin.vtk","chck",1622650772810945238,1622650775246936884
25,"build/tests/sizes/cube-3912-bin.vtk","scan",1622650775247678259,1622650775248730764
25,"build/tests/sizes/cube-3912-bin.vtk","chck",1622650775246938028,1622650775248735729
25,"build/tests/sizes/cube-3862-bin.cgns","scan",1622650775254003051,1622650775315084059
25,"build/tests/sizes/cube-3862-bin.cgns","chck",1622650775248736796,1622650775315091172
25,"build/tests/sizes/cube-2778-bin.msh4","scan",1622650775315964171,1622650775367393246
25,"build/tests/sizes/cube-2778-bin.msh4","chck",1622650775315092312,1622650775367400377
25,"build/tests/sizes/cube-3959-asc.mesh","scan",1622650775368036019,1622650775387206198
25,"build/tests/sizes/cube-3959-asc.mesh","chck",1622650775367401583,1622650775387213762
25,"build/tests/sizes/cube-1067-bin.msh4","scan",1622650775402041179,1622650775419780029
25,"build/tests/sizes/cube-1067-bin.msh4","chck",1622650775387215038,1622650775419786692
25,"build/tests/sizes/cube-3517-bin.cgns","scan",1622650775423137513,1622650775484068990
25,"build/tests/sizes/cube-3517-bin.cgns","chck",1622650775419787831,1622650775484075495
25,"build/tests/sizes/cube-2279-bin.cgns","scan",1622650775487728109,1622650775552071607
25,"build/tests/sizes/cube-2279-bin.cgns","chck",1622650775484076727,1622650775552078279
25,"build/tests/sizes/cube-741-bin.vtk","scan",1622650775570485650,1622650776012271058
25,"build/tests/sizes/cube-741-bin.vtk","chck",1622650775552079464,1622650776012278281
25,"build/tests/sizes/cube-2049-asc.mesh","scan",1622650776013176468,1622650776032448290
25,"build/tests/sizes/cube-2049-asc.mesh","chck",1622650776012279513,1622650776032456371
25,"build/tests/sizes/cube-2162-bin.vtk","scan",1622650776033049188,1622650778253218916
25,"build/tests/sizes/cube-2162-bin.vtk","chck",1622650776032457643,1622650778253236549
25,"build/tests/sizes/cube-940-bin.cgns","scan",1622650778257512524,1622650778324274017
25,"build/tests/sizes/cube-940-bin.cgns","chck",1622650778253237849,1622650778324281065
25,"build/tests/sizes/cube-1624-asc.bdf","scan",1622650778325540054,1622650778379193629
25,"build/tests/sizes/cube-1624-asc.bdf","chck",1622650778324282231,1622650778379200037
25,"build/tests/sizes/cube-2590-geo.geo_unrolled","scan",1622650778379905347,1622650778381703848
25,"build/tests/sizes/cube-2590-geo.geo_unrolled","chck",1622650778379201237,1622650778381707973
25,"build/tests/sizes/cube-3339-bin.msh2","scan",1622650778382228123,1622650778513512934
25,"build/tests/sizes/cube-3339-bin.msh2","chck",1622650778381709357,1622650778513521326
25,"build/tests/sizes/cube-80-asc.msh2","scan",1622650778514840152,1622650778517796408
25,"build/tests/sizes/cube-80-asc.msh2","chck",1622650778513522736,1622650778517801997
25,"build/tests/sizes/cube-3894-bin.cgns","scan",1622650778522376924,1622650778594373866
25,"build/tests/sizes/cube-3894-bin.cgns","chck",1622650778517802959,1622650778594380961
25,"build/tests/sizes/cube-3276-asc.bdf","scan",1622650778596285453,1622650778664597450
25,"build/tests/sizes/cube-3276-asc.bdf","chck",1622650778594382269,1622650778664604915
25,"build/tests/sizes/cube-1981-asc.bdf","scan",1622650778684287969,1622650785572897356
25,"build/tests/sizes/cube-1981-asc.bdf","chck",1622650778664611399,1622650785572905787
25,"build/tests/sizes/cube-1405-bin.msh4","scan",1622650785585601579,1622650785824092272
25,"build/tests/sizes/cube-1405-bin.msh4","chck",1622650785572907408,1622650785824099404
25,"build/tests/sizes/cube-2869-asc.msh2","scan",1622650785824680792,1622650785866920804
25,"build/tests/sizes/cube-2869-asc.msh2","chck",1622650785824100688,1622650785866926967
25,"build/tests/sizes/cube-3134-bin.vtk","scan",1622650785867502235,1622650785943376497
25,"build/tests/sizes/cube-3134-bin.vtk","chck",1622650785866928167,1622650785943383458
25,"build/tests/sizes/cube-93-stl-bin.geo","scan",1622650785955653397,1622650786066778637
25,"build/tests/sizes/cube-93-stl-bin.geo","chck",1622650785943384753,1622650786066786576
25,"build/tests/sizes/cube-3203-asc.msh2","scan",1622650786067405774,1622650786519819391
25,"build/tests/sizes/cube-3203-asc.msh2","chck",1622650786066787832,1622650786519826958
25,"build/tests/sizes/cube-1461-bin.msh4","scan",1622650786540547681,1622650786778455813
25,"build/tests/sizes/cube-1461-bin.msh4","chck",1622650786519828235,1622650786778463655
25,"build/tests/sizes/cube-1628-geo.geo","scan",1622650786779981532,1622650786781650292
25,"build/tests/sizes/cube-1628-geo.geo","chck",1622650786778465179,1622650786781656271
25,"build/tests/sizes/cube-2387-asc.msh2","scan",1622650786782267638,1622650792945833424
25,"build/tests/sizes/cube-2387-asc.msh2","chck",1622650786781657311,1622650792947004871
25,"build/tests/sizes/cube-329-asc.mesh","scan",1622650792969484328,1622650793000671997
25,"build/tests/sizes/cube-329-asc.mesh","chck",1622650792947007147,1622650793000679742
25,"build/tests/sizes/cube-2222-geo.geo_unrolled","scan",1622650793004911560,1622650793006310796
25,"build/tests/sizes/cube-2222-geo.geo_unrolled","chck",1622650793000680963,1622650793006317124
25,"build/tests/sizes/cube-729-bin.cgns","scan",1622650793012566613,1622650793088439211
25,"build/tests/sizes/cube-729-bin.cgns","chck",1622650793006318241,1622650793088446556
25,"build/tests/sizes/cube-3882-asc.mesh","scan",1622650793089151915,1622650793091644336
25,"build/tests/sizes/cube-3882-asc.mesh","chck",1622650793088447831,1622650793091649676
25,"build/tests/sizes/cube-1521-geo.geo_unrolled","scan",1622650793111371362,1622650793112607672
25,"build/tests/sizes/cube-1521-geo.geo_unrolled","chck",1622650793091650698,1622650793112614453
25,"build/tests/sizes/cube-3678-asc.mesh","scan",1622650793113170375,1622650793446686292
25,"build/tests/sizes/cube-3678-asc.mesh","chck",1622650793112615593,1622650793446694307
25,"build/tests/sizes/cube-2625-stl-bin.geo","scan",1622650793447438982,1622650793573396291
25,"build/tests/sizes/cube-2625-stl-bin.geo","chck",1622650793446695471,1622650793573404211
25,"build/tests/sizes/cube-1977-bin.msh2","scan",1622650793574241717,1622650802324172460
25,"build/tests/sizes/cube-1977-bin.msh2","chck",1622650793573405434,1622650802324200166
25,"build/tests/sizes/cube-2170-stl-bin.geo","scan",1622650802329057732,1622650802773290665
25,"build/tests/sizes/cube-2170-stl-bin.geo","chck",1622650802324201529,1622650802773298689
25,"build/tests/sizes/cube-1530-geo.geo_unrolled","scan",1622650802791376834,1622650802792657148
25,"build/tests/sizes/cube-1530-geo.geo_unrolled","chck",1622650802773299978,1622650802792662981
25,"build/tests/sizes/cube-2275-geo.geo_unrolled","scan",1622650802793218637,1622650802794283625
25,"build/tests/sizes/cube-2275-geo.geo_unrolled","chck",1622650802792664072,1622650802794287975
25,"build/tests/sizes/cube-2223-geo.geo","scan",1622650802794828741,1622650802796277104
25,"build/tests/sizes/cube-2223-geo.geo","chck",1622650802794289054,1622650802796281086
25,"build/tests/sizes/cube-604-asc.msh2","scan",1622650802797730077,1622650803103865025
25,"build/tests/sizes/cube-604-asc.msh2","chck",1622650802796282089,1622650803103871726
25,"build/tests/sizes/cube-922-bin.msh4","scan",1622650803119241879,1622650803204698094
25,"build/tests/sizes/cube-922-bin.msh4","chck",1622650803103873126,1622650803204704587
25,"build/tests/sizes/cube-1028-geo.geo_unrolled","scan",1622650803225370076,1622650803226597259
25,"build/tests/sizes/cube-1028-geo.geo_unrolled","chck",1622650803204972410,1622650803226603482
25,"build/tests/sizes/cube-2143-asc.bdf","scan",1622650803227126223,1622650803230154279
25,"build/tests/sizes/cube-2143-asc.bdf","chck",1622650803226604551,1622650803230165677
25,"build/tests/sizes/cube-242-bin.vtk","scan",1622650803250338273,1622650803277964684
25,"build/tests/sizes/cube-242-bin.vtk","chck",1622650803230166650,1622650803277971561
25,"build/tests/sizes/cube-2908-bin.msh2","scan",1622650803278532117,1622650805791293824
25,"build/tests/sizes/cube-2908-bin.msh2","chck",1622650803277972805,1622650805791308249
25,"build/tests/sizes/cube-1173-geo.geo","scan",1622650805812321755,1622650805813794077
25,"build/tests/sizes/cube-1173-geo.geo","chck",1622650805791309472,1622650805813800359
25,"build/tests/sizes/cube-575-bin.cgns","scan",1622650805835200577,1622650805933971594
25,"build/tests/sizes/cube-575-bin.cgns","chck",1622650805813801791,1622650805933978946
25,"build/tests/sizes/cube-1395-asc.bdf","scan",1622650805949733039,1622650806008617744
25,"build/tests/sizes/cube-1395-asc.bdf","chck",1622650805933980101,1622650806008624900
25,"build/tests/sizes/cube-2567-bin.msh2","scan",1622650806009178607,1622650806254001120
25,"build/tests/sizes/cube-2567-bin.msh2","chck",1622650806008626136,1622650806254015598
25,"build/tests/sizes/cube-2410-asc.bdf","scan",1622650806254672100,1622650806263343957
25,"build/tests/sizes/cube-2410-asc.bdf","chck",1622650806254016988,1622650806263349998
25,"build/tests/sizes/cube-2517-bin.msh4","scan",1622650806263903533,1622650806265585332
25,"build/tests/sizes/cube-2517-bin.msh4","chck",1622650806263351205,1622650806265590769
25,"build/tests/sizes/cube-2999-bin.msh2","scan",1622650806266093424,1622650806413639176
25,"build/tests/sizes/cube-2999-bin.msh2","chck",1622650806265591731,1622650806413646851
25,"build/tests/sizes/cube-3821-asc.bdf","scan",1622650806414226468,1622650806947231234
25,"build/tests/sizes/cube-3821-asc.bdf","chck",1622650806413648050,1622650806947238663
25,"build/tests/sizes/cube-674-geo.geo_unrolled","scan",1622650806948766393,1622650806971596902
25,"build/tests/sizes/cube-674-geo.geo_unrolled","chck",1622650806947239878,1622650806971604314
25,"build/tests/sizes/cube-3120-asc.mesh","scan",1622650806972138610,1622650809310241973
25,"build/tests/sizes/cube-3120-asc.mesh","chck",1622650806971605597,1622650809310258433
25,"build/tests/sizes/cube-764-bin.vtk","scan",1622650809311703225,1622650809326877190
25,"build/tests/sizes/cube-764-bin.vtk","chck",1622650809310259891,1622650809326884190
25,"build/tests/sizes/cube-1631-asc.msh2","scan",1622650809331517067,1622650809340266381
25,"build/tests/sizes/cube-1631-asc.msh2","chck",1622650809326885302,1622650809340272789
25,"build/tests/sizes/cube-3423-stl-bin.geo","scan",1622650809340810159,1622650809347091764
25,"build/tests/sizes/cube-3423-stl-bin.geo","chck",1622650809340273998,1622650809347098218
25,"build/tests/sizes/cube-3760-bin.msh4","scan",1622650809347647901,1622650809447546631
25,"build/tests/sizes/cube-3760-bin.msh4","chck",1622650809347099324,1622650809447560561
25,"build/tests/sizes/cube-516-bin.vtk","scan",1622650809462116149,1622650809469876695
25,"build/tests/sizes/cube-516-bin.vtk","chck",1622650809447561799,1622650809469882864
25,"build/tests/sizes/cube-3069-geo.geo_unrolled","scan",1622650809470456686,1622650809471641396
25,"build/tests/sizes/cube-3069-geo.geo_unrolled","chck",1622650809469883812,1622650809471645496
25,"build/tests/sizes/cube-254-bin.cgns","scan",1622650809495688418,1622650809606541918
25,"build/tests/sizes/cube-254-bin.cgns","chck",1622650809471646498,1622650809606549536
25,"build/tests/sizes/cube-2724-bin.cgns","scan",1622650809612115915,1622650809676345739
25,"build/tests/sizes/cube-2724-bin.cgns","chck",1622650809606550767,1622650809676352361
25,"build/tests/sizes/cube-636-geo.geo_unrolled","scan",1622650809690068242,1622650809691377441
25,"build/tests/sizes/cube-636-geo.geo_unrolled","chck",1622650809676354066,1622650809691382996
25,"build/tests/sizes/cube-705-geo.geo_unrolled","scan",1622650809692538630,1622650809693588064
25,"build/tests/sizes/cube-705-geo.geo_unrolled","chck",1622650809691384132,1622650809693592168
25,"build/tests/sizes/cube-1718-asc.mesh","scan",1622650809694620557,1622650809696595921
25,"build/tests/sizes/cube-1718-asc.mesh","chck",1622650809693593129,1622650809696599771
25,"build/tests/sizes/cube-3772-asc.msh2","scan",1622650809697150385,1622650809707198413
25,"build/tests/sizes/cube-3772-asc.msh2","chck",1622650809696600771,1622650809707202907
25,"build/tests/sizes/cube-841-geo.geo","scan",1622650809723929308,1622650809725349909
25,"build/tests/sizes/cube-841-geo.geo","chck",1622650809707203914,1622650809725354420
25,"build/tests/sizes/cube-1501-asc.bdf","scan",1622650809732959539,1622650809811959377
25,"build/tests/sizes/cube-1501-asc.bdf","chck",1622650809725355538,1622650809811966223
25,"build/tests/sizes/cube-24-bin.cgns","scan",1622650809835261456,1622650809936344724
25,"build/tests/sizes/cube-24-bin.cgns","chck",1622650809811967429,1622650809936352168
25,"build/tests/sizes/cube-2932-asc.msh2","scan",1622650809937080237,1622650810212821000
25,"build/tests/sizes/cube-2932-asc.msh2","chck",1622650809936353564,1622650810212828281
25,"build/tests/sizes/cube-1558-geo.geo_unrolled","scan",1622650810228835175,1622650810230370349
25,"build/tests/sizes/cube-1558-geo.geo_unrolled","chck",1622650810212829393,1622650810230376413
25,"build/tests/sizes/cube-3640-bin.cgns","scan",1622650810236922720,1622650810302792752
25,"build/tests/sizes/cube-3640-bin.cgns","chck",1622650810230377822,1622650810302800899
25,"build/tests/sizes/cube-708-geo.geo_unrolled","scan",1622650810313523477,1622650810314866482
25,"build/tests/sizes/cube-708-geo.geo_unrolled","chck",1622650810302802088,1622650810314872816
25,"build/tests/sizes/cube-1350-asc.bdf","scan",1622650810331642865,1622650811030819565
25,"build/tests/sizes/cube-1350-asc.bdf","chck",1622650810314874061,1622650811030828400
25,"build/tests/sizes/cube-564-bin.vtk","scan",1622650811035822542,1622650811138565087
25,"build/tests/sizes/cube-564-bin.vtk","chck",1622650811030829693,1622650811138571647
25,"build/tests/sizes/cube-1390-geo.geo","scan",1622650811139965048,1622650811141377587
25,"build/tests/sizes/cube-1390-geo.geo","chck",1622650811138573182,1622650811141383651
25,"build/tests/sizes/cube-2476-asc.msh2","scan",1622650811141919491,1622650811147270791
25,"build/tests/sizes/cube-2476-asc.msh2","chck",1622650811141384970,1622650811147275644
25,"build/tests/sizes/cube-2824-bin.vtk","scan",1622650811147819681,1622650811149687397
25,"build/tests/sizes/cube-2824-bin.vtk","chck",1622650811147276648,1622650811149691599
25,"build/tests/sizes/cube-2792-asc.msh2","scan",1622650811150229318,1622650824123926833
25,"build/tests/sizes/cube-2792-asc.msh2","chck",1622650811149692614,1622650824123936059
25,"build/tests/sizes/cube-3715-asc.msh2","scan",1622650824128461986,1622650825113469782
25,"build/tests/sizes/cube-3715-asc.msh2","chck",1622650824123937415,1622650825113477267
25,"build/tests/sizes/cube-2507-stl-bin.geo","scan",1622650825114125124,1622650825116815168
25,"build/tests/sizes/cube-2507-stl-bin.geo","chck",1622650825113478513,1622650825116821187
25,"build/tests/sizes/cube-1364-geo.geo","scan",1622650825135629440,1622650825137060515
25,"build/tests/sizes/cube-1364-geo.geo","chck",1622650825116822780,1622650825137066794
25,"build/tests/sizes/cube-3774-asc.mesh","scan",1622650825137620380,1622650825139971301
25,"build/tests/sizes/cube-3774-asc.mesh","chck",1622650825137067897,1622650825139975895
25,"build/tests/sizes/cube-2250-asc.mesh","scan",1622650825140510707,1622650825142406846
25,"build/tests/sizes/cube-2250-asc.mesh","chck",1622650825139976870,1622650825142411001
25,"build/tests/sizes/cube-1223-bin.msh4","scan",1622650825154607721,1622650825162517170
25,"build/tests/sizes/cube-1223-bin.msh4","chck",1622650825142411901,1622650825162521754
25,"build/tests/sizes/cube-1878-asc.mesh","scan",1622650825163746826,1622650825550224897
25,"build/tests/sizes/cube-1878-asc.mesh","chck",1622650825162522823,1622650825550477746
25,"build/tests/sizes/cube-500-bin.msh2","scan",1622650825575167217,1622650825621575299
25,"build/tests/sizes/cube-500-bin.msh2","chck",1622650825550479748,1622650825621581761
25,"build/tests/sizes/cube-2045-asc.msh2","scan",1622650825622238002,1622650827071102434
25,"build/tests/sizes/cube-2045-asc.msh2","chck",1622650825621582904,1622650827071107881
25,"build/tests/sizes/cube-3437-bin.msh4","scan",1622650827071749322,1622650827073067509
25,"build/tests/sizes/cube-3437-bin.msh4","chck",1622650827071109235,1622650827073072453
25,"build/tests/sizes/cube-3348-asc.bdf","scan",1622650827073603848,1622650833697306883
25,"build/tests/sizes/cube-3348-asc.bdf","chck",1622650827073073753,1622650833697314608
25,"build/tests/sizes/cube-1135-geo.geo_unrolled","scan",1622650833698833312,1622650833984512613
25,"build/tests/sizes/cube-1135-geo.geo_unrolled","chck",1622650833697315750,1622650833984521023
25,"build/tests/sizes/cube-3493-asc.bdf","scan",1622650833985108374,1622650833988579627
25,"build/tests/sizes/cube-3493-asc.bdf","chck",1622650833984522312,1622650833988584563
25,"build/tests/sizes/cube-3489-geo.geo","scan",1622650833989181295,1622650833992390489
25,"build/tests/sizes/cube-3489-geo.geo","chck",1622650833988585465,1622650833992395810
25,"build/tests/sizes/cube-2454-bin.vtk","scan",1622650833993003086,1622650833995770365
25,"build/tests/sizes/cube-2454-bin.vtk","chck",1622650833992396949,1622650833995774885
25,"cube-3489-geo","mesh",1622650833996968121,1622650836086346435
25,"cube-3489-geo","prep",1622650836087233080,1622650836286521094
25,"cube-3489-geo","zzzz",1622650836286529036,1622650852203548926,151169,214380,643140
25,"cube-3489-geo","post",1622650852203572817,1622650852231297342
25,"cube-3437-bin","prep",1622650852231399436,1622650852231638858
25,"cube-3437-bin","zzzz",1622650852231640314,1622650852234894915,244,513,1539
25,"cube-3437-bin","post",1622650852234896105,1622650852234990383
25,"cube-1173-geo","mesh",1622650852235004477,1622650875267200769
25,"cube-1173-geo","prep",1622650875268061633,1622650877406102371
25,"cube-1173-geo","zzzz",1622650877406109381,1622651428937673235,1897790,2589121,7767363
25,"cube-1173-geo","post",1622651428939395558,1622651429305729913
25,"cube-2757-asc","prep",1622651429323436665,1622651429376998248
25,"cube-2757-asc","zzzz",1622651429377002965,1622651429401943649,1311,2388,7164
25,"cube-2757-asc","post",1622651429401953473,1622651429402297832
25,"cube-2121-asc","prep",1622651429402468193,1622651429442551565
25,"cube-2121-asc","zzzz",1622651429442553655,1622651429589990639,5297,8513,25539
25,"cube-2121-asc","post",1622651429590000602,1622651429591427491
25,"cube-300-bin","prep",1622651429591821277,1622651430323793322
25,"cube-300-bin","zzzz",1622651430323800097,1622651749608432537,1252557,1718353,5155059
25,"cube-300-bin","post",1622651749608445910,1622651749805598954
25,"cube-764-bin","prep",1622651749806023516,1622651749822168796
25,"cube-764-bin","zzzz",1622651749822172163,1622651750140657617,9222,14572,43716
25,"cube-764-bin","post",1622651750140667667,1622651750142215482
25,"cube-3959-asc","prep",1622651750142238212,1622651750156575618
25,"cube-3959-asc","zzzz",1622651750156577352,1622651750288272041,4853,7856,23568
25,"cube-3959-asc","post",1622651750288282300,1622651750288796584
25,"cube-2590-geo","mesh",1622651750288839171,1622651750624887244
25,"cube-2590-geo","prep",1622651750625663864,1622651750650675385
25,"cube-2590-geo","zzzz",1622651750650679216,1622651751977551383,26350,39122,117366
25,"cube-2590-geo","post",1622651751977561727,1622651751983649433
25,"cube-3517-bin.cgns","prep",1622651751984636569,1622651751987510980
25,"cube-3517-bin.cgns","zzzz",1622651751987513791,1622651752072425623,3500,5777,17331
25,"cube-3517-bin.cgns","post",1622651752072435541,1622651752072837398
25,"cube-3821-asc","prep",1622651752072932488,1622651752115459945
25,"cube-3821-asc","zzzz",1622651752115464962,1622651756260399784,58499,85664,256992
25,"cube-3821-asc","post",1622651756260414057,1622651756292377332
25,"cube-3339-bin","prep",1622651756292416744,1622651756319187219
25,"cube-3339-bin","zzzz",1622651756319191743,1622651758236867301,34177,50500,151500
25,"cube-3339-bin","post",1622651758236878698,1622651758239525893
25,"cube-3276-asc","prep",1622651758239558690,1622651758243908422
25,"cube-3276-asc","zzzz",1622651758243910699,1622651758560795766,9191,14498,43494
25,"cube-3276-asc","post",1622651758560805881,1622651758562184896
25,"cube-1067-bin","prep",1622651758562243470,1622651758562797048
25,"cube-1067-bin","zzzz",1622651758562798555,1622651758585380923,1241,2216,6648
25,"cube-1067-bin","post",1622651758585390665,1622651758585872825
25,"cube-2170-stl-bin","mesh",1622651758585888720,1622651763387804981
25,"cube-2170-stl-bin","prep",1622651763670140501,1622651764026931873
25,"cube-2170-stl-bin","zzzz",1622651764026937992,1622651865080343865,485315,739963,2219889
25,"cube-2170-stl-bin","post",1622651865080374633,1622651865288639405
25,"cube-2517-bin","prep",1622651865288679076,1622651865317928225
25,"cube-2517-bin","zzzz",1622651865317931677,1622651865321108582,231,496,1488
25,"cube-2517-bin","post",1622651865321118878,1622651865321498921
25,"cube-1550-geo","mesh",1622651865321614571,1622651866255600580
25,"cube-1550-geo","prep",1622651866256352078,1622651866361627137
25,"cube-1550-geo","zzzz",1622651866361631833,1622651872042512774,73375,106309,318927
25,"cube-1550-geo","post",1622651872042526860,1622651872098091076
25,"cube-2724-bin.cgns","prep",1622651872100748937,1622651872117383072
25,"cube-2724-bin.cgns","zzzz",1622651872117386584,1622651873081588669,20985,31407,94221
25,"cube-2724-bin.cgns","post",1622651873081598544,1622651873081698896
25,"cube-3894-bin.cgns","prep",1622651873081809235,1622651873082622631
25,"cube-3894-bin.cgns","zzzz",1622651873082624955,1622651873106622725,1259,2320,6960
25,"cube-3894-bin.cgns","post",1622651873106632542,1622651873106678638
25,"cube-2275-geo","mesh",1622651873106769259,1622651899846042025
25,"cube-2275-geo","prep",1622651899846867157,1622651902325198787
25,"cube-2275-geo","zzzz",1622651902325205343,1622652575313471734,2205560,3005954,9017862
25,"cube-2275-geo","post",1622652575313480228,1622652576005201863
25,"cube-1530-geo","mesh",1622652576016746185,1622652576132399229
25,"cube-1530-geo","prep",1622652576133192047,1622652576133594957
25,"cube-1530-geo","zzzz",1622652576133597153,1622652576141212726,480,973,2919
25,"cube-1530-geo","post",1622652576141223156,1622652576141752038
25,"cube-1461-bin","prep",1622652576141767589,1622652576247461641
25,"cube-1461-bin","zzzz",1622652576247467966,1622652602845389098,215519,303201,909603
25,"cube-1461-bin","post",1622652602845399613,1622652602863908337
25,"cube-940-bin.cgns","prep",1622652602863965280,1622652602866157915
25,"cube-940-bin.cgns","zzzz",1622652602866162326,1622652603028607908,5679,9098,27294
25,"cube-940-bin.cgns","post",1622652603028614114,1622652603028668289
25,"cube-24-bin.cgns","prep",1622652603028756634,1622652603029184760
25,"cube-24-bin.cgns","zzzz",1622652603029187627,1622652603032532842,248,519,1557
25,"cube-24-bin.cgns","post",1622652603032548422,1622652603032571343
25,"cube-708-geo","mesh",1622652603032624589,1622652612327652570
25,"cube-708-geo","prep",1622652612328480746,1622652613255842878
25,"cube-708-geo","zzzz",1622652613255848795,1622652786763164293,789931,1087581,3262743
25,"cube-708-geo","post",1622652786763179850,1622652787131025764
25,"cube-575-bin.cgns","prep",1622652787131120369,1622652787218729732
25,"cube-575-bin.cgns","zzzz",1622652787218733507,1622652787220559781,141,320,960
25,"cube-575-bin.cgns","post",1622652787220578458,1622652787220621968
25,"cube-1028-geo","mesh",1622652787220681487,1622652787614579572
25,"cube-1028-geo","prep",1622652787615395452,1622652787646940138
25,"cube-1028-geo","zzzz",1622652787646944490,1622652789259604303,30159,44757,134271
25,"cube-1028-geo","post",1622652789259613144,1622652789284634912
25,"cube-2625-stl-bin","mesh",1622652789285876508,1622652790273521481
25,"cube-2625-stl-bin","prep",1622652790274335448,1622652790422864505
25,"cube-2625-stl-bin","zzzz",1622652790423192108,1622652800762053890,97093,159918,479754
25,"cube-2625-stl-bin","post",1622652800762063428,1622652800845942406
25,"cube-242-bin","prep",1622652800845978052,1622652800868482104
25,"cube-242-bin","zzzz",1622652800868485512,1622652800955948993,3591,5898,17694
25,"cube-242-bin","post",1622652800955955995,1622652800956792670
25,"cube-3678-asc","prep",1622652800956821209,1622652801020668178
25,"cube-3678-asc","zzzz",1622652801020672924,1622652807161393951,77346,112144,336432
25,"cube-3678-asc","post",1622652807161404448,1622652807189692693
25,"cube-3862-bin.cgns","prep",1622652807189725015,1622652807199408981
25,"cube-3862-bin.cgns","zzzz",1622652807199412534,1622652807207242338,497,994,2982
25,"cube-3862-bin.cgns","post",1622652807207246445,1622652807207288312
25,"cube-254-bin.cgns","prep",1622652807207348657,1622652807220204069
25,"cube-254-bin.cgns","zzzz",1622652807220207460,1622652807245777795,1335,2434,7302
25,"cube-254-bin.cgns","post",1622652807245784808,1622652807245822668
25,"cube-1977-bin","prep",1622652807245894832,1622652808455731899
25,"cube-1977-bin","zzzz",1622652808455740025,1622653479001058714,2199011,2997779,8993337
25,"cube-1977-bin","post",1622653479001072448,1622653479298475557
25,"cube-2162-bin","prep",1622653479299041814,1622653480087724517
25,"cube-2162-bin","zzzz",1622653480087732369,1622653877440256488,1479438,2024667,6074001
25,"cube-2162-bin","post",1622653877440270859,1622653877563846358
25,"cube-729-bin.cgns","prep",1622653877564212694,1622653877692355764
25,"cube-729-bin.cgns","zzzz",1622653877692368687,1622653923248693718,310406,435183,1305549
25,"cube-729-bin.cgns","post",1622653923248709620,1622653923248777825
25,"cube-2279-bin.cgns","prep",1622653923248922519,1622653923254133737
25,"cube-2279-bin.cgns","zzzz",1622653923254137326,1622653923284889021,1543,2800,8400
25,"cube-2279-bin.cgns","post",1622653923284892901,1622653923284937207
25,"cube-2567-bin","prep",1622653923285053773,1622653923317103029
25,"cube-2567-bin","zzzz",1622653923317107345,1622653926360702451,47186,69362,208086
25,"cube-2567-bin","post",1622653926360712093,1622653926373539724
25,"cube-2932-asc","prep",1622653926373583787,1622653926394967405
25,"cube-2932-asc","zzzz",1622653926394972506,1622653928417258133,35441,52387,157161
25,"cube-2932-asc","post",1622653928417268037,1622653928420433280
25,"cube-2778-bin","prep",1622653928420473513,1622653928474204129
25,"cube-2778-bin","zzzz",1622653928474210783,1622653936952917891,97087,139713,419139
25,"cube-2778-bin","post",1622653936952927115,1622653936961235246
25,"cube-3640-bin.cgns","prep",1622653936961690715,1622653936962251191
25,"cube-3640-bin.cgns","zzzz",1622653936962253923,1622653936965511061,241,508,1524
25,"cube-3640-bin.cgns","post",1622653936965526127,1622653936965562491
25,"cube-1501-asc","prep",1622653936965628835,1622653936968422036
25,"cube-1501-asc","zzzz",1622653936968423897,1622653937177081921,6806,10835,32505
25,"cube-1501-asc","post",1622653937177092947,1622653937177744726
25,"cube-1395-asc","prep",1622653937177795322,1622653937180450779
25,"cube-1395-asc","zzzz",1622653937180452833,1622653937268554196,3601,5928,17784
25,"cube-1395-asc","post",1622653937268564531,1622653937269523711
25,"cube-2908-bin","prep",1622653937269810317,1622653937611581885
25,"cube-2908-bin","zzzz",1622653937611587397,1622654044678838641,555125,768865,2306595
25,"cube-2908-bin","post",1622654044678853039,1622654044800507177
25,"cube-3203-asc","prep",1622654044800548096,1622654044838134342
25,"cube-3203-asc","zzzz",1622654044838139298,1622654049096473237,59680,87232,261696
25,"cube-3203-asc","post",1622654049096486513,1622654049103247988
25,"cube-2222-geo","mesh",1622654049103281339,1622654060352533954
25,"cube-2222-geo","prep",1622654060353372624,1622654061482384162
25,"cube-2222-geo","zzzz",1622654061482390965,1622654271793950739,913654,1256371,3769113
25,"cube-2222-geo","post",1622654271793964709,1622654272263220353
25,"cube-1350-asc","prep",1622654272263261835,1622654272340371447
25,"cube-1350-asc","zzzz",1622654272340377272,1622654277955995223,72782,105521,316563
25,"cube-1350-asc","post",1622654277956010123,1622654277962677144
25,"cube-329-asc","prep",1622654277962717050,1622654277984426522
25,"cube-329-asc","zzzz",1622654277984429489,1622654277990076151,369,774,2322
25,"cube-329-asc","post",1622654277990086275,1622654277990601380
25,"cube-2869-asc","prep",1622654277990642608,1622654278019196963
25,"cube-2869-asc","zzzz",1622654278019199072,1622654278196765666,6061,9681,29043
25,"cube-2869-asc","post",1622654278196775819,1622654278198017547
25,"cube-2223-geo","mesh",1622654278198059922,1622654292259390252
25,"cube-2223-geo","prep",1622654292260208448,1622654293633037660
25,"cube-2223-geo","zzzz",1622654293633043455,1622654581616969993,1158899,1590388,4771164
25,"cube-2223-geo","post",1622654581616984006,1622654582208105645
25,"cube-2454-bin","prep",1622654582208177922,1622654582242619585
25,"cube-2454-bin","zzzz",1622654582242623562,1622654582267644726,1317,2394,7182
25,"cube-2454-bin","post",1622654582267654860,1622654582267945060
25,"cube-1624-asc","prep",1622654582268004805,1622654582295575581
25,"cube-1624-asc","zzzz",1622654582295577437,1622654582510052346,6985,11045,33135
25,"cube-1624-asc","post",1622654582510062736,1622654582510803171
25,"cube-1405-bin","prep",1622654582510824418,1622654582537595769
25,"cube-1405-bin","zzzz",1622654582537597793,1622654582684772734,5286,8491,25473
25,"cube-1405-bin","post",1622654582684782999,1622654582686024807
25,"cube-1628-geo","mesh",1622654582686050264,1622654583300352317
25,"cube-1628-geo","prep",1622654583301170388,1622654583357805908
25,"cube-1628-geo","zzzz",1622654583357811361,1622654586031155481,43113,63446,190338
25,"cube-1628-geo","post",1622654586031168892,1622654586067292938
25,"cube-604-asc","prep",1622654586069299987,1622654586101144902
25,"cube-604-asc","zzzz",1622654586101149396,1622654588388041185,38660,56986,170958
25,"cube-604-asc","post",1622654588388051934,1622654588399674187
25,"cube-2923-geo","mesh",1622654588399699869,1622654588415883055
25,"cube-2923-geo","prep",1622654588416700452,1622654588416993630
25,"cube-2923-geo","zzzz",1622654588416995567,1622654588422215666,348,729,2187
25,"cube-2923-geo","post",1622654588422225674,1622654588423343415
25,"cube-3493-asc","prep",1622654588423361828,1622654588423604075
25,"cube-3493-asc","zzzz",1622654588423605176,1622654588428842345,350,731,2193
25,"cube-3493-asc","post",1622654588428852279,1622654588429006940
25,"cube-3134-bin","prep",1622654588429018618,1622654588452045221
25,"cube-3134-bin","zzzz",1622654588452047897,1622654591531312166,47573,69922,209766
25,"cube-3134-bin","post",1622654591531321669,1622654591535671829
25,"cube-1718-asc","prep",1622654591535705217,1622654591535962678
25,"cube-1718-asc","zzzz",1622654591535963878,1622654591537883520,151,336,1008
25,"cube-1718-asc","post",1622654591537898879,1622654591537949248
25,"cube-3772-asc","prep",1622654591537959811,1622654591538478178
25,"cube-3772-asc","zzzz",1622654591538479841,1622654591558106433,1114,1995,5985
25,"cube-3772-asc","post",1622654591558122110,1622654591558228618
25,"cube-80-asc","prep",1622654591558281689,1622654591558459299
25,"cube-80-asc","zzzz",1622654591558460737,1622654591560184402,136,309,927
25,"cube-80-asc","post",1622654591560199760,1622654591560259842
25,"cube-1364-geo","mesh",1622654591560271724,1622654591802160378
25,"cube-1364-geo","prep",1622654591802984039,1622654591820612772
25,"cube-1364-geo","zzzz",1622654591820617259,1622654592555895345,17126,26013,78039
25,"cube-1364-geo","post",1622654592555904998,1622654592568047172
25,"cube-1981-asc","prep",1622654592569010496,1622654593067752983
25,"cube-1981-asc","zzzz",1622654593067759927,1622654813330664329,946391,1300683,3902049
25,"cube-1981-asc","post",1622654813330717872,1622654813410378659
25,"cube-2476-asc","prep",1622654813410437999,1622654813410922626
25,"cube-2476-asc","zzzz",1622654813410923880,1622654813421245611,628,1225,3675
25,"cube-2476-asc","post",1622654813421255739,1622654813421409763
25,"cube-564-bin","prep",1622654813421423514,1622654813441193830
25,"cube-564-bin","zzzz",1622654813441196022,1622654815724798149,38551,56877,170631
25,"cube-564-bin","post",1622654815725468479,1622654815728786680
25,"cube-1343-asc","prep",1622654815728813553,1622654816338243180
25,"cube-1343-asc","zzzz",1622654816338249268,1622655092125206574,1121649,1539574,4618722
25,"cube-1343-asc","post",1622655092125229290,1622655092329021002
25,"cube-2410-asc","prep",1622655092329092629,1622655092336431922
25,"cube-2410-asc","zzzz",1622655092336435696,1622655092353001546,983,1753,5259
25,"cube-2410-asc","post",1622655092353008425,1622655092353269746
25,"cube-2999-bin","prep",1622655092353464250,1622655092372904419
25,"cube-2999-bin","zzzz",1622655092372909377,1622655093730248655,26606,39780,119340
25,"cube-2999-bin","post",1622655093730258342,1622655093739960313
25,"cube-674-geo","mesh",1622655093740007346,1622655096090404835
25,"cube-674-geo","prep",1622655096091363412,1622655096308465833
25,"cube-674-geo","zzzz",1622655096308471184,1622655116914741597,180565,255194,765582
25,"cube-674-geo","post",1622655116914757058,1622655117023491552
25,"cube-2250-asc","prep",1622655117023541751,1622655117044229854
25,"cube-2250-asc","zzzz",1622655117044233103,1622655117047416017,232,497,1491
25,"cube-2250-asc","post",1622655117047426380,1622655117047628618
25,"cube-3774-asc","prep",1622655117047663067,1622655117055239772
25,"cube-3774-asc","zzzz",1622655117055241489,1622655117059275887,289,598,1794
25,"cube-3774-asc","post",1622655117059285847,1622655117059489885
25,"cube-93-stl-bin","mesh",1622655117059522971,1622655117366272032
25,"cube-93-stl-bin","prep",1622655117367081882,1622655117400524633
25,"cube-93-stl-bin","zzzz",1622655117400530137,1622655119509949777,29971,53852,161556
25,"cube-93-stl-bin","post",1622655119509960488,1622655119522484920
25,"cube-3120-asc","prep",1622655119522506522,1622655119921888369
25,"cube-3120-asc","zzzz",1622655119921895421,1622655280314530405,743290,1025306,3075918
25,"cube-3120-asc","post",1622655280314539235,1622655280386919521
25,"cube-2143-asc","prep",1622655280386947522,1622655280387709133
25,"cube-2143-asc","zzzz",1622655280387710638,1622655280391661019,283,590,1770
25,"cube-2143-asc","post",1622655280391676192,1622655280391787065
25,"cube-3348-asc","prep",1622655280391798996,1622655280858520320
25,"cube-3348-asc","zzzz",1622655280858526776,1622655485751693247,895492,1232037,3696111
25,"cube-3348-asc","post",1622655485751706386,1622655485853778278
25,"cube-922-bin","prep",1622655485853815812,1622655485894390065
25,"cube-922-bin","zzzz",1622655485894394461,1622655489733688707,55638,81359,244077
25,"cube-922-bin","post",1622655489733701473,1622655489745686107
25,"cube-1631-asc","prep",1622655489745713043,1622655489749289911
25,"cube-1631-asc","zzzz",1622655489749292745,1622655489753328192,289,598,1794
25,"cube-1631-asc","post",1622655489753338351,1622655489753535814
25,"cube-3423-stl-bin","mesh",1622655489753570076,1622655489774239839
25,"cube-3423-stl-bin","prep",1622655489775040651,1622655489776077947
25,"cube-3423-stl-bin","zzzz",1622655489776080224,1622655489827415700,1482,4058,12174
25,"cube-3423-stl-bin","post",1622655489827430983,1622655489827722862
25,"cube-516-bin","prep",1622655489827892550,1622655489828215785
25,"cube-516-bin","zzzz",1622655489828217306,1622655489833002947,325,682,2046
25,"cube-516-bin","post",1622655489833012870,1622655489833151214
25,"cube-3882-asc","prep",1622655489833162136,1622655489833455627
25,"cube-3882-asc","zzzz",1622655489833457061,1622655489837572034,296,607,1821
25,"cube-3882-asc","post",1622655489837582007,1622655489837741165
25,"cube-741-bin","prep",1622655489837770695,1622655489976689932
25,"cube-741-bin","zzzz",1622655489976695446,1622655527407480605,271656,381501,1144503
25,"cube-741-bin","post",1622655527407494795,1622655527432572658
25,"cube-3760-bin","prep",1622655527432604658,1622655527531609056
25,"cube-3760-bin","zzzz",1622655527531615446,1622655551734487570,201938,284495,853485
25,"cube-3760-bin","post",1622655551734498260,1622655551752037371
25,"cube-2049-asc","prep",1622655551752123938,1622655551754895194
25,"cube-2049-asc","zzzz",1622655551754898335,1622655551916390113,5668,9072,27216
25,"cube-2049-asc","post",1622655551916398499,1622655551916961713
25,"cube-636-geo","mesh",1622655551916999446,1622655551929495630
25,"cube-636-geo","prep",1622655551930340988,1622655551930665155
25,"cube-636-geo","zzzz",1622655551930667343,1622655551935436776,325,682,2046
25,"cube-636-geo","post",1622655551935441572,1622655551935608773
25,"cube-2387-asc","prep",1622655551935621977,1622655552377907306
25,"cube-2387-asc","zzzz",1622655552377913308,1622655742710505451,847224,1165758,3497274
25,"cube-2387-asc","post",1622655742710519845,1622655742794758348
25,"cube-705-geo","mesh",1622655742794800002,1622655742805168656
25,"cube-705-geo","prep",1622655742806004070,1622655742806228718
25,"cube-705-geo","zzzz",1622655742806230773,1622655742809450609,237,502,1506
25,"cube-705-geo","post",1622655742809460560,1622655742809710743
25,"cube-2045-asc","prep",1622655742809742099,1622655742942128159
25,"cube-2045-asc","zzzz",1622655742942134022,1622655764064022656,183828,259516,778548
25,"cube-2045-asc","post",1622655764064035946,1622655764135806519
25,"cube-3912-bin","prep",1622655764135886494,1622655764140760018
25,"cube-3912-bin","zzzz",1622655764140763221,1622655764142880789,158,361,1083
25,"cube-3912-bin","post",1622655764142891400,1622655764143081373
25,"cube-500-bin","prep",1622655764143098422,1622655764153107602
25,"cube-500-bin","zzzz",1622655764153109680,1622655764283662911,4822,7809,23427
25,"cube-500-bin","post",1622655764283678825,1622655764284894297
25,"cube-841-geo","mesh",1622655764285083120,1622655764304983336
25,"cube-841-geo","prep",1622655764305937018,1622655764306186301
25,"cube-841-geo","zzzz",1622655764306188509,1622655764309552125,248,519,1557
25,"cube-841-geo","post",1622655764309562138,1622655764310497747
25,"cube-1558-geo","mesh",1622655764310511921,1622655764360005776
25,"cube-1558-geo","prep",1622655764360838381,1622655764362104148
25,"cube-1558-geo","zzzz",1622655764362106079,1622655764422381254,2680,4542,13626
25,"cube-1558-geo","post",1622655764422385182,1622655764423367908
25,"cube-1390-geo","mesh",1622655764423387433,1622655765319873150
25,"cube-1390-geo","prep",1622655765320744849,1622655765420910529
25,"cube-1390-geo","zzzz",1622655765420916172,1622655771089307002,73270,106166,318498
25,"cube-1390-geo","post",1622655771089317140,1622655771127851294
25,"cube-2824-bin","prep",1622655771127927661,1622655771136992714
25,"cube-2824-bin","zzzz",1622655771136995441,1622655771147960347,668,1285,3855
25,"cube-2824-bin","post",1622655771147975451,1622655771148123401
25,"cube-2792-asc","prep",1622655771148138739,1622655772145493397
25,"cube-2792-asc","zzzz",1622655772145500404,1622656286447269961,1799016,2456923,7370769
25,"cube-2792-asc","post",1622656286447284672,1622656286647409882
25,"cube-3069-geo","mesh",1622656286647904084,1622656287954882095
25,"cube-3069-geo","prep",1622656287955740464,1622656288035418692
25,"cube-3069-geo","zzzz",1622656288035423577,1622656296237480526,95014,136595,409785
25,"cube-3069-geo","post",1622656296237494783,1622656296290177311
25,"cube-3715-asc","prep",1622656296294290531,1622656296383005454
25,"cube-3715-asc","zzzz",1622656296383010795,1622656306052985155,106603,152846,458538
25,"cube-3715-asc","post",1622656306052998170,1622656306091404998
25,"cube-1521-geo","mesh",1622656306091476284,1622656306167042721
25,"cube-1521-geo","prep",1622656306167858540,1622656306170486761
25,"cube-1521-geo","zzzz",1622656306170489091,1622656306267509744,3869,6343,19029
25,"cube-1521-geo","post",1622656306267519712,1622656306269043879
25,"cube-1223-bin","prep",1622656306269078538,1622656306269616216
25,"cube-1223-bin","zzzz",1622656306269617544,1622656306271735592,158,361,1083
25,"cube-1223-bin","post",1622656306271755155,1622656306272008041
25,"cube-2507-stl-bin","mesh",1622656306272020092,1622656306274900616
25,"cube-2507-stl-bin","prep",1622656306275695183,1622656306275816841
25,"cube-2507-stl-bin","zzzz",1622656306275818541,1622656306279372617,143,542,1626
25,"cube-2507-stl-bin","post",1622656306279382475,1622656306279702598
25,"cube-1135-geo","mesh",1622656306279737023,1622656309446563122
25,"cube-1135-geo","prep",1622656309479472092,1622656309679196132
25,"cube-1135-geo","zzzz",1622656309679202080,1622656348472375385,278055,390756,1172268
25,"cube-1135-geo","post",1622656348472388862,1622656348579636754
25,"cube-1878-asc","prep",1622656348579669545,1622656348662288439
25,"cube-1878-asc","zzzz",1622656348662294600,1622656357275348707,98266,141184,423552
25,"cube-1878-asc","post",1622656357275375688,1622656357307240978
25,"Proc","exit_task",1622650751065440119,1622656357374247182,4834096
