36,"build/tests/sizes/cube-3788-stl-bin.geo","scan",1622650765334204580,1622650765388730872
36,"build/tests/sizes/cube-3788-stl-bin.geo","chck",1622650765324105063,1622650765388908250
36,"build/tests/sizes/cube-1816-bin.msh2","scan",1622650765396959695,1622650765423948901
36,"build/tests/sizes/cube-1816-bin.msh2","chck",1622650765388909709,1622650765423954840
36,"build/tests/sizes/cube-350-geo.geo","scan",1622650765452341549,1622650765462711470
36,"build/tests/sizes/cube-350-geo.geo","chck",1622650765423955984,1622650765462716618
36,"build/tests/sizes/cube-3573-stl-bin.geo","scan",1622650765471987598,1622650765562860353
36,"build/tests/sizes/cube-3573-stl-bin.geo","chck",1622650765462717618,1622650765562867086
36,"build/tests/sizes/cube-2244-geo.geo_unrolled","scan",1622650765563479500,1622650765574221995
36,"build/tests/sizes/cube-2244-geo.geo_unrolled","chck",1622650765562868286,1622650765574228456
36,"build/tests/sizes/cube-2513-bin.msh2","scan",1622650765582676844,1622650765595511426
36,"build/tests/sizes/cube-2513-bin.msh2","chck",1622650765574229558,1622650765595516889
36,"build/tests/sizes/cube-2191-asc.mesh","scan",1622650765596082830,1622650765634036561
36,"build/tests/sizes/cube-2191-asc.mesh","chck",1622650765595518005,1622650765634049151
36,"build/tests/sizes/cube-2606-bin.msh2","scan",1622650765640264469,1622650765653429715
36,"build/tests/sizes/cube-2606-bin.msh2","chck",1622650765634050229,1622650765653434287
36,"build/tests/sizes/cube-472-asc.mesh","scan",1622650765667231786,1622650769481654674
36,"build/tests/sizes/cube-472-asc.mesh","chck",1622650765653435359,1622650769481681321
36,"build/tests/sizes/cube-3094-asc.mesh","scan",1622650769483812450,1622650776573637178
36,"build/tests/sizes/cube-3094-asc.mesh","chck",1622650769481682613,1622650776573665028
36,"build/tests/sizes/cube-2095-geo.geo","scan",1622650776574372255,1622650776575858354
36,"build/tests/sizes/cube-2095-geo.geo","chck",1622650776573666328,1622650776575863311
36,"build/tests/sizes/cube-2090-stl-bin.geo","scan",1622650776576400461,1622650776593477845
36,"build/tests/sizes/cube-2090-stl-bin.geo","chck",1622650776575864313,1622650776593484211
36,"build/tests/sizes/cube-2074-asc.bdf","scan",1622650776594068727,1622650785665502190
36,"build/tests/sizes/cube-2074-asc.bdf","chck",1622650776593485336,1622650785665517059
36,"build/tests/sizes/cube-1097-bin.vtk","scan",1622650785666961656,1622650785806777375
36,"build/tests/sizes/cube-1097-bin.vtk","chck",1622650785665518415,1622650785806785002
36,"build/tests/sizes/cube-2910-stl-bin.geo","scan",1622650785807498955,1622650785810465838
36,"build/tests/sizes/cube-2910-stl-bin.geo","chck",1622650785806786294,1622650785810472583
36,"build/tests/sizes/cube-2147-asc.bdf","scan",1622650785811051240,1622650792511402473
36,"build/tests/sizes/cube-2147-asc.bdf","chck",1622650785810473923,1622650792511426384
36,"build/tests/sizes/cube-725-asc.bdf","scan",1622650792547529185,1622650794163305180
36,"build/tests/sizes/cube-725-asc.bdf","chck",1622650792511427628,1622650794163312854
36,"build/tests/sizes/cube-378-stl-bin.geo","scan",1622650794180989903,1622650794254799138
36,"build/tests/sizes/cube-378-stl-bin.geo","chck",1622650794163314093,1622650794254804492
36,"build/tests/sizes/cube-3770-geo.geo","scan",1622650794255356779,1622650794256590677
36,"build/tests/sizes/cube-3770-geo.geo","chck",1622650794254805900,1622650794256594083
36,"build/tests/sizes/cube-569-asc.msh2","scan",1622650794278798372,1622650794312020361
36,"build/tests/sizes/cube-569-asc.msh2","chck",1622650794256595084,1622650794312026819
36,"build/tests/sizes/cube-65-bin.vtk","scan",1622650794332332292,1622650794927724688
36,"build/tests/sizes/cube-65-bin.vtk","chck",1622650794312027950,1622650794927732948
36,"build/tests/sizes/cube-3433-asc.bdf","scan",1622650794928490245,1622650794940333090
36,"build/tests/sizes/cube-3433-asc.bdf","chck",1622650794927734174,1622650794940340417
36,"build/tests/sizes/cube-1841-asc.msh2","scan",1622650794941645327,1622650794954976489
36,"build/tests/sizes/cube-1841-asc.msh2","chck",1622650794940342052,1622650794954982908
36,"build/tests/sizes/cube-2265-bin.msh2","scan",1622650794969933577,1622650801493770184
36,"build/tests/sizes/cube-2265-bin.msh2","chck",1622650794954987688,1622650801493786354
36,"build/tests/sizes/cube-1000-asc.mesh","scan",1622650801511417311,1622650801802220294
36,"build/tests/sizes/cube-1000-asc.mesh","chck",1622650801493787600,1622650801802225859
36,"build/tests/sizes/cube-565-bin.vtk","scan",1622650801825375200,1622650801843791372
36,"build/tests/sizes/cube-565-bin.vtk","chck",1622650801802226910,1622650801843797011
36,"build/tests/sizes/cube-631-asc.bdf","scan",1622650801855655263,1622650801933097905
36,"build/tests/sizes/cube-631-asc.bdf","chck",1622650801843798413,1622650801933104752
36,"build/tests/sizes/cube-327-bin.msh4","scan",1622650801944478656,1622650801953490823
36,"build/tests/sizes/cube-327-bin.msh4","chck",1622650801933105861,1622650801953496447
36,"build/tests/sizes/cube-2220-bin.cgns","scan",1622650801958580537,1622650802019386172
36,"build/tests/sizes/cube-2220-bin.cgns","chck",1622650801953497553,1622650802019393724
36,"build/tests/sizes/cube-1699-asc.msh2","scan",1622650802021092058,1622650802271795062
36,"build/tests/sizes/cube-1699-asc.msh2","chck",1622650802019395049,1622650802271802873
36,"build/tests/sizes/cube-2714-bin.msh2","scan",1622650802272416255,1622650802297672068
36,"build/tests/sizes/cube-2714-bin.msh2","chck",1622650802271804407,1622650802297678896
36,"build/tests/sizes/cube-2940-asc.mesh","scan",1622650802298402440,1622650802450770425
36,"build/tests/sizes/cube-2940-asc.mesh","chck",1622650802297680073,1622650802450785975
36,"build/tests/sizes/cube-2327-bin.cgns","scan",1622650802454419114,1622650802516397497
36,"build/tests/sizes/cube-2327-bin.cgns","chck",1622650802450787544,1622650802516404670
36,"build/tests/sizes/cube-1191-asc.bdf","scan",1622650802529989436,1622650812356275745
36,"build/tests/sizes/cube-1191-asc.bdf","chck",1622650802516405837,1622650812356291032
36,"build/tests/sizes/cube-602-stl-bin.geo","scan",1622650812359545495,1622650813293847788
36,"build/tests/sizes/cube-602-stl-bin.geo","chck",1622650812356292246,1622650813293855397
36,"build/tests/sizes/cube-1763-geo.geo_unrolled","scan",1622650813320628161,1622650813324430840
36,"build/tests/sizes/cube-1763-geo.geo_unrolled","chck",1622650813293856626,1622650813324437849
36,"build/tests/sizes/cube-2672-asc.bdf","scan",1622650813324977662,1622650813329016629
36,"build/tests/sizes/cube-2672-asc.bdf","chck",1622650813324439095,1622650813329023156
36,"build/tests/sizes/cube-2786-geo.geo","scan",1622650813329615347,1622650813331324465
36,"build/tests/sizes/cube-2786-geo.geo","chck",1622650813329024363,1622650813331329924
36,"build/tests/sizes/cube-1438-asc.bdf","scan",1622650813347493664,1622650813742874230
36,"build/tests/sizes/cube-1438-asc.bdf","chck",1622650813331331061,1622650813742881834
36,"build/tests/sizes/cube-452-bin.cgns","scan",1622650813756466013,1622650813826946676
36,"build/tests/sizes/cube-452-bin.cgns","chck",1622650813742883038,1622650813826953381
36,"build/tests/sizes/cube-3-stl-bin.geo","scan",1622650813840696950,1622650814264074476
36,"build/tests/sizes/cube-3-stl-bin.geo","chck",1622650813826954538,1622650814264081217
36,"build/tests/sizes/cube-1587-asc.bdf","scan",1622650814281760247,1622650814303732722
36,"build/tests/sizes/cube-1587-asc.bdf","chck",1622650814264082467,1622650814303740720
36,"build/tests/sizes/cube-2882-bin.vtk","scan",1622650814304279172,1622650814391384244
36,"build/tests/sizes/cube-2882-bin.vtk","chck",1622650814303741961,1622650814391390049
36,"build/tests/sizes/cube-3664-asc.bdf","scan",1622650814391984400,1622650814405185463
36,"build/tests/sizes/cube-3664-asc.bdf","chck",1622650814391391048,1622650814405191336
36,"build/tests/sizes/cube-3708-bin.cgns","scan",1622650814409295905,1622650814474872313
36,"build/tests/sizes/cube-3708-bin.cgns","chck",1622650814405192352,1622650814474879129
36,"build/tests/sizes/cube-2364-asc.bdf","scan",1622650814475717364,1622650814483779901
36,"build/tests/sizes/cube-2364-asc.bdf","chck",1622650814474880330,1622650814483786923
36,"build/tests/sizes/cube-1835-bin.vtk","scan",1622650814485385439,1622650814487892842
36,"build/tests/sizes/cube-1835-bin.vtk","chck",1622650814484008784,1622650814487897696
36,"build/tests/sizes/cube-82-bin.msh4","scan",1622650814512407555,1622650814519654690
36,"build/tests/sizes/cube-82-bin.msh4","chck",1622650814487898576,1622650814519666919
36,"build/tests/sizes/cube-3018-geo.geo_unrolled","scan",1622650814520226572,1622650814521438066
36,"build/tests/sizes/cube-3018-geo.geo_unrolled","chck",1622650814519668160,1622650814521442455
36,"build/tests/sizes/cube-1371-bin.vtk","scan",1622650814542333532,1622650814561975263
36,"build/tests/sizes/cube-1371-bin.vtk","chck",1622650814521443469,1622650814561982429
36,"build/tests/sizes/cube-3444-geo.geo","scan",1622650814562542878,1622650814563954378
36,"build/tests/sizes/cube-3444-geo.geo","chck",1622650814561983571,1622650814563959094
36,"build/tests/sizes/cube-659-asc.mesh","scan",1622650814581464073,1622650814590991166
36,"build/tests/sizes/cube-659-asc.mesh","chck",1622650814563960088,1622650814590997617
36,"build/tests/sizes/cube-1328-bin.vtk","scan",1622650814592154921,1622650814604715192
36,"build/tests/sizes/cube-1328-bin.vtk","chck",1622650814590998970,1622650814604722695
36,"build/tests/sizes/cube-107-bin.msh4","scan",1622650814620988162,1622650814628837825
36,"build/tests/sizes/cube-107-bin.msh4","chck",1622650814604723974,1622650814628844764
36,"build/tests/sizes/cube-1475-geo.geo","scan",1622650814692573862,1622650814694026959
36,"build/tests/sizes/cube-1475-geo.geo","chck",1622650814628845941,1622650814694033715
36,"build/tests/sizes/cube-2741-asc.mesh","scan",1622650814694569302,1622650814707907564
36,"build/tests/sizes/cube-2741-asc.mesh","chck",1622650814694034902,1622650814707913723
36,"build/tests/sizes/cube-2484-stl-bin.geo","scan",1622650814708505717,1622650814711832190
36,"build/tests/sizes/cube-2484-stl-bin.geo","chck",1622650814707914671,1622650814711838632
36,"build/tests/sizes/cube-3176-bin.cgns","scan",1622650814716183843,1622650814781825040
36,"build/tests/sizes/cube-3176-bin.cgns","chck",1622650814711840060,1622650814781832346
36,"build/tests/sizes/cube-116-geo.geo_unrolled","scan",1622650814801061688,1622650814802506200
36,"build/tests/sizes/cube-116-geo.geo_unrolled","chck",1622650814781833672,1622650814802511080
36,"build/tests/sizes/cube-969-bin.msh4","scan",1622650814804126657,1622650814806827149
36,"build/tests/sizes/cube-969-bin.msh4","chck",1622650814802512128,1622650814806831211
36,"build/tests/sizes/cube-2296-asc.mesh","scan",1622650814807343204,1622650815256771004
36,"build/tests/sizes/cube-2296-asc.mesh","chck",1622650814806832493,1622650815256777751
36,"build/tests/sizes/cube-3585-bin.cgns","scan",1622650815261731287,1622650815327933682
36,"build/tests/sizes/cube-3585-bin.cgns","chck",1622650815256778873,1622650815327940469
36,"build/tests/sizes/cube-869-asc.bdf","scan",1622650815342249477,1622650815533661103
36,"build/tests/sizes/cube-869-asc.bdf","chck",1622650815327941762,1622650815533668491
36,"build/tests/sizes/cube-1645-asc.msh2","scan",1622650815535316679,1622650820917853380
36,"build/tests/sizes/cube-1645-asc.msh2","chck",1622650815533669707,1622650820917859876
36,"build/tests/sizes/cube-1401-geo.geo_unrolled","scan",1622650820942093870,1622650820943336790
36,"build/tests/sizes/cube-1401-geo.geo_unrolled","chck",1622650820917860945,1622650820943341231
36,"build/tests/sizes/cube-704-bin.vtk","scan",1622650820969596317,1622650821005862836
36,"build/tests/sizes/cube-704-bin.vtk","chck",1622650820943342200,1622650821005869213
36,"build/tests/sizes/cube-2967-bin.msh4","scan",1622650821006427568,1622650821278856694
36,"build/tests/sizes/cube-2967-bin.msh4","chck",1622650821005870378,1622650821278863563
36,"build/tests/sizes/cube-3167-bin.cgns","scan",1622650821283935830,1622650821347492692
36,"build/tests/sizes/cube-3167-bin.cgns","chck",1622650821278864735,1622650821347499743
36,"build/tests/sizes/cube-348-bin.cgns","scan",1622650821370714491,1622650821491453002
36,"build/tests/sizes/cube-348-bin.cgns","chck",1622650821347500950,1622650821491459097
36,"build/tests/sizes/cube-3225-geo.geo","scan",1622650821492186145,1622650821493611329
36,"build/tests/sizes/cube-3225-geo.geo","chck",1622650821491460275,1622650821493616545
36,"build/tests/sizes/cube-1263-asc.bdf","scan",1622650821512167696,1622650821520703012
36,"build/tests/sizes/cube-1263-asc.bdf","chck",1622650821493617664,1622650821520708897
36,"build/tests/sizes/cube-1980-geo.geo_unrolled","scan",1622650821521257253,1622650821522432165
36,"build/tests/sizes/cube-1980-geo.geo_unrolled","chck",1622650821520710040,1622650821522435679
36,"build/tests/sizes/cube-270-geo.geo_unrolled","scan",1622650821533596964,1622650821534774421
36,"build/tests/sizes/cube-270-geo.geo_unrolled","chck",1622650821522436603,1622650821534778016
36,"build/tests/sizes/cube-520-bin.cgns","scan",1622650821561523703,1622650821728910291
36,"build/tests/sizes/cube-520-bin.cgns","chck",1622650821534778996,1622650821728916623
36,"build/tests/sizes/cube-3982-bin.vtk","scan",1622650821729528050,1622650824618161848
36,"build/tests/sizes/cube-3982-bin.vtk","chck",1622650821728917748,1622650824618169570
36,"build/tests/sizes/cube-1586-asc.mesh","scan",1622650824633617594,1622650824784812215
36,"build/tests/sizes/cube-1586-asc.mesh","chck",1622650824618170795,1622650824784819134
36,"build/tests/sizes/cube-3712-asc.bdf","scan",1622650824785640457,1622650839459977547
36,"build/tests/sizes/cube-3712-asc.bdf","chck",1622650824784820303,1622650839459984986
36,"build/tests/sizes/cube-1782-bin.msh2","scan",1622650839477438444,1622650840272877922
36,"build/tests/sizes/cube-1782-bin.msh2","chck",1622650839459986031,1622650840272884647
36,"build/tests/sizes/cube-2355-geo.geo","scan",1622650840273739660,1622650840275200761
36,"build/tests/sizes/cube-2355-geo.geo","chck",1622650840272886011,1622650840275205056
36,"build/tests/sizes/cube-914-bin.cgns","scan",1622650840296416868,1622650840417515095
36,"build/tests/sizes/cube-914-bin.cgns","chck",1622650840275206052,1622650840417522338
36,"build/tests/sizes/cube-3383-bin.vtk","scan",1622650840418466415,1622650840700928693
36,"build/tests/sizes/cube-3383-bin.vtk","chck",1622650840417523422,1622650840700935961
36,"build/tests/sizes/cube-1708-bin.vtk","scan",1622650840717486276,1622650840822743260
36,"build/tests/sizes/cube-1708-bin.vtk","chck",1622650840700937112,1622650840822750182
36,"build/tests/sizes/cube-3663-bin.msh2","scan",1622650840823343872,1622650840833642918
36,"build/tests/sizes/cube-3663-bin.msh2","chck",1622650840822751408,1622650840833648851
36,"build/tests/sizes/cube-2848-bin.vtk","scan",1622650840834714400,1622650841101791790
36,"build/tests/sizes/cube-2848-bin.vtk","chck",1622650840833649990,1622650841101799378
36,"build/tests/sizes/cube-1578-bin.vtk","scan",1622650841130634426,1622650841153407588
36,"build/tests/sizes/cube-1578-bin.vtk","chck",1622650841101800523,1622650841153413911
36,"build/tests/sizes/cube-526-geo.geo","scan",1622650841166555874,1622650841167936547
36,"build/tests/sizes/cube-526-geo.geo","chck",1622650841153415098,1622650841167942427
36,"build/tests/sizes/cube-2451-asc.msh2","scan",1622650841168439162,1622650841556005159
36,"build/tests/sizes/cube-2451-asc.msh2","chck",1622650841167943506,1622650841556011955
36,"build/tests/sizes/cube-3834-stl-bin.geo","scan",1622650841556793790,1622650841567118240
36,"build/tests/sizes/cube-3834-stl-bin.geo","chck",1622650841556013116,1622650841567124794
36,"build/tests/sizes/cube-3239-bin.msh2","scan",1622650841567714802,1622650841570100254
36,"build/tests/sizes/cube-3239-bin.msh2","chck",1622650841567125960,1622650841570104712
36,"build/tests/sizes/cube-1029-geo.geo","scan",1622650841583924918,1622650841585271708
36,"build/tests/sizes/cube-1029-geo.geo","chck",1622650841570106016,1622650841585275488
36,"build/tests/sizes/cube-2345-bin.vtk","scan",1622650841595825898,1622650842140185541
36,"build/tests/sizes/cube-2345-bin.vtk","chck",1622650841585276386,1622650842140192023
36,"build/tests/sizes/cube-1557-asc.bdf","scan",1622650842159548719,1622650843394188638
36,"build/tests/sizes/cube-1557-asc.bdf","chck",1622650842140193186,1622650843394195710
36,"build/tests/sizes/cube-263-geo.geo","scan",1622650843409205897,1622650843446274884
36,"build/tests/sizes/cube-263-geo.geo","chck",1622650843394620864,1622650843446281977
36,"build/tests/sizes/cube-1494-geo.geo","scan",1622650843467874593,1622650843469479001
36,"build/tests/sizes/cube-1494-geo.geo","chck",1622650843446283254,1622650843469485202
36,"build/tests/sizes/cube-3819-asc.bdf","scan",1622650843470044281,1622650843481283983
36,"build/tests/sizes/cube-3819-asc.bdf","chck",1622650843469486176,1622650843481289385
36,"build/tests/sizes/cube-3871-bin.cgns","scan",1622650843487046195,1622650843550102914
36,"build/tests/sizes/cube-3871-bin.cgns","chck",1622650843481290372,1622650843550108621
36,"build/tests/sizes/cube-1080-asc.msh2","scan",1622650843566434076,1622650849663369572
36,"build/tests/sizes/cube-1080-asc.msh2","chck",1622650843550109712,1622650849663376318
36,"build/tests/sizes/cube-3554-geo.geo_unrolled","scan",1622650849664243928,1622650849665582001
36,"build/tests/sizes/cube-3554-geo.geo_unrolled","chck",1622650849663377395,1622650849665586135
36,"build/tests/sizes/cube-1522-geo.geo","scan",1622650849679278139,1622650849680622611
36,"build/tests/sizes/cube-1522-geo.geo","chck",1622650849665587144,1622650849680627122
36,"build/tests/sizes/cube-2401-asc.msh2","scan",1622650849681163393,1622650850340478855
36,"build/tests/sizes/cube-2401-asc.msh2","chck",1622650849680628076,1622650850340492902
36,"cube-2401-asc","prep",1622650850341601733,1622650850397364924
36,"cube-2401-asc","zzzz",1622650850397373814,1622650858867190572,97130,139650,418950
36,"cube-2401-asc","post",1622650858867200885,1622650858877094602
36,"cube-1494-geo","mesh",1622650858877145456,1622650865884681225
36,"cube-1494-geo","prep",1622650865885558821,1622650866546751338
36,"cube-1494-geo","zzzz",1622650866546757275,1622650981052040418,580541,803821,2411463
36,"cube-1494-geo","post",1622650981052054351,1622650981160362299
36,"cube-2244-geo","mesh",1622650981160668778,1622650981169415208
36,"cube-2244-geo","prep",1622650981170212422,1622650981170373061
36,"cube-2244-geo","zzzz",1622650981170374955,1622650981173784584,258,531,1593
36,"cube-2244-geo","post",1622650981173788460,1622650981174002004
36,"cube-3770-geo","mesh",1622650981174029818,1622650988497224279
36,"cube-3770-geo","prep",1622650988498029309,1622650989225890370
36,"cube-3770-geo","zzzz",1622650989225896108,1622651143389191167,721215,995304,2985912
36,"cube-3770-geo","post",1622651143389199492,1622651143537393169
36,"cube-2095-geo","mesh",1622651143540187770,1622651143604518717
36,"cube-2095-geo","prep",1622651143605339191,1622651143607873458
36,"cube-2095-geo","zzzz",1622651143607875604,1622651143737464383,4789,7768,23304
36,"cube-2095-geo","post",1622651143737474104,1622651143738311407
36,"cube-2364-asc","prep",1622651143738355084,1622651143738749743
36,"cube-2364-asc","zzzz",1622651143738751727,1622651143755174256,984,1744,5232
36,"cube-2364-asc","post",1622651143755189170,1622651143755292279
36,"cube-969-bin","prep",1622651143755336374,1622651143755815425
36,"cube-969-bin","zzzz",1622651143755816630,1622651143775546405,1122,2003,6009
36,"cube-969-bin","post",1622651143775561698,1622651143775732411
36,"cube-3554-geo","mesh",1622651143775795671,1622651143783576204
36,"cube-3554-geo","prep",1622651143784427970,1622651143784568231
36,"cube-3554-geo","zzzz",1622651143784569697,1622651143787810637,243,512,1536
36,"cube-3554-geo","post",1622651143787811704,1622651143787909863
36,"cube-2296-asc","prep",1622651143787918095,1622651143860241727
36,"cube-2296-asc","zzzz",1622651143860246910,1622651156364726973,127618,181966,545898
36,"cube-2296-asc","post",1622651156364740609,1622651156375437328
36,"cube-3573-stl-bin","mesh",1622651156375475895,1622651157276059259
36,"cube-3573-stl-bin","prep",1622651157313457428,1622651157361591497
36,"cube-3573-stl-bin","zzzz",1622651157361598411,1622651167715846947,96700,160124,480372
36,"cube-3573-stl-bin","post",1622651167715858521,1622651167731696718
36,"cube-2672-asc","prep",1622651167731730427,1622651167733299511
36,"cube-2672-asc","zzzz",1622651167733301531,1622651167738526431,348,729,2187
36,"cube-2672-asc","post",1622651167738536299,1622651167739114363
36,"cube-65-bin","prep",1622651167739194677,1622651167893025314
36,"cube-65-bin","zzzz",1622651167893031023,1622651213282258193,309544,434075,1302225
36,"cube-65-bin","post",1622651213282272437,1622651213309739121
36,"cube-3834-stl-bin","mesh",1622651213309774243,1622651213354561241
36,"cube-3834-stl-bin","prep",1622651213355363268,1622651213358140820
36,"cube-3834-stl-bin","zzzz",1622651213358143125,1622651213558950801,4837,10549,31647
36,"cube-3834-stl-bin","post",1622651213558960785,1622651213559771609
36,"cube-1029-geo","mesh",1622651213559843091,1622651214405890785
36,"cube-1029-geo","prep",1622651214406710884,1622651214470356108
36,"cube-1029-geo","zzzz",1622651214470365262,1622651220619878061,77431,112213,336639
36,"cube-1029-geo","post",1622651220619887684,1622651220634998397
36,"cube-3176-bin.cgns","prep",1622651220635393874,1622651220649778131
36,"cube-3176-bin.cgns","zzzz",1622651220649783809,1622651235004924866,140894,199861,599583
36,"cube-3176-bin.cgns","post",1622651235004934424,1622651235005164409
36,"cube-1371-bin","prep",1622651235005254605,1622651235005811858
36,"cube-1371-bin","zzzz",1622651235005813707,1622651235022990849,1020,1803,5409
36,"cube-1371-bin","post",1622651235022995976,1622651235023118025
36,"cube-2355-geo","mesh",1622651235023165687,1622651235358161596
36,"cube-2355-geo","prep",1622651235359003861,1622651235379389476
36,"cube-2355-geo","zzzz",1622651235379393548,1622651236728142261,26462,39566,118698
36,"cube-2355-geo","post",1622651236728152304,1622651236735282322
36,"cube-3982-bin","prep",1622651236735325543,1622651237872062820
36,"cube-3982-bin","zzzz",1622651237872070392,1622651821441774567,1978883,2701149,8103447
36,"cube-3982-bin","post",1622651821441788005,1622651821603880217
36,"cube-565-bin","prep",1622651821604801496,1622651821605475045
36,"cube-565-bin","zzzz",1622651821605478528,1622651821623139289,1049,1842,5526
36,"cube-565-bin","post",1622651821623149270,1622651821623498182
36,"cube-3167-bin.cgns","prep",1622651821623648368,1622651821646156157
36,"cube-3167-bin.cgns","zzzz",1622651821646162395,1622651856840971326,260432,366048,1098144
36,"cube-3167-bin.cgns","post",1622651856840985158,1622651856841056322
36,"cube-526-geo","mesh",1622651856841198005,1622651860573006370
36,"cube-526-geo","prep",1622651860573806226,1622651860920495661
36,"cube-526-geo","zzzz",1622651860920500834,1622651916195066220,354073,495245,1485735
36,"cube-526-geo","post",1622651916195080123,1622651916271074087
36,"cube-1835-bin","prep",1622651916271151493,1622651916273952874
36,"cube-1835-bin","zzzz",1622651916273954738,1622651916281709766,491,986,2958
36,"cube-1835-bin","post",1622651916281719733,1622651916281900453
36,"cube-2327-bin.cgns","prep",1622651916281935647,1622651916312537327
36,"cube-2327-bin.cgns","zzzz",1622651916312543754,1622651970023947735,346773,485867,1457601
36,"cube-2327-bin.cgns","post",1622651970023961195,1622651970024032784
36,"cube-1578-bin","prep",1622651970024174011,1622651970024631485
36,"cube-1578-bin","zzzz",1622651970024633678,1622651970029855422,348,729,2187
36,"cube-1578-bin","post",1622651970029866202,1622651970030057307
36,"cube-3094-asc","prep",1622651970030096198,1622651971164617583
36,"cube-3094-asc","zzzz",1622651971164625036,1622652639063875380,2191281,2988893,8966679
36,"cube-3094-asc","post",1622652639063888997,1622652639237840524
36,"cube-3225-geo","mesh",1622652639238407779,1622652639255939951
36,"cube-3225-geo","prep",1622652639256777186,1622652639257287063
36,"cube-3225-geo","zzzz",1622652639257289185,1622652639269160063,722,1363,4089
36,"cube-3225-geo","post",1622652639269170025,1622652639269676460
36,"cube-3788-stl-bin","mesh",1622652639269715452,1622652639327838019
36,"cube-3788-stl-bin","prep",1622652639328568114,1622652639332276290
36,"cube-3788-stl-bin","zzzz",1622652639332278488,1622652639612312623,6223,13302,39906
36,"cube-3788-stl-bin","post",1622652639612322551,1622652639613465743
36,"cube-602-stl-bin","mesh",1622652639613575343,1622652652023667858
36,"cube-602-stl-bin","prep",1622652652568067683,1622652653472938416
36,"cube-602-stl-bin","zzzz",1622652653472945182,1622653012460396446,1282476,1876210,5628630
36,"cube-602-stl-bin","post",1622653012460405392,1622653012772600733
36,"cube-520-bin.cgns","prep",1622653012772644102,1622653012808805364
36,"cube-520-bin.cgns","zzzz",1622653012808811804,1622653014768655074,34720,51228,153684
36,"cube-520-bin.cgns","post",1622653014768665395,1622653014768722902
36,"cube-3708-bin.cgns","prep",1622653014768814336,1622653014881749823
36,"cube-3708-bin.cgns","zzzz",1622653014881756648,1622653325426614692,1227393,1682951,5048853
36,"cube-3708-bin.cgns","post",1622653325426628402,1622653325426697540
36,"cube-2786-geo","mesh",1622653325426841407,1622653347967691035
36,"cube-2786-geo","prep",1622653347968695136,1622653350248514480
36,"cube-2786-geo","zzzz",1622653350248520490,1622653990826064154,2123789,2896721,8690163
36,"cube-2786-geo","post",1622653990826073534,1622653991326920804
36,"cube-348-bin.cgns","prep",1622653991327896339,1622653991353462582
36,"cube-348-bin.cgns","zzzz",1622653991353468666,1622653991672052733,9223,14552,43656
36,"cube-348-bin.cgns","post",1622653991672062409,1622653991672108861
36,"cube-116-geo","mesh",1622653991672192855,1622654016367785531
36,"cube-116-geo","prep",1622654016368706059,1622654018826775534
36,"cube-116-geo","zzzz",1622654018826781541,1622654724258532926,2284084,3114014,9342042
36,"cube-116-geo","post",1622654724258585417,1622654724794577935
36,"cube-3444-geo","mesh",1622654724795702663,1622654746814626212
36,"cube-3444-geo","prep",1622654746815563725,1622654748967211792
36,"cube-3444-geo","zzzz",1622654748967217753,1622655325417736657,1960765,2676393,8029179
36,"cube-3444-geo","post",1622655325417789443,1622655325884306570
36,"cube-2484-stl-bin","mesh",1622655325884948481,1622655325905383477
36,"cube-2484-stl-bin","prep",1622655325906275001,1622655325906573036
36,"cube-2484-stl-bin","zzzz",1622655325906575345,1622655325916743048,348,1211,3633
36,"cube-2484-stl-bin","post",1622655325916752970,1622655325916967801
36,"cube-1587-asc","prep",1622655325917000954,1622655325918085083
36,"cube-1587-asc","zzzz",1622655325918086468,1622655325923296062,347,728,2184
36,"cube-1587-asc","post",1622655325923306025,1622655325923754925
36,"cube-327-bin","prep",1622655325923765986,1622655325924006499
36,"cube-327-bin","zzzz",1622655325924007806,1622655325927470683,258,531,1593
36,"cube-327-bin","post",1622655325927480540,1622655325927814344
36,"cube-1191-asc","prep",1622655325927842741,1622655326532608567
36,"cube-1191-asc","zzzz",1622655326532612685,1622655647710654889,983786,1725972,5177916
36,"cube-1191-asc","post",1622655647710670071,1622655647920745075
36,"cube-2265-bin","prep",1622655647920779767,1622655649069103914
36,"cube-2265-bin","zzzz",1622655649069111467,1622656218462139740,1941081,2651786,7955358
36,"cube-2265-bin","post",1622656218462154419,1622656218728502716
36,"cube-3383-bin","prep",1622656218729113160,1622656218829724167
36,"cube-3383-bin","zzzz",1622656218829730174,1622656236488553842,162415,229966,689898
36,"cube-3383-bin","post",1622656236488564034,1622656236534062170
36,"cube-2513-bin","prep",1622656236534100532,1622656236548373402
36,"cube-2513-bin","zzzz",1622656236548376894,1622656236551620847,240,507,1521
36,"cube-2513-bin","post",1622656236551625767,1622656236551790438
36,"cube-1816-bin","prep",1622656236551807182,1622656236565729238
36,"cube-1816-bin","zzzz",1622656236565731397,1622656236729571132,5718,9152,27456
36,"cube-1816-bin","post",1622656236729580523,1622656236730730822
36,"cube-569-asc","prep",1622656236730947405,1622656236731347101
36,"cube-569-asc","zzzz",1622656236731348705,1622656236734777526,256,529,1587
36,"cube-569-asc","post",1622656236734782398,1622656236734886260
36,"cube-1763-geo","mesh",1622656236734899804,1622656236764885380
36,"cube-1763-geo","prep",1622656236765768137,1622656236766510308
36,"cube-1763-geo","zzzz",1622656236766512124,1622656236787241970,1143,2079,6237
36,"cube-1763-geo","post",1622656236787257340,1622656236787565277
36,"cube-1438-asc","prep",1622656236787730988,1622656236810830828
36,"cube-1438-asc","zzzz",1622656236810835117,1622656239366522585,41725,61458,184374
36,"cube-1438-asc","post",1622656239366533134,1622656239383971081
36,"cube-3433-asc","prep",1622656239384009699,1622656239385511339
36,"cube-3433-asc","zzzz",1622656239385513728,1622656239413734836,1455,2622,7866
36,"cube-3433-asc","post",1622656239413750911,1622656239413922594
36,"cube-3018-geo","mesh",1622656239413958257,1622656240079800264
36,"cube-3018-geo","prep",1622656240080638243,1622656240134754568
36,"cube-3018-geo","zzzz",1622656240134759660,1622656243213632549,47575,69884,209652
36,"cube-3018-geo","post",1622656243213642785,1622656243242111156
36,"cube-2940-asc","prep",1622656243243997828,1622656243277913501
36,"cube-2940-asc","zzzz",1622656243277917839,1622656245980954851,43454,63924,191772
36,"cube-2940-asc","post",1622656245980963979,1622656245991368667
36,"cube-2606-bin","prep",1622656245991407398,1622656245997074221
36,"cube-2606-bin","zzzz",1622656245997077402,1622656246128373205,4832,7839,23517
36,"cube-2606-bin","post",1622656246128378378,1622656246128922177
36,"cube-2910-stl-bin","mesh",1622656246128982798,1622656246133160439
36,"cube-2910-stl-bin","prep",1622656246134059858,1622656246134381696
36,"cube-2910-stl-bin","zzzz",1622656246134383593,1622656246140769011,245,852,2556
36,"cube-2910-stl-bin","post",1622656246140773710,1622656246140885981
36,"cube-1328-bin","prep",1622656246140896573,1622656246143729221
36,"cube-1328-bin","zzzz",1622656246143731270,1622656246319727456,6019,9621,28863
36,"cube-1328-bin","post",1622656246319734332,1622656246320394034
36,"cube-1401-geo","mesh",1622656246320425003,1622656246386526905
36,"cube-1401-geo","prep",1622656246387375523,1622656246390170711
36,"cube-1401-geo","zzzz",1622656246390172821,1622656246477198765,3571,5878,17634
36,"cube-1401-geo","post",1622656246477216487,1622656246478571206
36,"cube-82-bin","prep",1622656246479291025,1622656246479876680
36,"cube-82-bin","zzzz",1622656246479878541,1622656246481810299,152,337,1011
36,"cube-82-bin","post",1622656246481814900,1622656246481933460
36,"cube-2090-stl-bin","mesh",1622656246481946600,1622656246581413826
36,"cube-2090-stl-bin","prep",1622656246582255895,1622656246590144742
36,"cube-2090-stl-bin","zzzz",1622656246590148200,1622656247057320801,9208,18990,56970
36,"cube-2090-stl-bin","post",1622656247057331447,1622656247064158997
36,"cube-3871-bin.cgns","prep",1622656247064195733,1622656247107123939
36,"cube-3871-bin.cgns","zzzz",1622656247107129947,1622656247750137897,15514,23735,71205
36,"cube-3871-bin.cgns","post",1622656247750147798,1622656247750226082
36,"cube-631-asc","prep",1622656247750307719,1622656247755053029
36,"cube-631-asc","zzzz",1622656247755055545,1622656248013407102,7972,12576,37728
36,"cube-631-asc","post",1622656248013427378,1622656248016270102
36,"cube-2147-asc","prep",1622656248016303304,1622656248536456647
36,"cube-2147-asc","zzzz",1622656248536463259,1622656466475982178,938572,1290403,3871209
36,"cube-2147-asc","post",1622656466475997867,1622656466569435144
36,"cube-2220-bin.cgns","prep",1622656466569471376,1622656466621696063
36,"cube-2220-bin.cgns","zzzz",1622656466621705054,1622656466626911874,348,729,2187
36,"cube-2220-bin.cgns","post",1622656466626916702,1622656466626958096
36,"cube-3664-asc","prep",1622656466627008050,1622656466627817231
36,"cube-3664-asc","zzzz",1622656466627818922,1622656466662403366,1699,3055,9165
36,"cube-3664-asc","post",1622656466662413236,1622656466662865735
36,"cube-2191-asc","prep",1622656466663025796,1622656466667483524
36,"cube-2191-asc","zzzz",1622656466667485548,1622656466919576785,7838,12371,37113
36,"cube-2191-asc","post",1622656466919586662,1622656466921949366
36,"cube-725-asc","prep",1622656466921970808,1622656467019046053
36,"cube-725-asc","zzzz",1622656467019052273,1622656490333186495,196616,277433,832299
36,"cube-725-asc","post",1622656490333201050,1622656490350482610
36,"cube-2848-bin","prep",1622656490350512820,1622656490440789955
36,"cube-2848-bin","zzzz",1622656490440796081,1622656509665940603,172152,243556,730668
36,"cube-2848-bin","post",1622656509666225416,1622656509683929518
36,"cube-2882-bin","prep",1622656509683965543,1622656509711953478
36,"cube-2882-bin","zzzz",1622656509711957862,1622656512916841240,48803,71781,215343
36,"cube-2882-bin","post",1622656512916855619,1622656512929662406
36,"cube-2345-bin","prep",1622656512929699712,1622656513110243348
36,"cube-2345-bin","zzzz",1622656513110249950,1622656562825009569,328987,461384,1384152
36,"cube-2345-bin","post",1622656562825022910,1622656562856104304
36,"cube-1000-asc","prep",1622656562856139405,1622656562882563025
36,"cube-1000-asc","zzzz",1622656562882566692,1622656565520181660,42595,62793,188379
36,"cube-1000-asc","post",1622656565520197771,1622656565529062025
36,"cube-263-geo","mesh",1622656565529091141,1622656565542163259
36,"cube-263-geo","prep",1622656565543058608,1622656565543365464
36,"cube-263-geo","zzzz",1622656565543367595,1622656565547230871,273,578,1734
36,"cube-263-geo","post",1622656565547240636,1622656565547624383
36,"cube-659-asc","prep",1622656565547655192,1622656565548065198
36,"cube-659-asc","zzzz",1622656565548066712,1622656565549982062,148,333,999
36,"cube-659-asc","post",1622656565549991579,1622656565550113382
36,"cube-452-bin.cgns","prep",1622656565550142504,1622656565730285058
36,"cube-452-bin.cgns","zzzz",1622656565730292194,1622656595526946108,232700,327259,981777
36,"cube-452-bin.cgns","post",1622656595526961585,1622656595527017617
36,"cube-2451-asc","prep",1622656595527140138,1622656595557616098
36,"cube-2451-asc","zzzz",1622656595557621265,1622656599710066494,58603,85789,257367
36,"cube-2451-asc","post",1622656599710080130,1622656599716474672
36,"cube-2714-bin","prep",1622656599716506947,1622656599720087618
36,"cube-2714-bin","zzzz",1622656599720090210,1622656599883187925,5702,9123,27369
36,"cube-2714-bin","post",1622656599883198109,1622656599884557000
36,"cube-2967-bin","prep",1622656599884702135,1622656600171465249
36,"cube-2967-bin","zzzz",1622656600171472124,1622656706520328268,552565,765466,2296398
36,"cube-2967-bin","post",1622656706520343469,1622656706568093049
36,"cube-378-stl-bin","mesh",1622656706568157205,1622656706851729927
36,"cube-378-stl-bin","prep",1622656706853043566,1622656706876699387
36,"cube-378-stl-bin","zzzz",1622656706876704047,1622656708550710703,25118,45928,137784
36,"cube-378-stl-bin","post",1622656708550720911,1622656708558470985
36,"cube-1699-asc","prep",1622656708558491176,1622656708589593193
36,"cube-1699-asc","zzzz",1622656708589597942,1622656710498690595,34012,50282,150846
36,"cube-1699-asc","post",1622656710498700821,1622656710505552546
36,"cube-350-geo","mesh",1622656710505594134,1622656710515896200
36,"cube-350-geo","prep",1622656710516890110,1622656710517063062
36,"cube-350-geo","zzzz",1622656710517064897,1622656710518968958,147,332,996
36,"cube-350-geo","post",1622656710518978557,1622656710519236596
36,"cube-2074-asc","prep",1622656710519268617,1622656711060454638
36,"cube-2074-asc","zzzz",1622656711060459534,1622657011809213886,976600,1642965,4928895
36,"cube-2074-asc","post",1622657011809224376,1622657011969592682
36,"cube-3712-asc","prep",1622657011969635657,1622657012567848631
36,"cube-3712-asc","zzzz",1622657012567852665,1622657491231911990,1041897,2328098,6984294
36,"cube-3712-asc","post",1622657491231927443,1622657491374991768
36,"cube-914-bin.cgns","prep",1622657491375032376,1622657491452949271
36,"cube-914-bin.cgns","zzzz",1622657491452953681,1622657491660810557,6829,10806,32418
36,"cube-914-bin.cgns","post",1622657491660820394,1622657491660868409
36,"cube-1841-asc","prep",1622657491660967865,1622657491662555203
36,"cube-1841-asc","zzzz",1622657491662556678,1622657491696241394,1655,2995,8985
36,"cube-1841-asc","post",1622657491696251243,1622657491696795415
36,"cube-107-bin","prep",1622657491696885078,1622657491697211269
36,"cube-107-bin","zzzz",1622657491697212374,1622657491700439173,240,505,1515
36,"cube-107-bin","post",1622657491700443828,1622657491700671607
36,"cube-1475-geo","mesh",1622657491700684166,1622657494696938570
36,"cube-1475-geo","prep",1622657494724836275,1622657494889791266
36,"cube-1475-geo","zzzz",1622657494889796498,1622657522885433603,223075,313820,941460
36,"cube-1475-geo","post",1622657522885448557,1622657523008093419
36,"cube-704-bin","prep",1622657523014630141,1622657523024871878
36,"cube-704-bin","zzzz",1622657523024875414,1622657523138292475,4328,7076,21228
36,"cube-704-bin","post",1622657523138302495,1622657523139076386
36,"cube-2741-asc","prep",1622657523139107112,1622657523148950350
36,"cube-2741-asc","zzzz",1622657523148952306,1622657523246540167,3887,6369,19107
36,"cube-2741-asc","post",1622657523246550087,1622657523247281383
36,"cube-1263-asc","prep",1622657523247446434,1622657523254403503
36,"cube-1263-asc","zzzz",1622657523254405559,1622657523256162697,138,311,933
36,"cube-1263-asc","post",1622657523256172380,1622657523256281801
36,"cube-1522-geo","mesh",1622657523256314544,1622657523622168323
36,"cube-1522-geo","prep",1622657523623076624,1622657523639814364
36,"cube-1522-geo","zzzz",1622657523639819490,1622657524958688008,26235,38965,116895
36,"cube-1522-geo","post",1622657524958698213,1622657524966473993
36,"cube-1097-bin","prep",1622657524967400159,1622657524982460400
36,"cube-1097-bin","zzzz",1622657524982463113,1622657526048124017,22420,33656,100968
36,"cube-1097-bin","post",1622657526048139637,1622657526053647280
36,"cube-472-asc","prep",1622657526053671971,1622657526665548611
36,"cube-472-asc","zzzz",1622657526665555418,1622657804938438377,1129628,1549973,4649919
36,"cube-472-asc","post",1622657804938451773,1622657805035836749
36,"cube-869-asc","prep",1622657805035868565,1622657805046953749
36,"cube-869-asc","zzzz",1622657805046956693,1622657805997858513,20780,31118,93354
36,"cube-869-asc","post",1622657805997871950,1622657806000054582
36,"cube-1645-asc","prep",1622657806000103412,1622657806419516816
36,"cube-1645-asc","zzzz",1622657806419522544,1622657973044965613,766337,1055035,3165105
36,"cube-1645-asc","post",1622657973044981436,1622657973111710604
36,"cube-3585-bin.cgns","prep",1622657973111742956,1622657973142401074
36,"cube-3585-bin.cgns","zzzz",1622657973142409709,1622657973148004507,369,774,2322
36,"cube-3585-bin.cgns","post",1622657973148008351,1622657973148052334
36,"cube-270-geo","mesh",1622657973148160298,1622657973158880808
36,"cube-270-geo","prep",1622657973159862597,1622657973160142319
36,"cube-270-geo","zzzz",1622657973160143994,1622657973163469626,250,521,1563
36,"cube-270-geo","post",1622657973163473530,1622657973163647461
36,"cube-1782-bin","prep",1622657973163658444,1622657973247482848
36,"cube-1782-bin","zzzz",1622657973247488625,1622657984197917250,116715,166285,498855
36,"cube-1782-bin","post",1622657984197931921,1622657984245893703
36,"cube-3819-asc","prep",1622657984245924171,1622657984250027049
36,"cube-3819-asc","zzzz",1622657984250029496,1622657984275829739,1347,2450,7350
36,"cube-3819-asc","post",1622657984275839564,1622657984276340804
36,"cube-3-stl-bin","mesh",1622657984276356071,1622657991714548048
36,"cube-3-stl-bin","prep",1622657991715426315,1622657992443749477
36,"cube-3-stl-bin","zzzz",1622657992443757078,1622658150982710205,676570,1016426,3049278
36,"cube-3-stl-bin","post",1622658150982725176,1622658151212482354
36,"cube-1080-asc","prep",1622658151212519405,1622658151677429105
36,"cube-1080-asc","zzzz",1622658151677435424,1622658340351261624,841427,1158136,3474408
36,"cube-1080-asc","post",1622658340351276800,1622658340424583367
36,"cube-1980-geo","mesh",1622658340424631771,1622658340607481799
36,"cube-1980-geo","prep",1622658340608320117,1622658340613711360
36,"cube-1980-geo","zzzz",1622658340613713656,1622658341014377785,10882,17070,51210
36,"cube-1980-geo","post",1622658341014387689,1622658341016473883
36,"cube-1586-asc","prep",1622658341016736413,1622658341038447039
36,"cube-1586-asc","zzzz",1622658341038450315,1622658343284256573,38209,56237,168711
36,"cube-1586-asc","post",1622658343284266743,1622658343287482594
36,"cube-1708-bin","prep",1622658343287508658,1622658343310836199
36,"cube-1708-bin","zzzz",1622658343310839238,1622658345951379472,42702,62912,188736
36,"cube-1708-bin","post",1622658345951383834,1622658345956521360
36,"cube-3663-bin","prep",1622658345956900967,1622658345960160832
36,"cube-3663-bin","zzzz",1622658345960162772,1622658346013013702,2407,4141,12423
36,"cube-3663-bin","post",1622658346013024071,1622658346013575520
36,"cube-3239-bin","prep",1622658346013604157,1622658346014224228
36,"cube-3239-bin","zzzz",1622658346014225754,1622658346019869364,369,774,2322
36,"cube-3239-bin","post",1622658346019879208,1622658346020116221
36,"cube-1557-asc","prep",1622658346020129048,1622658346098303335
36,"cube-1557-asc","zzzz",1622658346098308829,1622658360071043219,137902,196198,588594
36,"cube-1557-asc","post",1622658360071057297,1622658360084034796
36,"Proc","exit_task",1622650751065562640,1622658360134299048,4892508
