19,"build/tests/sizes/cube-2957-bin.msh2","scan",1622650769177407976,1622650769299740379
19,"build/tests/sizes/cube-2957-bin.msh2","chck",1622650769174894008,1622650769299896950
19,"build/tests/sizes/cube-1138-asc.bdf","scan",1622650769317095667,1622650769345663356
19,"build/tests/sizes/cube-1138-asc.bdf","chck",1622650769299898413,1622650769345670089
19,"build/tests/sizes/cube-1306-bin.msh2","scan",1622650769361441438,1622650771536846571
19,"build/tests/sizes/cube-1306-bin.msh2","chck",1622650769345671668,1622650771536868199
19,"build/tests/sizes/cube-3584-bin.msh2","scan",1622650771538769944,1622650773304747075
19,"build/tests/sizes/cube-3584-bin.msh2","chck",1622650771536869466,1622650773304765731
19,"build/tests/sizes/cube-3580-bin.vtk","scan",1622650773305462496,1622650773319891305
19,"build/tests/sizes/cube-3580-bin.vtk","chck",1622650773304767176,1622650773319897775
19,"build/tests/sizes/cube-2273-asc.mesh","scan",1622650773320487491,1622650773327818832
19,"build/tests/sizes/cube-2273-asc.mesh","chck",1622650773319898901,1622650773327824448
19,"build/tests/sizes/cube-3188-asc.mesh","scan",1622650773328395122,1622650778102487350
19,"build/tests/sizes/cube-3188-asc.mesh","chck",1622650773327825528,1622650778102519457
19,"build/tests/sizes/cube-2545-bin.msh4","scan",1622650778103340520,1622650779099122657
19,"build/tests/sizes/cube-2545-bin.msh4","chck",1622650778102520822,1622650779099130833
19,"build/tests/sizes/cube-1488-geo.geo_unrolled","scan",1622650779125039224,1622650779127037861
19,"build/tests/sizes/cube-1488-geo.geo_unrolled","chck",1622650779099131960,1622650779127044099
19,"build/tests/sizes/cube-1735-bin.msh4","scan",1622650779144802568,1622650779169032270
19,"build/tests/sizes/cube-1735-bin.msh4","chck",1622650779127045336,1622650779169039681
19,"build/tests/sizes/cube-1130-bin.vtk","scan",1622650779188658015,1622650779222921108
19,"build/tests/sizes/cube-1130-bin.vtk","chck",1622650779169040701,1622650779222929786
19,"build/tests/sizes/cube-1018-bin.cgns","scan",1622650779240745910,1622650779373725392
19,"build/tests/sizes/cube-1018-bin.cgns","chck",1622650779222930929,1622650779373733396
19,"build/tests/sizes/cube-11-bin.msh4","scan",1622650779375697040,1622650779477739052
19,"build/tests/sizes/cube-11-bin.msh4","chck",1622650779373734665,1622650779477745602
19,"build/tests/sizes/cube-3676-stl-bin.geo","scan",1622650779478375570,1622650779525368626
19,"build/tests/sizes/cube-3676-stl-bin.geo","chck",1622650779477746655,1622650779525376594
19,"build/tests/sizes/cube-2072-asc.mesh","scan",1622650779539260929,1622650784302544226
19,"build/tests/sizes/cube-2072-asc.mesh","chck",1622650779525377735,1622650784302552528
19,"build/tests/sizes/cube-571-bin.msh4","scan",1622650784330235751,1622650784357623221
19,"build/tests/sizes/cube-571-bin.msh4","chck",1622650784302554036,1622650784357635608
19,"build/tests/sizes/cube-2242-geo.geo_unrolled","scan",1622650784358293303,1622650784359551287
19,"build/tests/sizes/cube-2242-geo.geo_unrolled","chck",1622650784357636682,1622650784359555856
19,"build/tests/sizes/cube-2027-bin.vtk","scan",1622650784360142277,1622650784769785995
19,"build/tests/sizes/cube-2027-bin.vtk","chck",1622650784359556849,1622650784769794446
19,"build/tests/sizes/cube-3615-asc.mesh","scan",1622650784770695373,1622650784783724522
19,"build/tests/sizes/cube-3615-asc.mesh","chck",1622650784769795734,1622650784783731251
19,"build/tests/sizes/cube-667-bin.msh2","scan",1622650784803747762,1622650785167601372
19,"build/tests/sizes/cube-667-bin.msh2","chck",1622650784783732365,1622650785167608730
19,"build/tests/sizes/cube-2667-geo.geo_unrolled","scan",1622650785168243679,1622650785169399093
19,"build/tests/sizes/cube-2667-geo.geo_unrolled","chck",1622650785167609860,1622650785169402601
19,"build/tests/sizes/cube-3863-asc.mesh","scan",1622650785169949308,1622650785352570615
19,"build/tests/sizes/cube-3863-asc.mesh","chck",1622650785169403604,1622650785352578923
19,"build/tests/sizes/cube-3984-asc.msh2","scan",1622650785353261099,1622650786211207369
19,"build/tests/sizes/cube-3984-asc.msh2","chck",1622650785352580035,1622650786211216029
19,"build/tests/sizes/cube-510-bin.msh4","scan",1622650786227763207,1622650786287868400
19,"build/tests/sizes/cube-510-bin.msh4","chck",1622650786211223648,1622650786287876032
19,"build/tests/sizes/cube-2135-bin.cgns","scan",1622650786292584583,1622650786355238278
19,"build/tests/sizes/cube-2135-bin.cgns","chck",1622650786287877210,1622650786355244240
19,"build/tests/sizes/cube-1793-bin.vtk","scan",1622650786374011012,1622650786381603153
19,"build/tests/sizes/cube-1793-bin.vtk","chck",1622650786355245642,1622650786381608352
19,"build/tests/sizes/cube-3521-bin.cgns","scan",1622650786385316742,1622650786450803883
19,"build/tests/sizes/cube-3521-bin.cgns","chck",1622650786381609305,1622650786450812179
19,"build/tests/sizes/cube-681-asc.mesh","scan",1622650786472925711,1622650786480781751
19,"build/tests/sizes/cube-681-asc.mesh","chck",1622650786450813250,1622650786480788116
19,"build/tests/sizes/cube-154-geo.geo_unrolled","scan",1622650786481855662,1622650786483066334
19,"build/tests/sizes/cube-154-geo.geo_unrolled","chck",1622650786480789552,1622650786483072052
19,"build/tests/sizes/cube-3269-bin.msh2","scan",1622650786483630583,1622650788216921582
19,"build/tests/sizes/cube-3269-bin.msh2","chck",1622650786483073046,1622650788216929635
19,"build/tests/sizes/cube-1635-asc.msh2","scan",1622650788218520900,1622650788229991678
19,"build/tests/sizes/cube-1635-asc.msh2","chck",1622650788216931084,1622650788229999326
19,"build/tests/sizes/cube-436-bin.vtk","scan",1622650788241947660,1622650789534122440
19,"build/tests/sizes/cube-436-bin.vtk","chck",1622650788230000467,1622650789534130983
19,"build/tests/sizes/cube-2539-geo.geo_unrolled","scan",1622650789535260944,1622650789536425029
19,"build/tests/sizes/cube-2539-geo.geo_unrolled","chck",1622650789534132096,1622650789536430034
19,"build/tests/sizes/cube-726-asc.msh2","scan",1622650789548253407,1622650789558829962
19,"build/tests/sizes/cube-726-asc.msh2","chck",1622650789536431142,1622650789558835717
19,"build/tests/sizes/cube-2159-stl-bin.geo","scan",1622650789559493498,1622650789574980377
19,"build/tests/sizes/cube-2159-stl-bin.geo","chck",1622650789558836762,1622650789574987824
19,"build/tests/sizes/cube-3032-bin.cgns","scan",1622650789579499711,1622650789644631612
19,"build/tests/sizes/cube-3032-bin.cgns","chck",1622650789574989241,1622650789644637489
19,"build/tests/sizes/cube-3100-asc.bdf","scan",1622650789645234580,1622650789648046273
19,"build/tests/sizes/cube-3100-asc.bdf","chck",1622650789644638516,1622650789648051505
19,"build/tests/sizes/cube-3333-asc.mesh","scan",1622650789648594547,1622650789823944132
19,"build/tests/sizes/cube-3333-asc.mesh","chck",1622650789648052427,1622650789823952399
19,"build/tests/sizes/cube-3178-stl-bin.geo","scan",1622650789824758177,1622650789827873919
19,"build/tests/sizes/cube-3178-stl-bin.geo","chck",1622650789823953667,1622650789827880957
19,"build/tests/sizes/cube-3345-bin.vtk","scan",1622650789828452279,1622650789829635273
19,"build/tests/sizes/cube-3345-bin.vtk","chck",1622650789827882449,1622650789829639329
19,"build/tests/sizes/cube-3847-geo.geo","scan",1622650789830222201,1622650789831787362
19,"build/tests/sizes/cube-3847-geo.geo","chck",1622650789829640237,1622650789831791339
19,"build/tests/sizes/cube-440-geo.geo_unrolled","scan",1622650789847536506,1622650789848708255
19,"build/tests/sizes/cube-440-geo.geo_unrolled","chck",1622650789831792242,1622650789848713835
19,"build/tests/sizes/cube-3808-bin.vtk","scan",1622650789849285062,1622650790082624746
19,"build/tests/sizes/cube-3808-bin.vtk","chck",1622650789848714947,1622650790082631942
19,"build/tests/sizes/cube-3168-bin.cgns","scan",1622650790087013546,1622650790151163318
19,"build/tests/sizes/cube-3168-bin.cgns","chck",1622650790082633017,1622650790151169452
19,"build/tests/sizes/cube-3614-geo.geo","scan",1622650790151856458,1622650790153170390
19,"build/tests/sizes/cube-3614-geo.geo","chck",1622650790151170503,1622650790153175318
19,"build/tests/sizes/cube-1647-asc.mesh","scan",1622650790163750479,1622650790202910240
19,"build/tests/sizes/cube-1647-asc.mesh","chck",1622650790153176234,1622650790202917427
19,"build/tests/sizes/cube-2204-geo.geo_unrolled","scan",1622650790203779091,1622650790204946166
19,"build/tests/sizes/cube-2204-geo.geo_unrolled","chck",1622650790203162484,1622650790204950049
19,"build/tests/sizes/cube-2347-bin.msh4","scan",1622650790224460835,1622650790720305790
19,"build/tests/sizes/cube-2347-bin.msh4","chck",1622650790204950942,1622650790720312023
19,"build/tests/sizes/cube-1099-asc.msh2","scan",1622650790721397806,1622650790724055372
19,"build/tests/sizes/cube-1099-asc.msh2","chck",1622650790720313146,1622650790724060428
19,"build/tests/sizes/cube-3559-geo.geo_unrolled","scan",1622650790724624074,1622650790725771291
19,"build/tests/sizes/cube-3559-geo.geo_unrolled","chck",1622650790724061369,1622650790725776210
19,"build/tests/sizes/cube-503-bin.msh2","scan",1622650790726715773,1622650795153269041
19,"build/tests/sizes/cube-503-bin.msh2","chck",1622650790725777114,1622650795153276905
19,"build/tests/sizes/cube-610-asc.msh2","scan",1622650795160829440,1622650797552722931
19,"build/tests/sizes/cube-610-asc.msh2","chck",1622650795153278054,1622650797552731960
19,"build/tests/sizes/cube-3802-bin.cgns","scan",1622650797557841192,1622650797621787420
19,"build/tests/sizes/cube-3802-bin.cgns","chck",1622650797552733439,1622650797621794588
19,"build/tests/sizes/cube-3739-bin.msh2","scan",1622650797622610194,1622650797644900355
19,"build/tests/sizes/cube-3739-bin.msh2","chck",1622650797621795783,1622650797644907958
19,"build/tests/sizes/cube-781-bin.msh4","scan",1622650797650773603,1622650798771622119
19,"build/tests/sizes/cube-781-bin.msh4","chck",1622650797644908997,1622650798771629980
19,"build/tests/sizes/cube-3937-bin.msh4","scan",1622650798772346257,1622650798892774408
19,"build/tests/sizes/cube-3937-bin.msh4","chck",1622650798771631217,1622650798892780911
19,"build/tests/sizes/cube-3973-asc.mesh","scan",1622650798893440177,1622650805856305026
19,"build/tests/sizes/cube-3973-asc.mesh","chck",1622650798892782041,1622650805856322620
19,"build/tests/sizes/cube-3315-asc.bdf","scan",1622650805857091617,1622650815903528418
19,"build/tests/sizes/cube-3315-asc.bdf","chck",1622650805856323884,1622650815903546887
19,"build/tests/sizes/cube-1964-bin.vtk","scan",1622650815904370853,1622650818635441829
19,"build/tests/sizes/cube-1964-bin.vtk","chck",1622650815903548096,1622650818635450119
19,"build/tests/sizes/cube-1860-geo.geo_unrolled","scan",1622650818639764543,1622650818641171851
19,"build/tests/sizes/cube-1860-geo.geo_unrolled","chck",1622650818635451387,1622650818641176532
19,"build/tests/sizes/cube-1594-geo.geo_unrolled","scan",1622650818659413812,1622650818660637733
19,"build/tests/sizes/cube-1594-geo.geo_unrolled","chck",1622650818641177637,1622650818660643028
19,"build/tests/sizes/cube-3327-geo.geo_unrolled","scan",1622650818661170261,1622650818662273743
19,"build/tests/sizes/cube-3327-geo.geo_unrolled","chck",1622650818660644141,1622650818662277319
19,"build/tests/sizes/cube-740-bin.msh2","scan",1622650818708580439,1622650818733165919
19,"build/tests/sizes/cube-740-bin.msh2","chck",1622650818662278301,1622650818733173043
19,"build/tests/sizes/cube-1035-bin.cgns","scan",1622650818757259048,1622650818895043535
19,"build/tests/sizes/cube-1035-bin.cgns","chck",1622650818733174224,1622650818895053559
19,"build/tests/sizes/cube-1610-stl-bin.geo","scan",1622650818896876261,1622650819011837071
19,"build/tests/sizes/cube-1610-stl-bin.geo","chck",1622650818895054726,1622650819011845106
19,"build/tests/sizes/cube-585-stl-bin.geo","scan",1622650819028896640,1622650819053625343
19,"build/tests/sizes/cube-585-stl-bin.geo","chck",1622650819011846250,1622650819053632346
19,"build/tests/sizes/cube-13-geo.geo","scan",1622650819069618878,1622650819071311221
19,"build/tests/sizes/cube-13-geo.geo","chck",1622650819053633511,1622650819071318224
19,"build/tests/sizes/cube-3996-bin.vtk","scan",1622650819071913157,1622650819103192136
19,"build/tests/sizes/cube-3996-bin.vtk","chck",1622650819071319444,1622650819103199972
19,"build/tests/sizes/cube-1226-asc.mesh","scan",1622650819121241624,1622650819265485163
19,"build/tests/sizes/cube-1226-asc.mesh","chck",1622650819103201111,1622650819265492803
19,"build/tests/sizes/cube-2686-asc.mesh","scan",1622650819266114997,1622650819272582900
19,"build/tests/sizes/cube-2686-asc.mesh","chck",1622650819265493934,1622650819272589098
19,"build/tests/sizes/cube-2423-bin.msh4","scan",1622650819273133746,1622650819274399611
19,"build/tests/sizes/cube-2423-bin.msh4","chck",1622650819272590330,1622650819274404233
19,"build/tests/sizes/cube-445-bin.vtk","scan",1622650819292130424,1622650819334413168
19,"build/tests/sizes/cube-445-bin.vtk","chck",1622650819274405213,1622650819334419557
19,"build/tests/sizes/cube-3495-bin.vtk","scan",1622650819334980292,1622650819370424473
19,"build/tests/sizes/cube-3495-bin.vtk","chck",1622650819334420911,1622650819370430802
19,"build/tests/sizes/cube-974-bin.vtk","scan",1622650819381645538,1622650819927618219
19,"build/tests/sizes/cube-974-bin.vtk","chck",1622650819370431803,1622650819927626954
19,"build/tests/sizes/cube-1266-asc.bdf","scan",1622650819951977133,1622650820284816110
19,"build/tests/sizes/cube-1266-asc.bdf","chck",1622650819927628085,1622650820284825685
19,"build/tests/sizes/cube-1767-stl-bin.geo","scan",1622650820286471646,1622650820678708194
19,"build/tests/sizes/cube-1767-stl-bin.geo","chck",1622650820284826876,1622650820678715413
19,"build/tests/sizes/cube-3454-bin.cgns","scan",1622650820683405324,1622650820746039657
19,"build/tests/sizes/cube-3454-bin.cgns","chck",1622650820678716575,1622650820746047523
19,"build/tests/sizes/cube-1332-bin.msh2","scan",1622650820762333414,1622650826762301656
19,"build/tests/sizes/cube-1332-bin.msh2","chck",1622650820746048864,1622650826762309720
19,"build/tests/sizes/cube-3759-bin.cgns","scan",1622650826786612021,1622650826850129702
19,"build/tests/sizes/cube-3759-bin.cgns","chck",1622650826762310873,1622650826850137333
19,"build/tests/sizes/cube-465-asc.mesh","scan",1622650826867476222,1622650826931868960
19,"build/tests/sizes/cube-465-asc.mesh","chck",1622650826850138409,1622650826931876745
19,"build/tests/sizes/cube-1213-bin.msh2","scan",1622650826951373266,1622650830754944688
19,"build/tests/sizes/cube-1213-bin.msh2","chck",1622650826931877816,1622650830754950217
19,"build/tests/sizes/cube-3646-geo.geo","scan",1622650830755609586,1622650830757055006
19,"build/tests/sizes/cube-3646-geo.geo","chck",1622650830754951235,1622650830757060023
19,"build/tests/sizes/cube-3260-bin.msh2","scan",1622650830757613577,1622650831055101920
19,"build/tests/sizes/cube-3260-bin.msh2","chck",1622650830757061073,1622650831055109911
19,"build/tests/sizes/cube-17-bin.msh4","scan",1622650831075800426,1622650831117859074
19,"build/tests/sizes/cube-17-bin.msh4","chck",1622650831055110926,1622650831117865729
19,"build/tests/sizes/cube-3565-bin.msh2","scan",1622650831118451730,1622650831926110204
19,"build/tests/sizes/cube-3565-bin.msh2","chck",1622650831117866801,1622650831926118456
19,"build/tests/sizes/cube-205-bin.msh2","scan",1622650831944501528,1622650833436237107
19,"build/tests/sizes/cube-205-bin.msh2","chck",1622650831926119556,1622650833436244257
19,"build/tests/sizes/cube-239-bin.vtk","scan",1622650833456279159,1622650833575155755
19,"build/tests/sizes/cube-239-bin.vtk","chck",1622650833436245664,1622650833575164123
19,"build/tests/sizes/cube-955-geo.geo","scan",1622650833585500923,1622650833587065485
19,"build/tests/sizes/cube-955-geo.geo","chck",1622650833575165206,1622650833587071430
19,"build/tests/sizes/cube-2497-geo.geo","scan",1622650833587656288,1622650833588976652
19,"build/tests/sizes/cube-2497-geo.geo","chck",1622650833587072498,1622650833588980748
19,"build/tests/sizes/cube-1811-asc.msh2","scan",1622650833604469485,1622650835760383583
19,"build/tests/sizes/cube-1811-asc.msh2","chck",1622650833588981698,1622650835760391267
19,"build/tests/sizes/cube-1623-bin.msh4","scan",1622650835776633588,1622650836009422004
19,"build/tests/sizes/cube-1623-bin.msh4","chck",1622650835760392413,1622650836009428601
19,"build/tests/sizes/cube-3845-bin.msh4","scan",1622650836010167963,1622650836011553517
19,"build/tests/sizes/cube-3845-bin.msh4","chck",1622650836009429803,1622650836011695512
19,"build/tests/sizes/cube-2639-bin.vtk","scan",1622650836012218516,1622650836016099317
19,"build/tests/sizes/cube-2639-bin.vtk","chck",1622650836011697069,1622650836016102757
19,"build/tests/sizes/cube-190-bin.msh4","scan",1622650836036283015,1622650837731792843
19,"build/tests/sizes/cube-190-bin.msh4","chck",1622650836016103571,1622650837731799576
19,"build/tests/sizes/cube-1467-asc.bdf","scan",1622650837736250002,1622650837757984880
19,"build/tests/sizes/cube-1467-asc.bdf","chck",1622650837731800776,1622650837757990485
19,"build/tests/sizes/cube-1591-bin.msh4","scan",1622650837770483980,1622650837853192943
19,"build/tests/sizes/cube-1591-bin.msh4","chck",1622650837757991619,1622650837853199152
19,"build/tests/sizes/cube-3836-geo.geo","scan",1622650837853794991,1622650837855208310
19,"build/tests/sizes/cube-3836-geo.geo","chck",1622650837853200179,1622650837855212188
19,"build/tests/sizes/cube-476-bin.vtk","scan",1622650837877663493,1622650839331684749
19,"build/tests/sizes/cube-476-bin.vtk","chck",1622650837855213094,1622650839331690088
19,"build/tests/sizes/cube-3578-asc.mesh","scan",1622650839332307880,1622650841368488859
19,"build/tests/sizes/cube-3578-asc.mesh","chck",1622650839331691032,1622650841368494758
19,"build/tests/sizes/cube-118-asc.mesh","scan",1622650841373618835,1622650842902037645
19,"build/tests/sizes/cube-118-asc.mesh","chck",1622650841368495563,1622650842902045094
19,"cube-3578-asc","prep",1622650842903156802,1622650843296223233
19,"cube-3578-asc","zzzz",1622650843296232509,1622650999194528147,728421,1003714,3011142
19,"cube-3578-asc","post",1622650999194584069,1622650999253699121
19,"cube-1591-bin","prep",1622650999254091588,1622650999276455602
19,"cube-1591-bin","zzzz",1622650999276460176,1622651002669212126,50812,74758,224274
19,"cube-1591-bin","post",1622651002669226270,1622651002673977973
19,"cube-1467-asc","prep",1622651002674058044,1622651002674198749
19,"cube-1467-asc","zzzz",1622651002674200010,1622651002677445394,240,505,1515
19,"cube-1467-asc","post",1622651002677455478,1622651002677578491
19,"cube-1138-asc","prep",1622651002677612732,1622651002678342639
19,"cube-1138-asc","zzzz",1622651002678344196,1622651002695489235,1016,1800,5400
19,"cube-1138-asc","post",1622651002695499181,1622651002695839290
19,"cube-1099-asc","prep",1622651002695927976,1622651002696059666
19,"cube-1099-asc","zzzz",1622651002696060694,1622651002697980050,148,333,999
19,"cube-1099-asc","post",1622651002697990155,1622651002698135454
19,"cube-3863-asc","prep",1622651002698174154,1622651002729470367
19,"cube-3863-asc","zzzz",1622651002729475098,1622651006445150770,54312,79565,238695
19,"cube-3863-asc","post",1622651006445162480,1622651006451708746
19,"cube-3580-bin","prep",1622651006451748164,1622651006457646572
19,"cube-3580-bin","zzzz",1622651006457648717,1622651006602746794,5229,8418,25254
19,"cube-3580-bin","post",1622651006602756965,1622651006603980538
19,"cube-3847-geo","mesh",1622651006604097603,1622651006613859391
19,"cube-3847-geo","prep",1622651006614672287,1622651006614828458
19,"cube-3847-geo","zzzz",1622651006614830050,1622651006618144549,244,513,1539
19,"cube-3847-geo","post",1622651006618154497,1622651006618400646
19,"cube-2273-asc","prep",1622651006618437453,1622651006619464527
19,"cube-2273-asc","zzzz",1622651006619466221,1622651006653693305,1685,3036,9108
19,"cube-2273-asc","post",1622651006653703304,1622651006654305403
19,"cube-3178-stl-bin","mesh",1622651006654550780,1622651006658937114
19,"cube-3178-stl-bin","prep",1622651006659639146,1622651006659807531
19,"cube-3178-stl-bin","zzzz",1622651006659809140,1622651006669114490,326,1133,3399
19,"cube-3178-stl-bin","post",1622651006669124494,1622651006669281593
19,"cube-1306-bin","prep",1622651006669314178,1622651007007691828
19,"cube-1306-bin","zzzz",1622651007007696826,1622651123462658060,587336,812893,2438679
19,"cube-1306-bin","post",1622651123462672143,1622651123551267346
19,"cube-3984-asc","prep",1622651123551581025,1622651123620829024
19,"cube-3984-asc","zzzz",1622651123620834576,1622651133278309841,106548,152740,458220
19,"cube-3984-asc","post",1622651133278323460,1622651133287968905
19,"cube-3615-asc","prep",1622651133288005547,1622651133296215714
19,"cube-3615-asc","zzzz",1622651133296220274,1622651133385131428,3634,5969,17907
19,"cube-3615-asc","post",1622651133385135579,1622651133385716783
19,"cube-2159-stl-bin","mesh",1622651133385803099,1622651133463744262
19,"cube-2159-stl-bin","prep",1622651133464526256,1622651133469456978
19,"cube-2159-stl-bin","zzzz",1622651133469459963,1622651133891114629,8584,17713,53139
19,"cube-2159-stl-bin","post",1622651133891124894,1622651133892271237
19,"cube-1488-geo","mesh",1622651133892399893,1622651133985356145
19,"cube-1488-geo","prep",1622651133986136567,1622651133989393576
19,"cube-1488-geo","zzzz",1622651133989395783,1622651134161755189,5981,9494,28482
19,"cube-1488-geo","post",1622651134161765694,1622651134162662330
19,"cube-1860-geo","mesh",1622651134162825250,1622651134172679412
19,"cube-1860-geo","prep",1622651134173439886,1622651134173612598
19,"cube-1860-geo","zzzz",1622651134173614293,1622651134177628159,286,595,1785
19,"cube-1860-geo","post",1622651134177638233,1622651134177816127
19,"cube-3269-bin","prep",1622651134177830781,1622651134390935238
19,"cube-3269-bin","zzzz",1622651134390942966,1622651197261795571,387120,539736,1619208
19,"cube-3269-bin","post",1622651197261806870,1622651197302564662
19,"cube-1130-bin","prep",1622651197302611851,1622651197312023608
19,"cube-1130-bin","zzzz",1622651197312027631,1622651197496000180,6209,9942,29826
19,"cube-1130-bin","post",1622651197496010513,1622651197496748936
19,"cube-510-bin","prep",1622651197496788606,1622651197517288786
19,"cube-510-bin","zzzz",1622651197517294820,1622651199440579559,34257,50605,151815
19,"cube-510-bin","post",1622651199440589586,1622651199443886740
19,"cube-1035-bin.cgns","prep",1622651199443919290,1622651199455746318
19,"cube-1035-bin.cgns","zzzz",1622651199455750963,1622651199586152050,4833,7814,23442
19,"cube-1035-bin.cgns","post",1622651199586170602,1622651199586368818
19,"cube-2545-bin","prep",1622651199586461757,1622651200601149528
19,"cube-2545-bin","zzzz",1622651200601157393,1622651726562616619,1828748,2498591,7495773
19,"cube-2545-bin","post",1622651726562632737,1622651726714356349
19,"cube-3808-bin","prep",1622651726715135403,1622651726803478956
19,"cube-3808-bin","zzzz",1622651726803485515,1622651746001325477,172240,243349,730047
19,"cube-3808-bin","post",1622651746001340226,1622651746016424356
19,"cube-436-bin","prep",1622651746016465778,1622651746407832336
19,"cube-436-bin","zzzz",1622651746407839516,1622651907771868391,747184,1029993,3089979
19,"cube-436-bin","post",1622651907771884687,1622651907848570697
19,"cube-3454-bin.cgns","prep",1622651907848611614,1622651907849970943
19,"cube-3454-bin.cgns","zzzz",1622651907849975646,1622651908116326930,8091,12865,38595
19,"cube-3454-bin.cgns","post",1622651908116337045,1622651908116460525
19,"cube-2242-geo","mesh",1622651908116579636,1622651908243305426
19,"cube-2242-geo","prep",1622651908244126800,1622651908249065193
19,"cube-2242-geo","zzzz",1622651908249067120,1622651908563939272,9129,14446,43338
19,"cube-2242-geo","post",1622651908563943094,1622651908565115249
19,"cube-3168-bin.cgns","prep",1622651908565246610,1622651908568245397
19,"cube-3168-bin.cgns","zzzz",1622651908568248323,1622651909865892540,25726,38583,115749
19,"cube-3168-bin.cgns","post",1622651909865903507,1622651909865954732
19,"cube-2027-bin","prep",1622651909866056878,1622651909996572820
19,"cube-2027-bin","zzzz",1622651909996579712,1622651947868792128,273988,384521,1153563
19,"cube-2027-bin","post",1622651947868808030,1622651947892272462
19,"cube-3759-bin.cgns","prep",1622651947892312662,1622651947919427851
19,"cube-3759-bin.cgns","zzzz",1622651947919434816,1622651993273982581,309401,433906,1301718
19,"cube-3759-bin.cgns","post",1622651993273998162,1622651993274064346
19,"cube-3188-asc","prep",1622651993274197947,1622651994068363841
19,"cube-3188-asc","zzzz",1622651994068370731,1622652392948285213,1483823,2030538,6091614
19,"cube-3188-asc","post",1622652392948629294,1622652393093203122
19,"cube-1793-bin","prep",1622652393093245585,1622652393103822367
19,"cube-1793-bin","zzzz",1622652393103826284,1622652393107124990,244,513,1539
19,"cube-1793-bin","post",1622652393107140538,1622652393107196902
19,"cube-2135-bin.cgns","prep",1622652393107216717,1622652393112568288
19,"cube-2135-bin.cgns","zzzz",1622652393112571568,1622652397441565058,60474,88345,265035
19,"cube-2135-bin.cgns","post",1622652397441572838,1622652397441612834
19,"cube-3032-bin.cgns","prep",1622652397441702504,1622652397443068505
19,"cube-3032-bin.cgns","zzzz",1622652397443072617,1622652397762760389,9269,14613,43839
19,"cube-3032-bin.cgns","post",1622652397762768168,1622652397762810033
19,"cube-3802-bin.cgns","prep",1622652397762898117,1622652397764484951
19,"cube-3802-bin.cgns","zzzz",1622652397764488965,1622652398176825285,11139,17441,52323
19,"cube-3802-bin.cgns","post",1622652398176842647,1622652398176882299
19,"cube-3996-bin","prep",1622652398176973948,1622652398188738868
19,"cube-3996-bin","zzzz",1622652398188742647,1622652399128905366,20597,30882,92646
19,"cube-3996-bin","post",1622652399128915995,1622652399132594700
19,"cube-3559-geo","mesh",1622652399132633043,1622652402159754411
19,"cube-3559-geo","prep",1622652402160588282,1622652402492176667
19,"cube-3559-geo","zzzz",1622652402492183271,1622652434923141910,246891,346489,1039467
19,"cube-3559-geo","post",1622652434923156505,1622652435017491984
19,"cube-3333-asc","prep",1622652435021637583,1622652435073233418
19,"cube-3333-asc","zzzz",1622652435073238796,1622652438831158862,54757,80185,240555
19,"cube-3333-asc","post",1622652438831170019,1622652438835517689
19,"cube-3100-asc","prep",1622652438835554146,1622652438853135804
19,"cube-3100-asc","zzzz",1622652438853137829,1622652438856310750,231,496,1488
19,"cube-3100-asc","post",1622652438856320791,1622652438856559492
19,"cube-3836-geo","mesh",1622652438856603200,1622652438986524028
19,"cube-3836-geo","prep",1622652438987678257,1622652438991782681
19,"cube-3836-geo","zzzz",1622652438991784899,1622652439309297056,9210,14541,43623
19,"cube-3836-geo","post",1622652439309307145,1622652439312114540
19,"cube-3521-bin.cgns","prep",1622652439312365231,1622652439313630933
19,"cube-3521-bin.cgns","zzzz",1622652439313633274,1622652439315409935,141,314,942
19,"cube-3521-bin.cgns","post",1622652439315419793,1622652439315470884
19,"cube-1735-bin","prep",1622652439315552070,1622652439316070019
19,"cube-1735-bin","zzzz",1622652439316071396,1622652439335582648,1117,1988,5964
19,"cube-1735-bin","post",1622652439335592617,1622652439335981572
19,"cube-1018-bin.cgns","prep",1622652439336134545,1622652439354786481
19,"cube-1018-bin.cgns","zzzz",1622652439354789784,1622652439519829647,5766,9211,27633
19,"cube-1018-bin.cgns","post",1622652439519839781,1622652439519880147
19,"cube-2347-bin","prep",1622652439519963754,1622652439830585497
19,"cube-2347-bin","zzzz",1622652439830591403,1622652564251004351,613284,849251,2547753
19,"cube-2347-bin","post",1622652564251019196,1622652564302407468
19,"cube-17-bin","prep",1622652564302466056,1622652564304340787
19,"cube-17-bin","zzzz",1622652564304344334,1622652564364783048,2677,4552,13656
19,"cube-17-bin","post",1622652564364793737,1622652564365345683
19,"cube-610-asc","prep",1622652564365485484,1622652564557192479
19,"cube-610-asc","zzzz",1622652564557200835,1622652608134016281,301176,422445,1267335
19,"cube-610-asc","post",1622652608134029822,1622652608208882215
19,"cube-1266-asc","prep",1622652608208946496,1622652608236138472
19,"cube-1266-asc","zzzz",1622652608236143699,1622652610334093310,36409,53723,161169
19,"cube-1266-asc","post",1622652610334105151,1622652610337456500
19,"cube-1647-asc","prep",1622652610337493424,1622652610355802549
19,"cube-1647-asc","zzzz",1622652610355804537,1622652610442522436,3562,5863,17589
19,"cube-1647-asc","post",1622652610442532845,1622652610443069370
19,"cube-585-stl-bin","mesh",1622652610443186731,1622652610460987991
19,"cube-585-stl-bin","prep",1622652610461785862,1622652610462145000
19,"cube-585-stl-bin","zzzz",1622652610462147031,1622652610476784983,494,1599,4797
19,"cube-585-stl-bin","post",1622652610476800739,1622652610476949847
19,"cube-3937-bin","prep",1622652610476963467,1622652610585654908
19,"cube-3937-bin","zzzz",1622652610585661277,1622652639668618077,228760,322008,966024
19,"cube-3937-bin","post",1622652639668631546,1622652639688533680
19,"cube-726-asc","prep",1622652639688594524,1622652639688851843
19,"cube-726-asc","zzzz",1622652639688853437,1622652639694074332,348,729,2187
19,"cube-726-asc","post",1622652639694084585,1622652639694245864
19,"cube-3676-stl-bin","mesh",1622652639694282933,1622652639765064797
19,"cube-3676-stl-bin","prep",1622652639765832731,1622652639770148785
19,"cube-3676-stl-bin","zzzz",1622652639770151451,1622652640087601861,7030,14539,43617
19,"cube-3676-stl-bin","post",1622652640087612115,1622652640089719575
19,"cube-1964-bin","prep",1622652640089834565,1622652640930808335
19,"cube-1964-bin","zzzz",1622652640930816385,1622653078196749215,1590137,2175399,6526197
19,"cube-1964-bin","post",1622653078196763239,1622653078351291792
19,"cube-667-bin","prep",1622653078351335740,1622653078397039328
19,"cube-667-bin","zzzz",1622653078397046610,1622653084418353186,76283,110701,332103
19,"cube-667-bin","post",1622653084418380240,1622653084428205896
19,"cube-3584-bin","prep",1622653084428238670,1622653084685991494
19,"cube-3584-bin","zzzz",1622653084685997950,1622653166062319664,460959,640908,1922724
19,"cube-3584-bin","post",1622653166062329173,1622653166145533741
19,"cube-681-asc","prep",1622653166145573360,1622653166148106637
19,"cube-681-asc","zzzz",1622653166148109917,1622653166151370956,245,514,1542
19,"cube-681-asc","post",1622653166151372288,1622653166151415378
19,"cube-2539-geo","mesh",1622653166151428301,1622653166186541548
19,"cube-2539-geo","prep",1622653166187314743,1622653166188182971
19,"cube-2539-geo","zzzz",1622653166188185220,1622653166219014602,1542,2806,8418
19,"cube-2539-geo","post",1622653166219016366,1622653166219338152
19,"cube-2497-geo","mesh",1622653166219375449,1622653166848957122
19,"cube-2497-geo","prep",1622653166849774264,1622653166914709830
19,"cube-2497-geo","zzzz",1622653166914715484,1622653170122612547,48918,71943,215829
19,"cube-2497-geo","post",1622653170122622784,1622653170143932060
19,"cube-2957-bin","prep",1622653170145522782,1622653170177899455
19,"cube-2957-bin","zzzz",1622653170177905186,1622653173116028676,45945,67729,203187
19,"cube-2957-bin","post",1622653173116039090,1622653173123730601
19,"cube-3739-bin","prep",1622653173123772559,1622653173130776793
19,"cube-3739-bin","zzzz",1622653173130780489,1622653173263523388,4888,7900,23700
19,"cube-3739-bin","post",1622653173263532762,1622653173265316921
19,"cube-11-bin","prep",1622653173265665858,1622653173334845431
19,"cube-11-bin","zzzz",1622653173334852347,1622653184877911159,121156,172419,517257
19,"cube-11-bin","post",1622653184877918786,1622653184888153929
19,"cube-2639-bin","prep",1622653184888623149,1622653184889737485
19,"cube-2639-bin","zzzz",1622653184889739847,1622653184942511434,2405,4138,12414
19,"cube-2639-bin","post",1622653184942527276,1622653184942689791
19,"cube-2072-asc","prep",1622653184942753098,1622653185691115048
19,"cube-2072-asc","zzzz",1622653185691123139,1622653581171760964,1473997,2017547,6052641
19,"cube-2072-asc","post",1622653581171774991,1622653581291741874
19,"cube-571-bin","prep",1622653581291781170,1622653581292537546
19,"cube-571-bin","zzzz",1622653581292540186,1622653581317601438,1320,2399,7197
19,"cube-571-bin","post",1622653581317611862,1622653581318149730
19,"cube-3345-bin","prep",1622653581318203388,1622653581318410744
19,"cube-3345-bin","zzzz",1622653581318411830,1622653581321781529,249,520,1560
19,"cube-3345-bin","post",1622653581321791723,1622653581321957481
19,"cube-2667-geo","mesh",1622653581321994942,1622653590431223101
19,"cube-2667-geo","prep",1622653590432062653,1622653591313665491
19,"cube-2667-geo","zzzz",1622653591313670870,1622653768127278872,801455,1103103,3309309
19,"cube-2667-geo","post",1622653768127292339,1622653768395614609
19,"cube-154-geo","mesh",1622653768395680312,1622653768508254368
19,"cube-154-geo","prep",1622653768509532596,1622653768510524858
19,"cube-154-geo","zzzz",1622653768510528061,1622653768535102434,1291,2364,7092
19,"cube-154-geo","post",1622653768535112432,1622653768535561233
19,"cube-781-bin","prep",1622653768535750878,1622653769328778568
19,"cube-781-bin","zzzz",1622653769328786089,1622654159348731147,1458691,1996617,5989851
19,"cube-781-bin","post",1622654159348742240,1622654159505346844
19,"cube-465-asc","prep",1622654159505392292,1622654159519188676
19,"cube-465-asc","zzzz",1622654159519193674,1622654159918777733,10876,17060,51180
19,"cube-465-asc","post",1622654159918789288,1622654159921344788
19,"cube-2204-geo","mesh",1622654159921737439,1622654160101125797
19,"cube-2204-geo","prep",1622654160101925239,1622654160110509213
19,"cube-2204-geo","zzzz",1622654160110512853,1622654160499982763,10660,16761,50283
19,"cube-2204-geo","post",1622654160499993034,1622654160505070572
19,"cube-3973-asc","prep",1622654160505572950,1622654161660606664
19,"cube-3973-asc","zzzz",1622654161660616174,1622654845361065655,2231250,3041790,9125370
19,"cube-3973-asc","post",1622654845361120669,1622654845543965470
19,"cube-1811-asc","prep",1622654845544043417,1622654845683395189
19,"cube-1811-asc","zzzz",1622654845683403542,1622654883457007518,273451,383851,1151553
19,"cube-1811-asc","post",1622654883457018469,1622654883481146874
19,"cube-1635-asc","prep",1622654883481191443,1622654883481945132
19,"cube-1635-asc","zzzz",1622654883481947642,1622654883502573077,1170,2070,6210
19,"cube-1635-asc","post",1622654883502578687,1622654883502866548
19,"cube-1594-geo","mesh",1622654883502899617,1622654884019687604
19,"cube-1594-geo","prep",1622654884020522866,1622654884057057557
19,"cube-1594-geo","zzzz",1622654884057063105,1622654886053613075,35209,51933,155799
19,"cube-1594-geo","post",1622654886053640152,1622654886074332813
19,"cube-740-bin","prep",1622654886074411549,1622654886081121286
19,"cube-740-bin","zzzz",1622654886081124092,1622654886106753197,1355,2442,7326
19,"cube-740-bin","post",1622654886106754685,1622654886106913477
19,"cube-2423-bin","prep",1622654886106966104,1622654886107203971
19,"cube-2423-bin","zzzz",1622654886107204870,1622654886112095132,336,695,2085
19,"cube-2423-bin","post",1622654886112109560,1622654886112211449
19,"cube-239-bin","prep",1622654886112225952,1622654886144204977
19,"cube-239-bin","zzzz",1622654886144210770,1622654890281482735,58479,85642,256926
19,"cube-239-bin","post",1622654890281496007,1622654890287113627
19,"cube-118-asc","prep",1622654890287151331,1622654890527104007
19,"cube-118-asc","zzzz",1622654890527118660,1622654977503745551,482178,669889,2009667
19,"cube-118-asc","post",1622654977503759745,1622654977544882532
19,"cube-503-bin","prep",1622654977544934940,1622654978121540793
19,"cube-503-bin","zzzz",1622654978121548737,1622655253395393362,1119615,1537458,4612374
19,"cube-503-bin","post",1622655253395446549,1622655253550454937
19,"cube-1610-stl-bin","mesh",1622655253550533008,1622655254561987375
19,"cube-1610-stl-bin","prep",1622655254562918553,1622655254675557464
19,"cube-1610-stl-bin","zzzz",1622655254675564630,1622655264980992007,96824,159635,478905
19,"cube-1610-stl-bin","post",1622655264981004166,1622655265032734708
19,"cube-13-geo","mesh",1622655265032776097,1622655271602459252
19,"cube-13-geo","prep",1622655271603260005,1622655272191552761
19,"cube-13-geo","zzzz",1622655272191559092,1622655378679541829,553096,766142,2298426
19,"cube-13-geo","post",1622655378679555235,1622655378857553908
19,"cube-3260-bin","prep",1622655378857622336,1622655378937651509
19,"cube-3260-bin","zzzz",1622655378937657849,1622655382955527868,57192,83936,251808
19,"cube-3260-bin","post",1622655382955542431,1622655382975285808
19,"cube-2686-asc","prep",1622655382975334007,1622655382991004447
19,"cube-2686-asc","zzzz",1622655382991007896,1622655383025069597,1680,3024,9072
19,"cube-2686-asc","post",1622655383025073970,1622655383025250937
19,"cube-3327-geo","mesh",1622655383025330769,1622655383141824824
19,"cube-3327-geo","prep",1622655383142622502,1622655383147605420
19,"cube-3327-geo","zzzz",1622655383147607669,1622655383358326611,6870,10922,32766
19,"cube-3327-geo","post",1622655383358336865,1622655383360376859
19,"cube-3646-geo","mesh",1622655383360586240,1622655385450044989
19,"cube-3646-geo","prep",1622655385480493993,1622655385598936472
19,"cube-3646-geo","zzzz",1622655385598942221,1622655403319354775,162865,230529,691587
19,"cube-3646-geo","post",1622655403319367110,1622655403401564306
19,"cube-476-bin","prep",1622655403404049961,1622655403939246947
19,"cube-476-bin","zzzz",1622655403939254416,1622655627568691814,956547,1315606,3946818
19,"cube-476-bin","post",1622655627568699137,1622655627652920809
19,"cube-1332-bin","prep",1622655627652965401,1622655628546400475
19,"cube-1332-bin","zzzz",1622655628546407847,1622656047077386777,1538474,2105112,6315336
19,"cube-1332-bin","post",1622656047077396412,1622656047270191593
19,"cube-445-bin","prep",1622656047270237761,1622656047279114101
19,"cube-445-bin","zzzz",1622656047279118066,1622656047489055086,6848,10896,32688
19,"cube-445-bin","post",1622656047489064986,1622656047489811744
19,"cube-3315-asc","prep",1622656047489849614,1622656048045546766
19,"cube-3315-asc","zzzz",1622656048045551891,1622656386928586906,990767,1796872,5390616
19,"cube-3315-asc","post",1622656386928601000,1622656387041366202
19,"cube-3495-bin","prep",1622656387041415859,1622656387061836665
19,"cube-3495-bin","zzzz",1622656387061841112,1622656388403925364,26611,39486,118458
19,"cube-3495-bin","post",1622656388403936186,1622656388406423821
19,"cube-440-geo","mesh",1622656388406453139,1622656388522334391
19,"cube-440-geo","prep",1622656388523146016,1622656388525476303
19,"cube-440-geo","zzzz",1622656388525478489,1622656388669788830,5213,8388,25164
19,"cube-440-geo","post",1622656388669799093,1622656388671099195
19,"cube-974-bin","prep",1622656388671225577,1622656388849105330
19,"cube-974-bin","zzzz",1622656388849111564,1622656440641956423,338334,474212,1422636
19,"cube-974-bin","post",1622656440641969920,1622656440672832157
19,"cube-3614-geo","mesh",1622656440672877019,1622656440695150207
19,"cube-3614-geo","prep",1622656440695992062,1622656440696667196
19,"cube-3614-geo","zzzz",1622656440696669361,1622656440713610206,1007,1784,5352
19,"cube-3614-geo","post",1622656440713620275,1622656440714029509
19,"cube-1767-stl-bin","mesh",1622656440714170865,1622656447642106081
19,"cube-1767-stl-bin","prep",1622656447642986427,1622656448394302745
19,"cube-1767-stl-bin","zzzz",1622656448394311249,1622656606566964923,679126,1014677,3044031
19,"cube-1767-stl-bin","post",1622656606566983948,1622656606819097160
19,"cube-1213-bin","prep",1622656606819135175,1622656607358910446
19,"cube-1213-bin","zzzz",1622656607358919788,1622656801934439868,861985,1185211,3555633
19,"cube-1213-bin","post",1622656801934447511,1622656802094333780
19,"cube-205-bin","prep",1622656802094380203,1622656802290425289
19,"cube-205-bin","zzzz",1622656802290433233,1622656845819191290,300939,422135,1266405
19,"cube-205-bin","post",1622656845819205212,1622656845849281622
19,"cube-3565-bin","prep",1622656845849335121,1622656845981367127
19,"cube-3565-bin","zzzz",1622656845981373728,1622656865947475793,176778,249886,749658
19,"cube-3565-bin","post",1622656865947488839,1622656865993984541
19,"cube-955-geo","mesh",1622656865994023514,1622656867416203176
19,"cube-955-geo","prep",1622656867423990598,1622656867498788170
19,"cube-955-geo","zzzz",1622656867498793688,1622656877459794083,108962,155988,467964
19,"cube-955-geo","post",1622656877459807269,1622656877507647065
19,"cube-1623-bin","prep",1622656877507687928,1622656877654890604
19,"cube-1623-bin","zzzz",1622656877654896748,1622656909877724090,245750,344992,1034976
19,"cube-1623-bin","post",1622656909877738274,1622656909900536000
19,"cube-3845-bin","prep",1622656909900574666,1622656909901108519
19,"cube-3845-bin","zzzz",1622656909901109896,1622656909906807720,372,777,2331
19,"cube-3845-bin","post",1622656909906817922,1622656909907012511
19,"cube-1226-asc","prep",1622656909907047478,1622656909925741840
19,"cube-1226-asc","zzzz",1622656909925744204,1622656911850381498,34274,50639,151917
19,"cube-1226-asc","post",1622656911850837048,1622656911853732604
19,"cube-190-bin","prep",1622656911853770551,1622656913186524876
19,"cube-190-bin","zzzz",1622656913186531813,1622657656156522896,2376734,3237488,9712464
19,"cube-190-bin","post",1622657656156538999,1622657656358609789
19,"Proc","exit_task",1622650751065375403,1622657656408468657,6955664
