3,"build/tests/sizes/cube-3244-bin.msh2","scan",1622650769772421907,1622650769776524780
3,"build/tests/sizes/cube-3244-bin.msh2","chck",1622650769771285918,1622650769776641805
3,"build/tests/sizes/cube-2079-asc.bdf","scan",1622650769777584006,1622650769785848838
3,"build/tests/sizes/cube-2079-asc.bdf","chck",1622650769776643018,1622650769785852391
3,"build/tests/sizes/cube-2458-stl-bin.geo","scan",1622650769786635841,1622650769861130418
3,"build/tests/sizes/cube-2458-stl-bin.geo","chck",1622650769785853359,1622650769861135925
3,"build/tests/sizes/cube-873-stl-bin.geo","scan",1622650769875064875,1622650769879550353
3,"build/tests/sizes/cube-873-stl-bin.geo","chck",1622650769861137339,1622650769879557994
3,"build/tests/sizes/cube-1643-bin.msh2","scan",1622650769898343233,1622650769906447137
3,"build/tests/sizes/cube-1643-bin.msh2","chck",1622650769879559420,1622650769906453643
3,"build/tests/sizes/cube-1457-bin.vtk","scan",1622650769922170868,1622650770662116082
3,"build/tests/sizes/cube-1457-bin.vtk","chck",1622650769906454704,1622650770662140906
3,"build/tests/sizes/cube-2699-bin.vtk","scan",1622650770662856963,1622650773221874419
3,"build/tests/sizes/cube-2699-bin.vtk","chck",1622650770662142136,1622650773221895317
3,"build/tests/sizes/cube-642-bin.vtk","scan",1622650773237872750,1622650773307223796
3,"build/tests/sizes/cube-642-bin.vtk","chck",1622650773221897094,1622650773307230523
3,"build/tests/sizes/cube-1814-asc.bdf","scan",1622650773317061905,1622650774077485904
3,"build/tests/sizes/cube-1814-asc.bdf","chck",1622650773307231685,1622650774077493749
3,"build/tests/sizes/cube-1692-stl-bin.geo","scan",1622650774079144619,1622650774289921070
3,"build/tests/sizes/cube-1692-stl-bin.geo","chck",1622650774077494977,1622650774289928343
3,"build/tests/sizes/cube-972-bin.cgns","scan",1622650774309893001,1622650774402086608
3,"build/tests/sizes/cube-972-bin.cgns","chck",1622650774289929641,1622650774402094442
3,"build/tests/sizes/cube-1354-geo.geo_unrolled","scan",1622650774419415106,1622650774421045878
3,"build/tests/sizes/cube-1354-geo.geo_unrolled","chck",1622650774402095680,1622650774421052631
3,"build/tests/sizes/cube-1019-asc.mesh","scan",1622650774422309913,1622650774425004925
3,"build/tests/sizes/cube-1019-asc.mesh","chck",1622650774421053726,1622650774425009356
3,"build/tests/sizes/cube-3999-geo.geo_unrolled","scan",1622650774425691913,1622650774426996084
3,"build/tests/sizes/cube-3999-geo.geo_unrolled","chck",1622650774425010385,1622650774426999800
3,"build/tests/sizes/cube-3041-geo.geo_unrolled","scan",1622650774427651304,1622650774428724514
3,"build/tests/sizes/cube-3041-geo.geo_unrolled","chck",1622650774427000755,1622650774428727850
3,"build/tests/sizes/cube-2849-bin.msh4","scan",1622650774429595213,1622650774430890724
3,"build/tests/sizes/cube-2849-bin.msh4","chck",1622650774428728859,1622650774430894222
3,"build/tests/sizes/cube-1758-bin.vtk","scan",1622650774450792226,1622650774513837109
3,"build/tests/sizes/cube-1758-bin.vtk","chck",1622650774430895141,1622650774513852405
3,"build/tests/sizes/cube-1307-geo.geo","scan",1622650774529124388,1622650774531182281
3,"build/tests/sizes/cube-1307-geo.geo","chck",1622650774513853615,1622650774531189231
3,"build/tests/sizes/cube-1288-geo.geo","scan",1622650774550516274,1622650774552032819
3,"build/tests/sizes/cube-1288-geo.geo","chck",1622650774531190352,1622650774552039676
3,"build/tests/sizes/cube-1333-bin.msh2","scan",1622650774556544410,1622650774565456032
3,"build/tests/sizes/cube-1333-bin.msh2","chck",1622650774552040847,1622650774565462885
3,"build/tests/sizes/cube-250-geo.geo_unrolled","scan",1622650774581740375,1622650774582973202
3,"build/tests/sizes/cube-250-geo.geo_unrolled","chck",1622650774565463966,1622650774582978945
3,"build/tests/sizes/cube-3118-bin.vtk","scan",1622650774583593753,1622650775529318711
3,"build/tests/sizes/cube-3118-bin.vtk","chck",1622650774582980019,1622650775529328795
3,"build/tests/sizes/cube-3792-bin.cgns","scan",1622650775533170028,1622650775593808058
3,"build/tests/sizes/cube-3792-bin.cgns","chck",1622650775529330057,1622650775593815129
3,"build/tests/sizes/cube-987-bin.msh4","scan",1622650775606401313,1622650775645338186
3,"build/tests/sizes/cube-987-bin.msh4","chck",1622650775593822672,1622650775645344211
3,"build/tests/sizes/cube-3479-asc.mesh","scan",1622650775645948209,1622650779533243001
3,"build/tests/sizes/cube-3479-asc.mesh","chck",1622650775645345259,1622650779533256893
3,"build/tests/sizes/cube-3355-bin.msh4","scan",1622650779533984493,1622650780162132316
3,"build/tests/sizes/cube-3355-bin.msh4","chck",1622650779533258171,1622650780162140653
3,"build/tests/sizes/cube-1545-geo.geo_unrolled","scan",1622650780163402441,1622650780164726518
3,"build/tests/sizes/cube-1545-geo.geo_unrolled","chck",1622650780162141850,1622650780164731301
3,"build/tests/sizes/cube-2793-asc.bdf","scan",1622650780165264741,1622650780167897561
3,"build/tests/sizes/cube-2793-asc.bdf","chck",1622650780164732312,1622650780167901779
3,"build/tests/sizes/cube-643-bin.msh4","scan",1622650780187441675,1622650780211240247
3,"build/tests/sizes/cube-643-bin.msh4","chck",1622650780167902704,1622650780211247312
3,"build/tests/sizes/cube-690-stl-bin.geo","scan",1622650780229756529,1622650780259976209
3,"build/tests/sizes/cube-690-stl-bin.geo","chck",1622650780211248578,1622650780259983232
3,"build/tests/sizes/cube-128-asc.msh2","scan",1622650780267726521,1622650781831580099
3,"build/tests/sizes/cube-128-asc.msh2","chck",1622650780259984934,1622650781831588117
3,"build/tests/sizes/cube-142-geo.geo","scan",1622650781848573888,1622650781849877726
3,"build/tests/sizes/cube-142-geo.geo","chck",1622650781831589317,1622650781849888157
3,"build/tests/sizes/cube-2061-asc.bdf","scan",1622650781850438704,1622650781852563409
3,"build/tests/sizes/cube-2061-asc.bdf","chck",1622650781849889276,1622650781852567289
3,"build/tests/sizes/cube-3852-geo.geo","scan",1622650781853170842,1622650781854474462
3,"build/tests/sizes/cube-3852-geo.geo","chck",1622650781852568502,1622650781854479016
3,"build/tests/sizes/cube-810-stl-bin.geo","scan",1622650781857243754,1622650781947861936
3,"build/tests/sizes/cube-810-stl-bin.geo","chck",1622650781854480136,1622650781947869412
3,"build/tests/sizes/cube-302-asc.bdf","scan",1622650781955138305,1622650781999523372
3,"build/tests/sizes/cube-302-asc.bdf","chck",1622650781947870663,1622650781999530540
3,"build/tests/sizes/cube-2053-bin.cgns","scan",1622650782003253968,1622650782064411991
3,"build/tests/sizes/cube-2053-bin.cgns","chck",1622650781999531710,1622650782064418113
3,"build/tests/sizes/cube-1540-bin.msh2","scan",1622650782080446987,1622650782319796441
3,"build/tests/sizes/cube-1540-bin.msh2","chck",1622650782064419200,1622650782319802270
3,"build/tests/sizes/cube-2133-bin.msh2","scan",1622650782320550179,1622650782364321247
3,"build/tests/sizes/cube-2133-bin.msh2","chck",1622650782319803319,1622650782364329194
3,"build/tests/sizes/cube-2922-bin.msh2","scan",1622650782364951131,1622650782366986193
3,"build/tests/sizes/cube-2922-bin.msh2","chck",1622650782364330315,1622650782366991536
3,"build/tests/sizes/cube-3985-asc.mesh","scan",1622650782367557405,1622650782408664404
3,"build/tests/sizes/cube-3985-asc.mesh","chck",1622650782366992466,1622650782408671869
3,"build/tests/sizes/cube-153-asc.msh2","scan",1622650782410234927,1622650782413393761
3,"build/tests/sizes/cube-153-asc.msh2","chck",1622650782408673072,1622650782413399826
3,"build/tests/sizes/cube-2802-bin.vtk","scan",1622650782413981267,1622650782415763554
3,"build/tests/sizes/cube-2802-bin.vtk","chck",1622650782413400826,1622650782415767828
3,"build/tests/sizes/cube-3468-asc.bdf","scan",1622650782416310372,1622650782435686280
3,"build/tests/sizes/cube-3468-asc.bdf","chck",1622650782415768916,1622650782435691641
3,"build/tests/sizes/cube-2659-bin.msh4","scan",1622650782440736746,1622650782448273014
3,"build/tests/sizes/cube-2659-bin.msh4","chck",1622650782435692574,1622650782448278225
3,"build/tests/sizes/cube-269-asc.bdf","scan",1622650782451534773,1622650782465658057
3,"build/tests/sizes/cube-269-asc.bdf","chck",1622650782448279181,1622650782465663442
3,"build/tests/sizes/cube-87-geo.geo_unrolled","scan",1622650782482582420,1622650782484246597
3,"build/tests/sizes/cube-87-geo.geo_unrolled","chck",1622650782465664408,1622650782484485245
3,"build/tests/sizes/cube-3948-bin.msh2","scan",1622650782485029492,1622650786242646757
3,"build/tests/sizes/cube-3948-bin.msh2","chck",1622650782484487061,1622650786242668007
3,"build/tests/sizes/cube-1168-stl-bin.geo","scan",1622650786244580528,1622650786280386698
3,"build/tests/sizes/cube-1168-stl-bin.geo","chck",1622650786242669265,1622650786280393997
3,"build/tests/sizes/cube-918-asc.mesh","scan",1622650786293517937,1622650786372106514
3,"build/tests/sizes/cube-918-asc.mesh","chck",1622650786280395202,1622650786372114731
3,"build/tests/sizes/cube-2261-asc.bdf","scan",1622650786372939367,1622650786377554535
3,"build/tests/sizes/cube-2261-asc.bdf","chck",1622650786372116013,1622650786377560508
3,"build/tests/sizes/cube-15-geo.geo_unrolled","scan",1622650786391046924,1622650786392268278
3,"build/tests/sizes/cube-15-geo.geo_unrolled","chck",1622650786377561502,1622650786392273058
3,"build/tests/sizes/cube-232-bin.msh2","scan",1622650786413252630,1622650786421159488
3,"build/tests/sizes/cube-232-bin.msh2","chck",1622650786392274099,1622650786421165850
3,"build/tests/sizes/cube-1310-geo.geo_unrolled","scan",1622650786422544724,1622650786423967620
3,"build/tests/sizes/cube-1310-geo.geo_unrolled","chck",1622650786421166882,1622650786423972273
3,"build/tests/sizes/cube-1658-geo.geo","scan",1622650786428463054,1622650786429791540
3,"build/tests/sizes/cube-1658-geo.geo","chck",1622650786423973456,1622650786429795315
3,"build/tests/sizes/cube-589-asc.mesh","scan",1622650786430832556,1622650790898523088
3,"build/tests/sizes/cube-589-asc.mesh","chck",1622650786429796354,1622650790898531838
3,"build/tests/sizes/cube-3012-bin.vtk","scan",1622650790899337298,1622650790967275570
3,"build/tests/sizes/cube-3012-bin.vtk","chck",1622650790898533052,1622650790967283361
3,"build/tests/sizes/cube-2990-asc.bdf","scan",1622650790967954640,1622650794966790812
3,"build/tests/sizes/cube-2990-asc.bdf","chck",1622650790967284501,1622650794966797863
3,"build/tests/sizes/cube-1024-asc.msh2","scan",1622650794977349951,1622650795118937449
3,"build/tests/sizes/cube-1024-asc.msh2","chck",1622650794966798936,1622650795118945262
3,"build/tests/sizes/cube-2602-bin.cgns","scan",1622650795123324182,1622650795185668650
3,"build/tests/sizes/cube-2602-bin.cgns","chck",1622650795118946521,1622650795185674904
3,"build/tests/sizes/cube-782-geo.geo","scan",1622650795186779093,1622650795188205762
3,"build/tests/sizes/cube-782-geo.geo","chck",1622650795185676082,1622650795188211063
3,"build/tests/sizes/cube-2514-bin.msh2","scan",1622650795188752821,1622650795190585098
3,"build/tests/sizes/cube-2514-bin.msh2","chck",1622650795188212153,1622650795190588826
3,"build/tests/sizes/cube-1653-asc.mesh","scan",1622650795191761015,1622650797870405953
3,"build/tests/sizes/cube-1653-asc.mesh","chck",1622650795190589839,1622650797870413966
3,"build/tests/sizes/cube-2722-bin.msh2","scan",1622650797871241055,1622650797873958288
3,"build/tests/sizes/cube-2722-bin.msh2","chck",1622650797870415160,1622650797873963697
3,"build/tests/sizes/cube-259-bin.vtk","scan",1622650797881074846,1622650797941027833
3,"build/tests/sizes/cube-259-bin.vtk","chck",1622650797873964641,1622650797941035704
3,"build/tests/sizes/cube-913-bin.msh2","scan",1622650797954717068,1622650798064322592
3,"build/tests/sizes/cube-913-bin.msh2","chck",1622650797941036925,1622650798064328693
3,"build/tests/sizes/cube-408-geo.geo","scan",1622650798077085430,1622650798078505621
3,"build/tests/sizes/cube-408-geo.geo","chck",1622650798064329744,1622650798078511810
3,"build/tests/sizes/cube-2789-asc.msh2","scan",1622650798079161746,1622650798801619524
3,"build/tests/sizes/cube-2789-asc.msh2","chck",1622650798078512996,1622650798801627426
3,"build/tests/sizes/cube-3797-bin.vtk","scan",1622650798802485914,1622650798804096941
3,"build/tests/sizes/cube-3797-bin.vtk","chck",1622650798801628645,1622650798804102793
3,"build/tests/sizes/cube-313-geo.geo","scan",1622650798816887581,1622650798818399072
3,"build/tests/sizes/cube-313-geo.geo","chck",1622650798804103809,1622650798818405223
3,"build/tests/sizes/cube-1517-bin.cgns","scan",1622650798823619179,1622650798889603843
3,"build/tests/sizes/cube-1517-bin.cgns","chck",1622650798818406341,1622650798889611207
3,"build/tests/sizes/cube-2558-stl-bin.geo","scan",1622650798890333681,1622650798931350703
3,"build/tests/sizes/cube-2558-stl-bin.geo","chck",1622650798889612556,1622650798931364772
3,"build/tests/sizes/cube-3101-stl-bin.geo","scan",1622650798932140184,1622650798943921463
3,"build/tests/sizes/cube-3101-stl-bin.geo","chck",1622650798931365968,1622650798943928171
3,"build/tests/sizes/cube-2662-bin.vtk","scan",1622650798944539067,1622650800249863660
3,"build/tests/sizes/cube-2662-bin.vtk","chck",1622650798943929304,1622650800249871336
3,"build/tests/sizes/cube-1617-stl-bin.geo","scan",1622650800357610660,1622650800810132342
3,"build/tests/sizes/cube-1617-stl-bin.geo","chck",1622650800249872507,1622650800810148983
3,"build/tests/sizes/cube-2020-asc.msh2","scan",1622650800813420284,1622650801756876403
3,"build/tests/sizes/cube-2020-asc.msh2","chck",1622650800810150339,1622650801756884133
3,"build/tests/sizes/cube-921-asc.msh2","scan",1622650801758449933,1622650801762345860
3,"build/tests/sizes/cube-921-asc.msh2","chck",1622650801756885290,1622650801762350557
3,"build/tests/sizes/cube-410-bin.cgns","scan",1622650801768694173,1622650801838764040
3,"build/tests/sizes/cube-410-bin.cgns","chck",1622650801762351662,1622650801838771805
3,"build/tests/sizes/cube-460-bin.msh4","scan",1622650801852059692,1622650801900237623
3,"build/tests/sizes/cube-460-bin.msh4","chck",1622650801838773053,1622650801900245807
3,"build/tests/sizes/cube-3966-stl-bin.geo","scan",1622650801901161669,1622650802347100493
3,"build/tests/sizes/cube-3966-stl-bin.geo","chck",1622650801900247021,1622650802347113801
3,"build/tests/sizes/cube-3855-bin.msh2","scan",1622650802347726961,1622650802408852428
3,"build/tests/sizes/cube-3855-bin.msh2","chck",1622650802347114831,1622650802408858047
3,"build/tests/sizes/cube-3334-asc.bdf","scan",1622650802409413881,1622650802656041285
3,"build/tests/sizes/cube-3334-asc.bdf","chck",1622650802408859208,1622650802656048934
3,"build/tests/sizes/cube-1732-asc.mesh","scan",1622650802657338881,1622650802679778435
3,"build/tests/sizes/cube-1732-asc.mesh","chck",1622650802656050023,1622650802679785108
3,"build/tests/sizes/cube-1076-geo.geo","scan",1622650802696314020,1622650802697726769
3,"build/tests/sizes/cube-1076-geo.geo","chck",1622650802679786255,1622650802697732389
3,"build/tests/sizes/cube-3035-asc.mesh","scan",1622650802698380292,1622650802705148015
3,"build/tests/sizes/cube-3035-asc.mesh","chck",1622650802697733420,1622650802705152981
3,"build/tests/sizes/cube-3949-asc.bdf","scan",1622650802705695280,1622650802744924723
3,"build/tests/sizes/cube-3949-asc.bdf","chck",1622650802705154064,1622650802744932272
3,"build/tests/sizes/cube-1629-geo.geo","scan",1622650802760203403,1622650802762441754
3,"build/tests/sizes/cube-1629-geo.geo","chck",1622650802744933375,1622650802762449338
3,"build/tests/sizes/cube-3205-bin.msh4","scan",1622650802763030913,1622650802764316927
3,"build/tests/sizes/cube-3205-bin.msh4","chck",1622650802762450707,1622650802764321166
3,"build/tests/sizes/cube-902-bin.msh4","scan",1622650802765662650,1622650802789730499
3,"build/tests/sizes/cube-902-bin.msh4","chck",1622650802764322251,1622650802789737536
3,"build/tests/sizes/cube-1946-geo.geo_unrolled","scan",1622650802790512164,1622650802791974623
3,"build/tests/sizes/cube-1946-geo.geo_unrolled","chck",1622650802789738695,1622650802791980339
3,"build/tests/sizes/cube-874-asc.mesh","scan",1622650802801790104,1622650803319324061
3,"build/tests/sizes/cube-874-asc.mesh","chck",1622650802791981418,1622650803319333826
3,"build/tests/sizes/cube-125-geo.geo_unrolled","scan",1622650803352162061,1622650803356888926
3,"build/tests/sizes/cube-125-geo.geo_unrolled","chck",1622650803319335101,1622650803356896338
3,"build/tests/sizes/cube-3684-bin.msh2","scan",1622650803357465914,1622650803378554329
3,"build/tests/sizes/cube-3684-bin.msh2","chck",1622650803356897641,1622650803378561824
3,"build/tests/sizes/cube-258-geo.geo","scan",1622650803380202576,1622650803381590460
3,"build/tests/sizes/cube-258-geo.geo","chck",1622650803378719349,1622650803381595172
3,"build/tests/sizes/cube-459-bin.cgns","scan",1622650803421550185,1622650803590276713
3,"build/tests/sizes/cube-459-bin.cgns","chck",1622650803381596207,1622650803590284634
3,"build/tests/sizes/cube-1400-bin.cgns","scan",1622650803595968808,1622650803661626016
3,"build/tests/sizes/cube-1400-bin.cgns","chck",1622650803590285998,1622650803661633591
3,"build/tests/sizes/cube-3977-geo.geo_unrolled","scan",1622650803662456205,1622650803663724355
3,"build/tests/sizes/cube-3977-geo.geo_unrolled","chck",1622650803661634830,1622650803663729535
3,"build/tests/sizes/cube-3271-asc.bdf","scan",1622650803664262302,1622650803828443437
3,"build/tests/sizes/cube-3271-asc.bdf","chck",1622650803663730889,1622650803828449381
3,"build/tests/sizes/cube-2179-geo.geo_unrolled","scan",1622650803829252616,1622650803833578099
3,"build/tests/sizes/cube-2179-geo.geo_unrolled","chck",1622650803828450374,1622650803833587953
3,"build/tests/sizes/cube-1636-bin.vtk","scan",1622650803862243787,1622650803887401936
3,"build/tests/sizes/cube-1636-bin.vtk","chck",1622650803833589088,1622650803887409410
3,"cube-2179-geo","mesh",1622650803888688852,1622650830448384661
3,"cube-2179-geo","prep",1622650830449398506,1622650832672817206
3,"cube-2179-geo","zzzz",1622650832672836888,1622651391063937388,1914025,2613258,7839774
3,"cube-2179-geo","post",1622651391065464085,1622651391432998434
3,"cube-302-asc","prep",1622651391459799532,1622651391501540164
3,"cube-302-asc","zzzz",1622651391501545581,1622651391527036819,1332,2427,7281
3,"cube-302-asc","post",1622651391527046988,1622651391527533209
3,"cube-2261-asc","prep",1622651391527761473,1622651391528125084
3,"cube-2261-asc","zzzz",1622651391528126578,1622651391535858831,489,984,2952
3,"cube-2261-asc","post",1622651391535868807,1622651391536113544
3,"cube-459-bin.cgns","prep",1622651391536149278,1622651391699903221
3,"cube-459-bin.cgns","zzzz",1622651391699910495,1622651429562585409,273925,384441,1153323
3,"cube-459-bin.cgns","post",1622651429562595472,1622651429562797774
3,"cube-125-geo","mesh",1622651429562879890,1622651429865722946
3,"cube-125-geo","prep",1622651429866593278,1622651429882497322
3,"cube-125-geo","zzzz",1622651429882501845,1622651431028972414,23433,35372,106116
3,"cube-125-geo","post",1622651431028992471,1622651431033118061
3,"cube-1457-bin","prep",1622651431033159409,1622651431237195517
3,"cube-1457-bin","zzzz",1622651431237202046,1622651497563103588,401388,559331,1677993
3,"cube-1457-bin","post",1622651497563117918,1622651497598732909
3,"cube-2602-bin.cgns","prep",1622651497598769571,1622651498058996378
3,"cube-2602-bin.cgns","zzzz",1622651498059005252,1622652138770500687,2124193,2897173,8691519
3,"cube-2602-bin.cgns","post",1622652138770516792,1622652138770589261
3,"cube-2699-bin","prep",1622652138771820649,1622652139725315369
3,"cube-2699-bin","zzzz",1622652139725331081,1622652616160148364,1697361,2319942,6959826
3,"cube-2699-bin","post",1622652616160161999,1622652616314140608
3,"cube-873-stl-bin","mesh",1622652616315019117,1622652616321776205
3,"cube-873-stl-bin","prep",1622652616322685687,1622652616323032067
3,"cube-873-stl-bin","zzzz",1622652616323034274,1622652616337772873,496,1610,4830
3,"cube-873-stl-bin","post",1622652616337777033,1622652616338005792
3,"cube-642-bin","prep",1622652616338032890,1622652616350885590
3,"cube-642-bin","zzzz",1622652616350887473,1622652617641404729,25840,38413,115239
3,"cube-642-bin","post",1622652617641415345,1622652617643734268
3,"cube-3948-bin","prep",1622652617643754395,1622652618229132216
3,"cube-3948-bin","zzzz",1622652618229138582,1622652874155912471,1059468,1455666,4366998
3,"cube-3948-bin","post",1622652874155926992,1622652874314541804
3,"cube-2849-bin","prep",1622652874314586218,1622652874325906240
3,"cube-2849-bin","zzzz",1622652874325910419,1622652874327970795,157,360,1080
3,"cube-2849-bin","post",1622652874327975095,1622652874328240240
3,"cube-1814-asc","prep",1622652874328276257,1622652874385827277
3,"cube-1814-asc","zzzz",1622652874385832570,1622652881447502770,85634,123415,370245
3,"cube-1814-asc","post",1622652881447511119,1622652881459811523
3,"cube-3244-bin","prep",1622652881459852516,1622652881465285318
3,"cube-3244-bin","zzzz",1622652881465288453,1622652881485558179,1119,2044,6132
3,"cube-3244-bin","post",1622652881485573586,1622652881485711517
3,"cube-250-geo","mesh",1622652881485826922,1622652881541054262
3,"cube-250-geo","prep",1622652881541841487,1622652881543843756
3,"cube-250-geo","zzzz",1622652881543845566,1622652881633235225,3646,5989,17967
3,"cube-250-geo","post",1622652881633242834,1622652881633865951
3,"cube-690-stl-bin","mesh",1622652881634180806,1622652881648076171
3,"cube-690-stl-bin","prep",1622652881648879802,1622652881649647517
3,"cube-690-stl-bin","zzzz",1622652881649649932,1622652881684980363,1136,3114,9342
3,"cube-690-stl-bin","post",1622652881684984058,1622652881685151139
3,"cube-2053-bin.cgns","prep",1622652881685220518,1622652881694494502
3,"cube-2053-bin.cgns","zzzz",1622652881694498393,1622652891246735587,105796,151582,454746
3,"cube-2053-bin.cgns","post",1622652891246745704,1622652891246785723
3,"cube-3684-bin","prep",1622652891246877855,1622652891249777789
3,"cube-3684-bin","zzzz",1622652891249780297,1622652891411343867,5669,9063,27189
3,"cube-3684-bin","post",1622652891411353114,1622652891411942765
3,"cube-2802-bin","prep",1622652891412003899,1622652891412373350
3,"cube-2802-bin","zzzz",1622652891412375323,1622652891417610325,351,732,2196
3,"cube-2802-bin","post",1622652891417615502,1622652891417721972
3,"cube-3118-bin","prep",1622652891417735813,1622652891740025957
3,"cube-3118-bin","zzzz",1622652891740033161,1622653019150473773,623623,862721,2588163
3,"cube-3118-bin","post",1622653019150487379,1622653019206482029
3,"cube-2079-asc","prep",1622653019206522907,1622653019207581684
3,"cube-2079-asc","zzzz",1622653019207584276,1622653019227559026,1143,2024,6072
3,"cube-2079-asc","post",1622653019227563273,1622653019227812917
3,"cube-410-bin.cgns","prep",1622653019227867312,1622653019638621765
3,"cube-410-bin.cgns","zzzz",1622653019638630359,1622653246976989407,968613,1331918,3995754
3,"cube-410-bin.cgns","post",1622653246976999226,1622653246977041463
3,"cube-1400-bin.cgns","prep",1622653246977132649,1622653246992413153
3,"cube-1400-bin.cgns","zzzz",1622653246992417194,1622653246998043666,369,774,2322
3,"cube-1400-bin.cgns","post",1622653246998048711,1622653246998081903
3,"cube-1517-bin.cgns","prep",1622653246998133783,1622653247018794430
3,"cube-1517-bin.cgns","zzzz",1622653247018797327,1622653247024508587,376,783,2349
3,"cube-1517-bin.cgns","post",1622653247024513358,1622653247024539020
3,"cube-2458-stl-bin","mesh",1622653247024582359,1622653247419062909
3,"cube-2458-stl-bin","prep",1622653247419898342,1622653247460682587
3,"cube-2458-stl-bin","zzzz",1622653247460687957,1622653250894800854,42630,75313,225939
3,"cube-2458-stl-bin","post",1622653250894814682,1622653250913607571
3,"cube-87-geo","mesh",1622653250913646496,1622653254616949976
3,"cube-87-geo","prep",1622653254617783188,1622653254972331816
3,"cube-87-geo","zzzz",1622653254972336956,1622653303472056692,323621,453795,1361385
3,"cube-87-geo","post",1622653303472070609,1622653303581419668
3,"cube-2789-asc","prep",1622653303581474226,1622653303656760117
3,"cube-2789-asc","zzzz",1622653303656766470,1622653312205744825,97727,140491,421473
3,"cube-2789-asc","post",1622653312205754695,1622653312214523170
3,"cube-972-bin.cgns","prep",1622653312214574293,1622653312227862286
3,"cube-972-bin.cgns","zzzz",1622653312227866177,1622653312231311855,258,531,1593
3,"cube-972-bin.cgns","post",1622653312231326594,1622653312231368972
3,"cube-3985-asc","prep",1622653312231422573,1622653312236911373
3,"cube-3985-asc","zzzz",1622653312236913221,1622653312628404015,10693,16795,50385
3,"cube-3985-asc","post",1622653312628417961,1622653312633714370
3,"cube-2793-asc","prep",1622653312634117517,1622653312635101616
3,"cube-2793-asc","zzzz",1622653312635103200,1622653312638492628,251,522,1566
3,"cube-2793-asc","post",1622653312638952694,1622653312639124752
3,"cube-269-asc","prep",1622653312639159840,1622653312640154149
3,"cube-269-asc","zzzz",1622653312640155709,1622653312674588320,1696,3049,9147
3,"cube-269-asc","post",1622653312674589468,1622653312674756276
3,"cube-153-asc","prep",1622653312674835030,1622653312674965726
3,"cube-153-asc","zzzz",1622653312674966660,1622653312676850209,144,329,987
3,"cube-153-asc","post",1622653312676860152,1622653312677051133
3,"cube-2922-bin","prep",1622653312677080883,1622653312677289494
3,"cube-2922-bin","zzzz",1622653312677290753,1622653312680651647,248,519,1557
3,"cube-2922-bin","post",1622653312680661684,1622653312680832795
3,"cube-1545-geo","mesh",1622653312680846375,1622653319028015900
3,"cube-1545-geo","prep",1622653319102203962,1622653319526892750
3,"cube-1545-geo","zzzz",1622653319526897795,1622653433979532852,580300,803607,2410821
3,"cube-1545-geo","post",1622653433979546940,1622653434159931829
3,"cube-1307-geo","mesh",1622653434159984291,1622653434193905321
3,"cube-1307-geo","prep",1622653434194702333,1622653434194947383
3,"cube-1307-geo","zzzz",1622653434194949402,1622653434199735299,325,682,2046
3,"cube-1307-geo","post",1622653434199745313,1622653434200059845
3,"cube-3271-asc","prep",1622653434200097579,1622653434210807701
3,"cube-3271-asc","zzzz",1622653434210809402,1622653435231880980,21784,32645,97935
3,"cube-3271-asc","post",1622653435231891234,1622653435234018413
3,"cube-128-asc","prep",1622653435234039649,1622653435348284880
3,"cube-128-asc","zzzz",1622653435348290705,1622653465111623398,232549,326981,980943
3,"cube-128-asc","post",1622653465111636899,1622653465146898930
3,"cube-3852-geo","mesh",1622653465146943532,1622653465227167685
3,"cube-3852-geo","prep",1622653465227945632,1622653465230908091
3,"cube-3852-geo","zzzz",1622653465230910270,1622653465388961418,5565,8933,26799
3,"cube-3852-geo","post",1622653465388971659,1622653465390362236
3,"cube-1333-bin","prep",1622653465390462832,1622653465391049803
3,"cube-1333-bin","zzzz",1622653465391051395,1622653465394456225,251,522,1566
3,"cube-1333-bin","post",1622653465394466247,1622653465394674172
3,"cube-3205-bin","prep",1622653465394707530,1622653465395199075
3,"cube-3205-bin","zzzz",1622653465395202564,1622653465398525493,245,514,1542
3,"cube-3205-bin","post",1622653465398535578,1622653465398740405
3,"cube-2133-bin","prep",1622653465398751986,1622653465404195982
3,"cube-2133-bin","zzzz",1622653465404197790,1622653465716824326,9087,14362,43086
3,"cube-2133-bin","post",1622653465716834400,1622653465720571422
3,"cube-3468-asc","prep",1622653465720588755,1622653465722655645
3,"cube-3468-asc","zzzz",1622653465722657342,1622653465776528648,2449,4197,12591
3,"cube-3468-asc","post",1622653465776538793,1622653465777319934
3,"cube-643-bin","prep",1622653465777711897,1622653465779424923
3,"cube-643-bin","zzzz",1622653465779426890,1622653465888700218,4208,6894,20682
3,"cube-643-bin","post",1622653465888710295,1622653465889679805
3,"cube-3035-asc","prep",1622653465889723121,1622653465890467481
3,"cube-3035-asc","zzzz",1622653465890469302,1622653465924874134,1693,3043,9129
3,"cube-3035-asc","post",1622653465924893265,1622653465925047786
3,"cube-3479-asc","prep",1622653465925101840,1622653466585353691
3,"cube-3479-asc","zzzz",1622653466585363574,1622653776681919234,1225966,1681122,5043366
3,"cube-3479-asc","post",1622653776681932484,1622653776785074510
3,"cube-1692-stl-bin","mesh",1622653776785121224,1622653779840112302
3,"cube-1692-stl-bin","prep",1622653779840920718,1622653780195665166
3,"cube-1692-stl-bin","zzzz",1622653780195671525,1622653833205962897,309090,481579,1444737
3,"cube-1692-stl-bin","post",1622653833205970408,1622653833366206565
3,"cube-1019-asc","prep",1622653833366248292,1622653833384918094
3,"cube-1019-asc","zzzz",1622653833384921527,1622653833388224970,245,514,1542
3,"cube-1019-asc","post",1622653833388240549,1622653833388349425
3,"cube-1540-bin","prep",1622653833388432132,1622653833430888427
3,"cube-1540-bin","zzzz",1622653833430893486,1622653836504495811,47500,69824,209472
3,"cube-1540-bin","post",1622653836504506493,1622653836518564559
3,"cube-987-bin","prep",1622653836518604172,1622653836531160897
3,"cube-987-bin","zzzz",1622653836531163834,1622653836658684587,4730,7681,23043
3,"cube-987-bin","post",1622653836658695005,1622653836659200337
3,"cube-3101-stl-bin","mesh",1622653836659265815,1622653836704909101
3,"cube-3101-stl-bin","prep",1622653836705807379,1622653836707906475
3,"cube-3101-stl-bin","zzzz",1622653836707908996,1622653836842222676,3514,7965,23895
3,"cube-3101-stl-bin","post",1622653836842232800,1622653836842670642
3,"cube-1354-geo","mesh",1622653836842862275,1622653836862924060
3,"cube-1354-geo","prep",1622653836863676032,1622653836864341425
3,"cube-1354-geo","zzzz",1622653836864343182,1622653836881648969,1027,1813,5439
3,"cube-1354-geo","post",1622653836881658986,1622653836882005240
3,"cube-1643-bin","prep",1622653836882177194,1622653836882619579
3,"cube-1643-bin","zzzz",1622653836882621126,1622653836887841591,348,729,2187
3,"cube-1643-bin","post",1622653836887851702,1622653836888051370
3,"cube-2061-asc","prep",1622653836888084421,1622653836888413317
3,"cube-2061-asc","zzzz",1622653836888414810,1622653836890338361,149,334,1002
3,"cube-2061-asc","post",1622653836890348345,1622653836890547217
3,"cube-2659-bin","prep",1622653836890580857,1622653836894053766
3,"cube-2659-bin","zzzz",1622653836894055496,1622653837074044517,6073,9773,29319
3,"cube-2659-bin","post",1622653837074054644,1622653837076300083
3,"cube-918-asc","prep",1622653837076324031,1622653837083516864
3,"cube-918-asc","zzzz",1622653837083518935,1622653837597301636,13099,20302,60906
3,"cube-918-asc","post",1622653837597311872,1622653837599612357
3,"cube-408-geo","mesh",1622653837600081066,1622653837677230615
3,"cube-408-geo","prep",1622653837678121591,1622653837681108823
3,"cube-408-geo","zzzz",1622653837681111246,1622653837845619199,5738,9178,27534
3,"cube-408-geo","post",1622653837845629240,1622653837846552654
3,"cube-2662-bin","prep",1622653837846719032,1622653838290627973
3,"cube-2662-bin","zzzz",1622653838290633447,1622654034606148108,867941,1193134,3579402
3,"cube-2662-bin","post",1622654034606159467,1622654034681159754
3,"cube-2020-asc","prep",1622654034681202245,1622654034771656862
3,"cube-2020-asc","zzzz",1622654034771664545,1622654048820385611,138697,196923,590769
3,"cube-2020-asc","post",1622654048820399215,1622654048842137526
3,"cube-902-bin","prep",1622654048842179731,1622654048865202262
3,"cube-902-bin","zzzz",1622654048865206487,1622654050884999795,35430,52283,156849
3,"cube-902-bin","post",1622654050885011253,1622654050888365364
3,"cube-874-asc","prep",1622654050888547310,1622654050967918611
3,"cube-874-asc","zzzz",1622654050967924919,1622654064423829117,134453,191242,573726
3,"cube-874-asc","post",1622654064423838982,1622654064435742893
3,"cube-3999-geo","mesh",1622654064435791719,1622654064458440509
3,"cube-3999-geo","prep",1622654064459243614,1622654064459953188
3,"cube-3999-geo","zzzz",1622654064459956297,1622654064476494134,985,1753,5259
3,"cube-3999-geo","post",1622654064476499072,1622654064476696122
3,"cube-1288-geo","mesh",1622654064476791939,1622654064602180833
3,"cube-1288-geo","prep",1622654064602998276,1622654064608128970
3,"cube-1288-geo","zzzz",1622654064608131399,1622654064920485179,9087,14369,43107
3,"cube-1288-geo","post",1622654064920495692,1622654064923665706
3,"cube-1310-geo","mesh",1622654064924061694,1622654064949887260
3,"cube-1310-geo","prep",1622654064950712314,1622654064951364609
3,"cube-1310-geo","zzzz",1622654064951366597,1622654064970802593,1115,1980,5940
3,"cube-1310-geo","post",1622654064970807748,1622654064971080840
3,"cube-3355-bin","prep",1622654064971233188,1622654065589520466
3,"cube-3355-bin","zzzz",1622654065589527817,1622654368029735340,1203272,1649876,4949628
3,"cube-3355-bin","post",1622654368029749344,1622654368125370191
3,"cube-1617-stl-bin","mesh",1622654368125435311,1622654376815959670
3,"cube-1617-stl-bin","prep",1622654377221271844,1622654377901655938
3,"cube-1617-stl-bin","zzzz",1622654377901665411,1622654608254345477,910075,1345131,4035393
3,"cube-1617-stl-bin","post",1622654608254364208,1622654608572202043
3,"cube-810-stl-bin","mesh",1622654608572580920,1622654609020735942
3,"cube-810-stl-bin","prep",1622654609021603391,1622654609069109841
3,"cube-810-stl-bin","zzzz",1622654609069115975,1622654612013794182,38261,67766,203298
3,"cube-810-stl-bin","post",1622654612013804205,1622654612043956688
3,"cube-3792-bin.cgns","prep",1622654612043992402,1622654612057126788
3,"cube-3792-bin.cgns","zzzz",1622654612057132055,1622654617450485203,70880,102663,307989
3,"cube-3792-bin.cgns","post",1622654617450499136,1622654617450561278
3,"cube-1758-bin","prep",1622654617450698043,1622654617456841819
3,"cube-1758-bin","zzzz",1622654617456845412,1622654617856533453,10867,17039,51117
3,"cube-1758-bin","post",1622654617856543463,1622654617859414374
3,"cube-15-geo","mesh",1622654617859437444,1622654619855675876
3,"cube-15-geo","prep",1622654619856503660,1622654620087256893
3,"cube-15-geo","zzzz",1622654620087263259,1622654638739038462,168700,238610,715830
3,"cube-15-geo","post",1622654638739051675,1622654638867728908
3,"cube-3041-geo","mesh",1622654638867783164,1622654639727465568
3,"cube-3041-geo","prep",1622654639728298879,1622654639812614583
3,"cube-3041-geo","zzzz",1622654639812619485,1622654644727468169,66310,96304,288912
3,"cube-3041-geo","post",1622654644727480904,1622654644770698561
3,"cube-1653-asc","prep",1622654644772747640,1622654645197785919
3,"cube-1653-asc","zzzz",1622654645197792814,1622654826895758539,817670,1125874,3377622
3,"cube-1653-asc","post",1622654826895782041,1622654826972202273
3,"cube-2722-bin","prep",1622654826972283746,1622654826980765336
3,"cube-2722-bin","zzzz",1622654826980768603,1622654826988414230,483,976,2928
3,"cube-2722-bin","post",1622654826988418279,1622654826988534581
3,"cube-313-geo","mesh",1622654826988558374,1622654827349024590
3,"cube-313-geo","prep",1622654827349886455,1622654827367722144
3,"cube-313-geo","zzzz",1622654827367727719,1622654828751692921,26969,40279,120837
3,"cube-313-geo","post",1622654828751709716,1622654828769640361
3,"cube-1076-geo","mesh",1622654828770694310,1622654840750057027
3,"cube-1076-geo","prep",1622654840750902940,1622654841922640099
3,"cube-1076-geo","zzzz",1622654841922654015,1622655101903247339,1072992,1472931,4418793
3,"cube-1076-geo","post",1622655101903270122,1622655102290403867
3,"cube-232-bin","prep",1622655102290653689,1622655102304930824
3,"cube-232-bin","zzzz",1622655102304933658,1622655102307153728,166,375,1125
3,"cube-232-bin","post",1622655102307157643,1622655102307296064
3,"cube-1658-geo","mesh",1622655102307321155,1622655103590413089
3,"cube-1658-geo","prep",1622655103591291580,1622655103726441643
3,"cube-1658-geo","zzzz",1622655103726448002,1622655112271951822,97692,140526,421578
3,"cube-1658-geo","post",1622655112271963363,1622655112343130122
3,"cube-142-geo","mesh",1622655112346781872,1622655120415756598
3,"cube-142-geo","prep",1622655120515473129,1622655121044806610
3,"cube-142-geo","zzzz",1622655121044811627,1622655262695403284,675161,934088,2802264
3,"cube-142-geo","post",1622655262695413168,1622655262991855602
3,"cube-589-asc","prep",1622655262991915794,1622655263799718535
3,"cube-589-asc","zzzz",1622655263799725485,1622655606887411629,1322962,1813565,5440695
3,"cube-589-asc","post",1622655606887425345,1622655607067481570
3,"cube-782-geo","mesh",1622655607067519055,1622655607101210102
3,"cube-782-geo","prep",1622655607102061617,1622655607102561557
3,"cube-782-geo","zzzz",1622655607102563647,1622655607114994797,762,1417,4251
3,"cube-782-geo","post",1622655607114996236,1622655607115179643
3,"cube-1168-stl-bin","mesh",1622655607115194049,1622655607178771546
3,"cube-1168-stl-bin","prep",1622655607179570287,1622655607183530553
3,"cube-1168-stl-bin","zzzz",1622655607183532812,1622655607498634658,6910,14441,43323
3,"cube-1168-stl-bin","post",1622655607498644714,1622655607500461568
3,"cube-3012-bin","prep",1622655607500474288,1622655607524436110
3,"cube-3012-bin","zzzz",1622655607524439422,1622655610609181280,47621,69985,209955
3,"cube-3012-bin","post",1622655610609194036,1622655610613446952
3,"cube-3977-geo","mesh",1622655610613472831,1622655620745867861
3,"cube-3977-geo","prep",1622655620746720780,1622655621719884782
3,"cube-3977-geo","zzzz",1622655621719890186,1622655829594877769,905663,1245453,3736359
3,"cube-3977-geo","post",1622655829594894923,1622655829861682459
3,"cube-2990-asc","prep",1622655829861816032,1622655830177596127
3,"cube-2990-asc","zzzz",1622655830177602902,1622655943948252691,577902,800421,2401263
3,"cube-2990-asc","post",1622655943948267075,1622655943998915551
3,"cube-1024-asc","prep",1622655943998959170,1622655944009735176
3,"cube-1024-asc","zzzz",1622655944009738777,1622655944014400500,319,674,2022
3,"cube-1024-asc","post",1622655944014404209,1622655944014611360
3,"cube-2514-bin","prep",1622655944014637954,1622655944017587048
3,"cube-2514-bin","zzzz",1622655944017588948,1622655944020735377,228,493,1479
3,"cube-2514-bin","post",1622655944020745712,1622655944020872003
3,"cube-259-bin","prep",1622655944020886916,1622655944032788577
3,"cube-259-bin","zzzz",1622655944032790600,1622655945341112916,25876,38794,116382
3,"cube-259-bin","post",1622655945341123106,1622655945343047232
3,"cube-921-asc","prep",1622655945343063240,1622655945343288650
3,"cube-921-asc","zzzz",1622655945343289986,1622655945346592302,243,512,1536
3,"cube-921-asc","post",1622655945346602446,1622655945346814714
3,"cube-3797-bin","prep",1622655945346844247,1622655945347279866
3,"cube-3797-bin","zzzz",1622655945347281167,1622655945352934362,370,775,2325
3,"cube-3797-bin","post",1622655945352944477,1622655945353092291
3,"cube-2558-stl-bin","mesh",1622655945353121958,1622655945694973526
3,"cube-2558-stl-bin","prep",1622655945695840961,1622655945727890595
3,"cube-2558-stl-bin","zzzz",1622655945727895650,1622655948432380360,36119,63960,191880
3,"cube-2558-stl-bin","post",1622655948432391268,1622655948444976240
3,"cube-460-bin","prep",1622655948445006777,1622655948460674509
3,"cube-460-bin","zzzz",1622655948460677410,1622655949543725462,22844,34045,102135
3,"cube-460-bin","post",1622655949543736679,1622655949547105565
3,"cube-3966-stl-bin","mesh",1622655949547156436,1622655957303615423
3,"cube-3966-stl-bin","prep",1622655957304444344,1622655958148898626
3,"cube-3966-stl-bin","zzzz",1622655958148905995,1622656158149260111,816919,1209906,3629718
3,"cube-3966-stl-bin","post",1622656158149269993,1622656158386181453
3,"cube-1732-asc","prep",1622656158386219066,1622656158397565174
3,"cube-1732-asc","zzzz",1622656158397568544,1622656158484987625,3594,5899,17697
3,"cube-1732-asc","post",1622656158484989296,1622656158485467901
3,"cube-3334-asc","prep",1622656158485609558,1622656158508048205
3,"cube-3334-asc","zzzz",1622656158508051076,1622656160101545650,29926,44440,133320
3,"cube-3334-asc","post",1622656160101555874,1622656160109374138
3,"cube-913-bin","prep",1622656160109416794,1622656160121911370
3,"cube-913-bin","zzzz",1622656160121914738,1622656161202569811,22637,33981,101943
3,"cube-913-bin","post",1622656161202589459,1622656161205272918
3,"cube-3855-bin","prep",1622656161205301607,1622656161215277232
3,"cube-3855-bin","zzzz",1622656161215280443,1622656161983329184,17668,26841,80523
3,"cube-3855-bin","post",1622656161983338788,1622656161988284701
3,"cube-3949-asc","prep",1622656161988312465,1622656161990808511
3,"cube-3949-asc","zzzz",1622656161990812177,1622656162122950863,4875,7890,23670
3,"cube-3949-asc","post",1622656162122958729,1622656162123482846
3,"cube-1636-bin","prep",1622656162123507620,1622656162123864251
3,"cube-1636-bin","zzzz",1622656162123865795,1622656162127154086,243,512,1536
3,"cube-1636-bin","post",1622656162127158890,1622656162127232325
3,"cube-1629-geo","mesh",1622656162127244799,1622656162136005709
3,"cube-1629-geo","prep",1622656162136915039,1622656162137075874
3,"cube-1629-geo","zzzz",1622656162137077534,1622656162140522578,258,531,1593
3,"cube-1629-geo","post",1622656162140527353,1622656162140769760
3,"cube-1946-geo","mesh",1622656162140782659,1622656162154810992
3,"cube-1946-geo","prep",1622656162155635913,1622656162155935332
3,"cube-1946-geo","zzzz",1622656162155937148,1622656162163605011,487,980,2940
3,"cube-1946-geo","post",1622656162163609825,1622656162163760323
3,"cube-258-geo","mesh",1622656162164088660,1622656163123516806
3,"cube-258-geo","prep",1622656163128856147,1622656163179623742
3,"cube-258-geo","zzzz",1622656163179629104,1622656169688440855,80615,116728,350184
3,"cube-258-geo","post",1622656169688454449,1622656169724102220
3,"Proc","exit_task",1622650751065433159,1622656169751605036,4043492
