10,"build/tests/sizes/cube-2715-bin.cgns","scan",1622650769745820821,1622650769801233121
10,"build/tests/sizes/cube-2715-bin.cgns","chck",1622650769740915499,1622650769801382712
10,"build/tests/sizes/cube-2071-asc.mesh","scan",1622650769802280532,1622650769814957339
10,"build/tests/sizes/cube-2071-asc.mesh","chck",1622650769801384744,1622650769814962445
10,"build/tests/sizes/cube-1654-bin.msh4","scan",1622650769832297187,1622650769839637150
10,"build/tests/sizes/cube-1654-bin.msh4","chck",1622650769814963497,1622650769839642504
10,"build/tests/sizes/cube-1055-geo.geo_unrolled","scan",1622650769840516583,1622650769842055436
10,"build/tests/sizes/cube-1055-geo.geo_unrolled","chck",1622650769839643530,1622650769842059326
10,"build/tests/sizes/cube-790-stl-bin.geo","scan",1622650769861836747,1622650770158086242
10,"build/tests/sizes/cube-790-stl-bin.geo","chck",1622650769842060346,1622650770158093335
10,"build/tests/sizes/cube-127-asc.mesh","scan",1622650770180235097,1622650770188977710
10,"build/tests/sizes/cube-127-asc.mesh","chck",1622650770158094618,1622650770188982607
10,"build/tests/sizes/cube-2463-asc.msh2","scan",1622650770189592958,1622650770254451832
10,"build/tests/sizes/cube-2463-asc.msh2","chck",1622650770188983840,1622650770254457818
10,"build/tests/sizes/cube-3918-asc.mesh","scan",1622650770255066802,1622650770333749654
10,"build/tests/sizes/cube-3918-asc.mesh","chck",1622650770254458826,1622650770333757180
10,"build/tests/sizes/cube-1258-bin.vtk","scan",1622650770335176800,1622650770381011818
10,"build/tests/sizes/cube-1258-bin.vtk","chck",1622650770333758377,1622650770381019523
10,"build/tests/sizes/cube-2234-asc.mesh","scan",1622650770381718055,1622650770400289483
10,"build/tests/sizes/cube-2234-asc.mesh","chck",1622650770381020646,1622650770400297605
10,"build/tests/sizes/cube-1255-stl-bin.geo","scan",1622650770417667114,1622650770472721857
10,"build/tests/sizes/cube-1255-stl-bin.geo","chck",1622650770400298979,1622650770472728974
10,"build/tests/sizes/cube-2740-bin.msh4","scan",1622650770473331547,1622650770477926500
10,"build/tests/sizes/cube-2740-bin.msh4","chck",1622650770472730211,1622650770477932575
10,"build/tests/sizes/cube-3751-geo.geo_unrolled","scan",1622650770478575605,1622650770479652325
10,"build/tests/sizes/cube-3751-geo.geo_unrolled","chck",1622650770477933570,1622650770479656747
10,"build/tests/sizes/cube-1239-asc.bdf","scan",1622650770488226818,1622650770681440096
10,"build/tests/sizes/cube-1239-asc.bdf","chck",1622650770479657733,1622650770681462736
10,"build/tests/sizes/cube-1516-bin.msh2","scan",1622650770698903500,1622650770728627263
10,"build/tests/sizes/cube-1516-bin.msh2","chck",1622650770681464087,1622650770728634466
10,"build/tests/sizes/cube-320-bin.vtk","scan",1622650770752596308,1622650774258765309
10,"build/tests/sizes/cube-320-bin.vtk","chck",1622650770728635709,1622650774258786476
10,"build/tests/sizes/cube-1664-asc.mesh","scan",1622650774260409120,1622650778222894077
10,"build/tests/sizes/cube-1664-asc.mesh","chck",1622650774258787608,1622650778222910516
10,"build/tests/sizes/cube-252-asc.mesh","scan",1622650778244141078,1622650778631058059
10,"build/tests/sizes/cube-252-asc.mesh","chck",1622650778222911666,1622650778631065576
10,"build/tests/sizes/cube-34-bin.cgns","scan",1622650778656397866,1622650778772546923
10,"build/tests/sizes/cube-34-bin.cgns","chck",1622650778631066643,1622650778772554766
10,"build/tests/sizes/cube-1445-bin.cgns","scan",1622650778777103337,1622650778942700333
10,"build/tests/sizes/cube-1445-bin.cgns","chck",1622650778772555960,1622650778942707770
10,"build/tests/sizes/cube-3092-bin.msh2","scan",1622650778943444834,1622650778947519761
10,"build/tests/sizes/cube-3092-bin.msh2","chck",1622650778942709383,1622650778947525817
10,"build/tests/sizes/cube-2795-stl-bin.geo","scan",1622650778949352281,1622650778987213864
10,"build/tests/sizes/cube-2795-stl-bin.geo","chck",1622650778947526786,1622650778987221389
10,"build/tests/sizes/cube-398-bin.msh2","scan",1622650779002805495,1622650779418259644
10,"build/tests/sizes/cube-398-bin.msh2","chck",1622650778987222732,1622650779418273088
10,"build/tests/sizes/cube-3040-asc.msh2","scan",1622650779420260312,1622650779513765405
10,"build/tests/sizes/cube-3040-asc.msh2","chck",1622650779418277710,1622650779513773073
10,"build/tests/sizes/cube-196-bin.vtk","scan",1622650779518460155,1622650779544077644
10,"build/tests/sizes/cube-196-bin.vtk","chck",1622650779513774265,1622650779544085996
10,"build/tests/sizes/cube-3886-bin.vtk","scan",1622650779544692179,1622650779652775731
10,"build/tests/sizes/cube-3886-bin.vtk","chck",1622650779544087109,1622650779652783979
10,"build/tests/sizes/cube-1353-asc.bdf","scan",1622650779661547498,1622650779669998769
10,"build/tests/sizes/cube-1353-asc.bdf","chck",1622650779652785270,1622650779670005300
10,"build/tests/sizes/cube-3738-geo.geo","scan",1622650779670615531,1622650779672136159
10,"build/tests/sizes/cube-3738-geo.geo","chck",1622650779670006494,1622650779672140427
10,"build/tests/sizes/cube-2754-bin.cgns","scan",1622650779675768867,1622650779733747847
10,"build/tests/sizes/cube-2754-bin.cgns","chck",1622650779672141345,1622650779733754966
10,"build/tests/sizes/cube-1112-bin.msh4","scan",1622650779735333876,1622650779870730390
10,"build/tests/sizes/cube-1112-bin.msh4","chck",1622650779733756243,1622650779870737504
10,"build/tests/sizes/cube-2894-bin.vtk","scan",1622650779871973404,1622650780133729487
10,"build/tests/sizes/cube-2894-bin.vtk","chck",1622650779870738723,1622650780133736767
10,"build/tests/sizes/cube-392-bin.cgns","scan",1622650780160163240,1622650780274447103
10,"build/tests/sizes/cube-392-bin.cgns","chck",1622650780133738168,1622650780274462181
10,"build/tests/sizes/cube-2431-asc.bdf","scan",1622650780275132642,1622650782020085977
10,"build/tests/sizes/cube-2431-asc.bdf","chck",1622650780274463310,1622650782020094014
10,"build/tests/sizes/cube-1124-asc.msh2","scan",1622650782035934375,1622650784153546686
10,"build/tests/sizes/cube-1124-asc.msh2","chck",1622650782020095228,1622650784153563115
10,"build/tests/sizes/cube-2939-geo.geo_unrolled","scan",1622650784154221907,1622650784155416695
10,"build/tests/sizes/cube-2939-geo.geo_unrolled","chck",1622650784153564189,1622650784155420928
10,"build/tests/sizes/cube-3112-asc.msh2","scan",1622650784155975998,1622650784159610594
10,"build/tests/sizes/cube-3112-asc.msh2","chck",1622650784155422000,1622650784159615483
10,"build/tests/sizes/cube-40-bin.msh4","scan",1622650784160701878,1622650784835197333
10,"build/tests/sizes/cube-40-bin.msh4","chck",1622650784159616488,1622650784835204729
10,"build/tests/sizes/cube-2501-bin.msh2","scan",1622650784835939596,1622650784850173392
10,"build/tests/sizes/cube-2501-bin.msh2","chck",1622650784835205891,1622650784850180407
10,"build/tests/sizes/cube-572-asc.bdf","scan",1622650784869847945,1622650784894350851
10,"build/tests/sizes/cube-572-asc.bdf","chck",1622650784850181613,1622650784894374162
10,"build/tests/sizes/cube-1603-asc.mesh","scan",1622650784895797376,1622650789610798167
10,"build/tests/sizes/cube-1603-asc.mesh","chck",1622650784894375412,1622650789610805645
10,"build/tests/sizes/cube-3534-asc.bdf","scan",1622650789611461584,1622650791198251269
10,"build/tests/sizes/cube-3534-asc.bdf","chck",1622650789610806914,1622650791198259321
10,"build/tests/sizes/cube-3566-geo.geo","scan",1622650791199010419,1622650791249945017
10,"build/tests/sizes/cube-3566-geo.geo","chck",1622650791198260502,1622650791249951246
10,"build/tests/sizes/cube-2765-geo.geo_unrolled","scan",1622650791250584108,1622650791251660791
10,"build/tests/sizes/cube-2765-geo.geo_unrolled","chck",1622650791249952242,1622650791251666788
10,"build/tests/sizes/cube-1656-bin.msh2","scan",1622650791266120212,1622650791424202562
10,"build/tests/sizes/cube-1656-bin.msh2","chck",1622650791251667832,1622650791424208728
10,"build/tests/sizes/cube-1109-bin.msh4","scan",1622650791443258670,1622650791450438191
10,"build/tests/sizes/cube-1109-bin.msh4","chck",1622650791424209684,1622650791450443928
10,"build/tests/sizes/cube-1106-bin.vtk","scan",1622650791464870452,1622650791471857593
10,"build/tests/sizes/cube-1106-bin.vtk","chck",1622650791450445076,1622650791471863491
10,"build/tests/sizes/cube-2871-bin.cgns","scan",1622650791477604591,1622650791542373171
10,"build/tests/sizes/cube-2871-bin.cgns","chck",1622650791472142432,1622650791542380530
10,"build/tests/sizes/cube-1976-bin.cgns","scan",1622650791547233296,1622650791612589942
10,"build/tests/sizes/cube-1976-bin.cgns","chck",1622650791542381786,1622650791612600135
10,"build/tests/sizes/cube-2487-bin.cgns","scan",1622650791617376253,1622650791682065910
10,"build/tests/sizes/cube-2487-bin.cgns","chck",1622650791612601464,1622650791682073461
10,"build/tests/sizes/cube-3604-asc.mesh","scan",1622650791682949289,1622650791706422483
10,"build/tests/sizes/cube-3604-asc.mesh","chck",1622650791682074660,1622650791706430915
10,"build/tests/sizes/cube-2916-geo.geo_unrolled","scan",1622650791707117384,1622650791708310433
10,"build/tests/sizes/cube-2916-geo.geo_unrolled","chck",1622650791706432183,1622650791708314926
10,"build/tests/sizes/cube-1712-bin.msh2","scan",1622650791709651660,1622650792628440404
10,"build/tests/sizes/cube-1712-bin.msh2","chck",1622650791708315870,1622650792628447492
10,"build/tests/sizes/cube-3195-geo.geo","scan",1622650792630849396,1622650792632257876
10,"build/tests/sizes/cube-3195-geo.geo","chck",1622650792628448666,1622650792632263146
10,"build/tests/sizes/cube-2293-bin.msh4","scan",1622650792632833045,1622650792634159353
10,"build/tests/sizes/cube-2293-bin.msh4","chck",1622650792632264314,1622650792634163418
10,"build/tests/sizes/cube-2363-stl-bin.geo","scan",1622650792634706797,1622650792638714352
10,"build/tests/sizes/cube-2363-stl-bin.geo","chck",1622650792634164347,1622650792638718929
10,"build/tests/sizes/cube-2425-stl-bin.geo","scan",1622650792639669303,1622650792642854152
10,"build/tests/sizes/cube-2425-stl-bin.geo","chck",1622650792638720182,1622650792642858552
10,"build/tests/sizes/cube-1176-bin.cgns","scan",1622650792648668700,1622650792723454753
10,"build/tests/sizes/cube-1176-bin.cgns","chck",1622650792642859836,1622650792723462190
10,"build/tests/sizes/cube-1172-geo.geo","scan",1622650792745117878,1622650792746576851
10,"build/tests/sizes/cube-1172-geo.geo","chck",1622650792723463648,1622650792746584257
10,"build/tests/sizes/cube-2218-bin.vtk","scan",1622650792747138769,1622650792750193681
10,"build/tests/sizes/cube-2218-bin.vtk","chck",1622650792746585414,1622650792750198080
10,"build/tests/sizes/cube-3822-asc.msh2","scan",1622650792750749272,1622650792755090514
10,"build/tests/sizes/cube-3822-asc.msh2","chck",1622650792750199073,1622650792755094595
10,"build/tests/sizes/cube-2653-bin.msh4","scan",1622650792755665383,1622650792757101084
10,"build/tests/sizes/cube-2653-bin.msh4","chck",1622650792755095621,1622650792757104777
10,"build/tests/sizes/cube-2199-bin.msh2","scan",1622650792757671305,1622650792768062521
10,"build/tests/sizes/cube-2199-bin.msh2","chck",1622650792757105730,1622650792768067806
10,"build/tests/sizes/cube-3187-bin.cgns","scan",1622650792773267969,1622650792836070446
10,"build/tests/sizes/cube-3187-bin.cgns","chck",1622650792768068958,1622650792836077953
10,"build/tests/sizes/cube-3906-stl-bin.geo","scan",1622650792837003769,1622650792841562060
10,"build/tests/sizes/cube-3906-stl-bin.geo","chck",1622650792836079150,1622650792841568977
10,"build/tests/sizes/cube-2297-stl-bin.geo","scan",1622650792842290597,1622650793164935835
10,"build/tests/sizes/cube-2297-stl-bin.geo","chck",1622650792841570544,1622650793164943280
10,"build/tests/sizes/cube-1600-geo.geo_unrolled","scan",1622650793181569238,1622650793183599155
10,"build/tests/sizes/cube-1600-geo.geo_unrolled","chck",1622650793164944340,1622650793183605284
10,"build/tests/sizes/cube-331-asc.bdf","scan",1622650793203704538,1622650793246620504
10,"build/tests/sizes/cube-331-asc.bdf","chck",1622650793183606355,1622650793246627685
10,"build/tests/sizes/cube-3305-geo.geo_unrolled","scan",1622650793247228174,1622650793248879363
10,"build/tests/sizes/cube-3305-geo.geo_unrolled","chck",1622650793246628808,1622650793248883775
10,"build/tests/sizes/cube-3128-asc.bdf","scan",1622650793249589563,1622650793252468539
10,"build/tests/sizes/cube-3128-asc.bdf","chck",1622650793248884847,1622650793252472913
10,"build/tests/sizes/cube-941-bin.cgns","scan",1622650793258573864,1622650793327556286
10,"build/tests/sizes/cube-941-bin.cgns","chck",1622650793252473964,1622650793327564219
10,"build/tests/sizes/cube-1687-stl-bin.geo","scan",1622650793331602849,1622650793501767080
10,"build/tests/sizes/cube-1687-stl-bin.geo","chck",1622650793327565484,1622650793501774811
10,"build/tests/sizes/cube-3865-geo.geo_unrolled","scan",1622650793503581705,1622650793504742737
10,"build/tests/sizes/cube-3865-geo.geo_unrolled","chck",1622650793501775915,1622650793504747515
10,"build/tests/sizes/cube-3275-bin.cgns","scan",1622650793510450129,1622650793576065431
10,"build/tests/sizes/cube-3275-bin.cgns","chck",1622650793504748602,1622650793576072965
10,"build/tests/sizes/cube-1083-asc.bdf","scan",1622650793590513820,1622650793612153031
10,"build/tests/sizes/cube-1083-asc.bdf","chck",1622650793576074198,1622650793612161223
10,"build/tests/sizes/cube-391-bin.vtk","scan",1622650793627131706,1622650793636784058
10,"build/tests/sizes/cube-391-bin.vtk","chck",1622650793612162440,1622650793636791087
10,"build/tests/sizes/cube-887-stl-bin.geo","scan",1622650793654729580,1622650793669833111
10,"build/tests/sizes/cube-887-stl-bin.geo","chck",1622650793636792156,1622650793669840548
10,"build/tests/sizes/cube-995-bin.cgns","scan",1622650793676507635,1622650793752478280
10,"build/tests/sizes/cube-995-bin.cgns","chck",1622650793669841968,1622650793752485574
10,"build/tests/sizes/cube-2585-bin.cgns","scan",1622650793758685260,1622650793825238394
10,"build/tests/sizes/cube-2585-bin.cgns","chck",1622650793752486757,1622650793825246342
10,"build/tests/sizes/cube-3085-asc.mesh","scan",1622650793826126808,1622650796795845907
10,"build/tests/sizes/cube-3085-asc.mesh","chck",1622650793825247659,1622650796795854591
10,"build/tests/sizes/cube-2690-bin.msh2","scan",1622650796796683739,1622650796800216222
10,"build/tests/sizes/cube-2690-bin.msh2","chck",1622650796795855898,1622650796800224091
10,"build/tests/sizes/cube-3310-asc.bdf","scan",1622650796800827119,1622650796804723523
10,"build/tests/sizes/cube-3310-asc.bdf","chck",1622650796800225228,1622650796804729506
10,"build/tests/sizes/cube-1969-asc.bdf","scan",1622650796805330446,1622650805480666581
10,"build/tests/sizes/cube-1969-asc.bdf","chck",1622650796804730650,1622650805480683731
10,"build/tests/sizes/cube-3635-asc.bdf","scan",1622650805481534707,1622650806976836254
10,"build/tests/sizes/cube-3635-asc.bdf","chck",1622650805480685015,1622650806976852049
10,"build/tests/sizes/cube-1446-bin.vtk","scan",1622650806992014467,1622650807227510278
10,"build/tests/sizes/cube-1446-bin.vtk","chck",1622650806976853353,1622650807227518682
10,"build/tests/sizes/cube-2688-asc.msh2","scan",1622650807228188274,1622650807235478054
10,"build/tests/sizes/cube-2688-asc.msh2","chck",1622650807227520000,1622650807235484039
10,"build/tests/sizes/cube-3507-bin.vtk","scan",1622650807236038868,1622650807238853872
10,"build/tests/sizes/cube-3507-bin.vtk","chck",1622650807235485155,1622650807238859478
10,"build/tests/sizes/cube-989-geo.geo","scan",1622650807248843101,1622650807250315318
10,"build/tests/sizes/cube-989-geo.geo","chck",1622650807238860612,1622650807250321025
10,"build/tests/sizes/cube-754-geo.geo_unrolled","scan",1622650807266843189,1622650807268170956
10,"build/tests/sizes/cube-754-geo.geo_unrolled","chck",1622650807250322171,1622650807268177138
10,"build/tests/sizes/cube-2738-asc.msh2","scan",1622650807268729543,1622650807272355000
10,"build/tests/sizes/cube-2738-asc.msh2","chck",1622650807268178367,1622650807272366273
10,"build/tests/sizes/cube-290-bin.vtk","scan",1622650807293293612,1622650807314270865
10,"build/tests/sizes/cube-290-bin.vtk","chck",1622650807272367217,1622650807314277650
10,"build/tests/sizes/cube-1901-geo.geo_unrolled","scan",1622650807315758138,1622650807316968723
10,"build/tests/sizes/cube-1901-geo.geo_unrolled","chck",1622650807314278857,1622650807316973725
10,"build/tests/sizes/cube-3963-stl-bin.geo","scan",1622650807317595823,1622650807378223354
10,"build/tests/sizes/cube-3963-stl-bin.geo","chck",1622650807316974841,1622650807379442378
10,"build/tests/sizes/cube-1012-stl-bin.geo","scan",1622650807381826226,1622650807526957687
10,"build/tests/sizes/cube-1012-stl-bin.geo","chck",1622650807379443986,1622650807526965721
10,"build/tests/sizes/cube-420-bin.msh2","scan",1622650807550050306,1622650807559055938
10,"build/tests/sizes/cube-420-bin.msh2","chck",1622650807526966968,1622650807559063213
10,"build/tests/sizes/cube-816-bin.vtk","scan",1622650807579296408,1622650807620594846
10,"build/tests/sizes/cube-816-bin.vtk","chck",1622650807559064411,1622650807620601986
10,"build/tests/sizes/cube-1806-bin.vtk","scan",1622650807621864120,1622650808967823433
10,"build/tests/sizes/cube-1806-bin.vtk","chck",1622650807620603185,1622650808967840736
10,"build/tests/sizes/cube-2359-stl-bin.geo","scan",1622650808968608157,1622650809361418797
10,"build/tests/sizes/cube-2359-stl-bin.geo","chck",1622650808967842004,1622650809361427317
10,"build/tests/sizes/cube-767-bin.msh4","scan",1622650809380419253,1622650809390642066
10,"build/tests/sizes/cube-767-bin.msh4","chck",1622650809361428825,1622650809390649193
10,"build/tests/sizes/cube-283-geo.geo","scan",1622650809409966465,1622650809411558546
10,"build/tests/sizes/cube-283-geo.geo","chck",1622650809390650381,1622650809411565208
10,"build/tests/sizes/cube-275-bin.msh2","scan",1622650809415547922,1622650809425094515
10,"build/tests/sizes/cube-275-bin.msh2","chck",1622650809411566391,1622650809425100561
10,"cube-767-bin","prep",1622650809426571072,1622650809427035198
10,"cube-767-bin","zzzz",1622650809427040004,1622650809431040631,290,599,1797
10,"cube-767-bin","post",1622650809431043631,1622650809431293436
10,"cube-1012-stl-bin","mesh",1622650809431329058,1622650810594967145
10,"cube-1012-stl-bin","prep",1622650810636936878,1622650810709396780
10,"cube-1012-stl-bin","zzzz",1622650810709404664,1622650821183974234,96887,161411,484233
10,"cube-1012-stl-bin","post",1622650821183984166,1622650821212988771
10,"cube-1083-asc","prep",1622650821213029244,1622650821218918233
10,"cube-1083-asc","zzzz",1622650821218921951,1622650821224100733,350,731,2193
10,"cube-1083-asc","post",1622650821224102565,1622650821224247001
10,"cube-3092-bin","prep",1622650821224295406,1622650821224894196
10,"cube-3092-bin","zzzz",1622650821224896426,1622650821250013521,1326,2409,7227
10,"cube-3092-bin","post",1622650821250021095,1622650821250216757
10,"cube-3963-stl-bin","mesh",1622650821250316447,1622650821917529670
10,"cube-3963-stl-bin","prep",1622650821918523946,1622650821981785569
10,"cube-3963-stl-bin","zzzz",1622650821981791615,1622650826991411217,56000,97628,292884
10,"cube-3963-stl-bin","post",1622650826991421576,1622650827009652790
10,"cube-1353-asc","prep",1622650827009691412,1622650827013926800
10,"cube-1353-asc","zzzz",1622650827013928965,1622650827018646538,324,681,2043
10,"cube-1353-asc","post",1622650827018647864,1622650827018775313
10,"cube-1600-geo","mesh",1622650827018791487,1622650831021490113
10,"cube-1600-geo","prep",1622650831022468380,1622650831384966981
10,"cube-1600-geo","zzzz",1622650831384972963,1622650872790831908,290734,408227,1224681
10,"cube-1600-geo","post",1622650872790856511,1622650872864471564
10,"cube-2894-bin","prep",1622650872864575741,1622650872958008699
10,"cube-2894-bin","zzzz",1622650872958015120,1622650891748165754,169623,239847,719541
10,"cube-2894-bin","post",1622650891748176329,1622650891763503569
10,"cube-1109-bin","prep",1622650891763544411,1622650891763684528
10,"cube-1109-bin","zzzz",1622650891763685764,1622650891765460334,143,322,966
10,"cube-1109-bin","post",1622650891765461450,1622650891765564919
10,"cube-3187-bin.cgns","prep",1622650891765572314,1622650891778443706
10,"cube-3187-bin.cgns","zzzz",1622650891778450305,1622650905459982496,136073,193475,580425
10,"cube-3187-bin.cgns","post",1622650905459989860,1622650905460188679
10,"cube-1124-asc","prep",1622650905460273351,1622650905618280281
10,"cube-1124-asc","zzzz",1622650905618286770,1622650950164221787,305382,428705,1286115
10,"cube-1124-asc","post",1622650950164236141,1622650950202589016
10,"cube-816-bin","prep",1622650950202626935,1622650950214641976
10,"cube-816-bin","zzzz",1622650950214645899,1622650950240307722,1339,2440,7320
10,"cube-816-bin","post",1622650950240317881,1622650950240747427
10,"cube-1969-asc","prep",1622650950241063983,1622650950806344261
10,"cube-1969-asc","zzzz",1622650950806349389,1622651242912882736,972870,1607441,4822323
10,"cube-1969-asc","post",1622651242912896749,1622651243018476494
10,"cube-420-bin","prep",1622651243018828201,1622651243022987676
10,"cube-420-bin","zzzz",1622651243022990662,1622651243028220536,349,730,2190
10,"cube-420-bin","post",1622651243028230821,1622651243028478910
10,"cube-1258-bin","prep",1622651243028521943,1622651243041634684
10,"cube-1258-bin","zzzz",1622651243041636754,1622651244355452627,26179,38881,116643
10,"cube-1258-bin","post",1622651244355463011,1622651244357634128
10,"cube-2293-bin","prep",1622651244357664021,1622651244357919015
10,"cube-2293-bin","zzzz",1622651244357920022,1622651244363141152,348,729,2187
10,"cube-2293-bin","post",1622651244363151300,1622651244363480386
10,"cube-3112-asc","prep",1622651244363513672,1622651244364012913
10,"cube-3112-asc","zzzz",1622651244364014311,1622651244368938156,338,697,2091
10,"cube-3112-asc","post",1622651244368948251,1622651244369167497
10,"cube-572-asc","prep",1622651244369200349,1622651244369731579
10,"cube-572-asc","zzzz",1622651244369732884,1622651244374954722,348,729,2187
10,"cube-572-asc","post",1622651244374974636,1622651244375047422
10,"cube-1516-bin","prep",1622651244375059551,1622651244375803928
10,"cube-1516-bin","zzzz",1622651244375805529,1622651244404860067,1474,2679,8037
10,"cube-1516-bin","post",1622651244404869936,1622651244405408991
10,"cube-1445-bin.cgns","prep",1622651244405548088,1622651244581354846
10,"cube-1445-bin.cgns","zzzz",1622651244581369798,1622651386036779539,675393,933127,2799381
10,"cube-1445-bin.cgns","post",1622651386036804738,1622651386036847944
10,"cube-2715-bin.cgns","prep",1622651386036940003,1622651386037993255
10,"cube-2715-bin.cgns","zzzz",1622651386037997045,1622651386247534201,6826,10867,32601
10,"cube-2715-bin.cgns","post",1622651386247544305,1622651386247596053
10,"cube-941-bin.cgns","prep",1622651386247709062,1622651386249553376
10,"cube-941-bin.cgns","zzzz",1622651386249556647,1622651386456791694,6769,10783,32349
10,"cube-941-bin.cgns","post",1622651386456801698,1622651386456843289
10,"cube-2431-asc","prep",1622651386456944891,1622651386589265208
10,"cube-2431-asc","zzzz",1622651386589270317,1622651421273352521,257954,362465,1087395
10,"cube-2431-asc","post",1622651421273389575,1622651421299725979
10,"cube-754-geo","mesh",1622651421299772379,1622651421308688692
10,"cube-754-geo","prep",1622651421309582482,1622651421309782094
10,"cube-754-geo","zzzz",1622651421309783896,1622651421313171596,251,522,1566
10,"cube-754-geo","post",1622651421313181450,1622651421313425595
10,"cube-283-geo","mesh",1622651421313466081,1622651429913838948
10,"cube-283-geo","prep",1622651429914720922,1622651430758498999
10,"cube-283-geo","zzzz",1622651430758513248,1622651614485941377,823768,1135282,3405846
10,"cube-283-geo","post",1622651614485955347,1622651614720883959
10,"cube-34-bin.cgns","prep",1622651614721383777,1622651614763928664
10,"cube-34-bin.cgns","zzzz",1622651614763934154,1622651614786425539,1244,2209,6627
10,"cube-34-bin.cgns","post",1622651614786435483,1622651614786543360
10,"cube-3604-asc","prep",1622651614786657891,1622651614790510104
10,"cube-3604-asc","zzzz",1622651614790511824,1622651614995891199,6765,10716,32148
10,"cube-3604-asc","post",1622651614995901307,1622651614996613672
10,"cube-1976-bin.cgns","prep",1622651614996649027,1622651614997927623
10,"cube-1976-bin.cgns","zzzz",1622651614997930539,1622651615015579099,1052,1840,5520
10,"cube-1976-bin.cgns","post",1622651615015589002,1622651615015631283
10,"cube-2871-bin.cgns","prep",1622651615015728414,1622651615016533956
10,"cube-2871-bin.cgns","zzzz",1622651615016536495,1622651615046814089,1511,2764,8292
10,"cube-2871-bin.cgns","post",1622651615046824066,1622651615046863911
10,"cube-1176-bin.cgns","prep",1622651615047328918,1622651615060184992
10,"cube-1176-bin.cgns","zzzz",1622651615060190107,1622651624891770749,107923,154602,463806
10,"cube-1176-bin.cgns","post",1622651624891778233,1622651624891819461
10,"cube-2585-bin.cgns","prep",1622651624891916248,1622651624892581079
10,"cube-2585-bin.cgns","zzzz",1622651624892584402,1622651624921907243,1489,2698,8094
10,"cube-2585-bin.cgns","post",1622651624921917252,1622651624921970468
10,"cube-2487-bin.cgns","prep",1622651624922089327,1622651624922895415
10,"cube-2487-bin.cgns","zzzz",1622651624922897837,1622651624926234450,247,516,1548
10,"cube-2487-bin.cgns","post",1622651624926244411,1622651624926284893
10,"cube-392-bin.cgns","prep",1622651624926387487,1622651624941982859
10,"cube-392-bin.cgns","zzzz",1622651624941986108,1622651625115941696,5962,9543,28629
10,"cube-392-bin.cgns","post",1622651625115951746,1622651625115991849
10,"cube-320-bin","prep",1622651625116095508,1622651626324374088
10,"cube-320-bin","zzzz",1622651626324381734,1622652270322871739,2132622,2908319,8724957
10,"cube-320-bin","post",1622652270322885847,1622652270501691482
10,"cube-3195-geo","mesh",1622652270502595528,1622652270960263926
10,"cube-3195-geo","prep",1622652270961222410,1622652270994970947
10,"cube-3195-geo","zzzz",1622652270994975405,1622652273268508611,38498,56758,170274
10,"cube-3195-geo","post",1622652273268523818,1622652273288143795
10,"cube-3040-asc","prep",1622652273289482608,1622652273301606297
10,"cube-3040-asc","zzzz",1622652273301608741,1622652273812670889,13039,20240,60720
10,"cube-3040-asc","post",1622652273812681099,1622652273814501604
10,"cube-3507-bin","prep",1622652273814674948,1622652273815815578
10,"cube-3507-bin","zzzz",1622652273815817147,1622652273842713864,1409,2528,7584
10,"cube-3507-bin","post",1622652273842723841,1622652273842954677
10,"cube-1112-bin","prep",1622652273843003895,1622652273937813521
10,"cube-1112-bin","zzzz",1622652273937819138,1622652296969385878,195204,275174,825522
10,"cube-1112-bin","post",1622652296969400867,1622652296986639937
10,"cube-995-bin.cgns","prep",1622652296986700356,1622652297204815364
10,"cube-995-bin.cgns","zzzz",1622652297204823640,1622652585328997799,1159415,1590972,4772916
10,"cube-995-bin.cgns","post",1622652585329008795,1622652585329049861
10,"cube-398-bin","prep",1622652585329148354,1622652585398260858
10,"cube-398-bin","zzzz",1622652585398266552,1622652595317461366,108653,155514,466542
10,"cube-398-bin","post",1622652595317474199,1622652595335474301
10,"cube-1656-bin","prep",1622652595335517949,1622652595353395065
10,"cube-1656-bin","zzzz",1622652595353401243,1622652596963303486,30165,44757,134271
10,"cube-1656-bin","post",1622652596963317490,1622652596966603156
10,"cube-3738-geo","mesh",1622652596966642716,1622652597128798457
10,"cube-3738-geo","prep",1622652597129667894,1622652597137525331
10,"cube-3738-geo","zzzz",1622652597137528068,1622652597623200361,12595,19525,58575
10,"cube-3738-geo","post",1622652597623210335,1622652597626889279
10,"cube-3534-asc","prep",1622652597627207516,1622652597726391900
10,"cube-3534-asc","zzzz",1622652597726399614,1622652625026473034,219321,308578,925734
10,"cube-3534-asc","post",1622652625026483375,1622652625044821212
10,"cube-127-asc","prep",1622652625044866213,1622652625045373838
10,"cube-127-asc","zzzz",1622652625045376180,1622652625050219447,333,690,2070
10,"cube-127-asc","post",1622652625050224842,1622652625050404096
10,"cube-1106-bin","prep",1622652625050417686,1622652625050624632
10,"cube-1106-bin","zzzz",1622652625050625799,1622652625054070601,258,531,1593
10,"cube-1106-bin","post",1622652625054086359,1622652625054148921
10,"cube-3566-geo","mesh",1622652625054162143,1622652625065109927
10,"cube-3566-geo","prep",1622652625066009500,1622652625066273490
10,"cube-3566-geo","zzzz",1622652625066275277,1622652625071479393,348,729,2187
10,"cube-3566-geo","post",1622652625071494867,1622652625071717762
10,"cube-3275-bin.cgns","prep",1622652625071732551,1622652625075563882
10,"cube-3275-bin.cgns","zzzz",1622652625075566882,1622652627035912482,34753,51259,153777
10,"cube-3275-bin.cgns","post",1622652627035922639,1622652627035960066
10,"cube-3751-geo","mesh",1622652627036054279,1622652628151736314
10,"cube-3751-geo","prep",1622652628152599134,1622652628257848382
10,"cube-3751-geo","zzzz",1622652628257853179,1622652635445792440,86537,124893,374679
10,"cube-3751-geo","post",1622652635445803868,1622652635505100293
10,"cube-1603-asc","prep",1622652635508347005,1622652636282561192
10,"cube-1603-asc","zzzz",1622652636282568353,1622653015202307915,1427004,1953838,5861514
10,"cube-1603-asc","post",1622653015202322444,1622653015320034778
10,"cube-2939-geo","mesh",1622653015320431183,1622653016406994584
10,"cube-2939-geo","prep",1622653016407877541,1622653016509984246
10,"cube-2939-geo","zzzz",1622653016509990268,1622653024017758594,89364,128672,386016
10,"cube-2939-geo","post",1622653024017774071,1622653024084897467
10,"cube-1712-bin","prep",1622653024084945102,1622653024214081434
10,"cube-1712-bin","zzzz",1622653024214088559,1622653052022603425,222005,312433,937299
10,"cube-1712-bin","post",1622653052022613838,1622653052044522309
10,"cube-3886-bin","prep",1622653052044566721,1622653052080932612
10,"cube-3886-bin","zzzz",1622653052080938330,1622653056204068459,58319,85428,256284
10,"cube-3886-bin","post",1622653056204076131,1622653056213951113
10,"cube-3918-asc","prep",1622653056213983930,1622653056226753942
10,"cube-3918-asc","zzzz",1622653056226757432,1622653057312754746,22728,34089,102267
10,"cube-3918-asc","post",1622653057312770352,1622653057316124911
10,"cube-2795-stl-bin","mesh",1622653057316155948,1622653057624390489
10,"cube-2795-stl-bin","prep",1622653057625281305,1622653057652499242
10,"cube-2795-stl-bin","zzzz",1622653057652505167,1622653059910821479,31416,56521,169563
10,"cube-2795-stl-bin","post",1622653059910838034,1622653059923794666
10,"cube-2501-bin","prep",1622653059923828068,1622653059928676331
10,"cube-2501-bin","zzzz",1622653059928678748,1622653060037621098,4195,6880,20640
10,"cube-2501-bin","post",1622653060037636771,1622653060037981948
10,"cube-275-bin","prep",1622653060038021112,1622653060038221245
10,"cube-275-bin","zzzz",1622653060038222228,1622653060041513060,243,512,1536
10,"cube-275-bin","post",1622653060041528859,1622653060041616365
10,"cube-1055-geo","mesh",1622653060041630216,1622653071721400388
10,"cube-1055-geo","prep",1622653071722258192,1622653072891679711
10,"cube-1055-geo","zzzz",1622653072891684639,1622653342178456799,1101974,1512303,4536909
10,"cube-1055-geo","post",1622653342178470998,1622653342513698145
10,"cube-2425-stl-bin","mesh",1622653342513817662,1622653342569891370
10,"cube-2425-stl-bin","prep",1622653342570744845,1622653342570995810
10,"cube-2425-stl-bin","zzzz",1622653342570997744,1622653342581154143,348,1211,3633
10,"cube-2425-stl-bin","post",1622653342581164251,1622653342581335380
10,"cube-40-bin","prep",1622653342581349783,1622653343096213802
10,"cube-40-bin","zzzz",1622653343096220723,1622653573210854511,977982,1344113,4032339
10,"cube-40-bin","post",1622653573210868249,1622653573312090528
10,"cube-2688-asc","prep",1622653573312166235,1622653573315034945
10,"cube-2688-asc","zzzz",1622653573315037654,1622653573331787094,996,1770,5310
10,"cube-2688-asc","post",1622653573331802320,1622653573331904684
10,"cube-2765-geo","mesh",1622653573331949975,1622653573696140446
10,"cube-2765-geo","prep",1622653573697031634,1622653573720733497
10,"cube-2765-geo","zzzz",1622653573720738187,1622653575364697972,30609,45371,136113
10,"cube-2765-geo","post",1622653575364708827,1622653575374207456
10,"cube-2234-asc","prep",1622653575374238144,1622653575379621311
10,"cube-2234-asc","zzzz",1622653575379623433,1622653575539562197,5618,8999,26997
10,"cube-2234-asc","post",1622653575539572404,1622653575540438685
10,"cube-2071-asc","prep",1622653575540476790,1622653575542089437
10,"cube-2071-asc","zzzz",1622653575542091276,1622653575625549099,3446,5707,17121
10,"cube-2071-asc","post",1622653575625553046,1622653575625810323
10,"cube-2463-asc","prep",1622653575625886832,1622653575631565118
10,"cube-2463-asc","zzzz",1622653575631567272,1622653575945994502,9147,14428,43284
10,"cube-2463-asc","post",1622653575946414073,1622653575948751972
10,"cube-252-asc","prep",1622653575948767889,1622653575999894091
10,"cube-252-asc","zzzz",1622653575999899693,1622653584538671408,97716,140432,421296
10,"cube-252-asc","post",1622653584538681457,1622653584547192372
10,"cube-2359-stl-bin","mesh",1622653584547235132,1622653591850929259
10,"cube-2359-stl-bin","prep",1622653591851795816,1622653592665342286
10,"cube-2359-stl-bin","zzzz",1622653592665350157,1622653789870470240,808371,1197201,3591603
10,"cube-2359-stl-bin","post",1622653789870485125,1622653790125837682
10,"cube-2740-bin","prep",1622653790125869435,1622653790140298012
10,"cube-2740-bin","zzzz",1622653790140301346,1622653790392350012,7829,12361,37083
10,"cube-2740-bin","post",1622653790392377778,1622653790393592635
10,"cube-989-geo","mesh",1622653790393629786,1622653792821331033
10,"cube-989-geo","prep",1622653792822201132,1622653793056047116
10,"cube-989-geo","zzzz",1622653793056053104,1622653820688165246,221029,311085,933255
10,"cube-989-geo","post",1622653820688179175,1622653820790880154
10,"cube-196-bin","prep",1622653820790950533,1622653820803576155
10,"cube-196-bin","zzzz",1622653820803578997,1622653820827677811,1307,2327,6981
10,"cube-196-bin","post",1622653820827688049,1622653820828210283
10,"cube-331-asc","prep",1622653820828228766,1622653820833743854
10,"cube-331-asc","zzzz",1622653820833745890,1622653820894082668,2670,4545,13635
10,"cube-331-asc","post",1622653820894092776,1622653820894953014
10,"cube-790-stl-bin","mesh",1622653820895528281,1622653824343925777
10,"cube-790-stl-bin","prep",1622653824344887036,1622653824726790544
10,"cube-790-stl-bin","zzzz",1622653824726797445,1622653894103830320,373850,576345,1729035
10,"cube-790-stl-bin","post",1622653894103844664,1622653894248821760
10,"cube-2916-geo","mesh",1622653894248861226,1622653894272694940
10,"cube-2916-geo","prep",1622653894273599390,1622653894273774903
10,"cube-2916-geo","zzzz",1622653894273776769,1622653894275587861,144,326,978
10,"cube-2916-geo","post",1622653894275591713,1622653894275800697
10,"cube-1172-geo","mesh",1622653894275833048,1622653901990915378
10,"cube-1172-geo","prep",1622653901991796909,1622653902794892918
10,"cube-1172-geo","zzzz",1622653902794898304,1622654062774056983,741873,1023356,3070068
10,"cube-1172-geo","post",1622654062774066863,1622654063012104318
10,"cube-2754-bin.cgns","prep",1622654063012245091,1622654063030901374
10,"cube-2754-bin.cgns","zzzz",1622654063030906409,1622654063344003015,9099,14377,43131
10,"cube-2754-bin.cgns","post",1622654063344013598,1622654063344046797
10,"cube-3635-asc","prep",1622654063344149136,1622654063451015230
10,"cube-3635-asc","zzzz",1622654063451022451,1622654082582456516,171410,242763,728289
10,"cube-3635-asc","post",1622654082582467391,1622654082609900778
10,"cube-1255-stl-bin","mesh",1622654082609939063,1622654082809297143
10,"cube-1255-stl-bin","prep",1622654082810187341,1622654082825649796
10,"cube-1255-stl-bin","zzzz",1622654082825655219,1622654084093374674,20662,37941,113823
10,"cube-1255-stl-bin","post",1622654084093383774,1622654084106252104
10,"cube-1806-bin","prep",1622654084106290306,1622654084601154396
10,"cube-1806-bin","zzzz",1622654084601161501,1622654280780174298,866428,1192528,3577584
10,"cube-1806-bin","post",1622654280780188458,1622654280857898671
10,"cube-2738-asc","prep",1622654280857950008,1622654280858354619
10,"cube-2738-asc","zzzz",1622654280858356333,1622654280864024399,371,776,2328
10,"cube-2738-asc","post",1622654280864034730,1622654280864128671
10,"cube-1654-bin","prep",1622654280864142614,1622654280864401836
10,"cube-1654-bin","zzzz",1622654280864403232,1622654280869624812,348,729,2187
10,"cube-1654-bin","post",1622654280869634792,1622654280869873659
10,"cube-1239-asc","prep",1622654280869908587,1622654280881419866
10,"cube-1239-asc","zzzz",1622654280881422060,1622654281846626579,21020,31448,94344
10,"cube-1239-asc","post",1622654281846636586,1622654281849200262
10,"cube-391-bin","prep",1622654281849229098,1622654281850067549
10,"cube-391-bin","zzzz",1622654281850069312,1622654281867276542,1023,1805,5415
10,"cube-391-bin","post",1622654281867286599,1622654281867629918
10,"cube-1664-asc","prep",1622654281867745322,1622654282506776408
10,"cube-1664-asc","zzzz",1622654282506784074,1622654583105725864,1197305,1642361,4927083
10,"cube-1664-asc","post",1622654583105733816,1622654583206130487
10,"cube-2218-bin","prep",1622654583206164836,1622654583206985274
10,"cube-2218-bin","zzzz",1622654583206988270,1622654583233097443,1367,2472,7416
10,"cube-2218-bin","post",1622654583233107763,1622654583233454705
10,"cube-3822-asc","prep",1622654583233618602,1622654583233938049
10,"cube-3822-asc","zzzz",1622654583233939895,1622654583241774460,499,996,2988
10,"cube-3822-asc","post",1622654583241779385,1622654583241861199
10,"cube-290-bin","prep",1622654583241874891,1622654583242439070
10,"cube-290-bin","zzzz",1622654583242440569,1622654583259522273,1020,1795,5385
10,"cube-290-bin","post",1622654583259532242,1622654583259774295
10,"cube-2199-bin","prep",1622654583259788238,1622654583261178804
10,"cube-2199-bin","zzzz",1622654583261180827,1622654583315602471,2473,4232,12696
10,"cube-2199-bin","post",1622654583315612725,1622654583315948345
10,"cube-3865-geo","mesh",1622654583316235809,1622654589793476696
10,"cube-3865-geo","prep",1622654589864522540,1622654590273468666
10,"cube-3865-geo","zzzz",1622654590273474259,1622654697248200998,554953,768449,2305347
10,"cube-3865-geo","post",1622654697248227391,1622654697423768783
10,"cube-3906-stl-bin","mesh",1622654697423924017,1622654697439834492
10,"cube-3906-stl-bin","prep",1622654697440746385,1622654697441106996
10,"cube-3906-stl-bin","zzzz",1622654697441109004,1622654697450383662,329,1136,3408
10,"cube-3906-stl-bin","post",1622654697450385051,1622654697450459914
10,"cube-2297-stl-bin","mesh",1622654697450472443,1622654702780684260
10,"cube-2297-stl-bin","prep",1622654702781633929,1622654703390264209
10,"cube-2297-stl-bin","zzzz",1622654703390270873,1622654825197679300,555897,837408,2512224
10,"cube-2297-stl-bin","post",1622654825197693482,1622654825376589386
10,"cube-3305-geo","mesh",1622654825376629591,1622654825570394088
10,"cube-3305-geo","prep",1622654825571387772,1622654825579223098
10,"cube-3305-geo","zzzz",1622654825579226193,1622654826044838766,12189,18957,56871
10,"cube-3305-geo","post",1622654826044850780,1622654826047721377
10,"cube-2363-stl-bin","mesh",1622654826048081217,1622654826056535836
10,"cube-2363-stl-bin","prep",1622654826057411567,1622654826057833326
10,"cube-2363-stl-bin","zzzz",1622654826057835526,1622654826076406244,601,1912,5736
10,"cube-2363-stl-bin","post",1622654826076416237,1622654826076646245
10,"cube-2690-bin","prep",1622654826076675550,1622654826077166299
10,"cube-2690-bin","zzzz",1622654826077167773,1622654826085105481,505,1004,3012
10,"cube-2690-bin","post",1622654826085121345,1622654826085195183
10,"cube-1687-stl-bin","mesh",1622654826085207748,1622654827843228154
10,"cube-1687-stl-bin","prep",1622654827844103704,1622654828031765723
10,"cube-1687-stl-bin","zzzz",1622654828031773562,1622654852566429548,180603,287140,861420
10,"cube-1687-stl-bin","post",1622654852566448137,1622654852653331920
10,"cube-3085-asc","prep",1622654852653375929,1622654853182207252
10,"cube-3085-asc","zzzz",1622654853182213703,1622655071726074995,941034,1293090,3879270
10,"cube-3085-asc","post",1622655071726127832,1622655071807960804
10,"cube-3310-asc","prep",1622655071808037883,1622655071811589708
10,"cube-3310-asc","zzzz",1622655071811592866,1622655071816841268,350,731,2193
10,"cube-3310-asc","post",1622655071816851604,1622655071817048219
10,"cube-2653-bin","prep",1622655071817085631,1622655071817596218
10,"cube-2653-bin","zzzz",1622655071817597779,1622655071825398683,493,991,2973
10,"cube-2653-bin","post",1622655071825408926,1622655071825671331
10,"cube-1446-bin","prep",1622655071825701612,1622655071873425438
10,"cube-1446-bin","zzzz",1622655071873430471,1622655079418531491,89690,129082,387246
10,"cube-1446-bin","post",1622655079418543981,1622655079426952500
10,"cube-887-stl-bin","mesh",1622655079426992586,1622655079430110565
10,"cube-887-stl-bin","prep",1622655079431114322,1622655079431301426
10,"cube-887-stl-bin","zzzz",1622655079431919596,1622655079435723528,144,571,1713
10,"cube-887-stl-bin","post",1622655079435733628,1622655079435877991
10,"cube-3128-asc","prep",1622655079435911104,1622655079436262050
10,"cube-3128-asc","zzzz",1622655079436263549,1622655079439625374,248,519,1557
10,"cube-3128-asc","post",1622655079439635350,1622655079439831514
10,"cube-1901-geo","mesh",1622655079439862599,1622655079986377533
10,"cube-1901-geo","prep",1622655079989188913,1622655080011826688
10,"cube-1901-geo","zzzz",1622655080011831023,1622655082690719173,43162,63531,190593
10,"cube-1901-geo","post",1622655082690731796,1622655082705994786
10,"Proc","exit_task",1622650751065415419,1622655082764546642,3503784
