16,"build/tests/sizes/cube-1219-asc.mesh","scan",1622650769583718319,1622650769663922515
16,"build/tests/sizes/cube-1219-asc.mesh","chck",1622650769564434568,1622650769664067950
16,"build/tests/sizes/cube-2991-bin.msh2","scan",1622650769665397083,1622650769670032810
16,"build/tests/sizes/cube-2991-bin.msh2","chck",1622650769664069304,1622650769670037608
16,"build/tests/sizes/cube-2718-bin.msh2","scan",1622650769670613454,1622650774008032297
16,"build/tests/sizes/cube-2718-bin.msh2","chck",1622650769670038504,1622650774008058150
16,"build/tests/sizes/cube-1178-geo.geo","scan",1622650774009705691,1622650774011788692
16,"build/tests/sizes/cube-1178-geo.geo","chck",1622650774008059397,1622650774011793520
16,"build/tests/sizes/cube-633-asc.mesh","scan",1622650774027385145,1622650774250561044
16,"build/tests/sizes/cube-633-asc.mesh","chck",1622650774011794711,1622650774250568190
16,"build/tests/sizes/cube-3478-geo.geo_unrolled","scan",1622650774251315523,1622650774252570888
16,"build/tests/sizes/cube-3478-geo.geo_unrolled","chck",1622650774250569317,1622650774252575796
16,"build/tests/sizes/cube-3306-bin.msh2","scan",1622650774253120219,1622650774268714627
16,"build/tests/sizes/cube-3306-bin.msh2","chck",1622650774252576779,1622650774268722150
16,"build/tests/sizes/cube-3804-asc.mesh","scan",1622650774269463195,1622650775735996045
16,"build/tests/sizes/cube-3804-asc.mesh","chck",1622650774268723265,1622650775736013337
16,"build/tests/sizes/cube-3211-geo.geo_unrolled","scan",1622650775736810090,1622650775738201953
16,"build/tests/sizes/cube-3211-geo.geo_unrolled","chck",1622650775736014869,1622650775738206783
16,"build/tests/sizes/cube-1199-stl-bin.geo","scan",1622650775760196216,1622650775859968071
16,"build/tests/sizes/cube-1199-stl-bin.geo","chck",1622650775738207765,1622650775859974860
16,"build/tests/sizes/cube-732-bin.vtk","scan",1622650775873749869,1622650779010890365
16,"build/tests/sizes/cube-732-bin.vtk","chck",1622650775859976071,1622650779010902427
16,"build/tests/sizes/cube-3658-bin.cgns","scan",1622650779015999751,1622650779075069488
16,"build/tests/sizes/cube-3658-bin.cgns","chck",1622650779010903737,1622650779075077949
16,"build/tests/sizes/cube-289-asc.msh2","scan",1622650779086783623,1622650779322107481
16,"build/tests/sizes/cube-289-asc.msh2","chck",1622650779075079145,1622650779322113394
16,"build/tests/sizes/cube-1143-asc.mesh","scan",1622650779324502575,1622650783496309786
16,"build/tests/sizes/cube-1143-asc.mesh","chck",1622650779322114536,1622650783496326583
16,"build/tests/sizes/cube-1142-asc.bdf","scan",1622650783510148348,1622650783519124792
16,"build/tests/sizes/cube-1142-asc.bdf","chck",1622650783496327801,1622650783519131727
16,"build/tests/sizes/cube-2953-stl-bin.geo","scan",1622650783519730347,1622650784615964823
16,"build/tests/sizes/cube-2953-stl-bin.geo","chck",1622650783519132898,1622650784615985734
16,"build/tests/sizes/cube-1579-geo.geo","scan",1622650784633771927,1622650784635380133
16,"build/tests/sizes/cube-1579-geo.geo","chck",1622650784615987069,1622650784635395913
16,"build/tests/sizes/cube-593-asc.msh2","scan",1622650784649436913,1622650787211924921
16,"build/tests/sizes/cube-593-asc.msh2","chck",1622650784635397444,1622650787211932718
16,"build/tests/sizes/cube-3053-geo.geo_unrolled","scan",1622650787212877605,1622650787214019140
16,"build/tests/sizes/cube-3053-geo.geo_unrolled","chck",1622650787211934073,1622650787214024477
16,"build/tests/sizes/cube-1588-asc.msh2","scan",1622650787215281751,1622650788897087974
16,"build/tests/sizes/cube-1588-asc.msh2","chck",1622650787214025806,1622650788897095866
16,"build/tests/sizes/cube-3728-bin.msh4","scan",1622650788897768797,1622650789490852326
16,"build/tests/sizes/cube-3728-bin.msh4","chck",1622650788897097373,1622650789490858112
16,"build/tests/sizes/cube-2139-bin.cgns","scan",1622650789494107743,1622650789553514868
16,"build/tests/sizes/cube-2139-bin.cgns","chck",1622650789490859135,1622650789553521491
16,"build/tests/sizes/cube-613-bin.msh2","scan",1622650789564559794,1622650789643562484
16,"build/tests/sizes/cube-613-bin.msh2","chck",1622650789553522920,1622650789643569762
16,"build/tests/sizes/cube-2426-asc.bdf","scan",1622650789644260843,1622650791273424224
16,"build/tests/sizes/cube-2426-asc.bdf","chck",1622650789643574337,1622650791273429445
16,"build/tests/sizes/cube-2325-geo.geo","scan",1622650791274078451,1622650791330415438
16,"build/tests/sizes/cube-2325-geo.geo","chck",1622650791273430446,1622650791330421090
16,"build/tests/sizes/cube-3917-bin.vtk","scan",1622650791330987496,1622650791600463251
16,"build/tests/sizes/cube-3917-bin.vtk","chck",1622650791330422194,1622650791600470461
16,"build/tests/sizes/cube-1640-bin.msh4","scan",1622650791601740721,1622650791798736698
16,"build/tests/sizes/cube-1640-bin.msh4","chck",1622650791600471892,1622650791798744450
16,"build/tests/sizes/cube-9-stl-bin.geo","scan",1622650791814340693,1622650791920672092
16,"build/tests/sizes/cube-9-stl-bin.geo","chck",1622650791798745617,1622650791920678877
16,"build/tests/sizes/cube-2557-bin.msh4","scan",1622650791921253624,1622650792013814528
16,"build/tests/sizes/cube-2557-bin.msh4","chck",1622650791920680116,1622650792013822203
16,"build/tests/sizes/cube-619-bin.msh4","scan",1622650792027972415,1622650792051252321
16,"build/tests/sizes/cube-619-bin.msh4","chck",1622650792013823400,1622650792051258988
16,"build/tests/sizes/cube-2986-geo.geo","scan",1622650792051895081,1622650792054401067
16,"build/tests/sizes/cube-2986-geo.geo","chck",1622650792051259931,1622650792054407009
16,"build/tests/sizes/cube-2057-bin.cgns","scan",1622650792057803825,1622650792116789225
16,"build/tests/sizes/cube-2057-bin.cgns","chck",1622650792054407973,1622650792116795154
16,"build/tests/sizes/cube-3090-stl-bin.geo","scan",1622650792117597949,1622650792127984576
16,"build/tests/sizes/cube-3090-stl-bin.geo","chck",1622650792116796429,1622650792127990901
16,"build/tests/sizes/cube-493-bin.msh4","scan",1622650792129401077,1622650792131633805
16,"build/tests/sizes/cube-493-bin.msh4","chck",1622650792127992271,1622650792131638113
16,"build/tests/sizes/cube-3690-geo.geo","scan",1622650792132227021,1622650792133476809
16,"build/tests/sizes/cube-3690-geo.geo","chck",1622650792131639159,1622650792133481567
16,"build/tests/sizes/cube-1425-bin.msh2","scan",1622650792151779961,1622650792159815557
16,"build/tests/sizes/cube-1425-bin.msh2","chck",1622650792133482626,1622650792159821845
16,"build/tests/sizes/cube-1893-asc.msh2","scan",1622650792160945881,1622650793057496585
16,"build/tests/sizes/cube-1893-asc.msh2","chck",1622650792159822983,1622650793057504122
16,"build/tests/sizes/cube-2156-stl-bin.geo","scan",1622650793058236923,1622650793108141374
16,"build/tests/sizes/cube-2156-stl-bin.geo","chck",1622650793057505321,1622650793108147842
16,"build/tests/sizes/cube-761-bin.msh2","scan",1622650793116905612,1622650793248775998
16,"build/tests/sizes/cube-761-bin.msh2","chck",1622650793108148944,1622650793248782932
16,"build/tests/sizes/cube-780-bin.msh4","scan",1622650793262861876,1622650793305648281
16,"build/tests/sizes/cube-780-bin.msh4","chck",1622650793248783954,1622650793305656793
16,"build/tests/sizes/cube-3782-stl-bin.geo","scan",1622650793306369236,1622650793387679954
16,"build/tests/sizes/cube-3782-stl-bin.geo","chck",1622650793305658039,1622650793387685523
16,"build/tests/sizes/cube-1940-stl-bin.geo","scan",1622650793388267723,1622650793450547193
16,"build/tests/sizes/cube-1940-stl-bin.geo","chck",1622650793387686634,1622650793450553941
16,"build/tests/sizes/cube-1734-stl-bin.geo","scan",1622650793483978562,1622650794114536942
16,"build/tests/sizes/cube-1734-stl-bin.geo","chck",1622650793450555411,1622650794114545303
16,"build/tests/sizes/cube-281-asc.msh2","scan",1622650794115978478,1622650794119568460
16,"build/tests/sizes/cube-281-asc.msh2","chck",1622650794114546520,1622650794119574346
16,"build/tests/sizes/cube-1180-bin.vtk","scan",1622650794120555430,1622650794209647544
16,"build/tests/sizes/cube-1180-bin.vtk","chck",1622650794119575367,1622650794209654901
16,"build/tests/sizes/cube-652-stl-bin.geo","scan",1622650794223374754,1622650794250276448
16,"build/tests/sizes/cube-652-stl-bin.geo","chck",1622650794209656438,1622650794250284350
16,"build/tests/sizes/cube-2996-bin.msh4","scan",1622650794251215450,1622650794252661098
16,"build/tests/sizes/cube-2996-bin.msh4","chck",1622650794250554683,1622650794252665499
16,"build/tests/sizes/cube-1889-geo.geo_unrolled","scan",1622650794273906710,1622650794275134613
16,"build/tests/sizes/cube-1889-geo.geo_unrolled","chck",1622650794252666528,1622650794275141702
16,"build/tests/sizes/cube-2610-bin.msh4","scan",1622650794275697284,1622650794276907239
16,"build/tests/sizes/cube-2610-bin.msh4","chck",1622650794275142811,1622650794276911606
16,"build/tests/sizes/cube-265-stl-bin.geo","scan",1622650794300703595,1622650794305688446
16,"build/tests/sizes/cube-265-stl-bin.geo","chck",1622650794276912565,1622650794305695763
16,"build/tests/sizes/cube-849-bin.msh2","scan",1622650794323065236,1622650794358996839
16,"build/tests/sizes/cube-849-bin.msh2","chck",1622650794305697130,1622650794359004554
16,"build/tests/sizes/cube-870-geo.geo_unrolled","scan",1622650794376420983,1622650794377959500
16,"build/tests/sizes/cube-870-geo.geo_unrolled","chck",1622650794359005938,1622650794377966294
16,"build/tests/sizes/cube-2032-stl-bin.geo","scan",1622650794378548395,1622650794381417752
16,"build/tests/sizes/cube-2032-stl-bin.geo","chck",1622650794377967465,1622650794381423286
16,"build/tests/sizes/cube-2936-asc.mesh","scan",1622650794382008153,1622650796315652029
16,"build/tests/sizes/cube-2936-asc.mesh","chck",1622650794381424589,1622650796315660600
16,"build/tests/sizes/cube-3647-asc.msh2","scan",1622650796316316740,1622650796319648026
16,"build/tests/sizes/cube-3647-asc.msh2","chck",1622650796315661836,1622650796319653009
16,"build/tests/sizes/cube-54-geo.geo","scan",1622650796333786996,1622650796335250039
16,"build/tests/sizes/cube-54-geo.geo","chck",1622650796319654071,1622650796335256736
16,"build/tests/sizes/cube-19-bin.msh4","scan",1622650796350991787,1622650796999124530
16,"build/tests/sizes/cube-19-bin.msh4","chck",1622650796335257910,1622650796999130894
16,"build/tests/sizes/cube-1954-asc.msh2","scan",1622650796999814396,1622650797086589017
16,"build/tests/sizes/cube-1954-asc.msh2","chck",1622650796999132077,1622650797086596936
16,"build/tests/sizes/cube-2747-bin.vtk","scan",1622650797087376799,1622650797206991677
16,"build/tests/sizes/cube-2747-bin.vtk","chck",1622650797086598169,1622650797207000707
16,"build/tests/sizes/cube-3594-asc.msh2","scan",1622650797207702420,1622650797218511255
16,"build/tests/sizes/cube-3594-asc.msh2","chck",1622650797207002262,1622650797218518508
16,"build/tests/sizes/cube-2481-asc.msh2","scan",1622650797219065778,1622650797374267091
16,"build/tests/sizes/cube-2481-asc.msh2","chck",1622650797218519708,1622650797374273718
16,"build/tests/sizes/cube-778-bin.msh4","scan",1622650797392338646,1622650797425472315
16,"build/tests/sizes/cube-778-bin.msh4","chck",1622650797374274785,1622650797425479817
16,"build/tests/sizes/cube-1345-bin.cgns","scan",1622650797448013470,1622650797554925753
16,"build/tests/sizes/cube-1345-bin.cgns","chck",1622650797425481007,1622650797554932990
16,"build/tests/sizes/cube-1817-geo.geo_unrolled","scan",1622650797557499704,1622650797558775799
16,"build/tests/sizes/cube-1817-geo.geo_unrolled","chck",1622650797554934069,1622650797558781675
16,"build/tests/sizes/cube-668-asc.mesh","scan",1622650797584987132,1622650797637079303
16,"build/tests/sizes/cube-668-asc.mesh","chck",1622650797558782788,1622650797637086126
16,"build/tests/sizes/cube-3537-bin.cgns","scan",1622650797641714910,1622650797706543525
16,"build/tests/sizes/cube-3537-bin.cgns","chck",1622650797637088382,1622650797706551845
16,"build/tests/sizes/cube-1499-bin.msh2","scan",1622650797722968948,1622650798332414801
16,"build/tests/sizes/cube-1499-bin.msh2","chck",1622650797706553004,1622650798332422835
16,"build/tests/sizes/cube-3255-bin.cgns","scan",1622650798338538746,1622650798404186245
16,"build/tests/sizes/cube-3255-bin.cgns","chck",1622650798332424041,1622650798404192940
16,"build/tests/sizes/cube-90-asc.msh2","scan",1622650798406020460,1622650798437487348
16,"build/tests/sizes/cube-90-asc.msh2","chck",1622650798404194123,1622650798437494550
16,"build/tests/sizes/cube-3717-bin.msh2","scan",1622650798438105752,1622650803823247325
16,"build/tests/sizes/cube-3717-bin.msh2","chck",1622650798437495685,1622650803823265038
16,"build/tests/sizes/cube-311-bin.cgns","scan",1622650803853575990,1622650804043167329
16,"build/tests/sizes/cube-311-bin.cgns","chck",1622650803823266270,1622650804043173119
16,"build/tests/sizes/cube-1858-asc.mesh","scan",1622650804044324103,1622650807625009177
16,"build/tests/sizes/cube-1858-asc.mesh","chck",1622650804043174206,1622650807625024234
16,"build/tests/sizes/cube-2276-asc.mesh","scan",1622650807626184265,1622650810842943829
16,"build/tests/sizes/cube-2276-asc.mesh","chck",1622650807625025413,1622650810842950914
16,"build/tests/sizes/cube-1357-asc.msh2","scan",1622650810863519929,1622650810894508911
16,"build/tests/sizes/cube-1357-asc.msh2","chck",1622650810842952182,1622650810894516091
16,"build/tests/sizes/cube-3991-geo.geo","scan",1622650810895175933,1622650810896604909
16,"build/tests/sizes/cube-3991-geo.geo","chck",1622650810894517415,1622650810896609702
16,"build/tests/sizes/cube-950-bin.cgns","scan",1622650810921069446,1622650811116277798
16,"build/tests/sizes/cube-950-bin.cgns","chck",1622650810896610848,1622650811116285045
16,"build/tests/sizes/cube-1274-asc.msh2","scan",1622650811127305517,1622650814939429662
16,"build/tests/sizes/cube-1274-asc.msh2","chck",1622650811116286225,1622650814939438641
16,"build/tests/sizes/cube-2626-asc.bdf","scan",1622650814940221401,1622650815702269825
16,"build/tests/sizes/cube-2626-asc.bdf","chck",1622650814939439832,1622650815702277645
16,"build/tests/sizes/cube-3169-asc.bdf","scan",1622650815703102086,1622650820325815642
16,"build/tests/sizes/cube-3169-asc.bdf","chck",1622650815702278842,1622650820325825874
16,"build/tests/sizes/cube-529-bin.msh4","scan",1622650820338902033,1622650820580436720
16,"build/tests/sizes/cube-529-bin.msh4","chck",1622650820325827105,1622650820580450488
16,"build/tests/sizes/cube-3721-bin.msh2","scan",1622650820581036449,1622650820592863810
16,"build/tests/sizes/cube-3721-bin.msh2","chck",1622650820580451732,1622650820592869835
16,"build/tests/sizes/cube-1962-bin.cgns","scan",1622650820597919275,1622650820659657559
16,"build/tests/sizes/cube-1962-bin.cgns","chck",1622650820592870855,1622650820659664966
16,"build/tests/sizes/cube-2180-bin.msh4","scan",1622650820660389486,1622650820665156849
16,"build/tests/sizes/cube-2180-bin.msh4","chck",1622650820659666149,1622650820665162156
16,"build/tests/sizes/cube-776-geo.geo","scan",1622650820666387908,1622650820667679649
16,"build/tests/sizes/cube-776-geo.geo","chck",1622650820665163187,1622650820667683595
16,"build/tests/sizes/cube-1515-stl-bin.geo","scan",1622650820681747734,1622650821071390586
16,"build/tests/sizes/cube-1515-stl-bin.geo","chck",1622650820667684632,1622650821071396466
16,"build/tests/sizes/cube-684-asc.msh2","scan",1622650821086062615,1622650821157572342
16,"build/tests/sizes/cube-684-asc.msh2","chck",1622650821071397465,1622650821157579845
16,"build/tests/sizes/cube-3767-bin.msh2","scan",1622650821158228794,1622650821187277853
16,"build/tests/sizes/cube-3767-bin.msh2","chck",1622650821157581010,1622650821187284164
16,"build/tests/sizes/cube-3303-geo.geo","scan",1622650821188101736,1622650821189508896
16,"build/tests/sizes/cube-3303-geo.geo","chck",1622650821187285485,1622650821189514229
16,"build/tests/sizes/cube-3496-asc.bdf","scan",1622650821190057827,1622650821196136059
16,"build/tests/sizes/cube-3496-asc.bdf","chck",1622650821189515217,1622650821196140763
16,"build/tests/sizes/cube-180-bin.cgns","scan",1622650821212049500,1622650821306938878
16,"build/tests/sizes/cube-180-bin.cgns","chck",1622650821196141681,1622650821306946503
16,"build/tests/sizes/cube-2026-asc.msh2","scan",1622650821307730842,1622650822672545636
16,"build/tests/sizes/cube-2026-asc.msh2","chck",1622650821306947661,1622650822672553742
16,"build/tests/sizes/cube-3379-bin.msh4","scan",1622650822673285925,1622650822674840659
16,"build/tests/sizes/cube-3379-bin.msh4","chck",1622650822672555150,1622650822674844705
16,"build/tests/sizes/cube-3898-geo.geo","scan",1622650822675516693,1622650822676942766
16,"build/tests/sizes/cube-3898-geo.geo","chck",1622650822674980645,1622650822676946344
16,"build/tests/sizes/cube-2721-geo.geo","scan",1622650822677479821,1622650822678765454
16,"build/tests/sizes/cube-2721-geo.geo","chck",1622650822676947247,1622650822678769223
16,"build/tests/sizes/cube-156-geo.geo_unrolled","scan",1622650822693530596,1622650822694696738
16,"build/tests/sizes/cube-156-geo.geo_unrolled","chck",1622650822678770151,1622650822694700368
16,"build/tests/sizes/cube-1044-asc.bdf","scan",1622650822711351237,1622650822720351817
16,"build/tests/sizes/cube-1044-asc.bdf","chck",1622650822694701348,1622650822720364429
16,"build/tests/sizes/cube-2749-geo.geo_unrolled","scan",1622650822720934635,1622650822722278864
16,"build/tests/sizes/cube-2749-geo.geo_unrolled","chck",1622650822720365675,1622650822722282992
16,"build/tests/sizes/cube-2397-bin.msh2","scan",1622650822722807860,1622650822724616273
16,"build/tests/sizes/cube-2397-bin.msh2","chck",1622650822722283896,1622650822724619253
16,"build/tests/sizes/cube-2680-bin.vtk","scan",1622650822725155924,1622650823329258021
16,"build/tests/sizes/cube-2680-bin.vtk","chck",1622650822724620185,1622650823329265971
16,"build/tests/sizes/cube-2679-bin.msh2","scan",1622650823330118341,1622650823396248644
16,"build/tests/sizes/cube-2679-bin.msh2","chck",1622650823329267060,1622650823396256957
16,"cube-1044-asc","prep",1622650823397485062,1622650823397813549
16,"cube-1044-asc","zzzz",1622650823397818031,1622650823401077354,244,513,1539
16,"cube-1044-asc","post",1622650823401078560,1622650823401167149
16,"cube-2721-geo","mesh",1622650823401186537,1622650823420984936
16,"cube-2721-geo","prep",1622650823421962800,1622650823422333334
16,"cube-2721-geo","zzzz",1622650823422335998,1622650823433024254,651,1264,3792
16,"cube-2721-geo","post",1622650823433026045,1622650823433202952
16,"cube-3594-asc","prep",1622650823433261613,1622650823434028647
16,"cube-3594-asc","zzzz",1622650823434030242,1622650823461872295,1436,2598,7794
16,"cube-3594-asc","post",1622650823461889685,1622650823462142513
16,"cube-3379-bin","prep",1622650823462279086,1622650823462671662
16,"cube-3379-bin","zzzz",1622650823462673196,1622650823475214885,771,1428,4284
16,"cube-3379-bin","post",1622650823475221917,1622650823475376850
16,"cube-1858-asc","prep",1622650823475459830,1622650824234672697
16,"cube-1858-asc","zzzz",1622650824234679901,1622651083105112672,1068888,1468217,4404651
16,"cube-1858-asc","post",1622651083105138331,1622651083263641873
16,"cube-3306-bin","prep",1622651083264007224,1622651083278388386
16,"cube-3306-bin","zzzz",1622651083278392559,1622651083378551995,3968,6486,19458
16,"cube-3306-bin","post",1622651083378559501,1622651083379648118
16,"cube-1199-stl-bin","mesh",1622651083380616340,1622651083567833252
16,"cube-1199-stl-bin","prep",1622651083568715391,1622651083580425663
16,"cube-1199-stl-bin","zzzz",1622651083580430287,1622651084628409688,17412,33251,99753
16,"cube-1199-stl-bin","post",1622651084628420641,1622651084633754691
16,"cube-3804-asc","prep",1622651084634286592,1622651084882177371
16,"cube-3804-asc","zzzz",1622651084882184862,1622651155116323390,416628,581084,1743252
16,"cube-3804-asc","post",1622651155116337790,1622651155216202943
16,"cube-2747-bin","prep",1622651155216244669,1622651155261550913
16,"cube-2747-bin","zzzz",1622651155261556155,1622651160618311545,70522,102182,306546
16,"cube-2747-bin","post",1622651160618323933,1622651160624688930
16,"cube-1962-bin.cgns","prep",1622651160624725134,1622651160647901202
16,"cube-1962-bin.cgns","zzzz",1622651160647903735,1622651160653124883,350,731,2193
16,"cube-1962-bin.cgns","post",1622651160653140409,1622651160653318480
16,"cube-619-bin","prep",1622651160653395515,1622651160654091610
16,"cube-619-bin","zzzz",1622651160654093208,1622651160688533444,1694,3049,9147
16,"cube-619-bin","post",1622651160688536838,1622651160688864686
16,"cube-2397-bin","prep",1622651160688925580,1622651160689049871
16,"cube-2397-bin","zzzz",1622651160689050667,1622651160692374371,244,513,1539
16,"cube-2397-bin","post",1622651160692384656,1622651160692502897
16,"cube-493-bin","prep",1622651160692537609,1622651160693238576
16,"cube-493-bin","zzzz",1622651160693239986,1622651160713397403,1145,2034,6102
16,"cube-493-bin","post",1622651160713407276,1622651160713787953
16,"cube-2180-bin","prep",1622651160713945898,1622651160716611144
16,"cube-2180-bin","zzzz",1622651160716612939,1622651160897393896,6158,9803,29409
16,"cube-2180-bin","post",1622651160897403798,1622651160898591948
16,"cube-2426-asc","prep",1622651160898665642,1622651161007045189
16,"cube-2426-asc","zzzz",1622651161007051052,1622651190409815511,230701,324368,973104
16,"cube-2426-asc","post",1622651190409825211,1622651190429989522
16,"cube-2953-stl-bin","mesh",1622651190430030042,1622651213824877550
16,"cube-2953-stl-bin","prep",1622651214739766996,1622651216633971596
16,"cube-2953-stl-bin","zzzz",1622651216633979743,1622652036503378644,2422291,3485681,10457043
16,"cube-2953-stl-bin","post",1622652036503395440,1622652037122644304
16,"cube-3053-geo","mesh",1622652037138699927,1622652042115277810
16,"cube-3053-geo","prep",1622652042179831180,1622652042495045199
16,"cube-3053-geo","zzzz",1622652042495050545,1622652114033698958,421972,588239,1764717
16,"cube-3053-geo","post",1622652114033714881,1622652114206987988
16,"cube-950-bin.cgns","prep",1622652114207063444,1622652114270282536
16,"cube-950-bin.cgns","zzzz",1622652114270286277,1622652114273659518,249,520,1560
16,"cube-950-bin.cgns","post",1622652114273669488,1622652114273754695
16,"cube-311-bin.cgns","prep",1622652114273843561,1622652114369554988
16,"cube-311-bin.cgns","zzzz",1622652114369561305,1622652130300064416,151222,214466,643398
16,"cube-311-bin.cgns","post",1622652130300078359,1622652130300147928
16,"cube-1499-bin","prep",1622652130300269228,1622652130356913676
16,"cube-1499-bin","zzzz",1622652130356918778,1622652140042787062,106831,152962,458886
16,"cube-1499-bin","post",1622652140042801381,1622652140052662897
16,"cube-2276-asc","prep",1622652140052701316,1622652140582882568
16,"cube-2276-asc","zzzz",1622652140582889432,1622652379617958002,1007042,1383002,4149006
16,"cube-2276-asc","post",1622652379617967824,1622652379701978447
16,"cube-9-stl-bin","mesh",1622652379702464080,1622652380377704376
16,"cube-9-stl-bin","prep",1622652380381340805,1622652380457811944
16,"cube-9-stl-bin","zzzz",1622652380457818080,1622652386636191949,65962,112632,337896
16,"cube-9-stl-bin","post",1622652386636201189,1622652386667551301
16,"cube-529-bin","prep",1622652386667593166,1622652386681800715
16,"cube-529-bin","zzzz",1622652386681803557,1622652386845406022,5717,9146,27438
16,"cube-529-bin","post",1622652386845414821,1622652386846016559
16,"cube-1178-geo","mesh",1622652386846095966,1622652390827628915
16,"cube-1178-geo","prep",1622652390828459956,1622652391233899654
16,"cube-1178-geo","zzzz",1622652391233904995,1622652441475254634,331555,464662,1393986
16,"cube-1178-geo","post",1622652441475269071,1622652441652816714
16,"cube-2557-bin","prep",1622652441653025536,1622652441757405265
16,"cube-2557-bin","zzzz",1622652441757411458,1622652464321256725,191736,271377,814131
16,"cube-2557-bin","post",1622652464321266541,1622652464338723381
16,"cube-2139-bin.cgns","prep",1622652464338770117,1622652464390834669
16,"cube-2139-bin.cgns","zzzz",1622652464390839666,1622652464452916947,2741,4637,13911
16,"cube-2139-bin.cgns","post",1622652464452924191,1622652464452959498
16,"cube-2936-asc","prep",1622652464453031724,1622652464769228420
16,"cube-2936-asc","zzzz",1622652464769234684,1622652587387616486,607097,841091,2523273
16,"cube-2936-asc","post",1622652587387630622,1622652587438780311
16,"cube-3255-bin.cgns","prep",1622652587438825544,1622652587549210493
16,"cube-3255-bin.cgns","zzzz",1622652587549219127,1622652899434464549,1231448,1688392,5065176
16,"cube-3255-bin.cgns","post",1622652899434475383,1622652899434525037
16,"cube-1345-bin.cgns","prep",1622652899434613186,1622652899446787157
16,"cube-1345-bin.cgns","zzzz",1622652899446791312,1622652899474520252,1419,2588,7764
16,"cube-1345-bin.cgns","post",1622652899474797354,1622652899474831314
16,"cube-849-bin","prep",1622652899474912502,1622652899476846979
16,"cube-849-bin","zzzz",1622652899476848987,1622652899565936423,3648,5975,17925
16,"cube-849-bin","post",1622652899565945212,1622652899567085410
16,"cube-2057-bin.cgns","prep",1622652899567120902,1622652899569915814
16,"cube-2057-bin.cgns","zzzz",1622652899569919727,1622652900886702671,26243,38966,116898
16,"cube-2057-bin.cgns","post",1622652900886716313,1622652900886781158
16,"cube-180-bin.cgns","prep",1622652900886918925,1622652900887621587
16,"cube-180-bin.cgns","zzzz",1622652900887624538,1622652900892421587,325,682,2046
16,"cube-180-bin.cgns","post",1622652900892425325,1622652900892448593
16,"cube-761-bin","prep",1622652900892503519,1622652900904144048
16,"cube-761-bin","zzzz",1622652900904145995,1622652901904030914,21594,32221,96663
16,"cube-761-bin","post",1622652901904040799,1622652901906490557
16,"cube-652-stl-bin","mesh",1622652901906514355,1622652901913518476
16,"cube-652-stl-bin","prep",1622652901914395387,1622652901914804755
16,"cube-652-stl-bin","zzzz",1622652901914806698,1622652901929707792,501,1619,4857
16,"cube-652-stl-bin","post",1622652901929717608,1622652901929971669
16,"cube-2679-bin","prep",1622652901930005736,1622652901938537006
16,"cube-2679-bin","zzzz",1622652901938539254,1622652902695807897,17436,26548,79644
16,"cube-2679-bin","post",1622652902695817809,1622652902698188096
16,"cube-281-asc","prep",1622652902698209152,1622652902698732379
16,"cube-281-asc","zzzz",1622652902698733448,1622652902701960221,238,503,1509
16,"cube-281-asc","post",1622652902701970144,1622652902702597609
16,"cube-780-bin","prep",1622652902702632219,1622652902715446962
16,"cube-780-bin","zzzz",1622652902715448920,1622652903937652540,24665,36994,110982
16,"cube-780-bin","post",1622652903937663221,1622652903940437157
16,"cube-3717-bin","prep",1622652903940455808,1622652904595217967
16,"cube-3717-bin","zzzz",1622652904595225730,1622653232443443137,1277378,1752779,5258337
16,"cube-3717-bin","post",1622653232443453600,1622653232588222132
16,"cube-2749-geo","mesh",1622653232588649179,1622653235001122493
16,"cube-2749-geo","prep",1622653235002039136,1622653235246603064
16,"cube-2749-geo","zzzz",1622653235246610719,1622653257655996662,191577,270130,810390
16,"cube-2749-geo","post",1622653257656010481,1622653257764648601
16,"cube-1940-stl-bin","mesh",1622653257768950373,1622653258341999897
16,"cube-1940-stl-bin","prep",1622653258343789619,1622653258400749163
16,"cube-1940-stl-bin","zzzz",1622653258400755313,1622653263244225465,54806,95316,285948
16,"cube-1940-stl-bin","post",1622653263244239489,1622653263270564264
16,"cube-289-asc","prep",1622653263270601540,1622653263293588511
16,"cube-289-asc","zzzz",1622653263293592415,1622653264870531395,29645,44071,132213
16,"cube-289-asc","post",1622653264870542428,1622653264873290384
16,"cube-54-geo","mesh",1622653264873321022,1622653267382385492
16,"cube-54-geo","prep",1622653267383230996,1622653267642013703
16,"cube-54-geo","zzzz",1622653267642018870,1622653293665075440,211977,298784,896352
16,"cube-54-geo","post",1622653293665086212,1622653293788365858
16,"cube-1425-bin","prep",1622653293788418371,1622653293804275219
16,"cube-1425-bin","zzzz",1622653293804277494,1622653293806169106,145,330,990
16,"cube-1425-bin","post",1622653293806179090,1622653293806290285
16,"cube-1180-bin","prep",1622653293806327232,1622653293846972608
16,"cube-1180-bin","zzzz",1622653293846975817,1622653296246423840,39903,58839,176517
16,"cube-1180-bin","post",1622653296246434873,1622653296254496289
16,"cube-2156-stl-bin","mesh",1622653296254529740,1622653296691593407
16,"cube-2156-stl-bin","prep",1622653296692480083,1622653296733860734
16,"cube-2156-stl-bin","zzzz",1622653296733867439,1622653300475511195,45418,79843,239529
16,"cube-2156-stl-bin","post",1622653300475523358,1622653300491754276
16,"cube-1893-asc","prep",1622653300491788876,1622653300556469036
16,"cube-1893-asc","zzzz",1622653300556475201,1622653311546606246,116846,166712,500136
16,"cube-1893-asc","post",1622653311546620195,1622653311556838121
16,"cube-870-geo","mesh",1622653311556882269,1622653311589000472
16,"cube-870-geo","prep",1622653311589871512,1622653311590809667
16,"cube-870-geo","zzzz",1622653311590811861,1622653311618816701,1433,2606,7818
16,"cube-870-geo","post",1622653311618826482,1622653311619299846
16,"cube-3782-stl-bin","mesh",1622653311619317261,1622653312356221297
16,"cube-3782-stl-bin","prep",1622653312358443920,1622653312438442423
16,"cube-3782-stl-bin","zzzz",1622653312438449087,1622653319928626860,75913,128392,385176
16,"cube-3782-stl-bin","post",1622653319928636172,1622653319966174219
16,"cube-1357-asc","prep",1622653319966216895,1622653319980686888
16,"cube-1357-asc","zzzz",1622653319980689939,1622653319999732876,1083,1950,5850
16,"cube-1357-asc","post",1622653319999748364,1622653319999931607
16,"cube-3898-geo","mesh",1622653319999957172,1622653322356849366
16,"cube-3898-geo","prep",1622653322357768379,1622653322605989173
16,"cube-3898-geo","zzzz",1622653322605994214,1622653344009224566,185197,261838,785514
16,"cube-3898-geo","post",1622653344009232275,1622653344121460534
16,"cube-732-bin","prep",1622653344126154728,1622653345218989973
16,"cube-732-bin","zzzz",1622653345218998725,1622653918731084482,1951500,2666150,7998450
16,"cube-732-bin","post",1622653918731094494,1622653918906924370
16,"cube-1640-bin","prep",1622653918907368927,1622653919094345063
16,"cube-1640-bin","zzzz",1622653919094351619,1622653964326541352,308916,433123,1299369
16,"cube-1640-bin","post",1622653964326555766,1622653964352218971
16,"cube-2325-geo","mesh",1622653964352277892,1622653964680246570
16,"cube-2325-geo","prep",1622653964681080259,1622653964700961850
16,"cube-2325-geo","zzzz",1622653964700966543,1622653966027243745,26086,39129,117387
16,"cube-2325-geo","post",1622653966027254485,1622653966033251470
16,"cube-2986-geo","mesh",1622653966034078046,1622653966148609115
16,"cube-2986-geo","prep",1622653966149441235,1622653966154744316
16,"cube-2986-geo","zzzz",1622653966154746452,1622653966435232920,8434,13317,39951
16,"cube-2986-geo","post",1622653966435242863,1622653966437154338
16,"cube-3090-stl-bin","mesh",1622653966437353132,1622653966482872572
16,"cube-3090-stl-bin","prep",1622653966483677878,1622653966486584231
16,"cube-3090-stl-bin","zzzz",1622653966486586389,1622653966684046130,4754,10426,31278
16,"cube-3090-stl-bin","post",1622653966684056092,1622653966685089274
16,"cube-3211-geo","mesh",1622653966685206304,1622653987180179151
16,"cube-3211-geo","prep",1622653987181403339,1622653989215319819
16,"cube-3211-geo","zzzz",1622653989215325577,1622654501393460823,1793319,2449285,7347855
16,"cube-3211-geo","post",1622654501393470786,1622654501958289396
16,"cube-3478-geo","mesh",1622654501958338316,1622654502060178850
16,"cube-3478-geo","prep",1622654502061057860,1622654502061771410
16,"cube-3478-geo","zzzz",1622654502061774290,1622654502078939961,1019,1802,5406
16,"cube-3478-geo","post",1622654502078954221,1622654502079295625
16,"cube-2991-bin","prep",1622654502079587677,1622654502080363079
16,"cube-2991-bin","zzzz",1622654502080365028,1622654502105310786,1311,2390,7170
16,"cube-2991-bin","post",1622654502105324868,1622654502105520858
16,"cube-1142-asc","prep",1622654502107459281,1622654502107666767
16,"cube-1142-asc","zzzz",1622654502107668236,1622654502110930608,241,508,1524
16,"cube-1142-asc","post",1622654502110935397,1622654502111012284
16,"cube-3658-bin.cgns","prep",1622654502111023416,1622654502112139611
16,"cube-3658-bin.cgns","zzzz",1622654502112142327,1622654502242409148,4814,7797,23391
16,"cube-3658-bin.cgns","post",1622654502242425580,1622654502242462990
16,"cube-1588-asc","prep",1622654502242525976,1622654502353079316
16,"cube-1588-asc","zzzz",1622654502353084521,1622654528891105735,214921,302711,908133
16,"cube-1588-asc","post",1622654528891120130,1622654528909614979
16,"cube-1734-stl-bin","mesh",1622654528909653020,1622654540002976386
16,"cube-1734-stl-bin","prep",1622654540520232275,1622654541363727942
16,"cube-1734-stl-bin","zzzz",1622654541363734473,1622654838007341452,1102532,1626121,4878363
16,"cube-1734-stl-bin","post",1622654838007372592,1622654838449283134
16,"cube-2718-bin","prep",1622654838449767904,1622654839182927655
16,"cube-2718-bin","zzzz",1622654839182934651,1622655155117808259,1241453,1704794,5114382
16,"cube-2718-bin","post",1622655155117860921,1622655155325753698
16,"cube-1579-geo","mesh",1622655155325835908,1622655160772130693
16,"cube-1579-geo","prep",1622655160773007752,1622655161303075536
16,"cube-1579-geo","zzzz",1622655161303082644,1622655250917233398,491593,683289,2049867
16,"cube-1579-geo","post",1622655250917248277,1622655251087829185
16,"cube-633-asc","prep",1622655251087932338,1622655251133129976
16,"cube-633-asc","zzzz",1622655251133135074,1622655254213669326,47587,69938,209814
16,"cube-633-asc","post",1622655254213689238,1622655254224392795
16,"cube-1889-geo","mesh",1622655254224425517,1622655264546551051
16,"cube-1889-geo","prep",1622655264547399214,1622655265562694734
16,"cube-1889-geo","zzzz",1622655265562701088,1622655482028230438,933630,1283859,3851577
16,"cube-1889-geo","post",1622655482028238549,1622655482307013418
16,"cube-3991-geo","mesh",1622655482307132036,1622655482463647412
16,"cube-3991-geo","prep",1622655482464593196,1622655482470010055
16,"cube-3991-geo","zzzz",1622655482470012726,1622655482784546295,9127,14423,43269
16,"cube-3991-geo","post",1622655482784556198,1622655482786708788
16,"cube-1143-asc","prep",1622655482786743192,1622655483490402276
16,"cube-1143-asc","zzzz",1622655483490409635,1622655820226564552,1304949,1788294,5364882
16,"cube-1143-asc","post",1622655820226574868,1622655820337801369
16,"cube-3728-bin","prep",1622655820337840998,1622655820913511298
16,"cube-3728-bin","zzzz",1622655820913518142,1622656087436292313,1092853,1500646,4501938
16,"cube-3728-bin","post",1622656087436301257,1622656087527015953
16,"cube-2481-asc","prep",1622656087527047075,1622656087538860263
16,"cube-2481-asc","zzzz",1622656087538863693,1622656088528774002,21261,31965,95895
16,"cube-2481-asc","post",1622656088528784257,1622656088531006153
16,"cube-613-bin","prep",1622656088531034507,1622656088538180672
16,"cube-613-bin","zzzz",1622656088538182585,1622656089054213486,13146,20360,61080
16,"cube-613-bin","post",1622656089054229147,1622656089055689957
16,"cube-1219-asc","prep",1622656089055717027,1622656089062254499
16,"cube-1219-asc","zzzz",1622656089062256742,1622656089554108097,12730,19705,59115
16,"cube-1219-asc","post",1622656089554118112,1622656089555601995
16,"cube-593-asc","prep",1622656089555652404,1622656089747499528
16,"cube-593-asc","zzzz",1622656089747505772,1622656141191915975,336658,472016,1416048
16,"cube-593-asc","post",1622656141191930145,1622656141236451065
16,"cube-2026-asc","prep",1622656141236489631,1622656141334617177
16,"cube-2026-asc","zzzz",1622656141334622985,1622656160226772568,169812,240653,721959
16,"cube-2026-asc","post",1622656160226780040,1622656160245298264
16,"cube-3647-asc","prep",1622656160245337108,1622656160248513977
16,"cube-3647-asc","zzzz",1622656160248516200,1622656160253721605,348,729,2187
16,"cube-3647-asc","post",1622656160253726601,1622656160253828130
16,"cube-2680-bin","prep",1622656160253841394,1622656160481948698
16,"cube-2680-bin","zzzz",1622656160481955116,1622656229269232545,410968,573050,1719150
16,"cube-2680-bin","post",1622656229269239622,1622656229305549831
16,"cube-2610-bin","prep",1622656229305590338,1622656229305833699
16,"cube-2610-bin","zzzz",1622656229305834886,1622656229307645451,142,327,981
16,"cube-2610-bin","post",1622656229307646781,1622656229307765312
16,"cube-19-bin","prep",1622656229307772092,1622656229746726423
16,"cube-19-bin","zzzz",1622656229746734348,1622656395498155898,763101,1050895,3152685
16,"cube-19-bin","post",1622656395498163416,1622656395561910721
16,"cube-1954-asc","prep",1622656395561946220,1622656395568157124
16,"cube-1954-asc","zzzz",1622656395568160029,1622656396046865435,12468,19315,57945
16,"cube-1954-asc","post",1622656396046870347,1622656396048132362
16,"cube-1817-geo","mesh",1622656396048151637,1622656396181397316
16,"cube-1817-geo","prep",1622656396182257593,1622656396186844512
16,"cube-1817-geo","zzzz",1622656396186846333,1622656396460717673,8246,13098,39294
16,"cube-1817-geo","post",1622656396460722367,1622656396461814983
16,"cube-90-asc","prep",1622656396461986702,1622656396464431407
16,"cube-90-asc","zzzz",1622656396464433171,1622656396563370373,3928,6430,19290
16,"cube-90-asc","post",1622656396563380376,1622656396564250125
16,"cube-2996-bin","prep",1622656396564275477,1622656396564499155
16,"cube-2996-bin","zzzz",1622656396564500526,1622656396567810591,244,513,1539
16,"cube-2996-bin","post",1622656396567820455,1622656396568052785
16,"cube-156-geo","mesh",1622656396568063980,1622656396878680032
16,"cube-156-geo","prep",1622656396879509163,1622656396896334134
16,"cube-156-geo","zzzz",1622656396896337538,1622656398179964267,25725,38252,114756
16,"cube-156-geo","post",1622656398179978828,1622656398184516120
16,"cube-3917-bin","prep",1622656398184944344,1622656398278107505
16,"cube-3917-bin","zzzz",1622656398278113489,1622656417657916311,173003,244896,734688
16,"cube-3917-bin","post",1622656417657929819,1622656417673855927
16,"cube-778-bin","prep",1622656417673901593,1622656417683406661
16,"cube-778-bin","zzzz",1622656417683410375,1622656418408241872,16936,25755,77265
16,"cube-778-bin","post",1622656418408252128,1622656418410742210
16,"cube-668-asc","prep",1622656418410759361,1622656418414653492
16,"cube-668-asc","zzzz",1622656418414655282,1622656418626185086,6884,10939,32817
16,"cube-668-asc","post",1622656418626195093,1622656418627204040
16,"cube-776-geo","mesh",1622656418627247724,1622656419914723990
16,"cube-776-geo","prep",1622656419921832761,1622656419989034335
16,"cube-776-geo","zzzz",1622656419989040029,1622656429645137983,106516,152704,458112
16,"cube-776-geo","post",1622656429645153228,1622656429686003897
16,"cube-1274-asc","prep",1622656429688781451,1622656429932830740
16,"cube-1274-asc","zzzz",1622656429932836157,1622656512096281616,463576,644988,1934964
16,"cube-1274-asc","post",1622656512096289462,1622656512136096172
16,"cube-2626-asc","prep",1622656512136164458,1622656512183317951
16,"cube-2626-asc","zzzz",1622656512183324326,1622656519574308888,88282,127242,381726
16,"cube-2626-asc","post",1622656519574321890,1622656519582423265
16,"cube-3690-geo","mesh",1622656519582471462,1622656519642374923
16,"cube-3690-geo","prep",1622656519643195428,1622656519645286728
16,"cube-3690-geo","zzzz",1622656519645288829,1622656519732534062,3585,5888,17664
16,"cube-3690-geo","post",1622656519732543953,1622656519733407216
16,"cube-1515-stl-bin","mesh",1622656519733452594,1622656526997844957
16,"cube-1515-stl-bin","prep",1622656526998710879,1622656527757499468
16,"cube-1515-stl-bin","zzzz",1622656527757508765,1622656700767238491,727971,1085208,3255624
16,"cube-1515-stl-bin","post",1622656700767253386,1622656700990647367
16,"cube-3169-asc","prep",1622656700990689814,1622656701341592133
16,"cube-3169-asc","zzzz",1622656701341599910,1622656829515830065,626535,866620,2599860
16,"cube-3169-asc","post",1622656829515849609,1622656829571055135
16,"cube-3721-bin","prep",1622656829571090814,1622656829572993845
16,"cube-3721-bin","zzzz",1622656829572997465,1622656829658115888,3512,5787,17361
16,"cube-3721-bin","post",1622656829658133525,1622656829658435106
16,"cube-3537-bin.cgns","prep",1622656829658676309,1622656829708376535
16,"cube-3537-bin.cgns","zzzz",1622656829708382157,1622656830113520224,10989,17212,51636
16,"cube-3537-bin.cgns","post",1622656830113533736,1622656830113611349
16,"cube-265-stl-bin","mesh",1622656830113693728,1622656830118645127
16,"cube-265-stl-bin","prep",1622656830119665369,1622656830119899705
16,"cube-265-stl-bin","zzzz",1622656830119901519,1622656830127618883,288,983,2949
16,"cube-265-stl-bin","post",1622656830127623635,1622656830127745876
16,"cube-684-asc","prep",1622656830127757955,1622656830131298058
16,"cube-684-asc","zzzz",1622656830131300135,1622656830317045778,6294,9990,29970
16,"cube-684-asc","post",1622656830317050850,1622656830318400329
16,"cube-2032-stl-bin","mesh",1622656830318639674,1622656830322564832
16,"cube-2032-stl-bin","prep",1622656830323529933,1622656830323668852
16,"cube-2032-stl-bin","zzzz",1622656830323670518,1622656830327530824,151,578,1734
16,"cube-2032-stl-bin","post",1622656830328028111,1622656830328170245
16,"cube-3767-bin","prep",1622656830328199254,1622656830332161541
16,"cube-3767-bin","zzzz",1622656830332163437,1622656830539161493,6764,10775,32325
16,"cube-3767-bin","post",1622656830539171457,1622656830540664474
16,"cube-3303-geo","mesh",1622656830540832542,1622656830612749844
16,"cube-3303-geo","prep",1622656830613483652,1622656830615659627
16,"cube-3303-geo","zzzz",1622656830615661489,1622656830745867890,4815,7804,23412
16,"cube-3303-geo","post",1622656830745877880,1622656830746921660
16,"cube-3496-asc","prep",1622656830746938087,1622656830747677889
16,"cube-3496-asc","zzzz",1622656830747679505,1622656830758794347,676,1297,3891
16,"cube-3496-asc","post",1622656830758804288,1622656830759211008
16,"Proc","exit_task",1622650751065484420,1622656830808372883,4888008
