12,"build/tests/sizes/cube-3197-bin.cgns","scan",1622650769590911117,1622650769645938561
12,"build/tests/sizes/cube-3197-bin.cgns","chck",1622650769584854105,1622650769646078483
12,"build/tests/sizes/cube-595-bin.cgns","scan",1622650769653058216,1622650769715270721
12,"build/tests/sizes/cube-595-bin.cgns","chck",1622650769646079909,1622650769715276563
12,"build/tests/sizes/cube-3483-geo.geo_unrolled","scan",1622650769716717784,1622650769719245524
12,"build/tests/sizes/cube-3483-geo.geo_unrolled","chck",1622650769715277707,1622650769719250553
12,"build/tests/sizes/cube-3625-stl-bin.geo","scan",1622650769720606929,1622650769753220350
12,"build/tests/sizes/cube-3625-stl-bin.geo","chck",1622650769719251589,1622650769753225952
12,"build/tests/sizes/cube-393-bin.msh2","scan",1622650769785734543,1622650769793827577
12,"build/tests/sizes/cube-393-bin.msh2","chck",1622650769753227033,1622650769793831532
12,"build/tests/sizes/cube-2446-bin.msh4","scan",1622650769794649517,1622650769795947433
12,"build/tests/sizes/cube-2446-bin.msh4","chck",1622650769793832504,1622650769795951297
12,"build/tests/sizes/cube-1771-asc.msh2","scan",1622650769797186881,1622650769836829565
12,"build/tests/sizes/cube-1771-asc.msh2","chck",1622650769795952131,1622650769836836753
12,"build/tests/sizes/cube-1157-geo.geo","scan",1622650769856382747,1622650769857752191
12,"build/tests/sizes/cube-1157-geo.geo","chck",1622650769836837767,1622650769857758003
12,"build/tests/sizes/cube-3257-geo.geo","scan",1622650769858315407,1622650769859388142
12,"build/tests/sizes/cube-3257-geo.geo","chck",1622650769857759234,1622650769859391763
12,"build/tests/sizes/cube-2808-bin.vtk","scan",1622650769859926573,1622650769881004237
12,"build/tests/sizes/cube-2808-bin.vtk","chck",1622650769859392672,1622650769881008891
12,"build/tests/sizes/cube-1073-bin.msh4","scan",1622650769882129502,1622650769883770779
12,"build/tests/sizes/cube-1073-bin.msh4","chck",1622650769881009833,1622650769883774895
12,"build/tests/sizes/cube-1451-bin.msh4","scan",1622650769884700920,1622650769891049765
12,"build/tests/sizes/cube-1451-bin.msh4","chck",1622650769883775830,1622650769891054262
12,"build/tests/sizes/cube-5-bin.msh4","scan",1622650769906876196,1622650769963586110
12,"build/tests/sizes/cube-5-bin.msh4","chck",1622650769891055279,1622650769963592696
12,"build/tests/sizes/cube-2285-asc.bdf","scan",1622650769964162519,1622650769971391409
12,"build/tests/sizes/cube-2285-asc.bdf","chck",1622650769963593860,1622650769971396535
12,"build/tests/sizes/cube-804-asc.msh2","scan",1622650769980454660,1622650769990105810
12,"build/tests/sizes/cube-804-asc.msh2","chck",1622650769971397479,1622650769990111558
12,"build/tests/sizes/cube-3800-asc.msh2","scan",1622650769990687999,1622650770023428249
12,"build/tests/sizes/cube-3800-asc.msh2","chck",1622650769990112561,1622650770023434398
12,"build/tests/sizes/cube-3439-geo.geo_unrolled","scan",1622650770024110988,1622650770025171992
12,"build/tests/sizes/cube-3439-geo.geo_unrolled","chck",1622650770023435355,1622650770025176841
12,"build/tests/sizes/cube-245-geo.geo_unrolled","scan",1622650770041509694,1622650770042645290
12,"build/tests/sizes/cube-245-geo.geo_unrolled","chck",1622650770025177879,1622650770042649926
12,"build/tests/sizes/cube-3352-bin.cgns","scan",1622650770046301350,1622650770107598327
12,"build/tests/sizes/cube-3352-bin.cgns","chck",1622650770042650978,1622650770107603668
12,"build/tests/sizes/cube-2352-asc.mesh","scan",1622650770108218640,1622650770114763300
12,"build/tests/sizes/cube-2352-asc.mesh","chck",1622650770107604625,1622650770114768104
12,"build/tests/sizes/cube-2891-asc.mesh","scan",1622650770115305710,1622650770120778469
12,"build/tests/sizes/cube-2891-asc.mesh","chck",1622650770114769137,1622650770120783447
12,"build/tests/sizes/cube-1855-bin.cgns","scan",1622650770127647540,1622650770193120002
12,"build/tests/sizes/cube-1855-bin.cgns","chck",1622650770120784429,1622650770193125482
12,"build/tests/sizes/cube-167-stl-bin.geo","scan",1622650770210819608,1622650770249065440
12,"build/tests/sizes/cube-167-stl-bin.geo","chck",1622650770193126543,1622650770249071026
12,"build/tests/sizes/cube-3893-asc.bdf","scan",1622650770249667824,1622650770261063384
12,"build/tests/sizes/cube-3893-asc.bdf","chck",1622650770249076632,1622650770261069632
12,"build/tests/sizes/cube-1244-bin.cgns","scan",1622650770273339416,1622650770411214300
12,"build/tests/sizes/cube-1244-bin.cgns","chck",1622650770261070686,1622650770411220873
12,"build/tests/sizes/cube-179-geo.geo","scan",1622650770412348377,1622650770413666865
12,"build/tests/sizes/cube-179-geo.geo","chck",1622650770411221972,1622650770413671153
12,"build/tests/sizes/cube-2629-geo.geo","scan",1622650770414208532,1622650770415294211
12,"build/tests/sizes/cube-2629-geo.geo","chck",1622650770413672402,1622650770415297482
12,"build/tests/sizes/cube-2897-bin.cgns","scan",1622650770419585981,1622650770480263531
12,"build/tests/sizes/cube-2897-bin.cgns","chck",1622650770415298564,1622650770480269579
12,"build/tests/sizes/cube-2452-asc.bdf","scan",1622650770480852122,1622650775135021003
12,"build/tests/sizes/cube-2452-asc.bdf","chck",1622650770480270669,1622650775135056369
12,"build/tests/sizes/cube-26-bin.cgns","scan",1622650775202677218,1622650775321565481
12,"build/tests/sizes/cube-26-bin.cgns","chck",1622650775135057787,1622650775321572849
12,"build/tests/sizes/cube-3362-stl-bin.geo","scan",1622650775322364092,1622650775328550538
12,"build/tests/sizes/cube-3362-stl-bin.geo","chck",1622650775321574077,1622650775328558313
12,"build/tests/sizes/cube-3979-geo.geo_unrolled","scan",1622650775329136437,1622650775330242235
12,"build/tests/sizes/cube-3979-geo.geo_unrolled","chck",1622650775328559961,1622650775330252226
12,"build/tests/sizes/cube-2670-stl-bin.geo","scan",1622650775330894314,1622650775334306333
12,"build/tests/sizes/cube-2670-stl-bin.geo","chck",1622650775330253255,1622650775334311910
12,"build/tests/sizes/cube-535-geo.geo_unrolled","scan",1622650775349899495,1622650775351021398
12,"build/tests/sizes/cube-535-geo.geo_unrolled","chck",1622650775334313372,1622650775351027853
12,"build/tests/sizes/cube-1639-bin.cgns","scan",1622650775370534536,1622650775496736620
12,"build/tests/sizes/cube-1639-bin.cgns","chck",1622650775351029060,1622650775496742934
12,"build/tests/sizes/cube-3447-bin.vtk","scan",1622650775497574426,1622650775500503919
12,"build/tests/sizes/cube-3447-bin.vtk","chck",1622650775496744047,1622650775500508230
12,"build/tests/sizes/cube-576-asc.mesh","scan",1622650775511483861,1622650775536327191
12,"build/tests/sizes/cube-576-asc.mesh","chck",1622650775500509318,1622650775536332564
12,"build/tests/sizes/cube-1299-bin.vtk","scan",1622650775537350629,1622650776876966407
12,"build/tests/sizes/cube-1299-bin.vtk","chck",1622650775536333610,1622650776876988479
12,"build/tests/sizes/cube-231-stl-bin.geo","scan",1622650776885527909,1622650777459714602
12,"build/tests/sizes/cube-231-stl-bin.geo","chck",1622650776876989780,1622650777459723135
12,"build/tests/sizes/cube-2841-asc.bdf","scan",1622650777462805845,1622650783318080182
12,"build/tests/sizes/cube-2841-asc.bdf","chck",1622650777459724413,1622650783318094068
12,"build/tests/sizes/cube-2574-stl-bin.geo","scan",1622650783318886279,1622650783756748335
12,"build/tests/sizes/cube-2574-stl-bin.geo","chck",1622650783318095290,1622650783756756339
12,"build/tests/sizes/cube-3448-stl-bin.geo","scan",1622650783759606886,1622650783764491503
12,"build/tests/sizes/cube-3448-stl-bin.geo","chck",1622650783756757479,1622650783764498140
12,"build/tests/sizes/cube-151-bin.msh2","scan",1622650783781934193,1622650783852877950
12,"build/tests/sizes/cube-151-bin.msh2","chck",1622650783764499582,1622650783852885368
12,"build/tests/sizes/cube-3370-asc.bdf","scan",1622650783853727369,1622650783864754142
12,"build/tests/sizes/cube-3370-asc.bdf","chck",1622650783852886623,1622650783864761297
12,"build/tests/sizes/cube-430-geo.geo","scan",1622650783871823713,1622650783873447319
12,"build/tests/sizes/cube-430-geo.geo","chck",1622650783864762512,1622650783873454562
12,"build/tests/sizes/cube-3424-asc.mesh","scan",1622650783877695722,1622650786878414259
12,"build/tests/sizes/cube-3424-asc.mesh","chck",1622650783873455688,1622650786878423056
12,"build/tests/sizes/cube-3698-bin.vtk","scan",1622650786880367541,1622650789928228608
12,"build/tests/sizes/cube-3698-bin.vtk","chck",1622650786879751390,1622650789928250359
12,"build/tests/sizes/cube-1730-stl-bin.geo","scan",1622650789930781251,1622650789940554790
12,"build/tests/sizes/cube-1730-stl-bin.geo","chck",1622650789928251658,1622650789940564227
12,"build/tests/sizes/cube-2375-asc.mesh","scan",1622650789941144499,1622650789942891182
12,"build/tests/sizes/cube-2375-asc.mesh","chck",1622650789940565331,1622650789942895374
12,"build/tests/sizes/cube-1761-asc.bdf","scan",1622650789955897405,1622650790630527895
12,"build/tests/sizes/cube-1761-asc.bdf","chck",1622650789942896718,1622650790630534798
12,"build/tests/sizes/cube-2801-bin.msh4","scan",1622650790631161810,1622650790669545200
12,"build/tests/sizes/cube-2801-bin.msh4","chck",1622650790630535939,1622650790669552585
12,"build/tests/sizes/cube-1862-asc.bdf","scan",1622650790689886639,1622650790737626734
12,"build/tests/sizes/cube-1862-asc.bdf","chck",1622650790669553875,1622650790737633783
12,"build/tests/sizes/cube-3740-asc.mesh","scan",1622650790739465627,1622650790929678371
12,"build/tests/sizes/cube-3740-asc.mesh","chck",1622650790737634936,1622650790929685721
12,"build/tests/sizes/cube-3378-asc.msh2","scan",1622650790930402002,1622650801979869400
12,"build/tests/sizes/cube-3378-asc.msh2","chck",1622650790929686937,1622650801979887598
12,"build/tests/sizes/cube-1867-geo.geo_unrolled","scan",1622650801987248700,1622650802028984562
12,"build/tests/sizes/cube-1867-geo.geo_unrolled","chck",1622650801979889110,1622650802028992091
12,"build/tests/sizes/cube-1845-geo.geo_unrolled","scan",1622650802030475131,1622650802031705206
12,"build/tests/sizes/cube-1845-geo.geo_unrolled","chck",1622650802028993296,1622650802031710122
12,"build/tests/sizes/cube-1085-asc.bdf","scan",1622650802033035620,1622650802115602129
12,"build/tests/sizes/cube-1085-asc.bdf","chck",1622650802031711179,1622650802115609308
12,"build/tests/sizes/cube-2631-asc.mesh","scan",1622650802116212456,1622650802119594521
12,"build/tests/sizes/cube-2631-asc.mesh","chck",1622650802115610541,1622650802119600322
12,"build/tests/sizes/cube-1754-geo.geo","scan",1622650802137259631,1622650802138693181
12,"build/tests/sizes/cube-1754-geo.geo","chck",1622650802119601421,1622650802138698698
12,"build/tests/sizes/cube-2083-stl-bin.geo","scan",1622650802139266096,1622650802211229694
12,"build/tests/sizes/cube-2083-stl-bin.geo","chck",1622650802138700374,1622650802211237232
12,"build/tests/sizes/cube-2814-stl-bin.geo","scan",1622650802212017302,1622650802310473727
12,"build/tests/sizes/cube-2814-stl-bin.geo","chck",1622650802211238430,1622650802310481750
12,"build/tests/sizes/cube-89-asc.mesh","scan",1622650802325706845,1622650802352512267
12,"build/tests/sizes/cube-89-asc.mesh","chck",1622650802310482890,1622650802352518071
12,"build/tests/sizes/cube-1453-bin.msh4","scan",1622650802369639374,1622650802377644775
12,"build/tests/sizes/cube-1453-bin.msh4","chck",1622650802352518965,1622650802377651065
12,"build/tests/sizes/cube-2582-bin.msh2","scan",1622650802378216282,1622650802407304741
12,"build/tests/sizes/cube-2582-bin.msh2","chck",1622650802377652202,1622650802407316873
12,"build/tests/sizes/cube-1037-asc.bdf","scan",1622650802408587874,1622650802429280999
12,"build/tests/sizes/cube-1037-asc.bdf","chck",1622650802407317885,1622650802429288938
12,"build/tests/sizes/cube-2470-bin.msh2","scan",1622650802429913995,1622650802460769244
12,"build/tests/sizes/cube-2470-bin.msh2","chck",1622650802429290138,1622650802460776981
12,"build/tests/sizes/cube-847-asc.msh2","scan",1622650802477361903,1622650802527655502
12,"build/tests/sizes/cube-847-asc.msh2","chck",1622650802460778131,1622650802527662755
12,"build/tests/sizes/cube-371-bin.msh2","scan",1622650802529309278,1622650802532457207
12,"build/tests/sizes/cube-371-bin.msh2","chck",1622650802527663932,1622650802532462810
12,"build/tests/sizes/cube-2306-geo.geo","scan",1622650802533027237,1622650802534335945
12,"build/tests/sizes/cube-2306-geo.geo","chck",1622650802532463888,1622650802534340560
12,"build/tests/sizes/cube-2640-bin.msh2","scan",1622650802534879289,1622650802542735005
12,"build/tests/sizes/cube-2640-bin.msh2","chck",1622650802534341611,1622650802542739705
12,"build/tests/sizes/cube-2495-bin.cgns","scan",1622650802551013191,1622650802618088958
12,"build/tests/sizes/cube-2495-bin.cgns","chck",1622650802542740768,1622650802618097212
12,"build/tests/sizes/cube-1344-stl-bin.geo","scan",1622650802630410827,1622650802656980247
12,"build/tests/sizes/cube-1344-stl-bin.geo","chck",1622650802618098443,1622650802656986545
12,"build/tests/sizes/cube-666-geo.geo_unrolled","scan",1622650802662986221,1622650802666481272
12,"build/tests/sizes/cube-666-geo.geo_unrolled","chck",1622650802656987888,1622650802666487870
12,"build/tests/sizes/cube-454-asc.bdf","scan",1622650802667407223,1622650803999186033
12,"build/tests/sizes/cube-454-asc.bdf","chck",1622650802666489003,1622650803999193166
12,"build/tests/sizes/cube-3418-geo.geo","scan",1622650803999882457,1622650804036383231
12,"build/tests/sizes/cube-3418-geo.geo","chck",1622650803999194451,1622650804036390061
12,"build/tests/sizes/cube-363-bin.msh2","scan",1622650804051313177,1622650804154698970
12,"build/tests/sizes/cube-363-bin.msh2","chck",1622650804036391864,1622650804154706995
12,"build/tests/sizes/cube-3458-geo.geo_unrolled","scan",1622650804155520635,1622650804156746664
12,"build/tests/sizes/cube-3458-geo.geo_unrolled","chck",1622650804154708182,1622650804156751035
12,"build/tests/sizes/cube-1010-asc.msh2","scan",1622650804171022414,1622650807569254591
12,"build/tests/sizes/cube-1010-asc.msh2","chck",1622650804156752164,1622650807569269297
12,"build/tests/sizes/cube-1166-asc.msh2","scan",1622650807573584089,1622650807715700493
12,"build/tests/sizes/cube-1166-asc.msh2","chck",1622650807569270552,1622650807715707345
12,"build/tests/sizes/cube-1392-bin.vtk","scan",1622650807724461021,1622650807767804715
12,"build/tests/sizes/cube-1392-bin.vtk","chck",1622650807715708401,1622650807767818326
12,"build/tests/sizes/cube-2304-geo.geo_unrolled","scan",1622650807768521823,1622650807769712954
12,"build/tests/sizes/cube-2304-geo.geo_unrolled","chck",1622650807767819615,1622650807769716733
12,"build/tests/sizes/cube-2232-geo.geo","scan",1622650807770260991,1622650807771484463
12,"build/tests/sizes/cube-2232-geo.geo","chck",1622650807769717655,1622650807771487886
12,"build/tests/sizes/cube-2249-stl-bin.geo","scan",1622650807772026644,1622650808579619726
12,"build/tests/sizes/cube-2249-stl-bin.geo","chck",1622650807771488787,1622650808579627972
12,"build/tests/sizes/cube-2614-bin.msh4","scan",1622650808583786462,1622650808634426138
12,"build/tests/sizes/cube-2614-bin.msh4","chck",1622650808579629197,1622650808634433429
12,"build/tests/sizes/cube-2099-bin.msh2","scan",1622650808635081563,1622650808637203165
12,"build/tests/sizes/cube-2099-bin.msh2","chck",1622650808634434657,1622650808637208798
12,"build/tests/sizes/cube-522-bin.msh2","scan",1622650808652485465,1622650814648906492
12,"build/tests/sizes/cube-522-bin.msh2","chck",1622650808637209715,1622650814648914292
12,"build/tests/sizes/cube-1005-bin.msh2","scan",1622650814677527676,1622650814801725411
12,"build/tests/sizes/cube-1005-bin.msh2","chck",1622650814648915547,1622650814801731173
12,"build/tests/sizes/cube-621-bin.msh4","scan",1622650814802879857,1622650814827436670
12,"build/tests/sizes/cube-621-bin.msh4","chck",1622650814801732362,1622650814827443992
12,"build/tests/sizes/cube-573-geo.geo_unrolled","scan",1622650814848169932,1622650814849315050
12,"build/tests/sizes/cube-573-geo.geo_unrolled","chck",1622650814827445242,1622650814849320219
12,"build/tests/sizes/cube-2551-asc.bdf","scan",1622650814849838844,1622650817500998983
12,"build/tests/sizes/cube-2551-asc.bdf","chck",1622650814849321267,1622650817501007060
12,"build/tests/sizes/cube-3062-bin.vtk","scan",1622650817501687876,1622650817610352058
12,"build/tests/sizes/cube-3062-bin.vtk","chck",1622650817501008302,1622650817610367308
12,"build/tests/sizes/cube-3685-bin.msh2","scan",1622650817610967488,1622650820863113903
12,"build/tests/sizes/cube-3685-bin.msh2","chck",1622650817610368485,1622650820863307577
12,"build/tests/sizes/cube-124-stl-bin.geo","scan",1622650820874565900,1622650821355247944
12,"build/tests/sizes/cube-124-stl-bin.geo","chck",1622650820863309267,1622650821355255515
12,"build/tests/sizes/cube-2683-geo.geo_unrolled","scan",1622650821357435263,1622650821358688687
12,"build/tests/sizes/cube-2683-geo.geo_unrolled","chck",1622650821355256695,1622650821358693903
12,"build/tests/sizes/cube-3735-bin.msh2","scan",1622650821359234341,1622650821363739809
12,"build/tests/sizes/cube-3735-bin.msh2","chck",1622650821358695106,1622650821363743979
12,"build/tests/sizes/cube-1140-geo.geo_unrolled","scan",1622650821382889292,1622650821384107965
12,"build/tests/sizes/cube-1140-geo.geo_unrolled","chck",1622650821363744862,1622650821384113896
12,"build/tests/sizes/cube-3936-geo.geo_unrolled","scan",1622650821384720762,1622650821385850178
12,"build/tests/sizes/cube-3936-geo.geo_unrolled","chck",1622650821384115007,1622650821385854168
12,"build/tests/sizes/cube-379-geo.geo","scan",1622650821404801056,1622650821406243654
12,"build/tests/sizes/cube-379-geo.geo","chck",1622650821385855180,1622650821406248925
12,"build/tests/sizes/cube-498-bin.msh2","scan",1622650821418701154,1622650822463219240
12,"build/tests/sizes/cube-498-bin.msh2","chck",1622650821406249912,1622650822463225610
12,"build/tests/sizes/cube-3456-bin.cgns","scan",1622650822467781329,1622650822530228868
12,"build/tests/sizes/cube-3456-bin.cgns","chck",1622650822463227304,1622650822530236798
12,"cube-379-geo","mesh",1622650822531558781,1622650823372242207
12,"cube-379-geo","prep",1622650823373232204,1622650823441938174
12,"cube-379-geo","zzzz",1622650823441946118,1622650827304019711,55746,81705,245115
12,"cube-379-geo","post",1622650827304029213,1622650827314121560
12,"cube-3936-geo","mesh",1622650827314189498,1622650827689730691
12,"cube-3936-geo","prep",1622650827690682591,1622650827703194531
12,"cube-3936-geo","zzzz",1622650827703200848,1622650828994663045,25872,38458,115374
12,"cube-3936-geo","post",1622650828994673253,1622650828998770841
12,"cube-2551-asc","prep",1622650828998812007,1622650829259024521
12,"cube-2551-asc","zzzz",1622650829259032116,1622650888628521137,371829,519491,1558473
12,"cube-2551-asc","post",1622650888628545001,1622650888703579861
12,"cube-535-geo","mesh",1622650888704432626,1622650888741433410
12,"cube-535-geo","prep",1622650888742324268,1622650888742563050
12,"cube-535-geo","zzzz",1622650888742565238,1622650888746624401,292,601,1803
12,"cube-535-geo","post",1622650888746628188,1622650888746731809
12,"cube-621-bin","prep",1622650888746745630,1622650888766013644
12,"cube-621-bin","zzzz",1622650888766019503,1622650890902013639,36911,54381,163143
12,"cube-621-bin","post",1622650890902023212,1622650890908745372
12,"cube-2808-bin","prep",1622650890908791696,1622650890917136459
12,"cube-2808-bin","zzzz",1622650890917140271,1622650891389094818,12333,19143,57429
12,"cube-2808-bin","post",1622650891389102497,1622650891390705724
12,"cube-2574-stl-bin","mesh",1622650891390740728,1622650899821010549
12,"cube-2574-stl-bin","prep",1622650900234742253,1622650900882005636
12,"cube-2574-stl-bin","zzzz",1622650900882015301,1622651098004904133,808206,1196822,3590466
12,"cube-2574-stl-bin","post",1622651098004912912,1622651098222373203
12,"cube-179-geo","mesh",1622651098222849952,1622651101366200440
12,"cube-179-geo","prep",1622651101367161377,1622651101698008288
12,"cube-179-geo","zzzz",1622651101698014548,1622651134177312232,246471,346833,1040499
12,"cube-179-geo","post",1622651134177325750,1622651134302119304
12,"cube-1010-asc","prep",1622651134302209865,1622651134641316641
12,"cube-1010-asc","zzzz",1622651134641324766,1622651217793573739,467548,650169,1950507
12,"cube-1010-asc","post",1622651217793587617,1622651217915291236
12,"cube-3370-asc","prep",1622651217915593071,1622651217936361929
12,"cube-3370-asc","zzzz",1622651217936364856,1622651217958692424,1224,2197,6591
12,"cube-3370-asc","post",1622651217958702682,1622651217959123140
12,"cube-3740-asc","prep",1622651217959473493,1622651218001824340
12,"cube-3740-asc","zzzz",1622651218001828314,1622651222110083975,58130,85208,255624
12,"cube-3740-asc","post",1622651222110099093,1622651222115848374
12,"cube-371-bin","prep",1622651222115886242,1622651222126619158
12,"cube-371-bin","zzzz",1622651222126621926,1622651222131842345,348,729,2187
12,"cube-371-bin","post",1622651222131852154,1622651222132083858
12,"cube-3447-bin","prep",1622651222132104655,1622651222146763151
12,"cube-3447-bin","zzzz",1622651222146765076,1622651222176288440,1499,2712,8136
12,"cube-3447-bin","post",1622651222176298289,1622651222176686015
12,"cube-1299-bin","prep",1622651222176819002,1622651222612966141
12,"cube-1299-bin","zzzz",1622651222612972125,1622651408875744632,832618,1147025,3441075
12,"cube-1299-bin","post",1622651408875755950,1622651408946116836
12,"cube-2495-bin.cgns","prep",1622651408946482973,1622651408949479654
12,"cube-2495-bin.cgns","zzzz",1622651408949483693,1622651410551424955,30060,44609,133827
12,"cube-2495-bin.cgns","post",1622651410551436272,1622651410551638477
12,"cube-522-bin","prep",1622651410551749079,1622651411319337359
12,"cube-522-bin","zzzz",1622651411319344760,1622651810210512406,1483058,2030575,6091725
12,"cube-522-bin","post",1622651810210526710,1622651810354795847
12,"cube-2841-asc","prep",1622651810355180972,1622651810766759124
12,"cube-2841-asc","zzzz",1622651810766765554,1622651989036695147,806449,1109903,3329709
12,"cube-2841-asc","post",1622651989036709985,1622651989121349344
12,"cube-1862-asc","prep",1622651989121390419,1622651989126261200
12,"cube-1862-asc","zzzz",1622651989126263594,1622651989185714862,2633,4498,13494
12,"cube-1862-asc","post",1622651989185725097,1622651989186152860
12,"cube-2470-bin","prep",1622651989186193147,1622651989190325188
12,"cube-2470-bin","zzzz",1622651989190326983,1622651989396084838,6743,10747,32241
12,"cube-2470-bin","post",1622651989396095078,1622651989397575451
12,"cube-26-bin.cgns","prep",1622651989397776867,1622651989417781163
12,"cube-26-bin.cgns","zzzz",1622651989417783882,1622651989439211161,1185,2130,6390
12,"cube-26-bin.cgns","post",1622651989439220880,1622651989439278264
12,"cube-3424-asc","prep",1622651989439406912,1622651989907933321
12,"cube-3424-asc","zzzz",1622651989907939830,1622652207204440228,936387,1287564,3862692
12,"cube-3424-asc","post",1622652207204447481,1622652207283913697
12,"cube-2897-bin.cgns","prep",1622652207283954439,1622652207285083480
12,"cube-2897-bin.cgns","zzzz",1622652207285086357,1622652207390607421,4093,6741,20223
12,"cube-2897-bin.cgns","post",1622652207390617376,1622652207390676933
12,"cube-2801-bin","prep",1622652207390763643,1622652207426729360
12,"cube-2801-bin","zzzz",1622652207426734093,1622652213435577182,76380,110545,331635
12,"cube-2801-bin","post",1622652213435590964,1622652213442145464
12,"cube-595-bin.cgns","prep",1622652213442534164,1622652213445531883
12,"cube-595-bin.cgns","zzzz",1622652213445534844,1622652213758272905,9115,14391,43173
12,"cube-595-bin.cgns","post",1622652213758282700,1622652213758343940
12,"cube-3197-bin.cgns","prep",1622652213758467286,1622652213759934686
12,"cube-3197-bin.cgns","zzzz",1622652213759937625,1622652214168381606,11084,17326,51978
12,"cube-3197-bin.cgns","post",1622652214168396867,1622652214168416686
12,"cube-1244-bin.cgns","prep",1622652214168482894,1622652214191266858
12,"cube-1244-bin.cgns","zzzz",1622652214191270431,1622652216426889750,38003,56126,168378
12,"cube-1244-bin.cgns","post",1622652216426903494,1622652216426971907
12,"cube-3352-bin.cgns","prep",1622652216427074146,1622652216428213760
12,"cube-3352-bin.cgns","zzzz",1622652216428217155,1622652216674870775,7687,12176,36528
12,"cube-3352-bin.cgns","post",1622652216674881139,1622652216674935173
12,"cube-498-bin","prep",1622652216675050723,1622652216770335096
12,"cube-498-bin","zzzz",1622652216770340844,1622652240597281715,199672,281548,844644
12,"cube-498-bin","post",1622652240597291327,1622652240620732596
12,"cube-576-asc","prep",1622652240620775838,1622652240626626392
12,"cube-576-asc","zzzz",1622652240626628878,1622652240657774738,1567,2824,8472
12,"cube-576-asc","post",1622652240658117164,1622652240658294218
12,"cube-2232-geo","mesh",1622652240658318095,1622652241469502492
12,"cube-2232-geo","prep",1622652241477537052,1622652241515793409
12,"cube-2232-geo","zzzz",1622652241515798006,1622652246362541872,65642,95439,286317
12,"cube-2232-geo","post",1622652246362556200,1622652246385342466
12,"cube-3456-bin.cgns","prep",1622652246387548791,1622652246395509458
12,"cube-3456-bin.cgns","zzzz",1622652246395512619,1622652246412177387,994,1766,5298
12,"cube-3456-bin.cgns","post",1622652246412180906,1622652246412236778
12,"cube-1761-asc","prep",1622652246412334782,1622652246451547849
12,"cube-1761-asc","zzzz",1622652246451552076,1622652252369727338,75507,109391,328173
12,"cube-1761-asc","post",1622652252369746914,1622652252375972098
12,"cube-3685-bin","prep",1622652252376011993,1622652252673801732
12,"cube-3685-bin","zzzz",1622652252673809509,1622652396373893834,684151,944211,2832633
12,"cube-3685-bin","post",1622652396373903032,1622652396430197325
12,"cube-363-bin","prep",1622652396430241460,1622652396441721490
12,"cube-363-bin","zzzz",1622652396441726243,1622652397220277421,17835,27088,81264
12,"cube-363-bin","post",1622652397220287602,1622652397227277405
12,"cube-2629-geo","mesh",1622652397227317739,1622652397237962251
12,"cube-2629-geo","prep",1622652397238857067,1622652397239080463
12,"cube-2629-geo","zzzz",1622652397239082547,1622652397242388556,245,514,1542
12,"cube-2629-geo","post",1622652397242404123,1622652397242530957
12,"cube-1867-geo","mesh",1622652397242546012,1622652397268013013
12,"cube-1867-geo","prep",1622652397268857626,1622652397269574120
12,"cube-1867-geo","zzzz",1622652397269576181,1622652397288986967,1109,1978,5934
12,"cube-1867-geo","post",1622652397289003518,1622652397289427772
12,"cube-1771-asc","prep",1622652397289460980,1622652397292992563
12,"cube-1771-asc","zzzz",1622652397292994887,1622652397508595871,7029,11094,33282
12,"cube-1771-asc","post",1622652397508613990,1622652397509748251
12,"cube-430-geo","mesh",1622652397509820985,1622652399095657901
12,"cube-430-geo","prep",1622652399096548188,1622652399266587462
12,"cube-430-geo","zzzz",1622652399266592908,1622652412571539790,133877,189859,569577
12,"cube-430-geo","post",1622652412571548770,1622652412636091802
12,"cube-3362-stl-bin","mesh",1622652412639436934,1622652412694471093
12,"cube-3362-stl-bin","prep",1622652412695343978,1622652412696453948
12,"cube-3362-stl-bin","zzzz",1622652412696456698,1622652412756609717,1681,4536,13608
12,"cube-3362-stl-bin","post",1622652412756626900,1622652412757005844
12,"cube-3698-bin","prep",1622652412757203785,1622652413880161433
12,"cube-3698-bin","zzzz",1622652413880168181,1622653027643513389,2055923,2805297,8415891
12,"cube-3698-bin","post",1622653027643527416,1622653027813137511
12,"cube-1855-bin.cgns","prep",1622653027813603554,1622653027815223534
12,"cube-1855-bin.cgns","zzzz",1622653027815227693,1622653027869311595,2460,4209,12627
12,"cube-1855-bin.cgns","post",1622653027869321393,1622653027869396343
12,"cube-3448-stl-bin","mesh",1622653027869511130,1622653027876207405
12,"cube-3448-stl-bin","prep",1622653027877083181,1622653027877477838
12,"cube-3448-stl-bin","zzzz",1622653027877479857,1622653027892096664,491,1596,4788
12,"cube-3448-stl-bin","post",1622653027892106434,1622653027892450783
12,"cube-151-bin","prep",1622653027892463317,1622653027898918965
12,"cube-151-bin","zzzz",1622653027898920915,1622653028289464753,10659,16767,50301
12,"cube-151-bin","post",1622653028289474631,1622653028292377339
12,"cube-3378-asc","prep",1622653028292391966,1622653029165570822
12,"cube-3378-asc","zzzz",1622653029165578360,1622653514693741480,1721708,2353096,7059288
12,"cube-3378-asc","post",1622653514693754945,1622653514929541252
12,"cube-1730-stl-bin","mesh",1622653514929586720,1622653515008949643
12,"cube-1730-stl-bin","prep",1622653515011484488,1622653515013547658
12,"cube-1730-stl-bin","zzzz",1622653515013549988,1622653515148289267,3497,7994,23982
12,"cube-1730-stl-bin","post",1622653515148299135,1622653515149422697
12,"cube-1639-bin.cgns","prep",1622653515149443603,1622653515169915077
12,"cube-1639-bin.cgns","zzzz",1622653515169918011,1622653515372566026,6695,10636,31908
12,"cube-1639-bin.cgns","post",1622653515372575882,1622653515372626014
12,"cube-2446-bin","prep",1622653515372721585,1622653515373216597
12,"cube-2446-bin","zzzz",1622653515373220255,1622653515376551592,245,514,1542
12,"cube-2446-bin","post",1622653515376561531,1622653515376777639
12,"cube-393-bin","prep",1622653515376811800,1622653515377174517
12,"cube-393-bin","zzzz",1622653515377178027,1622653515379290914,157,360,1080
12,"cube-393-bin","post",1622653515379300808,1622653515379438829
12,"cube-2614-bin","prep",1622653515379473023,1622653515412630758
12,"cube-2614-bin","zzzz",1622653515412635571,1622653519619378653,59210,86598,259794
12,"cube-2614-bin","post",1622653519619392705,1622653519643766981
12,"cube-2582-bin","prep",1622653519643801707,1622653519653993543
12,"cube-2582-bin","zzzz",1622653519653997224,1622653519864029081,6846,10901,32703
12,"cube-2582-bin","post",1622653519864039442,1622653519865594545
12,"cube-1073-bin","prep",1622653519865846836,1622653519867289888
12,"cube-1073-bin","zzzz",1622653519867291348,1622653519870659004,254,527,1581
12,"cube-1073-bin","post",1622653519870669174,1622653519870893866
12,"cube-89-asc","prep",1622653519870928335,1622653519871252236
12,"cube-89-asc","zzzz",1622653519871253437,1622653519876434019,348,729,2187
12,"cube-89-asc","post",1622653519876443975,1622653519876632145
12,"cube-3735-bin","prep",1622653519876666200,1622653519877437282
12,"cube-3735-bin","zzzz",1622653519877438796,1622653519894731321,1029,1812,5436
12,"cube-3735-bin","post",1622653519894741091,1622653519894977475
12,"cube-1754-geo","mesh",1622653519895061189,1622653520205399787
12,"cube-1754-geo","prep",1622653520213592906,1622653520233306448
12,"cube-1754-geo","zzzz",1622653520233310774,1622653521554550796,26308,39058,117174
12,"cube-1754-geo","post",1622653521554560244,1622653521567389176
12,"cube-3458-geo","mesh",1622653521567437898,1622653526472843909
12,"cube-3458-geo","prep",1622653526473708012,1622653526940352506
12,"cube-3458-geo","zzzz",1622653526940360852,1622653597354500182,417831,582049,1746147
12,"cube-3458-geo","post",1622653597354514586,1622653597558907981
12,"cube-1166-asc","prep",1622653597558945286,1622653597581378720
12,"cube-1166-asc","zzzz",1622653597581381969,1622653598271346046,16276,24890,74670
12,"cube-1166-asc","post",1622653598271378808,1622653598274892006
12,"cube-1005-bin","prep",1622653598275756024,1622653598293672869
12,"cube-1005-bin","zzzz",1622653598293674842,1622653598295016542,115,258,774
12,"cube-1005-bin","post",1622653598295019833,1622653598295526418
12,"cube-3483-geo","mesh",1622653598295563560,1622653614566704311
12,"cube-3483-geo","prep",1622653614567750964,1622653616135958518
12,"cube-3483-geo","zzzz",1622653616135964169,1622654012782415637,1477508,2021997,6065991
12,"cube-3483-geo","post",1622654012782427395,1622654013292599461
12,"cube-2452-asc","prep",1622654013292647157,1622654013733591979
12,"cube-2452-asc","zzzz",1622654013733599806,1622654150814013951,659006,911403,2734209
12,"cube-2452-asc","post",1622654150814028241,1622654150899562267
12,"cube-231-stl-bin","mesh",1622654150899605452,1622654162715249191
12,"cube-231-stl-bin","prep",1622654163252513585,1622654164196067378
12,"cube-231-stl-bin","zzzz",1622654164196076098,1622654488673517726,1183320,1739248,5217744
12,"cube-231-stl-bin","post",1622654488673531796,1622654489165826400
12,"cube-2285-asc","prep",1622654489165868231,1622654489181889072
12,"cube-2285-asc","zzzz",1622654489181891826,1622654489197888362,955,1708,5124
12,"cube-2285-asc","post",1622654489197898590,1622654489198325679
12,"cube-3062-bin","prep",1622654489198388945,1622654489219065285
12,"cube-3062-bin","zzzz",1622654489219067194,1622654489244923288,1351,2454,7362
12,"cube-3062-bin","post",1622654489244933096,1622654489245558809
12,"cube-3800-asc","prep",1622654489245600101,1622654489267288337
12,"cube-3800-asc","zzzz",1622654489267290226,1622654489420040566,5424,8726,26178
12,"cube-3800-asc","post",1622654489420050465,1622654489420754248
12,"cube-847-asc","prep",1622654489421499731,1622654489432240161
12,"cube-847-asc","zzzz",1622654489432242087,1622654489519371986,3577,5882,17646
12,"cube-847-asc","post",1622654489519381906,1622654489520938154
12,"cube-1085-asc","prep",1622654489521011409,1622654489535476454
12,"cube-1085-asc","zzzz",1622654489535478488,1622654489891930640,9990,15735,47205
12,"cube-1085-asc","post",1622654489891940688,1622654489894361217
12,"cube-1037-asc","prep",1622654489894907135,1622654489902522174
12,"cube-1037-asc","zzzz",1622654489902524136,1622654489956504170,2447,4203,12609
12,"cube-1037-asc","post",1622654489956514097,1622654489957701020
12,"cube-3439-geo","mesh",1622654489957765238,1622654489965050989
12,"cube-3439-geo","prep",1622654489965987908,1622654489966110354
12,"cube-3439-geo","zzzz",1622654489966112088,1622654489967982115,142,327,981
12,"cube-3439-geo","post",1622654489967999322,1622654489968117843
12,"cube-2891-asc","prep",1622654489968130380,1622654489968783389
12,"cube-2891-asc","zzzz",1622654489968784868,1622654489994163781,1325,2420,7260
12,"cube-2891-asc","post",1622654489994173494,1622654489994645877
12,"cube-167-stl-bin","mesh",1622654489994790986,1622654490345368411
12,"cube-167-stl-bin","prep",1622654490351324251,1622654490380471882
12,"cube-167-stl-bin","zzzz",1622654490380478325,1622654492995999076,35213,62441,187323
12,"cube-167-stl-bin","post",1622654492996010781,1622654493008751732
12,"cube-2640-bin","prep",1622654493008786990,1622654493013187062
12,"cube-2640-bin","zzzz",1622654493013189047,1622654493047354869,1678,3027,9081
12,"cube-2640-bin","post",1622654493047378294,1622654493048083006
12,"cube-124-stl-bin","mesh",1622654493048185618,1622654502429537498
12,"cube-124-stl-bin","prep",1622654502876938282,1622654503718704517
12,"cube-124-stl-bin","zzzz",1622654503718712830,1622654752821370127,966582,1426471,4279413
12,"cube-124-stl-bin","post",1622654752821392930,1622654753294937983
12,"cube-3625-stl-bin","mesh",1622654753295021979,1622654753373221764
12,"cube-3625-stl-bin","prep",1622654753374460447,1622654753374924805
12,"cube-3625-stl-bin","zzzz",1622654753374927135,1622654753396192799,724,2121,6363
12,"cube-3625-stl-bin","post",1622654753396207721,1622654753396375843
12,"cube-245-geo","mesh",1622654753396391036,1622654753404760475
12,"cube-245-geo","prep",1622654753405526298,1622654753405692580
12,"cube-245-geo","zzzz",1622654753405694162,1622654753408855933,232,497,1491
12,"cube-245-geo","post",1622654753408860675,1622654753409001479
12,"cube-2375-asc","prep",1622654753409014539,1622654753409253234
12,"cube-2375-asc","zzzz",1622654753409254670,1622654753412562695,246,515,1545
12,"cube-2375-asc","post",1622654753412578240,1622654753412652767
12,"cube-5-bin","prep",1622654753412664557,1622654753430767877
12,"cube-5-bin","zzzz",1622654753430770977,1622654755445576431,35422,52249,156747
12,"cube-5-bin","post",1622654755445586806,1622654755448881481
12,"cube-2352-asc","prep",1622654755449099342,1622654755450018579
12,"cube-2352-asc","zzzz",1622654755450020497,1622654755482001561,1598,2885,8655
12,"cube-2352-asc","post",1622654755482018083,1622654755482229984
12,"cube-3418-geo","mesh",1622654755482259518,1622654755526803161
12,"cube-3418-geo","prep",1622654755529328053,1622654755530855719
12,"cube-3418-geo","zzzz",1622654755530858212,1622654755583978018,2420,4158,12474
12,"cube-3418-geo","post",1622654755583988313,1622654755584960366
12,"cube-3893-asc","prep",1622654755585641744,1622654755586964373
12,"cube-3893-asc","zzzz",1622654755586966916,1622654755615248924,1446,2625,7875
12,"cube-3893-asc","post",1622654755615259751,1622654755615735213
12,"cube-804-asc","prep",1622654755616157192,1622654755616536523
12,"cube-804-asc","zzzz",1622654755616538237,1622654755621348999,329,686,2058
12,"cube-804-asc","post",1622654755621353985,1622654755621434112
12,"cube-1845-geo","mesh",1622654755621448427,1622654757288823226
12,"cube-1845-geo","prep",1622654757289684590,1622654757439393697
12,"cube-1845-geo","zzzz",1622654757439400538,1622654770386727450,131285,186388,559164
12,"cube-1845-geo","post",1622654770386740817,1622654770468150565
12,"cube-1140-geo","mesh",1622654770472643378,1622654777638238152
12,"cube-1140-geo","prep",1622654777639091205,1622654778387382931
12,"cube-1140-geo","zzzz",1622654778387388465,1622654907193496718,629045,869805,2609415
12,"cube-1140-geo","post",1622654907193550003,1622654907582468089
12,"cube-2631-asc","prep",1622654907582536880,1622654907601463908
12,"cube-2631-asc","zzzz",1622654907601466978,1622654907606191616,320,675,2025
12,"cube-2631-asc","post",1622654907606195537,1622654907606375244
12,"cube-2083-stl-bin","mesh",1622654907606399150,1622654908234175462
12,"cube-2083-stl-bin","prep",1622654908235043811,1622654908296102701
12,"cube-2083-stl-bin","zzzz",1622654908296109101,1622654913143942630,54957,95449,286347
12,"cube-2083-stl-bin","post",1622654913143951821,1622654913182780395
12,"cube-2814-stl-bin","mesh",1622654913182828199,1622654914123953785
12,"cube-2814-stl-bin","prep",1622654914124816864,1622654914222678459
12,"cube-2814-stl-bin","zzzz",1622654914222687453,1622654923278694366,87274,146168,438504
12,"cube-2814-stl-bin","post",1622654923278708160,1622654923335683671
12,"cube-3257-geo","mesh",1622654923335713324,1622654923357293516
12,"cube-3257-geo","prep",1622654923358233488,1622654923358433333
12,"cube-3257-geo","zzzz",1622654923358435316,1622654923362195246,271,566,1698
12,"cube-3257-geo","post",1622654923362205303,1622654923362418175
12,"cube-1453-bin","prep",1622654923362429946,1622654923362629990
12,"cube-1453-bin","zzzz",1622654923362631069,1622654923365843435,236,501,1503
12,"cube-1453-bin","post",1622654923365853424,1622654923366178088
12,"cube-666-geo","mesh",1622654923366207087,1622654923396720516
12,"cube-666-geo","prep",1622654923397455406,1622654923398160584
12,"cube-666-geo","zzzz",1622654923398162459,1622654923423502055,1322,2417,7251
12,"cube-666-geo","post",1622654923423511821,1622654923424022686
12,"cube-2306-geo","mesh",1622654923424188930,1622654924075780937
12,"cube-2306-geo","prep",1622654924080412110,1622654924114114028
12,"cube-2306-geo","zzzz",1622654924114118760,1622654927581385962,51638,75843,227529
12,"cube-2306-geo","post",1622654927581399608,1622654927617289741
12,"cube-1344-stl-bin","mesh",1622654927617322778,1622654927627842330
12,"cube-1344-stl-bin","prep",1622654927628652686,1622654927628846731
12,"cube-1344-stl-bin","zzzz",1622654927628848672,1622654927635260438,251,860,2580
12,"cube-1344-stl-bin","post",1622654927635265116,1622654927635413412
12,"cube-3979-geo","mesh",1622654927635436487,1622654927736732843
12,"cube-3979-geo","prep",1622654927737512312,1622654927741381486
12,"cube-3979-geo","zzzz",1622654927741383626,1622654927953771322,6905,10970,32910
12,"cube-3979-geo","post",1622654927953781391,1622654927955102126
12,"cube-454-asc","prep",1622654927955236581,1622654928089227426
12,"cube-454-asc","zzzz",1622654928089234210,1622654947010667192,170427,240950,722850
12,"cube-454-asc","post",1622654947010681216,1622654947090213685
12,"cube-1392-bin","prep",1622654947090272912,1622654947098008337
12,"cube-1392-bin","zzzz",1622654947098011178,1622654947310682517,6902,10980,32940
12,"cube-1392-bin","post",1622654947310692726,1622654947312317913
12,"cube-2683-geo","mesh",1622654947312351237,1622654950409216813
12,"cube-2683-geo","prep",1622654950410112804,1622654950714439274
12,"cube-2683-geo","zzzz",1622654950714445535,1622654992561105809,292892,411132,1233396
12,"cube-2683-geo","post",1622654992561113344,1622654992678741099
12,"cube-1451-bin","prep",1622654992678776241,1622654992699451912
12,"cube-1451-bin","zzzz",1622654992699454701,1622654992965731869,8078,12845,38535
12,"cube-1451-bin","post",1622654992965735995,1622654992966558403
12,"cube-2304-geo","mesh",1622654992966581064,1622655002853903058
12,"cube-2304-geo","prep",1622655002972631848,1622655003672584668
12,"cube-2304-geo","zzzz",1622655003672592720,1622655209644794718,899584,1236903,3710709
12,"cube-2304-geo","post",1622655209644806613,1622655209913842247
12,"cube-2670-stl-bin","mesh",1622655209913904207,1622655209941051080
12,"cube-2670-stl-bin","prep",1622655209941942911,1622655209942265302
12,"cube-2670-stl-bin","zzzz",1622655209942698868,1622655209957158423,483,1586,4758
12,"cube-2670-stl-bin","post",1622655209957163333,1622655209957291834
12,"cube-2249-stl-bin","mesh",1622655209957306982,1622655225557147185
12,"cube-2249-stl-bin","prep",1622655225558066253,1622655227367602476
12,"cube-2249-stl-bin","zzzz",1622655227367609995,1622655734381231923,1671843,2430774,7292322
12,"cube-2249-stl-bin","post",1622655734381239568,1622655734822368717
12,"cube-1157-geo","mesh",1622655734822416911,1622655735029392699
12,"cube-1157-geo","prep",1622655735030213065,1622655735039487298
12,"cube-1157-geo","zzzz",1622655735039489675,1622655735747262876,16633,25367,76101
12,"cube-1157-geo","post",1622655735747278128,1622655735749867057
12,"cube-2099-bin","prep",1622655735749894005,1622655735750927671
12,"cube-2099-bin","zzzz",1622655735750929365,1622655735754644427,268,563,1689
12,"cube-2099-bin","post",1622655735754660090,1622655735754737221
12,"cube-573-geo","mesh",1622655735754748562,1622655741179187442
12,"cube-573-geo","prep",1622655741232439359,1622655741576385502
12,"cube-573-geo","zzzz",1622655741576392150,1622655829100824949,483592,672684,2018052
12,"cube-573-geo","post",1622655829100838956,1622655829231050694
12,"Proc","exit_task",1622650751065387300,1622655829267676555,3441744
