2,"build/tests/sizes/cube-534-bin.msh4","scan",1622650769749669066,1622650769849165366
2,"build/tests/sizes/cube-534-bin.msh4","chck",1622650769737749484,1622650769849323431
2,"build/tests/sizes/cube-3420-asc.mesh","scan",1622650769849883197,1622650769920304871
2,"build/tests/sizes/cube-3420-asc.mesh","chck",1622650769849324995,1622650769920310334
2,"build/tests/sizes/cube-3965-geo.geo_unrolled","scan",1622650769920881423,1622650769922426225
2,"build/tests/sizes/cube-3965-geo.geo_unrolled","chck",1622650769920311392,1622650769922429893
2,"build/tests/sizes/cube-2598-bin.cgns","scan",1622650769927007620,1622650769982605612
2,"build/tests/sizes/cube-2598-bin.cgns","chck",1622650769922431137,1622650769982610521
2,"build/tests/sizes/cube-3746-asc.bdf","scan",1622650769983236810,1622650770019574665
2,"build/tests/sizes/cube-3746-asc.bdf","chck",1622650769982611551,1622650770019581034
2,"build/tests/sizes/cube-1278-asc.mesh","scan",1622650770046503391,1622650770088595720
2,"build/tests/sizes/cube-1278-asc.mesh","chck",1622650770019582115,1622650770088603461
2,"build/tests/sizes/cube-3252-bin.vtk","scan",1622650770089506434,1622650770090741102
2,"build/tests/sizes/cube-3252-bin.vtk","chck",1622650770088604622,1622650770090744937
2,"build/tests/sizes/cube-1823-asc.msh2","scan",1622650770105621332,1622650770164956749
2,"build/tests/sizes/cube-1823-asc.msh2","chck",1622650770090745905,1622650770164962333
2,"build/tests/sizes/cube-2633-bin.msh2","scan",1622650770165532056,1622650770167376238
2,"build/tests/sizes/cube-2633-bin.msh2","chck",1622650770164963371,1622650770167380759
2,"build/tests/sizes/cube-1864-geo.geo","scan",1622650770168516720,1622650770169845288
2,"build/tests/sizes/cube-1864-geo.geo","chck",1622650770167381646,1622650770169849836
2,"build/tests/sizes/cube-2294-asc.msh2","scan",1622650770170414730,1622650782120395249
2,"build/tests/sizes/cube-2294-asc.msh2","chck",1622650770169850738,1622650782120433637
2,"build/tests/sizes/cube-2462-geo.geo_unrolled","scan",1622650782121353511,1622650782123245139
2,"build/tests/sizes/cube-2462-geo.geo_unrolled","chck",1622650782120434857,1622650782123252184
2,"build/tests/sizes/cube-2229-asc.mesh","scan",1622650782123878378,1622650782127498232
2,"build/tests/sizes/cube-2229-asc.mesh","chck",1622650782123253596,1622650782127503392
2,"build/tests/sizes/cube-3989-bin.msh4","scan",1622650782128052187,1622650782315710077
2,"build/tests/sizes/cube-3989-bin.msh4","chck",1622650782127504757,1622650782315718901
2,"build/tests/sizes/cube-638-geo.geo","scan",1622650782330420290,1622650782331742633
2,"build/tests/sizes/cube-638-geo.geo","chck",1622650782315720029,1622650782331747803
2,"build/tests/sizes/cube-1762-bin.cgns","scan",1622650782339410198,1622650782548951008
2,"build/tests/sizes/cube-1762-bin.cgns","chck",1622650782331748838,1622650782548961106
2,"build/tests/sizes/cube-1847-bin.vtk","scan",1622650782568920772,1622650782578696043
2,"build/tests/sizes/cube-1847-bin.vtk","chck",1622650782548962306,1622650782578702676
2,"build/tests/sizes/cube-2433-stl-bin.geo","scan",1622650782579393608,1622650783222640949
2,"build/tests/sizes/cube-2433-stl-bin.geo","chck",1622650782578703816,1622650783222647705
2,"build/tests/sizes/cube-3281-bin.cgns","scan",1622650783234144029,1622650783296982804
2,"build/tests/sizes/cube-3281-bin.cgns","chck",1622650783222648789,1622650783296999635
2,"build/tests/sizes/cube-993-geo.geo","scan",1622650783298240279,1622650783299612402
2,"build/tests/sizes/cube-993-geo.geo","chck",1622650783297001478,1622650783299617670
2,"build/tests/sizes/cube-2321-bin.cgns","scan",1622650783303181744,1622650783365415630
2,"build/tests/sizes/cube-2321-bin.cgns","chck",1622650783299618913,1622650783365421003
2,"build/tests/sizes/cube-356-geo.geo","scan",1622650783383674854,1622650783385050739
2,"build/tests/sizes/cube-356-geo.geo","chck",1622650783365422128,1622650783385058174
2,"build/tests/sizes/cube-628-bin.cgns","scan",1622650783390114261,1622650783466035811
2,"build/tests/sizes/cube-628-bin.cgns","chck",1622650783385059446,1622650783466043487
2,"build/tests/sizes/cube-1195-bin.msh2","scan",1622650783484431084,1622650783900254409
2,"build/tests/sizes/cube-1195-bin.msh2","chck",1622650783466044779,1622650783900268348
2,"build/tests/sizes/cube-1978-geo.geo","scan",1622650783901196433,1622650783902520176
2,"build/tests/sizes/cube-1978-geo.geo","chck",1622650783900269915,1622650783902525307
2,"build/tests/sizes/cube-2008-stl-bin.geo","scan",1622650783903628348,1622650783906825022
2,"build/tests/sizes/cube-2008-stl-bin.geo","chck",1622650783902526390,1622650783906830724
2,"build/tests/sizes/cube-1576-asc.msh2","scan",1622650783914754597,1622650799029326682
2,"build/tests/sizes/cube-1576-asc.msh2","chck",1622650783906832161,1622650799029356576
2,"build/tests/sizes/cube-896-stl-bin.geo","scan",1622650799054277691,1622650799270248272
2,"build/tests/sizes/cube-896-stl-bin.geo","chck",1622650799029365417,1622650799270257111
2,"build/tests/sizes/cube-3029-asc.msh2","scan",1622650799270899186,1622650800288455502
2,"build/tests/sizes/cube-3029-asc.msh2","chck",1622650799270258409,1622650800288463745
2,"build/tests/sizes/cube-1183-stl-bin.geo","scan",1622650800305485821,1622650800344408340
2,"build/tests/sizes/cube-1183-stl-bin.geo","chck",1622650800288464971,1622650800344415671
2,"build/tests/sizes/cube-2103-asc.msh2","scan",1622650800345030521,1622650800348671983
2,"build/tests/sizes/cube-2103-asc.msh2","chck",1622650800344416946,1622650800348677872
2,"build/tests/sizes/cube-2982-geo.geo","scan",1622650800349235770,1622650800350446504
2,"build/tests/sizes/cube-2982-geo.geo","chck",1622650800348679381,1622650800350453934
2,"build/tests/sizes/cube-3888-bin.vtk","scan",1622650800350968529,1622650800354468174
2,"build/tests/sizes/cube-3888-bin.vtk","chck",1622650800350454914,1622650800354472699
2,"build/tests/sizes/cube-1785-asc.mesh","scan",1622650800355753489,1622650800363713296
2,"build/tests/sizes/cube-1785-asc.mesh","chck",1622650800354473673,1622650800363718720
2,"build/tests/sizes/cube-676-geo.geo","scan",1622650800385583409,1622650800387257335
2,"build/tests/sizes/cube-676-geo.geo","chck",1622650800363719871,1622650800387263985
2,"build/tests/sizes/cube-33-bin.msh2","scan",1622650800402190753,1622650800731654059
2,"build/tests/sizes/cube-33-bin.msh2","chck",1622650800387265216,1622650800731670620
2,"build/tests/sizes/cube-3336-asc.msh2","scan",1622650800732367470,1622650800833936854
2,"build/tests/sizes/cube-3336-asc.msh2","chck",1622650800731671809,1622650800833944891
2,"build/tests/sizes/cube-3464-asc.bdf","scan",1622650800834589619,1622650802765005024
2,"build/tests/sizes/cube-3464-asc.bdf","chck",1622650800833946157,1622650802765011246
2,"build/tests/sizes/cube-2264-asc.bdf","scan",1622650802765627450,1622650812499800477
2,"build/tests/sizes/cube-2264-asc.bdf","chck",1622650802765012399,1622650812499816870
2,"build/tests/sizes/cube-2246-bin.vtk","scan",1622650812500547752,1622650812911944779
2,"build/tests/sizes/cube-2246-bin.vtk","chck",1622650812499818231,1622650812911952506
2,"build/tests/sizes/cube-1335-bin.vtk","scan",1622650812920868366,1622650816609014099
2,"build/tests/sizes/cube-1335-bin.vtk","chck",1622650812911953635,1622650816609021659
2,"build/tests/sizes/cube-538-stl-bin.geo","scan",1622650816628462980,1622650816701230997
2,"build/tests/sizes/cube-538-stl-bin.geo","chck",1622650816609022931,1622650816701238984
2,"build/tests/sizes/cube-635-stl-bin.geo","scan",1622650816715975995,1622650816791927735
2,"build/tests/sizes/cube-635-stl-bin.geo","chck",1622650816701240605,1622650816791935049
2,"build/tests/sizes/cube-938-geo.geo","scan",1622650816806113381,1622650816807446427
2,"build/tests/sizes/cube-938-geo.geo","chck",1622650816791936624,1622650816807451001
2,"build/tests/sizes/cube-380-asc.msh2","scan",1622650816815081340,1622650820737370547
2,"build/tests/sizes/cube-380-asc.msh2","chck",1622650816807452059,1622650820737378493
2,"build/tests/sizes/cube-2472-stl-bin.geo","scan",1622650820738221204,1622650821055281101
2,"build/tests/sizes/cube-2472-stl-bin.geo","chck",1622650820737379733,1622650821055288982
2,"build/tests/sizes/cube-996-asc.bdf","scan",1622650821056874444,1622650821067768615
2,"build/tests/sizes/cube-996-asc.bdf","chck",1622650821055290228,1622650821068011847
2,"build/tests/sizes/cube-429-bin.msh2","scan",1622650821069379467,1622650821071980107
2,"build/tests/sizes/cube-429-bin.msh2","chck",1622650821068013957,1622650821071988992
2,"build/tests/sizes/cube-1673-bin.cgns","scan",1622650821095190321,1622650821190294204
2,"build/tests/sizes/cube-1673-bin.cgns","chck",1622650821071989960,1622650821190300313
2,"build/tests/sizes/cube-1047-asc.bdf","scan",1622650821191509394,1622650821213124222
2,"build/tests/sizes/cube-1047-asc.bdf","chck",1622650821190301404,1622650821213129733
2,"build/tests/sizes/cube-1566-asc.msh2","scan",1622650821237126836,1622650822622312838
2,"build/tests/sizes/cube-1566-asc.msh2","chck",1622650821213130895,1622650822622320271
2,"build/tests/sizes/cube-3522-asc.mesh","scan",1622650822623106430,1622650822625226966
2,"build/tests/sizes/cube-3522-asc.mesh","chck",1622650822622321444,1622650822625232216
2,"build/tests/sizes/cube-3627-geo.geo_unrolled","scan",1622650822625827838,1622650822627039267
2,"build/tests/sizes/cube-3627-geo.geo_unrolled","chck",1622650822625233366,1622650822627043567
2,"build/tests/sizes/cube-3732-asc.mesh","scan",1622650822627728544,1622650823088263374
2,"build/tests/sizes/cube-3732-asc.mesh","chck",1622650822627044556,1622650823088271538
2,"build/tests/sizes/cube-3470-asc.mesh","scan",1622650823089078856,1622650823888126523
2,"build/tests/sizes/cube-3470-asc.mesh","chck",1622650823088272672,1622650823888132380
2,"build/tests/sizes/cube-1678-bin.cgns","scan",1622650823907961776,1622650824020144569
2,"build/tests/sizes/cube-1678-bin.cgns","chck",1622650823888133513,1622650824020150843
2,"build/tests/sizes/cube-324-bin.cgns","scan",1622650824047174162,1622650824239477685
2,"build/tests/sizes/cube-324-bin.cgns","chck",1622650824020151967,1622650824239483943
2,"build/tests/sizes/cube-1476-asc.msh2","scan",1622650824252495035,1622650833624906026
2,"build/tests/sizes/cube-1476-asc.msh2","chck",1622650824239485108,1622650833624912517
2,"build/tests/sizes/cube-173-asc.mesh","scan",1622650833629594227,1622650833761828232
2,"build/tests/sizes/cube-173-asc.mesh","chck",1622650833624913453,1622650833761835047
2,"build/tests/sizes/cube-3928-geo.geo","scan",1622650833762433646,1622650833763706059
2,"build/tests/sizes/cube-3928-geo.geo","chck",1622650833761836111,1622650833763709659
2,"build/tests/sizes/cube-3401-asc.bdf","scan",1622650833764264962,1622650837025966685
2,"build/tests/sizes/cube-3401-asc.bdf","chck",1622650833763710563,1622650837025974396
2,"build/tests/sizes/cube-3809-bin.msh4","scan",1622650837026753201,1622650837216263637
2,"build/tests/sizes/cube-3809-bin.msh4","chck",1622650837025975466,1622650837216271159
2,"build/tests/sizes/cube-3911-bin.msh2","scan",1622650837217046330,1622650837885743599
2,"build/tests/sizes/cube-3911-bin.msh2","chck",1622650837216272488,1622650837885750257
2,"build/tests/sizes/cube-1265-bin.vtk","scan",1622650837906629722,1622650837941899764
2,"build/tests/sizes/cube-1265-bin.vtk","chck",1622650837885751400,1622650837941906583
2,"build/tests/sizes/cube-3283-bin.msh2","scan",1622650837942447133,1622650838791662505
2,"build/tests/sizes/cube-3283-bin.msh2","chck",1622650837941907829,1622650838791669866
2,"build/tests/sizes/cube-3779-bin.cgns","scan",1622650838796609243,1622650838856789468
2,"build/tests/sizes/cube-3779-bin.cgns","chck",1622650838791670909,1622650838856796585
2,"build/tests/sizes/cube-663-geo.geo","scan",1622650838872012427,1622650838873432624
2,"build/tests/sizes/cube-663-geo.geo","chck",1622650838856797851,1622650838873438683
2,"build/tests/sizes/cube-3993-bin.msh4","scan",1622650838874067412,1622650838875308055
2,"build/tests/sizes/cube-3993-bin.msh4","chck",1622650838873439722,1622650838875311736
2,"build/tests/sizes/cube-1015-bin.msh4","scan",1622650838895231830,1622650838903454739
2,"build/tests/sizes/cube-1015-bin.msh4","chck",1622650838875312613,1622650838903459774
2,"build/tests/sizes/cube-1493-geo.geo","scan",1622650838921736920,1622650838923049508
2,"build/tests/sizes/cube-1493-geo.geo","chck",1622650838903460758,1622650838923055279
2,"build/tests/sizes/cube-2104-bin.cgns","scan",1622650838928031579,1622650838987053626
2,"build/tests/sizes/cube-2104-bin.cgns","chck",1622650838923056186,1622650838987060597
2,"build/tests/sizes/cube-3754-stl-bin.geo","scan",1622650838988000289,1622650838990505907
2,"build/tests/sizes/cube-3754-stl-bin.geo","chck",1622650838987061920,1622650838990511591
2,"build/tests/sizes/cube-3947-bin.msh4","scan",1622650838991053211,1622650839084035052
2,"build/tests/sizes/cube-3947-bin.msh4","chck",1622650838990512918,1622650839084042560
2,"build/tests/sizes/cube-3612-geo.geo_unrolled","scan",1622650839085381357,1622650839086842265
2,"build/tests/sizes/cube-3612-geo.geo_unrolled","chck",1622650839084043645,1622650839086846505
2,"build/tests/sizes/cube-577-stl-bin.geo","scan",1622650839104351396,1622650839255433897
2,"build/tests/sizes/cube-577-stl-bin.geo","chck",1622650839086847395,1622650839255442666
2,"build/tests/sizes/cube-1391-bin.msh4","scan",1622650839276008499,1622650839310153331
2,"build/tests/sizes/cube-1391-bin.msh4","chck",1622650839255444177,1622650839310159972
2,"build/tests/sizes/cube-1303-geo.geo_unrolled","scan",1622650839328343571,1622650839329700697
2,"build/tests/sizes/cube-1303-geo.geo_unrolled","chck",1622650839310161097,1622650839329706086
2,"build/tests/sizes/cube-906-asc.bdf","scan",1622650839349884855,1622650839384168986
2,"build/tests/sizes/cube-906-asc.bdf","chck",1622650839329707080,1622650839384173823
2,"build/tests/sizes/cube-1057-bin.vtk","scan",1622650839385625671,1622650839537688285
2,"build/tests/sizes/cube-1057-bin.vtk","chck",1622650839384174800,1622650839537695568
2,"build/tests/sizes/cube-2828-stl-bin.geo","scan",1622650839538460109,1622650839941089660
2,"build/tests/sizes/cube-2828-stl-bin.geo","chck",1622650839537696609,1622650839941223459
2,"build/tests/sizes/cube-773-asc.mesh","scan",1622650839957486373,1622650840040607371
2,"build/tests/sizes/cube-773-asc.mesh","chck",1622650839941224545,1622650840040614544
2,"build/tests/sizes/cube-1604-stl-bin.geo","scan",1622650840057251252,1622650840174046947
2,"build/tests/sizes/cube-1604-stl-bin.geo","chck",1622650840040615819,1622650840174054546
2,"build/tests/sizes/cube-1852-asc.mesh","scan",1622650840175260963,1622650841436690555
2,"build/tests/sizes/cube-1852-asc.mesh","chck",1622650840174055747,1622650841436697466
2,"build/tests/sizes/cube-2766-geo.geo_unrolled","scan",1622650841437512696,1622650841438761896
2,"build/tests/sizes/cube-2766-geo.geo_unrolled","chck",1622650841436698727,1622650841438766382
2,"build/tests/sizes/cube-3848-stl-bin.geo","scan",1622650841439306932,1622650841447589671
2,"build/tests/sizes/cube-3848-stl-bin.geo","chck",1622650841438767391,1622650841447593541
2,"build/tests/sizes/cube-943-bin.cgns","scan",1622650841472380248,1622650841593240275
2,"build/tests/sizes/cube-943-bin.cgns","chck",1622650841447594502,1622650841593246931
2,"build/tests/sizes/cube-3816-asc.mesh","scan",1622650841594123112,1622650842426858148
2,"build/tests/sizes/cube-3816-asc.mesh","chck",1622650841593248086,1622650842426865518
2,"build/tests/sizes/cube-3682-geo.geo","scan",1622650842427772125,1622650842429127286
2,"build/tests/sizes/cube-3682-geo.geo","chck",1622650842426866687,1622650842429131945
2,"build/tests/sizes/cube-473-bin.vtk","scan",1622650842450054008,1622650843781621542
2,"build/tests/sizes/cube-473-bin.vtk","chck",1622650842429132888,1622650843781629253
2,"build/tests/sizes/cube-2783-bin.cgns","scan",1622650843787433452,1622650843845733972
2,"build/tests/sizes/cube-2783-bin.cgns","chck",1622650843781630759,1622650843845740424
2,"build/tests/sizes/cube-648-geo.geo","scan",1622650843847592973,1622650843849100447
2,"build/tests/sizes/cube-648-geo.geo","chck",1622650843845741518,1622650843849104874
2,"build/tests/sizes/cube-878-stl-bin.geo","scan",1622650843867966084,1622650844123991763
2,"build/tests/sizes/cube-878-stl-bin.geo","chck",1622650843849105760,1622650844123999290
2,"build/tests/sizes/cube-1366-asc.mesh","scan",1622650844138590881,1622650844313526063
2,"build/tests/sizes/cube-1366-asc.mesh","chck",1622650844124000377,1622650844313533630
2,"build/tests/sizes/cube-2282-geo.geo_unrolled","scan",1622650844314325756,1622650844315546732
2,"build/tests/sizes/cube-2282-geo.geo_unrolled","chck",1622650844313730586,1622650844315550029
2,"build/tests/sizes/cube-171-bin.cgns","scan",1622650844340868193,1622650844554515136
2,"build/tests/sizes/cube-171-bin.cgns","chck",1622650844315550963,1622650844554522346
2,"build/tests/sizes/cube-3480-bin.cgns","scan",1622650844560713692,1622650844617627583
2,"build/tests/sizes/cube-3480-bin.cgns","chck",1622650844554523566,1622650844617632925
2,"build/tests/sizes/cube-2719-bin.cgns","scan",1622650844623682114,1622650844681595441
2,"build/tests/sizes/cube-2719-bin.cgns","chck",1622650844617633921,1622650844681602701
2,"build/tests/sizes/cube-3932-asc.bdf","scan",1622650844682328757,1622650853982846241
2,"build/tests/sizes/cube-3932-asc.bdf","chck",1622650844681603871,1622650853982861251
2,"build/tests/sizes/cube-1661-bin.msh4","scan",1622650853997482047,1622650854489719757
2,"build/tests/sizes/cube-1661-bin.msh4","chck",1622650853982862351,1622650854489726315
2,"build/tests/sizes/cube-236-bin.vtk","scan",1622650854514213202,1622650854540150620
2,"build/tests/sizes/cube-236-bin.vtk","chck",1622650854489727468,1622650854540156020
2,"cube-236-bin","prep",1622650854541382249,1622650854542100334
2,"cube-236-bin","zzzz",1622650854542105451,1622650854561715239,1111,1996,5988
2,"cube-236-bin","post",1622650854561716696,1622650854562018926
2,"cube-3816-asc","prep",1622650854562038500,1622650854705621145
2,"cube-3816-asc","zzzz",1622650854705627145,1622650896130569292,291154,408337,1225011
2,"cube-3816-asc","post",1622650896130580898,1622650896154748812
2,"cube-1852-asc","prep",1622650896154788478,1622650896355478984
2,"cube-1852-asc","zzzz",1622650896355487250,1622650965569626770,412711,575450,1726350
2,"cube-1852-asc","post",1622650965569640799,1622650965604721475
2,"cube-1785-asc","prep",1622650965605019288,1622650965606785160
2,"cube-1785-asc","zzzz",1622650965606788641,1622650965639100936,1617,2903,8709
2,"cube-1785-asc","post",1622650965639110974,1622650965639496792
2,"cube-1366-asc","prep",1622650965639655882,1622650965662059074
2,"cube-1366-asc","zzzz",1622650965662061693,1622650968747840067,47687,70043,210129
2,"cube-1366-asc","post",1622650968747853345,1622650968755834813
2,"cube-1265-bin","prep",1622650968755872265,1622650968758744181
2,"cube-1265-bin","zzzz",1622650968758747243,1622650968789751441,1559,2822,8466
2,"cube-1265-bin","post",1622650968789761776,1622650968790155472
2,"cube-33-bin","prep",1622650968790294950,1622650968830971528
2,"cube-33-bin","zzzz",1622650968830976430,1622650972615755113,55009,80538,241614
2,"cube-33-bin","post",1622650972615768723,1622650972640581716
2,"cube-2008-stl-bin","mesh",1622650972640631698,1622650972653106245
2,"cube-2008-stl-bin","prep",1622650972654023267,1622650972654266400
2,"cube-2008-stl-bin","zzzz",1622650972654268701,1622650972663723437,338,1147,3441
2,"cube-2008-stl-bin","post",1622650972663733205,1622650972663974551
2,"cube-577-stl-bin","mesh",1622650972664009264,1622650974723729021
2,"cube-577-stl-bin","prep",1622650974826133109,1622650974961193368
2,"cube-577-stl-bin","zzzz",1622650974961199863,1622651006935444501,218205,343192,1029576
2,"cube-577-stl-bin","post",1622651006935455381,1622651007004640778
2,"cube-1823-asc","prep",1622651007004682823,1622651007020315907
2,"cube-1823-asc","zzzz",1622651007020318674,1622651007054019744,1656,2996,8988
2,"cube-1823-asc","post",1622651007054029994,1622651007054577156
2,"cube-1183-stl-bin","mesh",1622651007054663332,1622651007105903328
2,"cube-1183-stl-bin","prep",1622651007106758350,1622651007109760534
2,"cube-1183-stl-bin","zzzz",1622651007109762614,1622651007330106343,5213,11255,33765
2,"cube-1183-stl-bin","post",1622651007330116668,1622651007331220907
2,"cube-2462-geo","mesh",1622651007331308591,1622651007900839699
2,"cube-2462-geo","prep",1622651007901739222,1622651007954201485
2,"cube-2462-geo","zzzz",1622651007954206803,1622651010979775689,47129,69100,207300
2,"cube-2462-geo","post",1622651010979790963,1622651011006831282
2,"cube-648-geo","mesh",1622651011008431044,1622651011052570751
2,"cube-648-geo","prep",1622651011053502797,1622651011054896024
2,"cube-648-geo","zzzz",1622651011054898228,1622651011106882997,2372,4093,12279
2,"cube-648-geo","post",1622651011106892949,1622651011107419452
2,"cube-3732-asc","prep",1622651011107672886,1622651011182980969
2,"cube-3732-asc","zzzz",1622651011182985935,1622651027084874200,151051,214225,642675
2,"cube-3732-asc","post",1622651027084887921,1622651027098697693
2,"cube-2783-bin.cgns","prep",1622651027098740172,1622651027322097360
2,"cube-2783-bin.cgns","zzzz",1622651027322105543,1622651514817917178,1726663,2360240,7080720
2,"cube-2783-bin.cgns","post",1622651514817931999,1622651514818205344
2,"cube-3932-asc","prep",1622651514819163797,1622651515300982636
2,"cube-3932-asc","zzzz",1622651515300988042,1622651842961898782,986522,1752053,5256159
2,"cube-3932-asc","post",1622651842961907445,1622651843058483596
2,"cube-429-bin","prep",1622651843058808217,1622651843064768412
2,"cube-429-bin","zzzz",1622651843064771882,1622651843066577064,140,319,957
2,"cube-429-bin","post",1622651843066581007,1622651843066670826
2,"cube-2719-bin.cgns","prep",1622651843066690236,1622651843067719047
2,"cube-2719-bin.cgns","zzzz",1622651843067721818,1622651843272452150,6733,10692,32076
2,"cube-2719-bin.cgns","post",1622651843272461787,1622651843272502746
2,"cube-3627-geo","mesh",1622651843272592056,1622651867868093642
2,"cube-3627-geo","prep",1622651867869023641,1622651870025021417
2,"cube-3627-geo","zzzz",1622651870025032560,1622652431163942511,1921375,2622904,7868712
2,"cube-3627-geo","post",1622652431163956212,1622652431640831539
2,"cube-1278-asc","prep",1622652431643550435,1622652431683965477
2,"cube-1278-asc","zzzz",1622652431683969898,1622652431769931215,3538,5827,17481
2,"cube-1278-asc","post",1622652431769941456,1622652431770505096
2,"cube-635-stl-bin","mesh",1622652431770611619,1622652432077135494
2,"cube-635-stl-bin","prep",1622652432078000543,1622652432106161087
2,"cube-635-stl-bin","zzzz",1622652432106165976,1622652434407379291,31997,57258,171774
2,"cube-635-stl-bin","post",1622652434407390237,1622652434418248664
2,"cube-896-stl-bin","mesh",1622652434418279500,1622652434439263356
2,"cube-896-stl-bin","prep",1622652434440125220,1622652434441186352
2,"cube-896-stl-bin","zzzz",1622652434441188719,1622652434500563246,1656,4494,13482
2,"cube-896-stl-bin","post",1622652434500573195,1622652434501272401
2,"cube-1673-bin.cgns","prep",1622652434501606551,1622652434516942832
2,"cube-1673-bin.cgns","zzzz",1622652434516945861,1622652434522167078,348,729,2187
2,"cube-1673-bin.cgns","post",1622652434522177076,1622652434522248924
2,"cube-3888-bin","prep",1622652434522339008,1622652434523455891
2,"cube-3888-bin","zzzz",1622652434523457379,1622652434549032482,1335,2434,7302
2,"cube-3888-bin","post",1622652434549042430,1622652434549255719
2,"cube-1661-bin","prep",1622652434549399884,1622652434589414038
2,"cube-1661-bin","zzzz",1622652434589418599,1622652440248353052,73219,106092,318276
2,"cube-1661-bin","post",1622652440248386465,1622652440265904502
2,"cube-3848-stl-bin","mesh",1622652440265936411,1622652440297875547
2,"cube-3848-stl-bin","prep",1622652440298757919,1622652440300946065
2,"cube-3848-stl-bin","zzzz",1622652440300948545,1622652440434012289,3470,7913,23739
2,"cube-3848-stl-bin","post",1622652440434022342,1622652440435023777
2,"cube-628-bin.cgns","prep",1622652440435329098,1622652440439753421
2,"cube-628-bin.cgns","zzzz",1622652440439756447,1622652441180110925,17227,26164,78492
2,"cube-628-bin.cgns","post",1622652441180120769,1622652441180174437
2,"cube-1566-asc","prep",1622652441180268690,1622652441282352988
2,"cube-1566-asc","zzzz",1622652441282362028,1622652459954160882,168831,238818,716454
2,"cube-1566-asc","post",1622652459954174638,1622652459977762293
2,"cube-3779-bin.cgns","prep",1622652459977803218,1622652459984468775
2,"cube-3779-bin.cgns","zzzz",1622652459984472231,1622652459992264977,495,990,2970
2,"cube-3779-bin.cgns","post",1622652459992275031,1622652459992332712
2,"cube-2598-bin.cgns","prep",1622652459992426428,1622652460240152714
2,"cube-2598-bin.cgns","zzzz",1622652460240711133,1622653086920326164,2091739,2849466,8548398
2,"cube-2598-bin.cgns","post",1622653086920339972,1622653086920428874
2,"cube-2104-bin.cgns","prep",1622653086921243780,1622653087172385124
2,"cube-2104-bin.cgns","zzzz",1622653087172393314,1622653723634479430,2112771,2882759,8648277
2,"cube-2104-bin.cgns","post",1622653723634493764,1622653723634558848
2,"cube-2472-stl-bin","mesh",1622653723635753882,1622653729038011664
2,"cube-2472-stl-bin","prep",1622653729316035741,1622653729697356100
2,"cube-2472-stl-bin","zzzz",1622653729697368151,1622653851162934337,552569,835860,2507580
2,"cube-2472-stl-bin","post",1622653851162941590,1622653851338207191
2,"cube-1335-bin","prep",1622653851338248960,1622653852711946279
2,"cube-1335-bin","zzzz",1622653852711966413,1622654603130503502,2393837,3261801,9785403
2,"cube-1335-bin","post",1622654603130512215,1622654603350774035
2,"cube-324-bin.cgns","prep",1622654603351730991,1622654604108504377
2,"cube-324-bin.cgns","zzzz",1622654604108514912,1622655338385683213,2354663,3209036,9627108
2,"cube-324-bin.cgns","post",1622655338385707391,1622655338385780675
2,"cube-1678-bin.cgns","prep",1622655338385896019,1622655338435124748
2,"cube-1678-bin.cgns","zzzz",1622655338435129137,1622655338566746038,4854,7853,23559
2,"cube-1678-bin.cgns","post",1622655338566755284,1622655338566790600
2,"cube-1015-bin","prep",1622655338566876247,1622655338567130623
2,"cube-1015-bin","zzzz",1622655338567132629,1622655338571918483,327,684,2052
2,"cube-1015-bin","post",1622655338571932801,1622655338572058552
2,"cube-2103-asc","prep",1622655338572075248,1622655338572397163
2,"cube-2103-asc","zzzz",1622655338572398730,1622655338577600232,348,729,2187
2,"cube-2103-asc","post",1622655338577605009,1622655338577703844
2,"cube-3522-asc","prep",1622655338577717250,1622655338577976732
2,"cube-3522-asc","zzzz",1622655338577978085,1622655338582753604,326,683,2049
2,"cube-3522-asc","post",1622655338582758304,1622655338582832285
2,"cube-2246-bin","prep",1622655338582844301,1622655338583128408
2,"cube-2246-bin","zzzz",1622655338583129758,1622655338587914792,327,684,2052
2,"cube-2246-bin","post",1622655338587919765,1622655338588034679
2,"cube-773-asc","prep",1622655338588047809,1622655338598941283
2,"cube-773-asc","zzzz",1622655338598943535,1622655339419143931,18580,28101,84303
2,"cube-773-asc","post",1622655339419154413,1622655339424251665
2,"cube-2321-bin.cgns","prep",1622655339424361019,1622655339754434882
2,"cube-2321-bin.cgns","zzzz",1622655339754443924,1622655497996155599,735515,1015002,3045006
2,"cube-2321-bin.cgns","post",1622655497996169749,1622655497996230608
2,"cube-1391-bin","prep",1622655497996375385,1622655498002944434
2,"cube-1391-bin","zzzz",1622655498002947140,1622655498522919081,13217,20464,61392
2,"cube-1391-bin","post",1622655498522929451,1622655498525602691
2,"cube-171-bin.cgns","prep",1622655498525630600,1622655499035134757
2,"cube-171-bin.cgns","zzzz",1622655499035144459,1622655902521214031,1496391,2048094,6144282
2,"cube-171-bin.cgns","post",1622655902521226446,1622655902521263755
2,"cube-1047-asc","prep",1622655902521354100,1622655902522911749
2,"cube-1047-asc","zzzz",1622655902522914521,1622655902576861704,2449,4202,12606
2,"cube-1047-asc","post",1622655902576879440,1622655902577297736
2,"cube-3480-bin.cgns","prep",1622655902577335814,1622655902579655252
2,"cube-3480-bin.cgns","zzzz",1622655902579658577,1622655902581870335,166,375,1125
2,"cube-3480-bin.cgns","post",1622655902581875073,1622655902581912236
2,"cube-943-bin.cgns","prep",1622655902581967206,1622655902620118355
2,"cube-943-bin.cgns","zzzz",1622655902620122193,1622655902750184076,4805,7788,23364
2,"cube-943-bin.cgns","post",1622655902750194001,1622655902750230057
2,"cube-3029-asc","prep",1622655902750315534,1622655902859806741
2,"cube-3029-asc","zzzz",1622655902859813740,1622655916358876170,134967,191725,575175
2,"cube-3029-asc","post",1622655916358889976,1622655916405404015
2,"cube-538-stl-bin","mesh",1622655916405460386,1622655916720916029
2,"cube-538-stl-bin","prep",1622655916721994175,1622655916747395701
2,"cube-538-stl-bin","zzzz",1622655916747401687,1622655918836548116,29760,53568,160704
2,"cube-538-stl-bin","post",1622655918836559238,1622655918845686708
2,"cube-993-geo","mesh",1622655918845717853,1622655918916073116
2,"cube-993-geo","prep",1622655918916979254,1622655918919468403
2,"cube-993-geo","zzzz",1622655918919470435,1622655919015511812,3832,6298,18894
2,"cube-993-geo","post",1622655919015522104,1622655919016215879
2,"cube-3746-asc","prep",1622655919016601292,1622655919019821016
2,"cube-3746-asc","zzzz",1622655919019823121,1622655919167489253,5303,8521,25563
2,"cube-3746-asc","post",1622655919167499327,1622655919169279951
2,"cube-1978-geo","mesh",1622655919169299173,1622655924417423597
2,"cube-1978-geo","prep",1622655924418395438,1622655924922340308
2,"cube-1978-geo","zzzz",1622655924922345732,1622655996998229735,424213,591186,1773558
2,"cube-1978-geo","post",1622655996998240618,1622655997197124711
2,"cube-3281-bin.cgns","prep",1622655997197208987,1622655997592592634
2,"cube-3281-bin.cgns","zzzz",1622655997592601239,1622656141406686705,684555,944776,2834328
2,"cube-3281-bin.cgns","post",1622656141406693896,1622656141406738531
2,"cube-996-asc","prep",1622656141406844033,1622656141407596462
2,"cube-996-asc","zzzz",1622656141407598684,1622656141429910484,1221,2196,6588
2,"cube-996-asc","post",1622656141429920948,1622656141430309182
2,"cube-3336-asc","prep",1622656141430483141,1622656141438050924
2,"cube-3336-asc","zzzz",1622656141438052941,1622656141829752034,10689,16815,50445
2,"cube-3336-asc","post",1622656141829761964,1622656141834270456
2,"cube-3420-asc","prep",1622656141834397919,1622656141846340343
2,"cube-3420-asc","zzzz",1622656141846342539,1622656142861558260,21822,32516,97548
2,"cube-3420-asc","post",1622656142861562082,1622656142863294634
2,"cube-2982-geo","mesh",1622656142863317756,1622656142874213350
2,"cube-2982-geo","prep",1622656142875206056,1622656142875516952
2,"cube-2982-geo","zzzz",1622656142875518694,1622656142880345274,329,686,2058
2,"cube-2982-geo","post",1622656142880349045,1622656142880608573
2,"cube-3809-bin","prep",1622656142880622853,1622656142927784534
2,"cube-3809-bin","zzzz",1622656142927789851,1622656150311373945,88241,127188,381564
2,"cube-3809-bin","post",1622656150311386275,1622656150319357071
2,"cube-3283-bin","prep",1622656150319412243,1622656150414307615
2,"cube-3283-bin","zzzz",1622656150414313075,1622656170916905051,179994,254398,763194
2,"cube-3283-bin","post",1622656170916919169,1622656170933250023
2,"cube-938-geo","mesh",1622656170933295495,1622656171553439611
2,"cube-938-geo","prep",1622656171554351788,1622656171605498999
2,"cube-938-geo","zzzz",1622656171605504240,1622656174673205815,47498,69756,209268
2,"cube-938-geo","post",1622656174673216480,1622656174692172317
2,"cube-2229-asc","prep",1622656174693609477,1622656174699123294
2,"cube-2229-asc","zzzz",1622656174699125033,1622656174704779696,370,775,2325
2,"cube-2229-asc","post",1622656174704789743,1622656174705414798
2,"cube-1195-bin","prep",1622656174705449993,1622656174771153501
2,"cube-1195-bin","zzzz",1622656174771159744,1622656180697259483,75585,109484,328452
2,"cube-1195-bin","post",1622656180697270293,1622656180735515935
2,"cube-638-geo","mesh",1622656180735552724,1622656180754011454
2,"cube-638-geo","prep",1622656180755031883,1622656180755259785
2,"cube-638-geo","zzzz",1622656180755261606,1622656180758623056,248,519,1557
2,"cube-638-geo","post",1622656180758632939,1622656180759109065
2,"cube-3252-bin","prep",1622656180759145463,1622656180759536598
2,"cube-3252-bin","zzzz",1622656180759538016,1622656180763566687,288,597,1791
2,"cube-3252-bin","post",1622656180763576466,1622656180763741562
2,"cube-2633-bin","prep",1622656180763774757,1622656180764174470
2,"cube-2633-bin","zzzz",1622656180764175586,1622656180768192664,289,598,1794
2,"cube-2633-bin","post",1622656180768197363,1622656180768283988
2,"cube-3965-geo","mesh",1622656180768296865,1622656180794756279
2,"cube-3965-geo","prep",1622656180795563901,1622656180796314950
2,"cube-3965-geo","zzzz",1622656180796316885,1622656180816630056,1155,2046,6138
2,"cube-3965-geo","post",1622656180817177597,1622656180817803745
2,"cube-2766-geo","mesh",1622656180817820987,1622656181271724260
2,"cube-2766-geo","prep",1622656181272651586,1622656181303598880
2,"cube-2766-geo","zzzz",1622656181303603743,1622656183241911736,34439,50855,152565
2,"cube-2766-geo","post",1622656183241922875,1622656183253439797
2,"cube-473-bin","prep",1622656183253470514,1622656183661330344
2,"cube-473-bin","zzzz",1622656183661336583,1622656352545526758,774438,1065787,3197361
2,"cube-473-bin","post",1622656352545536810,1622656352612892205
2,"cube-356-geo","mesh",1622656352612930133,1622656373226784298
2,"cube-356-geo","prep",1622656373227695325,1622656375058004877
2,"cube-356-geo","zzzz",1622656375058011802,1622656817926642600,1605863,2196261,6588783
2,"cube-356-geo","post",1622656817926657188,1622656818469501808
2,"cube-380-asc","prep",1622656818470152254,1622656818803218392
2,"cube-380-asc","zzzz",1622656818803225398,1622656917941897745,527205,730670,2192010
2,"cube-380-asc","post",1622656917941911979,1622656917998323886
2,"cube-1604-stl-bin","mesh",1622656917998372996,1622656919027020192
2,"cube-1604-stl-bin","prep",1622656919027994290,1622656919141547340
2,"cube-1604-stl-bin","zzzz",1622656919141554489,1622656927594396190,83652,139486,418458
2,"cube-1604-stl-bin","post",1622656927594407836,1622656927649457623
2,"cube-878-stl-bin","mesh",1622656927649490993,1622656932497182835
2,"cube-878-stl-bin","prep",1622656932747581168,1622656933058045298
2,"cube-878-stl-bin","zzzz",1622656933058052086,1622657008200199677,396709,607808,1823424
2,"cube-878-stl-bin","post",1622657008200213078,1622657008442134244
2,"cube-3682-geo","mesh",1622657008442174064,1622657010026431971
2,"cube-3682-geo","prep",1622657010027392103,1622657010188070853
2,"cube-3682-geo","zzzz",1622657010188076497,1622657020009415629,107991,154489,463467
2,"cube-3682-geo","post",1622657020009428788,1622657020096420286
2,"cube-2433-stl-bin","mesh",1622657020096454443,1622657034441516953
2,"cube-2433-stl-bin","prep",1622657035033783378,1622657035991523907
2,"cube-2433-stl-bin","zzzz",1622657035991531164,1622657359055386301,1181103,1733585,5200755
2,"cube-2433-stl-bin","post",1622657359055395354,1622657359511096822
2,"cube-676-geo","mesh",1622657359511134774,1622657361481879869
2,"cube-676-geo","prep",1622657361482982095,1622657361684859246
2,"cube-676-geo","zzzz",1622657361684866001,1622657374896694459,133188,188922,566766
2,"cube-676-geo","post",1622657374896706143,1622657375004046644
2,"cube-534-bin","prep",1622657375004091827,1622657375038212488
2,"cube-534-bin","zzzz",1622657375038216793,1622657377851991176,44584,65715,197145
2,"cube-534-bin","post",1622657377852003616,1622657377855985769
2,"cube-3401-asc","prep",1622657377856023332,1622657378116593008
2,"cube-3401-asc","zzzz",1622657378116599943,1622657459730481206,461404,642128,1926384
2,"cube-3401-asc","post",1622657459730494815,1622657459770334913
2,"cube-1864-geo","mesh",1622657459770379185,1622657481533162409
2,"cube-1864-geo","prep",1622657481534118083,1622657483349116889
2,"cube-1864-geo","zzzz",1622657483349123709,1622657924251399857,1600388,2188952,6566856
2,"cube-1864-geo","post",1622657924251415374,1622657924832011163
2,"cube-2264-asc","prep",1622657924832078242,1622657925507045222
2,"cube-2264-asc","zzzz",1622657925507051856,1622658230022378126,977879,1658386,4975158
2,"cube-2264-asc","post",1622658230022393256,1622658230207026727
2,"cube-2282-geo","mesh",1622658230207524003,1622658230305785141
2,"cube-2282-geo","prep",1622658230306828714,1622658230307067530
2,"cube-2282-geo","zzzz",1622658230307069327,1622658230310521304,257,530,1590
2,"cube-2282-geo","post",1622658230310531924,1622658230310846482
2,"cube-2294-asc","prep",1622658230310862230,1622658231324511674
2,"cube-2294-asc","zzzz",1622658231324519544,1622658736032932715,1775880,2422475,7267425
2,"cube-2294-asc","post",1622658736032948124,1622658736338749511
2,"cube-1576-asc","prep",1622658736338796635,1622658737657403735
2,"cube-1576-asc","zzzz",1622658737657412388,1622659370511500783,2107644,2870497,8611491
2,"cube-1576-asc","post",1622659370511560157,1622659370834160410
2,"cube-3470-asc","prep",1622659370834931831,1622659370988040156
2,"cube-3470-asc","zzzz",1622659370988047003,1622659407688559630,268285,376496,1129488
2,"cube-3470-asc","post",1622659407688573983,1622659407713634926
2,"cube-1847-bin","prep",1622659407713664247,1622659407720860942
2,"cube-1847-bin","zzzz",1622659407720865036,1622659407737457856,989,1756,5268
2,"cube-1847-bin","post",1622659407737468633,1622659407737802030
2,"cube-1303-geo","mesh",1622659407738001580,1622659407880088251
2,"cube-1303-geo","prep",1622659407881049247,1622659407883664673
2,"cube-1303-geo","zzzz",1622659407883666767,1622659407978621245,3812,6248,18744
2,"cube-1303-geo","post",1622659407978631280,1622659407979578069
2,"cube-1476-asc","prep",1622659407980107202,1622659408703426180
2,"cube-1476-asc","zzzz",1622659408703433332,1622659719775684211,1228965,1685099,5055297
2,"cube-1476-asc","post",1622659719775699587,1622659719886072583
2,"cube-3754-stl-bin","mesh",1622659719886117901,1622659719889927711
2,"cube-3754-stl-bin","prep",1622659719891138186,1622659719891304318
2,"cube-3754-stl-bin","zzzz",1622659719891306301,1622659719894918059,136,549,1647
2,"cube-3754-stl-bin","post",1622659719894928099,1622659719895063634
2,"cube-3928-geo","mesh",1622659719895091801,1622659719905054481
2,"cube-3928-geo","prep",1622659719906108678,1622659719906327805
2,"cube-3928-geo","zzzz",1622659719906329567,1622659719909798575,258,531,1593
2,"cube-3928-geo","post",1622659719909808530,1622659719910141134
2,"cube-663-geo","mesh",1622659719910173772,1622659720029738562
2,"cube-663-geo","prep",1622659720030955953,1622659720034237632
2,"cube-663-geo","zzzz",1622659720034239785,1622659720241448181,6785,10802,32406
2,"cube-663-geo","post",1622659720241459604,1622659720244165030
2,"cube-3464-asc","prep",1622659720244456868,1622659720433537670
2,"cube-3464-asc","zzzz",1622659720433543315,1622659752405563862,244046,343185,1029555
2,"cube-3464-asc","post",1622659752405581466,1622659752502492467
2,"cube-3989-bin","prep",1622659752502523449,1622659752657058094
2,"cube-3989-bin","zzzz",1622659752657064845,1622659778824378484,212956,299902,899706
2,"cube-3989-bin","post",1622659778824392412,1622659778883317812
2,"cube-3993-bin","prep",1622659778883348424,1622659778891728837
2,"cube-3993-bin","zzzz",1622659778891732496,1622659778896946583,348,729,2187
2,"cube-3993-bin","post",1622659778896956673,1622659778897189309
2,"cube-1493-geo","mesh",1622659778897224999,1622659810662430325
2,"cube-1493-geo","prep",1622659810903388066,1622659812986931886
2,"cube-1493-geo","zzzz",1622659812986937409,1622660577255319324,2428357,3306843,9920529
2,"cube-1493-geo","post",1622660577257222700,1622660577955318746
2,"cube-3947-bin","prep",1622660577959338872,1622660578107184684
2,"cube-3947-bin","zzzz",1622660578107192223,1622660598984509572,182308,257531,772593
2,"cube-3947-bin","post",1622660598984531542,1622660599001781292
2,"cube-173-asc","prep",1622660599001885337,1622660599008346920
2,"cube-173-asc","zzzz",1622660599008350307,1622660599402397890,10763,16901,50703
2,"cube-173-asc","post",1622660599402402172,1622660599403394966
2,"cube-2828-stl-bin","mesh",1622660599404107904,1622660609420076961
2,"cube-2828-stl-bin","prep",1622660609421147030,1622660610399631405
2,"cube-2828-stl-bin","zzzz",1622660610399641968,1622660829295581051,877769,1294660,3883980
2,"cube-2828-stl-bin","post",1622660829295637282,1622660829588836116
2,"cube-1762-bin.cgns","prep",1622660829588977804,1622660830505104890
2,"cube-1762-bin.cgns","zzzz",1622660830505113962,1622661577727251120,2388431,3251375,9754125
2,"cube-1762-bin.cgns","post",1622661577727306831,1622661577729503866
2,"cube-3612-geo","mesh",1622661577730374596,1622661579925584235
2,"cube-3612-geo","prep",1622661579940785812,1622661580060790536
2,"cube-3612-geo","zzzz",1622661580060796270,1622661597154271231,158739,224971,674913
2,"cube-3612-geo","post",1622661597154325459,1622661597223623575
2,"cube-906-asc","prep",1622661597227087250,1622661597232708387
2,"cube-906-asc","zzzz",1622661597232711715,1622661597252281481,1107,1988,5964
2,"cube-906-asc","post",1622661597253134386,1622661597253491675
2,"cube-3911-bin","prep",1622661597253853508,1622661597337583042
2,"cube-3911-bin","zzzz",1622661597337589865,1622661611229708474,137599,195501,586503
2,"cube-3911-bin","post",1622661611229722253,1622661611243173768
2,"cube-1057-bin","prep",1622661611243242137,1622661611298675467
2,"cube-1057-bin","zzzz",1622661611298681860,1622661619784635096,97197,139874,419622
2,"cube-1057-bin","post",1622661619784649762,1622661619794964615
2,"Proc","exit_task",1622650751065364963,1622661619890862151,4616296
