38,"build/tests/sizes/cube-1568-asc.mesh","scan",1622650766125558411,1622650766167778004
38,"build/tests/sizes/cube-1568-asc.mesh","chck",1622650766096416327,1622650766167895424
38,"build/tests/sizes/cube-1509-bin.vtk","scan",1622650766175137141,1622650766202020930
38,"build/tests/sizes/cube-1509-bin.vtk","chck",1622650766167896956,1622650766202027575
38,"build/tests/sizes/cube-1689-bin.cgns","scan",1622650766230973717,1622650766343226555
38,"build/tests/sizes/cube-1689-bin.cgns","chck",1622650766202028784,1622650766343231865
38,"build/tests/sizes/cube-1123-bin.msh2","scan",1622650766347870797,1622650766358236757
38,"build/tests/sizes/cube-1123-bin.msh2","chck",1622650766343232894,1622650766358243295
38,"build/tests/sizes/cube-318-bin.vtk","scan",1622650766378305049,1622650766485020678
38,"build/tests/sizes/cube-318-bin.vtk","chck",1622650766358244529,1622650766485027580
38,"build/tests/sizes/cube-3524-bin.msh4","scan",1622650766491852195,1622650766653870553
38,"build/tests/sizes/cube-3524-bin.msh4","chck",1622650766485028779,1622650766653876696
38,"build/tests/sizes/cube-3944-bin.vtk","scan",1622650766663329908,1622650768137948564
38,"build/tests/sizes/cube-3944-bin.vtk","chck",1622650766653878127,1622650768137986587
38,"build/tests/sizes/cube-2009-stl-bin.geo","scan",1622650768140693196,1622650768194780675
38,"build/tests/sizes/cube-2009-stl-bin.geo","chck",1622650768137987944,1622650768194786278
38,"build/tests/sizes/cube-3026-geo.geo","scan",1622650768195389932,1622650768198644494
38,"build/tests/sizes/cube-3026-geo.geo","chck",1622650768194787381,1622650768198649723
38,"build/tests/sizes/cube-822-bin.msh4","scan",1622650768215507761,1622650768310928997
38,"build/tests/sizes/cube-822-bin.msh4","chck",1622650768198650635,1622650768310936200
38,"build/tests/sizes/cube-135-bin.vtk","scan",1622650768323464300,1622650768367139958
38,"build/tests/sizes/cube-135-bin.vtk","chck",1622650768310937401,1622650768367157630
38,"build/tests/sizes/cube-1880-stl-bin.geo","scan",1622650768382062627,1622650768416160799
38,"build/tests/sizes/cube-1880-stl-bin.geo","chck",1622650768367158867,1622650768416176341
38,"build/tests/sizes/cube-2762-asc.msh2","scan",1622650768418512054,1622650768453921506
38,"build/tests/sizes/cube-2762-asc.msh2","chck",1622650768416177633,1622650768453929034
38,"build/tests/sizes/cube-2001-stl-bin.geo","scan",1622650768456476340,1622650768489891737
38,"build/tests/sizes/cube-2001-stl-bin.geo","chck",1622650768453930160,1622650768489898742
38,"build/tests/sizes/cube-1004-bin.cgns","scan",1622650768512194465,1622650768634796945
38,"build/tests/sizes/cube-1004-bin.cgns","chck",1622650768489903967,1622650768634804154
38,"build/tests/sizes/cube-1119-geo.geo","scan",1622650768656440444,1622650768660044386
38,"build/tests/sizes/cube-1119-geo.geo","chck",1622650768634805383,1622650768660051487
38,"build/tests/sizes/cube-3532-geo.geo","scan",1622650768660721669,1622650768663942428
38,"build/tests/sizes/cube-3532-geo.geo","chck",1622650768660062945,1622650768663948457
38,"build/tests/sizes/cube-164-asc.bdf","scan",1622650768677740837,1622650768688627522
38,"build/tests/sizes/cube-164-asc.bdf","chck",1622650768663949536,1622650768688633662
38,"build/tests/sizes/cube-766-bin.msh4","scan",1622650768705761076,1622650768734027154
38,"build/tests/sizes/cube-766-bin.msh4","chck",1622650768688634715,1622650768734033435
38,"build/tests/sizes/cube-3129-asc.mesh","scan",1622650768736643705,1622650769246229019
38,"build/tests/sizes/cube-3129-asc.mesh","chck",1622650768734034501,1622650769246249909
38,"build/tests/sizes/cube-3337-stl-bin.geo","scan",1622650769248662777,1622650769265382599
38,"build/tests/sizes/cube-3337-stl-bin.geo","chck",1622650769246251168,1622650769265389070
38,"build/tests/sizes/cube-2314-geo.geo","scan",1622650769267745114,1622650769271083620
38,"build/tests/sizes/cube-2314-geo.geo","chck",1622650769265390480,1622650769271100909
38,"build/tests/sizes/cube-1232-asc.bdf","scan",1622650769280182349,1622650776694575355
38,"build/tests/sizes/cube-1232-asc.bdf","chck",1622650769271102221,1622650776694609039
38,"build/tests/sizes/cube-3626-asc.bdf","scan",1622650776695352846,1622650779000090585
38,"build/tests/sizes/cube-3626-asc.bdf","chck",1622650776694610375,1622650779000103738
38,"build/tests/sizes/cube-1514-geo.geo_unrolled","scan",1622650779001209630,1622650779026748990
38,"build/tests/sizes/cube-1514-geo.geo_unrolled","chck",1622650779000105240,1622650779026756370
38,"build/tests/sizes/cube-1442-geo.geo_unrolled","scan",1622650779027758194,1622650779028946785
38,"build/tests/sizes/cube-1442-geo.geo_unrolled","chck",1622650779026757512,1622650779028961406
38,"build/tests/sizes/cube-3671-geo.geo_unrolled","scan",1622650779029608257,1622650779030713387
38,"build/tests/sizes/cube-3671-geo.geo_unrolled","chck",1622650779028962513,1622650779030717766
38,"build/tests/sizes/cube-1520-geo.geo_unrolled","scan",1622650779031613445,1622650779032647135
38,"build/tests/sizes/cube-1520-geo.geo_unrolled","chck",1622650779030718695,1622650779032651575
38,"build/tests/sizes/cube-3172-bin.cgns","scan",1622650779036851099,1622650779100762432
38,"build/tests/sizes/cube-3172-bin.cgns","chck",1622650779032652463,1622650779100769693
38,"build/tests/sizes/cube-138-bin.vtk","scan",1622650779119303032,1622650779127000877
38,"build/tests/sizes/cube-138-bin.vtk","chck",1622650779100770952,1622650779127008000
38,"build/tests/sizes/cube-2827-asc.mesh","scan",1622650779127636519,1622650779229915977
38,"build/tests/sizes/cube-2827-asc.mesh","chck",1622650779127009223,1622650779229923747
38,"build/tests/sizes/cube-1233-asc.mesh","scan",1622650779244955978,1622650779322180421
38,"build/tests/sizes/cube-1233-asc.mesh","chck",1622650779229925001,1622650779322194157
38,"build/tests/sizes/cube-3531-bin.vtk","scan",1622650779324197609,1622650779761967986
38,"build/tests/sizes/cube-3531-bin.vtk","chck",1622650779322195265,1622650779761974957
38,"build/tests/sizes/cube-1256-geo.geo_unrolled","scan",1622650779777674233,1622650779778979579
38,"build/tests/sizes/cube-1256-geo.geo_unrolled","chck",1622650779761976012,1622650779778985172
38,"build/tests/sizes/cube-2323-bin.vtk","scan",1622650779779513301,1622650779854856823
38,"build/tests/sizes/cube-2323-bin.vtk","chck",1622650779778986322,1622650779854863990
38,"build/tests/sizes/cube-951-geo.geo_unrolled","scan",1622650779856180193,1622650779857328740
38,"build/tests/sizes/cube-951-geo.geo_unrolled","chck",1622650779854865377,1622650779857333655
38,"build/tests/sizes/cube-542-bin.msh2","scan",1622650779858686806,1622650779861243614
38,"build/tests/sizes/cube-542-bin.msh2","chck",1622650779857334562,1622650779861248449
38,"build/tests/sizes/cube-2654-geo.geo_unrolled","scan",1622650779861788820,1622650779862852765
38,"build/tests/sizes/cube-2654-geo.geo_unrolled","chck",1622650779861249360,1622650779862857069
38,"build/tests/sizes/cube-1662-asc.msh2","scan",1622650779864055789,1622650783736832002
38,"build/tests/sizes/cube-1662-asc.msh2","chck",1622650779862857980,1622650783736839970
38,"build/tests/sizes/cube-2549-asc.bdf","scan",1622650783737619129,1622650783742393157
38,"build/tests/sizes/cube-2549-asc.bdf","chck",1622650783736841019,1622650783742398531
38,"build/tests/sizes/cube-1746-geo.geo","scan",1622650783759656065,1622650783761439365
38,"build/tests/sizes/cube-1746-geo.geo","chck",1622650783742399570,1622650783761444309
38,"build/tests/sizes/cube-70-asc.bdf","scan",1622650783779639733,1622650783792059596
38,"build/tests/sizes/cube-70-asc.bdf","chck",1622650783761445246,1622650783792064359
38,"build/tests/sizes/cube-3780-bin.vtk","scan",1622650783792652116,1622650783794554705
38,"build/tests/sizes/cube-3780-bin.vtk","chck",1622650783792065317,1622650783794558605
38,"build/tests/sizes/cube-2417-bin.cgns","scan",1622650783798691815,1622650783857245133
38,"build/tests/sizes/cube-2417-bin.cgns","chck",1622650783794559392,1622650783857252189
38,"build/tests/sizes/cube-1389-geo.geo","scan",1622650783870395344,1622650783872227175
38,"build/tests/sizes/cube-1389-geo.geo","chck",1622650783857253416,1622650783872232544
38,"build/tests/sizes/cube-3850-asc.mesh","scan",1622650783872821133,1622650784516947577
38,"build/tests/sizes/cube-3850-asc.mesh","chck",1622650783872233602,1622650784516954977
38,"build/tests/sizes/cube-3849-geo.geo","scan",1622650784518085482,1622650784519590231
38,"build/tests/sizes/cube-3849-geo.geo","chck",1622650784517400078,1622650784519595141
38,"build/tests/sizes/cube-3307-bin.msh4","scan",1622650784520118326,1622650784523550186
38,"build/tests/sizes/cube-3307-bin.msh4","chck",1622650784519596137,1622650784523555678
38,"build/tests/sizes/cube-1741-asc.mesh","scan",1622650784556808850,1622650784597047061
38,"build/tests/sizes/cube-1741-asc.mesh","chck",1622650784523556611,1622650784597053464
38,"build/tests/sizes/cube-2660-bin.msh4","scan",1622650784597637604,1622650784813554988
38,"build/tests/sizes/cube-2660-bin.msh4","chck",1622650784597054538,1622650784813562505
38,"build/tests/sizes/cube-1134-bin.vtk","scan",1622650784815015617,1622650784818491622
38,"build/tests/sizes/cube-1134-bin.vtk","chck",1622650784813563641,1622650784818497356
38,"build/tests/sizes/cube-908-asc.msh2","scan",1622650784837184634,1622650784937839657
38,"build/tests/sizes/cube-908-asc.msh2","chck",1622650784818498273,1622650784937847520
38,"build/tests/sizes/cube-746-asc.msh2","scan",1622650784951958152,1622650784997370161
38,"build/tests/sizes/cube-746-asc.msh2","chck",1622650784937848595,1622650784997377469
38,"build/tests/sizes/cube-1412-geo.geo_unrolled","scan",1622650785014399937,1622650785015715459
38,"build/tests/sizes/cube-1412-geo.geo_unrolled","chck",1622650784997378659,1622650785015720269
38,"build/tests/sizes/cube-3186-asc.mesh","scan",1622650785016319454,1622650785044310151
38,"build/tests/sizes/cube-3186-asc.mesh","chck",1622650785015721323,1622650785044316987
38,"build/tests/sizes/cube-2854-geo.geo","scan",1622650785044927346,1622650785046334578
38,"build/tests/sizes/cube-2854-geo.geo","chck",1622650785044318169,1622650785046339160
38,"build/tests/sizes/cube-1693-asc.msh2","scan",1622650785057796074,1622650786301745286
38,"build/tests/sizes/cube-1693-asc.msh2","chck",1622650785046340333,1622650786301751553
38,"build/tests/sizes/cube-3713-bin.msh4","scan",1622650786302546278,1622650786308836052
38,"build/tests/sizes/cube-3713-bin.msh4","chck",1622650786301752599,1622650786308842293
38,"build/tests/sizes/cube-431-asc.mesh","scan",1622650786320296057,1622650786345559325
38,"build/tests/sizes/cube-431-asc.mesh","chck",1622650786308843434,1622650786345565009
38,"build/tests/sizes/cube-262-asc.msh2","scan",1622650786358421114,1622650786390687779
38,"build/tests/sizes/cube-262-asc.msh2","chck",1622650786345566094,1622650786390693783
38,"build/tests/sizes/cube-1957-bin.msh4","scan",1622650786391312376,1622650787025986414
38,"build/tests/sizes/cube-1957-bin.msh4","chck",1622650786390694886,1622650787025997330
38,"build/tests/sizes/cube-3727-stl-bin.geo","scan",1622650787026822507,1622650787031426436
38,"build/tests/sizes/cube-3727-stl-bin.geo","chck",1622650787025998566,1622650787031434937
38,"build/tests/sizes/cube-1630-asc.mesh","scan",1622650787049512085,1622650787057981497
38,"build/tests/sizes/cube-1630-asc.mesh","chck",1622650787031436600,1622650787057988360
38,"build/tests/sizes/cube-3702-asc.mesh","scan",1622650787058524690,1622650787079265749
38,"build/tests/sizes/cube-3702-asc.mesh","chck",1622650787057989373,1622650787079273165
38,"build/tests/sizes/cube-2200-bin.cgns","scan",1622650787083332501,1622650787150695134
38,"build/tests/sizes/cube-2200-bin.cgns","chck",1622650787079274192,1622650787150702219
38,"build/tests/sizes/cube-2729-asc.bdf","scan",1622650787151595111,1622650787285555433
38,"build/tests/sizes/cube-2729-asc.bdf","chck",1622650787150703507,1622650787285562985
38,"build/tests/sizes/cube-660-bin.msh2","scan",1622650787300787559,1622650795227585460
38,"build/tests/sizes/cube-660-bin.msh2","chck",1622650787285564254,1622650795227593881
38,"build/tests/sizes/cube-3515-bin.vtk","scan",1622650795230307281,1622650798399253270
38,"build/tests/sizes/cube-3515-bin.vtk","chck",1622650795227595164,1622650798399260991
38,"build/tests/sizes/cube-106-bin.vtk","scan",1622650798418554294,1622650798426871110
38,"build/tests/sizes/cube-106-bin.vtk","chck",1622650798399262242,1622650798426878193
38,"build/tests/sizes/cube-303-bin.msh4","scan",1622650798441009612,1622650798600639492
38,"build/tests/sizes/cube-303-bin.msh4","chck",1622650798426879348,1622650798600646840
38,"build/tests/sizes/cube-2893-asc.msh2","scan",1622650798601283745,1622650798625755636
38,"build/tests/sizes/cube-2893-asc.msh2","chck",1622650798600648067,1622650798625761771
38,"build/tests/sizes/cube-3071-stl-bin.geo","scan",1622650798626343788,1622650798634643833
38,"build/tests/sizes/cube-3071-stl-bin.geo","chck",1622650798625762894,1622650798634650892
38,"build/tests/sizes/cube-1874-bin.msh2","scan",1622650798644408251,1622650798839707883
38,"build/tests/sizes/cube-1874-bin.msh2","chck",1622650798634652353,1622650798839715251
38,"build/tests/sizes/cube-2377-asc.bdf","scan",1622650798840357149,1622650798850749432
38,"build/tests/sizes/cube-2377-asc.bdf","chck",1622650798839716410,1622650798850757541
38,"build/tests/sizes/cube-1716-bin.vtk","scan",1622650798852045856,1622650798856106868
38,"build/tests/sizes/cube-1716-bin.vtk","chck",1622650798850758768,1622650798856113162
38,"build/tests/sizes/cube-554-stl-bin.geo","scan",1622650798869416924,1622650799387285321
38,"build/tests/sizes/cube-554-stl-bin.geo","chck",1622650798856114212,1622650799387292737
38,"build/tests/sizes/cube-1295-bin.cgns","scan",1622650799392939772,1622650799457814462
38,"build/tests/sizes/cube-1295-bin.cgns","chck",1622650799387294199,1622650799457820842
38,"build/tests/sizes/cube-2776-asc.mesh","scan",1622650799458444927,1622650799562772768
38,"build/tests/sizes/cube-2776-asc.mesh","chck",1622650799457822178,1622650799562780588
38,"build/tests/sizes/cube-958-asc.msh2","scan",1622650799700093477,1622650800236390861
38,"build/tests/sizes/cube-958-asc.msh2","chck",1622650799562781754,1622650800236398173
38,"build/tests/sizes/cube-2398-asc.msh2","scan",1622650800237428047,1622650814794203282
38,"build/tests/sizes/cube-2398-asc.msh2","chck",1622650800236399259,1622650814796821087
38,"build/tests/sizes/cube-2607-asc.mesh","scan",1622650814800863078,1622650815074286581
38,"build/tests/sizes/cube-2607-asc.mesh","chck",1622650814796824865,1622650815074294407
38,"build/tests/sizes/cube-2971-asc.msh2","scan",1622650815075011355,1622650820785925123
38,"build/tests/sizes/cube-2971-asc.msh2","chck",1622650815074295724,1622650820785933272
38,"build/tests/sizes/cube-1650-geo.geo","scan",1622650820787642216,1622650820789227910
38,"build/tests/sizes/cube-1650-geo.geo","chck",1622650820785934536,1622650820789233104
38,"build/tests/sizes/cube-1248-bin.vtk","scan",1622650820798239624,1622650820807394762
38,"build/tests/sizes/cube-1248-bin.vtk","chck",1622650820789234330,1622650820807400971
38,"build/tests/sizes/cube-808-bin.cgns","scan",1622650820825773667,1622650820940383498
38,"build/tests/sizes/cube-808-bin.cgns","chck",1622650820807402123,1622650820940389506
38,"build/tests/sizes/cube-1204-bin.cgns","scan",1622650820964281995,1622650821085246646
38,"build/tests/sizes/cube-1204-bin.cgns","chck",1622650820940391326,1622650821085252774
38,"build/tests/sizes/cube-3105-bin.msh4","scan",1622650821085990787,1622650821379323097
38,"build/tests/sizes/cube-3105-bin.msh4","chck",1622650821085254234,1622650821379330370
38,"build/tests/sizes/cube-182-asc.mesh","scan",1622650821401448547,1622650821467096634
38,"build/tests/sizes/cube-182-asc.mesh","chck",1622650821379331501,1622650821467103758
38,"build/tests/sizes/cube-1061-asc.mesh","scan",1622650821491792309,1622650823821766970
38,"build/tests/sizes/cube-1061-asc.mesh","chck",1622650821467104975,1622650823821778133
38,"build/tests/sizes/cube-3618-bin.vtk","scan",1622650823822654125,1622650824997728115
38,"build/tests/sizes/cube-3618-bin.vtk","chck",1622650823821780010,1622650824997734665
38,"build/tests/sizes/cube-2070-stl-bin.geo","scan",1622650824998521460,1622650825238375285
38,"build/tests/sizes/cube-2070-stl-bin.geo","chck",1622650824997735898,1622650825238381442
38,"build/tests/sizes/cube-44-geo.geo","scan",1622650825259910410,1622650825261761868
38,"build/tests/sizes/cube-44-geo.geo","chck",1622650825238382765,1622650825261766930
38,"build/tests/sizes/cube-717-bin.msh4","scan",1622650825278893428,1622650825314993092
38,"build/tests/sizes/cube-717-bin.msh4","chck",1622650825261892416,1622650825314999227
38,"build/tests/sizes/cube-3358-geo.geo","scan",1622650825315558764,1622650825317083675
38,"build/tests/sizes/cube-3358-geo.geo","chck",1622650825315000379,1622650825317088668
38,"build/tests/sizes/cube-925-asc.bdf","scan",1622650825318506118,1622650827727405560
38,"build/tests/sizes/cube-925-asc.bdf","chck",1622650825317089780,1622650827727411943
38,"build/tests/sizes/cube-3588-geo.geo_unrolled","scan",1622650827728159908,1622650827798957081
38,"build/tests/sizes/cube-3588-geo.geo_unrolled","chck",1622650827727412987,1622650827798965046
38,"build/tests/sizes/cube-537-bin.msh4","scan",1622650827819490528,1622650827842556298
38,"build/tests/sizes/cube-537-bin.msh4","chck",1622650827798966122,1622650827842563079
38,"build/tests/sizes/cube-2088-bin.vtk","scan",1622650827843177203,1622650828049495810
38,"build/tests/sizes/cube-2088-bin.vtk","chck",1622650827842564725,1622650828049504130
38,"build/tests/sizes/cube-3723-bin.msh2","scan",1622650828050197349,1622650830275554549
38,"build/tests/sizes/cube-3723-bin.msh2","chck",1622650828049505303,1622650830275562786
38,"build/tests/sizes/cube-734-geo.geo_unrolled","scan",1622650830290601897,1622650830291950362
38,"build/tests/sizes/cube-734-geo.geo_unrolled","chck",1622650830275564161,1622650830291956387
38,"cube-3588-geo","mesh",1622650830293312935,1622650843071572351
38,"cube-3588-geo","prep",1622650843072525803,1622650844132368640
38,"cube-3588-geo","zzzz",1622650844132376675,1622651049213552249,896654,1232850,3698550
38,"cube-3588-geo","post",1622651049213606147,1622651049383026905
38,"cube-2070-stl-bin","mesh",1622651049383622882,1622651052268717720
38,"cube-2070-stl-bin","prep",1622651052413566414,1622651052613483729
38,"cube-2070-stl-bin","zzzz",1622651052613490358,1622651110253612267,326611,509325,1527975
38,"cube-2070-stl-bin","post",1622651110253622150,1622651110319520191
38,"cube-318-bin","prep",1622651110319552619,1622651110343177128
38,"cube-318-bin","zzzz",1622651110343181378,1622651113709644363,50512,74349,223047
38,"cube-318-bin","post",1622651113709654874,1622651113713914027
38,"cube-135-bin","prep",1622651113713948864,1622651113717054389
38,"cube-135-bin","zzzz",1622651113717056885,1622651113974034842,7928,12529,37587
38,"cube-135-bin","post",1622651113974044321,1622651113974794370
38,"cube-1123-bin","prep",1622651113974825041,1622651113975160329
38,"cube-1123-bin","zzzz",1622651113975161789,1622651113986431712,689,1312,3936
38,"cube-1123-bin","post",1622651113986447018,1622651113986565456
38,"cube-3944-bin","prep",1622651113986615846,1622651114400319857
38,"cube-3944-bin","zzzz",1622651114400326480,1622651332218450603,938071,1289847,3869541
38,"cube-3944-bin","post",1622651332218464243,1622651332291984067
38,"cube-2009-stl-bin","mesh",1622651332292020245,1622651332351247437
38,"cube-2009-stl-bin","prep",1622651332352077920,1622651332355986972
38,"cube-2009-stl-bin","zzzz",1622651332355989454,1622651332671525931,6902,14455,43365
38,"cube-2009-stl-bin","post",1622651332671535829,1622651332672471569
38,"cube-1568-asc","prep",1622651332672557805,1622651332673334298
38,"cube-1568-asc","zzzz",1622651332673335609,1622651332690504314,1019,1802,5406
38,"cube-1568-asc","post",1622651332690514245,1622651332690805166
38,"cube-3618-bin","prep",1622651332690912462,1622651333044902732
38,"cube-3618-bin","zzzz",1622651333044908365,1622651511300930358,806507,1109825,3329475
38,"cube-3618-bin","post",1622651511300944542,1622651511365254373
38,"cube-1880-stl-bin","mesh",1622651511365289127,1622651511375132587
38,"cube-1880-stl-bin","prep",1622651511375972922,1622651511376653182
38,"cube-1880-stl-bin","zzzz",1622651511376656001,1622651511404517422,996,2596,7788
38,"cube-1880-stl-bin","post",1622651511404527362,1622651511404831200
38,"cube-3337-stl-bin","mesh",1622651511405000480,1622651511462748299
38,"cube-3337-stl-bin","prep",1622651511463503985,1622651511467454759
38,"cube-3337-stl-bin","zzzz",1622651511467457176,1622651511778521728,6806,14312,42936
38,"cube-3337-stl-bin","post",1622651511778531554,1622651511779702727
38,"cube-3524-bin","prep",1622651511779785221,1622651511905495106
38,"cube-3524-bin","zzzz",1622651511905500273,1622651553342340021,290827,408394,1225182
38,"cube-3524-bin","post",1622651553342353664,1622651553366153778
38,"cube-3071-stl-bin","mesh",1622651553366184430,1622651553398525344
38,"cube-3071-stl-bin","prep",1622651553399287504,1622651553401272774
38,"cube-3071-stl-bin","zzzz",1622651553401275388,1622651553535688826,3516,7969,23907
38,"cube-3071-stl-bin","post",1622651553535698764,1622651553536206640
38,"cube-822-bin","prep",1622651553536441658,1622651553583997461
38,"cube-822-bin","zzzz",1622651553584001948,1622651562802275992,103076,147949,443847
38,"cube-822-bin","post",1622651562802283798,1622651562810588347
38,"cube-138-bin","prep",1622651562811154905,1622651562811373746
38,"cube-138-bin","zzzz",1622651562811375296,1622651562816580204,348,729,2187
38,"cube-138-bin","post",1622651562816595748,1622651562816646899
38,"cube-1746-geo","mesh",1622651562816660171,1622651563155658101
38,"cube-1746-geo","prep",1622651563156469348,1622651563176969658
38,"cube-1746-geo","zzzz",1622651563176975209,1622651564753959548,29639,44072,132216
38,"cube-1746-geo","post",1622651564753968521,1622651564762214136
38,"cube-3850-asc","prep",1622651564762279963,1622651564859711006
38,"cube-3850-asc","zzzz",1622651564859716302,1622651585457678381,180543,255116,765348
38,"cube-3850-asc","post",1622651585457692052,1622651585501728654
38,"cube-1204-bin.cgns","prep",1622651585501764136,1622651585529416594
38,"cube-1204-bin.cgns","zzzz",1622651585529421494,1622651586524420749,21482,32077,96231
38,"cube-1204-bin.cgns","post",1622651586524430632,1622651586524661937
38,"cube-2854-geo","mesh",1622651586524724395,1622651587765666734
38,"cube-2854-geo","prep",1622651587777311137,1622651587846106138
38,"cube-2854-geo","zzzz",1622651587846112329,1622651597974553379,110296,157756,473268
38,"cube-2854-geo","post",1622651597974566853,1622651598006512332
38,"cube-2398-asc","prep",1622651598006558975,1622651599154856316
38,"cube-2398-asc","zzzz",1622651599154863218,1622652238338427107,2120229,2892003,8676009
38,"cube-2398-asc","post",1622652238338441768,1622652238570953796
38,"cube-3780-bin","prep",1622652238571529202,1622652238583748305
38,"cube-3780-bin","zzzz",1622652238583751748,1622652238588532847,324,681,2043
38,"cube-3780-bin","post",1622652238588542926,1622652238588720776
38,"cube-2660-bin","prep",1622652238588760097,1622652238768655096
38,"cube-2660-bin","zzzz",1622652238768661591,1622652302595178623,390297,545190,1635570
38,"cube-2660-bin","post",1622652302595194321,1622652302626605129
38,"cube-2762-asc","prep",1622652302626652454,1622652302643156055
38,"cube-2762-asc","zzzz",1622652302643160497,1622652302790863817,5297,8512,25536
38,"cube-2762-asc","post",1622652302790874397,1622652302791524377
38,"cube-1233-asc","prep",1622652302791625370,1622652302810644147
38,"cube-1233-asc","zzzz",1622652302810646003,1622652303291675510,12532,19408,58224
38,"cube-1233-asc","post",1622652303291685494,1622652303292986028
38,"cube-3129-asc","prep",1622652303293033065,1622652303374938228
38,"cube-3129-asc","zzzz",1622652303374944065,1622652320462468384,158903,224903,674709
38,"cube-3129-asc","post",1622652320462481712,1622652320475567946
38,"cube-2549-asc","prep",1622652320475595098,1622652320490180794
38,"cube-2549-asc","zzzz",1622652320490183976,1622652320495831050,369,774,2322
38,"cube-2549-asc","post",1622652320495841060,1622652320496064478
38,"cube-1741-asc","prep",1622652320496106054,1622652320503509892
38,"cube-1741-asc","zzzz",1622652320503511722,1622652320589480585,3539,5830,17490
38,"cube-1741-asc","post",1622652320589484296,1622652320590379747
38,"cube-554-stl-bin","mesh",1622652320590396305,1622652328269591413
38,"cube-554-stl-bin","prep",1622652328647325020,1622652329276502412
38,"cube-554-stl-bin","zzzz",1622652329276509866,1622652523203969463,797863,1182227,3546681
38,"cube-554-stl-bin","post",1622652523203979333,1622652523521785826
38,"cube-2088-bin","prep",1622652523522131554,1622652523617178104
38,"cube-2088-bin","zzzz",1622652523617183312,1622652536760500371,132656,188224,564672
38,"cube-2088-bin","post",1622652536760515130,1622652536771826438
38,"cube-2417-bin.cgns","prep",1622652536771863926,1622652536854882166
38,"cube-2417-bin.cgns","zzzz",1622652536854885995,1622652537204922437,9844,15537,46611
38,"cube-2417-bin.cgns","post",1622652537204926152,1622652537204960135
38,"cube-766-bin","prep",1622652537205027223,1622652537205720887
38,"cube-766-bin","zzzz",1622652537205722362,1622652537231239842,1333,2430,7290
38,"cube-766-bin","post",1622652537231249681,1622652537231797272
38,"cube-431-asc","prep",1622652537231943725,1622652537232716596
38,"cube-431-asc","zzzz",1622652537232718049,1622652537260221446,1416,2571,7713
38,"cube-431-asc","post",1622652537260231301,1622652537260557393
38,"cube-1630-asc","prep",1622652537260601431,1622652537260802188
38,"cube-1630-asc","zzzz",1622652537260803407,1622652537266465788,371,776,2328
38,"cube-1630-asc","post",1622652537266475657,1622652537266633447
38,"cube-3172-bin.cgns","prep",1622652537266667083,1622652537267521661
38,"cube-3172-bin.cgns","zzzz",1622652537267523654,1622652537270966852,256,529,1587
38,"cube-3172-bin.cgns","post",1622652537270976707,1622652537271013634
38,"cube-70-asc","prep",1622652537271080678,1622652537271498483
38,"cube-70-asc","zzzz",1622652537271499904,1622652537277154404,370,775,2325
38,"cube-70-asc","post",1622652537277164300,1622652537277328374
38,"cube-1295-bin.cgns","prep",1622652537277377079,1622652537279861458
38,"cube-1295-bin.cgns","zzzz",1622652537279864246,1622652537540237598,8005,12644,37932
38,"cube-1295-bin.cgns","post",1622652537540250610,1622652537540312338
38,"cube-925-asc","prep",1622652537540443724,1622652537699184631
38,"cube-925-asc","zzzz",1622652537699190416,1622652585907765794,322243,451998,1355994
38,"cube-925-asc","post",1622652585907776733,1622652585937594380
38,"cube-2323-bin","prep",1622652585937625896,1622652585959940577
38,"cube-2323-bin","zzzz",1622652585959945006,1622652589388751005,51121,75182,225546
38,"cube-2323-bin","post",1622652589388759687,1622652589393003776
38,"cube-2776-asc","prep",1622652589393037378,1622652589408487477
38,"cube-2776-asc","zzzz",1622652589408491504,1622652590965988868,29374,43708,131124
38,"cube-2776-asc","post",1622652590965998426,1622652590973225292
38,"cube-3849-geo","mesh",1622652590973259292,1622652595395847776
38,"cube-3849-geo","prep",1622652595396675607,1622652595887697728
38,"cube-3849-geo","zzzz",1622652595887702837,1622652656518350446,377323,526784,1580352
38,"cube-3849-geo","post",1622652656518370048,1622652656794749531
38,"cube-2827-asc","prep",1622652656794785448,1622652656838885884
38,"cube-2827-asc","zzzz",1622652656838890921,1622652658451935987,30180,44784,134352
38,"cube-2827-asc","post",1622652658451945424,1622652658454479012
38,"cube-1389-geo","mesh",1622652658454514307,1622652675083256786
38,"cube-1389-geo","prep",1622652675084055469,1622652676722537274
38,"cube-1389-geo","zzzz",1622652676722543439,1622653093065291155,1532737,2096821,6290463
38,"cube-1389-geo","post",1622653093065306962,1622653093487342179
38,"cube-1412-geo","mesh",1622653093487989917,1622653096183877628
38,"cube-1412-geo","prep",1622653096184663986,1622653096445784881
38,"cube-1412-geo","zzzz",1622653096445790665,1622653125624527204,229293,322650,967950
38,"cube-1412-geo","post",1622653125624536852,1622653125710366369
38,"cube-1256-geo","mesh",1622653125714573453,1622653127271907353
38,"cube-1256-geo","prep",1622653127272704556,1622653127425584972
38,"cube-1256-geo","zzzz",1622653127425590051,1622653140263074160,130412,185236,555708
38,"cube-1256-geo","post",1622653140263088028,1622653140313863389
38,"cube-1662-asc","prep",1622653140316317343,1622653140591910368
38,"cube-1662-asc","zzzz",1622653140591916262,1622653254492934013,578322,801035,2403105
38,"cube-1662-asc","post",1622653254492949971,1622653254550866872
38,"cube-2200-bin.cgns","prep",1622653254550901754,1622653254558410915
38,"cube-2200-bin.cgns","zzzz",1622653254558417482,1622653254562449587,288,597,1791
38,"cube-2200-bin.cgns","post",1622653254562460289,1622653254562537248
38,"cube-808-bin.cgns","prep",1622653254562608642,1622653254585416060
38,"cube-808-bin.cgns","zzzz",1622653254585424266,1622653254603163499,1058,1851,5553
38,"cube-808-bin.cgns","post",1622653254603167024,1622653254603201366
38,"cube-1119-geo","mesh",1622653254603278108,1622653254614017533
38,"cube-1119-geo","prep",1622653254614772061,1622653254615043788
38,"cube-1119-geo","zzzz",1622653254615045330,1622653254619788726,326,683,2049
38,"cube-1119-geo","post",1622653254619792598,1622653254619930181
38,"cube-908-asc","prep",1622653254619942902,1622653254625012155
38,"cube-908-asc","zzzz",1622653254625014365,1622653255108214247,12539,19453,58359
38,"cube-908-asc","post",1622653255108224044,1622653255109318669
38,"cube-3723-bin","prep",1622653255109355710,1622653255335431365
38,"cube-3723-bin","zzzz",1622653255335436444,1622653339747993413,472093,656674,1970022
38,"cube-3723-bin","post",1622653339748003468,1622653339785640636
38,"cube-2654-geo","mesh",1622653339785671263,1622653340156884445
38,"cube-2654-geo","prep",1622653340157703803,1622653340184238299
38,"cube-2654-geo","zzzz",1622653340184242678,1622653341823282285,30555,45299,135897
38,"cube-2654-geo","post",1622653341823292333,1622653341834936408
38,"cube-1004-bin.cgns","prep",1622653341835776997,1622653341852519119
38,"cube-1004-bin.cgns","zzzz",1622653341852522984,1622653341877412852,1311,2386,7158
38,"cube-1004-bin.cgns","post",1622653341877428691,1622653341877460128
38,"cube-542-bin","prep",1622653341877511122,1622653341877705935
38,"cube-542-bin","zzzz",1622653341877707451,1622653341882909789,348,729,2187
38,"cube-542-bin","post",1622653341882925032,1622653341882985205
38,"cube-3026-geo","mesh",1622653341882999867,1622653344931961925
38,"cube-3026-geo","prep",1622653344932785977,1622653345231785632
38,"cube-3026-geo","zzzz",1622653345231790629,1622653381743449541,267371,375196,1125588
38,"cube-3026-geo","post",1622653381743459528,1622653381845934817
38,"cube-1442-geo","mesh",1622653381851176545,1622653393159571404
38,"cube-1442-geo","prep",1622653393160338338,1622653394181812855
38,"cube-1442-geo","zzzz",1622653394181817882,1622653629561971178,995320,1367111,4101333
38,"cube-1442-geo","post",1622653629561984821,1622653629864454094
38,"cube-2001-stl-bin","mesh",1622653629864524804,1622653630219798864
38,"cube-2001-stl-bin","prep",1622653630220565291,1622653630239022165
38,"cube-2001-stl-bin","zzzz",1622653630239026405,1622653631983060086,26214,47239,141717
38,"cube-2001-stl-bin","post",1622653631983072252,1622653631989342869
38,"cube-2377-asc","prep",1622653631989373776,1622653631991853508
38,"cube-2377-asc","zzzz",1622653631991855220,1622653632014249481,1227,2202,6606
38,"cube-2377-asc","post",1622653632014259761,1622653632014601960
38,"cube-1514-geo","mesh",1622653632014718648,1622653640383131015
38,"cube-1514-geo","prep",1622653640383873155,1622653641144297893
38,"cube-1514-geo","zzzz",1622653641144303274,1622653810293998240,775374,1067039,3201117
38,"cube-1514-geo","post",1622653810294008325,1622653810551642235
38,"cube-1689-bin.cgns","prep",1622653810551684924,1622653810704697317
38,"cube-1689-bin.cgns","zzzz",1622653810704705636,1622653811783264959,22604,33923,101769
38,"cube-1689-bin.cgns","post",1622653811783274705,1622653811783308044
38,"cube-717-bin","prep",1622653811783413845,1622653811792941583
38,"cube-717-bin","zzzz",1622653811792943572,1622653811847306253,2465,4224,12672
38,"cube-717-bin","post",1622653811847312649,1622653811848001490
38,"cube-3532-geo","mesh",1622653811848033907,1622653812282601022
38,"cube-3532-geo","prep",1622653812283408872,1622653812305876154
38,"cube-3532-geo","zzzz",1622653812305880891,1622653814271020664,34677,51307,153921
38,"cube-3532-geo","post",1622653814271030635,1622653814284649511
38,"cube-2314-geo","mesh",1622653814285526568,1622653815721391179
38,"cube-2314-geo","prep",1622653815722212121,1622653815875452610
38,"cube-2314-geo","zzzz",1622653815875457941,1622653828300028649,127551,181179,543537
38,"cube-2314-geo","post",1622653828300534971,1622653828353372072
38,"cube-1509-bin","prep",1622653828353809324,1622653828377498035
38,"cube-1509-bin","zzzz",1622653828377499797,1622653828733064728,9976,15726,47178
38,"cube-1509-bin","post",1622653828733074872,1622653828734027193
38,"cube-164-asc","prep",1622653828734046246,1622653828742543042
38,"cube-164-asc","zzzz",1622653828742544599,1622653828744466417,149,334,1002
38,"cube-164-asc","post",1622653828744476286,1622653828744608079
38,"cube-1232-asc","prep",1622653828744642114,1622653829212532264
38,"cube-1232-asc","zzzz",1622653829212535628,1622654061046381949,954325,1351605,4054815
38,"cube-1232-asc","post",1622654061046392465,1622654061166916357
38,"cube-734-geo","mesh",1622654061166951678,1622654061189062524
38,"cube-734-geo","prep",1622654061189889975,1622654061190509470
38,"cube-734-geo","zzzz",1622654061190512401,1622654061207411390,1005,1782,5346
38,"cube-734-geo","post",1622654061207427915,1622654061207759314
38,"cube-1134-bin","prep",1622654061207778802,1622654061208413123
38,"cube-1134-bin","zzzz",1622654061208414630,1622654061232080007,1288,2297,6891
38,"cube-1134-bin","post",1622654061232096401,1622654061232242604
38,"cube-3531-bin","prep",1622654061232264408,1622654061359385483
38,"cube-3531-bin","zzzz",1622654061359390317,1622654100496386108,279801,393044,1179132
38,"cube-3531-bin","post",1622654100496399384,1622654100519542494
38,"cube-3727-stl-bin","mesh",1622654100519575302,1622654100528817431
38,"cube-3727-stl-bin","prep",1622654100529657693,1622654100530233518
38,"cube-3727-stl-bin","zzzz",1622654100530235421,1622654100552196889,761,2170,6510
38,"cube-3727-stl-bin","post",1622654100552207340,1622654100552401424
38,"cube-1874-bin","prep",1622654100552414062,1622654100568012897
38,"cube-1874-bin","zzzz",1622654100568014772,1622654102631111108,35947,53077,159231
38,"cube-1874-bin","post",1622654102631125372,1622654102634505484
38,"cube-3626-asc","prep",1622654102634536075,1622654102772145714
38,"cube-3626-asc","zzzz",1622654102772150818,1622654147891610062,308288,432371,1297113
38,"cube-3626-asc","post",1622654147891625052,1622654147917696036
38,"cube-746-asc","prep",1622654147917730310,1622654147918884352
38,"cube-746-asc","zzzz",1622654147918886858,1622654147975757436,2543,4360,13080
38,"cube-746-asc","post",1622654147975768262,1622654147976318033
38,"cube-958-asc","prep",1622654147976334600,1622654148007575212
38,"cube-958-asc","zzzz",1622654148007578264,1622654152855524624,65550,95333,285999
38,"cube-958-asc","post",1622654152855535825,1622654152862322751
38,"cube-3671-geo","mesh",1622654152862349212,1622654152920875423
38,"cube-3671-geo","prep",1622654152921680971,1622654152923221349
38,"cube-3671-geo","zzzz",1622654152923223212,1622654153012846151,3647,6000,18000
38,"cube-3671-geo","post",1622654153012856461,1622654153013875995
38,"cube-3186-asc","prep",1622654153013894690,1622654153017622093
38,"cube-3186-asc","zzzz",1622654153017623621,1622654153298023851,8386,13314,39942
38,"cube-3186-asc","post",1622654153298035784,1622654153299216465
38,"cube-537-bin","prep",1622654153299264067,1622654153299701990
38,"cube-537-bin","zzzz",1622654153299703541,1622654153316683042,1008,1787,5361
38,"cube-537-bin","post",1622654153316692891,1622654153317089689
38,"cube-262-asc","prep",1622654153317127705,1622654153317574219
38,"cube-262-asc","zzzz",1622654153317575564,1622654153334844973,1028,1810,5430
38,"cube-262-asc","post",1622654153334854853,1622654153335195778
38,"cube-3702-asc","prep",1622654153335228556,1622654153338169640
38,"cube-3702-asc","zzzz",1622654153338171240,1622654153521307331,6219,9892,29676
38,"cube-3702-asc","post",1622654153521317242,1622654153522621941
38,"cube-2729-asc","prep",1622654153522661083,1622654153529658864
38,"cube-2729-asc","zzzz",1622654153529660434,1622654154228984739,16456,25132,75396
38,"cube-2729-asc","post",1622654154228995394,1622654154230484807
38,"cube-3105-bin","prep",1622654154230596811,1622654154496716056
38,"cube-3105-bin","zzzz",1622654154496721099,1622654237898393407,468552,651460,1954380
38,"cube-3105-bin","post",1622654237898406861,1622654237976295450
38,"cube-3307-bin","prep",1622654237976336453,1622654237982947373
38,"cube-3307-bin","zzzz",1622654237982950249,1622654238144646851,5660,9068,27204
38,"cube-3307-bin","post",1622654238144658431,1622654238145845915
38,"cube-3713-bin","prep",1622654238145870320,1622654238158738951
38,"cube-3713-bin","zzzz",1622654238158740598,1622654238647991389,12681,19609,58827
38,"cube-3713-bin","post",1622654238648002085,1622654238649300749
38,"cube-660-bin","prep",1622654238649374742,1622654239672747162
38,"cube-660-bin","zzzz",1622654239672754146,1622654831123627924,1999556,2728459,8185377
38,"cube-660-bin","post",1622654831123680704,1622654831370314692
38,"cube-3515-bin","prep",1622654831371038599,1622654832434287030
38,"cube-3515-bin","zzzz",1622654832434293604,1622655373080352698,1868256,2550715,7652145
38,"cube-3515-bin","post",1622655373080420311,1622655373306946389
38,"cube-303-bin","prep",1622655373307629674,1622655373397651016
38,"cube-303-bin","zzzz",1622655373397657458,1622655396837180167,197393,278431,835293
38,"cube-303-bin","post",1622655396837194464,1622655396853814814
38,"cube-2893-asc","prep",1622655396853857218,1622655396857884158
38,"cube-2893-asc","zzzz",1622655396857886244,1622655396942978690,3503,5788,17364
38,"cube-2893-asc","post",1622655396942989469,1622655396943416066
38,"cube-1693-asc","prep",1622655396943437007,1622655397012068802
38,"cube-1693-asc","zzzz",1622655397012073721,1622655413425743299,154566,218872,656616
38,"cube-1693-asc","post",1622655413425756244,1622655413439204504
38,"cube-106-bin","prep",1622655413439232675,1622655413439664375
38,"cube-106-bin","zzzz",1622655413439666621,1622655413450637396,667,1284,3852
38,"cube-106-bin","post",1622655413450648121,1622655413450849894
38,"cube-1716-bin","prep",1622655413450880063,1622655413452133533
38,"cube-1716-bin","zzzz",1622655413452135164,1622655413484053283,1583,2876,8628
38,"cube-1716-bin","post",1622655413484063186,1622655413484584485
38,"cube-2607-asc","prep",1622655413484615232,1622655413492935576
38,"cube-2607-asc","zzzz",1622655413492937108,1622655414015594370,13276,20541,61623
38,"cube-2607-asc","post",1622655414015604083,1622655414018265225
38,"cube-1957-bin","prep",1622655414018891854,1622655414537300056
38,"cube-1957-bin","zzzz",1622655414537305659,1622655698727020860,1146708,1574648,4723944
38,"cube-1957-bin","post",1622655698727035210,1622655698819432635
38,"cube-2971-asc","prep",1622655698819467515,1622655699284298252
38,"cube-2971-asc","zzzz",1622655699284305455,1622655853549005573,722017,995769,2987307
38,"cube-2971-asc","post",1622655853549020248,1622655853723897648
38,"cube-951-geo","mesh",1622655853723943740,1622655853735137857
38,"cube-951-geo","prep",1622655853735964914,1622655853736160853
38,"cube-951-geo","zzzz",1622655853736162647,1622655853739897931,270,565,1695
38,"cube-951-geo","post",1622655853739914134,1622655853740001411
38,"cube-3358-geo","mesh",1622655853740013912,1622655857021884211
38,"cube-3358-geo","prep",1622655857022676302,1622655857329212795
38,"cube-3358-geo","zzzz",1622655857329218515,1622655906509241924,326547,458063,1374189
38,"cube-3358-geo","post",1622655906509256081,1622655906592432935
38,"cube-1650-geo","mesh",1622655906592508157,1622655917925574843
38,"cube-1650-geo","prep",1622655918047827779,1622655918826515357
38,"cube-1650-geo","zzzz",1622655918826520853,1622656196754190133,1127936,1548522,4645566
38,"cube-1650-geo","post",1622656196754204643,1622656197015646910
38,"cube-1520-geo","mesh",1622656197015680236,1622656197028152622
38,"cube-1520-geo","prep",1622656197028948828,1622656197029071808
38,"cube-1520-geo","zzzz",1622656197029073956,1622656197031186331,157,360,1080
38,"cube-1520-geo","post",1622656197031196507,1622656197031419280
38,"cube-1061-asc","prep",1622656197031449517,1622656197346026590
38,"cube-1061-asc","zzzz",1622656197346032324,1622656343207647875,690528,954826,2864478
38,"cube-1061-asc","post",1622656343207661088,1622656343263699082
38,"cube-44-geo","mesh",1622656343263732415,1622656343290560231
38,"cube-44-geo","prep",1622656343291349862,1622656343291897350
38,"cube-44-geo","zzzz",1622656343292134870,1622656343316503999,1280,2347,7041
38,"cube-44-geo","post",1622656343316513981,1622656343317055089
38,"cube-1248-bin","prep",1622656343317069149,1622656343317681498
38,"cube-1248-bin","zzzz",1622656343317682818,1622656343328093502,635,1234,3702
38,"cube-1248-bin","post",1622656343328103378,1622656343328463337
38,"cube-182-asc","prep",1622656343328492350,1622656343333298718
38,"cube-182-asc","zzzz",1622656343333300304,1622656343694254518,10083,15873,47619
38,"cube-182-asc","post",1622656343694264355,1622656343695352944
38,"Proc","exit_task",1622650751065503370,1622656343717173795,4964948
