24,"build/tests/sizes/cube-2726-bin.vtk","scan",1622650764204205309,1622650764567527371
24,"build/tests/sizes/cube-2726-bin.vtk","chck",1622650764190254977,1622650764567673958
24,"build/tests/sizes/cube-3171-bin.msh2","scan",1622650764580582842,1622650764597660015
24,"build/tests/sizes/cube-3171-bin.msh2","chck",1622650764567675512,1622650764597666242
24,"build/tests/sizes/cube-1891-bin.msh4","scan",1622650764598850231,1622650764688905651
24,"build/tests/sizes/cube-1891-bin.msh4","chck",1622650764597667387,1622650764688910888
24,"build/tests/sizes/cube-3038-asc.mesh","scan",1622650764689488641,1622650764713166882
24,"build/tests/sizes/cube-3038-asc.mesh","chck",1622650764688911810,1622650764713172429
24,"build/tests/sizes/cube-1027-geo.geo","scan",1622650764730239300,1622650764747212481
24,"build/tests/sizes/cube-1027-geo.geo","chck",1622650764713173629,1622650764747218043
24,"build/tests/sizes/cube-2745-asc.msh2","scan",1622650764760291536,1622650766259091527
24,"build/tests/sizes/cube-2745-asc.msh2","chck",1622650764747219072,1622650766259121830
24,"build/tests/sizes/cube-2037-geo.geo","scan",1622650766264686234,1622650766272352775
24,"build/tests/sizes/cube-2037-geo.geo","chck",1622650766259123107,1622650766272363564
24,"build/tests/sizes/cube-1174-stl-bin.geo","scan",1622650766278242648,1622650766467240428
24,"build/tests/sizes/cube-1174-stl-bin.geo","chck",1622650766272364728,1622650766467247533
24,"build/tests/sizes/cube-208-asc.bdf","scan",1622650766478364488,1622650766513833911
24,"build/tests/sizes/cube-208-asc.bdf","chck",1622650766467248689,1622650766513839910
24,"build/tests/sizes/cube-3607-stl-bin.geo","scan",1622650766519328798,1622650767319762554
24,"build/tests/sizes/cube-3607-stl-bin.geo","chck",1622650766513841045,1622650767319787752
24,"build/tests/sizes/cube-3567-asc.mesh","scan",1622650767324504123,1622650767336841177
24,"build/tests/sizes/cube-3567-asc.mesh","chck",1622650767319788867,1622650767336846341
24,"build/tests/sizes/cube-1873-bin.vtk","scan",1622650767346840783,1622650767414755679
24,"build/tests/sizes/cube-1873-bin.vtk","chck",1622650767336847564,1622650767414762283
24,"build/tests/sizes/cube-541-bin.msh2","scan",1622650767435904349,1622650769022595937
24,"build/tests/sizes/cube-541-bin.msh2","chck",1622650767414763359,1622650769022603657
24,"build/tests/sizes/cube-2665-asc.msh2","scan",1622650769025186250,1622650769683113516
24,"build/tests/sizes/cube-2665-asc.msh2","chck",1622650769022604913,1622650769683121152
24,"build/tests/sizes/cube-2945-asc.msh2","scan",1622650769684529804,1622650769687753336
24,"build/tests/sizes/cube-2945-asc.msh2","chck",1622650769683122375,1622650769687759262
24,"build/tests/sizes/cube-172-bin.msh4","scan",1622650769705462238,1622650770518006180
24,"build/tests/sizes/cube-172-bin.msh4","chck",1622650769687760301,1622650770518023775
24,"build/tests/sizes/cube-406-bin.msh4","scan",1622650770536776210,1622650770570454906
24,"build/tests/sizes/cube-406-bin.msh4","chck",1622650770518025090,1622650770570461687
24,"build/tests/sizes/cube-3349-bin.msh4","scan",1622650770571056947,1622650770832239381
24,"build/tests/sizes/cube-3349-bin.msh4","chck",1622650770570463034,1622650770832261590
24,"build/tests/sizes/cube-2471-geo.geo_unrolled","scan",1622650770833024274,1622650770834338348
24,"build/tests/sizes/cube-2471-geo.geo_unrolled","chck",1622650770832262838,1622650770834343479
24,"build/tests/sizes/cube-3082-geo.geo_unrolled","scan",1622650770834952714,1622650770836018908
24,"build/tests/sizes/cube-3082-geo.geo_unrolled","chck",1622650770834344488,1622650770836023205
24,"build/tests/sizes/cube-1077-bin.msh2","scan",1622650770855780687,1622650771634170706
24,"build/tests/sizes/cube-1077-bin.msh2","chck",1622650770836024221,1622650771634188399
24,"build/tests/sizes/cube-3846-asc.bdf","scan",1622650771634820305,1622650771637745616
24,"build/tests/sizes/cube-3846-asc.bdf","chck",1622650771634189658,1622650771637750585
24,"build/tests/sizes/cube-448-bin.vtk","scan",1622650771638936593,1622650773271599240
24,"build/tests/sizes/cube-448-bin.vtk","chck",1622650771637751605,1622650773271606546
24,"build/tests/sizes/cube-567-asc.bdf","scan",1622650773284777917,1622650773296471361
24,"build/tests/sizes/cube-567-asc.bdf","chck",1622650773271612971,1622650773296477041
24,"build/tests/sizes/cube-1214-bin.msh2","scan",1622650773394403526,1622650773403299960
24,"build/tests/sizes/cube-1214-bin.msh2","chck",1622650773296477947,1622650773403306054
24,"build/tests/sizes/cube-1747-stl-bin.geo","scan",1622650773405388375,1622650773431827827
24,"build/tests/sizes/cube-1747-stl-bin.geo","chck",1622650773403306979,1622650773431835430
24,"build/tests/sizes/cube-2210-bin.cgns","scan",1622650773436926189,1622650773499541577
24,"build/tests/sizes/cube-2210-bin.cgns","chck",1622650773431836933,1622650773499548990
24,"build/tests/sizes/cube-3820-geo.geo_unrolled","scan",1622650773500275197,1622650773501601878
24,"build/tests/sizes/cube-3820-geo.geo_unrolled","chck",1622650773499550271,1622650773501607084
24,"build/tests/sizes/cube-1184-bin.msh4","scan",1622650773502738429,1622650773858018216
24,"build/tests/sizes/cube-1184-bin.msh4","chck",1622650773501608190,1622650773858024123
24,"build/tests/sizes/cube-251-asc.msh2","scan",1622650773870014008,1622650790542814081
24,"build/tests/sizes/cube-251-asc.msh2","chck",1622650773858025226,1622650790542829177
24,"build/tests/sizes/cube-2203-bin.vtk","scan",1622650790547203782,1622650790770509333
24,"build/tests/sizes/cube-2203-bin.vtk","chck",1622650790542830310,1622650790770516558
24,"build/tests/sizes/cube-1903-bin.msh2","scan",1622650790771985372,1622650790775698447
24,"build/tests/sizes/cube-1903-bin.msh2","chck",1622650790770517858,1622650790775709704
24,"build/tests/sizes/cube-2525-geo.geo_unrolled","scan",1622650790776258155,1622650790777485584
24,"build/tests/sizes/cube-2525-geo.geo_unrolled","chck",1622650790775710919,1622650790777490332
24,"build/tests/sizes/cube-2676-asc.msh2","scan",1622650790777994325,1622650790793475391
24,"build/tests/sizes/cube-2676-asc.msh2","chck",1622650790777491314,1622650790793481976
24,"build/tests/sizes/cube-1252-bin.vtk","scan",1622650790807907004,1622650790851546519
24,"build/tests/sizes/cube-1252-bin.vtk","chck",1622650790793482985,1622650790851554093
24,"build/tests/sizes/cube-3045-geo.geo","scan",1622650790852216082,1622650790854724135
24,"build/tests/sizes/cube-3045-geo.geo","chck",1622650790851555294,1622650790854729419
24,"build/tests/sizes/cube-1089-geo.geo_unrolled","scan",1622650790867852180,1622650790869213538
24,"build/tests/sizes/cube-1089-geo.geo_unrolled","chck",1622650790854730420,1622650790869219601
24,"build/tests/sizes/cube-1825-asc.msh2","scan",1622650790870621853,1622650799829465202
24,"build/tests/sizes/cube-1825-asc.msh2","chck",1622650790869221086,1622650799829483168
24,"build/tests/sizes/cube-3956-bin.msh4","scan",1622650799833760713,1622650799955843945
24,"build/tests/sizes/cube-3956-bin.msh4","chck",1622650799829484856,1622650799955851482
24,"build/tests/sizes/cube-824-bin.cgns","scan",1622650799960317474,1622650800029516826
24,"build/tests/sizes/cube-824-bin.cgns","chck",1622650799955852745,1622650800029524024
24,"build/tests/sizes/cube-625-geo.geo_unrolled","scan",1622650800038173929,1622650800039458001
24,"build/tests/sizes/cube-625-geo.geo_unrolled","chck",1622650800029525245,1622650800039464003
24,"build/tests/sizes/cube-474-asc.msh2","scan",1622650800067159213,1622650803772704710
24,"build/tests/sizes/cube-474-asc.msh2","chck",1622650800039464988,1622650803772729522
24,"build/tests/sizes/cube-2335-bin.cgns","scan",1622650803776395405,1622650803838906326
24,"build/tests/sizes/cube-2335-bin.cgns","chck",1622650803772730738,1622650803838913112
24,"build/tests/sizes/cube-3794-bin.msh2","scan",1622650803839730697,1622650803841529893
24,"build/tests/sizes/cube-3794-bin.msh2","chck",1622650803838914289,1622650803841535112
24,"build/tests/sizes/cube-3151-asc.mesh","scan",1622650803842196071,1622650803844536684
24,"build/tests/sizes/cube-3151-asc.mesh","chck",1622650803841536152,1622650803844540971
24,"build/tests/sizes/cube-664-bin.msh4","scan",1622650803859844208,1622650803945001137
24,"build/tests/sizes/cube-664-bin.msh4","chck",1622650803844541980,1622650803945008862
24,"build/tests/sizes/cube-2212-geo.geo_unrolled","scan",1622650803945905679,1622650803947415152
24,"build/tests/sizes/cube-2212-geo.geo_unrolled","chck",1622650803945306182,1622650803947420244
24,"build/tests/sizes/cube-3616-bin.msh4","scan",1622650803948076948,1622650804313560166
24,"build/tests/sizes/cube-3616-bin.msh4","chck",1622650803947421254,1622650804313575161
24,"build/tests/sizes/cube-1127-bin.vtk","scan",1622650804330106038,1622650806355854782
24,"build/tests/sizes/cube-1127-bin.vtk","chck",1622650804313576826,1622650806355869184
24,"build/tests/sizes/cube-3125-bin.msh4","scan",1622650806356780579,1622650806468901456
24,"build/tests/sizes/cube-3125-bin.msh4","chck",1622650806355870476,1622650806468908414
24,"build/tests/sizes/cube-2617-stl-bin.geo","scan",1622650806470619930,1622650806484071810
24,"build/tests/sizes/cube-2617-stl-bin.geo","chck",1622650806468909762,1622650806484078422
24,"build/tests/sizes/cube-2810-stl-bin.geo","scan",1622650806484654622,1622650806663531063
24,"build/tests/sizes/cube-2810-stl-bin.geo","chck",1622650806484079452,1622650806663538627
24,"build/tests/sizes/cube-247-stl-bin.geo","scan",1622650806677035871,1622650806829525980
24,"build/tests/sizes/cube-247-stl-bin.geo","chck",1622650806663539791,1622650806829532494
24,"build/tests/sizes/cube-1686-bin.cgns","scan",1622650806847383065,1622650806981669629
24,"build/tests/sizes/cube-1686-bin.cgns","chck",1622650806829533664,1622650806981676907
24,"build/tests/sizes/cube-108-bin.vtk","scan",1622650806999287537,1622650807007198981
24,"build/tests/sizes/cube-108-bin.vtk","chck",1622650806981678082,1622650807007205204
24,"build/tests/sizes/cube-620-bin.msh2","scan",1622650807016216810,1622650807024512491
24,"build/tests/sizes/cube-620-bin.msh2","chck",1622650807007206427,1622650807024519513
24,"build/tests/sizes/cube-359-asc.bdf","scan",1622650807031394814,1622650807059705364
24,"build/tests/sizes/cube-359-asc.bdf","chck",1622650807024520711,1622650807059712977
24,"build/tests/sizes/cube-294-asc.msh2","scan",1622650807087212016,1622650807257024566
24,"build/tests/sizes/cube-294-asc.msh2","chck",1622650807059714145,1622650807257032043
24,"build/tests/sizes/cube-2263-bin.msh4","scan",1622650807257685148,1622650807259914794
24,"build/tests/sizes/cube-2263-bin.msh4","chck",1622650807257033191,1622650807259919192
24,"build/tests/sizes/cube-2460-geo.geo_unrolled","scan",1622650807260465084,1622650807261592335
24,"build/tests/sizes/cube-2460-geo.geo_unrolled","chck",1622650807259920130,1622650807261596333
24,"build/tests/sizes/cube-961-asc.mesh","scan",1622650807262772695,1622650807290174593
24,"build/tests/sizes/cube-961-asc.mesh","chck",1622650807261597248,1622650807290181630
24,"build/tests/sizes/cube-3304-asc.bdf","scan",1622650807290738087,1622650807294425858
24,"build/tests/sizes/cube-3304-asc.bdf","chck",1622650807290182614,1622650807294429539
24,"build/tests/sizes/cube-1158-bin.vtk","scan",1622650807295659152,1622650807578226921
24,"build/tests/sizes/cube-1158-bin.vtk","chck",1622650807294430514,1622650807578234305
24,"build/tests/sizes/cube-1211-stl-bin.geo","scan",1622650807585624882,1622650807631660464
24,"build/tests/sizes/cube-1211-stl-bin.geo","chck",1622650807578235484,1622650807631674732
24,"build/tests/sizes/cube-1079-geo.geo","scan",1622650807660697189,1622650807662236886
24,"build/tests/sizes/cube-1079-geo.geo","chck",1622650807631675807,1622650807662243016
24,"build/tests/sizes/cube-234-bin.vtk","scan",1622650807663373632,1622650807665505901
24,"build/tests/sizes/cube-234-bin.vtk","chck",1622650807662244222,1622650807665509655
24,"build/tests/sizes/cube-3277-bin.msh2","scan",1622650807666034223,1622650807667981446
24,"build/tests/sizes/cube-3277-bin.msh2","chck",1622650807665510529,1622650807667984810
24,"build/tests/sizes/cube-1562-asc.msh2","scan",1622650807677310642,1622650807686842596
24,"build/tests/sizes/cube-1562-asc.msh2","chck",1622650807667985662,1622650807686848351
24,"build/tests/sizes/cube-3490-asc.bdf","scan",1622650807687392704,1622650816286063815
24,"build/tests/sizes/cube-3490-asc.bdf","chck",1622650807686849320,1622650816286070513
24,"build/tests/sizes/cube-2941-asc.bdf","scan",1622650816286800635,1622650831117074359
24,"build/tests/sizes/cube-2941-asc.bdf","chck",1622650816286071582,1622650831117082522
24,"build/tests/sizes/cube-3803-stl-bin.geo","scan",1622650831120253074,1622650831355272305
24,"build/tests/sizes/cube-3803-stl-bin.geo","chck",1622650831117083662,1622650831355279972
24,"build/tests/sizes/cube-678-asc.msh2","scan",1622650831375674715,1622650847479579872
24,"build/tests/sizes/cube-678-asc.msh2","chck",1622650831355281465,1622650847479586954
24,"build/tests/sizes/cube-3230-geo.geo_unrolled","scan",1622650847483667229,1622650847705158942
24,"build/tests/sizes/cube-3230-geo.geo_unrolled","chck",1622650847479588067,1622650847705167794
24,"build/tests/sizes/cube-3364-bin.cgns","scan",1622650847777078340,1622650847835140056
24,"build/tests/sizes/cube-3364-bin.cgns","chck",1622650847705168940,1622650847835147377
24,"build/tests/sizes/cube-450-asc.bdf","scan",1622650847849875485,1622650847885796666
24,"build/tests/sizes/cube-450-asc.bdf","chck",1622650847835148589,1622650847885803433
24,"build/tests/sizes/cube-2873-asc.mesh","scan",1622650847886344224,1622650847903641274
24,"build/tests/sizes/cube-2873-asc.mesh","chck",1622650847885804820,1622650847903646927
24,"build/tests/sizes/cube-977-bin.vtk","scan",1622650847922648650,1622650847966549915
24,"build/tests/sizes/cube-977-bin.vtk","chck",1622650847903647976,1622650847966555305
24,"build/tests/sizes/cube-2267-geo.geo_unrolled","scan",1622650847967172581,1622650847968333391
24,"build/tests/sizes/cube-2267-geo.geo_unrolled","chck",1622650847966556256,1622650847968336689
24,"build/tests/sizes/cube-980-asc.msh2","scan",1622650847980867209,1622650848041679384
24,"build/tests/sizes/cube-980-asc.msh2","chck",1622650847968337530,1622650848041686096
24,"build/tests/sizes/cube-3511-bin.msh2","scan",1622650848042239131,1622650848047610833
24,"build/tests/sizes/cube-3511-bin.msh2","chck",1622650848041687228,1622650848047615525
24,"build/tests/sizes/cube-939-asc.msh2","scan",1622650848059324935,1622650848320886014
24,"build/tests/sizes/cube-939-asc.msh2","chck",1622650848047616356,1622650848320893022
24,"build/tests/sizes/cube-342-geo.geo_unrolled","scan",1622650848324997805,1622650848326412395
24,"build/tests/sizes/cube-342-geo.geo_unrolled","chck",1622650848320894125,1622650848326415995
24,"build/tests/sizes/cube-3287-stl-bin.geo","scan",1622650848326917872,1622650848336126067
24,"build/tests/sizes/cube-3287-stl-bin.geo","chck",1622650848326417000,1622650848336129667
24,"build/tests/sizes/cube-588-asc.mesh","scan",1622650848348766038,1622650848378736280
24,"build/tests/sizes/cube-588-asc.mesh","chck",1622650848336130573,1622650848378742899
24,"build/tests/sizes/cube-2868-asc.bdf","scan",1622650848379307349,1622650849053578176
24,"build/tests/sizes/cube-2868-asc.bdf","chck",1622650848378744170,1622650849053584801
24,"build/tests/sizes/cube-2787-geo.geo","scan",1622650849054250862,1622650849082876049
24,"build/tests/sizes/cube-2787-geo.geo","chck",1622650849053586118,1622650849082883135
24,"build/tests/sizes/cube-2411-stl-bin.geo","scan",1622650849093147025,1622650849096820499
24,"build/tests/sizes/cube-2411-stl-bin.geo","chck",1622650849082884322,1622650849096826988
24,"build/tests/sizes/cube-1555-asc.mesh","scan",1622650849108348438,1622650849160737710
24,"build/tests/sizes/cube-1555-asc.mesh","chck",1622650849096828203,1622650849160744283
24,"build/tests/sizes/cube-632-stl-bin.geo","scan",1622650849174676899,1622650849208335909
24,"build/tests/sizes/cube-632-stl-bin.geo","chck",1622650849160745291,1622650849208343053
24,"build/tests/sizes/cube-3761-bin.vtk","scan",1622650849208884449,1622650849262272801
24,"build/tests/sizes/cube-3761-bin.vtk","chck",1622650849208344095,1622650849262278786
24,"build/tests/sizes/cube-1925-bin.msh4","scan",1622650849279613648,1622650850788739414
24,"build/tests/sizes/cube-1925-bin.msh4","chck",1622650849262279986,1622650850788752425
24,"build/tests/sizes/cube-2303-asc.bdf","scan",1622650850789593768,1622650850815172263
24,"build/tests/sizes/cube-2303-asc.bdf","chck",1622650850788753627,1622650850815322186
24,"build/tests/sizes/cube-1992-bin.msh2","scan",1622650850815892946,1622650850843664796
24,"build/tests/sizes/cube-1992-bin.msh2","chck",1622650850815323826,1622650850843671429
24,"build/tests/sizes/cube-2584-bin.vtk","scan",1622650850844245467,1622650850845738550
24,"build/tests/sizes/cube-2584-bin.vtk","chck",1622650850843672475,1622650850845741568
24,"build/tests/sizes/cube-3396-geo.geo_unrolled","scan",1622650850846255180,1622650850847377088
24,"build/tests/sizes/cube-3396-geo.geo_unrolled","chck",1622650850845742375,1622650850847380189
24,"build/tests/sizes/cube-3737-bin.vtk","scan",1622650850847857379,1622650850856968321
24,"build/tests/sizes/cube-3737-bin.vtk","chck",1622650850847381054,1622650850856976418
24,"build/tests/sizes/cube-1338-bin.msh4","scan",1622650850861690019,1622650850878651806
24,"build/tests/sizes/cube-1338-bin.msh4","chck",1622650850856977367,1622650850878657112
24,"build/tests/sizes/cube-1701-geo.geo","scan",1622650850879884679,1622650850881193822
24,"build/tests/sizes/cube-1701-geo.geo","chck",1622650850878658057,1622650850881197847
24,"build/tests/sizes/cube-3494-stl-bin.geo","scan",1622650850881735526,1622650851322523261
24,"build/tests/sizes/cube-3494-stl-bin.geo","chck",1622650850881198791,1622650851322530726
24,"build/tests/sizes/cube-2899-bin.cgns","scan",1622650851328605542,1622650851386458422
24,"build/tests/sizes/cube-2899-bin.cgns","chck",1622650851322531759,1622650851386465112
24,"cube-3396-geo","mesh",1622650851387581126,1622650874674760312
24,"cube-3396-geo","prep",1622650874675672996,1622650876751995824
24,"cube-3396-geo","zzzz",1622650876752005553,1622651406981840193,1840183,2513770,7541310
24,"cube-3396-geo","post",1622651406981859566,1622651407343831989
24,"cube-1992-bin","prep",1622651407344509764,1622651407390389560
24,"cube-1992-bin","zzzz",1622651407390393113,1622651407637763195,7727,12220,36660
24,"cube-1992-bin","post",1622651407637773397,1622651407638772606
24,"cube-1873-bin","prep",1622651407638806814,1622651407690902151
24,"cube-1873-bin","zzzz",1622651407690904398,1622651408421551027,17048,25917,77751
24,"cube-1873-bin","post",1622651408421565759,1622651408426110481
24,"cube-1701-geo","mesh",1622651408426133167,1622651408744191425
24,"cube-1701-geo","prep",1622651408744997398,1622651408762824882
24,"cube-1701-geo","zzzz",1622651408762828726,1622651410090909513,26374,39170,117510
24,"cube-1701-geo","post",1622651410090920463,1622651410103791431
24,"cube-2745-asc","prep",1622651410103842573,1622651410242061218
24,"cube-2745-asc","zzzz",1622651410242066942,1622651441079410355,238625,334897,1004691
24,"cube-2745-asc","post",1622651441079423567,1622651441124843498
24,"cube-3038-asc","prep",1622651441124882442,1622651441133934004
24,"cube-3038-asc","zzzz",1622651441133937419,1622651441137736490,273,570,1710
24,"cube-3038-asc","post",1622651441137746795,1622651441137945010
24,"cube-2212-geo","mesh",1622651441137984340,1622651441982169068
24,"cube-2212-geo","prep",1622651441982979455,1622651442060884855
24,"cube-2212-geo","zzzz",1622651442060890242,1622651447406949734,70414,102026,306078
24,"cube-2212-geo","post",1622651447406961076,1622651447436779636
24,"cube-3045-geo","mesh",1622651447439036402,1622651453660435071
24,"cube-3045-geo","prep",1622651453729222626,1622651454098632139
24,"cube-3045-geo","zzzz",1622651454098637586,1622651558632535993,545677,756781,2270343
24,"cube-3045-geo","post",1622651558632550101,1622651558797354639
24,"cube-541-bin","prep",1622651558797417685,1622651559011294315
24,"cube-541-bin","zzzz",1622651559011300368,1622651619882541172,378392,528212,1584636
24,"cube-541-bin","post",1622651619882554838,1622651619951223398
24,"cube-2873-asc","prep",1622651619951265555,1622651619965436107
24,"cube-2873-asc","zzzz",1622651619965438775,1622651620095224653,4797,7776,23328
24,"cube-2873-asc","post",1622651620095234946,1622651620096949635
24,"cube-251-asc","prep",1622651620097269515,1622651621424608198
24,"cube-251-asc","zzzz",1622651621424615572,1622652375940413611,2404093,3275146,9825438
24,"cube-251-asc","post",1622652375940426672,1622652376354119622
24,"cube-1184-bin","prep",1622652376354939120,1622652376669244579
24,"cube-1184-bin","zzzz",1622652376669251034,1622652504956160011,626986,867153,2601459
24,"cube-1184-bin","post",1622652504956169282,1622652505010420065
24,"cube-2676-asc","prep",1622652505010486601,1622652505018119965
24,"cube-2676-asc","zzzz",1622652505018122940,1622652505052125757,1671,3016,9048
24,"cube-2676-asc","post",1622652505052132479,1622652505052626797
24,"cube-448-bin","prep",1622652505053079072,1622652505585252505
24,"cube-448-bin","zzzz",1622652505585259638,1622652744380214716,1006179,1381949,4145847
24,"cube-448-bin","post",1622652744380223577,1622652744464219131
24,"cube-3761-bin","prep",1622652744464728532,1622652744489114488
24,"cube-3761-bin","zzzz",1622652744489118902,1622652746075303726,29795,44287,132861
24,"cube-3761-bin","post",1622652746075313065,1622652746086705926
24,"cube-3171-bin","prep",1622652746086744264,1622652746093790751
24,"cube-3171-bin","zzzz",1622652746093793896,1622652746118396804,1294,2365,7095
24,"cube-3171-bin","post",1622652746118411842,1622652746118616891
24,"cube-3820-geo","mesh",1622652746118796019,1622652746202034807
24,"cube-3820-geo","prep",1622652746202913995,1622652746203460604
24,"cube-3820-geo","zzzz",1622652746203462665,1622652746208269477,329,686,2058
24,"cube-3820-geo","post",1622652746208284751,1622652746208452336
24,"cube-3956-bin","prep",1622652746208467605,1622652746229707200
24,"cube-3956-bin","zzzz",1622652746229710762,1622652748503753304,38605,56773,170319
24,"cube-3956-bin","post",1622652748503766553,1622652748516705073
24,"cube-1077-bin","prep",1622652748516738664,1622652748595764924
24,"cube-1077-bin","zzzz",1622652748595770222,1622652763138316952,142046,201651,604953
24,"cube-1077-bin","post",1622652763138339694,1622652763150077568
24,"cube-1252-bin","prep",1622652763150116940,1622652763152872204
24,"cube-1252-bin","zzzz",1622652763152875299,1622652763280397975,4731,7681,23043
24,"cube-1252-bin","post",1622652763280407832,1622652763281656657
24,"cube-1925-bin","prep",1622652763281681563,1622652764425393954
24,"cube-1925-bin","zzzz",1622652764425401129,1622653398682730425,2107024,2875261,8625783
24,"cube-1925-bin","post",1622653398682740739,1622653398916724033
24,"cube-1127-bin","prep",1622653398917204286,1622653399551149723
24,"cube-1127-bin","zzzz",1622653399551155768,1622653716413917909,1245222,1708541,5125623
24,"cube-1127-bin","post",1622653716413932668,1622653716517850313
24,"cube-3794-bin","prep",1622653716517889574,1622653716523353494
24,"cube-3794-bin","zzzz",1622653716523356540,1622653716525148598,142,315,945
24,"cube-3794-bin","post",1622653716525158742,1622653716525284744
24,"cube-1211-stl-bin","mesh",1622653716525329568,1622653716686633313
24,"cube-1211-stl-bin","prep",1622653716687452244,1622653716699082380
24,"cube-1211-stl-bin","zzzz",1622653716699086166,1622653717517561104,14256,28016,84048
24,"cube-1211-stl-bin","post",1622653717517571981,1622653717522068381
24,"cube-247-stl-bin","mesh",1622653717522434632,1622653718792103904
24,"cube-247-stl-bin","prep",1622653718792922329,1622653718957204246
24,"cube-247-stl-bin","zzzz",1622653718957210775,1622653733828675261,126919,204717,614151
24,"cube-247-stl-bin","post",1622653733828689268,1622653733905406411
24,"cube-1214-bin","prep",1622653733905447509,1622653733915460347
24,"cube-1214-bin","zzzz",1622653733915463788,1622653733918919320,257,530,1590
24,"cube-1214-bin","post",1622653733918929443,1622653733919094466
24,"cube-2617-stl-bin","mesh",1622653733919135439,1622653734013552793
24,"cube-2617-stl-bin","prep",1622653734014345592,1622653734019683953
24,"cube-2617-stl-bin","zzzz",1622653734019687059,1622653734326329059,6686,14170,42510
24,"cube-2617-stl-bin","post",1622653734326339099,1622653734329089380
24,"cube-474-asc","prep",1622653734329248957,1622653734585556549
24,"cube-474-asc","zzzz",1622653734585562629,1622653817702812152,467727,649987,1949961
24,"cube-474-asc","post",1622653817702825810,1622653817792100682
24,"cube-1686-bin.cgns","prep",1622653817792514773,1622653817830204765
24,"cube-1686-bin.cgns","zzzz",1622653817830209404,1622653818547495454,16785,25569,76707
24,"cube-1686-bin.cgns","post",1622653818547502398,1622653818547719118
24,"cube-2525-geo","mesh",1622653818547809326,1622653818650197238
24,"cube-2525-geo","prep",1622653818651017003,1622653818656239694
24,"cube-2525-geo","zzzz",1622653818656242542,1622653818860279475,6683,10667,32001
24,"cube-2525-geo","post",1622653818860290237,1622653818862662255
24,"cube-3151-asc","prep",1622653818862917307,1622653818863799090
24,"cube-3151-asc","zzzz",1622653818863800796,1622653818869039284,350,731,2193
24,"cube-3151-asc","post",1622653818869049329,1622653818869168559
24,"cube-2899-bin.cgns","prep",1622653818869182477,1622653818869772906
24,"cube-2899-bin.cgns","zzzz",1622653818869775244,1622653818896328931,1387,2504,7512
24,"cube-2899-bin.cgns","post",1622653818896338749,1622653818896405281
24,"cube-2460-geo","mesh",1622653818896513443,1622653818920789000
24,"cube-2460-geo","prep",1622653818921549792,1622653818922826009
24,"cube-2460-geo","zzzz",1622653818922827786,1622653818941941405,1088,1954,5862
24,"cube-2460-geo","post",1622653818941951268,1622653818942488959
24,"cube-2810-stl-bin","mesh",1622653818942644778,1622653821228996803
24,"cube-2810-stl-bin","prep",1622653821229868639,1622653821493289466
24,"cube-2810-stl-bin","zzzz",1622653821493296642,1622653853743457771,219171,345184,1035552
24,"cube-2810-stl-bin","post",1622653853743473304,1622653853858696242
24,"cube-664-bin","prep",1622653853858733704,1622653853903509441
24,"cube-664-bin","zzzz",1622653853903515235,1622653858840518072,66483,96587,289761
24,"cube-664-bin","post",1622653858840528116,1622653858847930356
24,"cube-824-bin.cgns","prep",1622653858847977991,1622653859053523659
24,"cube-824-bin.cgns","zzzz",1622653859053532497,1622653903682550293,305733,429237,1287711
24,"cube-824-bin.cgns","post",1622653903682573314,1622653903682615931
24,"cube-342-geo","mesh",1622653903682718548,1622653903772827627
24,"cube-342-geo","prep",1622653903773615307,1622653903776891096
24,"cube-342-geo","zzzz",1622653903776893286,1622653903889577569,4302,7044,21132
24,"cube-342-geo","post",1622653903889587517,1622653903891024066
24,"cube-2335-bin.cgns","prep",1622653903891183188,1622653903892055543
24,"cube-2335-bin.cgns","zzzz",1622653903892057773,1622653903893750371,135,302,906
24,"cube-2335-bin.cgns","post",1622653903893760085,1622653903893810404
24,"cube-2210-bin.cgns","prep",1622653903893895542,1622653903894348994
24,"cube-2210-bin.cgns","zzzz",1622653903894351274,1622653903912267980,1063,1861,5583
24,"cube-2210-bin.cgns","post",1622653903912277868,1622653903912318451
24,"cube-2941-asc","prep",1622653903912428416,1622653904476640492
24,"cube-2941-asc","zzzz",1622653904476645177,1622654349452640731,1028080,2204093,6612279
24,"cube-2941-asc","post",1622654349452655427,1622654349579259599
24,"cube-2726-bin","prep",1622654349579303337,1622654349705331760
24,"cube-2726-bin","zzzz",1622654349705338914,1622654379768494713,234422,329260,987780
24,"cube-2726-bin","post",1622654379768509207,1622654379789526227
24,"cube-450-asc","prep",1622654379789563605,1622654379797283165
24,"cube-450-asc","zzzz",1622654379797286695,1622654379826623601,1490,2699,8097
24,"cube-450-asc","post",1622654379826633783,1622654379827197346
24,"cube-3616-bin","prep",1622654379827548480,1622654380181742873
24,"cube-3616-bin","zzzz",1622654380181748843,1622654521786406170,675145,933864,2801592
24,"cube-3616-bin","post",1622654521786419673,1622654521843414327
24,"cube-961-asc","prep",1622654521843486585,1622654521847385230
24,"cube-961-asc","zzzz",1622654521847389124,1622654522097310651,7781,12295,36885
24,"cube-961-asc","post",1622654522097321135,1622654522098269050
24,"cube-3125-bin","prep",1622654522098325970,1622654522235764780
24,"cube-3125-bin","zzzz",1622654522235770631,1622654560500933857,275973,387180,1161540
24,"cube-3125-bin","post",1622654560500948723,1622654560524585058
24,"cube-3567-asc","prep",1622654560524657084,1622654560525314637
24,"cube-3567-asc","zzzz",1622654560525317090,1622654560542121392,1000,1773,5319
24,"cube-3567-asc","post",1622654560542131650,1622654560542624427
24,"cube-1903-bin","prep",1622654560542663254,1622654560543145537
24,"cube-1903-bin","zzzz",1622654560543146835,1622654560546541323,252,523,1569
24,"cube-1903-bin","post",1622654560546551252,1622654560546802263
24,"cube-1158-bin","prep",1622654560546836785,1622654560646015002
24,"cube-1158-bin","zzzz",1622654560646021014,1622654584290376991,198549,280077,840231
24,"cube-1158-bin","post",1622654584290385382,1622654584308127227
24,"cube-1089-geo","mesh",1622654584308165942,1622654585058650742
24,"cube-1089-geo","prep",1622654585059536470,1622654585124758217
24,"cube-1089-geo","zzzz",1622654585124763161,1622654588925119022,55222,80789,242367
24,"cube-1089-geo","post",1622654588925132770,1622654588961244704
24,"cube-2665-asc","prep",1622654588961299641,1622654589024942254
24,"cube-2665-asc","zzzz",1622654589024948117,1622654596288799869,87362,125732,377196
24,"cube-2665-asc","post",1622654596288809926,1622654596310385284
24,"cube-1891-bin","prep",1622654596310427596,1622654596398311964
24,"cube-1891-bin","zzzz",1622654596398318635,1622654609003784195,128295,182947,548841
24,"cube-1891-bin","post",1622654609003794899,1622654609015461094
24,"cube-620-bin","prep",1622654609015504917,1622654609022649211
24,"cube-620-bin","zzzz",1622654609022653185,1622654609025981006,248,517,1551
24,"cube-620-bin","post",1622654609025996429,1622654609026125474
24,"cube-3511-bin","prep",1622654609026143676,1622654609027055121
24,"cube-3511-bin","zzzz",1622654609027057059,1622654609047445316,1148,2053,6159
24,"cube-3511-bin","post",1622654609047450094,1622654609047650903
24,"cube-2945-asc","prep",1622654609047862075,1622654609048055495
24,"cube-2945-asc","zzzz",1622654609048056931,1622654609049952345,148,333,999
24,"cube-2945-asc","post",1622654609049957066,1622654609050063356
24,"cube-2303-asc","prep",1622654609050075864,1622654609051467653
24,"cube-2303-asc","zzzz",1622654609051469291,1622654609137222574,3529,5818,17454
24,"cube-2303-asc","post",1622654609137238466,1622654609137553043
24,"cube-3490-asc","prep",1622654609137576177,1622654609643473043
24,"cube-3490-asc","zzzz",1622654609643477410,1622654882979123204,966852,1529326,4587978
24,"cube-3490-asc","post",1622654882979175492,1622654883071268337
24,"cube-588-asc","prep",1622654883071347714,1622654883072235641
24,"cube-588-asc","zzzz",1622654883072238814,1622654883090979568,1068,1925,5775
24,"cube-588-asc","post",1622654883090983637,1622654883091526661
24,"cube-1027-geo","mesh",1622654883091642618,1622654883100972145
24,"cube-1027-geo","prep",1622654883101893941,1622654883102296087
24,"cube-1027-geo","zzzz",1622654883102297852,1622654883105445085,228,493,1479
24,"cube-1027-geo","post",1622654883105455105,1622654883105702650
24,"cube-1747-stl-bin","mesh",1622654883105717693,1622654883117715337
24,"cube-1747-stl-bin","prep",1622654883118490142,1622654883119893578
24,"cube-1747-stl-bin","zzzz",1622654883119895618,1622654883148886198,1055,2675,8025
24,"cube-1747-stl-bin","post",1622654883148896022,1622654883149260054
24,"cube-625-geo","mesh",1622654883149395772,1622654886711502820
24,"cube-625-geo","prep",1622654886712426223,1622654887046259695
24,"cube-625-geo","zzzz",1622654887046267506,1622654923629479090,267672,375648,1126944
24,"cube-625-geo","post",1622654923629493635,1622654923793231548
24,"cube-3364-bin.cgns","prep",1622654923799300802,1622654923890092396
24,"cube-3364-bin.cgns","zzzz",1622654923890097878,1622654925509720036,30266,44890,134670
24,"cube-3364-bin.cgns","post",1622654925509730284,1622654925509830418
24,"cube-208-asc","prep",1622654925509898945,1622654925520873571
24,"cube-208-asc","zzzz",1622654925520875629,1622654925618517162,3887,6375,19125
24,"cube-208-asc","post",1622654925618527180,1622654925619406071
24,"cube-3494-stl-bin","mesh",1622654925620422359,1622654936267435812
24,"cube-3494-stl-bin","prep",1622654936268426296,1622654937534383263
24,"cube-3494-stl-bin","zzzz",1622654937534388392,1622655195958748547,994280,1466295,4398885
24,"cube-3494-stl-bin","post",1622655195959047152,1622655196572900107
24,"cube-406-bin","prep",1622655196573024495,1622655196602292493
24,"cube-406-bin","zzzz",1622655196602296421,1622655196763075583,5627,9032,27096
24,"cube-406-bin","post",1622655196763085685,1622655196763922465
24,"cube-980-asc","prep",1622655196764024188,1622655196792237166
24,"cube-980-asc","zzzz",1622655196792239048,1622655196922024226,4805,7785,23355
24,"cube-980-asc","post",1622655196922034094,1622655196923530164
24,"cube-3846-asc","prep",1622655196923698797,1622655196935071149
24,"cube-3846-asc","zzzz",1622655196935072912,1622655196938468242,252,523,1569
24,"cube-3846-asc","post",1622655196938478276,1622655196938697142
24,"cube-1825-asc","prep",1622655196938733417,1622655197658676159
24,"cube-1825-asc","zzzz",1622655197658681831,1622655473463913908,1121242,1539674,4619022
24,"cube-1825-asc","post",1622655473463927042,1622655473745968468
24,"cube-3803-stl-bin","mesh",1622655473746018743,1622655473857668514
24,"cube-3803-stl-bin","prep",1622655473858585876,1622655473861616337
24,"cube-3803-stl-bin","zzzz",1622655473861619190,1622655473961536076,2688,6475,19425
24,"cube-3803-stl-bin","post",1622655473961546111,1622655473962774320
24,"cube-1338-bin","prep",1622655473963233059,1622655473978654729
24,"cube-1338-bin","zzzz",1622655473978657246,1622655475694178890,31512,46747,140241
24,"cube-1338-bin","post",1622655475694192256,1622655475696825152
24,"cube-678-asc","prep",1622655475697029192,1622655476877513840
24,"cube-678-asc","zzzz",1622655476877520198,1622656143912121625,2190186,2986007,8958021
24,"cube-678-asc","post",1622656143912129896,1622656144191257282
24,"cube-2584-bin","prep",1622656144191289470,1622656144196324274
24,"cube-2584-bin","zzzz",1622656144196328082,1622656144204079619,491,986,2958
24,"cube-2584-bin","post",1622656144204089763,1622656144204382479
24,"cube-2471-geo","mesh",1622656144204424164,1622656144643152394
24,"cube-2471-geo","prep",1622656144644027786,1622656144673495064
24,"cube-2471-geo","zzzz",1622656144673500302,1622656146323888330,30687,45493,136479
24,"cube-2471-geo","post",1622656146323899954,1622656146336058897
24,"cube-2267-geo","mesh",1622656146337295792,1622656146360927489
24,"cube-2267-geo","prep",1622656146361789272,1622656146363114727
24,"cube-2267-geo","zzzz",1622656146363116654,1622656146379894182,998,1771,5313
24,"cube-2267-geo","post",1622656146379904149,1622656146380371615
24,"cube-172-bin","prep",1622656146380400045,1622656146875083516
24,"cube-172-bin","zzzz",1622656146875089874,1622656369174577717,952764,1309694,3929082
24,"cube-172-bin","post",1622656369174591158,1622656369264010458
24,"cube-977-bin","prep",1622656369264047767,1622656369271292523
24,"cube-977-bin","zzzz",1622656369271296611,1622656369681714793,11092,17376,52128
24,"cube-977-bin","post",1622656369681730973,1622656369683732596
24,"cube-3082-geo","mesh",1622656369683764896,1622656369692876091
24,"cube-3082-geo","prep",1622656369693780799,1622656369694154659
24,"cube-3082-geo","zzzz",1622656369694156733,1622656369697318924,232,497,1491
24,"cube-3082-geo","post",1622656369697323793,1622656369697482196
24,"cube-3607-stl-bin","mesh",1622656369697499419,1622656386671856457
24,"cube-3607-stl-bin","prep",1622656387383568642,1622656388751951896
24,"cube-3607-stl-bin","zzzz",1622656388751958323,1622656911316415851,1711918,2486459,7459377
24,"cube-3607-stl-bin","post",1622656911316430302,1622656911854167214
24,"cube-108-bin","prep",1622656911854215841,1622656911863504861
24,"cube-108-bin","zzzz",1622656911863508642,1622656911869156350,369,774,2322
24,"cube-108-bin","post",1622656911869166414,1622656911869432929
24,"cube-1174-stl-bin","mesh",1622656911869640506,1622656912899502447
24,"cube-1174-stl-bin","prep",1622656912900934445,1622656912972328855
24,"cube-1174-stl-bin","zzzz",1622656912972334972,1622656923296890216,96476,159785,479355
24,"cube-1174-stl-bin","post",1622656923296905285,1622656923343035106
24,"cube-359-asc","prep",1622656923343073556,1622656923348135085
24,"cube-359-asc","zzzz",1622656923348137877,1622656923356024182,502,999,2997
24,"cube-359-asc","post",1622656923356034542,1622656923356335456
24,"cube-294-asc","prep",1622656923356380984,1622656923366910817
24,"cube-294-asc","zzzz",1622656923366912790,1622656924158603302,18055,27378,82134
24,"cube-294-asc","post",1622656924158613132,1622656924161285117
24,"cube-2037-geo","mesh",1622656924161342643,1622656925778479138
24,"cube-2037-geo","prep",1622656925779431782,1622656925919199167
24,"cube-2037-geo","zzzz",1622656925919204416,1622656939127053687,133154,188889,566667
24,"cube-2037-geo","post",1622656939127067996,1622656939196517625
24,"cube-3304-asc","prep",1622656939196569894,1622656939202972071
24,"cube-3304-asc","zzzz",1622656939202974970,1622656939208633669,370,775,2325
24,"cube-3304-asc","post",1622656939208643698,1622656939208928745
24,"cube-1079-geo","mesh",1622656939208962928,1622656941348856931
24,"cube-1079-geo","prep",1622656941356305171,1622656941485278793
24,"cube-1079-geo","zzzz",1622656941485283859,1622656960352195746,170057,240436,721308
24,"cube-1079-geo","post",1622656960352210656,1622656960442098174
24,"cube-2263-bin","prep",1622656960447244790,1622656960455666908
24,"cube-2263-bin","zzzz",1622656960455670108,1622656960516194135,2680,4555,13665
24,"cube-2263-bin","post",1622656960516204187,1622656960516942906
24,"cube-234-bin","prep",1622656960517062826,1622656960521145751
24,"cube-234-bin","zzzz",1622656960521147556,1622656960526282485,341,720,2160
24,"cube-234-bin","post",1622656960526292409,1622656960526602993
24,"cube-3737-bin","prep",1622656960526634091,1622656960529759509
24,"cube-3737-bin","zzzz",1622656960529761569,1622656960740134788,6852,10897,32691
24,"cube-3737-bin","post",1622656960740144732,1622656960740882784
24,"cube-567-asc","prep",1622656960740906434,1622656960741196727
24,"cube-567-asc","zzzz",1622656960741198060,1622656960746421918,348,729,2187
24,"cube-567-asc","post",1622656960746431868,1622656960746554595
24,"cube-3277-bin","prep",1622656960746566293,1622656960746843320
24,"cube-3277-bin","zzzz",1622656960746844813,1622656960748959687,158,361,1083
24,"cube-3277-bin","post",1622656960748969590,1622656960749168276
24,"cube-1562-asc","prep",1622656960749197903,1622656960749615403
24,"cube-1562-asc","zzzz",1622656960749616787,1622656960754532403,337,696,2088
24,"cube-1562-asc","post",1622656960754542338,1622656960754780879
24,"cube-939-asc","prep",1622656960754810596,1622656960776877938
24,"cube-939-asc","zzzz",1622656960776881423,1622656962398900133,30297,44943,134829
24,"cube-939-asc","post",1622656962398910624,1622656962405617876
24,"cube-3287-stl-bin","mesh",1622656962405640513,1622656962446765517
24,"cube-3287-stl-bin","prep",1622656962447639451,1622656962449833701
24,"cube-3287-stl-bin","zzzz",1622656962449835954,1622656962583044613,3484,7919,23757
24,"cube-3287-stl-bin","post",1622656962583054626,1622656962583772263
24,"cube-2868-asc","prep",1622656962583900269,1622656962649424042
24,"cube-2868-asc","zzzz",1622656962649429071,1622656969270971120,81569,117993,353979
24,"cube-2868-asc","post",1622656969270984011,1622656969308691353
24,"cube-3349-bin","prep",1622656969308741665,1622656969570061065
24,"cube-3349-bin","zzzz",1622656969570067378,1622657054529751726,474629,659510,1978530
24,"cube-3349-bin","post",1622657054529759321,1622657054570516499
24,"cube-2787-geo","mesh",1622657054570588183,1622657055136354362
24,"cube-2787-geo","prep",1622657055137280600,1622657055170567594
24,"cube-2787-geo","zzzz",1622657055170572670,1622657057853604753,43225,63600,190800
24,"cube-2787-geo","post",1622657057853610866,1622657057864927715
24,"cube-2411-stl-bin","mesh",1622657057864953829,1622657057872164474
24,"cube-2411-stl-bin","prep",1622657057873108716,1622657057873373004
24,"cube-2411-stl-bin","zzzz",1622657057873375215,1622657057883531005,348,1211,3633
24,"cube-2411-stl-bin","post",1622657057883541019,1622657057883733606
24,"cube-3230-geo","mesh",1622657057883762300,1622657058075676554
24,"cube-3230-geo","prep",1622657058076477905,1622657058084103321
24,"cube-3230-geo","zzzz",1622657058084105568,1622657058562613139,12425,19309,57927
24,"cube-3230-geo","post",1622657058562623077,1622657058565096167
24,"cube-1555-asc","prep",1622657058565870368,1622657058570047091
24,"cube-1555-asc","zzzz",1622657058570048989,1622657058707635040,5023,8100,24300
24,"cube-1555-asc","post",1622657058707644857,1622657058709890418
24,"cube-2203-bin","prep",1622657058709919026,1622657058710966162
24,"cube-2203-bin","zzzz",1622657058710967815,1622657058715809561,331,688,2064
24,"cube-2203-bin","post",1622657058715819465,1622657058716220460
24,"cube-632-stl-bin","mesh",1622657058716251602,1622657058758193154
24,"cube-632-stl-bin","prep",1622657058758986319,1622657058760695001
24,"cube-632-stl-bin","zzzz",1622657058760697255,1622657058911190118,3840,8627,25881
24,"cube-632-stl-bin","post",1622657058911199976,1622657058912210224
24,"Proc","exit_task",1622650751065335600,1622657058949457012,5952264
