21,"build/tests/sizes/cube-1783-stl-bin.geo","scan",1622650766595420733,1622650766647449836
21,"build/tests/sizes/cube-1783-stl-bin.geo","chck",1622650766576541939,1622650766647593415
21,"build/tests/sizes/cube-1132-geo.geo","scan",1622650766669971797,1622650766676990953
21,"build/tests/sizes/cube-1132-geo.geo","chck",1622650766647594746,1622650766676997001
21,"build/tests/sizes/cube-3598-stl-bin.geo","scan",1622650766684111851,1622650766697335603
21,"build/tests/sizes/cube-3598-stl-bin.geo","chck",1622650766676998154,1622650766697341969
21,"build/tests/sizes/cube-3308-asc.msh2","scan",1622650766702379309,1622650766731173214
21,"build/tests/sizes/cube-3308-asc.msh2","chck",1622650766697343348,1622650766731180049
21,"build/tests/sizes/cube-1788-geo.geo_unrolled","scan",1622650766735776538,1622650766740828387
21,"build/tests/sizes/cube-1788-geo.geo_unrolled","chck",1622650766731181101,1622650766740832957
21,"build/tests/sizes/cube-3381-geo.geo","scan",1622650766752035491,1622650766758050803
21,"build/tests/sizes/cube-3381-geo.geo","chck",1622650766740834003,1622650766758054323
21,"build/tests/sizes/cube-1091-bin.msh2","scan",1622650766784374506,1622650766795580262
21,"build/tests/sizes/cube-1091-bin.msh2","chck",1622650766758055262,1622650766795586349
21,"build/tests/sizes/cube-1904-geo.geo_unrolled","scan",1622650766796595728,1622650766805957190
21,"build/tests/sizes/cube-1904-geo.geo_unrolled","chck",1622650766795587422,1622650766805963917
21,"build/tests/sizes/cube-115-geo.geo","scan",1622650766829433048,1622650766833764136
21,"build/tests/sizes/cube-115-geo.geo","chck",1622650766805965188,1622650766833770021
21,"build/tests/sizes/cube-3417-bin.cgns","scan",1622650766841797496,1622650766901142604
21,"build/tests/sizes/cube-3417-bin.cgns","chck",1622650766833771268,1622650766901148615
21,"build/tests/sizes/cube-809-geo.geo_unrolled","scan",1622650766905919154,1622650766910068700
21,"build/tests/sizes/cube-809-geo.geo_unrolled","chck",1622650766901149774,1622650766910073604
21,"build/tests/sizes/cube-1108-bin.cgns","scan",1622650766937013817,1622650767061733000
21,"build/tests/sizes/cube-1108-bin.cgns","chck",1622650766910074628,1622650767061738666
21,"build/tests/sizes/cube-3066-asc.bdf","scan",1622650767065282188,1622650767924516686
21,"build/tests/sizes/cube-3066-asc.bdf","chck",1622650767061739819,1622650767924538903
21,"build/tests/sizes/cube-954-stl-bin.geo","scan",1622650767953491991,1622650767996116572
21,"build/tests/sizes/cube-954-stl-bin.geo","chck",1622650767924540449,1622650767996122908
21,"build/tests/sizes/cube-2673-stl-bin.geo","scan",1622650767998642712,1622650768005342103
21,"build/tests/sizes/cube-2673-stl-bin.geo","chck",1622650767996124053,1622650768005347814
21,"build/tests/sizes/cube-246-asc.mesh","scan",1622650768022718320,1622650768100163958
21,"build/tests/sizes/cube-246-asc.mesh","chck",1622650768005348839,1622650768100171422
21,"build/tests/sizes/cube-3201-bin.cgns","scan",1622650768108173617,1622650768170161693
21,"build/tests/sizes/cube-3201-bin.cgns","chck",1622650768100172569,1622650768170167450
21,"build/tests/sizes/cube-278-bin.msh4","scan",1622650768190952462,1622650768225314326
21,"build/tests/sizes/cube-278-bin.msh4","chck",1622650768170168439,1622650768225320154
21,"build/tests/sizes/cube-95-bin.cgns","scan",1622650768255867806,1622650768392136776
21,"build/tests/sizes/cube-95-bin.cgns","chck",1622650768225321465,1622650768392142823
21,"build/tests/sizes/cube-798-bin.msh2","scan",1622650768415097523,1622650768704920281
21,"build/tests/sizes/cube-798-bin.msh2","chck",1622650768392144046,1622650768704927898
21,"build/tests/sizes/cube-1068-asc.msh2","scan",1622650768722958530,1622650768733689123
21,"build/tests/sizes/cube-1068-asc.msh2","chck",1622650768704929696,1622650768733695827
21,"build/tests/sizes/cube-199-bin.msh4","scan",1622650768747437109,1622650768771402152
21,"build/tests/sizes/cube-199-bin.msh4","chck",1622650768733696951,1622650768771409415
21,"build/tests/sizes/cube-201-asc.msh2","scan",1622650768787397424,1622650775405729802
21,"build/tests/sizes/cube-201-asc.msh2","chck",1622650768771410821,1622650775405760182
21,"build/tests/sizes/cube-837-asc.bdf","scan",1622650775426349085,1622650775468577123
21,"build/tests/sizes/cube-837-asc.bdf","chck",1622650775405764912,1622650775468584756
21,"build/tests/sizes/cube-1697-geo.geo_unrolled","scan",1622650775483719882,1622650775485482957
21,"build/tests/sizes/cube-1697-geo.geo_unrolled","chck",1622650775468586072,1622650775485488009
21,"build/tests/sizes/cube-2547-bin.msh4","scan",1622650775486091253,1622650775491837434
21,"build/tests/sizes/cube-2547-bin.msh4","chck",1622650775485489143,1622650775491842811
21,"build/tests/sizes/cube-1170-asc.mesh","scan",1622650775516053690,1622650775534219742
21,"build/tests/sizes/cube-1170-asc.mesh","chck",1622650775491843872,1622650775534226856
21,"build/tests/sizes/cube-536-bin.msh2","scan",1622650775546841097,1622650776531170467
21,"build/tests/sizes/cube-536-bin.msh2","chck",1622650775534228018,1622650776531178215
21,"build/tests/sizes/cube-2529-geo.geo","scan",1622650776531984714,1622650776533382321
21,"build/tests/sizes/cube-2529-geo.geo","chck",1622650776531179506,1622650776533387367
21,"build/tests/sizes/cube-3672-stl-bin.geo","scan",1622650776533928130,1622650776802003797
21,"build/tests/sizes/cube-3672-stl-bin.geo","chck",1622650776533388549,1622650776802011438
21,"build/tests/sizes/cube-2309-geo.geo_unrolled","scan",1622650776802851927,1622650776804167780
21,"build/tests/sizes/cube-2309-geo.geo_unrolled","chck",1622650776802012714,1622650776804173389
21,"build/tests/sizes/cube-2515-asc.msh2","scan",1622650776804692161,1622650777215802041
21,"build/tests/sizes/cube-2515-asc.msh2","chck",1622650776804174431,1622650777215823637
21,"build/tests/sizes/cube-599-bin.msh2","scan",1622650777238114363,1622650777271111833
21,"build/tests/sizes/cube-599-bin.msh2","chck",1622650777215824810,1622650777271118155
21,"build/tests/sizes/cube-533-asc.msh2","scan",1622650777283748829,1622650777315411445
21,"build/tests/sizes/cube-533-asc.msh2","chck",1622650777271119348,1622650777315417761
21,"build/tests/sizes/cube-1685-bin.msh2","scan",1622650777317957922,1622650777321558813
21,"build/tests/sizes/cube-1685-bin.msh2","chck",1622650777315418939,1622650777321564056
21,"build/tests/sizes/cube-2523-bin.msh2","scan",1622650777322096463,1622650779418250030
21,"build/tests/sizes/cube-2523-bin.msh2","chck",1622650777321565155,1622650779418258469
21,"build/tests/sizes/cube-653-asc.msh2","scan",1622650779429886790,1622650779460727144
21,"build/tests/sizes/cube-653-asc.msh2","chck",1622650779418259744,1622650779460734688
21,"build/tests/sizes/cube-1294-geo.geo_unrolled","scan",1622650779486757438,1622650779488014565
21,"build/tests/sizes/cube-1294-geo.geo_unrolled","chck",1622650779460735840,1622650779488021764
21,"build/tests/sizes/cube-3914-geo.geo_unrolled","scan",1622650779488566324,1622650779489641920
21,"build/tests/sizes/cube-3914-geo.geo_unrolled","chck",1622650779488023101,1622650779489646629
21,"build/tests/sizes/cube-900-asc.msh2","scan",1622650779504614468,1622650779548483139
21,"build/tests/sizes/cube-900-asc.msh2","chck",1622650779489647661,1622650779548490212
21,"build/tests/sizes/cube-222-bin.cgns","scan",1622650779572189437,1622650779739493758
21,"build/tests/sizes/cube-222-bin.cgns","chck",1622650779548491428,1622650779739500810
21,"build/tests/sizes/cube-2183-stl-bin.geo","scan",1622650779740124508,1622650779759823001
21,"build/tests/sizes/cube-2183-stl-bin.geo","chck",1622650779739502121,1622650779759830506
21,"build/tests/sizes/cube-1275-bin.msh4","scan",1622650779777847532,1622650779801226210
21,"build/tests/sizes/cube-1275-bin.msh4","chck",1622650779759831871,1622650779801233370
21,"build/tests/sizes/cube-3099-bin.vtk","scan",1622650779801796962,1622650779823936100
21,"build/tests/sizes/cube-3099-bin.vtk","chck",1622650779801234578,1622650779823943545
21,"build/tests/sizes/cube-2727-asc.bdf","scan",1622650779824586330,1622650779973175158
21,"build/tests/sizes/cube-2727-asc.bdf","chck",1622650779823944801,1622650779973182633
21,"build/tests/sizes/cube-336-bin.msh4","scan",1622650779983961422,1622650781089741194
21,"build/tests/sizes/cube-336-bin.msh4","chck",1622650779973183830,1622650781090095816
21,"build/tests/sizes/cube-985-asc.bdf","scan",1622650781094536161,1622650785461431969
21,"build/tests/sizes/cube-985-asc.bdf","chck",1622650781090097935,1622650785461449494
21,"build/tests/sizes/cube-1508-geo.geo_unrolled","scan",1622650785479067084,1622650785640011592
21,"build/tests/sizes/cube-1508-geo.geo_unrolled","chck",1622650785461450819,1622650785640022093
21,"build/tests/sizes/cube-2427-bin.msh2","scan",1622650785642293309,1622650785782255890
21,"build/tests/sizes/cube-2427-bin.msh2","chck",1622650785640023236,1622650785782263683
21,"build/tests/sizes/cube-1309-asc.msh2","scan",1622650785798637502,1622650788640336391
21,"build/tests/sizes/cube-1309-asc.msh2","chck",1622650785782264940,1622650788640344139
21,"build/tests/sizes/cube-3795-asc.msh2","scan",1622650788641050936,1622650801731690380
21,"build/tests/sizes/cube-3795-asc.msh2","chck",1622650788640345283,1622650801731706538
21,"build/tests/sizes/cube-3853-asc.msh2","scan",1622650801736579009,1622650812981540231
21,"build/tests/sizes/cube-3853-asc.msh2","chck",1622650801731707783,1622650812981557098
21,"build/tests/sizes/cube-1979-asc.msh2","scan",1622650812987173332,1622650814242690090
21,"build/tests/sizes/cube-1979-asc.msh2","chck",1622650812981558299,1622650814242697837
21,"build/tests/sizes/cube-1479-geo.geo_unrolled","scan",1622650814263324322,1622650814264895984
21,"build/tests/sizes/cube-1479-geo.geo_unrolled","chck",1622650814242698976,1622650814264901422
21,"build/tests/sizes/cube-3856-bin.vtk","scan",1622650814265404935,1622650814329375696
21,"build/tests/sizes/cube-3856-bin.vtk","chck",1622650814264902500,1622650814329382098
21,"build/tests/sizes/cube-1052-bin.msh4","scan",1622650814330683112,1622650814368085766
21,"build/tests/sizes/cube-1052-bin.msh4","chck",1622650814329383206,1622650814368093434
21,"build/tests/sizes/cube-877-geo.geo_unrolled","scan",1622650814383380675,1622650814384916388
21,"build/tests/sizes/cube-877-geo.geo_unrolled","chck",1622650814368094623,1622650814384922711
21,"build/tests/sizes/cube-2588-asc.mesh","scan",1622650814385447234,1622650814390653907
21,"build/tests/sizes/cube-2588-asc.mesh","chck",1622650814384924201,1622650814390660467
21,"build/tests/sizes/cube-2466-geo.geo_unrolled","scan",1622650814391283224,1622650814392966771
21,"build/tests/sizes/cube-2466-geo.geo_unrolled","chck",1622650814390661600,1622650814392971887
21,"build/tests/sizes/cube-3376-asc.msh2","scan",1622650814393500155,1622650814397654853
21,"build/tests/sizes/cube-3376-asc.msh2","chck",1622650814392972926,1622650814397658883
21,"build/tests/sizes/cube-2351-asc.mesh","scan",1622650814398174800,1622650814539741276
21,"build/tests/sizes/cube-2351-asc.mesh","chck",1622650814397660331,1622650814539748219
21,"build/tests/sizes/cube-825-bin.vtk","scan",1622650814552299128,1622650814712963863
21,"build/tests/sizes/cube-825-bin.vtk","chck",1622650814539749204,1622650814712970091
21,"build/tests/sizes/cube-639-asc.mesh","scan",1622650814724432666,1622650816283434215
21,"build/tests/sizes/cube-639-asc.mesh","chck",1622650814712971336,1622650816283442103
21,"build/tests/sizes/cube-691-asc.msh2","scan",1622650816295409816,1622650822071845225
21,"build/tests/sizes/cube-691-asc.msh2","chck",1622650816283443421,1622650822071861667
21,"build/tests/sizes/cube-432-stl-bin.geo","scan",1622650822086866358,1622650822416167324
21,"build/tests/sizes/cube-432-stl-bin.geo","chck",1622650822071862926,1622650822416174467
21,"build/tests/sizes/cube-927-geo.geo","scan",1622650822427921096,1622650822430217680
21,"build/tests/sizes/cube-927-geo.geo","chck",1622650822416175756,1622650822430224685
21,"build/tests/sizes/cube-1985-bin.cgns","scan",1622650822435780783,1622650822500716449
21,"build/tests/sizes/cube-1985-bin.cgns","chck",1622650822430225906,1622650822500723853
21,"build/tests/sizes/cube-3006-asc.bdf","scan",1622650822501518077,1622650823790659175
21,"build/tests/sizes/cube-3006-asc.bdf","chck",1622650822500725099,1622650823790666501
21,"build/tests/sizes/cube-136-bin.msh2","scan",1622650823812605156,1622650823915595065
21,"build/tests/sizes/cube-136-bin.msh2","chck",1622650823790667712,1622650823915601470
21,"build/tests/sizes/cube-758-asc.bdf","scan",1622650823935414723,1622650824224004698
21,"build/tests/sizes/cube-758-asc.bdf","chck",1622650823915602666,1622650824224011819
21,"build/tests/sizes/cube-434-asc.bdf","scan",1622650824234891418,1622650826272517603
21,"build/tests/sizes/cube-434-asc.bdf","chck",1622650824224013037,1622650826272524496
21,"build/tests/sizes/cube-2896-asc.mesh","scan",1622650826273202689,1622650826502463542
21,"build/tests/sizes/cube-2896-asc.mesh","chck",1622650826272525642,1622650826502471189
21,"build/tests/sizes/cube-2803-asc.mesh","scan",1622650826503071342,1622650826505289062
21,"build/tests/sizes/cube-2803-asc.mesh","chck",1622650826502472679,1622650826505295000
21,"build/tests/sizes/cube-1020-bin.msh4","scan",1622650826516537118,1622650826523874406
21,"build/tests/sizes/cube-1020-bin.msh4","chck",1622650826505296037,1622650826523880056
21,"build/tests/sizes/cube-3332-bin.vtk","scan",1622650826524446711,1622650826526837175
21,"build/tests/sizes/cube-3332-bin.vtk","chck",1622650826523881151,1622650826526840943
21,"build/tests/sizes/cube-1690-asc.msh2","scan",1622650826541473056,1622650826693031839
21,"build/tests/sizes/cube-1690-asc.msh2","chck",1622650826526841915,1622650826693039450
21,"build/tests/sizes/cube-2109-stl-bin.geo","scan",1622650826699230993,1622650826705999582
21,"build/tests/sizes/cube-2109-stl-bin.geo","chck",1622650826693040639,1622650826706006214
21,"build/tests/sizes/cube-2736-asc.bdf","scan",1622650826706581454,1622650826746735009
21,"build/tests/sizes/cube-2736-asc.bdf","chck",1622650826706007371,1622650826746742706
21,"build/tests/sizes/cube-79-bin.cgns","scan",1622650826782156668,1622650826944656527
21,"build/tests/sizes/cube-79-bin.cgns","chck",1622650826746743842,1622650826944664061
21,"build/tests/sizes/cube-3070-stl-bin.geo","scan",1622650826945385990,1622650826948481589
21,"build/tests/sizes/cube-3070-stl-bin.geo","chck",1622650826944665166,1622650826948488955
21,"build/tests/sizes/cube-1231-geo.geo_unrolled","scan",1622650826966947546,1622650826968201520
21,"build/tests/sizes/cube-1231-geo.geo_unrolled","chck",1622650826948490551,1622650826968207594
21,"build/tests/sizes/cube-3002-stl-bin.geo","scan",1622650826968752775,1622650826976345493
21,"build/tests/sizes/cube-3002-stl-bin.geo","chck",1622650826968208727,1622650826976350486
21,"build/tests/sizes/cube-3163-asc.mesh","scan",1622650826976878084,1622650827550283913
21,"build/tests/sizes/cube-3163-asc.mesh","chck",1622650826976351746,1622650827550291497
21,"build/tests/sizes/cube-3043-asc.msh2","scan",1622650827551116928,1622650827563723356
21,"build/tests/sizes/cube-3043-asc.msh2","chck",1622650827550292739,1622650827563729850
21,"build/tests/sizes/cube-2453-asc.mesh","scan",1622650827564286153,1622650827565997404
21,"build/tests/sizes/cube-2453-asc.mesh","chck",1622650827563731027,1622650827566001433
21,"build/tests/sizes/cube-2474-stl-bin.geo","scan",1622650827566520439,1622650827573686561
21,"build/tests/sizes/cube-2474-stl-bin.geo","chck",1622650827566002413,1622650827573699967
21,"build/tests/sizes/cube-2298-asc.mesh","scan",1622650827574227348,1622650827600859279
21,"build/tests/sizes/cube-2298-asc.mesh","chck",1622650827573700971,1622650827600865352
21,"build/tests/sizes/cube-2284-bin.msh4","scan",1622650827601427516,1622650827716501198
21,"build/tests/sizes/cube-2284-bin.msh4","chck",1622650827600866471,1622650827716508764
21,"build/tests/sizes/cube-1537-bin.msh2","scan",1622650827717541851,1622650827719702702
21,"build/tests/sizes/cube-1537-bin.msh2","chck",1622650827716510289,1622650827719708560
21,"build/tests/sizes/cube-1318-geo.geo","scan",1622650827729669450,1622650827731047417
21,"build/tests/sizes/cube-1318-geo.geo","chck",1622650827719709584,1622650827731053093
21,"build/tests/sizes/cube-802-bin.cgns","scan",1622650827754794675,1622650827875263150
21,"build/tests/sizes/cube-802-bin.cgns","chck",1622650827731054332,1622650827875270162
21,"build/tests/sizes/cube-851-bin.vtk","scan",1622650827887692823,1622650827909928178
21,"build/tests/sizes/cube-851-bin.vtk","chck",1622650827875271401,1622650827910068704
21,"build/tests/sizes/cube-3756-bin.msh2","scan",1622650827910658017,1622650828248420594
21,"build/tests/sizes/cube-3756-bin.msh2","chck",1622650827910070432,1622650828248427992
21,"build/tests/sizes/cube-1583-geo.geo","scan",1622650828256798775,1622650828258327268
21,"build/tests/sizes/cube-1583-geo.geo","chck",1622650828248429076,1622650828258333589
21,"build/tests/sizes/cube-1261-bin.cgns","scan",1622650828282145495,1622650828403585219
21,"build/tests/sizes/cube-1261-bin.cgns","chck",1622650828258334626,1622650828403591735
21,"build/tests/sizes/cube-2674-bin.cgns","scan",1622650828409021249,1622650828476110448
21,"build/tests/sizes/cube-2674-bin.cgns","chck",1622650828403592948,1622650828476119535
21,"build/tests/sizes/cube-3548-bin.msh2","scan",1622650828477001530,1622650828480475097
21,"build/tests/sizes/cube-3548-bin.msh2","chck",1622650828476121480,1622650828480480468
21,"build/tests/sizes/cube-2283-asc.mesh","scan",1622650828480998905,1622650828500179817
21,"build/tests/sizes/cube-2283-asc.mesh","chck",1622650828480481463,1622650828500186266
21,"build/tests/sizes/cube-3289-bin.msh2","scan",1622650828500732952,1622650828502738339
21,"build/tests/sizes/cube-3289-bin.msh2","chck",1622650828500187360,1622650828502742287
21,"build/tests/sizes/cube-1554-geo.geo_unrolled","scan",1622650828503801564,1622650828504966924
21,"build/tests/sizes/cube-1554-geo.geo_unrolled","chck",1622650828502743336,1622650828504971169
21,"cube-3756-bin","prep",1622650828506460836,1622650828555201664
21,"cube-3756-bin","zzzz",1622650828555210924,1622650833889812790,70353,101913,305739
21,"cube-3756-bin","post",1622650833889822267,1622650833896332267
21,"cube-1583-geo","mesh",1622650833896384869,1622650835084726585
21,"cube-1583-geo","prep",1622650835085626236,1622650835163860460
21,"cube-1583-geo","zzzz",1622650835163865197,1622650841050668374,75225,109007,327021
21,"cube-1583-geo","post",1622650841050679133,1622650841065557335
21,"cube-3066-asc","prep",1622650841065601941,1622650841142997369
21,"cube-3066-asc","zzzz",1622650841143003383,1622650850887828321,107261,153678,461034
21,"cube-3066-asc","post",1622650850887850228,1622650850904012044
21,"cube-3289-bin","prep",1622650850904078718,1622650850904701438
21,"cube-3289-bin","zzzz",1622650850904704153,1622650850907896252,234,499,1497
21,"cube-3289-bin","post",1622650850907900377,1622650850907956025
21,"cube-3308-asc","prep",1622650850907971801,1622650850910410265
21,"cube-3308-asc","zzzz",1622650850910412298,1622650851025388392,4385,7145,21435
21,"cube-3308-asc","post",1622650851025398338,1622650851026214887
21,"cube-1685-bin","prep",1622650851026356484,1622650851026880171
21,"cube-1685-bin","zzzz",1622650851026882510,1622650851031703952,329,686,2058
21,"cube-1685-bin","post",1622650851031720296,1622650851031920081
21,"cube-1783-stl-bin","mesh",1622650851031954465,1622650851037163954
21,"cube-1783-stl-bin","prep",1622650851038081768,1622650851038429783
21,"cube-1783-stl-bin","zzzz",1622650851038432417,1622650851047720585,326,1133,3399
21,"cube-1783-stl-bin","post",1622650851047737210,1622650851047838440
21,"cube-2474-stl-bin","mesh",1622650851047857385,1622650851078246296
21,"cube-2474-stl-bin","prep",1622650851079112510,1622650851081638157
21,"cube-2474-stl-bin","zzzz",1622650851081640799,1622650851170376588,2409,5958,17874
21,"cube-2474-stl-bin","post",1622650851170386446,1622650851170884143
21,"cube-1294-geo","mesh",1622650851171212091,1622650851551549560
21,"cube-1294-geo","prep",1622650851554213170,1622650851569097623
21,"cube-1294-geo","zzzz",1622650851569101861,1622650852904384228,26474,39302,117906
21,"cube-1294-geo","post",1622650852904391979,1622650852910798781
21,"cube-3381-geo","mesh",1622650852910835092,1622650863031685161
21,"cube-3381-geo","prep",1622650863032673406,1622650863901782100
21,"cube-3381-geo","zzzz",1622650863901790617,1622651024411419977,744325,1025862,3077586
21,"cube-3381-geo","post",1622651024411434414,1622651024559684197
21,"cube-1309-asc","prep",1622651024568774971,1622651024762061514
21,"cube-1309-asc","zzzz",1622651024762067983,1622651076406365619,337580,473257,1419771
21,"cube-1309-asc","post",1622651076406375915,1622651076434825903
21,"cube-1690-asc","prep",1622651076434866882,1622651076443838769
21,"cube-1690-asc","zzzz",1622651076443842383,1622651077158181657,16732,25496,76488
21,"cube-1690-asc","post",1622651077158191457,1622651077159824231
21,"cube-536-bin","prep",1622651077159857668,1622651077304593368
21,"cube-536-bin","zzzz",1622651077304598586,1622651100850793346,197969,279295,837885
21,"cube-536-bin","post",1622651100850807398,1622651100921295658
21,"cube-2736-asc","prep",1622651100921332266,1622651100935387623
21,"cube-2736-asc","zzzz",1622651100935391176,1622651101089010090,5445,8749,26247
21,"cube-2736-asc","post",1622651101089020370,1622651101089800863
21,"cube-2529-geo","mesh",1622651101089848927,1622651101934694053
21,"cube-2529-geo","prep",1622651101935535695,1622651102022586988
21,"cube-2529-geo","zzzz",1622651102022593054,1622651107478239549,71398,103414,310242
21,"cube-2529-geo","post",1622651107478250067,1622651107515354628
21,"cube-1554-geo","mesh",1622651107515401942,1622651121672033854
21,"cube-1554-geo","prep",1622651122209258839,1622651123067645764
21,"cube-1554-geo","zzzz",1622651123067651373,1622651403456387154,1136147,1558815,4676445
21,"cube-1554-geo","post",1622651403456394877,1622651403783716735
21,"cube-691-asc","prep",1622651403792207602,1622651404194632435
21,"cube-691-asc","zzzz",1622651404194639863,1622651548223616470,685028,945831,2837493
21,"cube-691-asc","post",1622651548223626598,1622651548282006222
21,"cube-2515-asc","prep",1622651548282458825,1622651548327016249
21,"cube-2515-asc","zzzz",1622651548327022352,1622651551015959720,43286,63709,191127
21,"cube-2515-asc","post",1622651551015981651,1622651551041540070
21,"cube-3201-bin.cgns","prep",1622651551041819006,1622651551048259817
21,"cube-3201-bin.cgns","zzzz",1622651551048262480,1622651551065294562,1012,1791,5373
21,"cube-3201-bin.cgns","post",1622651551065304386,1622651551065582731
21,"cube-3332-bin","prep",1622651551065644331,1622651551066155511
21,"cube-3332-bin","zzzz",1622651551066157041,1622651551085307197,1092,1957,5871
21,"cube-3332-bin","post",1622651551085317206,1622651551085671337
21,"cube-2896-asc","prep",1622651551085691841,1622651551107565599
21,"cube-2896-asc","zzzz",1622651551107567913,1622651553828658010,43661,64217,192651
21,"cube-2896-asc","post",1622651553828672445,1622651553832634947
21,"cube-2309-geo","mesh",1622651553832673902,1622651554014675643
21,"cube-2309-geo","prep",1622651554015461839,1622651554022675727
21,"cube-2309-geo","zzzz",1622651554022678367,1622651554380907551,10027,15791,47373
21,"cube-2309-geo","post",1622651554380912322,1622651554384938426
21,"cube-95-bin.cgns","prep",1622651554384979694,1622651554406637299
21,"cube-95-bin.cgns","zzzz",1622651554406644432,1622651554423212561,986,1754,5262
21,"cube-95-bin.cgns","post",1622651554423222495,1622651554423279705
21,"cube-2298-asc","prep",1622651554423394384,1622651554427407601
21,"cube-2298-asc","zzzz",1622651554427409491,1622651554703250366,8273,13163,39489
21,"cube-2298-asc","post",1622651554703260419,1622651554704431736
21,"cube-2674-bin.cgns","prep",1622651554704489985,1622651554704910505
21,"cube-2674-bin.cgns","zzzz",1622651554704912658,1622651554707133640,166,375,1125
21,"cube-2674-bin.cgns","post",1622651554707143654,1622651554707185600
21,"cube-246-asc","prep",1622651554707265955,1622651554713765143
21,"cube-246-asc","zzzz",1622651554713767208,1622651555186654290,12355,19179,57537
21,"cube-246-asc","post",1622651555186664300,1622651555188157849
21,"cube-1697-geo","mesh",1622651555188211412,1622651555926922793
21,"cube-1697-geo","prep",1622651555927796546,1622651556011623993
21,"cube-1697-geo","zzzz",1622651556011629074,1622651560250602923,59556,87072,261216
21,"cube-1697-geo","post",1622651560250616733,1622651560295023854
21,"cube-802-bin.cgns","prep",1622651560296664578,1622651560320636909
21,"cube-802-bin.cgns","zzzz",1622651560320640201,1622651560350817664,1532,2757,8271
21,"cube-802-bin.cgns","post",1622651560351152410,1622651560351222596
21,"cube-1985-bin.cgns","prep",1622651560351283621,1622651560356328828
21,"cube-1985-bin.cgns","zzzz",1622651560356331622,1622651564082439395,54405,79696,239088
21,"cube-1985-bin.cgns","post",1622651564082448626,1622651564082492365
21,"cube-1108-bin.cgns","prep",1622651564082581916,1622651564091170502
21,"cube-1108-bin.cgns","zzzz",1622651564091174159,1622651564179984646,3621,5962,17886
21,"cube-1108-bin.cgns","post",1622651564179992692,1622651564180033235
21,"cube-3099-bin","prep",1622651564180116386,1622651564187136967
21,"cube-3099-bin","zzzz",1622651564187139336,1622651564772886001,14438,22223,66669
21,"cube-3099-bin","post",1622651564772894381,1622651564774530850
21,"cube-3598-stl-bin","mesh",1622651564774565354,1622651564824221632
21,"cube-3598-stl-bin","prep",1622651564825086418,1622651564829871142
21,"cube-3598-stl-bin","zzzz",1622651564829874142,1622651564979121445,3811,8574,25722
21,"cube-3598-stl-bin","post",1622651564979129379,1622651564980734385
21,"cube-201-asc","prep",1622651564981861507,1622651565511044221
21,"cube-201-asc","zzzz",1622651565511051014,1622651782679922080,936042,1286984,3860952
21,"cube-201-asc","post",1622651782679936454,1622651782841884606
21,"cube-1508-geo","mesh",1622651782843208593,1622651782959172751
21,"cube-1508-geo","prep",1622651782960010918,1622651782964057975
21,"cube-1508-geo","zzzz",1622651782964060321,1622651783124453513,5621,9017,27051
21,"cube-1508-geo","post",1622651783124463638,1622651783126128259
21,"cube-2803-asc","prep",1622651783126158495,1622651783126833665
21,"cube-2803-asc","zzzz",1622651783126835110,1622651783132486907,370,775,2325
21,"cube-2803-asc","post",1622651783132496907,1622651783132730030
21,"cube-3795-asc","prep",1622651783132765034,1622651784151087812
21,"cube-3795-asc","zzzz",1622651784151095279,1622652319618591080,1853638,2532363,7597089
21,"cube-3795-asc","post",1622652319618604827,1622652319880155528
21,"cube-900-asc","prep",1622652319881067845,1622652319888403667
21,"cube-900-asc","zzzz",1622652319888407230,1622652319916243850,1427,2594,7782
21,"cube-900-asc","post",1622652319916254002,1622652319916759851
21,"cube-1261-bin.cgns","prep",1622652319916862356,1622652319967517045
21,"cube-1261-bin.cgns","zzzz",1622652319967520325,1622652321833966833,33493,49558,148674
21,"cube-1261-bin.cgns","post",1622652321833976053,1622652321834019148
21,"cube-3672-stl-bin","mesh",1622652321834092912,1622652325149917224
21,"cube-3672-stl-bin","prep",1622652325170985023,1622652325524414049
21,"cube-3672-stl-bin","zzzz",1622652325524421852,1622652374200245382,291040,454911,1364733
21,"cube-3672-stl-bin","post",1622652374200259575,1622652374355122829
21,"cube-758-asc","prep",1622652374355159886,1622652374391875048
21,"cube-758-asc","zzzz",1622652374391879882,1622652375996916187,30062,44640,133920
21,"cube-758-asc","post",1622652375996924914,1622652375999524202
21,"cube-2183-stl-bin","mesh",1622652375999561477,1622652376189164052
21,"cube-2183-stl-bin","prep",1622652376190066059,1622652376200757861
21,"cube-2183-stl-bin","zzzz",1622652376200762068,1622652376771921243,10605,21833,65499
21,"cube-2183-stl-bin","post",1622652376771934640,1622652376778168706
21,"cube-2283-asc","prep",1622652376778495557,1622652376782230887
21,"cube-2283-asc","zzzz",1622652376782233068,1622652376943111873,5632,9036,27108
21,"cube-2283-asc","post",1622652376943122449,1622652376944452559
21,"cube-985-asc","prep",1622652376944486857,1622652377215480528
21,"cube-985-asc","zzzz",1622652377215486179,1622652477032484937,529563,733978,2201934
21,"cube-985-asc","post",1622652477032500087,1622652477075928321
21,"cube-222-bin.cgns","prep",1622652477075970929,1622652477274828546
21,"cube-222-bin.cgns","zzzz",1622652477274836010,1622652526504264673,326735,458381,1375143
21,"cube-222-bin.cgns","post",1622652526504273863,1622652526504316004
21,"cube-3914-geo","mesh",1622652526504420677,1622652526513341553
21,"cube-3914-geo","prep",1622652526514249639,1622652526514606734
21,"cube-3914-geo","zzzz",1622652526514608509,1622652526517760688,231,496,1488
21,"cube-3914-geo","post",1622652526517765930,1622652526517922875
21,"cube-2727-asc","prep",1622652526517937617,1622652526526123020
21,"cube-2727-asc","zzzz",1622652526526124948,1622652527279664358,17396,26492,79476
21,"cube-2727-asc","post",1622652527279673410,1622652527281373089
21,"cube-837-asc","prep",1622652527281425097,1622652527282334128
21,"cube-837-asc","zzzz",1622652527282336500,1622652527301081820,1072,1927,5781
21,"cube-837-asc","post",1622652527301096677,1622652527301598861
21,"cube-79-bin.cgns","prep",1622652527301617492,1622652527328260848
21,"cube-79-bin.cgns","zzzz",1622652527328264104,1622652529314798759,35030,51731,155193
21,"cube-79-bin.cgns","post",1622652529314808292,1622652529314849885
21,"cube-1132-geo","mesh",1622652529314943456,1622652529326183024
21,"cube-1132-geo","prep",1622652529327088075,1622652529327553802
21,"cube-1132-geo","zzzz",1622652529327555780,1622652529332319206,323,680,2040
21,"cube-1132-geo","post",1622652529332334390,1622652529332505150
21,"cube-1788-geo","mesh",1622652529332520772,1622652529340871508
21,"cube-1788-geo","prep",1622652529341678520,1622652529341977079
21,"cube-1788-geo","zzzz",1622652529341978875,1622652529345196690,237,504,1512
21,"cube-1788-geo","post",1622652529345212316,1622652529345335912
21,"cube-954-stl-bin","mesh",1622652529345351560,1622652529348714237
21,"cube-954-stl-bin","prep",1622652529349504812,1622652529349812795
21,"cube-954-stl-bin","zzzz",1622652529349814638,1622652529356136429,241,846,2538
21,"cube-954-stl-bin","post",1622652529356151654,1622652529356244861
21,"cube-434-asc","prep",1622652529356256995,1622652529486827917
21,"cube-434-asc","zzzz",1622652529486834080,1622652563134168870,252745,355164,1065492
21,"cube-434-asc","post",1622652563134178845,1622652563155119291
21,"cube-2673-stl-bin","mesh",1622652563155167193,1622652563158926641
21,"cube-2673-stl-bin","prep",1622652563159853005,1622652563160243213
21,"cube-2673-stl-bin","zzzz",1622652563160245122,1622652563166784236,257,868,2604
21,"cube-2673-stl-bin","post",1622652563166799588,1622652563166899036
21,"cube-3548-bin","prep",1622652563166911275,1622652563167261887
21,"cube-3548-bin","zzzz",1622652563167263274,1622652563175108111,499,996,2988
21,"cube-3548-bin","post",1622652563175123539,1622652563175189495
21,"cube-336-bin","prep",1622652563175202782,1622652563874542199
21,"cube-336-bin","zzzz",1622652563874549498,1622652904026405965,1314150,1801903,5405709
21,"cube-336-bin","post",1622652904026419877,1622652904133909834
21,"cube-927-geo","mesh",1622652904134376808,1622652904695550460
21,"cube-927-geo","prep",1622652904696435504,1622652904740962103
21,"cube-927-geo","zzzz",1622652904740967080,1622652907353610728,42322,62391,187173
21,"cube-927-geo","post",1622652907353621647,1622652907372948209
21,"cube-2427-bin","prep",1622652907373951081,1622652907393201011
21,"cube-2427-bin","zzzz",1622652907393203918,1622652908985248987,29878,44384,133152
21,"cube-2427-bin","post",1622652908985259893,1622652908988095807
21,"cube-1904-geo","mesh",1622652908988130530,1622652909796534204
21,"cube-1904-geo","prep",1622652909797438618,1622652909866078089
21,"cube-1904-geo","zzzz",1622652909866083027,1622652914016724993,58623,85816,257448
21,"cube-1904-geo","post",1622652914016739006,1622652914052322274
21,"cube-1170-asc","prep",1622652914052373988,1622652914057178004
21,"cube-1170-asc","zzzz",1622652914057180602,1622652914062391717,347,728,2184
21,"cube-1170-asc","post",1622652914062401942,1622652914062605025
21,"cube-533-asc","prep",1622652914062644452,1622652914068023957
21,"cube-533-asc","zzzz",1622652914068025844,1622652914088761477,1147,2078,6234
21,"cube-533-asc","post",1622652914088771375,1622652914089394560
21,"cube-1091-bin","prep",1622652914090028436,1622652914090491354
21,"cube-1091-bin","zzzz",1622652914090492921,1622652914094510730,287,596,1788
21,"cube-1091-bin","post",1622652914094520703,1622652914094663067
21,"cube-809-geo","mesh",1622652914094699945,1622652923999590729
21,"cube-809-geo","prep",1622652924000442627,1622652925022488358
21,"cube-809-geo","zzzz",1622652925022494242,1622653127615479901,888133,1221642,3664926
21,"cube-809-geo","post",1622653127615753418,1622653128069105511
21,"cube-798-bin","prep",1622653128069236704,1622653128144853071
21,"cube-798-bin","zzzz",1622653128144858820,1622653134073343403,75581,109489,328467
21,"cube-798-bin","post",1622653134073392310,1622653134082134454
21,"cube-2466-geo","mesh",1622653134082172696,1622653134857900852
21,"cube-2466-geo","prep",1622653134858762112,1622653134911154007
21,"cube-2466-geo","zzzz",1622653134911158837,1622653138009649942,47825,70228,210684
21,"cube-2466-geo","post",1622653138009664191,1622653138051946272
21,"cube-1537-bin","prep",1622653138054253316,1622653138060707110
21,"cube-1537-bin","zzzz",1622653138060708871,1622653138062595832,144,329,987
21,"cube-1537-bin","post",1622653138062606030,1622653138062756285
21,"cube-1068-asc","prep",1622653138062771477,1622653138064804832
21,"cube-1068-asc","zzzz",1622653138064806569,1622653138068118316,244,513,1539
21,"cube-1068-asc","post",1622653138068128385,1622653138068336440
21,"cube-599-bin","prep",1622653138068386583,1622653138069634298
21,"cube-599-bin","zzzz",1622653138069636063,1622653138098870556,1487,2692,8076
21,"cube-599-bin","post",1622653138098880580,1622653138100441484
21,"cube-278-bin","prep",1622653138100468224,1622653138102498237
21,"cube-278-bin","zzzz",1622653138102500277,1622653138197282099,3792,6240,18720
21,"cube-278-bin","post",1622653138197292088,1622653138197830610
21,"cube-199-bin","prep",1622653138197936982,1622653138199095347
21,"cube-199-bin","zzzz",1622653138199096931,1622653138254418005,2504,4276,12828
21,"cube-199-bin","post",1622653138254427954,1622653138254999569
21,"cube-2547-bin","prep",1622653138255020138,1622653138258301572
21,"cube-2547-bin","zzzz",1622653138258303530,1622653138422351213,5722,9160,27480
21,"cube-2547-bin","post",1622653138422376894,1622653138423578123
21,"cube-1052-bin","prep",1622653138423607011,1622653138455404032
21,"cube-1052-bin","zzzz",1622653138455408113,1622653141112868442,42877,63167,189501
21,"cube-1052-bin","post",1622653141112882495,1622653141133360556
21,"cube-1275-bin","prep",1622653141133393861,1622653141137661434
21,"cube-1275-bin","zzzz",1622653141137663314,1622653141156053907,1045,1898,5694
21,"cube-1275-bin","post",1622653141156064266,1622653141156839892
21,"cube-1020-bin","prep",1622653141156878842,1622653141157246358
21,"cube-1020-bin","zzzz",1622653141157247345,1622653141162900508,370,775,2325
21,"cube-1020-bin","post",1622653141162910673,1622653141163058523
21,"cube-3163-asc","prep",1622653141163072136,1622653141251939170
21,"cube-3163-asc","zzzz",1622653141251945424,1622653162151592006,182426,257698,773094
21,"cube-3163-asc","post",1622653162151618255,1622653162167444560
21,"cube-851-bin","prep",1622653162167487993,1622653162168293568
21,"cube-851-bin","zzzz",1622653162168296529,1622653162197647700,1501,2700,8100
21,"cube-851-bin","post",1622653162197657985,1622653162198093833
21,"cube-1979-asc","prep",1622653162198115297,1622653162293433397
21,"cube-1979-asc","zzzz",1622653162293439354,1622653174775729955,127455,181781,545343
21,"cube-1979-asc","post",1622653174775745786,1622653174824871466
21,"cube-1479-geo","mesh",1622653174824928180,1622653174888027654
21,"cube-1479-geo","prep",1622653174888869173,1622653174890481231
21,"cube-1479-geo","zzzz",1622653174890483803,1622653174952797722,2750,4649,13947
21,"cube-1479-geo","post",1622653174952807907,1622653174953934313
21,"cube-3856-bin","prep",1622653174954056850,1622653174970489173
21,"cube-3856-bin","zzzz",1622653174970491673,1622653176585611643,30190,44804,134412
21,"cube-3856-bin","post",1622653176585621923,1622653176591975416
21,"cube-1231-geo","mesh",1622653176591999248,1622653176623227106
21,"cube-1231-geo","prep",1622653176624067197,1622653176624909851
21,"cube-1231-geo","zzzz",1622653176624911763,1622653176649281779,1280,2347,7041
21,"cube-1231-geo","post",1622653176649291763,1622653176649760800
21,"cube-3417-bin.cgns","prep",1622653176649920927,1622653176686586822
21,"cube-3417-bin.cgns","zzzz",1622653176686594119,1622653243360594290,402806,561278,1683834
21,"cube-3417-bin.cgns","post",1622653243360610882,1622653243360675582
21,"cube-877-geo","mesh",1622653243360765702,1622653243681311003
21,"cube-877-geo","prep",1622653243682183131,1622653243696263345
21,"cube-877-geo","zzzz",1622653243696267434,1622653244957263934,25309,37812,113436
21,"cube-877-geo","post",1622653244957271931,1622653244970816782
21,"cube-3376-asc","prep",1622653244972307214,1622653244975499364
21,"cube-3376-asc","zzzz",1622653244975501215,1622653244980639356,343,722,2166
21,"cube-3376-asc","post",1622653244980654746,1622653244980748139
21,"cube-2523-bin","prep",1622653244980762973,1622653245239794556
21,"cube-2523-bin","zzzz",1622653245239800065,1622653328003802672,466359,648130,1944390
21,"cube-2523-bin","post",1622653328003811841,1622653328066691795
21,"cube-2351-asc","prep",1622653328066726127,1622653328089583846
21,"cube-2351-asc","zzzz",1622653328089588485,1622653330724776348,42579,62785,188355
21,"cube-2351-asc","post",1622653330724786874,1622653330730536269
21,"cube-825-bin","prep",1622653330730588104,1622653330768271267
21,"cube-825-bin","zzzz",1622653330768276696,1622653336701738846,75623,109558,328674
21,"cube-825-bin","post",1622653336701748366,1622653336708301796
21,"cube-115-geo","mesh",1622653336708336705,1622653336717539024
21,"cube-115-geo","prep",1622653336718440501,1622653336718646045
21,"cube-115-geo","zzzz",1622653336718647943,1622653336721999830,249,520,1560
21,"cube-115-geo","post",1622653336722015410,1622653336722228693
21,"cube-639-asc","prep",1622653336722242797,1622653336934029640
21,"cube-639-asc","zzzz",1622653336934035338,1622653412955389531,439896,612496,1837488
21,"cube-639-asc","post",1622653412955406395,1622653412992699802
21,"cube-3853-asc","prep",1622653412992750469,1622653413829200948
21,"cube-3853-asc","zzzz",1622653413829208435,1622653803633077327,1457896,1995769,5987307
21,"cube-3853-asc","post",1622653803633092683,1622653803898332869
21,"cube-3006-asc","prep",1622653803898372386,1622653803975999858
21,"cube-3006-asc","zzzz",1622653803976004795,1622653818530352639,142055,201740,605220
21,"cube-3006-asc","post",1622653818530382001,1622653818547231624
21,"cube-2109-stl-bin","mesh",1622653818547276588,1622653818567277479
21,"cube-2109-stl-bin","prep",1622653818568160948,1622653818569162278
21,"cube-2109-stl-bin","zzzz",1622653818569164577,1622653818629336817,1675,4537,13611
21,"cube-2109-stl-bin","post",1622653818629352821,1622653818629827293
21,"cube-3070-stl-bin","mesh",1622653818629844190,1622653818633647689
21,"cube-3070-stl-bin","prep",1622653818634499289,1622653818634709450
21,"cube-3070-stl-bin","zzzz",1622653818634711149,1622653818642414242,288,983,2949
21,"cube-3070-stl-bin","post",1622653818642430138,1622653818642526211
21,"cube-3002-stl-bin","mesh",1622653818642540780,1622653818667001828
21,"cube-3002-stl-bin","prep",1622653818667911851,1622653818669543125
21,"cube-3002-stl-bin","zzzz",1622653818669545242,1622653818768581289,2656,6435,19305
21,"cube-3002-stl-bin","post",1622653818768591367,1622653818769634971
21,"cube-136-bin","prep",1622653818769681026,1622653818772774688
21,"cube-136-bin","zzzz",1622653818772776349,1622653818950680956,6075,9694,29082
21,"cube-136-bin","post",1622653818950686938,1622653818951241780
21,"cube-432-stl-bin","mesh",1622653818951263119,1622653823293299945
21,"cube-432-stl-bin","prep",1622653823294104635,1622653823787366961
21,"cube-432-stl-bin","zzzz",1622653823787374207,1622653927620115429,495735,753413,2260239
21,"cube-432-stl-bin","post",1622653927620125897,1622653927766252436
21,"cube-3043-asc","prep",1622653927766286071,1622653927772827372
21,"cube-3043-asc","zzzz",1622653927772829751,1622653927807567158,1712,3070,9210
21,"cube-3043-asc","post",1622653927807572520,1622653927807792790
21,"cube-653-asc","prep",1622653927807814156,1622653927808481801
21,"cube-653-asc","zzzz",1622653927808483561,1622653927827576076,1097,1954,5862
21,"cube-653-asc","post",1622653927827581227,1622653927827735558
21,"cube-2453-asc","prep",1622653927827749756,1622653927828008671
21,"cube-2453-asc","zzzz",1622653927828010001,1622653927831311299,245,514,1542
21,"cube-2453-asc","post",1622653927831697037,1622653927831747800
21,"cube-2588-asc","prep",1622653927831761636,1622653927832452220
21,"cube-2588-asc","zzzz",1622653927832454225,1622653927852552664,1112,2033,6099
21,"cube-2588-asc","post",1622653927852567583,1622653927852733572
21,"cube-2284-bin","prep",1622653927852849107,1622653927957403513
21,"cube-2284-bin","zzzz",1622653927957410347,1622653954642312481,215780,303863,911589
21,"cube-2284-bin","post",1622653954642332306,1622653954660442125
21,"cube-1318-geo","mesh",1622653954660476725,1622653954670910677
21,"cube-1318-geo","prep",1622653954671798400,1622653954672025303
21,"cube-1318-geo","zzzz",1622653954672027102,1622653954676803948,324,681,2043
21,"cube-1318-geo","post",1622653954676814019,1622653954677067283
21,"Proc","exit_task",1622650751065346093,1622653954715672393,3285380
