15,"build/tests/sizes/cube-556-bin.cgns","scan",1622650769273426699,1622650769389218529
15,"build/tests/sizes/cube-556-bin.cgns","chck",1622650769262424381,1622650769389369857
15,"build/tests/sizes/cube-1497-stl-bin.geo","scan",1622650769392061433,1622650769458763074
15,"build/tests/sizes/cube-1497-stl-bin.geo","chck",1622650769389371497,1622650769458770371
15,"build/tests/sizes/cube-387-geo.geo_unrolled","scan",1622650769480708208,1622650769483492582
15,"build/tests/sizes/cube-387-geo.geo_unrolled","chck",1622650769458771581,1622650769483496825
15,"build/tests/sizes/cube-1084-bin.msh2","scan",1622650769504703619,1622650770582374598
15,"build/tests/sizes/cube-1084-bin.msh2","chck",1622650769483497821,1622650770582397185
15,"build/tests/sizes/cube-771-asc.bdf","scan",1622650770593142339,1622650771675170842
15,"build/tests/sizes/cube-771-asc.bdf","chck",1622650770582398557,1622650771675178620
15,"build/tests/sizes/cube-2271-asc.msh2","scan",1622650771676000230,1622650778052865651
15,"build/tests/sizes/cube-2271-asc.msh2","chck",1622650771675179710,1622650778052896711
15,"build/tests/sizes/cube-1564-geo.geo_unrolled","scan",1622650778057608153,1622650778058768297
15,"build/tests/sizes/cube-1564-geo.geo_unrolled","chck",1622650778052897782,1622650778058773554
15,"build/tests/sizes/cube-3826-bin.vtk","scan",1622650778059301692,1622650778071734579
15,"build/tests/sizes/cube-3826-bin.vtk","chck",1622650778058774619,1622650778071742109
15,"build/tests/sizes/cube-801-bin.msh4","scan",1622650778088920918,1622650778122862671
15,"build/tests/sizes/cube-801-bin.msh4","chck",1622650778071743418,1622650778122870970
15,"build/tests/sizes/cube-2866-bin.msh2","scan",1622650778123694976,1622650779316488679
15,"build/tests/sizes/cube-2866-bin.msh2","chck",1622650778122872312,1622650779316503245
15,"build/tests/sizes/cube-418-geo.geo","scan",1622650779318158920,1622650779319698866
15,"build/tests/sizes/cube-418-geo.geo","chck",1622650779316504453,1622650779319704894
15,"build/tests/sizes/cube-3950-bin.cgns","scan",1622650779324674812,1622650779387682960
15,"build/tests/sizes/cube-3950-bin.cgns","chck",1622650779319705862,1622650779387690506
15,"build/tests/sizes/cube-3183-bin.msh2","scan",1622650779388529730,1622650779873703353
15,"build/tests/sizes/cube-3183-bin.msh2","chck",1622650779387691723,1622650779873710002
15,"build/tests/sizes/cube-347-geo.geo_unrolled","scan",1622650779884708848,1622650779885965043
15,"build/tests/sizes/cube-347-geo.geo_unrolled","chck",1622650779873711171,1622650779885970398
15,"build/tests/sizes/cube-1304-bin.vtk","scan",1622650779893879060,1622650780237471862
15,"build/tests/sizes/cube-1304-bin.vtk","chck",1622650779885971507,1622650780237478434
15,"build/tests/sizes/cube-2888-stl-bin.geo","scan",1622650780238752082,1622650780251523965
15,"build/tests/sizes/cube-2888-stl-bin.geo","chck",1622650780237479566,1622650780251537421
15,"build/tests/sizes/cube-1850-bin.msh2","scan",1622650780252637444,1622650780259887343
15,"build/tests/sizes/cube-1850-bin.msh2","chck",1622650780251538562,1622650780259893656
15,"build/tests/sizes/cube-2047-bin.msh4","scan",1622650780260486971,1622650780261787499
15,"build/tests/sizes/cube-2047-bin.msh4","chck",1622650780259894770,1622650780261792210
15,"build/tests/sizes/cube-3318-asc.mesh","scan",1622650780262314506,1622650780457070763
15,"build/tests/sizes/cube-3318-asc.mesh","chck",1622650780261793234,1622650780457078925
15,"build/tests/sizes/cube-2621-bin.msh2","scan",1622650780457841529,1622650780645800800
15,"build/tests/sizes/cube-2621-bin.msh2","chck",1622650780457080182,1622650780645807852
15,"build/tests/sizes/cube-2361-bin.msh2","scan",1622650780646621183,1622650780649470911
15,"build/tests/sizes/cube-2361-bin.msh2","chck",1622650780645809007,1622650780649476429
15,"build/tests/sizes/cube-1637-bin.msh4","scan",1622650780668387816,1622650780690373691
15,"build/tests/sizes/cube-1637-bin.msh4","chck",1622650780649477499,1622650780690379474
15,"build/tests/sizes/cube-1982-bin.msh2","scan",1622650780690939052,1622650788372133967
15,"build/tests/sizes/cube-1982-bin.msh2","chck",1622650780690380582,1622650788372143138
15,"build/tests/sizes/cube-185-asc.mesh","scan",1622650788392927811,1622650788536326593
15,"build/tests/sizes/cube-185-asc.mesh","chck",1622650788372149776,1622650788536334217
15,"build/tests/sizes/cube-920-asc.bdf","scan",1622650788557437966,1622650793411011220
15,"build/tests/sizes/cube-920-asc.bdf","chck",1622650788536335451,1622650793411027052
15,"build/tests/sizes/cube-349-bin.cgns","scan",1622650793593912198,1622650793757225505
15,"build/tests/sizes/cube-349-bin.cgns","chck",1622650793411028371,1622650793757231445
15,"build/tests/sizes/cube-216-stl-bin.geo","scan",1622650793776052014,1622650793833534319
15,"build/tests/sizes/cube-216-stl-bin.geo","chck",1622650793757232563,1622650793833540003
15,"build/tests/sizes/cube-3103-stl-bin.geo","scan",1622650793834269336,1622650793842463315
15,"build/tests/sizes/cube-3103-stl-bin.geo","chck",1622650793833541183,1622650793842470502
15,"build/tests/sizes/cube-3098-bin.msh2","scan",1622650793843115577,1622650793845485468
15,"build/tests/sizes/cube-3098-bin.msh2","chck",1622650793842472016,1622650793845490813
15,"build/tests/sizes/cube-1053-asc.mesh","scan",1622650793860542143,1622650794538221421
15,"build/tests/sizes/cube-1053-asc.mesh","chck",1622650793845491729,1622650794538228890
15,"build/tests/sizes/cube-3249-bin.cgns","scan",1622650794542024758,1622650794604046306
15,"build/tests/sizes/cube-3249-bin.cgns","chck",1622650794538230199,1622650794604054154
15,"build/tests/sizes/cube-3523-bin.vtk","scan",1622650794604935290,1622650796016565147
15,"build/tests/sizes/cube-3523-bin.vtk","chck",1622650794604055293,1622650796016581876
15,"build/tests/sizes/cube-1728-bin.cgns","scan",1622650796042524679,1622650796232886942
15,"build/tests/sizes/cube-1728-bin.cgns","chck",1622650796016583072,1622650796232892455
15,"build/tests/sizes/cube-186-asc.msh2","scan",1622650796234581026,1622650812733356227
15,"build/tests/sizes/cube-186-asc.msh2","chck",1622650796232893631,1622650812733378161
15,"build/tests/sizes/cube-3175-asc.mesh","scan",1622650812737327081,1622650812981280160
15,"build/tests/sizes/cube-3175-asc.mesh","chck",1622650812733379325,1622650812981287793
15,"build/tests/sizes/cube-721-asc.bdf","scan",1622650812996169370,1622650814145896979
15,"build/tests/sizes/cube-721-asc.bdf","chck",1622650812981288902,1622650814145905988
15,"build/tests/sizes/cube-551-bin.msh2","scan",1622650814166738426,1622650814586801811
15,"build/tests/sizes/cube-551-bin.msh2","chck",1622650814145907204,1622650814586809252
15,"build/tests/sizes/cube-2565-stl-bin.geo","scan",1622650814587571733,1622650814829549446
15,"build/tests/sizes/cube-2565-stl-bin.geo","chck",1622650814586810534,1622650814829555542
15,"build/tests/sizes/cube-3177-asc.msh2","scan",1622650814830143726,1622650814960587324
15,"build/tests/sizes/cube-3177-asc.msh2","chck",1622650814829556536,1622650814960595257
15,"build/tests/sizes/cube-137-asc.bdf","scan",1622650814980396513,1622650815026849750
15,"build/tests/sizes/cube-137-asc.bdf","chck",1622650814960596356,1622650815026855583
15,"build/tests/sizes/cube-1912-bin.cgns","scan",1622650815043657072,1622650815166303956
15,"build/tests/sizes/cube-1912-bin.cgns","chck",1622650815026856595,1622650815166309999
15,"build/tests/sizes/cube-2231-asc.bdf","scan",1622650815167077284,1622650815181713300
15,"build/tests/sizes/cube-2231-asc.bdf","chck",1622650815166311031,1622650815181719087
15,"build/tests/sizes/cube-814-asc.mesh","scan",1622650815202163395,1622650821829970768
15,"build/tests/sizes/cube-814-asc.mesh","chck",1622650815181720199,1622650821829979065
15,"build/tests/sizes/cube-3274-geo.geo","scan",1622650821830858339,1622650821832284907
15,"build/tests/sizes/cube-3274-geo.geo","chck",1622650821829980253,1622650821832289454
15,"build/tests/sizes/cube-2178-geo.geo_unrolled","scan",1622650821832857082,1622650821834123909
15,"build/tests/sizes/cube-2178-geo.geo_unrolled","chck",1622650821832290392,1622650821834128112
15,"build/tests/sizes/cube-2628-geo.geo","scan",1622650821834663808,1622650821836020763
15,"build/tests/sizes/cube-2628-geo.geo","chck",1622650821834129110,1622650821836024174
15,"build/tests/sizes/cube-1054-asc.msh2","scan",1622650821840424650,1622650825868338971
15,"build/tests/sizes/cube-1054-asc.msh2","chck",1622650821836248122,1622650825868346468
15,"build/tests/sizes/cube-2758-bin.msh4","scan",1622650825869171727,1622650825870776218
15,"build/tests/sizes/cube-2758-bin.msh4","chck",1622650825868347721,1622650825870786050
15,"build/tests/sizes/cube-2627-geo.geo","scan",1622650825871385150,1622650825872824565
15,"build/tests/sizes/cube-2627-geo.geo","chck",1622650825870787097,1622650825872828015
15,"build/tests/sizes/cube-3174-geo.geo_unrolled","scan",1622650825873380099,1622650825874570058
15,"build/tests/sizes/cube-3174-geo.geo_unrolled","chck",1622650825872828904,1622650825874573358
15,"build/tests/sizes/cube-2482-bin.vtk","scan",1622650825875129306,1622650825876399331
15,"build/tests/sizes/cube-2482-bin.vtk","chck",1622650825874574304,1622650825876402604
15,"build/tests/sizes/cube-3185-asc.msh2","scan",1622650825876936127,1622650833987563574
15,"build/tests/sizes/cube-3185-asc.msh2","chck",1622650825876403487,1622650833987571457
15,"build/tests/sizes/cube-3575-bin.msh4","scan",1622650833993343565,1622650834172281027
15,"build/tests/sizes/cube-3575-bin.msh4","chck",1622650833987572520,1622650834172287866
15,"build/tests/sizes/cube-3680-bin.msh2","scan",1622650834173120838,1622650834175865835
15,"build/tests/sizes/cube-3680-bin.msh2","chck",1622650834172288859,1622650834175870328
15,"build/tests/sizes/cube-3084-geo.geo_unrolled","scan",1622650834176420493,1622650834177542158
15,"build/tests/sizes/cube-3084-geo.geo_unrolled","chck",1622650834175871280,1622650834177545781
15,"build/tests/sizes/cube-1449-bin.cgns","scan",1622650834218752926,1622650834474122288
15,"build/tests/sizes/cube-1449-bin.cgns","chck",1622650834177546731,1622650834474129359
15,"build/tests/sizes/cube-3472-asc.msh2","scan",1622650834475029365,1622650835505533332
15,"build/tests/sizes/cube-3472-asc.msh2","chck",1622650834474130437,1622650835505540924
15,"build/tests/sizes/cube-515-stl-bin.geo","scan",1622650835525389000,1622650835830031814
15,"build/tests/sizes/cube-515-stl-bin.geo","chck",1622650835505542438,1622650835830038968
15,"build/tests/sizes/cube-1570-bin.msh2","scan",1622650835831848676,1622650835834783162
15,"build/tests/sizes/cube-1570-bin.msh2","chck",1622650835830040127,1622650835834787143
15,"build/tests/sizes/cube-2253-asc.bdf","scan",1622650835848918056,1622650835884296809
15,"build/tests/sizes/cube-2253-asc.bdf","chck",1622650835834788246,1622650835884303693
15,"build/tests/sizes/cube-2744-bin.vtk","scan",1622650835884875719,1622650837503856260
15,"build/tests/sizes/cube-2744-bin.vtk","chck",1622650835884304724,1622650837503866661
15,"build/tests/sizes/cube-10-bin.msh4","scan",1622650837522955260,1622650837546302566
15,"build/tests/sizes/cube-10-bin.msh4","chck",1622650837503868127,1622650837546309574
15,"build/tests/sizes/cube-3920-stl-bin.geo","scan",1622650837546893180,1622650837551068809
15,"build/tests/sizes/cube-3920-stl-bin.geo","chck",1622650837546310618,1622650837551073587
15,"build/tests/sizes/cube-282-bin.msh2","scan",1622650837572523679,1622650837594556258
15,"build/tests/sizes/cube-282-bin.msh2","chck",1622650837551074834,1622650837594561759
15,"build/tests/sizes/cube-833-asc.bdf","scan",1622650837617346279,1622650839141619914
15,"build/tests/sizes/cube-833-asc.bdf","chck",1622650837594562747,1622650839141625857
15,"build/tests/sizes/cube-3267-bin.msh4","scan",1622650839142231734,1622650839205887259
15,"build/tests/sizes/cube-3267-bin.msh4","chck",1622650839141626807,1622650839205893799
15,"build/tests/sizes/cube-2591-stl-bin.geo","scan",1622650839206436202,1622650839209722993
15,"build/tests/sizes/cube-2591-stl-bin.geo","chck",1622650839205895037,1622650839209728719
15,"build/tests/sizes/cube-3430-asc.bdf","scan",1622650839210260451,1622650842058305568
15,"build/tests/sizes/cube-3430-asc.bdf","chck",1622650839209730173,1622650842058313978
15,"build/tests/sizes/cube-3681-stl-bin.geo","scan",1622650842059275428,1622650842464097340
15,"build/tests/sizes/cube-3681-stl-bin.geo","chck",1622650842058315046,1622650842464104533
15,"build/tests/sizes/cube-1896-asc.msh2","scan",1622650842472720096,1622650842481589998
15,"build/tests/sizes/cube-1896-asc.msh2","chck",1622650842464105555,1622650842481595007
15,"build/tests/sizes/cube-1525-stl-bin.geo","scan",1622650842485263274,1622650842507214853
15,"build/tests/sizes/cube-1525-stl-bin.geo","chck",1622650842481596013,1622650842507220524
15,"build/tests/sizes/cube-2637-asc.mesh","scan",1622650842507769550,1622650842740831036
15,"build/tests/sizes/cube-2637-asc.mesh","chck",1622650842507221817,1622650842740838737
15,"build/tests/sizes/cube-616-bin.msh2","scan",1622650842757195849,1622650842799270004
15,"build/tests/sizes/cube-616-bin.msh2","chck",1622650842740839893,1622650842799277580
15,"build/tests/sizes/cube-1122-bin.vtk","scan",1622650842800860593,1622650842803849112
15,"build/tests/sizes/cube-1122-bin.vtk","chck",1622650842799278952,1622650842803853684
15,"build/tests/sizes/cube-2236-geo.geo","scan",1622650842804401554,1622650842805692496
15,"build/tests/sizes/cube-2236-geo.geo","chck",1622650842803854757,1622650842805695790
15,"build/tests/sizes/cube-2725-bin.msh4","scan",1622650842806219056,1622650842807379767
15,"build/tests/sizes/cube-2725-bin.msh4","chck",1622650842805696906,1622650842807382912
15,"build/tests/sizes/cube-1719-asc.mesh","scan",1622650842824980474,1622650843006770711
15,"build/tests/sizes/cube-1719-asc.mesh","chck",1622650842807383802,1622650843006776943
15,"build/tests/sizes/cube-1784-bin.msh2","scan",1622650843024997403,1622650843049367993
15,"build/tests/sizes/cube-1784-bin.msh2","chck",1622650843006778203,1622650843049375203
15,"build/tests/sizes/cube-1601-bin.msh2","scan",1622650843063317148,1622650847931199149
15,"build/tests/sizes/cube-1601-bin.msh2","chck",1622650843049376232,1622650847931206672
15,"build/tests/sizes/cube-1592-bin.vtk","scan",1622650847954313076,1622650848075996494
15,"build/tests/sizes/cube-1592-bin.vtk","chck",1622650847931207720,1622650848076002786
15,"build/tests/sizes/cube-1936-asc.mesh","scan",1622650848096781997,1622650848105623620
15,"build/tests/sizes/cube-1936-asc.mesh","chck",1622650848076004055,1622650848105628622
15,"build/tests/sizes/cube-3765-stl-bin.geo","scan",1622650848106191981,1622650848139232636
15,"build/tests/sizes/cube-3765-stl-bin.geo","chck",1622650848105629793,1622650848139238362
15,"build/tests/sizes/cube-192-asc.msh2","scan",1622650848158714701,1622650853219131756
15,"build/tests/sizes/cube-192-asc.msh2","chck",1622650848139239448,1622650853219146684
15,"build/tests/sizes/cube-1283-asc.msh2","scan",1622650853240192741,1622650856607508835
15,"build/tests/sizes/cube-1283-asc.msh2","chck",1622650853219147893,1622650856607515752
15,"build/tests/sizes/cube-3436-bin.vtk","scan",1622650856608316003,1622650856893742170
15,"build/tests/sizes/cube-3436-bin.vtk","chck",1622650856607516810,1622650856893749775
15,"build/tests/sizes/cube-2752-geo.geo_unrolled","scan",1622650856894626292,1622650856896018464
15,"build/tests/sizes/cube-2752-geo.geo_unrolled","chck",1622650856893751268,1622650856896022684
15,"build/tests/sizes/cube-1207-geo.geo_unrolled","scan",1622650856908650385,1622650856909742697
15,"build/tests/sizes/cube-1207-geo.geo_unrolled","chck",1622650856896023729,1622650856909745818
15,"build/tests/sizes/cube-888-bin.msh4","scan",1622650856922265672,1622650856983751993
15,"build/tests/sizes/cube-888-bin.msh4","chck",1622650856909746633,1622650856983758461
15,"build/tests/sizes/cube-2186-bin.msh2","scan",1622650857014431343,1622650860683683614
15,"build/tests/sizes/cube-2186-bin.msh2","chck",1622650856983759582,1622650860683691861
15,"build/tests/sizes/cube-1778-bin.vtk","scan",1622650860689389312,1622650860705488817
15,"build/tests/sizes/cube-1778-bin.vtk","chck",1622650860683693002,1622650860705494008
15,"build/tests/sizes/cube-1464-asc.bdf","scan",1622650860731451127,1622650865114780318
15,"build/tests/sizes/cube-1464-asc.bdf","chck",1622650860705494961,1622650865114787821
15,"build/tests/sizes/cube-1634-stl-bin.geo","scan",1622650865132797891,1622650865352378887
15,"build/tests/sizes/cube-1634-stl-bin.geo","chck",1622650865114788935,1622650865352546399
15,"build/tests/sizes/cube-775-bin.msh2","scan",1622650865372827237,1622650865652999636
15,"build/tests/sizes/cube-775-bin.msh2","chck",1622650865352548255,1622650865653006356
15,"build/tests/sizes/cube-3666-bin.msh4","scan",1622650865653786876,1622650866862507687
15,"build/tests/sizes/cube-3666-bin.msh4","chck",1622650865653007482,1622650866862515045
15,"build/tests/sizes/cube-2091-asc.bdf","scan",1622650866863397490,1622650867103081394
15,"build/tests/sizes/cube-2091-asc.bdf","chck",1622650866862516134,1622650867103089022
15,"build/tests/sizes/cube-3247-bin.cgns","scan",1622650867114143222,1622650867168332879
15,"build/tests/sizes/cube-3247-bin.cgns","chck",1622650867103090095,1622650867168342303
15,"build/tests/sizes/cube-3182-bin.msh2","scan",1622650867169036235,1622650867419251436
15,"build/tests/sizes/cube-3182-bin.msh2","chck",1622650867168343389,1622650867419258229
15,"build/tests/sizes/cube-1589-asc.mesh","scan",1622650867439564031,1622650868674380778
15,"build/tests/sizes/cube-1589-asc.mesh","chck",1622650867419259365,1622650868674388747
15,"build/tests/sizes/cube-475-asc.bdf","scan",1622650868691162989,1622650868773430368
15,"build/tests/sizes/cube-475-asc.bdf","chck",1622650868674389859,1622650868773436924
15,"build/tests/sizes/cube-3866-geo.geo_unrolled","scan",1622650868774064122,1622650868776537808
15,"build/tests/sizes/cube-3866-geo.geo_unrolled","chck",1622650868773438334,1622650868776541571
15,"cube-3866-geo","mesh",1622650868777617371,1622650876914641605
15,"cube-3866-geo","prep",1622650876915537947,1622650877688593931
15,"cube-3866-geo","zzzz",1622650877688602125,1622651038794424616,746397,1028743,3086229
15,"cube-3866-geo","post",1622651038794438980,1622651038933371686
15,"cube-1850-bin","prep",1622651038933921015,1622651038973393684
15,"cube-1850-bin","zzzz",1622651038973397305,1622651039002663839,1470,2694,8082
15,"cube-1850-bin","post",1622651039002673738,1622651039003214548
15,"cube-1304-bin","prep",1622651039003421874,1622651039100224209
15,"cube-1304-bin","zzzz",1622651039100230977,1622651058082577111,170609,241490,724470
15,"cube-1304-bin","post",1622651058082591238,1622651058111949108
15,"cube-347-geo","mesh",1622651058111988138,1622651058905331632
15,"cube-347-geo","prep",1622651058906199960,1622651058962919410
15,"cube-347-geo","zzzz",1622651058962924287,1622651064455408723,71615,103922,311766
15,"cube-347-geo","post",1622651064455422891,1622651064469201492
15,"cube-1084-bin","prep",1622651064469255727,1622651064623009440
15,"cube-1084-bin","zzzz",1622651064623017338,1622651104687257220,284790,399299,1197897
15,"cube-1084-bin","post",1622651104687264315,1622651104733873458
15,"cube-3098-bin","prep",1622651104733917837,1622651104742290838
15,"cube-3098-bin","zzzz",1622651104742293823,1622651104747455524,348,729,2187
15,"cube-3098-bin","post",1622651104747456914,1622651104747569211
15,"cube-3084-geo","mesh",1622651104747583491,1622651104832617246
15,"cube-3084-geo","prep",1622651104833443306,1622651104836944701
15,"cube-3084-geo","zzzz",1622651104836947060,1622651104994002998,5541,8886,26658
15,"cube-3084-geo","post",1622651104994018174,1622651104995220418
15,"cube-2361-bin","prep",1622651104995379298,1622651104996156659
15,"cube-2361-bin","zzzz",1622651104996158334,1622651105003871172,489,984,2952
15,"cube-2361-bin","post",1622651105003886713,1622651105004007721
15,"cube-475-asc","prep",1622651105004020498,1622651105007410325
15,"cube-475-asc","zzzz",1622651105007412060,1622651105264638903,7935,12538,37614
15,"cube-475-asc","post",1622651105264654382,1622651105265249677
15,"cube-3175-asc","prep",1622651105265291663,1622651105273287598
15,"cube-3175-asc","zzzz",1622651105273289741,1622651105737546220,12174,18917,56751
15,"cube-3175-asc","post",1622651105737555969,1622651105740366949
15,"cube-387-geo","mesh",1622651105740670636,1622651105749475102
15,"cube-387-geo","prep",1622651105750317765,1622651105750483474
15,"cube-387-geo","zzzz",1622651105750485100,1622651105753936748,257,530,1590
15,"cube-387-geo","post",1622651105753946705,1622651105754156625
15,"cube-1564-geo","mesh",1622651105754193823,1622651105857575686
15,"cube-1564-geo","prep",1622651105858382135,1622651105862674049
15,"cube-1564-geo","zzzz",1622651105862676115,1622651106076819482,6954,11033,33099
15,"cube-1564-geo","post",1622651106076829392,1622651106078364255
15,"cube-556-bin.cgns","prep",1622651106078542116,1622651106107736809
15,"cube-556-bin.cgns","zzzz",1622651106107742601,1622651119327798865,133214,188994,566982
15,"cube-556-bin.cgns","post",1622651119327813448,1622651119328200714
15,"cube-3826-bin","prep",1622651119328329004,1622651119331441222
15,"cube-3826-bin","zzzz",1622651119331443446,1622651119475507671,5185,8365,25095
15,"cube-3826-bin","post",1622651119475517759,1622651119476615932
15,"cube-186-asc","prep",1622651119476854705,1622651120696734595
15,"cube-186-asc","zzzz",1622651120696742898,1622651861650637552,2372885,3230896,9692688
15,"cube-186-asc","post",1622651861650647254,1622651861950422705
15,"cube-920-asc","prep",1622651861951286241,1622651862364301201
15,"cube-920-asc","zzzz",1622651862364307301,1622651997096407594,650917,899659,2698977
15,"cube-920-asc","post",1622651997096416494,1622651997237266494
15,"cube-3247-bin.cgns","prep",1622651997237303438,1622651997369997734
15,"cube-3247-bin.cgns","zzzz",1622651997370003512,1622651998975556716,30067,44657,133971
15,"cube-3247-bin.cgns","post",1622651998975566858,1622651998975610155
15,"cube-1464-asc","prep",1622651998975702470,1622651999260043972
15,"cube-1464-asc","zzzz",1622651999260049506,1622652123535951207,612784,848579,2545737
15,"cube-1464-asc","post",1622652123535967450,1622652123585306994
15,"cube-1054-asc","prep",1622652123585350238,1622652123834770651
15,"cube-1054-asc","zzzz",1622652123834776945,1622652224491991940,532675,738070,2214210
15,"cube-1054-asc","post",1622652224492005919,1622652224536555736
15,"cube-2628-geo","mesh",1622652224536600494,1622652224620605393
15,"cube-2628-geo","prep",1622652224621409921,1622652224624797067
15,"cube-2628-geo","zzzz",1622652224624799414,1622652224781261785,5517,8862,26586
15,"cube-2628-geo","post",1622652224781271739,1622652224782874461
15,"cube-137-asc","prep",1622652224783017871,1622652224785252786
15,"cube-137-asc","zzzz",1622652224785254780,1622652224845494219,2670,4540,13620
15,"cube-137-asc","post",1622652224845504363,1622652224847207556
15,"cube-349-bin.cgns","prep",1622652224847376213,1622652225138283638
15,"cube-349-bin.cgns","zzzz",1622652225138291486,1622652396833030895,783275,1079058,3237174
15,"cube-349-bin.cgns","post",1622652396833039366,1622652396833082844
15,"cube-3185-asc","prep",1622652396833174140,1622652397399321735
15,"cube-3185-asc","zzzz",1622652397399327489,1622652670369384939,1112677,1527791,4583373
15,"cube-3185-asc","post",1622652670369399067,1622652670459831737
15,"cube-1601-bin","prep",1622652670459875014,1622652670975534089
15,"cube-1601-bin","zzzz",1622652670975540755,1622652917321542437,1029462,1414607,4243821
15,"cube-1601-bin","post",1622652917321556044,1622652917407245210
15,"cube-2482-bin","prep",1622652917407291949,1622652917407508794
15,"cube-2482-bin","zzzz",1622652917407509849,1622652917410766552,244,513,1539
15,"cube-2482-bin","post",1622652917410776846,1622652917410944305
15,"cube-721-asc","prep",1622652917410988504,1622652917500970542
15,"cube-721-asc","zzzz",1622652917500976684,1622652928752731418,118810,169397,508191
15,"cube-721-asc","post",1622652928752737132,1622652928801053983
15,"cube-1122-bin","prep",1622652928801093608,1622652928814361746
15,"cube-1122-bin","zzzz",1622652928814364891,1622652928831460475,1020,1801,5403
15,"cube-1122-bin","post",1622652928831462126,1622652928831575346
15,"cube-1719-asc","prep",1622652928831617306,1622652928859281068
15,"cube-1719-asc","zzzz",1622652928859284218,1622652931766634700,45744,67163,201489
15,"cube-1719-asc","post",1622652931766651323,1622652931770138584
15,"cube-2091-asc","prep",1622652931770171619,1622652931785050713
15,"cube-2091-asc","zzzz",1622652931785053835,1622652933705064409,34176,50504,151512
15,"cube-2091-asc","post",1622652933705079709,1622652933707439537
15,"cube-2565-stl-bin","mesh",1622652933707997686,1622652936659957183
15,"cube-2565-stl-bin","prep",1622652936678749621,1622652937018964805
15,"cube-2565-stl-bin","zzzz",1622652937018971139,1622652981134428923,272587,425895,1277685
15,"cube-2565-stl-bin","post",1622652981134442404,1622652981306481346
15,"cube-3249-bin.cgns","prep",1622652981306522474,1622652981382164372
15,"cube-3249-bin.cgns","zzzz",1622652981382168899,1622652981773450499,10681,16791,50373
15,"cube-3249-bin.cgns","post",1622652981773460275,1622652981773520301
15,"cube-1912-bin.cgns","prep",1622652981773632393,1622652981804849763
15,"cube-1912-bin.cgns","zzzz",1622652981804853774,1622652990384091442,98068,140905,422715
15,"cube-1912-bin.cgns","post",1622652990384102675,1622652990384163981
15,"cube-2178-geo","mesh",1622652990384290688,1622652992554028524
15,"cube-2178-geo","prep",1622652992554847465,1622652992787932632
15,"cube-2178-geo","zzzz",1622652992787938133,1622653012072536519,172533,244038,732114
15,"cube-2178-geo","post",1622653012072543785,1622653012203337113
15,"cube-814-asc","prep",1622653012208132547,1622653013375081617
15,"cube-814-asc","zzzz",1622653013375089805,1622653593892429792,1969689,2690543,8071629
15,"cube-814-asc","post",1622653593892442964,1622653594161006498
15,"cube-3575-bin","prep",1622653594161490553,1622653594310920386
15,"cube-3575-bin","zzzz",1622653594310926704,1622653633725766051,281538,394949,1184847
15,"cube-3575-bin","post",1622653633725780298,1622653633749012617
15,"cube-1449-bin.cgns","prep",1622653633749050291,1622653634047874366
15,"cube-1449-bin.cgns","zzzz",1622653634047883341,1622653756842525150,607704,841854,2525562
15,"cube-1449-bin.cgns","post",1622653756842539297,1622653756842606193
15,"cube-551-bin","prep",1622653756842753569,1622653756891775096
15,"cube-551-bin","zzzz",1622653756891780201,1622653761860316361,66868,97051,291153
15,"cube-551-bin","post",1622653761860326600,1622653761882031428
15,"cube-771-asc","prep",1622653761882065492,1622653761961029213
15,"cube-771-asc","zzzz",1622653761961035888,1622653774323769239,127103,180608,541824
15,"cube-771-asc","post",1622653774323782788,1622653774351855661
15,"cube-1053-asc","prep",1622653774351888217,1622653774461218165
15,"cube-1053-asc","zzzz",1622653774461224352,1622653794142887907,174853,247464,742392
15,"cube-1053-asc","post",1622653794142901436,1622653794184851102
15,"cube-216-stl-bin","mesh",1622653794184890153,1622653794350202343
15,"cube-216-stl-bin","prep",1622653794351171445,1622653794363125079
15,"cube-216-stl-bin","zzzz",1622653794363128447,1622653795253752945,15290,29703,89109
15,"cube-216-stl-bin","post",1622653795253762953,1622653795258962919
15,"cube-3177-asc","prep",1622653795258989128,1622653795271529844
15,"cube-3177-asc","zzzz",1622653795271532538,1622653795956261183,16176,24759,74277
15,"cube-3177-asc","post",1622653795956271113,1622653795960335054
15,"cube-1497-stl-bin","mesh",1622653795960363726,1622653795979937920
15,"cube-1497-stl-bin","prep",1622653795980832995,1622653795981686905
15,"cube-1497-stl-bin","zzzz",1622653795981689002,1622653796024154242,1269,3550,10650
15,"cube-1497-stl-bin","post",1622653796024164332,1622653796024521307
15,"cube-3318-asc","prep",1622653796024661596,1622653796055426368
15,"cube-3318-asc","zzzz",1622653796055430136,1622653800288681386,59410,86907,260721
15,"cube-3318-asc","post",1622653800288692011,1622653800293847153
15,"cube-3103-stl-bin","mesh",1622653800293876467,1622653800320187764
15,"cube-3103-stl-bin","prep",1622653800321071234,1622653800322751103
15,"cube-3103-stl-bin","zzzz",1622653800322753513,1622653800409006323,2374,5841,17523
15,"cube-3103-stl-bin","post",1622653800409016470,1622653800410154592
15,"cube-1982-bin","prep",1622653800410169569,1622653801486738213
15,"cube-1982-bin","zzzz",1622653801486745010,1622654430908502352,2098882,2858802,8576406
15,"cube-1982-bin","post",1622654430908515975,1622654431172864071
15,"cube-3681-stl-bin","mesh",1622654431172908205,1622654436150439796
15,"cube-3681-stl-bin","prep",1622654436151261341,1622654436684527693
15,"cube-3681-stl-bin","zzzz",1622654436684534878,1622654550607107567,530874,801139,2403417
15,"cube-3681-stl-bin","post",1622654550607121176,1622654550768272765
15,"cube-2866-bin","prep",1622654550768316795,1622654550971498199
15,"cube-2866-bin","zzzz",1622654550971503400,1622654585415792207,256769,360786,1082358
15,"cube-2866-bin","post",1622654585415803849,1622654585509607208
15,"cube-2047-bin","prep",1622654585509655039,1622654585520021201
15,"cube-2047-bin","zzzz",1622654585520024273,1622654585527700697,484,980,2940
15,"cube-2047-bin","post",1622654585527716384,1622654585527831447
15,"cube-2231-asc","prep",1622654585527850854,1622654585543113109
15,"cube-2231-asc","zzzz",1622654585543115516,1622654585577685368,1700,3055,9165
15,"cube-2231-asc","post",1622654585577701486,1622654585578686861
15,"cube-3920-stl-bin","mesh",1622654585578716360,1622654585597590775
15,"cube-3920-stl-bin","prep",1622654585598472381,1622654585598958153
15,"cube-3920-stl-bin","zzzz",1622654585598960313,1622654585618851683,662,2015,6045
15,"cube-3920-stl-bin","post",1622654585618857036,1622654585619048717
15,"cube-3174-geo","mesh",1622654585619062607,1622654586191083106
15,"cube-3174-geo","prep",1622654586191973699,1622654586244226194
15,"cube-3174-geo","zzzz",1622654586244231131,1622654588878151865,42562,62733,188199
15,"cube-3174-geo","post",1622654588878171898,1622654588905981427
15,"cube-2888-stl-bin","mesh",1622654588906034411,1622654588980100258
15,"cube-2888-stl-bin","prep",1622654588981071212,1622654588986751326
15,"cube-2888-stl-bin","zzzz",1622654588986755267,1622654589264228641,6172,13217,39651
15,"cube-2888-stl-bin","post",1622654589264237164,1622654589267429592
15,"cube-282-bin","prep",1622654589267462901,1622654589268455892
15,"cube-282-bin","zzzz",1622654589268457835,1622654589272483804,290,599,1797
15,"cube-282-bin","post",1622654589272497641,1622654589272570730
15,"cube-3183-bin","prep",1622654589272585455,1622654589343361618
15,"cube-3183-bin","zzzz",1622654589343368424,1622654597924085358,97955,140910,422730
15,"cube-3183-bin","post",1622654597924106285,1622654597956797783
15,"cube-2621-bin","prep",1622654597956841328,1622654597987417193
15,"cube-2621-bin","zzzz",1622654597987422564,1622654600549317441,41798,61549,184647
15,"cube-2621-bin","post",1622654600549327689,1622654600553684769
15,"cube-2627-geo","mesh",1622654600553721341,1622654614203922636
15,"cube-2627-geo","prep",1622654614204787756,1622654615546733104
15,"cube-2627-geo","zzzz",1622654615546738872,1622654924924111231,1223780,1678201,5034603
15,"cube-2627-geo","post",1622654924924163696,1622654925288790802
15,"cube-3680-bin","prep",1622654925288977039,1622654925311515952
15,"cube-3680-bin","zzzz",1622654925311519157,1622654925319330341,494,991,2973
15,"cube-3680-bin","post",1622654925319340455,1622654925319549094
15,"cube-1637-bin","prep",1622654925319640428,1622654925337883096
15,"cube-1637-bin","zzzz",1622654925337885139,1622654925341903560,287,596,1788
15,"cube-1637-bin","post",1622654925341924741,1622654925342015305
15,"cube-3472-asc","prep",1622654925342030690,1622654925418089902
15,"cube-3472-asc","zzzz",1622654925418096219,1622654941146995104,149910,212644,637932
15,"cube-3472-asc","post",1622654941147008656,1622654941160102285
15,"cube-1728-bin.cgns","prep",1622654941160143691,1622654941304948325
15,"cube-1728-bin.cgns","zzzz",1622654941304955280,1622654978498604644,270838,379868,1139604
15,"cube-1728-bin.cgns","post",1622654978498618992,1622654978498732623
15,"cube-515-stl-bin","mesh",1622654978498885206,1622654982478187739
15,"cube-515-stl-bin","prep",1622654982479063990,1622654982935332845
15,"cube-515-stl-bin","zzzz",1622654982935340663,1622655055874856577,385703,595885,1787655
15,"cube-515-stl-bin","post",1622655055874909843,1622655056093655024
15,"cube-3950-bin.cgns","prep",1622655056093725730,1622655056198232980
15,"cube-3950-bin.cgns","zzzz",1622655056198237816,1622655056203387195,340,719,2157
15,"cube-3950-bin.cgns","post",1622655056203397123,1622655056203511460
15,"cube-1936-asc","prep",1622655056203606621,1622655056204143711
15,"cube-1936-asc","zzzz",1622655056204145156,1622655056208884535,322,677,2031
15,"cube-1936-asc","post",1622655056209412547,1622655056209583546
15,"cube-3182-bin","prep",1622655056209626121,1622655056239807405
15,"cube-3182-bin","zzzz",1622655056239811304,1622655060144239212,56159,82214,246642
15,"cube-3182-bin","post",1622655060144250023,1622655060149619095
15,"cube-1570-bin","prep",1622655060149655499,1622655060150065873
15,"cube-1570-bin","zzzz",1622655060150067090,1622655060155288731,348,729,2187
15,"cube-1570-bin","post",1622655060155298675,1622655060155500239
15,"cube-2271-asc","prep",1622655060155514043,1622655060658179252
15,"cube-2271-asc","zzzz",1622655060658186614,1622655281696765881,948888,1304156,3912468
15,"cube-2271-asc","post",1622655281696779530,1622655281852764794
15,"cube-2253-asc","prep",1622655281852804161,1622655281857937658
15,"cube-2253-asc","zzzz",1622655281857940861,1622655281892166249,1681,3031,9093
15,"cube-2253-asc","post",1622655281892176740,1622655281892755783
15,"cube-616-bin","prep",1622655281893123535,1622655281895975534
15,"cube-616-bin","zzzz",1622655281895977643,1622655282055430953,5588,8980,26940
15,"cube-616-bin","post",1622655282055441027,1622655282056469836
15,"cube-1592-bin","prep",1622655282056493084,1622655282057343206
15,"cube-1592-bin","zzzz",1622655282057344816,1622655282088146976,1539,2800,8400
15,"cube-1592-bin","post",1622655282088156916,1622655282088718938
15,"cube-418-geo","mesh",1622655282088781427,1622655282240392416
15,"cube-418-geo","prep",1622655282241241960,1622655282246267821
15,"cube-418-geo","zzzz",1622655282246270077,1622655282599178518,9895,15626,46878
15,"cube-418-geo","post",1622655282599188477,1622655282601615665
15,"cube-2744-bin","prep",1622655282601907674,1622655283218457335
15,"cube-2744-bin","zzzz",1622655283218463049,1622655570235388255,1155649,1586383,4759149
15,"cube-2744-bin","post",1622655570235402008,1622655570342397189
15,"cube-3523-bin","prep",1622655570342451955,1622655570834963676
15,"cube-3523-bin","zzzz",1622655570834970382,1622655785795809216,928508,1277157,3831471
15,"cube-3523-bin","post",1622655785795819863,1622655785878662325
15,"cube-10-bin","prep",1622655785878753746,1622655785879286302
15,"cube-10-bin","zzzz",1622655785879287971,1622655785887145326,501,998,2994
15,"cube-10-bin","post",1622655785887159437,1622655785887264869
15,"cube-3267-bin","prep",1622655785887278974,1622655785887632839
15,"cube-3267-bin","zzzz",1622655785887634434,1622655785890927941,244,513,1539
15,"cube-3267-bin","post",1622655785890942212,1622655785891033006
15,"cube-185-asc","prep",1622655785891046362,1622655785891423611
15,"cube-185-asc","zzzz",1622655785891425262,1622655785893293382,144,329,987
15,"cube-185-asc","post",1622655785893298076,1622655785893558093
15,"cube-1283-asc","prep",1622655785893571720,1622655786141968384
15,"cube-1283-asc","zzzz",1622655786141975835,1622655867350853301,459963,640010,1920030
15,"cube-1283-asc","post",1622655867350867815,1622655867390991419
15,"cube-2591-stl-bin","mesh",1622655867391042404,1622655867395473757
15,"cube-2591-stl-bin","prep",1622655867396534113,1622655867396808095
15,"cube-2591-stl-bin","zzzz",1622655867396810155,1622655867403370750,257,868,2604
15,"cube-2591-stl-bin","post",1622655867403380704,1622655867403576308
15,"cube-1634-stl-bin","mesh",1622655867403610549,1622655867408749996
15,"cube-1634-stl-bin","prep",1622655867409558593,1622655867409859261
15,"cube-1634-stl-bin","zzzz",1622655867409861082,1622655867419258921,335,1142,3426
15,"cube-1634-stl-bin","post",1622655867419268971,1622655867419683695
15,"cube-3430-asc","prep",1622655867419717875,1622655867627913720
15,"cube-3430-asc","zzzz",1622655867627919934,1622655932905569511,397051,553386,1660158
15,"cube-3430-asc","post",1622655932905577120,1622655932941179410
15,"cube-2758-bin","prep",1622655932941239854,1622655932941869265
15,"cube-2758-bin","zzzz",1622655932941871284,1622655932954196597,753,1404,4212
15,"cube-2758-bin","post",1622655932954201518,1622655932954422739
15,"cube-1896-asc","prep",1622655932954437209,1622655932954845000
15,"cube-1896-asc","zzzz",1622655932954846374,1622655932959604988,324,681,2043
15,"cube-1896-asc","post",1622655932959609732,1622655932959738897
15,"cube-801-bin","prep",1622655932959752441,1622655932964233139
15,"cube-801-bin","zzzz",1622655932964235145,1622655933172126552,6790,10808,32424
15,"cube-801-bin","post",1622655933172140571,1622655933173330174
15,"cube-2637-asc","prep",1622655933173345786,1622655933216776631
15,"cube-2637-asc","zzzz",1622655933216781189,1622655939133678709,75458,109314,327942
15,"cube-2637-asc","post",1622655939133689108,1622655939144125510
15,"cube-1589-asc","prep",1622655939144165049,1622655939357197728
15,"cube-1589-asc","zzzz",1622655939357205281,1622656006150854210,402824,561950,1685850
15,"cube-1589-asc","post",1622656006150864980,1622656006186054136
15,"cube-2236-geo","mesh",1622656006186093714,1622656006207613372
15,"cube-2236-geo","prep",1622656006208477589,1622656006209185683
15,"cube-2236-geo","zzzz",1622656006209188226,1622656006226301035,1019,1799,5397
15,"cube-2236-geo","post",1622656006226315744,1622656006226710833
15,"cube-888-bin","prep",1622656006226730892,1622656006256738593
15,"cube-888-bin","zzzz",1622656006256743708,1622656009990296542,54482,79785,239355
15,"cube-888-bin","post",1622656009990310148,1622656009995194383
15,"cube-2725-bin","prep",1622656009995524652,1622656009995993256
15,"cube-2725-bin","zzzz",1622656009995995107,1622656009999299025,243,512,1536
15,"cube-2725-bin","post",1622656009999308981,1622656009999582524
15,"cube-1784-bin","prep",1622656009999615703,1622656010000375385
15,"cube-1784-bin","zzzz",1622656010000376994,1622656010024526781,1266,2331,6993
15,"cube-1784-bin","post",1622656010024536675,1622656010024766918
15,"cube-3765-stl-bin","mesh",1622656010024783096,1622656010316761013
15,"cube-3765-stl-bin","prep",1622656010317562681,1622656010338418733
15,"cube-3765-stl-bin","zzzz",1622656010338423579,1622656012637532057,31867,57136,171408
15,"cube-3765-stl-bin","post",1622656012637543133,1622656012644795738
15,"cube-192-asc","prep",1622656012644818359,1622656012993243800
15,"cube-192-asc","zzzz",1622656012993250218,1622656156985314943,685263,945637,2836911
15,"cube-192-asc","post",1622656156985325337,1622656157044501128
15,"cube-3274-geo","mesh",1622656157044537898,1622656157055379689
15,"cube-3274-geo","prep",1622656157056293282,1622656157056503535
15,"cube-3274-geo","zzzz",1622656157056505370,1622656157061309252,329,686,2058
15,"cube-3274-geo","post",1622656157061323263,1622656157061561383
15,"cube-1525-stl-bin","mesh",1622656157061577220,1622656157066223665
15,"cube-1525-stl-bin","prep",1622656157067106333,1622656157067316226
15,"cube-1525-stl-bin","zzzz",1622656157067318134,1622656157076557270,324,1129,3387
15,"cube-1525-stl-bin","post",1622656157076571363,1622656157076676791
15,"cube-3666-bin","prep",1622656157076689730,1622656158468609847
15,"cube-3666-bin","zzzz",1622656158468615104,1622656980076662474,2566633,3491222,10473666
15,"cube-3666-bin","post",1622656980076677685,1622656980293450510
15,"cube-833-asc","prep",1622656980293506598,1622656980382440755
15,"cube-833-asc","zzzz",1622656980382446899,1622657001280387598,182406,257685,773055
15,"cube-833-asc","post",1622657001280399778,1622657001297618550
15,"cube-3436-bin","prep",1622657001297671476,1622657001413885014
15,"cube-3436-bin","zzzz",1622657001413893417,1622657029473556367,223449,314338,943014
15,"cube-3436-bin","post",1622657029473567115,1622657029494193492
15,"cube-775-bin","prep",1622657029494231961,1622657029522741926
15,"cube-775-bin","zzzz",1622657029522746817,1622657033193718727,53776,78879,236637
15,"cube-775-bin","post",1622657033193738273,1622657033198759665
15,"cube-2752-geo","mesh",1622657033198835474,1622657037724229998
15,"cube-2752-geo","prep",1622657037759626945,1622657038001793347
15,"cube-2752-geo","zzzz",1622657038001798072,1622657089993316599,339646,475405,1426215
15,"cube-2752-geo","post",1622657089993330409,1622657090098833446
15,"cube-1207-geo","mesh",1622657090098939260,1622657090114842015
15,"cube-1207-geo","prep",1622657090115739673,1622657090115902695
15,"cube-1207-geo","zzzz",1622657090115904447,1622657090119949072,288,597,1791
15,"cube-1207-geo","post",1622657090120553895,1622657090120868920
15,"cube-2186-bin","prep",1622657090120907722,1622657090534046848
15,"cube-2186-bin","zzzz",1622657090534053436,1622657257286175733,766679,1055675,3167025
15,"cube-2186-bin","post",1622657257286189776,1622657257354672986
15,"cube-1778-bin","prep",1622657257354731469,1622657257355884990
15,"cube-1778-bin","zzzz",1622657257355888376,1622657257389843508,1666,3013,9039
15,"cube-1778-bin","post",1622657257389853950,1622657257390438096
15,"Proc","exit_task",1622650751065526200,1622657257432389110,6309264
