39,"build/tests/sizes/cube-3256-bin.msh4","scan",1622650766817265151,1622650766822273110
39,"build/tests/sizes/cube-3256-bin.msh4","chck",1622650766812988927,1622650766822401035
39,"build/tests/sizes/cube-1095-stl-bin.geo","scan",1622650766826026481,1622650766880538693
39,"build/tests/sizes/cube-1095-stl-bin.geo","chck",1622650766822402526,1622650766880545316
39,"build/tests/sizes/cube-1473-geo.geo","scan",1622650766900807426,1622650766905793365
39,"build/tests/sizes/cube-1473-geo.geo","chck",1622650766880546556,1622650766905799268
39,"build/tests/sizes/cube-3110-bin.msh2","scan",1622650766909673559,1622650766917364682
39,"build/tests/sizes/cube-3110-bin.msh2","chck",1622650766905800382,1622650766917369888
39,"build/tests/sizes/cube-3402-stl-bin.geo","scan",1622650766917973787,1622650766923052607
39,"build/tests/sizes/cube-3402-stl-bin.geo","chck",1622650766917370757,1622650766923058214
39,"build/tests/sizes/cube-1854-bin.msh2","scan",1622650766929969142,1622650766939997226
39,"build/tests/sizes/cube-1854-bin.msh2","chck",1622650766923059206,1622650766940002813
39,"build/tests/sizes/cube-1890-asc.bdf","scan",1622650766943730713,1622650768219042302
39,"build/tests/sizes/cube-1890-asc.bdf","chck",1622650766940003913,1622650768219067736
39,"build/tests/sizes/cube-1319-asc.msh2","scan",1622650768224489053,1622650768240487064
39,"build/tests/sizes/cube-1319-asc.msh2","chck",1622650768219068878,1622650768240493422
39,"build/tests/sizes/cube-2455-asc.mesh","scan",1622650768243052006,1622650768583440210
39,"build/tests/sizes/cube-2455-asc.mesh","chck",1622650768240494396,1622650768583448067
39,"build/tests/sizes/cube-1705-bin.vtk","scan",1622650768586809573,1622650768681005984
39,"build/tests/sizes/cube-1705-bin.vtk","chck",1622650768583449255,1622650768681013306
39,"build/tests/sizes/cube-655-asc.msh2","scan",1622650768693921353,1622650771042736391
39,"build/tests/sizes/cube-655-asc.msh2","chck",1622650768681014351,1622650771042764853
39,"build/tests/sizes/cube-1382-bin.msh4","scan",1622650771053782115,1622650771131302611
39,"build/tests/sizes/cube-1382-bin.msh4","chck",1622650771042766119,1622650771131310191
39,"build/tests/sizes/cube-2580-asc.mesh","scan",1622650771132017534,1622650771275908476
39,"build/tests/sizes/cube-2580-asc.mesh","chck",1622650771131311510,1622650771275916589
39,"build/tests/sizes/cube-1086-asc.bdf","scan",1622650771278826828,1622650771281529541
39,"build/tests/sizes/cube-1086-asc.bdf","chck",1622650771275918053,1622650771281535148
39,"build/tests/sizes/cube-3052-geo.geo","scan",1622650771282090369,1622650771283413733
39,"build/tests/sizes/cube-3052-geo.geo","chck",1622650771281536104,1622650771283417813
39,"build/tests/sizes/cube-2862-geo.geo_unrolled","scan",1622650771283958382,1622650771285062612
39,"build/tests/sizes/cube-2862-geo.geo_unrolled","chck",1622650771283418846,1622650771285067201
39,"build/tests/sizes/cube-2007-asc.mesh","scan",1622650771285605541,1622650773136640307
39,"build/tests/sizes/cube-2007-asc.mesh","chck",1622650771285068204,1622650773136648586
39,"build/tests/sizes/cube-3796-bin.vtk","scan",1622650773137299089,1622650773138945783
39,"build/tests/sizes/cube-3796-bin.vtk","chck",1622650773136649801,1622650773138951254
39,"build/tests/sizes/cube-518-bin.msh4","scan",1622650773156453532,1622650773163966361
39,"build/tests/sizes/cube-518-bin.msh4","chck",1622650773138952354,1622650773163972321
39,"build/tests/sizes/cube-1450-bin.msh4","scan",1622650773180815434,1622650773200820322
39,"build/tests/sizes/cube-1450-bin.msh4","chck",1622650773163973348,1622650773200827446
39,"build/tests/sizes/cube-1463-asc.bdf","scan",1622650773213432474,1622650776431779733
39,"build/tests/sizes/cube-1463-asc.bdf","chck",1622650773200828555,1622650776431806087
39,"build/tests/sizes/cube-438-asc.mesh","scan",1622650776433370279,1622650776526320907
39,"build/tests/sizes/cube-438-asc.mesh","chck",1622650776431807339,1622650776526329846
39,"build/tests/sizes/cube-641-bin.vtk","scan",1622650776547030779,1622650776576863189
39,"build/tests/sizes/cube-641-bin.vtk","chck",1622650776526331414,1622650776576869295
39,"build/tests/sizes/cube-75-bin.vtk","scan",1622650776595207030,1622650776780258383
39,"build/tests/sizes/cube-75-bin.vtk","chck",1622650776576873515,1622650776780274521
39,"build/tests/sizes/cube-3828-asc.msh2","scan",1622650776781184672,1622650777305107145
39,"build/tests/sizes/cube-3828-asc.msh2","chck",1622650776780275806,1622650777305119427
39,"build/tests/sizes/cube-3777-asc.mesh","scan",1622650777305829554,1622650779553150678
39,"build/tests/sizes/cube-3777-asc.mesh","chck",1622650777305120661,1622650779553158220
39,"build/tests/sizes/cube-3399-asc.msh2","scan",1622650779553891569,1622650780234320178
39,"build/tests/sizes/cube-3399-asc.msh2","chck",1622650779553159539,1622650780234328317
39,"build/tests/sizes/cube-492-geo.geo_unrolled","scan",1622650780248892442,1622650780250214075
39,"build/tests/sizes/cube-492-geo.geo_unrolled","chck",1622650780234329602,1622650780250219966
39,"build/tests/sizes/cube-66-asc.bdf","scan",1622650780251207348,1622650792623422013
39,"build/tests/sizes/cube-66-asc.bdf","chck",1622650780250221005,1622650792623442279
39,"build/tests/sizes/cube-3150-bin.msh2","scan",1622650792721309390,1622650792836805425
39,"build/tests/sizes/cube-3150-bin.msh2","chck",1622650792623443611,1622650792836815932
39,"build/tests/sizes/cube-988-geo.geo","scan",1622650792848071265,1622650792849483255
39,"build/tests/sizes/cube-988-geo.geo","chck",1622650792836817041,1622650792849489205
39,"build/tests/sizes/cube-2287-bin.cgns","scan",1622650792855163076,1622650792919126144
39,"build/tests/sizes/cube-2287-bin.cgns","chck",1622650792849490169,1622650792919138752
39,"build/tests/sizes/cube-1993-geo.geo_unrolled","scan",1622650792919864573,1622650792921349859
39,"build/tests/sizes/cube-1993-geo.geo_unrolled","chck",1622650792919140029,1622650792921356538
39,"build/tests/sizes/cube-1715-bin.vtk","scan",1622650792922663979,1622650792937419807
39,"build/tests/sizes/cube-1715-bin.vtk","chck",1622650792921365314,1622650792937427295
39,"build/tests/sizes/cube-3015-geo.geo_unrolled","scan",1622650792938039622,1622650792939246129
39,"build/tests/sizes/cube-3015-geo.geo_unrolled","chck",1622650792937428594,1622650792939251256
39,"build/tests/sizes/cube-2944-bin.msh4","scan",1622650792939883023,1622650793459276975
39,"build/tests/sizes/cube-2944-bin.msh4","chck",1622650792939252359,1622650793459284803
39,"build/tests/sizes/cube-2478-asc.msh2","scan",1622650793460016081,1622650793464788319
39,"build/tests/sizes/cube-2478-asc.msh2","chck",1622650793459286003,1622650793464796152
39,"build/tests/sizes/cube-2709-bin.cgns","scan",1622650793468437450,1622650793529927104
39,"build/tests/sizes/cube-2709-bin.cgns","chck",1622650793464797358,1622650793529932766
39,"build/tests/sizes/cube-3010-asc.mesh","scan",1622650793530629213,1622650793557438712
39,"build/tests/sizes/cube-3010-asc.mesh","chck",1622650793529933829,1622650793557446635
39,"build/tests/sizes/cube-1804-bin.vtk","scan",1622650793559086943,1622650794025703134
39,"build/tests/sizes/cube-1804-bin.vtk","chck",1622650793557447811,1622650794025710345
39,"build/tests/sizes/cube-2493-bin.msh4","scan",1622650794026379172,1622650794032506533
39,"build/tests/sizes/cube-2493-bin.msh4","chck",1622650794025711397,1622650794032513470
39,"build/tests/sizes/cube-583-geo.geo","scan",1622650794051127328,1622650794052551516
39,"build/tests/sizes/cube-583-geo.geo","chck",1622650794032514589,1622650794052558128
39,"build/tests/sizes/cube-122-stl-bin.geo","scan",1622650794074549080,1622650794083791855
39,"build/tests/sizes/cube-122-stl-bin.geo","chck",1622650794052559149,1622650794083799261
39,"build/tests/sizes/cube-2577-bin.msh4","scan",1622650794084409881,1622650794085739002
39,"build/tests/sizes/cube-2577-bin.msh4","chck",1622650794083800784,1622650794085743444
39,"build/tests/sizes/cube-211-asc.msh2","scan",1622650794100915924,1622650794118622095
39,"build/tests/sizes/cube-211-asc.msh2","chck",1622650794085744466,1622650794118627514
39,"build/tests/sizes/cube-403-geo.geo","scan",1622650794120288821,1622650794122202675
39,"build/tests/sizes/cube-403-geo.geo","chck",1622650794118628534,1622650794122208384
39,"build/tests/sizes/cube-1121-asc.mesh","scan",1622650794123762452,1622650794130437704
39,"build/tests/sizes/cube-1121-asc.mesh","chck",1622650794122438686,1622650794130443221
39,"build/tests/sizes/cube-306-bin.msh2","scan",1622650794131433259,1622650796846695984
39,"build/tests/sizes/cube-306-bin.msh2","chck",1622650794130444193,1622650796846704544
39,"build/tests/sizes/cube-3725-stl-bin.geo","scan",1622650796847519310,1622650796854230285
39,"build/tests/sizes/cube-3725-stl-bin.geo","chck",1622650796846705604,1622650796854236585
39,"build/tests/sizes/cube-1934-bin.cgns","scan",1622650796858093593,1622650796922166062
39,"build/tests/sizes/cube-1934-bin.cgns","chck",1622650796854237570,1622650796922173752
39,"build/tests/sizes/cube-1513-asc.mesh","scan",1622650796939568102,1622650796983944898
39,"build/tests/sizes/cube-1513-asc.mesh","chck",1622650796922175050,1622650796983952351
39,"build/tests/sizes/cube-2570-bin.cgns","scan",1622650796988259503,1622650797060443584
39,"build/tests/sizes/cube-2570-bin.cgns","chck",1622650796983953621,1622650797060450864
39,"build/tests/sizes/cube-2781-geo.geo_unrolled","scan",1622650797061164933,1622650797062472814
39,"build/tests/sizes/cube-2781-geo.geo_unrolled","chck",1622650797060452102,1622650797062478099
39,"build/tests/sizes/cube-3783-bin.msh4","scan",1622650797063061127,1622650797088298923
39,"build/tests/sizes/cube-3783-bin.msh4","chck",1622650797062479164,1622650797088305791
39,"build/tests/sizes/cube-2065-asc.bdf","scan",1622650797089134409,1622650805902536261
39,"build/tests/sizes/cube-2065-asc.bdf","chck",1622650797088306921,1622650805902551047
39,"build/tests/sizes/cube-3812-bin.vtk","scan",1622650805903421564,1622650806180685887
39,"build/tests/sizes/cube-3812-bin.vtk","chck",1622650805902552358,1622650806180699936
39,"build/tests/sizes/cube-1580-bin.cgns","scan",1622650806195533453,1622650806303656711
39,"build/tests/sizes/cube-1580-bin.cgns","chck",1622650806180701245,1622650806303664209
39,"build/tests/sizes/cube-2075-asc.mesh","scan",1622650806307885874,1622650808043133472
39,"build/tests/sizes/cube-2075-asc.mesh","chck",1622650806303665439,1622650808043141176
39,"build/tests/sizes/cube-339-bin.msh2","scan",1622650808059444448,1622650812344804187
39,"build/tests/sizes/cube-339-bin.msh2","chck",1622650808043142635,1622650812344813660
39,"build/tests/sizes/cube-997-bin.msh4","scan",1622650812365845210,1622650812389074589
39,"build/tests/sizes/cube-997-bin.msh4","chck",1622650812344814847,1622650812389082004
39,"build/tests/sizes/cube-867-bin.msh4","scan",1622650812397509778,1622650814086448391
39,"build/tests/sizes/cube-867-bin.msh4","chck",1622650812389083167,1622650814086456183
39,"build/tests/sizes/cube-2416-geo.geo","scan",1622650814087176065,1622650814088654947
39,"build/tests/sizes/cube-2416-geo.geo","chck",1622650814086457549,1622650814088660464
39,"build/tests/sizes/cube-3266-asc.msh2","scan",1622650814089161132,1622650819792593607
39,"build/tests/sizes/cube-3266-asc.msh2","chck",1622650814088661375,1622650819792601148
39,"build/tests/sizes/cube-1381-asc.msh2","scan",1622650819816123913,1622650819849541816
39,"build/tests/sizes/cube-1381-asc.msh2","chck",1622650819792602241,1622650819849554967
39,"build/tests/sizes/cube-3024-stl-bin.geo","scan",1622650819850138821,1622650820205861710
39,"build/tests/sizes/cube-3024-stl-bin.geo","chck",1622650819849556206,1622650820205869942
39,"build/tests/sizes/cube-1468-bin.msh4","scan",1622650820228689009,1622650821590630155
39,"build/tests/sizes/cube-1468-bin.msh4","chck",1622650820205871123,1622650821590637064
39,"build/tests/sizes/cube-3526-bin.msh2","scan",1622650821591398454,1622650822239323131
39,"build/tests/sizes/cube-3526-bin.msh2","chck",1622650821590638308,1622650822239329700
39,"build/tests/sizes/cube-1866-bin.msh4","scan",1622650822258261347,1622650822266595019
39,"build/tests/sizes/cube-1866-bin.msh4","chck",1622650822239330818,1622650822266601622
39,"build/tests/sizes/cube-929-bin.msh2","scan",1622650822277848746,1622650826864763146
39,"build/tests/sizes/cube-929-bin.msh2","chck",1622650822266602795,1622650826864769367
39,"build/tests/sizes/cube-1800-geo.geo","scan",1622650826883938822,1622650826893603508
39,"build/tests/sizes/cube-1800-geo.geo","chck",1622650826864770777,1622650826893609772
39,"build/tests/sizes/cube-581-bin.cgns","scan",1622650826906973168,1622650827065296769
39,"build/tests/sizes/cube-581-bin.cgns","chck",1622650826893610996,1622650827065303344
39,"build/tests/sizes/cube-2503-geo.geo_unrolled","scan",1622650827066085783,1622650827067387283
39,"build/tests/sizes/cube-2503-geo.geo_unrolled","chck",1622650827065304571,1622650827067391908
39,"build/tests/sizes/cube-2855-geo.geo","scan",1622650827067923682,1622650827069222986
39,"build/tests/sizes/cube-2855-geo.geo","chck",1622650827067392792,1622650827069226838
39,"build/tests/sizes/cube-3290-stl-bin.geo","scan",1622650827069768788,1622650827109786650
39,"build/tests/sizes/cube-3290-stl-bin.geo","chck",1622650827069227666,1622650827109793079
39,"build/tests/sizes/cube-3050-asc.mesh","scan",1622650827110402593,1622650827144845320
39,"build/tests/sizes/cube-3050-asc.mesh","chck",1622650827109794107,1622650827144852369
39,"build/tests/sizes/cube-3246-asc.bdf","scan",1622650827145565382,1622650827151591730
39,"build/tests/sizes/cube-3246-asc.bdf","chck",1622650827144853556,1622650827151596887
39,"build/tests/sizes/cube-1175-asc.bdf","scan",1622650827174889442,1622650827212032150
39,"build/tests/sizes/cube-1175-asc.bdf","chck",1622650827151597978,1622650827212039012
39,"build/tests/sizes/cube-600-geo.geo","scan",1622650827235047205,1622650827237014771
39,"build/tests/sizes/cube-600-geo.geo","chck",1622650827212040159,1622650827237020920
39,"build/tests/sizes/cube-3299-bin.vtk","scan",1622650827237571797,1622650827242870933
39,"build/tests/sizes/cube-3299-bin.vtk","chck",1622650827237021848,1622650827242875125
39,"build/tests/sizes/cube-3683-bin.msh2","scan",1622650827243434071,1622650833152515131
39,"build/tests/sizes/cube-3683-bin.msh2","chck",1622650827242876001,1622650833154932883
39,"build/tests/sizes/cube-2277-geo.geo_unrolled","scan",1622650833157542451,1622650833158729119
39,"build/tests/sizes/cube-2277-geo.geo_unrolled","chck",1622650833154936159,1622650833158734063
39,"build/tests/sizes/cube-1704-bin.vtk","scan",1622650833171742380,1622650834085811022
39,"build/tests/sizes/cube-1704-bin.vtk","chck",1622650833158735177,1622650834085818525
39,"build/tests/sizes/cube-479-geo.geo_unrolled","scan",1622650834119162102,1622650834120660918
39,"build/tests/sizes/cube-479-geo.geo_unrolled","chck",1622650834085819764,1622650834120668196
39,"build/tests/sizes/cube-2952-geo.geo","scan",1622650834121234298,1622650834122586731
39,"build/tests/sizes/cube-2952-geo.geo","chck",1622650834120669359,1622650834122590414
39,"build/tests/sizes/cube-1059-bin.msh2","scan",1622650834138705425,1622650834158581334
39,"build/tests/sizes/cube-1059-bin.msh2","chck",1622650834122591449,1622650834158587552
39,"build/tests/sizes/cube-2291-asc.msh2","scan",1622650834159124828,1622650834166052512
39,"build/tests/sizes/cube-2291-asc.msh2","chck",1622650834158588724,1622650834166058680
39,"build/tests/sizes/cube-382-stl-bin.geo","scan",1622650834186334519,1622650834262483691
39,"build/tests/sizes/cube-382-stl-bin.geo","chck",1622650834166059739,1622650834262490305
39,"build/tests/sizes/cube-3498-asc.bdf","scan",1622650834263079035,1622650835559914391
39,"build/tests/sizes/cube-3498-asc.bdf","chck",1622650834262491507,1622650835559921674
39,"build/tests/sizes/cube-3709-bin.cgns","scan",1622650835614589784,1622650835678091739
39,"build/tests/sizes/cube-3709-bin.cgns","chck",1622650835559922731,1622650835678099049
39,"build/tests/sizes/cube-499-geo.geo_unrolled","scan",1622650835699972478,1622650835701517807
39,"build/tests/sizes/cube-499-geo.geo_unrolled","chck",1622650835678100197,1622650835701524082
39,"build/tests/sizes/cube-1316-bin.cgns","scan",1622650835719937124,1622650835846650329
39,"build/tests/sizes/cube-1316-bin.cgns","chck",1622650835701525242,1622650835846656823
39,"build/tests/sizes/cube-285-bin.cgns","scan",1622650835873846797,1622650835996760410
39,"build/tests/sizes/cube-285-bin.cgns","chck",1622650835846658024,1622650835996766403
39,"build/tests/sizes/cube-695-bin.cgns","scan",1622650836020191380,1622650836139916693
39,"build/tests/sizes/cube-695-bin.cgns","chck",1622650835997008505,1622650836139923721
39,"build/tests/sizes/cube-3938-bin.cgns","scan",1622650836146099608,1622650836210253852
39,"build/tests/sizes/cube-3938-bin.cgns","chck",1622650836139924931,1622650836210260537
39,"build/tests/sizes/cube-2774-stl-bin.geo","scan",1622650836211088786,1622650836415527189
39,"build/tests/sizes/cube-2774-stl-bin.geo","chck",1622650836210261811,1622650836415534635
39,"build/tests/sizes/cube-3644-geo.geo_unrolled","scan",1622650836416273612,1622650836417552045
39,"build/tests/sizes/cube-3644-geo.geo_unrolled","chck",1622650836415535870,1622650836417557990
39,"build/tests/sizes/cube-2979-stl-bin.geo","scan",1622650836418099287,1622650836435147371
39,"build/tests/sizes/cube-2979-stl-bin.geo","chck",1622650836417558906,1622650836435153640
39,"build/tests/sizes/cube-3235-geo.geo_unrolled","scan",1622650836435755427,1622650836436881444
39,"build/tests/sizes/cube-3235-geo.geo_unrolled","chck",1622650836435154679,1622650836436885911
39,"build/tests/sizes/cube-2906-geo.geo_unrolled","scan",1622650836437398461,1622650836438496444
39,"build/tests/sizes/cube-2906-geo.geo_unrolled","chck",1622650836436886876,1622650836438500093
39,"build/tests/sizes/cube-3670-stl-bin.geo","scan",1622650836439067279,1622650836958602726
39,"build/tests/sizes/cube-3670-stl-bin.geo","chck",1622650836438501098,1622650836958610484
39,"cube-3644-geo","mesh",1622650836961538536,1622650837001357114
39,"cube-3644-geo","prep",1622650837002311289,1622650837003260527
39,"cube-3644-geo","zzzz",1622650837003265222,1622650837027402204,1264,2329,6987
39,"cube-3644-geo","post",1622650837027411247,1622650837027984897
39,"cube-2774-stl-bin","mesh",1622650837028163636,1622650840583510285
39,"cube-2774-stl-bin","prep",1622650840735711397,1622650840954956077
39,"cube-2774-stl-bin","zzzz",1622650840954963386,1622650886227925073,276681,433390,1300170
39,"cube-2774-stl-bin","post",1622650886227949571,1622650886291218608
39,"cube-1086-asc","prep",1622650886293260388,1622650886298643765
39,"cube-1086-asc","zzzz",1622650886298647116,1622650886300425153,143,322,966
39,"cube-1086-asc","post",1622650886300426266,1622650886300508012
39,"cube-3670-stl-bin","mesh",1622650886300527823,1622650896623532808
39,"cube-3670-stl-bin","prep",1622650897150881687,1622650897923002952
39,"cube-3670-stl-bin","zzzz",1622650897923011521,1622651169980437115,1035450,1523962,4571886
39,"cube-3670-stl-bin","post",1622651169980450823,1622651170187967280
39,"cube-492-geo","mesh",1622651170190803067,1622651170208753105
39,"cube-492-geo","prep",1622651170209620341,1622651170210075303
39,"cube-492-geo","zzzz",1622651170210077801,1622651170222422060,753,1404,4212
39,"cube-492-geo","post",1622651170222432130,1622651170222782809
39,"cube-1473-geo","mesh",1622651170222820635,1622651170230734247
39,"cube-1473-geo","prep",1622651170231525588,1622651170231679512
39,"cube-1473-geo","zzzz",1622651170231681347,1622651170234829613,228,493,1479
39,"cube-1473-geo","post",1622651170234839743,1622651170235104921
39,"cube-3150-bin","prep",1622651170235140838,1622651170236150400
39,"cube-3150-bin","zzzz",1622651170236152244,1622651170258992172,1263,2235,6705
39,"cube-3150-bin","post",1622651170259008026,1622651170259317907
39,"cube-1382-bin","prep",1622651170259511738,1622651170289151546
39,"cube-1382-bin","zzzz",1622651170289156426,1622651173341761158,47284,69506,208518
39,"cube-1382-bin","post",1622651173341776492,1622651173352967091
39,"cube-3402-stl-bin","mesh",1622651173353011083,1622651173361993768
39,"cube-3402-stl-bin","prep",1622651173362891915,1622651173363188836
39,"cube-3402-stl-bin","zzzz",1622651173363190782,1622651173374207747,369,1288,3864
39,"cube-3402-stl-bin","post",1622651173374217869,1622651173374376158
39,"cube-583-geo","mesh",1622651173374390400,1622651173450405709
39,"cube-583-geo","prep",1622651173451186202,1622651173454887678
39,"cube-583-geo","zzzz",1622651173454889611,1622651173618270896,5727,9134,27402
39,"cube-583-geo","post",1622651173618280990,1622651173619529599
39,"cube-3796-bin","prep",1622651173619670126,1622651173620277410
39,"cube-3796-bin","zzzz",1622651173620278951,1622651173625499355,348,729,2187
39,"cube-3796-bin","post",1622651173625509373,1622651173625692551
39,"cube-2979-stl-bin","mesh",1622651173625726766,1622651173706577795
39,"cube-2979-stl-bin","prep",1622651173707356530,1622651173713244841
39,"cube-2979-stl-bin","zzzz",1622651173713247322,1622651174122350801,8324,17317,51951
39,"cube-2979-stl-bin","post",1622651174122379209,1622651174124241079
39,"cube-3725-stl-bin","mesh",1622651174124257818,1622651174142938746
39,"cube-3725-stl-bin","prep",1622651174143708113,1622651174144745178
39,"cube-3725-stl-bin","zzzz",1622651174144747623,1622651174201341734,1634,4345,13035
39,"cube-3725-stl-bin","post",1622651174201351838,1622651174201911204
39,"cube-1715-bin","prep",1622651174202119237,1622651174205255335
39,"cube-1715-bin","zzzz",1622651174205257081,1622651174351372168,5251,8448,25344
39,"cube-1715-bin","post",1622651174351382382,1622651174352722331
39,"cube-2906-geo","mesh",1622651174352942287,1622651181326248140
39,"cube-2906-geo","prep",1622651181327102991,1622651182014613103
39,"cube-2906-geo","zzzz",1622651182014618999,1622651313242014621,637630,882014,2646042
39,"cube-2906-geo","post",1622651313242028842,1622651313390314151
39,"cube-1993-geo","mesh",1622651313390540247,1622651313454295855
39,"cube-1993-geo","prep",1622651313455108352,1622651313456171579
39,"cube-1993-geo","zzzz",1622651313456173716,1622651313487813233,1586,2857,8571
39,"cube-1993-geo","post",1622651313487823186,1622651313488458281
39,"cube-1059-bin","prep",1622651313488682410,1622651313489328103
39,"cube-1059-bin","zzzz",1622651313489329817,1622651313506648457,1030,1814,5442
39,"cube-1059-bin","post",1622651313506658408,1622651313507009984
39,"cube-2493-bin","prep",1622651313507391011,1622651313511105934
39,"cube-2493-bin","zzzz",1622651313511107892,1622651313764916181,7875,12435,37305
39,"cube-2493-bin","post",1622651313764926355,1622651313765671018
39,"cube-1934-bin.cgns","prep",1622651313765738075,1622651313857987947
39,"cube-1934-bin.cgns","zzzz",1622651313857996335,1622651546313461021,985048,1354350,4063050
39,"cube-1934-bin.cgns","post",1622651546313471832,1622651546313712076
39,"cube-2478-asc","prep",1622651546313805707,1622651546314100325
39,"cube-2478-asc","zzzz",1622651546314102486,1622651546321929300,498,995,2985
39,"cube-2478-asc","post",1622651546321934939,1622651546322048401
39,"cube-2709-bin.cgns","prep",1622651546322064045,1622651546328275550
39,"cube-2709-bin.cgns","zzzz",1622651546328278799,1622651551349140084,67377,97776,293328
39,"cube-2709-bin.cgns","post",1622651551349154262,1622651551349220065
39,"cube-3828-asc","prep",1622651551349353230,1622651551387666783
39,"cube-3828-asc","zzzz",1622651551387672534,1622651556959120398,72298,104866,314598
39,"cube-3828-asc","post",1622651556959130925,1622651556965907328
39,"cube-2416-geo","mesh",1622651556965949284,1622651556991451930
39,"cube-2416-geo","prep",1622651556992280570,1622651556993082617
39,"cube-2416-geo","zzzz",1622651556993085103,1622651557013073526,1134,2021,6063
39,"cube-2416-geo","post",1622651557013080558,1622651557013589026
39,"cube-66-asc","prep",1622651557013856248,1622651557576065100
39,"cube-66-asc","zzzz",1622651557576069561,1622651950837435644,1009701,2009038,6027114
39,"cube-66-asc","post",1622651950837449751,1622651951038589110
39,"cube-3290-stl-bin","mesh",1622651951038915706,1622651951382138332
39,"cube-3290-stl-bin","prep",1622651951382980523,1622651951415273383
39,"cube-3290-stl-bin","zzzz",1622651951415278669,1622651953924072789,34183,60739,182217
39,"cube-3290-stl-bin","post",1622651953924083390,1622651953936101645
39,"cube-382-stl-bin","mesh",1622651953936133647,1622651954129889198
39,"cube-382-stl-bin","prep",1622651954130699564,1622651954146895368
39,"cube-382-stl-bin","zzzz",1622651954146899382,1622651955408097465,20518,37775,113325
39,"cube-382-stl-bin","post",1622651955408114076,1622651955414582148
39,"cube-3052-geo","mesh",1622651955416198985,1622651957915305560
39,"cube-3052-geo","prep",1622651957916100443,1622651958169218967
39,"cube-3052-geo","zzzz",1622651958169224768,1622651984701909076,214898,302653,907959
39,"cube-3052-geo","post",1622651984701923048,1622651984806186126
39,"cube-3399-asc","prep",1622651984810445640,1622651984875434997
39,"cube-3399-asc","zzzz",1622651984875442469,1622651993492510740,98743,141324,423972
39,"cube-3399-asc","post",1622651993492521601,1622651993502763557
39,"cube-581-bin.cgns","prep",1622651993502804711,1622651993804149129
39,"cube-581-bin.cgns","zzzz",1622651993804157981,1622652175527049002,817699,1125975,3377925
39,"cube-581-bin.cgns","post",1622652175527062510,1622652175527132686
39,"cube-403-geo","mesh",1622652175527307697,1622652175538730842
39,"cube-403-geo","prep",1622652175539607332,1622652175539931156
39,"cube-403-geo","zzzz",1622652175539932908,1622652175545077815,342,721,2163
39,"cube-403-geo","post",1622652175545088000,1622652175545481789
39,"cube-695-bin.cgns","prep",1622652175545497121,1622652175565197437
39,"cube-695-bin.cgns","zzzz",1622652175565200703,1622652175961438117,10790,16941,50823
39,"cube-695-bin.cgns","post",1622652175961448262,1622652175961491885
39,"cube-600-geo","mesh",1622652175961577863,1622652178501540034
39,"cube-600-geo","prep",1622652178502384933,1622652178767392585
39,"cube-600-geo","zzzz",1622652178767397562,1622652205205200335,214374,301965,905895
39,"cube-600-geo","post",1622652205205214056,1622652205319951125
39,"cube-2287-bin.cgns","prep",1622652205319997414,1622652205354279839
39,"cube-2287-bin.cgns","zzzz",1622652205354285389,1622652217599184236,125689,179445,538335
39,"cube-2287-bin.cgns","post",1622652217599198069,1622652217599264227
39,"cube-1121-asc","prep",1622652217599440524,1622652217600001020
39,"cube-1121-asc","zzzz",1622652217600003619,1622652217619053520,1088,1949,5847
39,"cube-1121-asc","post",1622652217619064561,1622652217619398646
39,"cube-285-bin.cgns","prep",1622652217619484209,1622652217643049532
39,"cube-285-bin.cgns","zzzz",1622652217643052661,1622652217773624377,4832,7813,23439
39,"cube-285-bin.cgns","post",1622652217773634420,1622652217773680005
39,"cube-1854-bin","prep",1622652217773796035,1622652217774479345
39,"cube-1854-bin","zzzz",1622652217774481114,1622652217791598557,1017,1798,5394
39,"cube-1854-bin","post",1622652217791608521,1622652217791953291
39,"cube-122-stl-bin","mesh",1622652217792136529,1622652217795946089
39,"cube-122-stl-bin","prep",1622652217796833509,1622652217797061268
39,"cube-122-stl-bin","zzzz",1622652217797062920,1622652217803461989,245,852,2556
39,"cube-122-stl-bin","post",1622652217803471926,1622652217803622313
39,"cube-988-geo","mesh",1622652217803635763,1622652217817198667
39,"cube-988-geo","prep",1622652217817948762,1622652217818365906
39,"cube-988-geo","zzzz",1622652217818367756,1622652217826117829,491,986,2958
39,"cube-988-geo","post",1622652217826127799,1622652217826593731
39,"cube-3015-geo","mesh",1622652217826634790,1622652223682639772
39,"cube-3015-geo","prep",1622652223683490718,1622652224235398125
39,"cube-3015-geo","zzzz",1622652224235403421,1622652314248471108,493085,685324,2055972
39,"cube-3015-geo","post",1622652314248485276,1622652314436488084
39,"cube-1580-bin.cgns","prep",1622652314436674684,1622652314492342076
39,"cube-1580-bin.cgns","zzzz",1622652314492351172,1622652314504651900,749,1400,4200
39,"cube-1580-bin.cgns","post",1622652314504661954,1622652314504744225
39,"cube-3938-bin.cgns","prep",1622652314504849038,1622652314505540274
39,"cube-3938-bin.cgns","zzzz",1622652314505542688,1622652314599631433,3762,6208,18624
39,"cube-3938-bin.cgns","post",1622652314599641553,1622652314599681092
39,"cube-3709-bin.cgns","prep",1622652314599778308,1622652314600147116
39,"cube-3709-bin.cgns","zzzz",1622652314600149211,1622652314604166129,289,598,1794
39,"cube-3709-bin.cgns","post",1622652314604181261,1622652314604195413
39,"cube-306-bin","prep",1622652314604232171,1622652314949659225
39,"cube-306-bin","zzzz",1622652314949665461,1622652460143432482,689673,951558,2854674
39,"cube-306-bin","post",1622652460143457996,1622652460205086106
39,"cube-2075-asc","prep",1622652460205130974,1622652460445266738
39,"cube-2075-asc","zzzz",1622652460445272739,1622652544453805731,471206,654613,1963839
39,"cube-2075-asc","post",1622652544453820967,1622652544498580236
39,"cube-2277-geo","mesh",1622652544498620472,1622652544510648766
39,"cube-2277-geo","prep",1622652544511552513,1622652544511827245
39,"cube-2277-geo","zzzz",1622652544511829405,1622652544515865306,289,598,1794
39,"cube-2277-geo","post",1622652544515875386,1622652544516179898
39,"cube-2577-bin","prep",1622652544516218575,1622652544516630748
39,"cube-2577-bin","zzzz",1622652544516632271,1622652544520010949,250,521,1563
39,"cube-2577-bin","post",1622652544520020920,1622652544520270682
39,"cube-2580-asc","prep",1622652544520305369,1622652544543667584
39,"cube-2580-asc","zzzz",1622652544543670506,1622652546562630023,35442,52297,156891
39,"cube-2580-asc","post",1622652546562640838,1622652546571951647
39,"cube-518-bin","prep",1622652546571985489,1622652546574566206
39,"cube-518-bin","zzzz",1622652546574568347,1622652546578612618,290,599,1797
39,"cube-518-bin","post",1622652546578622892,1622652546578813451
39,"cube-641-bin","prep",1622652546578851195,1622652546580121718
39,"cube-641-bin","zzzz",1622652546580123200,1622652546613912066,1659,3002,9006
39,"cube-641-bin","post",1622652546613922086,1622652546614446466
39,"cube-929-bin","prep",1622652546614557271,1622652547144600670
39,"cube-929-bin","zzzz",1622652547144607294,1622652779513525007,985455,1353960,4061880
39,"cube-929-bin","post",1622652779513540073,1622652779611812632
39,"cube-1319-asc","prep",1622652779611858436,1622652779616496819
39,"cube-1319-asc","zzzz",1622652779616499922,1622652779619882179,250,521,1563
39,"cube-1319-asc","post",1622652779619892610,1622652779620125248
39,"cube-1095-stl-bin","mesh",1622652779620167859,1622652779719928795
39,"cube-1095-stl-bin","prep",1622652779720781523,1622652779727528241
39,"cube-1095-stl-bin","zzzz",1622652779727531126,1622652780199240930,9269,19118,57354
39,"cube-1095-stl-bin","post",1622652780199251257,1622652780202361210
39,"cube-3110-bin","prep",1622652780202648093,1622652780204149646
39,"cube-3110-bin","zzzz",1622652780204151623,1622652780228811821,1295,2368,7104
39,"cube-3110-bin","post",1622652780228821749,1622652780229226146
39,"cube-3235-geo","mesh",1622652780229504614,1622652780336441733
39,"cube-3235-geo","prep",1622652780337259468,1622652780342043632
39,"cube-3235-geo","zzzz",1622652780342045918,1622652780551032020,6855,10847,32541
39,"cube-3235-geo","post",1622652780551042173,1622652780553294121
39,"cube-655-asc","prep",1622652780553320580,1622652780724021532
39,"cube-655-asc","zzzz",1622652780724029022,1622652830744933199,330407,463286,1389858
39,"cube-655-asc","post",1622652830744946925,1622652830796019904
39,"cube-1890-asc","prep",1622652830796062748,1622652830893532461
39,"cube-1890-asc","zzzz",1622652830893537894,1622652849955246147,171364,242178,726534
39,"cube-1890-asc","post",1622652849955260327,1622652849979198134
39,"cube-2781-geo","mesh",1622652849979245053,1622652849987471682
39,"cube-2781-geo","prep",1622652849988407277,1622652849988584528
39,"cube-2781-geo","zzzz",1622652849988587014,1622652849990263715,137,307,921
39,"cube-2781-geo","post",1622652849990267640,1622652849990460204
39,"cube-2455-asc","prep",1622652849990490566,1622652850042885904
39,"cube-2455-asc","zzzz",1622652850042891052,1622652858590304381,97790,140526,421578
39,"cube-2455-asc","post",1622652858590319356,1622652858598662650
39,"cube-1316-bin.cgns","prep",1622652858598697744,1622652858623307559
39,"cube-1316-bin.cgns","zzzz",1622652858623313036,1622652860681620588,35872,53006,159018
39,"cube-1316-bin.cgns","post",1622652860681630872,1622652860681685242
39,"cube-3010-asc","prep",1622652860681799715,1622652860685424359
39,"cube-3010-asc","zzzz",1622652860685426137,1622652860957248302,8193,13029,39087
39,"cube-3010-asc","post",1622652860957258416,1622652860958025619
39,"cube-211-asc","prep",1622652860958078068,1622652860958298256
39,"cube-211-asc","zzzz",1622652860958299404,1622652860961678123,250,521,1563
39,"cube-211-asc","post",1622652860962197492,1622652860962340744
39,"cube-1705-bin","prep",1622652860962396741,1622652860983488083
39,"cube-1705-bin","zzzz",1622652860983490471,1622652863650476199,42960,63274,189822
39,"cube-1705-bin","post",1622652863650490304,1622652863655054298
39,"cube-1804-bin","prep",1622652863655092839,1622652863791920167
39,"cube-1804-bin","zzzz",1622652863791925857,1622652902771785930,279320,391999,1175997
39,"cube-1804-bin","post",1622652902771800971,1622652902796165475
39,"cube-1450-bin","prep",1622652902796197439,1622652902796471372
39,"cube-1450-bin","zzzz",1622652902796472694,1622652902802138675,371,776,2328
39,"cube-1450-bin","post",1622652902802148899,1622652902802352325
39,"cube-1381-asc","prep",1622652902802369366,1622652902803396665
39,"cube-1381-asc","zzzz",1622652902803398475,1622652902831202753,1421,2592,7776
39,"cube-1381-asc","post",1622652902831212747,1622652902831728806
39,"cube-2862-geo","mesh",1622652902832293488,1622652902955465494
39,"cube-2862-geo","prep",1622652902956310821,1622652902962347184
39,"cube-2862-geo","zzzz",1622652902962349434,1622652903245290517,8484,13398,40194
39,"cube-2862-geo","post",1622652903245300574,1622652903248162481
39,"cube-2007-asc","prep",1622652903248199904,1622652903533294754
39,"cube-2007-asc","zzzz",1622652903533301319,1622653009914323010,552738,765626,2296878
39,"cube-2007-asc","post",1622653009914337475,1622653009967950643
39,"cube-2952-geo","mesh",1622653009967984978,1622653018854363317
39,"cube-2952-geo","prep",1622653018855261149,1622653019775277846
39,"cube-2952-geo","zzzz",1622653019775284236,1622653202212474583,821109,1129303,3387909
39,"cube-2952-geo","post",1622653202212488847,1622653202483406417
39,"cube-1463-asc","prep",1622653202483556394,1622653202742609263
39,"cube-1463-asc","zzzz",1622653202742615383,1622653275012512152,424955,592232,1776696
39,"cube-1463-asc","post",1622653275012521714,1622653275050091877
39,"cube-438-asc","prep",1622653275050136881,1622653275075830581
39,"cube-438-asc","zzzz",1622653275075834373,1622653275079659296,277,574,1722
39,"cube-438-asc","post",1622653275079663521,1622653275079762746
39,"cube-1513-asc","prep",1622653275079784920,1622653275091848044
39,"cube-1513-asc","zzzz",1622653275091849993,1622653275254773983,5694,9116,27348
39,"cube-1513-asc","post",1622653275254782607,1622653275255881756
39,"cube-2065-asc","prep",1622653275256017618,1622653275776934338
39,"cube-2065-asc","zzzz",1622653275776938478,1622653568282656599,973029,1609060,4827180
39,"cube-2065-asc","post",1622653568282670814,1622653568375435918
39,"cube-2291-asc","prep",1622653568375694935,1622653568380646593
39,"cube-2291-asc","zzzz",1622653568380649743,1622653568393171672,764,1419,4257
39,"cube-2291-asc","post",1622653568393182121,1622653568393508964
39,"cube-1704-bin","prep",1622653568393549029,1622653568665018893
39,"cube-1704-bin","zzzz",1622653568665024826,1622653650179492898,461004,641626,1924878
39,"cube-1704-bin","post",1622653650179502929,1622653650279781197
39,"cube-3812-bin","prep",1622653650279821557,1622653650285851684
39,"cube-3812-bin","zzzz",1622653650285855654,1622653650315094282,1485,2692,8076
39,"cube-3812-bin","post",1622653650315100459,1622653650315567330
39,"cube-339-bin","prep",1622653650315894852,1622653650885569328
39,"cube-339-bin","zzzz",1622653650885579863,1622653909515840078,1068473,1467193,4401579
39,"cube-339-bin","post",1622653909515854320,1622653909624488839
39,"cube-3777-asc","prep",1622653909624541871,1622653909963514441
39,"cube-3777-asc","zzzz",1622653909963520599,1622654059444047026,704856,972557,2917671
39,"cube-3777-asc","post",1622654059444056636,1622654059505889325
39,"cube-867-bin","prep",1622654059505924187,1622654060778000902
39,"cube-867-bin","zzzz",1622654060778008451,1622654731381226289,2199225,2997964,8993892
39,"cube-867-bin","post",1622654731381249437,1622654731604902983
39,"cube-3266-asc","prep",1622654731605541336,1622654732040371144
39,"cube-3266-asc","zzzz",1622654732040378404,1622654899256776594,768326,1057877,3173631
39,"cube-3266-asc","post",1622654899256828667,1622654899332486644
39,"cube-997-bin","prep",1622654899332805123,1622654899340382554
39,"cube-997-bin","zzzz",1622654899340385962,1622654899342620128,166,375,1125
39,"cube-997-bin","post",1622654899342630559,1622654899342970748
39,"cube-3024-stl-bin","mesh",1622654899343023710,1622654904613237160
39,"cube-3024-stl-bin","prep",1622654904615817064,1622654905205727103
39,"cube-3024-stl-bin","zzzz",1622654905205734724,1622655018136282292,525900,796520,2389560
39,"cube-3024-stl-bin","post",1622655018136305037,1622655018375016283
39,"cube-1468-bin","prep",1622655018375088728,1622655019367463727
39,"cube-1468-bin","zzzz",1622655019367470099,1622655544029232814,1825350,2493934,7481802
39,"cube-1468-bin","post",1622655544029243351,1622655544191510850
39,"cube-3526-bin","prep",1622655544192009214,1622655544275177919
39,"cube-3526-bin","zzzz",1622655544275184779,1622655556942742835,129318,183557,550671
39,"cube-3526-bin","post",1622655556942753825,1622655556954395925
39,"cube-1175-asc","prep",1622655556954438538,1622655556962570264
39,"cube-1175-asc","zzzz",1622655556962573728,1622655556984623106,1224,2181,6543
39,"cube-1175-asc","post",1622655556984624628,1622655556985116440
39,"cube-1866-bin","prep",1622655556985148386,1622655556992631040
39,"cube-1866-bin","zzzz",1622655556992633433,1622655556996290683,263,556,1668
39,"cube-1866-bin","post",1622655556996306224,1622655556996432115
39,"cube-3050-asc","prep",1622655556996448397,1622655557010732591
39,"cube-3050-asc","zzzz",1622655557010734733,1622655557361536927,9874,15561,46683
39,"cube-3050-asc","post",1622655557361546700,1622655557364481143
39,"cube-1800-geo","mesh",1622655557364989454,1622655557417483777
39,"cube-1800-geo","prep",1622655557418366786,1622655557418578425
39,"cube-1800-geo","zzzz",1622655557418580141,1622655557423366419,326,683,2049
39,"cube-1800-geo","post",1622655557423381543,1622655557423608358
39,"cube-3783-bin","prep",1622655557423624579,1622655557445064985
39,"cube-3783-bin","zzzz",1622655557445068406,1622655559980865597,41469,61127,183381
39,"cube-3783-bin","post",1622655559980884727,1622655559990391369
39,"cube-2503-geo","mesh",1622655559990432304,1622655560077517045
39,"cube-2503-geo","prep",1622655560078377249,1622655560081679291
39,"cube-2503-geo","zzzz",1622655560081681510,1622655560230438641,5332,8555,25665
39,"cube-2503-geo","post",1622655560230456110,1622655560231884113
39,"cube-2855-geo","mesh",1622655560231916652,1622655576464004993
39,"cube-2855-geo","prep",1622655576652343830,1622655577772134227
39,"cube-2855-geo","zzzz",1622655577772139533,1622655973755235280,1475681,2019460,6058380
39,"cube-2855-geo","post",1622655973755245603,1622655974203984560
39,"cube-3246-asc","prep",1622655974204031298,1622655974221734412
39,"cube-3246-asc","zzzz",1622655974221738397,1622655974232625987,663,1278,3834
39,"cube-3246-asc","post",1622655974232641457,1622655974232775337
39,"cube-75-bin","prep",1622655974232902133,1622655974277844967
39,"cube-75-bin","zzzz",1622655974277851958,1622655980367880531,76875,111523,334569
39,"cube-75-bin","post",1622655980367890295,1622655980374614596
39,"cube-479-geo","mesh",1622655980374647042,1622655980570997796
39,"cube-479-geo","prep",1622655980571864068,1622655980577441752
39,"cube-479-geo","zzzz",1622655980577444605,1622655980892264007,9131,14434,43302
39,"cube-479-geo","post",1622655980892266886,1622655980895654964
39,"cube-3683-bin","prep",1622655980896062305,1622655981603209171
39,"cube-3683-bin","zzzz",1622655981603215542,1622656340686103598,1369667,1876600,5629800
39,"cube-3683-bin","post",1622656340686117463,1622656340858836817
39,"cube-2944-bin","prep",1622656340858872530,1622656341302742004
39,"cube-2944-bin","zzzz",1622656341302747710,1622656537320870572,866854,1191795,3575385
39,"cube-2944-bin","post",1622656537320886144,1622656537428438478
39,"cube-2570-bin.cgns","prep",1622656537428525421,1622656537477545718
39,"cube-2570-bin.cgns","zzzz",1622656537477550656,1622656538784107872,25815,38742,116226
39,"cube-2570-bin.cgns","post",1622656538784118270,1622656538784211793
39,"cube-3256-bin","prep",1622656538784303892,1622656538784635654
39,"cube-3256-bin","zzzz",1622656538784811827,1622656538788801848,291,600,1800
39,"cube-3256-bin","post",1622656538788807868,1622656538788972773
39,"cube-3498-asc","prep",1622656538788995658,1622656538875807514
39,"cube-3498-asc","zzzz",1622656538875811490,1622656553005819073,139353,197758,593274
39,"cube-3498-asc","post",1622656553005826710,1622656553047192797
39,"cube-3299-bin","prep",1622656553047220519,1622656553048975046
39,"cube-3299-bin","zzzz",1622656553048977632,1622656553102596918,2435,4184,12552
39,"cube-3299-bin","post",1622656553102613857,1622656553103002522
39,"cube-499-geo","mesh",1622656553103024708,1622656553111945751
39,"cube-499-geo","prep",1622656553112841845,1622656553113004131
39,"cube-499-geo","zzzz",1622656553113005613,1622656553116378438,251,522,1566
39,"cube-499-geo","post",1622656553116383600,1622656553116504382
39,"Proc","exit_task",1622650751065448198,1622656553158236502,5037816
