20,"build/tests/sizes/cube-2188-asc.msh2","scan",1622650766981421973,1622650766995547711
20,"build/tests/sizes/cube-2188-asc.msh2","chck",1622650766978098873,1622650766995695313
20,"build/tests/sizes/cube-1264-bin.vtk","scan",1622650767013043475,1622650767112261471
20,"build/tests/sizes/cube-1264-bin.vtk","chck",1622650766995696891,1622650767112268606
20,"build/tests/sizes/cube-3968-geo.geo_unrolled","scan",1622650767115306244,1622650767119864478
20,"build/tests/sizes/cube-3968-geo.geo_unrolled","chck",1622650767112269762,1622650767119869810
20,"build/tests/sizes/cube-3340-geo.geo","scan",1622650767122944709,1622650767126881927
20,"build/tests/sizes/cube-3340-geo.geo","chck",1622650767119871067,1622650767126886378
20,"build/tests/sizes/cube-1949-bin.msh2","scan",1622650767129811302,1622650767134174702
20,"build/tests/sizes/cube-1949-bin.msh2","chck",1622650767126887358,1622650767134178938
20,"build/tests/sizes/cube-2404-geo.geo_unrolled","scan",1622650767137308190,1622650767141325997
20,"build/tests/sizes/cube-2404-geo.geo_unrolled","chck",1622650767134179861,1622650767141330516
20,"build/tests/sizes/cube-2943-asc.msh2","scan",1622650767144542951,1622650767150699261
20,"build/tests/sizes/cube-2943-asc.msh2","chck",1622650767141331471,1622650767150704698
20,"build/tests/sizes/cube-2928-stl-bin.geo","scan",1622650767151422099,1622650767197223048
20,"build/tests/sizes/cube-2928-stl-bin.geo","chck",1622650767150705840,1622650767197230216
20,"build/tests/sizes/cube-2949-geo.geo","scan",1622650767200328910,1622650767204474240
20,"build/tests/sizes/cube-2949-geo.geo","chck",1622650767197231463,1622650767204480540
20,"build/tests/sizes/cube-1865-stl-bin.geo","scan",1622650767208935766,1622650767382986809
20,"build/tests/sizes/cube-1865-stl-bin.geo","chck",1622650767204481713,1622650767382992914
20,"build/tests/sizes/cube-1458-geo.geo_unrolled","scan",1622650767386667356,1622650767390005080
20,"build/tests/sizes/cube-1458-geo.geo_unrolled","chck",1622650767382993996,1622650767390010922
20,"build/tests/sizes/cube-2701-bin.msh4","scan",1622650767392337361,1622650768171745305
20,"build/tests/sizes/cube-2701-bin.msh4","chck",1622650767390012149,1622650768171769861
20,"build/tests/sizes/cube-546-geo.geo_unrolled","scan",1622650768186452659,1622650768189757085
20,"build/tests/sizes/cube-546-geo.geo_unrolled","chck",1622650768171770938,1622650768189764332
20,"build/tests/sizes/cube-1133-asc.bdf","scan",1622650768193088769,1622650768467622883
20,"build/tests/sizes/cube-1133-asc.bdf","chck",1622650768189765484,1622650768467643090
20,"build/tests/sizes/cube-3941-geo.geo_unrolled","scan",1622650768470264751,1622650768478052694
20,"build/tests/sizes/cube-3941-geo.geo_unrolled","chck",1622650768467644357,1622650768478061257
20,"build/tests/sizes/cube-1815-asc.bdf","scan",1622650768492407079,1622650768906401826
20,"build/tests/sizes/cube-1815-asc.bdf","chck",1622650768478073761,1622650768906410257
20,"build/tests/sizes/cube-2733-bin.msh2","scan",1622650768908781950,1622650775803290382
20,"build/tests/sizes/cube-2733-bin.msh2","chck",1622650768906411332,1622650775803327491
20,"build/tests/sizes/cube-305-geo.geo","scan",1622650775825646838,1622650775864725346
20,"build/tests/sizes/cube-305-geo.geo","chck",1622650775803329082,1622650775864733931
20,"build/tests/sizes/cube-45-stl-bin.geo","scan",1622650775885081204,1622650775889879717
20,"build/tests/sizes/cube-45-stl-bin.geo","chck",1622650775864735157,1622650775889887454
20,"build/tests/sizes/cube-3241-asc.bdf","scan",1622650775890457912,1622650776157991692
20,"build/tests/sizes/cube-3241-asc.bdf","chck",1622650775889889038,1622650776157999381
20,"build/tests/sizes/cube-710-bin.cgns","scan",1622650776192532592,1622650776323781287
20,"build/tests/sizes/cube-710-bin.cgns","chck",1622650776158000481,1622650776323787551
20,"build/tests/sizes/cube-2998-bin.vtk","scan",1622650776324440096,1622650776325617447
20,"build/tests/sizes/cube-2998-bin.vtk","chck",1622650776323788663,1622650776325623161
20,"build/tests/sizes/cube-315-asc.msh2","scan",1622650776337961637,1622650780050649718
20,"build/tests/sizes/cube-315-asc.msh2","chck",1622650776325624272,1622650780050664938
20,"build/tests/sizes/cube-679-bin.vtk","scan",1622650780052415330,1622650780064447574
20,"build/tests/sizes/cube-679-bin.vtk","chck",1622650780050670153,1622650780064455710
20,"build/tests/sizes/cube-2406-bin.vtk","scan",1622650780065098931,1622650780096503035
20,"build/tests/sizes/cube-2406-bin.vtk","chck",1622650780064456875,1622650780096510756
20,"build/tests/sizes/cube-3547-geo.geo_unrolled","scan",1622650780097229758,1622650780098502466
20,"build/tests/sizes/cube-3547-geo.geo_unrolled","chck",1622650780096511938,1622650780098508709
20,"build/tests/sizes/cube-1919-geo.geo_unrolled","scan",1622650780113338602,1622650780114893311
20,"build/tests/sizes/cube-1919-geo.geo_unrolled","chck",1622650780098509831,1622650780114900250
20,"build/tests/sizes/cube-2769-geo.geo","scan",1622650780115764428,1622650780117184202
20,"build/tests/sizes/cube-2769-geo.geo","chck",1622650780114901785,1622650780117189515
20,"build/tests/sizes/cube-1711-geo.geo_unrolled","scan",1622650780118170440,1622650780119494942
20,"build/tests/sizes/cube-1711-geo.geo_unrolled","chck",1622650780117190588,1622650780119499903
20,"build/tests/sizes/cube-866-geo.geo","scan",1622650780131462688,1622650780132887147
20,"build/tests/sizes/cube-866-geo.geo","chck",1622650780119500922,1622650780132893218
20,"build/tests/sizes/cube-2390-bin.msh2","scan",1622650780133518305,1622650780136280342
20,"build/tests/sizes/cube-2390-bin.msh2","chck",1622650780132894425,1622650780136284937
20,"build/tests/sizes/cube-3870-stl-bin.geo","scan",1622650780136849015,1622650780142749619
20,"build/tests/sizes/cube-3870-stl-bin.geo","chck",1622650780136285880,1622650780142760510
20,"build/tests/sizes/cube-2987-bin.msh2","scan",1622650780143353698,1622650780147238673
20,"build/tests/sizes/cube-2987-bin.msh2","chck",1622650780142761544,1622650780147243249
20,"build/tests/sizes/cube-1585-bin.msh4","scan",1622650780162804836,1622650781525942078
20,"build/tests/sizes/cube-1585-bin.msh4","chck",1622650780147244218,1622650781525950685
20,"build/tests/sizes/cube-3925-bin.msh2","scan",1622650781526765300,1622650781528605567
20,"build/tests/sizes/cube-3925-bin.msh2","chck",1622650781525951872,1622650781528610209
20,"build/tests/sizes/cube-897-asc.msh2","scan",1622650781535751558,1622650781549815286
20,"build/tests/sizes/cube-897-asc.msh2","chck",1622650781528611217,1622650781549822483
20,"build/tests/sizes/cube-233-bin.msh2","scan",1622650781553698885,1622650781600474230
20,"build/tests/sizes/cube-233-bin.msh2","chck",1622650781549823548,1622650781600480682
20,"build/tests/sizes/cube-207-geo.geo_unrolled","scan",1622650781601679322,1622650781602949485
20,"build/tests/sizes/cube-207-geo.geo_unrolled","chck",1622650781600481722,1622650781602953759
20,"build/tests/sizes/cube-3842-asc.msh2","scan",1622650781603500296,1622650781610493522
20,"build/tests/sizes/cube-3842-asc.msh2","chck",1622650781602954845,1622650781610498635
20,"build/tests/sizes/cube-3687-bin.cgns","scan",1622650781614327521,1622650781684985319
20,"build/tests/sizes/cube-3687-bin.cgns","chck",1622650781610499710,1622650781684991532
20,"build/tests/sizes/cube-2556-bin.vtk","scan",1622650781685656057,1622650781686869651
20,"build/tests/sizes/cube-2556-bin.vtk","chck",1622650781684992903,1622650781686874404
20,"build/tests/sizes/cube-3716-asc.bdf","scan",1622650781687404356,1622650781696217081
20,"build/tests/sizes/cube-3716-asc.bdf","chck",1622650781686875558,1622650781696222584
20,"build/tests/sizes/cube-1676-bin.msh4","scan",1622650781697764015,1622650781702661187
20,"build/tests/sizes/cube-1676-bin.msh4","chck",1622650781696223669,1622650781702666599
20,"build/tests/sizes/cube-912-bin.cgns","scan",1622650781723563986,1622650781836807508
20,"build/tests/sizes/cube-912-bin.cgns","chck",1622650781702667620,1622650781836815386
20,"build/tests/sizes/cube-3550-geo.geo_unrolled","scan",1622650781837559280,1622650781838822169
20,"build/tests/sizes/cube-3550-geo.geo_unrolled","chck",1622650781836816615,1622650781838828170
20,"build/tests/sizes/cube-1421-asc.msh2","scan",1622650781849307037,1622650781857687487
20,"build/tests/sizes/cube-1421-asc.msh2","chck",1622650781838829201,1622650781857960761
20,"build/tests/sizes/cube-578-asc.msh2","scan",1622650781873353705,1622650781942802968
20,"build/tests/sizes/cube-578-asc.msh2","chck",1622650781857963018,1622650781942810713
20,"build/tests/sizes/cube-3596-asc.msh2","scan",1622650781944811118,1622650781993615337
20,"build/tests/sizes/cube-3596-asc.msh2","chck",1622650781942811996,1622650781993623096
20,"build/tests/sizes/cube-1136-bin.vtk","scan",1622650781995365822,1622650783285037041
20,"build/tests/sizes/cube-1136-bin.vtk","chck",1622650781993624377,1622650783285054261
20,"build/tests/sizes/cube-1102-bin.msh2","scan",1622650783301900573,1622650783323635551
20,"build/tests/sizes/cube-1102-bin.msh2","chck",1622650783285055525,1622650783323643438
20,"build/tests/sizes/cube-2553-asc.mesh","scan",1622650783324229023,1622650783695911117
20,"build/tests/sizes/cube-2553-asc.mesh","chck",1622650783323644629,1622650783695919784
20,"build/tests/sizes/cube-957-geo.geo","scan",1622650783724004795,1622650783725955039
20,"build/tests/sizes/cube-957-geo.geo","chck",1622650783695921009,1622650783725962450
20,"build/tests/sizes/cube-3619-asc.mesh","scan",1622650783726535330,1622650783729371756
20,"build/tests/sizes/cube-3619-asc.mesh","chck",1622650783725963726,1622650783729377139
20,"build/tests/sizes/cube-947-stl-bin.geo","scan",1622650783730515461,1622650783816774916
20,"build/tests/sizes/cube-947-stl-bin.geo","chck",1622650783729378181,1622650783816782139
20,"build/tests/sizes/cube-1436-geo.geo_unrolled","scan",1622650783818404321,1622650783819613196
20,"build/tests/sizes/cube-1436-geo.geo_unrolled","chck",1622650783816783432,1622650783819618646
20,"build/tests/sizes/cube-1546-stl-bin.geo","scan",1622650783837700346,1622650783863590489
20,"build/tests/sizes/cube-1546-stl-bin.geo","chck",1622650783819619678,1622650783863597780
20,"build/tests/sizes/cube-3130-geo.geo","scan",1622650783864239904,1622650783865763786
20,"build/tests/sizes/cube-3130-geo.geo","chck",1622650783863599074,1622650783865768746
20,"build/tests/sizes/cube-2668-stl-bin.geo","scan",1622650783866326288,1622650783869274122
20,"build/tests/sizes/cube-2668-stl-bin.geo","chck",1622650783865769760,1622650783869279018
20,"build/tests/sizes/cube-1931-asc.mesh","scan",1622650783869884773,1622650791471931823
20,"build/tests/sizes/cube-1931-asc.mesh","chck",1622650783869280404,1622650791471939885
20,"build/tests/sizes/cube-712-asc.bdf","scan",1622650791489220302,1622650799164860121
20,"build/tests/sizes/cube-712-asc.bdf","chck",1622650791471941337,1622650799164867937
20,"build/tests/sizes/cube-2114-bin.cgns","scan",1622650799359660218,1622650799437030779
20,"build/tests/sizes/cube-2114-bin.cgns","chck",1622650799164869262,1622650799437036690
20,"build/tests/sizes/cube-1737-geo.geo","scan",1622650799441680104,1622650799443226534
20,"build/tests/sizes/cube-1737-geo.geo","chck",1622650799437037682,1622650799443232792
20,"build/tests/sizes/cube-933-bin.cgns","scan",1622650799457824618,1622650799597038615
20,"build/tests/sizes/cube-933-bin.cgns","chck",1622650799443233702,1622650799597047073
20,"build/tests/sizes/cube-505-geo.geo_unrolled","scan",1622650799618274568,1622650799619589242
20,"build/tests/sizes/cube-505-geo.geo_unrolled","chck",1622650799597048625,1622650799619600658
20,"build/tests/sizes/cube-52-bin.vtk","scan",1622650799629656672,1622650799841013637
20,"build/tests/sizes/cube-52-bin.vtk","chck",1622650799619602303,1622650799841021604
20,"build/tests/sizes/cube-3924-bin.msh4","scan",1622650799841850246,1622650799843285057
20,"build/tests/sizes/cube-3924-bin.msh4","chck",1622650799841023074,1622650799843291113
20,"build/tests/sizes/cube-3976-asc.mesh","scan",1622650799843966313,1622650799957857993
20,"build/tests/sizes/cube-3976-asc.mesh","chck",1622650799843292589,1622650799957863707
20,"build/tests/sizes/cube-686-bin.msh2","scan",1622650799974749755,1622650799982859762
20,"build/tests/sizes/cube-686-bin.msh2","chck",1622650799957864675,1622650799982865319
20,"build/tests/sizes/cube-1605-geo.geo","scan",1622650799986866575,1622650799988287742
20,"build/tests/sizes/cube-1605-geo.geo","chck",1622650799982866427,1622650799988293117
20,"build/tests/sizes/cube-1830-asc.bdf","scan",1622650800005633047,1622650800038173948
20,"build/tests/sizes/cube-1830-asc.bdf","chck",1622650799988294202,1622650800038181112
20,"build/tests/sizes/cube-1724-geo.geo_unrolled","scan",1622650800052123030,1622650800053652091
20,"build/tests/sizes/cube-1724-geo.geo_unrolled","chck",1622650800038182132,1622650800053659722
20,"build/tests/sizes/cube-2965-bin.cgns","scan",1622650800058030986,1622650800127008482
20,"build/tests/sizes/cube-2965-bin.cgns","chck",1622650800053660907,1622650800127015850
20,"build/tests/sizes/cube-3258-bin.vtk","scan",1622650800127677745,1622650800176413671
20,"build/tests/sizes/cube-3258-bin.vtk","chck",1622650800127017074,1622650800176419677
20,"build/tests/sizes/cube-2358-bin.msh2","scan",1622650800177019528,1622650800211949561
20,"build/tests/sizes/cube-2358-bin.msh2","chck",1622650800176420692,1622650800211957850
20,"build/tests/sizes/cube-3387-geo.geo_unrolled","scan",1622650800212746105,1622650800213930107
20,"build/tests/sizes/cube-3387-geo.geo_unrolled","chck",1622650800211959116,1622650800213935271
20,"build/tests/sizes/cube-3147-asc.bdf","scan",1622650800214524142,1622650805775228932
20,"build/tests/sizes/cube-3147-asc.bdf","chck",1622650800213936281,1622650805775250942
20,"build/tests/sizes/cube-32-bin.msh4","scan",1622650805777079947,1622650805968105771
20,"build/tests/sizes/cube-32-bin.msh4","chck",1622650805775252077,1622650805968113040
20,"build/tests/sizes/cube-2259-bin.msh4","scan",1622650805968660154,1622650806057628662
20,"build/tests/sizes/cube-2259-bin.msh4","chck",1622650805968114109,1622650806057645166
20,"build/tests/sizes/cube-1063-bin.msh2","scan",1622650806072631753,1622650806814170274
20,"build/tests/sizes/cube-1063-bin.msh2","chck",1622650806057646683,1622650806814178636
20,"build/tests/sizes/cube-2240-stl-bin.geo","scan",1622650806815024725,1622650807486184867
20,"build/tests/sizes/cube-2240-stl-bin.geo","chck",1622650806814179825,1622650807486200879
20,"build/tests/sizes/cube-1932-asc.bdf","scan",1622650807486931379,1622650807489877592
20,"build/tests/sizes/cube-1932-asc.bdf","chck",1622650807486202077,1622650807489883641
20,"build/tests/sizes/cube-1943-bin.msh4","scan",1622650807490426733,1622650808513524859
20,"build/tests/sizes/cube-1943-bin.msh4","chck",1622650807489884663,1622650808513533786
20,"build/tests/sizes/cube-2023-asc.bdf","scan",1622650808514313943,1622650808525870198
20,"build/tests/sizes/cube-2023-asc.bdf","chck",1622650808513534927,1622650808525877297
20,"build/tests/sizes/cube-3488-bin.msh2","scan",1622650808527782008,1622650810443148101
20,"build/tests/sizes/cube-3488-bin.msh2","chck",1622650808525878517,1622650810443156893
20,"build/tests/sizes/cube-2516-geo.geo_unrolled","scan",1622650810444067665,1622650810445596321
20,"build/tests/sizes/cube-2516-geo.geo_unrolled","chck",1622650810443158222,1622650810445602707
20,"build/tests/sizes/cube-2544-asc.bdf","scan",1622650810446281773,1622650824736703674
20,"build/tests/sizes/cube-2544-asc.bdf","chck",1622650810445603794,1622650824736722556
20,"build/tests/sizes/cube-1216-bin.msh2","scan",1622650824757074885,1622650825293518527
20,"build/tests/sizes/cube-1216-bin.msh2","chck",1622650824736723783,1622650825293526309
20,"build/tests/sizes/cube-1842-bin.vtk","scan",1622650825308942000,1622650825318847236
20,"build/tests/sizes/cube-1842-bin.vtk","chck",1622650825293527475,1622650825318853046
20,"build/tests/sizes/cube-1915-geo.geo","scan",1622650825319932274,1622650825321323899
20,"build/tests/sizes/cube-1915-geo.geo","chck",1622650825318854050,1622650825321328465
20,"build/tests/sizes/cube-3008-asc.bdf","scan",1622650825321852676,1622650825506846459
20,"build/tests/sizes/cube-3008-asc.bdf","chck",1622650825321329690,1622650825506853161
20,"build/tests/sizes/cube-1325-bin.msh4","scan",1622650825511330534,1622650826301279047
20,"build/tests/sizes/cube-1325-bin.msh4","chck",1622650825506854187,1622650826301287547
20,"build/tests/sizes/cube-1660-asc.mesh","scan",1622650826324840379,1622650826363545421
20,"build/tests/sizes/cube-1660-asc.mesh","chck",1622650826301288710,1622650826363704332
20,"build/tests/sizes/cube-3117-asc.bdf","scan",1622650826364250628,1622650826378345235
20,"build/tests/sizes/cube-3117-asc.bdf","chck",1622650826363706340,1622650826378351661
20,"build/tests/sizes/cube-1655-geo.geo_unrolled","scan",1622650826394883582,1622650826396668570
20,"build/tests/sizes/cube-1655-geo.geo_unrolled","chck",1622650826378352722,1622650826396675300
20,"build/tests/sizes/cube-2196-geo.geo_unrolled","scan",1622650826397288235,1622650826398455251
20,"build/tests/sizes/cube-2196-geo.geo_unrolled","chck",1622650826396676385,1622650826398459547
20,"build/tests/sizes/cube-3710-bin.vtk","scan",1622650826399037619,1622650829272572853
20,"build/tests/sizes/cube-3710-bin.vtk","chck",1622650826398460557,1622650829272595971
20,"build/tests/sizes/cube-417-geo.geo_unrolled","scan",1622650829287770479,1622650829289212954
20,"build/tests/sizes/cube-417-geo.geo_unrolled","chck",1622650829272597059,1622650829289219665
20,"build/tests/sizes/cube-344-bin.msh2","scan",1622650829376872721,1622650829433615302
20,"build/tests/sizes/cube-344-bin.msh2","chck",1622650829289220591,1622650829433622578
20,"build/tests/sizes/cube-2399-bin.vtk","scan",1622650829434257226,1622650829439755360
20,"build/tests/sizes/cube-2399-bin.vtk","chck",1622650829433623835,1622650829439761310
20,"build/tests/sizes/cube-1230-asc.bdf","scan",1622650829458342700,1622650829774093316
20,"build/tests/sizes/cube-1230-asc.bdf","chck",1622650829439762349,1622650829774100663
20,"cube-1230-asc","prep",1622650829785221192,1622650829803130737
20,"cube-1230-asc","zzzz",1622650829803141013,1622650831761176903,34670,51244,153732
20,"cube-1230-asc","post",1622650831761188393,1622650831764621774
20,"cube-1660-asc","prep",1622650831764666400,1622650831766325364
20,"cube-1660-asc","zzzz",1622650831766329201,1622650831862723372,3853,6323,18969
20,"cube-1660-asc","post",1622650831862734324,1622650831863067149
20,"cube-2188-asc","prep",1622650831863236097,1622650831863859523
20,"cube-2188-asc","zzzz",1622650831863861576,1622650831884740043,1159,2096,6288
20,"cube-2188-asc","post",1622650831884750121,1622650831884963971
20,"cube-1458-geo","mesh",1622650831885123940,1622650834771582155
20,"cube-1458-geo","prep",1622650834772478682,1622650835019267587
20,"cube-1458-geo","zzzz",1622650835019274082,1622650858552988809,197912,279205,837615
20,"cube-1458-geo","post",1622650858553014378,1622650858591338017
20,"cube-3710-bin","prep",1622650858591437216,1622650859591130997
20,"cube-3710-bin","zzzz",1622650859591138759,1622651437071978593,1963317,2679980,8039940
20,"cube-3710-bin","post",1622651437071993806,1622651437236900488
20,"cube-3488-bin","prep",1622651437237682516,1622651437447487560
20,"cube-3488-bin","zzzz",1622651437447494755,1622651521742394476,471983,656093,1968279
20,"cube-3488-bin","post",1622651521742406393,1622651521780854632
20,"cube-2404-geo","mesh",1622651521780914081,1622651523303608813
20,"cube-2404-geo","prep",1622651523304385715,1622651523441089369
20,"cube-2404-geo","zzzz",1622651523441095595,1622651537884832121,141344,200723,602169
20,"cube-2404-geo","post",1622651537884848001,1622651537908792149
20,"cube-3008-asc","prep",1622651537908857762,1622651537923712691
20,"cube-3008-asc","zzzz",1622651537923717666,1622651539001014615,22572,33912,101736
20,"cube-3008-asc","post",1622651539001026379,1622651539008980066
20,"cube-1264-bin","prep",1622651539009008624,1622651539030304524
20,"cube-1264-bin","zzzz",1622651539030308739,1622651541346716916,39036,57485,172455
20,"cube-1264-bin","post",1622651541346731761,1622651541350746224
20,"cube-3976-asc","prep",1622651541350782669,1622651541367493291
20,"cube-3976-asc","zzzz",1622651541367496630,1622651543371030949,35254,52031,156093
20,"cube-3976-asc","post",1622651543371042813,1622651543374324743
20,"cube-1711-geo","mesh",1622651543374354079,1622651549277190846
20,"cube-1711-geo","prep",1622651549277957232,1622651549833941701
20,"cube-1711-geo","zzzz",1622651549833947466,1622651652340364012,538618,747034,2241102
20,"cube-1711-geo","post",1622651652340374738,1622651652467518074
20,"cube-1546-stl-bin","mesh",1622651652468005154,1622651652478828053
20,"cube-1546-stl-bin","prep",1622651652479694166,1622651652479971600
20,"cube-1546-stl-bin","zzzz",1622651652479974168,1622651652490110487,348,1211,3633
20,"cube-1546-stl-bin","post",1622651652490125786,1622651652490249055
20,"cube-344-bin","prep",1622651652490262900,1622651652494098016
20,"cube-344-bin","zzzz",1622651652494100192,1622651652813809873,9272,14598,43794
20,"cube-344-bin","post",1622651652813820291,1622651652814608866
20,"cube-3596-asc","prep",1622651652814655631,1622651652817797542
20,"cube-3596-asc","zzzz",1622651652817800339,1622651653026839589,6812,10849,32547
20,"cube-3596-asc","post",1622651653026848355,1622651653027510916
20,"cube-2943-asc","prep",1622651653027587810,1622651653028030306
20,"cube-2943-asc","zzzz",1622651653028032274,1622651653032042017,288,597,1791
20,"cube-2943-asc","post",1622651653032057619,1622651653032136788
20,"cube-1605-geo","mesh",1622651653032152329,1622651653225023869
20,"cube-1605-geo","prep",1622651653225830421,1622651653236758066
20,"cube-1605-geo","zzzz",1622651653236761139,1622651653863611808,15187,23306,69918
20,"cube-1605-geo","post",1622651653863621893,1622651653871366238
20,"cube-3687-bin.cgns","prep",1622651653872004352,1622651653874221320
20,"cube-3687-bin.cgns","zzzz",1622651653874224246,1622651653906023648,1592,2869,8607
20,"cube-3687-bin.cgns","post",1622651653906039199,1622651653906251239
20,"cube-1102-bin","prep",1622651653906304340,1622651653906925147
20,"cube-1102-bin","zzzz",1622651653906927309,1622651653929020000,1226,2181,6543
20,"cube-1102-bin","post",1622651653929035932,1622651653929194169
20,"cube-2949-geo","mesh",1622651653929244894,1622651655152698862
20,"cube-2949-geo","prep",1622651655153502080,1622651655260883845
20,"cube-2949-geo","zzzz",1622651655260889981,1622651664809587343,105838,151536,454608
20,"cube-2949-geo","post",1622651664809603197,1622651664837845333
20,"cube-2390-bin","prep",1622651664837913972,1622651664843030423
20,"cube-2390-bin","zzzz",1622651664843034515,1622651664848780485,377,784,2352
20,"cube-2390-bin","post",1622651664848791673,1622651664849069218
20,"cube-1815-asc","prep",1622651664849086865,1622651664872057199
20,"cube-1815-asc","zzzz",1622651664872062406,1622651668045085990,48460,71363,214089
20,"cube-1815-asc","post",1622651668045097825,1622651668049592292
20,"cube-2114-bin.cgns","prep",1622651668049620221,1622651668050424634
20,"cube-2114-bin.cgns","zzzz",1622651668050427499,1622651668085191688,1715,3072,9216
20,"cube-2114-bin.cgns","post",1622651668085202630,1622651668085261626
20,"cube-3340-geo","mesh",1622651668085383143,1622651668093222102
20,"cube-3340-geo","prep",1622651668094035777,1622651668094271032
20,"cube-3340-geo","zzzz",1622651668094272810,1622651668097594631,245,514,1542
20,"cube-3340-geo","post",1622651668097605583,1622651668097925112
20,"cube-686-bin","prep",1622651668097964650,1622651668098344857
20,"cube-686-bin","zzzz",1622651668098348594,1622651668100469754,158,361,1083
20,"cube-686-bin","post",1622651668100480690,1622651668100681988
20,"cube-710-bin.cgns","prep",1622651668100694616,1622651668255064085
20,"cube-710-bin.cgns","zzzz",1622651668255067525,1622651670036261407,32407,47979,143937
20,"cube-710-bin.cgns","post",1622651670036272469,1622651670036322083
20,"cube-3941-geo","mesh",1622651670036456280,1622651670070873444
20,"cube-3941-geo","prep",1622651670071619471,1622651670072744117
20,"cube-3941-geo","zzzz",1622651670072746193,1622651670107495664,1709,3068,9204
20,"cube-3941-geo","post",1622651670107506503,1622651670108303360
20,"cube-912-bin.cgns","prep",1622651670108596300,1622651670127288083
20,"cube-912-bin.cgns","zzzz",1622651670127291212,1622651670133016923,376,783,2349
20,"cube-912-bin.cgns","post",1622651670133028009,1622651670133071766
20,"cube-3550-geo","mesh",1622651670133147697,1622651670144213957
20,"cube-3550-geo","prep",1622651670144938123,1622651670145199365
20,"cube-3550-geo","zzzz",1622651670145201164,1622651670150452241,351,732,2196
20,"cube-3550-geo","post",1622651670151010165,1622651670151285833
20,"cube-897-asc","prep",1622651670151326650,1622651670151762801
20,"cube-897-asc","zzzz",1622651670151764264,1622651670157437977,372,777,2331
20,"cube-897-asc","post",1622651670157448848,1622651670157662457
20,"cube-2998-bin","prep",1622651670157697334,1622651670157928065
20,"cube-2998-bin","zzzz",1622651670157929473,1622651670160027912,158,361,1083
20,"cube-2998-bin","post",1622651670160043125,1622651670160105882
20,"cube-2556-bin","prep",1622651670160118812,1622651670160247992
20,"cube-2556-bin","zzzz",1622651670160249149,1622651670162163453,148,333,999
20,"cube-2556-bin","post",1622651670162174191,1622651670162291128
20,"cube-3924-bin","prep",1622651670162304622,1622651670162462109
20,"cube-3924-bin","zzzz",1622651670162463400,1622651670165658765,234,499,1497
20,"cube-3924-bin","post",1622651670165669627,1622651670165926330
20,"cube-1919-geo","mesh",1622651670165939531,1622651670251995450
20,"cube-1919-geo","prep",1622651670252703923,1622651670256355789
20,"cube-1919-geo","zzzz",1622651670256361482,1622651670422438540,5787,9239,27717
20,"cube-1919-geo","post",1622651670422449477,1622651670423971991
20,"cube-866-geo","mesh",1622651670424107692,1622651670432143570
20,"cube-866-geo","prep",1622651670432864147,1622651670433037876
20,"cube-866-geo","zzzz",1622651670433039610,1622651670436219039,232,497,1491
20,"cube-866-geo","post",1622651670436229941,1622651670436520460
20,"cube-1421-asc","prep",1622651670436559002,1622651670437040081
20,"cube-1421-asc","zzzz",1622651670437043961,1622651670440370410,244,513,1539
20,"cube-1421-asc","post",1622651670440381357,1622651670440508463
20,"cube-233-bin","prep",1622651670440543988,1622651670444391374
20,"cube-233-bin","zzzz",1622651670444393437,1622651670698884017,7866,12445,37335
20,"cube-233-bin","post",1622651670698899893,1622651670699517024
20,"cube-933-bin.cgns","prep",1622651670699575252,1622651671062309496
20,"cube-933-bin.cgns","zzzz",1622651671062316628,1622651673766169610,43486,63941,191823
20,"cube-933-bin.cgns","post",1622651673766181034,1622651673766251081
20,"cube-3925-bin","prep",1622651673766351495,1622651673766557646
20,"cube-3925-bin","zzzz",1622651673766559542,1622651673769880469,245,514,1542
20,"cube-3925-bin","post",1622651673769891447,1622651673770063637
20,"cube-3716-asc","prep",1622651673770104027,1622651673770703640
20,"cube-3716-asc","zzzz",1622651673770705790,1622651673788611752,1062,1860,5580
20,"cube-3716-asc","post",1622651673788622630,1622651673788937268
20,"cube-3870-stl-bin","mesh",1622651673789088648,1622651673805701624
20,"cube-3870-stl-bin","prep",1622651673806504164,1622651673807392790
20,"cube-3870-stl-bin","zzzz",1622651673807395196,1622651673850967618,1318,3615,10845
20,"cube-3870-stl-bin","post",1622651673850978409,1622651673851580160
20,"cube-1949-bin","prep",1622651673851713763,1622651673851917061
20,"cube-1949-bin","zzzz",1622651673851918824,1622651673855241171,245,514,1542
20,"cube-1949-bin","post",1622651673855252109,1622651673855409082
20,"cube-1585-bin","prep",1622651673855444386,1622651674773967689
20,"cube-1585-bin","zzzz",1622651674773976893,1622652154431205185,1706160,2331718,6995154
20,"cube-1585-bin","post",1622652154431215970,1622652154622532195
20,"cube-546-geo","mesh",1622652154622584723,1622652170721490366
20,"cube-546-geo","prep",1622652170722314844,1622652172299525800
20,"cube-546-geo","zzzz",1622652172299532864,1622652563909527247,1462805,2002714,6008142
20,"cube-546-geo","post",1622652563909536389,1622652564297225298
20,"cube-1133-asc","prep",1622652564298313294,1622652564342243039
20,"cube-1133-asc","zzzz",1622652564342250484,1622652566399504380,35884,52989,158967
20,"cube-1133-asc","post",1622652566399520180,1622652566404549838
20,"cube-2987-bin","prep",1622652566404584440,1622652566415324900
20,"cube-2987-bin","zzzz",1622652566415328859,1622652566427587004,746,1395,4185
20,"cube-2987-bin","post",1622652566427597996,1622652566427836794
20,"cube-45-stl-bin","mesh",1622652566427960922,1622652566449127707
20,"cube-45-stl-bin","prep",1622652566449942826,1622652566450256304
20,"cube-45-stl-bin","zzzz",1622652566450258287,1622652566460425107,349,1212,3636
20,"cube-45-stl-bin","post",1622652566460436013,1622652566460614521
20,"cube-2733-bin","prep",1622652566460628225,1622652567474048082
20,"cube-2733-bin","zzzz",1622652567474054947,1622653120733075734,1900839,2595222,7785666
20,"cube-2733-bin","post",1622653120733091071,1622653121016648072
20,"cube-305-geo","mesh",1622653121016695680,1622653121311288217
20,"cube-305-geo","prep",1622653121312028507,1622653121325830046
20,"cube-305-geo","zzzz",1622653121325833793,1622653122326071050,21592,32211,96633
20,"cube-305-geo","post",1622653122326082168,1622653122331475545
20,"cube-3968-geo","mesh",1622653122331508416,1622653128705165026
20,"cube-3968-geo","prep",1622653128705911148,1622653129334165301
20,"cube-3968-geo","zzzz",1622653129334170612,1622653244621590891,583312,807488,2422464
20,"cube-3968-geo","post",1622653244621606027,1622653244835374433
20,"cube-3117-asc","prep",1622653244835427062,1622653244854693016
20,"cube-3117-asc","zzzz",1622653244854697783,1622653244889529554,1714,3071,9213
20,"cube-3117-asc","post",1622653244889540811,1622653244890110712
20,"cube-1655-geo","mesh",1622653244890159755,1622653245140881729
20,"cube-1655-geo","prep",1622653245142285385,1622653245148459898
20,"cube-1655-geo","zzzz",1622653245148462789,1622653245630631443,12523,19436,58308
20,"cube-1655-geo","post",1622653245630646299,1622653245638775185
20,"cube-2769-geo","mesh",1622653245638827417,1622653245648706818
20,"cube-2769-geo","prep",1622653245649490224,1622653245649697534
20,"cube-2769-geo","zzzz",1622653245649699309,1622653245653062977,248,519,1557
20,"cube-2769-geo","post",1622653245653073945,1622653245653276691
20,"cube-2553-asc","prep",1622653245653292228,1622653245704759593
20,"cube-2553-asc","zzzz",1622653245704766635,1622653255423020960,107035,153386,460158
20,"cube-2553-asc","post",1622653255423036208,1622653255432631780
20,"cube-957-geo","mesh",1622653255432665509,1622653255445504389
20,"cube-957-geo","prep",1622653255446251521,1622653255446560706
20,"cube-957-geo","zzzz",1622653255446562849,1622653255452189148,367,772,2316
20,"cube-957-geo","post",1622653255452200137,1622653255452562245
20,"cube-679-bin","prep",1622653255452577651,1622653255454874886
20,"cube-679-bin","zzzz",1622653255454877044,1622653255551505915,3859,6325,18975
20,"cube-679-bin","post",1622653255551516976,1622653255552369496
20,"cube-3619-asc","prep",1622653255552782197,1622653255553391574
20,"cube-3619-asc","zzzz",1622653255553393493,1622653255561216026,496,993,2979
20,"cube-3619-asc","post",1622653255561226891,1622653255561476241
20,"cube-3842-asc","prep",1622653255561513096,1622653255562333128
20,"cube-3842-asc","zzzz",1622653255562334922,1622653255579266180,1008,1783,5349
20,"cube-3842-asc","post",1622653255579276955,1622653255579780583
20,"cube-947-stl-bin","mesh",1622653255579796035,1622653255995591602
20,"cube-947-stl-bin","prep",1622653255996323335,1622653256038994032
20,"cube-947-stl-bin","zzzz",1622653256038999630,1622653259681284873,44623,78461,235383
20,"cube-947-stl-bin","post",1622653259681296778,1622653259701187909
20,"cube-1865-stl-bin","mesh",1622653259701224636,1622653262394759623
20,"cube-1865-stl-bin","prep",1622653262395509108,1622653262701225801
20,"cube-1865-stl-bin","zzzz",1622653262701232789,1622653302881533486,255816,400078,1200234
20,"cube-1865-stl-bin","post",1622653302881549858,1622653303030845813
20,"cube-1436-geo","mesh",1622653303030888762,1622653303126883193
20,"cube-1436-geo","prep",1622653303127646964,1622653303128555484
20,"cube-1436-geo","zzzz",1622653303128557894,1622653303154066369,1332,2429,7287
20,"cube-1436-geo","post",1622653303154077227,1622653303154870016
20,"cube-1063-bin","prep",1622653303155230708,1622653303230236393
20,"cube-1063-bin","zzzz",1622653303230243180,1622653320527392788,160274,226789,680367
20,"cube-1063-bin","post",1622653320527408165,1622653320541114891
20,"cube-3130-geo","mesh",1622653320541158352,1622653320573945062
20,"cube-3130-geo","prep",1622653320574718029,1622653320575895512
20,"cube-3130-geo","zzzz",1622653320576309430,1622653320610699879,1695,3042,9126
20,"cube-3130-geo","post",1622653320610710800,1622653320611688160
20,"cube-3241-asc","prep",1622653320611723844,1622653320632076878
20,"cube-3241-asc","zzzz",1622653320632080215,1622653322594886036,34785,51323,153969
20,"cube-3241-asc","post",1622653322594903022,1622653322604740840
20,"cube-2668-stl-bin","mesh",1622653322604777228,1622653322610221300
20,"cube-2668-stl-bin","prep",1622653322611025476,1622653322611225240
20,"cube-2668-stl-bin","zzzz",1622653322611227462,1622653322617674143,248,857,2571
20,"cube-2668-stl-bin","post",1622653322617684976,1622653322617881366
20,"cube-1830-asc","prep",1622653322617917713,1622653322618702331
20,"cube-1830-asc","zzzz",1622653322618704359,1622653322638925504,1152,2039,6117
20,"cube-1830-asc","post",1622653322638936471,1622653322639274588
20,"cube-2196-geo","mesh",1622653322639442761,1622653322972790392
20,"cube-2196-geo","prep",1622653322974853351,1622653322988299366
20,"cube-2196-geo","zzzz",1622653322988303349,1622653324307470798,26003,38976,116928
20,"cube-2196-geo","post",1622653324307482373,1622653324316434611
20,"cube-712-asc","prep",1622653324316460753,1622653324830340701
20,"cube-712-asc","zzzz",1622653324830353945,1622653580289240090,961411,1453679,4361037
20,"cube-712-asc","post",1622653580289256478,1622653580373326318
20,"cube-207-geo","mesh",1622653580373388965,1622653582555642326
20,"cube-207-geo","prep",1622653582556427925,1622653582779377251
20,"cube-207-geo","zzzz",1622653582779383729,1622653601691325692,170130,240886,722658
20,"cube-207-geo","post",1622653601691342297,1622653601812334408
20,"cube-315-asc","prep",1622653601812384346,1622653602136657818
20,"cube-315-asc","zzzz",1622653602136665882,1622653692560180063,494979,687392,2062176
20,"cube-315-asc","post",1622653692560197209,1622653692682624483
20,"cube-32-bin","prep",1622653692682677417,1622653692691164903
20,"cube-32-bin","zzzz",1622653692691169080,1622653692693392464,166,375,1125
20,"cube-32-bin","post",1622653692693403565,1622653692693638810
20,"cube-417-geo","mesh",1622653692693681822,1622653692784413366
20,"cube-417-geo","prep",1622653692785263659,1622653692788938426
20,"cube-417-geo","zzzz",1622653692788940781,1622653692957749661,5866,9345,28035
20,"cube-417-geo","post",1622653692957760571,1622653692959837775
20,"cube-1676-bin","prep",1622653692959865074,1622653692961147613
20,"cube-1676-bin","zzzz",1622653692961149796,1622653692995930803,1706,3068,9204
20,"cube-1676-bin","post",1622653692995941689,1622653692996431794
20,"cube-1737-geo","mesh",1622653692996753418,1622653693131470825
20,"cube-1737-geo","prep",1622653693132243931,1622653693138443220
20,"cube-1737-geo","zzzz",1622653693138445501,1622653693501791144,10144,15946,47838
20,"cube-1737-geo","post",1622653693501802136,1622653693504497066
20,"cube-505-geo","mesh",1622653693504518194,1622653693515465600
20,"cube-505-geo","prep",1622653693516176101,1622653693516410060
20,"cube-505-geo","zzzz",1622653693516411899,1622653693521430396,331,708,2124
20,"cube-505-geo","post",1622653693521441292,1622653693521707588
20,"cube-2406-bin","prep",1622653693521746087,1622653693528870920
20,"cube-2406-bin","zzzz",1622653693528873479,1622653694051612157,13275,20544,61632
20,"cube-2406-bin","post",1622653694051623043,1622653694054035118
20,"cube-52-bin","prep",1622653694054056106,1622653694110150450
20,"cube-52-bin","zzzz",1622653694110157653,1622653703794494695,106899,153027,459081
20,"cube-52-bin","post",1622653703794510879,1622653703806574732
20,"cube-3147-asc","prep",1622653703806606713,1622653704219799716
20,"cube-3147-asc","zzzz",1622653704219807556,1622653884232168432,812602,1118031,3354093
20,"cube-3147-asc","post",1622653884232183864,1622653884300047936
20,"cube-2544-asc","prep",1622653884300086910,1622653884863896025
20,"cube-2544-asc","zzzz",1622653884863901055,1622654361925786483,1041893,2322259,6966777
20,"cube-2544-asc","post",1622654361925797407,1622654362061752667
20,"cube-1325-bin","prep",1622654362061797642,1622654362613087889
20,"cube-1325-bin","zzzz",1622654362613095018,1622654589713134194,967917,1330888,3992664
20,"cube-1325-bin","post",1622654589713148975,1622654589832307946
20,"cube-1724-geo","mesh",1622654589832347595,1622654596256421280
20,"cube-1724-geo","prep",1622654596257190537,1622654596886270918
20,"cube-1724-geo","zzzz",1622654596886276750,1622654710305121382,576768,798799,2396397
20,"cube-1724-geo","post",1622654710305176306,1622654710481378703
20,"cube-3387-geo","mesh",1622654710481474402,1622654710525863546
20,"cube-3387-geo","prep",1622654710526664061,1622654710527734339
20,"cube-3387-geo","zzzz",1622654710527736861,1622654710562032004,1689,3035,9105
20,"cube-3387-geo","post",1622654710562042894,1622654710562640057
20,"cube-2965-bin.cgns","prep",1622654710562839723,1622654710880769999
20,"cube-2965-bin.cgns","zzzz",1622654710880779182,1622654761555315530,333596,467332,1401996
20,"cube-2965-bin.cgns","post",1622654761555331920,1622654761555482251
20,"cube-3258-bin","prep",1622654761555614707,1622654761570841068
20,"cube-3258-bin","zzzz",1622654761570844411,1622654763256199738,31106,46195,138585
20,"cube-3258-bin","post",1622654763256214614,1622654763259821626
20,"cube-2516-geo","mesh",1622654763259860901,1622654763286258057
20,"cube-2516-geo","prep",1622654763287048344,1622654763287570488
20,"cube-2516-geo","zzzz",1622654763287572696,1622654763307612805,1143,2025,6075
20,"cube-2516-geo","post",1622654763307623772,1622654763308185068
20,"cube-578-asc","prep",1622654763308204041,1622654763310363302
20,"cube-578-asc","zzzz",1622654763310365586,1622654763438551834,4746,7709,23127
20,"cube-578-asc","post",1622654763438562773,1622654763439680272
20,"cube-2259-bin","prep",1622654763439704974,1622654763527282546
20,"cube-2259-bin","zzzz",1622654763527289417,1622654782361888747,169879,240219,720657
20,"cube-2259-bin","post",1622654782361899961,1622654782377057644
20,"cube-2240-stl-bin","mesh",1622654782377103596,1622654795937502752
20,"cube-2240-stl-bin","prep",1622654795938275390,1622654797418640564
20,"cube-2240-stl-bin","zzzz",1622654797418648389,1622655204080975737,1408990,2060170,6180510
20,"cube-2240-stl-bin","post",1622655204081000051,1622655204476828575
20,"cube-2928-stl-bin","mesh",1622655204476905114,1622655204505431949
20,"cube-2928-stl-bin","prep",1622655204506316778,1622655204506640727
20,"cube-2928-stl-bin","zzzz",1622655204506643585,1622655204516155230,341,1152,3456
20,"cube-2928-stl-bin","post",1622655204516159670,1622655204516259769
20,"cube-1136-bin","prep",1622655204516273791,1622655204956649480
20,"cube-1136-bin","zzzz",1622655204956656131,1622655381423208105,799974,1101471,3304413
20,"cube-1136-bin","post",1622655381423217388,1622655381494363450
20,"cube-2701-bin","prep",1622655381494393717,1622655382209975618
20,"cube-2701-bin","zzzz",1622655382209983596,1622655727989838434,1331038,1824215,5472645
20,"cube-2701-bin","post",1622655727989848486,1622655728109835845
20,"cube-1932-asc","prep",1622655728109874229,1622655728110619321
20,"cube-1932-asc","zzzz",1622655728110621957,1622655728113925435,248,519,1557
20,"cube-1932-asc","post",1622655728113927047,1622655728114014613
20,"cube-1943-bin","prep",1622655728114024874,1622655729174818386
20,"cube-1943-bin","zzzz",1622655729174824683,1622656270035087647,1867661,2551484,7654452
20,"cube-1943-bin","post",1622656270035102973,1622656270202635506
20,"cube-2023-asc","prep",1622656270202678112,1622656270203647408
20,"cube-2023-asc","zzzz",1622656270203650871,1622656270231701691,1435,2610,7830
20,"cube-2023-asc","post",1622656270231717547,1622656270231889505
20,"cube-1216-bin","prep",1622656270231914494,1622656270233007183
20,"cube-1216-bin","zzzz",1622656270233009271,1622656270258965208,1359,2462,7386
20,"cube-1216-bin","post",1622656270258982206,1622656270259853318
20,"cube-1931-asc","prep",1622656270259871974,1622656271543160892
20,"cube-1931-asc","zzzz",1622656271543168481,1622657027657493943,2408123,3280351,9841053
20,"cube-1931-asc","post",1622657027657510707,1622657027866865073
20,"cube-2358-bin","prep",1622657027866909082,1622657027873279011
20,"cube-2358-bin","zzzz",1622657027873282881,1622657028277536751,10957,17174,51522
20,"cube-2358-bin","post",1622657028277932545,1622657028279228687
20,"cube-1842-bin","prep",1622657028279251505,1622657028279993642
20,"cube-1842-bin","zzzz",1622657028279995407,1622657028296862821,1005,1778,5334
20,"cube-1842-bin","post",1622657028296873677,1622657028297452503
20,"cube-1915-geo","mesh",1622657028297470662,1622657028479249743
20,"cube-1915-geo","prep",1622657028480050392,1622657028488073919
20,"cube-1915-geo","zzzz",1622657028488076164,1622657028998480483,13025,20204,60612
20,"cube-1915-geo","post",1622657028998491590,1622657029001418740
20,"cube-3547-geo","mesh",1622657029001435394,1622657030120309493
20,"cube-3547-geo","prep",1622657030125466990,1622657030179138985
20,"cube-3547-geo","zzzz",1622657030179145232,1622657037459264127,87314,125978,377934
20,"cube-3547-geo","post",1622657037459276707,1622657037492140017
20,"cube-2399-bin","prep",1622657037492172506,1622657037496887995
20,"cube-2399-bin","zzzz",1622657037496890966,1622657037581353091,3483,5758,17274
20,"cube-2399-bin","post",1622657037581378412,1622657037581774187
20,"Proc","exit_task",1622650751065461482,1622657037607237053,5345008
