33,"build/tests/sizes/cube-3806-bin.msh4","scan",1622650764205959004,1622650764633644596
33,"build/tests/sizes/cube-3806-bin.msh4","chck",1622650764198324963,1622650764633789038
33,"build/tests/sizes/cube-568-stl-bin.geo","scan",1622650764709269769,1622650764792590399
33,"build/tests/sizes/cube-568-stl-bin.geo","chck",1622650764633790512,1622650764792596568
33,"build/tests/sizes/cube-1833-geo.geo","scan",1622650764824849840,1622650764826168206
33,"build/tests/sizes/cube-1833-geo.geo","chck",1622650764792597921,1622650764826171942
33,"build/tests/sizes/cube-1128-bin.cgns","scan",1622650764845396656,1622650764903486702
33,"build/tests/sizes/cube-1128-bin.cgns","chck",1622650764826172958,1622650764903491117
33,"build/tests/sizes/cube-2437-asc.msh2","scan",1622650764904099470,1622650765455482739
33,"build/tests/sizes/cube-2437-asc.msh2","chck",1622650764903492123,1622650765455507636
33,"build/tests/sizes/cube-1942-stl-bin.geo","scan",1622650765463763163,1622650765785858726
33,"build/tests/sizes/cube-1942-stl-bin.geo","chck",1622650765455508816,1622650765785872274
33,"build/tests/sizes/cube-1999-geo.geo_unrolled","scan",1622650765793346484,1622650765808898507
33,"build/tests/sizes/cube-1999-geo.geo_unrolled","chck",1622650765785873529,1622650765808904194
33,"build/tests/sizes/cube-3933-asc.bdf","scan",1622650765818703010,1622650765899645073
33,"build/tests/sizes/cube-3933-asc.bdf","chck",1622650765808905626,1622650765899650469
33,"build/tests/sizes/cube-1009-asc.msh2","scan",1622650765905684883,1622650765927023074
33,"build/tests/sizes/cube-1009-asc.msh2","chck",1622650765899651677,1622650765927028867
33,"build/tests/sizes/cube-1235-asc.bdf","scan",1622650765977245733,1622650767857106526
33,"build/tests/sizes/cube-1235-asc.bdf","chck",1622650765927029993,1622650767857131718
33,"build/tests/sizes/cube-1680-asc.bdf","scan",1622650767877897516,1622650768337667923
33,"build/tests/sizes/cube-1680-asc.bdf","chck",1622650767857133371,1622650768337675471
33,"build/tests/sizes/cube-728-asc.bdf","scan",1622650768361117125,1622650768790598206
33,"build/tests/sizes/cube-728-asc.bdf","chck",1622650768337676697,1622650768790605596
33,"build/tests/sizes/cube-688-geo.geo_unrolled","scan",1622650768808299662,1622650768820262846
33,"build/tests/sizes/cube-688-geo.geo_unrolled","chck",1622650768790606979,1622650768820278859
33,"build/tests/sizes/cube-3259-asc.mesh","scan",1622650768820858041,1622650772206577446
33,"build/tests/sizes/cube-3259-asc.mesh","chck",1622650768820280006,1622650772206603378
33,"build/tests/sizes/cube-3747-bin.msh4","scan",1622650772207399359,1622650772227522232
33,"build/tests/sizes/cube-3747-bin.msh4","chck",1622650772206605318,1622650772227529757
33,"build/tests/sizes/cube-2742-bin.msh4","scan",1622650772228187934,1622650772231838650
33,"build/tests/sizes/cube-2742-bin.msh4","chck",1622650772227530974,1622650772231850302
33,"build/tests/sizes/cube-413-bin.vtk","scan",1622650772246778548,1622650772301057816
33,"build/tests/sizes/cube-413-bin.vtk","chck",1622650772231851485,1622650772301066155
33,"build/tests/sizes/cube-3273-geo.geo","scan",1622650772301759521,1622650772303319007
33,"build/tests/sizes/cube-3273-geo.geo","chck",1622650772301067361,1622650772303323185
33,"build/tests/sizes/cube-96-asc.mesh","scan",1622650772321669034,1622650772661890264
33,"build/tests/sizes/cube-96-asc.mesh","chck",1622650772303324286,1622650772661897478
33,"build/tests/sizes/cube-2144-bin.msh2","scan",1622650772662646640,1622650772698328463
33,"build/tests/sizes/cube-2144-bin.msh2","chck",1622650772661898732,1622650772698336038
33,"build/tests/sizes/cube-1094-bin.vtk","scan",1622650772699852444,1622650773295563090
33,"build/tests/sizes/cube-1094-bin.vtk","chck",1622650772698337231,1622650773295583262
33,"build/tests/sizes/cube-3076-geo.geo_unrolled","scan",1622650773296310266,1622650773298136285
33,"build/tests/sizes/cube-3076-geo.geo_unrolled","chck",1622650773295584402,1622650773298142408
33,"build/tests/sizes/cube-3724-asc.bdf","scan",1622650773298718234,1622650773304590819
33,"build/tests/sizes/cube-3724-asc.bdf","chck",1622650773298143499,1622650773304596747
33,"build/tests/sizes/cube-1756-asc.mesh","scan",1622650773306052405,1622650773319734749
33,"build/tests/sizes/cube-1756-asc.mesh","chck",1622650773304600605,1622650773319740816
33,"build/tests/sizes/cube-2839-asc.bdf","scan",1622650773320331779,1622650773384170872
33,"build/tests/sizes/cube-2839-asc.bdf","chck",1622650773319741961,1622650773384178745
33,"build/tests/sizes/cube-2995-geo.geo","scan",1622650773384781638,1622650773387173611
33,"build/tests/sizes/cube-2995-geo.geo","chck",1622650773384179925,1622650773387178420
33,"build/tests/sizes/cube-3425-bin.msh2","scan",1622650773387701438,1622650773986787422
33,"build/tests/sizes/cube-3425-bin.msh2","chck",1622650773387179370,1622650773986794952
33,"build/tests/sizes/cube-3075-asc.msh2","scan",1622650773987509623,1622650781682939693
33,"build/tests/sizes/cube-3075-asc.msh2","chck",1622650773986796172,1622650781682955525
33,"build/tests/sizes/cube-1960-bin.msh4","scan",1622650781687810527,1622650782252839049
33,"build/tests/sizes/cube-1960-bin.msh4","chck",1622650781682956631,1622650782252846790
33,"build/tests/sizes/cube-2822-stl-bin.geo","scan",1622650782253582409,1622650782270724539
33,"build/tests/sizes/cube-2822-stl-bin.geo","chck",1622650782252847961,1622650782270731898
33,"build/tests/sizes/cube-892-asc.mesh","scan",1622650782284576908,1622650782335761456
33,"build/tests/sizes/cube-892-asc.mesh","chck",1622650782270733400,1622650782335769225
33,"build/tests/sizes/cube-2010-bin.cgns","scan",1622650782355116880,1622650782475932041
33,"build/tests/sizes/cube-2010-bin.cgns","chck",1622650782335770414,1622650782475943288
33,"build/tests/sizes/cube-1553-asc.bdf","scan",1622650782489548456,1622650782524435884
33,"build/tests/sizes/cube-1553-asc.bdf","chck",1622650782475944626,1622650782524442977
33,"build/tests/sizes/cube-2025-geo.geo","scan",1622650782525030989,1622650782526620593
33,"build/tests/sizes/cube-2025-geo.geo","chck",1622650782524444264,1622650782526624141
33,"build/tests/sizes/cube-1379-bin.vtk","scan",1622650782539620576,1622650782572480716
33,"build/tests/sizes/cube-1379-bin.vtk","chck",1622650782526625089,1622650782572487704
33,"build/tests/sizes/cube-3695-geo.geo","scan",1622650782573099718,1622650782574369098
33,"build/tests/sizes/cube-3695-geo.geo","chck",1622650782572488884,1622650782574373160
33,"build/tests/sizes/cube-1582-bin.msh4","scan",1622650782575663030,1622650782577916348
33,"build/tests/sizes/cube-1582-bin.msh4","chck",1622650782574374104,1622650782577919709
33,"build/tests/sizes/cube-1181-asc.msh2","scan",1622650782579073022,1622650782587235460
33,"build/tests/sizes/cube-1181-asc.msh2","chck",1622650782577920648,1622650782587239332
33,"build/tests/sizes/cube-49-bin.cgns","scan",1622650782605904865,1622650782715252641
33,"build/tests/sizes/cube-49-bin.cgns","chck",1622650782587240280,1622650782715259843
33,"build/tests/sizes/cube-1260-geo.geo_unrolled","scan",1622650782719539975,1622650782721131810
33,"build/tests/sizes/cube-1260-geo.geo_unrolled","chck",1622650782715260966,1622650782721138228
33,"build/tests/sizes/cube-1731-geo.geo_unrolled","scan",1622650782722338216,1622650782723440062
33,"build/tests/sizes/cube-1731-geo.geo_unrolled","chck",1622650782721139466,1622650782723445123
33,"build/tests/sizes/cube-3915-geo.geo","scan",1622650782724018739,1622650782725217542
33,"build/tests/sizes/cube-3915-geo.geo","chck",1622650782723446105,1622650782725221342
33,"build/tests/sizes/cube-3371-bin.msh4","scan",1622650782725733651,1622650782726953726
33,"build/tests/sizes/cube-3371-bin.msh4","chck",1622650782725222360,1622650782726957325
33,"build/tests/sizes/cube-1733-bin.msh2","scan",1622650782742557968,1622650782764764480
33,"build/tests/sizes/cube-1733-bin.msh2","chck",1622650782726958264,1622650782764770974
33,"build/tests/sizes/cube-2575-geo.geo_unrolled","scan",1622650782769536848,1622650782770717000
33,"build/tests/sizes/cube-2575-geo.geo_unrolled","chck",1622650782764772106,1622650782770721938
33,"build/tests/sizes/cube-842-stl-bin.geo","scan",1622650782786772798,1622650782809208490
33,"build/tests/sizes/cube-842-stl-bin.geo","chck",1622650782770722934,1622650782809216766
33,"build/tests/sizes/cube-3011-bin.msh4","scan",1622650782810006424,1622650782885473690
33,"build/tests/sizes/cube-3011-bin.msh4","chck",1622650782809452168,1622650782885480874
33,"build/tests/sizes/cube-2015-geo.geo_unrolled","scan",1622650782886120593,1622650782887383385
33,"build/tests/sizes/cube-2015-geo.geo_unrolled","chck",1622650782885482146,1622650782887388756
33,"build/tests/sizes/cube-2243-stl-bin.geo","scan",1622650782887931013,1622650782890356536
33,"build/tests/sizes/cube-2243-stl-bin.geo","chck",1622650782887389718,1622650782890372887
33,"build/tests/sizes/cube-3878-asc.msh2","scan",1622650782890940043,1622650782921043708
33,"build/tests/sizes/cube-3878-asc.msh2","chck",1622650782890374198,1622650782921055098
33,"build/tests/sizes/cube-2500-geo.geo","scan",1622650782921681980,1622650782923452337
33,"build/tests/sizes/cube-2500-geo.geo","chck",1622650782921056341,1622650782923456913
33,"build/tests/sizes/cube-140-bin.cgns","scan",1622650782946603003,1622650783045819888
33,"build/tests/sizes/cube-140-bin.cgns","chck",1622650782923457959,1622650783045827052
33,"build/tests/sizes/cube-3529-asc.mesh","scan",1622650783046760185,1622650783759614959
33,"build/tests/sizes/cube-3529-asc.mesh","chck",1622650783045828332,1622650783759622511
33,"build/tests/sizes/cube-703-asc.bdf","scan",1622650783776585359,1622650790394694909
33,"build/tests/sizes/cube-703-asc.bdf","chck",1622650783759623649,1622650790394717770
33,"build/tests/sizes/cube-1222-asc.mesh","scan",1622650790398617986,1622650796814469179
33,"build/tests/sizes/cube-1222-asc.mesh","chck",1622650790394719139,1622650796814479663
33,"build/tests/sizes/cube-3854-bin.vtk","scan",1622650796815096785,1622650796862067638
33,"build/tests/sizes/cube-3854-bin.vtk","chck",1622650796814481142,1622650796862074253
33,"build/tests/sizes/cube-3054-geo.geo","scan",1622650796862685028,1622650796864065891
33,"build/tests/sizes/cube-3054-geo.geo","chck",1622650796862075285,1622650796864070021
33,"build/tests/sizes/cube-3404-asc.msh2","scan",1622650796864622822,1622650799423171123
33,"build/tests/sizes/cube-3404-asc.msh2","chck",1622650796864070972,1622650799423178203
33,"build/tests/sizes/cube-2938-geo.geo","scan",1622650799424019640,1622650799425384098
33,"build/tests/sizes/cube-2938-geo.geo","chck",1622650799423179507,1622650799425389475
33,"build/tests/sizes/cube-2877-geo.geo","scan",1622650799425959155,1622650799427155445
33,"build/tests/sizes/cube-2877-geo.geo","chck",1622650799425390470,1622650799427159844
33,"build/tests/sizes/cube-656-bin.msh2","scan",1622650799451848673,1622650799477900098
33,"build/tests/sizes/cube-656-bin.msh2","chck",1622650799427160863,1622650799477906059
33,"build/tests/sizes/cube-3009-asc.bdf","scan",1622650799478475874,1622650800538396235
33,"build/tests/sizes/cube-3009-asc.bdf","chck",1622650799477907168,1622650800538411557
33,"build/tests/sizes/cube-3412-bin.cgns","scan",1622650800569669424,1622650800630180730
33,"build/tests/sizes/cube-3412-bin.cgns","chck",1622650800538412843,1622650800630186943
33,"build/tests/sizes/cube-3688-geo.geo_unrolled","scan",1622650800630901586,1622650800632070818
33,"build/tests/sizes/cube-3688-geo.geo_unrolled","chck",1622650800630188093,1622650800632082211
33,"build/tests/sizes/cube-2907-bin.msh4","scan",1622650800632596552,1622650801430710709
33,"build/tests/sizes/cube-2907-bin.msh4","chck",1622650800632083346,1622650801430718301
33,"build/tests/sizes/cube-113-bin.msh4","scan",1622650801445866536,1622650801776060103
33,"build/tests/sizes/cube-113-bin.msh4","chck",1622650801430719525,1622650801776066587
33,"build/tests/sizes/cube-3264-bin.msh2","scan",1622650801776886942,1622650805667686297
33,"build/tests/sizes/cube-3264-bin.msh2","chck",1622650801776067650,1622650805667702046
33,"build/tests/sizes/cube-898-asc.msh2","scan",1622650805686734974,1622650805771444535
33,"build/tests/sizes/cube-898-asc.msh2","chck",1622650805667703689,1622650805771452789
33,"build/tests/sizes/cube-1081-asc.bdf","scan",1622650805791015601,1622650806016014919
33,"build/tests/sizes/cube-1081-asc.bdf","chck",1622650805771454004,1622650806016021932
33,"build/tests/sizes/cube-608-geo.geo","scan",1622650806020747774,1622650806030720611
33,"build/tests/sizes/cube-608-geo.geo","chck",1622650806016027390,1622650806030735791
33,"build/tests/sizes/cube-3156-bin.cgns","scan",1622650806034717016,1622650806096805251
33,"build/tests/sizes/cube-3156-bin.cgns","chck",1622650806030736969,1622650806096812452
33,"build/tests/sizes/cube-1535-bin.vtk","scan",1622650806101282085,1622650807591969550
33,"build/tests/sizes/cube-1535-bin.vtk","chck",1622650806096813733,1622650807591976790
33,"build/tests/sizes/cube-2857-stl-bin.geo","scan",1622650807592669559,1622650808075658167
33,"build/tests/sizes/cube-2857-stl-bin.geo","chck",1622650807591978429,1622650808075665031
33,"build/tests/sizes/cube-83-asc.mesh","scan",1622650808092350831,1622650808118664353
33,"build/tests/sizes/cube-83-asc.mesh","chck",1622650808075666200,1622650808118671394
33,"build/tests/sizes/cube-3945-asc.bdf","scan",1622650808119252663,1622650808178721412
33,"build/tests/sizes/cube-3945-asc.bdf","chck",1622650808118672494,1622650808178728836
33,"build/tests/sizes/cube-3930-stl-bin.geo","scan",1622650808179311952,1622650808189909994
33,"build/tests/sizes/cube-3930-stl-bin.geo","chck",1622650808178729996,1622650808189917071
33,"build/tests/sizes/cube-2608-bin.cgns","scan",1622650808194247583,1622650808256659166
33,"build/tests/sizes/cube-2608-bin.cgns","chck",1622650808189918283,1622650808256666614
33,"build/tests/sizes/cube-3309-geo.geo","scan",1622650808257444929,1622650808258941836
33,"build/tests/sizes/cube-3309-geo.geo","chck",1622650808256667800,1622650808258946864
33,"build/tests/sizes/cube-2925-stl-bin.geo","scan",1622650808259515131,1622650808336447795
33,"build/tests/sizes/cube-2925-stl-bin.geo","chck",1622650808258947828,1622650808336454862
33,"build/tests/sizes/cube-2349-bin.cgns","scan",1622650808341384621,1622650808404329142
33,"build/tests/sizes/cube-2349-bin.cgns","chck",1622650808336456091,1622650808404343566
33,"build/tests/sizes/cube-3374-asc.mesh","scan",1622650808405302059,1622650808420678202
33,"build/tests/sizes/cube-3374-asc.mesh","chck",1622650808404345009,1622650808420685183
33,"build/tests/sizes/cube-1620-asc.mesh","scan",1622650808436432767,1622650808564091362
33,"build/tests/sizes/cube-1620-asc.mesh","chck",1622650808420686391,1622650808564098989
33,"build/tests/sizes/cube-3422-asc.bdf","scan",1622650808564827833,1622650808568691653
33,"build/tests/sizes/cube-3422-asc.bdf","chck",1622650808564100263,1622650808568696402
33,"build/tests/sizes/cube-209-geo.geo_unrolled","scan",1622650808570242491,1622650808571651758
33,"build/tests/sizes/cube-209-geo.geo_unrolled","chck",1622650808568697351,1622650808571655977
33,"build/tests/sizes/cube-3060-stl-bin.geo","scan",1622650808572188682,1622650808843797735
33,"build/tests/sizes/cube-3060-stl-bin.geo","chck",1622650808571656868,1622650808843804806
33,"build/tests/sizes/cube-3385-geo.geo_unrolled","scan",1622650808845520381,1622650808846979033
33,"build/tests/sizes/cube-3385-geo.geo_unrolled","chck",1622650808843806166,1622650808846983719
33,"build/tests/sizes/cube-718-bin.msh2","scan",1622650808865955478,1622650818304357165
33,"build/tests/sizes/cube-718-bin.msh2","chck",1622650808846984747,1622650818304370983
33,"build/tests/sizes/cube-3293-stl-bin.geo","scan",1622650818307681333,1622650818677744439
33,"build/tests/sizes/cube-3293-stl-bin.geo","chck",1622650818304372170,1622650818677751255
33,"build/tests/sizes/cube-3603-bin.vtk","scan",1622650818678402828,1622650818680051160
33,"build/tests/sizes/cube-3603-bin.vtk","chck",1622650818677752455,1622650818680054961
33,"build/tests/sizes/cube-3194-stl-bin.geo","scan",1622650818680627742,1622650818690814012
33,"build/tests/sizes/cube-3194-stl-bin.geo","chck",1622650818680055786,1622650818690819433
33,"build/tests/sizes/cube-1974-bin.cgns","scan",1622650818695638502,1622650818760577718
33,"build/tests/sizes/cube-1974-bin.cgns","chck",1622650818690820450,1622650818760585235
33,"build/tests/sizes/cube-1327-geo.geo_unrolled","scan",1622650818774568361,1622650818775722887
33,"build/tests/sizes/cube-1327-geo.geo_unrolled","chck",1622650818760586357,1622650818775854148
33,"build/tests/sizes/cube-3217-bin.cgns","scan",1622650818780932823,1622650818844562892
33,"build/tests/sizes/cube-3217-bin.cgns","chck",1622650818775855607,1622650818844570483
33,"build/tests/sizes/cube-2636-bin.msh2","scan",1622650818845341720,1622650818851659693
33,"build/tests/sizes/cube-2636-bin.msh2","chck",1622650818844571734,1622650818851665074
33,"build/tests/sizes/cube-2675-stl-bin.geo","scan",1622650818852213222,1622650818858983281
33,"build/tests/sizes/cube-2675-stl-bin.geo","chck",1622650818851666229,1622650818858988239
33,"build/tests/sizes/cube-540-bin.msh4","scan",1622650818860188944,1622650818862609983
33,"build/tests/sizes/cube-540-bin.msh4","chck",1622650818858989489,1622650818862615202
33,"build/tests/sizes/cube-1326-geo.geo_unrolled","scan",1622650818863592129,1622650818864668214
33,"build/tests/sizes/cube-1326-geo.geo_unrolled","chck",1622650818862616075,1622650818864673047
33,"build/tests/sizes/cube-3356-bin.msh2","scan",1622650818865160152,1622650818987601027
33,"build/tests/sizes/cube-3356-bin.msh2","chck",1622650818864673937,1622650818987608410
33,"build/tests/sizes/cube-3198-geo.geo_unrolled","scan",1622650818988275086,1622650818989579119
33,"build/tests/sizes/cube-3198-geo.geo_unrolled","chck",1622650818987609811,1622650818989583953
33,"build/tests/sizes/cube-3544-bin.msh2","scan",1622650818990096579,1622650819058315151
33,"build/tests/sizes/cube-3544-bin.msh2","chck",1622650818989584924,1622650819058322855
33,"cube-3544-bin","prep",1622650819059603592,1622650819068207698
33,"cube-3544-bin","zzzz",1622650819068216194,1622650819582411203,13114,20332,60996
33,"cube-3544-bin","post",1622650819582420933,1622650819586698666
33,"cube-1326-geo","mesh",1622650819586750457,1622650819601244899
33,"cube-1326-geo","prep",1622650819602261453,1622650819602452840
33,"cube-1326-geo","zzzz",1622650819602455305,1622650819605648745,240,507,1521
33,"cube-1326-geo","post",1622650819605650990,1622650819605797196
33,"cube-540-bin","prep",1622650819605816265,1622650819606388989
33,"cube-540-bin","zzzz",1622650819606391539,1622650819618659145,752,1405,4215
33,"cube-540-bin","post",1622650819618666159,1622650819619132402
33,"cube-2938-geo","mesh",1622650819619248264,1622650819858582319
33,"cube-2938-geo","prep",1622650819859534473,1622650819874981718
33,"cube-2938-geo","zzzz",1622650819874986390,1622650820390395826,13144,20365,61095
33,"cube-2938-geo","post",1622650820390405429,1622650820394851786
33,"cube-2015-geo","mesh",1622650820394908285,1622650821757226396
33,"cube-2015-geo","prep",1622650821762329519,1622650821829367369
33,"cube-2015-geo","zzzz",1622650821829372503,1622650828781425703,84937,122108,366324
33,"cube-2015-geo","post",1622650828781434840,1622650828812814894
33,"cube-2839-asc","prep",1622650828812884854,1622650828832099966
33,"cube-2839-asc","zzzz",1622650828832105715,1622650829100808199,8154,12945,38835
33,"cube-2839-asc","post",1622650829100817774,1622650829101741165
33,"cube-3264-bin","prep",1622650829101824217,1622650829611922332
33,"cube-3264-bin","zzzz",1622650829611929322,1622651036517400674,901977,1241074,3723222
33,"cube-3264-bin","post",1622651036517453766,1622651036596908214
33,"cube-3747-bin","prep",1622651036597407064,1622651036624668981
33,"cube-3747-bin","zzzz",1622651036624673145,1622651039175690130,41704,61387,184161
33,"cube-3747-bin","post",1622651039175700288,1622651039179536646
33,"cube-3309-geo","mesh",1622651039179818749,1622651039190655898
33,"cube-3309-geo","prep",1622651039191533980,1622651039191790036
33,"cube-3309-geo","zzzz",1622651039191792427,1622651039196602663,329,686,2058
33,"cube-3309-geo","post",1622651039196618183,1622651039196813470
33,"cube-1960-bin","prep",1622651039196830764,1622651039676835795
33,"cube-1960-bin","zzzz",1622651039676842482,1622651218079431983,806928,1110525,3331575
33,"cube-1960-bin","post",1622651218079446608,1622651218217914189
33,"cube-2822-stl-bin","mesh",1622651218218463053,1622651218356410985
33,"cube-2822-stl-bin","prep",1622651218357241347,1622651218363654033
33,"cube-2822-stl-bin","zzzz",1622651218363656957,1622651218888712459,10026,20628,61884
33,"cube-2822-stl-bin","post",1622651218888722420,1622651218891350424
33,"cube-3293-stl-bin","mesh",1622651218891373556,1622651220881601900
33,"cube-3293-stl-bin","prep",1622651220882455871,1622651221135234285
33,"cube-3293-stl-bin","zzzz",1622651221135240540,1622651249843017070,202517,319201,957603
33,"cube-3293-stl-bin","post",1622651249843031247,1622651249944560811
33,"cube-140-bin.cgns","prep",1622651249944598667,1622651249999156024
33,"cube-140-bin.cgns","zzzz",1622651249999159675,1622651250002938252,273,568,1704
33,"cube-140-bin.cgns","post",1622651250002948351,1622651250003355400
33,"cube-3371-bin","prep",1622651250003463862,1622651250003699740
33,"cube-3371-bin","zzzz",1622651250003700803,1622651250006880522,232,497,1491
33,"cube-3371-bin","post",1622651250006890596,1622651250007058264
33,"cube-688-geo","mesh",1622651250007094285,1622651250142325347
33,"cube-688-geo","prep",1622651250143331943,1622651250147583215
33,"cube-688-geo","zzzz",1622651250147585549,1622651250468374798,9283,14622,43866
33,"cube-688-geo","post",1622651250468384771,1622651250470937112
33,"cube-2025-geo","mesh",1622651250471197783,1622651250826562578
33,"cube-2025-geo","prep",1622651250827398174,1622651250853953304
33,"cube-2025-geo","zzzz",1622651250853957685,1622651252443710872,29832,44324,132972
33,"cube-2025-geo","post",1622651252443721343,1622651252453473358
33,"cube-3529-asc","prep",1622651252454444467,1622651252558188920
33,"cube-3529-asc","zzzz",1622651252558194593,1622651277994141849,208725,294217,882651
33,"cube-3529-asc","post",1622651277994156564,1622651278012583350
33,"cube-3356-bin","prep",1622651278012620797,1622651278026922268
33,"cube-3356-bin","zzzz",1622651278026926307,1622651279349280999,26290,39030,117090
33,"cube-3356-bin","post",1622651279349291635,1622651279354017721
33,"cube-2349-bin.cgns","prep",1622651279354043735,1622651279359862725
33,"cube-2349-bin.cgns","zzzz",1622651279359866013,1622651282795670117,51259,75353,226059
33,"cube-2349-bin.cgns","post",1622651282795680251,1622651282795745012
33,"cube-3878-asc","prep",1622651282795863058,1622651282798236947
33,"cube-3878-asc","zzzz",1622651282798238631,1622651282926791247,4763,7724,23172
33,"cube-3878-asc","post",1622651282926794891,1622651282927148538
33,"cube-3273-geo","mesh",1622651282927185679,1622651283020323906
33,"cube-3273-geo","prep",1622651283021141378,1622651283025482399
33,"cube-3273-geo","zzzz",1622651283025484394,1622651283232869171,6762,10789,32367
33,"cube-3273-geo","post",1622651283232879085,1622651283234712912
33,"cube-2608-bin.cgns","prep",1622651283234895884,1622651283237351026
33,"cube-2608-bin.cgns","zzzz",1622651283237353712,1622651283878083530,15433,23645,70935
33,"cube-2608-bin.cgns","post",1622651283878093245,1622651283878145553
33,"cube-1181-asc","prep",1622651283878236910,1622651283879406907
33,"cube-1181-asc","zzzz",1622651283879408427,1622651283898387646,1083,1944,5832
33,"cube-1181-asc","post",1622651283898397481,1622651283898749782
33,"cube-1128-bin.cgns","prep",1622651283898862436,1622651284174043544
33,"cube-1128-bin.cgns","zzzz",1622651284174052238,1622651604314891976,1255269,1721784,5165352
33,"cube-1128-bin.cgns","post",1622651604314905823,1622651604314975982
33,"cube-1553-asc","prep",1622651604315480591,1622651604316143170
33,"cube-1553-asc","zzzz",1622651604316145926,1622651604345974123,1503,2734,8202
33,"cube-1553-asc","post",1622651604345984297,1622651604346179800
33,"cube-2857-stl-bin","mesh",1622651604346231684,1622651614567995314
33,"cube-2857-stl-bin","prep",1622651614568826213,1622651615823536929
33,"cube-2857-stl-bin","zzzz",1622651615823545046,1622651888441706138,1035253,1526287,4578861
33,"cube-2857-stl-bin","post",1622651888441716407,1622651888939782124
33,"cube-1680-asc","prep",1622651888940124092,1622651889000715942
33,"cube-1680-asc","zzzz",1622651889000721185,1622651892265048985,49492,72721,218163
33,"cube-1680-asc","post",1622651892265058039,1622651892269733369
33,"cube-3425-bin","prep",1622651892269774619,1622651892396908103
33,"cube-3425-bin","zzzz",1622651892397234749,1622651911456090633,170936,242122,726366
33,"cube-3425-bin","post",1622651911456104560,1622651911475282925
33,"cube-3930-stl-bin","mesh",1622651911475323169,1622651911626696374
33,"cube-3930-stl-bin","prep",1622651911627482525,1622651911629102954
33,"cube-3930-stl-bin","zzzz",1622651911629105848,1622651911730677367,2749,6550,19650
33,"cube-3930-stl-bin","post",1622651911730687339,1622651911731191558
33,"cube-1620-asc","prep",1622651911731477539,1622651911743300752
33,"cube-1620-asc","zzzz",1622651911743302806,1622651912994423035,25098,37566,112698
33,"cube-1620-asc","post",1622651912994433099,1622651912997975849
33,"cube-209-geo","mesh",1622651912998004837,1622651913009997524
33,"cube-209-geo","prep",1622651913010810085,1622651913011033181
33,"cube-209-geo","zzzz",1622651913011034856,1622651913015840204,327,684,2052
33,"cube-209-geo","post",1622651913015850147,1622651913016105413
33,"cube-2243-stl-bin","mesh",1622651913016174227,1622651913018834220
33,"cube-2243-stl-bin","prep",1622651913019545898,1622651913019637861
33,"cube-2243-stl-bin","zzzz",1622651913019639177,1622651913023016749,136,521,1563
33,"cube-2243-stl-bin","post",1622651913023026692,1622651913023149341
33,"cube-1222-asc","prep",1622651913023181804,1622651914033201904
33,"cube-1222-asc","zzzz",1622651914033210426,1622652445016044967,1842290,2516424,7549272
33,"cube-1222-asc","post",1622652445016059779,1622652445167128472
33,"cube-3217-bin.cgns","prep",1622652445168007173,1622652445231930779
33,"cube-3217-bin.cgns","zzzz",1622652445231939138,1622652592708813824,698056,962733,2888199
33,"cube-3217-bin.cgns","post",1622652592708823908,1622652592708867013
33,"cube-1756-asc","prep",1622652592708962302,1622652592710714195
33,"cube-1756-asc","zzzz",1622652592710716262,1622652592798413005,3586,5909,17727
33,"cube-1756-asc","post",1622652592798422183,1622652592798875961
33,"cube-3695-geo","mesh",1622652592798911634,1622652592944915857
33,"cube-3695-geo","prep",1622652592946233945,1622652592953562429
33,"cube-3695-geo","zzzz",1622652592953565918,1622652593269656763,9170,14472,43416
33,"cube-3695-geo","post",1622652593269665969,1622652593275323866
33,"cube-1327-geo","mesh",1622652593275922109,1622652593376263485
33,"cube-1327-geo","prep",1622652593377125935,1622652593381564989
33,"cube-1327-geo","zzzz",1622652593381567620,1622652593562383183,6156,9804,29412
33,"cube-1327-geo","post",1622652593562392697,1622652593565844017
33,"cube-3412-bin.cgns","prep",1622652593566258982,1622652593571457538
33,"cube-3412-bin.cgns","zzzz",1622652593571461087,1622652596571138120,46624,68634,205902
33,"cube-3412-bin.cgns","post",1622652596571147835,1622652596571189746
33,"cube-1582-bin","prep",1622652596571277490,1622652596571823056
33,"cube-1582-bin","zzzz",1622652596571825161,1622652596590338757,1070,1909,5727
33,"cube-1582-bin","post",1622652596590354563,1622652596590536009
33,"cube-2742-bin","prep",1622652596590565926,1622652596592553063
33,"cube-2742-bin","zzzz",1622652596592554704,1622652596720142545,4727,7684,23052
33,"cube-2742-bin","post",1622652596720150640,1622652596720680629
33,"cube-1731-geo","mesh",1622652596720741221,1622652596739154189
33,"cube-1731-geo","prep",1622652596740007828,1622652596740526256
33,"cube-1731-geo","zzzz",1622652596740528220,1622652596752735961,745,1394,4182
33,"cube-1731-geo","post",1622652596752751321,1622652596752905089
33,"cube-2675-stl-bin","mesh",1622652596752920575,1622652596771620618
33,"cube-2675-stl-bin","prep",1622652596772423114,1622652596773375244
33,"cube-2675-stl-bin","zzzz",1622652596773377501,1622652596824313663,1469,4036,12108
33,"cube-2675-stl-bin","post",1622652596824329708,1622652596824678347
33,"cube-2010-bin.cgns","prep",1622652596824889598,1622652596850070343
33,"cube-2010-bin.cgns","zzzz",1622652596850073968,1622652596874192169,1267,2330,6990
33,"cube-2010-bin.cgns","post",1622652596874207351,1622652596874236553
33,"cube-842-stl-bin","mesh",1622652596874301775,1622652596879507159
33,"cube-842-stl-bin","prep",1622652596880349712,1622652596880609076
33,"cube-842-stl-bin","zzzz",1622652596880611227,1622652596889999783,334,1143,3429
33,"cube-842-stl-bin","post",1622652596890015113,1622652596890122096
33,"cube-728-asc","prep",1622652596890134229,1622652596913851748
33,"cube-728-asc","zzzz",1622652596913855043,1622652599982621672,47453,69732,209196
33,"cube-728-asc","post",1622652599982631703,1622652599986896433
33,"cube-1009-asc","prep",1622652599986929249,1622652599987706991
33,"cube-1009-asc","zzzz",1622652599987709247,1622652600009456570,1204,2155,6465
33,"cube-1009-asc","post",1622652600009472155,1622652600009993815
33,"cube-2636-bin","prep",1622652600010411076,1622652600011285422
33,"cube-2636-bin","zzzz",1622652600011287081,1622652600036275707,1316,2393,7179
33,"cube-2636-bin","post",1622652600036291204,1622652600037053990
33,"cube-3933-asc","prep",1622652600037079267,1622652600043918082
33,"cube-3933-asc","zzzz",1622652600043919962,1622652600441149529,10801,16966,50898
33,"cube-3933-asc","post",1622652600441158910,1622652600446394981
33,"cube-1999-geo","mesh",1622652600446838338,1622652600459586725
33,"cube-1999-geo","prep",1622652600460488006,1622652600460784722
33,"cube-1999-geo","zzzz",1622652600460786473,1622652600465986648,348,729,2187
33,"cube-1999-geo","post",1622652600466001679,1622652600466157881
33,"cube-3011-bin","prep",1622652600466173184,1622652600526141345
33,"cube-3011-bin","zzzz",1622652600526147470,1622652610499688561,109048,156076,468228
33,"cube-3011-bin","post",1622652610499698151,1622652610508761236
33,"cube-49-bin.cgns","prep",1622652610509203299,1622652610523779809
33,"cube-49-bin.cgns","zzzz",1622652610523783208,1622652610541414122,1046,1840,5520
33,"cube-49-bin.cgns","post",1622652610541429254,1622652610541463258
33,"cube-2995-geo","mesh",1622652610541533554,1622652611512696065
33,"cube-2995-geo","prep",1622652611513545341,1622652611611206312
33,"cube-2995-geo","zzzz",1622652611611210900,1622652618197043762,81541,117650,352950
33,"cube-2995-geo","post",1622652618197057840,1622652618247852651
33,"cube-568-stl-bin","mesh",1622652618247896484,1622652618313325121
33,"cube-568-stl-bin","prep",1622652618314153246,1622652618317656567
33,"cube-568-stl-bin","zzzz",1622652618317659608,1622652618540379104,5279,11339,34017
33,"cube-568-stl-bin","post",1622652618540389217,1622652618541980022
33,"cube-1833-geo","mesh",1622652618542080678,1622652618908371941
33,"cube-1833-geo","prep",1622652618909203070,1622652618935085620
33,"cube-1833-geo","zzzz",1622652618935090194,1622652620554134801,30234,44879,134637
33,"cube-1833-geo","post",1622652620554145057,1622652620564365191
33,"cube-3076-geo","mesh",1622652620565252861,1622652622886608483
33,"cube-3076-geo","prep",1622652622887471944,1622652623157355627
33,"cube-3076-geo","zzzz",1622652623157364691,1622652645089052704,187780,266158,798474
33,"cube-3076-geo","post",1622652645089062702,1622652645237487932
33,"cube-3075-asc","prep",1622652645243282753,1622652645904912868
33,"cube-3075-asc","zzzz",1622652645904920033,1622652931736645208,1151873,1581467,4744401
33,"cube-3075-asc","post",1622652931736658875,1622652931919235778
33,"cube-1094-bin","prep",1622652931919675250,1622652932110861487
33,"cube-1094-bin","zzzz",1622652932110867080,1622652986764750678,351225,491537,1474611
33,"cube-1094-bin","post",1622652986764766450,1622652986794925480
33,"cube-898-asc","prep",1622652986794962728,1622652986796959818
33,"cube-898-asc","zzzz",1622652986796962101,1622652986884251037,3577,5890,17670
33,"cube-898-asc","post",1622652986884261307,1622652986885675755
33,"cube-3198-geo","mesh",1622652986885695354,1622652986897375147
33,"cube-3198-geo","prep",1622652986898228323,1622652986898532405
33,"cube-3198-geo","zzzz",1622652986898534122,1622652986903753422,348,729,2187
33,"cube-3198-geo","post",1622652986903763436,1622652986904170398
33,"cube-1235-asc","prep",1622652986904208072,1622652987030128545
33,"cube-1235-asc","zzzz",1622652987030136108,1622653019372054617,245716,345842,1037526
33,"cube-1235-asc","post",1622653019372064603,1622653019401322826
33,"cube-3806-bin","prep",1622653019401367230,1622653019816367898
33,"cube-3806-bin","zzzz",1622653019816907166,1622653189006014232,775479,1067220,3201660
33,"cube-3806-bin","post",1622653189006029634,1622653189069782614
33,"cube-892-asc","prep",1622653189069833176,1622653189074029939
33,"cube-892-asc","zzzz",1622653189074033556,1622653189355597225,8459,13357,40071
33,"cube-892-asc","post",1622653189355607530,1622653189356461723
33,"cube-1974-bin.cgns","prep",1622653189356652694,1622653189357344811
33,"cube-1974-bin.cgns","zzzz",1622653189357347116,1622653189369098910,719,1353,4059
33,"cube-1974-bin.cgns","post",1622653189369108879,1622653189369166902
33,"cube-96-asc","prep",1622653189369243591,1622653189404075428
33,"cube-96-asc","zzzz",1622653189404079669,1622653195331989564,75559,109454,328362
33,"cube-96-asc","post",1622653195332005137,1622653195338757575
33,"cube-413-bin","prep",1622653195338792887,1622653195348125120
33,"cube-413-bin","zzzz",1622653195348127662,1622653196381911218,21980,32931,98793
33,"cube-413-bin","post",1622653196381921790,1622653196383519266
33,"cube-1379-bin","prep",1622653196383546038,1622653196386004254
33,"cube-1379-bin","zzzz",1622653196386006038,1622653196550305809,5738,9170,27510
33,"cube-1379-bin","post",1622653196550315857,1622653196550807097
33,"cube-3915-geo","mesh",1622653196550827904,1622653197747004907
33,"cube-3915-geo","prep",1622653197747829180,1622653197862565830
33,"cube-3915-geo","zzzz",1622653197862571145,1622653206551099597,98958,142098,426294
33,"cube-3915-geo","post",1622653206551113646,1622653206616767726
33,"cube-3422-asc","prep",1622653206619973976,1622653206628802275
33,"cube-3422-asc","zzzz",1622653206628804546,1622653206634026870,348,729,2187
33,"cube-3422-asc","post",1622653206634037039,1622653206634199575
33,"cube-3724-asc","prep",1622653206634235587,1622653206640866772
33,"cube-3724-asc","zzzz",1622653206640868531,1622653206648752259,500,999,2997
33,"cube-3724-asc","post",1622653206648762288,1622653206648949713
33,"cube-3259-asc","prep",1622653206648985313,1622653207181040377
33,"cube-3259-asc","zzzz",1622653207181046296,1622653455899584357,1037729,1424792,4274376
33,"cube-3259-asc","post",1622653455899598235,1622653455985415506
33,"cube-2500-geo","mesh",1622653455985454845,1622653455993960609
33,"cube-2500-geo","prep",1622653455994789780,1622653455995020561
33,"cube-2500-geo","zzzz",1622653455995022477,1622653455998328777,243,512,1536
33,"cube-2500-geo","post",1622653455998338661,1622653455998665967
33,"cube-3603-bin","prep",1622653455998680191,1622653455998967433
33,"cube-3603-bin","zzzz",1622653455998968993,1622653456003748493,324,681,2043
33,"cube-3603-bin","post",1622653456003758393,1622653456003948970
33,"cube-703-asc","prep",1622653456003982400,1622653456454617560
33,"cube-703-asc","zzzz",1622653456454623824,1622653661805259848,897462,1234098,3702294
33,"cube-703-asc","post",1622653661805273521,1622653661878149001
33,"cube-3854-bin","prep",1622653661878181703,1622653661892399485
33,"cube-3854-bin","zzzz",1622653661892402465,1622653663588586605,31195,46344,139032
33,"cube-3854-bin","post",1622653663588600057,1622653663591102160
33,"cube-3404-asc","prep",1622653663591129825,1622653663753264024
33,"cube-3404-asc","zzzz",1622653663753270870,1622653718991215177,353560,495043,1485129
33,"cube-3404-asc","post",1622653718991228629,1622653719020467265
33,"cube-2877-geo","mesh",1622653719020499656,1622653730030621955
33,"cube-2877-geo","prep",1622653730031448289,1622653731196901499
33,"cube-2877-geo","zzzz",1622653731196907581,1622653961669954055,979076,1345684,4037052
33,"cube-2877-geo","post",1622653961669967759,1622653962152480848
33,"cube-1733-bin","prep",1622653962152599609,1622653962177191102
33,"cube-1733-bin","zzzz",1622653962177194159,1622653962182841037,369,774,2322
33,"cube-1733-bin","post",1622653962182851181,1622653962183011102
33,"cube-656-bin","prep",1622653962183050240,1622653962205599860
33,"cube-656-bin","zzzz",1622653962205601766,1622653962236521014,1547,2808,8424
33,"cube-656-bin","post",1622653962236530967,1622653962236736775
33,"cube-3156-bin.cgns","prep",1622653962236801396,1622653962302106270
33,"cube-3156-bin.cgns","zzzz",1622653962302108924,1622653962312145239,608,1199,3597
33,"cube-3156-bin.cgns","post",1622653962312155166,1622653962312198806
33,"cube-113-bin","prep",1622653962312299012,1622653962508493921
33,"cube-113-bin","zzzz",1622653962508499724,1622654017255706486,351684,492102,1476306
33,"cube-113-bin","post",1622654017255716776,1622654017285516149
33,"cube-3009-asc","prep",1622654017285570621,1622654017375441786
33,"cube-3009-asc","zzzz",1622654017375448861,1622654030207272130,130412,185245,555735
33,"cube-3009-asc","post",1622654030207282154,1622654030218900068
33,"cube-3688-geo","mesh",1622654030218935489,1622654041075459185
33,"cube-3688-geo","prep",1622654041241636226,1622654041983910823
33,"cube-3688-geo","zzzz",1622654041983916446,1622654250729027571,909092,1249360,3748080
33,"cube-3688-geo","post",1622654250729041229,1622654251264439901
33,"cube-2144-bin","prep",1622654251264533777,1622654251290193542
33,"cube-2144-bin","zzzz",1622654251290196988,1622654251503919251,6943,11018,33054
33,"cube-2144-bin","post",1622654251503929403,1622654251504722044
33,"cube-1942-stl-bin","mesh",1622654251504742648,1622654257460699509
33,"cube-1942-stl-bin","prep",1622654257461617292,1622654258120198507
33,"cube-1942-stl-bin","zzzz",1622654258120206024,1622654371590245782,527625,799020,2397060
33,"cube-1942-stl-bin","post",1622654371590256241,1622654372011250363
33,"cube-3945-asc","prep",1622654372011291035,1622654372039962118
33,"cube-3945-asc","zzzz",1622654372039967145,1622654372254082005,6993,11032,33096
33,"cube-3945-asc","post",1622654372254092050,1622654372257268376
33,"cube-2907-bin","prep",1622654372257612197,1622654373144507604
33,"cube-2907-bin","zzzz",1622654373144514374,1622654769810407223,1477582,2022077,6066231
33,"cube-2907-bin","post",1622654769810460971,1622654769933590789
33,"cube-2575-geo","mesh",1622654769933699238,1622654770005134846
33,"cube-2575-geo","prep",1622654770006041873,1622654770006310774
33,"cube-2575-geo","zzzz",1622654770006312841,1622654770009685897,248,519,1557
33,"cube-2575-geo","post",1622654770009695853,1622654770009932283
33,"cube-1081-asc","prep",1622654770009969968,1622654770023906421
33,"cube-1081-asc","zzzz",1622654770023908627,1622654771133575734,23076,34578,103734
33,"cube-1081-asc","post",1622654771133585814,1622654771139856653
33,"cube-2437-asc","prep",1622654771139894835,1622654771194338391
33,"cube-2437-asc","zzzz",1622654771194343988,1622654778724766491,89570,128900,386700
33,"cube-2437-asc","post",1622654778724780364,1622654778740998810
33,"cube-3054-geo","mesh",1622654778741038820,1622654778814183414
33,"cube-3054-geo","prep",1622654778815019903,1622654778818383591
33,"cube-3054-geo","zzzz",1622654778818385841,1622654778950986050,4882,7896,23688
33,"cube-3054-geo","post",1622654778950990202,1622654778952393061
33,"cube-1535-bin","prep",1622654778952522653,1622654779437295251
33,"cube-1535-bin","zzzz",1622654779437302106,1622654988944326908,911096,1252750,3758250
33,"cube-1535-bin","post",1622654988944398953,1622654989045001170
33,"cube-3385-geo","mesh",1622654989045076081,1622654989648870301
33,"cube-3385-geo","prep",1622654989649791961,1622654989681475106
33,"cube-3385-geo","zzzz",1622654989681479818,1622654992691374378,46779,68829,206487
33,"cube-3385-geo","post",1622654992691384892,1622654992714239919
33,"cube-83-asc","prep",1622654992716015382,1622654992720992286
33,"cube-83-asc","zzzz",1622654992720994313,1622654992728739279,490,985,2955
33,"cube-83-asc","post",1622654992728749133,1622654992729211602
33,"cube-2925-stl-bin","mesh",1622654992729249374,1622654993331955283
33,"cube-2925-stl-bin","prep",1622654993332828466,1622654993392602775
33,"cube-2925-stl-bin","zzzz",1622654993392609264,1622654998794286840,59330,102746,308238
33,"cube-2925-stl-bin","post",1622654998794337533,1622654998833329346
33,"cube-1260-geo","mesh",1622654998833415409,1622655000312080762
33,"cube-1260-geo","prep",1622655000313001396,1622655000447052573
33,"cube-1260-geo","zzzz",1622655000447057692,1622655011456584562,116996,166922,500766
33,"cube-1260-geo","post",1622655011456597790,1622655011551383818
33,"cube-608-geo","mesh",1622655011555826272,1622655022907213991
33,"cube-608-geo","prep",1622655022908070340,1622655024097619884
33,"cube-608-geo","zzzz",1622655024097625561,1622655255492871380,982179,1349713,4049139
33,"cube-608-geo","post",1622655255492886489,1622655256109187740
33,"cube-3374-asc","prep",1622655256109223954,1622655256140547745
33,"cube-3374-asc","zzzz",1622655256140551538,1622655256228945165,3621,5942,17826
33,"cube-3374-asc","post",1622655256228955390,1622655256230817551
33,"cube-3060-stl-bin","mesh",1622655256230845767,1622655260951809409
33,"cube-3060-stl-bin","prep",1622655260952740083,1622655261456861745
33,"cube-3060-stl-bin","zzzz",1622655261456868302,1622655344357997462,423182,648827,1946481
33,"cube-3060-stl-bin","post",1622655344358013122,1622655344708458737
33,"cube-718-bin","prep",1622655344708491771,1622655346068653973
33,"cube-718-bin","zzzz",1622655346068671301,1622656099969932934,2403783,3273135,9819405
33,"cube-718-bin","post",1622656099969946127,1622656100282002548
33,"cube-3194-stl-bin","mesh",1622656100282829407,1622656100320822046
33,"cube-3194-stl-bin","prep",1622656100321786155,1622656100323275099
33,"cube-3194-stl-bin","zzzz",1622656100323277955,1622656100454942980,3445,7860,23580
33,"cube-3194-stl-bin","post",1622656100454953064,1622656100456146526
33,"Proc","exit_task",1622650751065574930,1622656100496461039,4616960
