32,"build/tests/sizes/cube-3967-asc.mesh","scan",1622650765858718805,1622650765878214805
32,"build/tests/sizes/cube-3967-asc.mesh","chck",1622650765857990938,1622650765878324131
32,"build/tests/sizes/cube-402-asc.bdf","scan",1622650765893645902,1622650767310077197
32,"build/tests/sizes/cube-402-asc.bdf","chck",1622650765878325731,1622650767310102304
32,"build/tests/sizes/cube-21-asc.mesh","scan",1622650767328697246,1622650767382251803
32,"build/tests/sizes/cube-21-asc.mesh","chck",1622650767310103670,1622650767382257760
32,"build/tests/sizes/cube-2241-bin.cgns","scan",1622650767389343789,1622650767445805140
32,"build/tests/sizes/cube-2241-bin.cgns","chck",1622650767382258932,1622650767445811032
32,"build/tests/sizes/cube-2308-asc.msh2","scan",1622650767448524492,1622650778335029063
32,"build/tests/sizes/cube-2308-asc.msh2","chck",1622650767445812366,1622650778335060857
32,"build/tests/sizes/cube-3851-geo.geo","scan",1622650778335777691,1622650778338150543
32,"build/tests/sizes/cube-3851-geo.geo","chck",1622650778335061973,1622650778338155722
32,"build/tests/sizes/cube-3319-bin.msh2","scan",1622650778338718821,1622650778340774190
32,"build/tests/sizes/cube-3319-bin.msh2","chck",1622650778338156743,1622650778340777717
32,"build/tests/sizes/cube-1805-geo.geo_unrolled","scan",1622650778341840476,1622650778342902963
32,"build/tests/sizes/cube-1805-geo.geo_unrolled","chck",1622650778340778644,1622650778342906266
32,"build/tests/sizes/cube-1387-bin.msh4","scan",1622650778362230541,1622650778370231455
32,"build/tests/sizes/cube-1387-bin.msh4","chck",1622650778342907336,1622650778370237554
32,"build/tests/sizes/cube-2563-geo.geo","scan",1622650778370821237,1622650778372108841
32,"build/tests/sizes/cube-2563-geo.geo","chck",1622650778370238638,1622650778372112858
32,"build/tests/sizes/cube-2821-bin.msh4","scan",1622650778372641707,1622650778713484112
32,"build/tests/sizes/cube-2821-bin.msh4","chck",1622650778372113758,1622650778713499471
32,"build/tests/sizes/cube-3659-bin.msh4","scan",1622650778714181928,1622650778717502571
32,"build/tests/sizes/cube-3659-bin.msh4","chck",1622650778713500614,1622650778717508554
32,"build/tests/sizes/cube-2036-geo.geo_unrolled","scan",1622650778718091798,1622650778719220817
32,"build/tests/sizes/cube-2036-geo.geo_unrolled","chck",1622650778717509821,1622650778719225186
32,"build/tests/sizes/cube-2-geo.geo","scan",1622650778738064626,1622650778740506902
32,"build/tests/sizes/cube-2-geo.geo","chck",1622650778719226229,1622650778740511725
32,"build/tests/sizes/cube-3707-bin.msh2","scan",1622650778741037829,1622650783295582077
32,"build/tests/sizes/cube-3707-bin.msh2","chck",1622650778740512683,1622650783295589864
32,"build/tests/sizes/cube-2624-asc.mesh","scan",1622650783300843067,1622650786297115934
32,"build/tests/sizes/cube-2624-asc.mesh","chck",1622650783295590958,1622650786297142436
32,"build/tests/sizes/cube-803-bin.msh2","scan",1622650786316944644,1622650786325166897
32,"build/tests/sizes/cube-803-bin.msh2","chck",1622650786297143692,1622650786325172507
32,"build/tests/sizes/cube-277-geo.geo_unrolled","scan",1622650786343076594,1622650786344231788
32,"build/tests/sizes/cube-277-geo.geo_unrolled","chck",1622650786325173678,1622650786344237115
32,"build/tests/sizes/cube-1469-asc.msh2","scan",1622650786357719046,1622650786379240968
32,"build/tests/sizes/cube-1469-asc.msh2","chck",1622650786344238238,1622650786379246950
32,"build/tests/sizes/cube-2115-asc.bdf","scan",1622650786390399959,1622650787278317527
32,"build/tests/sizes/cube-2115-asc.bdf","chck",1622650786379248057,1622650787278324787
32,"build/tests/sizes/cube-433-bin.msh4","scan",1622650787296249350,1622650788857007490
32,"build/tests/sizes/cube-433-bin.msh4","chck",1622650787278326001,1622650788857015046
32,"build/tests/sizes/cube-443-geo.geo","scan",1622650788867258208,1622650788868672040
32,"build/tests/sizes/cube-443-geo.geo","chck",1622650788857016307,1622650788868677779
32,"build/tests/sizes/cube-672-asc.msh2","scan",1622650788887328264,1622650788917108423
32,"build/tests/sizes/cube-672-asc.msh2","chck",1622650788868679110,1622650788917114085
32,"build/tests/sizes/cube-1301-bin.msh2","scan",1622650788933890337,1622650788959558105
32,"build/tests/sizes/cube-1301-bin.msh2","chck",1622650788917118121,1622650788959563607
32,"build/tests/sizes/cube-1573-geo.geo","scan",1622650788970129812,1622650788971458954
32,"build/tests/sizes/cube-1573-geo.geo","chck",1622650788959564834,1622650788971464028
32,"build/tests/sizes/cube-3501-bin.msh2","scan",1622650788971974799,1622650788974149758
32,"build/tests/sizes/cube-3501-bin.msh2","chck",1622650788971465207,1622650788974153782
32,"build/tests/sizes/cube-3400-bin.msh2","scan",1622650788974644226,1622650788983810893
32,"build/tests/sizes/cube-3400-bin.msh2","chck",1622650788974154911,1622650788983815691
32,"build/tests/sizes/cube-2905-asc.mesh","scan",1622650788984330193,1622650788986202378
32,"build/tests/sizes/cube-2905-asc.mesh","chck",1622650788983816704,1622650788986209310
32,"build/tests/sizes/cube-883-bin.cgns","scan",1622650789011370437,1622650789146264097
32,"build/tests/sizes/cube-883-bin.cgns","chck",1622650788986210461,1622650789146271651
32,"build/tests/sizes/cube-1150-stl-bin.geo","scan",1622650789147386279,1622650789389492984
32,"build/tests/sizes/cube-1150-stl-bin.geo","chck",1622650789146272914,1622650789389500847
32,"build/tests/sizes/cube-323-bin.cgns","scan",1622650789411255070,1622650789513214103
32,"build/tests/sizes/cube-323-bin.cgns","chck",1622650789389502282,1622650789513221327
32,"build/tests/sizes/cube-2317-bin.msh2","scan",1622650789513960541,1622650789540227969
32,"build/tests/sizes/cube-2317-bin.msh2","chck",1622650789513222643,1622650789540235515
32,"build/tests/sizes/cube-891-geo.geo","scan",1622650789556002885,1622650789557383112
32,"build/tests/sizes/cube-891-geo.geo","chck",1622650789540236555,1622650789557389637
32,"build/tests/sizes/cube-2105-bin.msh2","scan",1622650789557904706,1622650790357841136
32,"build/tests/sizes/cube-2105-bin.msh2","chck",1622650789557391133,1622650790357848899
32,"build/tests/sizes/cube-496-bin.vtk","scan",1622650790374053810,1622650791837857338
32,"build/tests/sizes/cube-496-bin.vtk","chck",1622650790357850155,1622650791837865602
32,"build/tests/sizes/cube-72-bin.msh4","scan",1622650791852781079,1622650791906978698
32,"build/tests/sizes/cube-72-bin.msh4","chck",1622650791837867400,1622650791906986290
32,"build/tests/sizes/cube-3743-stl-bin.geo","scan",1622650791907664543,1622650791926371516
32,"build/tests/sizes/cube-3743-stl-bin.geo","chck",1622650791906987511,1622650791926377497
32,"build/tests/sizes/cube-2835-geo.geo_unrolled","scan",1622650791926943585,1622650791928089075
32,"build/tests/sizes/cube-2835-geo.geo_unrolled","chck",1622650791926378629,1622650791928093037
32,"build/tests/sizes/cube-1871-asc.msh2","scan",1622650791929308806,1622650798126321853
32,"build/tests/sizes/cube-1871-asc.msh2","chck",1622650791928094022,1622650798126329367
32,"build/tests/sizes/cube-2618-asc.bdf","scan",1622650798127105926,1622650802736400310
32,"build/tests/sizes/cube-2618-asc.bdf","chck",1622650798126330555,1622650802736415726
32,"build/tests/sizes/cube-467-bin.msh4","scan",1622650802759623917,1622650803150032305
32,"build/tests/sizes/cube-467-bin.msh4","chck",1622650802736417337,1622650803150039793
32,"build/tests/sizes/cube-3372-bin.vtk","scan",1622650803150693944,1622650803152383063
32,"build/tests/sizes/cube-3372-bin.vtk","chck",1622650803150041278,1622650803152387984
32,"build/tests/sizes/cube-3686-bin.vtk","scan",1622650803152898744,1622650803528259197
32,"build/tests/sizes/cube-3686-bin.vtk","chck",1622650803152389026,1622650803528266476
32,"build/tests/sizes/cube-3411-geo.geo","scan",1622650803528926227,1622650803530395657
32,"build/tests/sizes/cube-3411-geo.geo","chck",1622650803528267582,1622650803530400816
32,"build/tests/sizes/cube-1663-bin.msh2","scan",1622650803532606177,1622650805240763798
32,"build/tests/sizes/cube-1663-bin.msh2","chck",1622650803530401769,1622650805240778530
32,"build/tests/sizes/cube-291-bin.cgns","scan",1622650805246073561,1622650805314538820
32,"build/tests/sizes/cube-291-bin.cgns","chck",1622650805240779790,1622650805314546286
32,"build/tests/sizes/cube-1418-asc.msh2","scan",1622650805334004932,1622650806153541756
32,"build/tests/sizes/cube-1418-asc.msh2","chck",1622650805314824731,1622650806153556151
32,"build/tests/sizes/cube-3469-bin.msh2","scan",1622650806154231776,1622650806214787035
32,"build/tests/sizes/cube-3469-bin.msh2","chck",1622650806153557458,1622650806214799170
32,"build/tests/sizes/cube-2838-stl-bin.geo","scan",1622650806215561967,1622650806221942295
32,"build/tests/sizes/cube-2838-stl-bin.geo","chck",1622650806214800319,1622650806221948105
32,"build/tests/sizes/cube-2813-geo.geo","scan",1622650806222508962,1622650806223712925
32,"build/tests/sizes/cube-2813-geo.geo","chck",1622650806221949443,1622650806223716687
32,"build/tests/sizes/cube-3408-asc.mesh","scan",1622650806224211985,1622650806556947363
32,"build/tests/sizes/cube-3408-asc.mesh","chck",1622650806223717644,1622650806556954617
32,"build/tests/sizes/cube-3419-bin.msh2","scan",1622650806557570717,1622650806559709388
32,"build/tests/sizes/cube-3419-bin.msh2","chck",1622650806556955735,1622650806559714250
32,"build/tests/sizes/cube-2044-bin.msh2","scan",1622650806560284302,1622650806562657240
32,"build/tests/sizes/cube-2044-bin.msh2","chck",1622650806559715179,1622650806562660795
32,"build/tests/sizes/cube-2461-asc.bdf","scan",1622650806563214346,1622650807229560916
32,"build/tests/sizes/cube-2461-asc.bdf","chck",1622650806562661832,1622650807229567848
32,"build/tests/sizes/cube-1872-bin.msh4","scan",1622650807245945614,1622650807329670588
32,"build/tests/sizes/cube-1872-bin.msh4","chck",1622650807229569292,1622650807329677169
32,"build/tests/sizes/cube-481-stl-bin.geo","scan",1622650807347351043,1622650807437813342
32,"build/tests/sizes/cube-481-stl-bin.geo","chck",1622650807329678356,1622650807437820683
32,"build/tests/sizes/cube-2619-bin.vtk","scan",1622650807438413178,1622650807447982990
32,"build/tests/sizes/cube-2619-bin.vtk","chck",1622650807437821934,1622650807447989025
32,"build/tests/sizes/cube-903-bin.msh4","scan",1622650807461590394,1622650807471903215
32,"build/tests/sizes/cube-903-bin.msh4","chck",1622650807447990127,1622650807471909320
32,"build/tests/sizes/cube-2552-bin.cgns","scan",1622650807475666529,1622650807539969327
32,"build/tests/sizes/cube-2552-bin.cgns","chck",1622650807471910515,1622650807539976807
32,"build/tests/sizes/cube-2082-asc.bdf","scan",1622650807540686479,1622650809801274181
32,"build/tests/sizes/cube-2082-asc.bdf","chck",1622650807539977986,1622650809801282083
32,"build/tests/sizes/cube-1861-asc.mesh","scan",1622650809802809014,1622650809908913624
32,"build/tests/sizes/cube-1861-asc.mesh","chck",1622650809801283260,1622650809908919862
32,"build/tests/sizes/cube-2490-bin.msh4","scan",1622650809909449174,1622650809911372220
32,"build/tests/sizes/cube-2490-bin.msh4","chck",1622650809908921060,1622650809911377049
32,"build/tests/sizes/cube-1994-bin.msh2","scan",1622650809911884572,1622650815093859344
32,"build/tests/sizes/cube-1994-bin.msh2","chck",1622650809911378055,1622650815093866369
32,"build/tests/sizes/cube-683-bin.msh2","scan",1622650815118972978,1622650816470842369
32,"build/tests/sizes/cube-683-bin.msh2","chck",1622650815093867472,1622650816470849416
32,"build/tests/sizes/cube-1717-asc.msh2","scan",1622650816472264501,1622650817013454415
32,"build/tests/sizes/cube-1717-asc.msh2","chck",1622650816470851130,1622650817013461815
32,"build/tests/sizes/cube-1743-bin.msh4","scan",1622650817021834889,1622650817709143856
32,"build/tests/sizes/cube-1743-bin.msh4","chck",1622650817013462997,1622650817709150275
32,"build/tests/sizes/cube-366-stl-bin.geo","scan",1622650817734445954,1622650817769393060
32,"build/tests/sizes/cube-366-stl-bin.geo","chck",1622650817709151928,1622650817769399416
32,"build/tests/sizes/cube-2421-bin.cgns","scan",1622650817774739556,1622650817838938155
32,"build/tests/sizes/cube-2421-bin.cgns","chck",1622650817769400433,1622650817838944069
32,"build/tests/sizes/cube-3191-bin.vtk","scan",1622650817839638909,1622650817841122613
32,"build/tests/sizes/cube-3191-bin.vtk","chck",1622650817838945146,1622650817841127345
32,"build/tests/sizes/cube-2258-bin.msh4","scan",1622650817841710934,1622650817852048376
32,"build/tests/sizes/cube-2258-bin.msh4","chck",1622650817841128345,1622650817852055493
32,"build/tests/sizes/cube-3482-geo.geo","scan",1622650817852726850,1622650817854092938
32,"build/tests/sizes/cube-3482-geo.geo","chck",1622650817852056404,1622650817854097773
32,"build/tests/sizes/cube-3621-asc.mesh","scan",1622650817854612161,1622650825151891472
32,"build/tests/sizes/cube-3621-asc.mesh","chck",1622650817854098790,1622650825151897726
32,"build/tests/sizes/cube-2066-bin.cgns","scan",1622650825156346972,1622650825219472880
32,"build/tests/sizes/cube-2066-bin.cgns","chck",1622650825151898806,1622650825219479581
32,"build/tests/sizes/cube-623-geo.geo_unrolled","scan",1622650825221219150,1622650825222529697
32,"build/tests/sizes/cube-623-geo.geo_unrolled","chck",1622650825219480794,1622650825222533989
32,"build/tests/sizes/cube-144-geo.geo_unrolled","scan",1622650825241254039,1622650825242546817
32,"build/tests/sizes/cube-144-geo.geo_unrolled","chck",1622650825222535166,1622650825242551098
32,"build/tests/sizes/cube-2960-stl-bin.geo","scan",1622650825243105905,1622650825246590573
32,"build/tests/sizes/cube-2960-stl-bin.geo","chck",1622650825242552063,1622650825246594936
32,"build/tests/sizes/cube-994-geo.geo_unrolled","scan",1622650825247666644,1622650825248716331
32,"build/tests/sizes/cube-994-geo.geo_unrolled","chck",1622650825246596316,1622650825248719655
32,"build/tests/sizes/cube-2239-asc.mesh","scan",1622650825262380325,1622650825425988295
32,"build/tests/sizes/cube-2239-asc.mesh","chck",1622650825248720943,1622650825425995472
32,"build/tests/sizes/cube-2393-bin.msh4","scan",1622650825426639395,1622650825514610513
32,"build/tests/sizes/cube-2393-bin.msh4","chck",1622650825425996640,1622650825514616757
32,"build/tests/sizes/cube-2245-geo.geo_unrolled","scan",1622650825536116550,1622650825537529560
32,"build/tests/sizes/cube-2245-geo.geo_unrolled","chck",1622650825514617908,1622650825537536177
32,"build/tests/sizes/cube-81-asc.mesh","scan",1622650825550775598,1622650826778763869
32,"build/tests/sizes/cube-81-asc.mesh","chck",1622650825537537400,1622650826778771429
32,"build/tests/sizes/cube-3667-geo.geo","scan",1622650826779464808,1622650826780901998
32,"build/tests/sizes/cube-3667-geo.geo","chck",1622650826778772544,1622650826780906557
32,"build/tests/sizes/cube-2438-geo.geo_unrolled","scan",1622650826781464555,1622650826782549409
32,"build/tests/sizes/cube-2438-geo.geo_unrolled","chck",1622650826780907499,1622650826782552593
32,"build/tests/sizes/cube-1883-geo.geo","scan",1622650826796888307,1622650826798306648
32,"build/tests/sizes/cube-1883-geo.geo","chck",1622650826782553480,1622650826798311255
32,"build/tests/sizes/cube-1621-bin.vtk","scan",1622650826808698188,1622650826863854278
32,"build/tests/sizes/cube-1621-bin.vtk","chck",1622650826798312685,1622650826863859768
32,"build/tests/sizes/cube-1518-stl-bin.geo","scan",1622650826877308519,1622650827043787485
32,"build/tests/sizes/cube-1518-stl-bin.geo","chck",1622650826863861232,1622650827043794650
32,"build/tests/sizes/cube-2374-bin.msh2","scan",1622650827044435452,1622650829312746520
32,"build/tests/sizes/cube-2374-bin.msh2","chck",1622650827043795822,1622650829312754081
32,"build/tests/sizes/cube-2059-bin.msh2","scan",1622650829313549850,1622650829318593816
32,"build/tests/sizes/cube-2059-bin.msh2","chck",1622650829312755477,1622650829318599908
32,"build/tests/sizes/cube-3146-bin.vtk","scan",1622650829319129464,1622650829328090563
32,"build/tests/sizes/cube-3146-bin.vtk","chck",1622650829318601024,1622650829328097252
32,"build/tests/sizes/cube-832-bin.msh4","scan",1622650829337403573,1622650829367765496
32,"build/tests/sizes/cube-832-bin.msh4","chck",1622650829328098322,1622650829367772191
32,"build/tests/sizes/cube-309-geo.geo","scan",1622650829383760805,1622650829385197151
32,"build/tests/sizes/cube-309-geo.geo","chck",1622650829367773400,1622650829385202916
32,"build/tests/sizes/cube-3077-geo.geo","scan",1622650829385746010,1622650829386996809
32,"build/tests/sizes/cube-3077-geo.geo","chck",1622650829385204050,1622650829387000004
32,"build/tests/sizes/cube-624-bin.vtk","scan",1622650829413433550,1622650831796197091
32,"build/tests/sizes/cube-624-bin.vtk","chck",1622650829387122510,1622650831796204601
32,"build/tests/sizes/cube-1679-asc.msh2","scan",1622650831813625293,1622650831823846477
32,"build/tests/sizes/cube-1679-asc.msh2","chck",1622650831796205865,1622650831823852465
32,"build/tests/sizes/cube-2408-asc.bdf","scan",1622650831824890794,1622650841933772326
32,"build/tests/sizes/cube-2408-asc.bdf","chck",1622650831823853638,1622650841933779955
32,"build/tests/sizes/cube-409-bin.vtk","scan",1622650841947611087,1622650842816429218
32,"build/tests/sizes/cube-409-bin.vtk","chck",1622650841933781224,1622650842816436463
32,"build/tests/sizes/cube-818-asc.mesh","scan",1622650842831345956,1622650844578075002
32,"build/tests/sizes/cube-818-asc.mesh","chck",1622650842816437540,1622650844578081403
32,"build/tests/sizes/cube-3463-asc.mesh","scan",1622650844578896852,1622650846223684151
32,"build/tests/sizes/cube-3463-asc.mesh","chck",1622650844578082462,1622650846223691197
32,"build/tests/sizes/cube-1444-asc.bdf","scan",1622650846239274977,1622650846279621094
32,"build/tests/sizes/cube-1444-asc.bdf","chck",1622650846223692385,1622650846279627274
32,"build/tests/sizes/cube-2743-bin.msh4","scan",1622650846280216422,1622650846285186874
32,"build/tests/sizes/cube-2743-bin.msh4","chck",1622650846279628459,1622650846285191020
32,"cube-1301-bin","prep",1622650846286435372,1622650846287155352
32,"cube-1301-bin","zzzz",1622650846287159451,1622650846306463224,1103,1970,5910
32,"cube-1301-bin","post",1622650846306481695,1622650846306731287
32,"cube-1663-bin","prep",1622650846306821355,1622650846506266509
32,"cube-1663-bin","zzzz",1622650846506272864,1622650896178768119,328818,461110,1383330
32,"cube-1663-bin","post",1622650896178793485,1622650896207493901
32,"cube-2115-asc","prep",1622650896207979913,1622650896253232036
32,"cube-2115-asc","zzzz",1622650896253238123,1622650903625446553,88108,127026,381078
32,"cube-2115-asc","post",1622650903625455775,1622650903633112727
32,"cube-1805-geo","mesh",1622650903633168986,1622650903951519824
32,"cube-1805-geo","prep",1622650903952394939,1622650903968466756
32,"cube-1805-geo","zzzz",1622650903968470052,1622650905230445017,25293,37830,113490
32,"cube-1805-geo","post",1622650905230455268,1622650905234521577
32,"cube-2813-geo","mesh",1622650905234570119,1622650907790320477
32,"cube-2813-geo","prep",1622650907791166840,1622650908032693509
32,"cube-2813-geo","zzzz",1622650908032699415,1622650940119072173,244304,343967,1031901
32,"cube-2813-geo","post",1622650940119085260,1622650940167693191
32,"cube-803-bin","prep",1622650940168332113,1622650940168656623
32,"cube-803-bin","zzzz",1622650940168659162,1622650940171910454,245,514,1542
32,"cube-803-bin","post",1622650940171911605,1622650940172019903
32,"cube-2258-bin","prep",1622650940172029037,1622650940181979291
32,"cube-2258-bin","zzzz",1622650940181982248,1622650941289351396,23028,34528,103584
32,"cube-2258-bin","post",1622650941289381047,1622650941292046659
32,"cube-2036-geo","mesh",1622650941292244801,1622650942950563431
32,"cube-2036-geo","prep",1622650942951417391,1622650943095500501
32,"cube-2036-geo","zzzz",1622650943095506016,1622650960108418412,158419,224210,672630
32,"cube-2036-geo","post",1622650960108432085,1622650960138599063
32,"cube-2821-bin","prep",1622650960138669296,1622650960372643167
32,"cube-2821-bin","zzzz",1622650960372650040,1622651014506572210,348660,488419,1465257
32,"cube-2821-bin","post",1622651014506587143,1622651014602522663
32,"cube-21-asc","prep",1622651014602619548,1622651014615520218
32,"cube-21-asc","zzzz",1622651014615523423,1622651014620747226,348,729,2187
32,"cube-21-asc","post",1622651014620757325,1622651014620970265
32,"cube-3967-asc","prep",1622651014621009295,1622651014634131066
32,"cube-3967-asc","zzzz",1622651014634132729,1622651014639372152,349,730,2190
32,"cube-3967-asc","post",1622651014639381942,1622651014639550463
32,"cube-3400-bin","prep",1622651014639587816,1622651014653354367
32,"cube-3400-bin","zzzz",1622651014653356064,1622651014687251500,1665,3009,9027
32,"cube-3400-bin","post",1622651014687261319,1622651014687707459
32,"cube-1679-asc","prep",1622651014687770394,1622651014696226161
32,"cube-1679-asc","zzzz",1622651014696227632,1622651014697953117,135,314,942
32,"cube-1679-asc","post",1622651014697956802,1622651014698054993
32,"cube-3501-bin","prep",1622651014698080521,1622651014698511691
32,"cube-3501-bin","zzzz",1622651014698514082,1622651014701762171,238,505,1515
32,"cube-3501-bin","post",1622651014701771964,1622651014701933451
32,"cube-3686-bin","prep",1622651014701966668,1622651014818899217
32,"cube-3686-bin","zzzz",1622651014818904558,1622651046948271489,244608,344296,1032888
32,"cube-3686-bin","post",1622651046948285814,1622651046969692642
32,"cube-2438-geo","mesh",1622651046969727109,1622651048119334752
32,"cube-2438-geo","prep",1622651048120127110,1622651048249528043
32,"cube-2438-geo","zzzz",1622651048249533404,1622651056645606921,96471,138774,416322
32,"cube-2438-geo","post",1622651056645620110,1622651056690717251
32,"cube-1871-asc","prep",1622651056694569913,1622651057134088672
32,"cube-1871-asc","zzzz",1622651057134095539,1622651225935255112,774088,1065389,3196167
32,"cube-1871-asc","post",1622651225935268949,1622651226000939203
32,"cube-3408-asc","prep",1622651226001226572,1622651226058192302
32,"cube-3408-asc","zzzz",1622651226058197798,1622651234660139359,98154,141145,423435
32,"cube-3408-asc","post",1622651234660148517,1622651234668765371
32,"cube-2563-geo","mesh",1622651234668803440,1622651234701036726
32,"cube-2563-geo","prep",1622651234701865113,1622651234702989191
32,"cube-2563-geo","zzzz",1622651234702991250,1622651234736672544,1654,2996,8988
32,"cube-2563-geo","post",1622651234736688548,1622651234737127864
32,"cube-3482-geo","mesh",1622651234737330967,1622651242211229595
32,"cube-3482-geo","prep",1622651242288185368,1622651242733944452
32,"cube-3482-geo","zzzz",1622651242733950451,1622651366238037033,611268,845100,2535300
32,"cube-3482-geo","post",1622651366238050763,1622651366478337857
32,"cube-1418-asc","prep",1622651366478398271,1622651366558363875
32,"cube-1418-asc","zzzz",1622651366558369286,1622651374726155838,94462,136249,408747
32,"cube-1418-asc","post",1622651374726166955,1622651374734387606
32,"cube-1150-stl-bin","mesh",1622651374734425624,1622651376636515045
32,"cube-1150-stl-bin","prep",1622651376637331036,1622651376913732668
32,"cube-1150-stl-bin","zzzz",1622651376913739681,1622651403371017692,188783,302116,906348
32,"cube-1150-stl-bin","post",1622651403371032387,1622651403526232174
32,"cube-323-bin.cgns","prep",1622651403526268194,1622651403585846979
32,"cube-323-bin.cgns","zzzz",1622651403585851487,1622651403588069105,166,375,1125
32,"cube-323-bin.cgns","post",1622651403588072737,1622651403588282225
32,"cube-2552-bin.cgns","prep",1622651403588338249,1622651403590951211
32,"cube-2552-bin.cgns","zzzz",1622651403590954369,1622651404907564125,26189,38927,116781
32,"cube-2552-bin.cgns","post",1622651404907578258,1622651404907650440
32,"cube-1717-asc","prep",1622651404907780509,1622651404944722701
32,"cube-1717-asc","zzzz",1622651404944728288,1622651409961613413,67372,97713,293139
32,"cube-1717-asc","post",1622651409961624221,1622651409970135052
32,"cube-291-bin.cgns","prep",1622651409970168763,1622651409991267766
32,"cube-291-bin.cgns","zzzz",1622651409991273656,1622651410147643237,5531,8871,26613
32,"cube-291-bin.cgns","post",1622651410147652671,1622651410147700301
32,"cube-832-bin","prep",1622651410147790006,1622651410148553046
32,"cube-832-bin","zzzz",1622651410148554952,1622651410176935033,1451,2632,7896
32,"cube-832-bin","post",1622651410176944597,1622651410177191416
32,"cube-2408-asc","prep",1622651410177340183,1622651410657744842
32,"cube-2408-asc","zzzz",1622651410657750246,1622651732161785262,983750,1727278,5181834
32,"cube-2408-asc","post",1622651732161792295,1622651732255762147
32,"cube-3659-bin","prep",1622651732256084990,1622651732262502413
32,"cube-3659-bin","zzzz",1622651732262505647,1622651732318231747,2526,4299,12897
32,"cube-3659-bin","post",1622651732318247182,1622651732319003629
32,"cube-3667-geo","mesh",1622651732319397834,1622651732338619868
32,"cube-3667-geo","prep",1622651732339456588,1622651732340131630
32,"cube-3667-geo","zzzz",1622651732340133474,1622651732356463034,974,1735,5205
32,"cube-3667-geo","post",1622651732356472951,1622651732357040578
32,"cube-891-geo","mesh",1622651732357299928,1622651732423013485
32,"cube-891-geo","prep",1622651732423784964,1622651732426769611
32,"cube-891-geo","zzzz",1622651732426771483,1622651732554745295,4749,7700,23100
32,"cube-891-geo","post",1622651732554755222,1622651732556102049
32,"cube-3851-geo","mesh",1622651732556204206,1622651732910071041
32,"cube-3851-geo","prep",1622651732910890232,1622651732936957638
32,"cube-3851-geo","zzzz",1622651732936962251,1622651734533809729,29926,44458,133374
32,"cube-3851-geo","post",1622651734533820652,1622651734543374527
32,"cube-72-bin","prep",1622651734544080211,1622651734571333623
32,"cube-72-bin","zzzz",1622651734571338375,1622651738212654993,53455,78431,235293
32,"cube-72-bin","post",1622651738212665699,1622651738216991079
32,"cube-2245-geo","mesh",1622651738217152086,1622651741107556300
32,"cube-2245-geo","prep",1622651741108381455,1622651741476488927
32,"cube-2245-geo","zzzz",1622651741476495487,1622651773717167935,245482,345119,1035357
32,"cube-2245-geo","post",1622651773717181545,1622651773899683364
32,"cube-3319-bin","prep",1622651773903508931,1622651773923312656
32,"cube-3319-bin","zzzz",1622651773923314920,1622651773926626586,244,513,1539
32,"cube-3319-bin","post",1622651773926636757,1622651773927118106
32,"cube-1621-bin","prep",1622651773927135624,1622651773958776947
32,"cube-1621-bin","zzzz",1622651773958779361,1622651775042079490,22807,34008,102024
32,"cube-1621-bin","post",1622651775042089664,1622651775044293512
32,"cube-3743-stl-bin","mesh",1622651775044315890,1622651775173764158
32,"cube-3743-stl-bin","prep",1622651775174587832,1622651775182094317
32,"cube-3743-stl-bin","zzzz",1622651775182097237,1622651775762890298,10822,22088,66264
32,"cube-3743-stl-bin","post",1622651775762900045,1622651775766678553
32,"cube-3411-geo","mesh",1622651775766699092,1622651775807952714
32,"cube-3411-geo","prep",1622651775808742701,1622651775810326226
32,"cube-3411-geo","zzzz",1622651775810328120,1622651775864052911,2445,4189,12567
32,"cube-3411-geo","post",1622651775864062740,1622651775865188839
32,"cube-2105-bin","prep",1622651775865495407,1622651775941587433
32,"cube-2105-bin","zzzz",1622651775941594036,1622651791926860066,151585,214933,644799
32,"cube-2105-bin","post",1622651791926873643,1622651791942015583
32,"cube-277-geo","mesh",1622651791942054237,1622651791957572394
32,"cube-277-geo","prep",1622651791958438528,1622651791958858142
32,"cube-277-geo","zzzz",1622651791958860570,1622651791966632001,490,988,2964
32,"cube-277-geo","post",1622651791966641805,1622651791967135944
32,"cube-2374-bin","prep",1622651791967175166,1622651792190470612
32,"cube-2374-bin","zzzz",1622651792190477218,1622651869504154929,445106,619395,1858185
32,"cube-2374-bin","post",1622651869504168704,1622651869543500694
32,"cube-2317-bin","prep",1622651869543538616,1622651869547439191
32,"cube-2317-bin","zzzz",1622651869547441770,1622651869695383864,5311,8529,25587
32,"cube-2317-bin","post",1622651869695394103,1622651869697040923
32,"cube-1387-bin","prep",1622651869697062448,1622651869697365571
32,"cube-1387-bin","zzzz",1622651869697366842,1622651869700735033,249,520,1560
32,"cube-1387-bin","post",1622651869700744880,1622651869701047656
32,"cube-467-bin","prep",1622651869701081667,1622651869768895071
32,"cube-467-bin","zzzz",1622651869768901067,1622651882586673853,130265,185081,555243
32,"cube-467-bin","post",1622651882586684344,1622651882598517895
32,"cube-3463-asc","prep",1622651882598559738,1622651882865694011
32,"cube-3463-asc","zzzz",1622651882865699852,1622651994269339381,569995,789374,2368122
32,"cube-3463-asc","post",1622651994269353413,1622651994316494568
32,"cube-2838-stl-bin","mesh",1622651994316535908,1622651994335864461
32,"cube-2838-stl-bin","prep",1622651994336712925,1622651994337985985
32,"cube-2838-stl-bin","zzzz",1622651994337988581,1622651994399214818,1727,4592,13776
32,"cube-2838-stl-bin","post",1622651994399224826,1622651994400017869
32,"cube-2308-asc","prep",1622651994400036659,1622651995314190972
32,"cube-2308-asc","zzzz",1622651995314198625,1622652435178485898,1597415,2185066,6555198
32,"cube-2308-asc","post",1622652435178500365,1622652435434077632
32,"cube-818-asc","prep",1622652435434529191,1622652435684183602
32,"cube-818-asc","zzzz",1622652435684190070,1622652537359261163,536431,743010,2229030
32,"cube-818-asc","post",1622652537359274548,1622652537402495304
32,"cube-409-bin","prep",1622652537402535463,1622652537521816978
32,"cube-409-bin","zzzz",1622652537521823094,1622652563862450728,213964,301195,903585
32,"cube-409-bin","post",1622652563862461961,1622652563893931179
32,"cube-2960-stl-bin","mesh",1622652563893965416,1622652563903407351
32,"cube-2960-stl-bin","prep",1622652563904293881,1622652563904695669
32,"cube-2960-stl-bin","zzzz",1622652563904697670,1622652563919375718,495,1602,4806
32,"cube-2960-stl-bin","post",1622652563919380720,1622652563919525092
32,"cube-309-geo","mesh",1622652563919540771,1622652563940472203
32,"cube-309-geo","prep",1622652563941295798,1622652563942089923
32,"cube-309-geo","zzzz",1622652563942091916,1622652563959919098,1059,1855,5565
32,"cube-309-geo","post",1622652563959935402,1622652563960367766
32,"cube-672-asc","prep",1622652563960645547,1622652563961516814
32,"cube-672-asc","zzzz",1622652563961518817,1622652563991031078,1487,2712,8136
32,"cube-672-asc","post",1622652563991047346,1622652563991260088
32,"cube-496-bin","prep",1622652563991283283,1622652564424860483
32,"cube-496-bin","zzzz",1622652564424867514,1622652742202978438,804764,1107599,3322797
32,"cube-496-bin","post",1622652742202994000,1622652742270544908
32,"cube-3077-geo","mesh",1622652742270577981,1622652746595961271
32,"cube-3077-geo","prep",1622652746596822474,1622652747006061285
32,"cube-3077-geo","zzzz",1622652747006066107,1622652811205772846,392844,547296,1641888
32,"cube-3077-geo","post",1622652811205786380,1622652811341965323
32,"cube-1573-geo","mesh",1622652811342113571,1622652811818637391
32,"cube-1573-geo","prep",1622652811819530256,1622652811858526914
32,"cube-1573-geo","zzzz",1622652811858531627,1622652813910328215,35826,52908,158724
32,"cube-1573-geo","post",1622652813910341771,1622652813929374798
32,"cube-2-geo","mesh",1622652813929409831,1622652817629738806
32,"cube-2-geo","prep",1622652817630594306,1622652817976634848
32,"cube-2-geo","zzzz",1622652817976640240,1622652867556554406,328397,460529,1381587
32,"cube-2-geo","post",1622652867556568178,1622652867692440288
32,"cube-3707-bin","prep",1622652867692477911,1622652868333864356
32,"cube-3707-bin","zzzz",1622652868333870961,1622653132260242884,1085436,1489640,4468920
32,"cube-3707-bin","post",1622653132260256887,1622653132398719363
32,"cube-1469-asc","prep",1622653132398763195,1622653132409029074
32,"cube-1469-asc","zzzz",1622653132409032618,1622653132420165532,679,1298,3894
32,"cube-1469-asc","post",1622653132420175599,1622653132420317485
32,"cube-3372-bin","prep",1622653132420337186,1622653132428319733
32,"cube-3372-bin","zzzz",1622653132428321669,1622653132436133634,495,992,2976
32,"cube-3372-bin","post",1622653132436143765,1622653132436334769
32,"cube-1872-bin","prep",1622653132436388260,1622653132464871045
32,"cube-1872-bin","zzzz",1622653132464873180,1622653135052842003,42024,62001,186003
32,"cube-1872-bin","post",1622653135052855986,1622653135057344532
32,"cube-2066-bin.cgns","prep",1622653135057408673,1622653135283554373
32,"cube-2066-bin.cgns","zzzz",1622653135283562437,1622653619949567787,1719917,2349941,7049823
32,"cube-2066-bin.cgns","post",1622653619949574679,1622653619949612801
32,"cube-402-asc","prep",1622653619950166237,1622653620062546447
32,"cube-402-asc","zzzz",1622653620062552097,1622653643864756161,199499,281299,843897
32,"cube-402-asc","post",1622653643864765520,1622653643890550801
32,"cube-2241-bin.cgns","prep",1622653643890590077,1622653643892096886
32,"cube-2241-bin.cgns","zzzz",1622653643892100751,1622653644055199033,5700,9123,27369
32,"cube-2241-bin.cgns","post",1622653644055479588,1622653644055517108
32,"cube-2624-asc","prep",1622653644055608339,1622653644529367922
32,"cube-2624-asc","zzzz",1622653644529373605,1622653854751471301,913445,1255982,3767946
32,"cube-2624-asc","post",1622653854751485381,1622653854843428110
32,"cube-2835-geo","mesh",1622653854843463205,1622653863392523867
32,"cube-2835-geo","prep",1622653863501913225,1622653864083088150
32,"cube-2835-geo","zzzz",1622653864083093094,1622654042341752544,806033,1109848,3329544
32,"cube-2835-geo","post",1622654042341766798,1622654042587624065
32,"cube-903-bin","prep",1622654042587735459,1622654042597552309
32,"cube-903-bin","zzzz",1622654042597554663,1622654042600921649,248,519,1557
32,"cube-903-bin","post",1622654042600931734,1622654042601189440
32,"cube-443-geo","mesh",1622654042601229622,1622654043075023913
32,"cube-443-geo","prep",1622654043076237430,1622654043111762619
32,"cube-443-geo","zzzz",1622654043111767211,1622654045525650833,40077,59082,177246
32,"cube-443-geo","post",1622654045525665177,1622654045545874720
32,"cube-2044-bin","prep",1622654045547168853,1622654045552636083
32,"cube-2044-bin","zzzz",1622654045552638289,1622654045557860548,348,729,2187
32,"cube-2044-bin","post",1622654045557870539,1622654045558061743
32,"cube-2905-asc","prep",1622654045558096213,1622654045559087695
32,"cube-2905-asc","zzzz",1622654045559089047,1622654045562449527,248,519,1557
32,"cube-2905-asc","post",1622654045562459631,1622654045562644233
32,"cube-2461-asc","prep",1622654045562679011,1622654045604916160
32,"cube-2461-asc","zzzz",1622654045604921090,1622654051688534095,76858,111419,334257
32,"cube-2461-asc","post",1622654051688543377,1622654051695589916
32,"cube-481-stl-bin","mesh",1622654051695704853,1622654052243018406
32,"cube-481-stl-bin","prep",1622654052243913096,1622654052311215152
32,"cube-481-stl-bin","zzzz",1622654052311221521,1622654057153794686,54800,95276,285828
32,"cube-481-stl-bin","post",1622654057153804345,1622654057183434631
32,"cube-2743-bin","prep",1622654057183513684,1622654057194507432
32,"cube-2743-bin","zzzz",1622654057194510703,1622654057510426606,9146,14467,43401
32,"cube-2743-bin","post",1622654057510436196,1622654057511735642
32,"cube-2619-bin","prep",1622654057511963420,1622654057519526038
32,"cube-2619-bin","zzzz",1622654057519529591,1622654057689672457,5909,9406,28218
32,"cube-2619-bin","post",1622654057689681031,1622654057691043236
32,"cube-3191-bin","prep",1622654057691190336,1622654057691696761
32,"cube-3191-bin","zzzz",1622654057691698953,1622654057695735996,291,600,1800
32,"cube-3191-bin","post",1622654057695740837,1622654057695822524
32,"cube-2082-asc","prep",1622654057695836723,1622654057850232435
32,"cube-2082-asc","zzzz",1622654057850238162,1622654099328434650,291461,408676,1226028
32,"cube-2082-asc","post",1622654099328448675,1622654099354336790
32,"cube-433-bin","prep",1622654099354487610,1622654100389680114
32,"cube-433-bin","zzzz",1622654100389687577,1622654639702010597,1863992,2545996,7637988
32,"cube-433-bin","post",1622654639702025990,1622654639855077480
32,"cube-683-bin","prep",1622654639855660895,1622654640020936288
32,"cube-683-bin","zzzz",1622654640020943067,1622654676254323698,265930,373273,1119819
32,"cube-683-bin","post",1622654676254353086,1622654676304000501
32,"cube-1861-asc","prep",1622654676304219466,1622654676312302700
32,"cube-1861-asc","zzzz",1622654676312306713,1622654676315603604,248,519,1557
32,"cube-1861-asc","post",1622654676315605221,1622654676315730487
32,"cube-2490-bin","prep",1622654676315748221,1622654676322254530
32,"cube-2490-bin","zzzz",1622654676322257911,1622654676357317736,1731,3096,9288
32,"cube-2490-bin","post",1622654676357320767,1622654676357596829
32,"cube-2059-bin","prep",1622654676357656232,1622654676361706961
32,"cube-2059-bin","zzzz",1622654676361709522,1622654676380456706,1072,1934,5802
32,"cube-2059-bin","post",1622654676380458409,1622654676380678005
32,"cube-3469-bin","prep",1622654676380699983,1622654676387654593
32,"cube-3469-bin","zzzz",1622654676387656733,1622654676888283433,12841,19959,59877
32,"cube-3469-bin","post",1622654676888300452,1622654676889719838
32,"cube-1994-bin","prep",1622654676889753545,1622654677469220667
32,"cube-1994-bin","zzzz",1622654677469228632,1622654934753632957,1064075,1461458,4384374
32,"cube-1994-bin","post",1622654934753656275,1622654934850935181
32,"cube-1743-bin","prep",1622654934851209704,1622654935238520585
32,"cube-1743-bin","zzzz",1622654935238526539,1622655088482501542,718653,990835,2972505
32,"cube-1743-bin","post",1622655088482555309,1622655088546111307
32,"cube-2239-asc","prep",1622655088546427187,1622655088564397335
32,"cube-2239-asc","zzzz",1622655088564401287,1622655090938108103,39579,58432,175296
32,"cube-2239-asc","post",1622655090938117889,1622655090941711797
32,"cube-366-stl-bin","mesh",1622655090941905390,1622655091036090314
32,"cube-366-stl-bin","prep",1622655091037347747,1622655091045066313
32,"cube-366-stl-bin","zzzz",1622655091045071863,1622655091465383212,8460,17645,52935
32,"cube-366-stl-bin","post",1622655091465392475,1622655091470031366
32,"cube-1444-asc","prep",1622655091470374147,1622655091472459154
32,"cube-1444-asc","zzzz",1622655091472461051,1622655091501156798,1467,2655,7965
32,"cube-1444-asc","post",1622655091501174145,1622655091501587592
32,"cube-81-asc","prep",1622655091501616327,1622655091687437149
32,"cube-81-asc","zzzz",1622655091687442764,1622655145571612439,347441,486892,1460676
32,"cube-81-asc","post",1622655145571629146,1622655145601770217
32,"cube-3621-asc","prep",1622655145601954273,1622655146818483827
32,"cube-3621-asc","zzzz",1622655146818490906,1622655879509949308,2350694,3203829,9611487
32,"cube-3621-asc","post",1622655879509959817,1622655879712340887
32,"cube-623-geo","mesh",1622655879712503999,1622655879744719233
32,"cube-623-geo","prep",1622655879745718429,1622655879746674036
32,"cube-623-geo","zzzz",1622655879746676351,1622655879772504490,1352,2453,7359
32,"cube-623-geo","post",1622655879772509196,1622655879772967415
32,"cube-144-geo","mesh",1622655879773811016,1622655879804304479
32,"cube-144-geo","prep",1622655879805112614,1622655879805841703
32,"cube-144-geo","zzzz",1622655879805843682,1622655879830805312,1314,2391,7173
32,"cube-144-geo","post",1622655879830810040,1622655879831241264
32,"cube-883-bin.cgns","prep",1622655879831971755,1622655879888944748
32,"cube-883-bin.cgns","zzzz",1622655879888950812,1622655880100645928,6889,10945,32835
32,"cube-883-bin.cgns","post",1622655880100653981,1622655880100722111
32,"cube-624-bin","prep",1622655880100818691,1622655880948966309
32,"cube-624-bin","zzzz",1622655880948974047,1622656305687755584,1556153,2128487,6385461
32,"cube-624-bin","post",1622656305687771919,1622656305821186106
32,"cube-3419-bin","prep",1622656305821274948,1622656305821774125
32,"cube-3419-bin","zzzz",1622656305821775414,1622656305825093808,245,514,1542
32,"cube-3419-bin","post",1622656305825103947,1622656305825625303
32,"cube-994-geo","mesh",1622656305825638911,1622656305836234693
32,"cube-994-geo","prep",1622656305837396219,1622656305837673615
32,"cube-994-geo","zzzz",1622656305837675364,1622656305841685564,286,595,1785
32,"cube-994-geo","post",1622656305841695538,1622656305842246323
32,"cube-2393-bin","prep",1622656305842282640,1622656305937283944
32,"cube-2393-bin","zzzz",1622656305937290078,1622656329829823885,200095,282054,846162
32,"cube-2393-bin","post",1622656329829845447,1622656329846299060
32,"cube-1883-geo","mesh",1622656329846502503,1622656330513985857
32,"cube-1883-geo","prep",1622656330514826597,1622656330563132972
32,"cube-1883-geo","zzzz",1622656330563137899,1622656334455689073,56024,82086,246258
32,"cube-1883-geo","post",1622656334455699635,1622656334478765144
32,"cube-2421-bin.cgns","prep",1622656334478802234,1622656334664694190
32,"cube-2421-bin.cgns","zzzz",1622656334664702237,1622656369627243138,259409,364360,1093080
32,"cube-2421-bin.cgns","post",1622656369627250053,1622656369627314165
32,"cube-1518-stl-bin","mesh",1622656369627413726,1622656371154334933
32,"cube-1518-stl-bin","prep",1622656371172671276,1622656371277486897
32,"cube-1518-stl-bin","zzzz",1622656371277494722,1622656389699262243,147402,236649,709947
32,"cube-1518-stl-bin","post",1622656389699801504,1622656389767481304
32,"cube-2618-asc","prep",1622656389767533362,1622656390102315450
32,"cube-2618-asc","zzzz",1622656390102320916,1622656512316702138,605741,839255,2517765
32,"cube-2618-asc","post",1622656512316716273,1622656512372914786
32,"cube-3146-bin","prep",1622656512372948699,1622656512376816478
32,"cube-3146-bin","zzzz",1622656512376819560,1622656512553137679,6029,9637,28911
32,"cube-3146-bin","post",1622656512553147951,1622656512553825494
32,"Proc","exit_task",1622650751065506048,1622656512588795058,5406556
