17,"build/tests/sizes/cube-1373-asc.mesh","scan",1622650769607930762,1622650770020712098
17,"build/tests/sizes/cube-1373-asc.mesh","chck",1622650769588138135,1622650770020876118
17,"build/tests/sizes/cube-2964-geo.geo","scan",1622650770021503674,1622650770023433176
17,"build/tests/sizes/cube-2964-geo.geo","chck",1622650770020877719,1622650770023438387
17,"build/tests/sizes/cube-815-asc.bdf","scan",1622650770055931076,1622650770088766326
17,"build/tests/sizes/cube-815-asc.bdf","chck",1622650770023439382,1622650770088772312
17,"build/tests/sizes/cube-3582-geo.geo_unrolled","scan",1622650770089679258,1622650770090817684
17,"build/tests/sizes/cube-3582-geo.geo_unrolled","chck",1622650770088773400,1622650770090822304
17,"build/tests/sizes/cube-2609-asc.msh2","scan",1622650770091385700,1622650770105319253
17,"build/tests/sizes/cube-2609-asc.msh2","chck",1622650770090823380,1622650770105324597
17,"build/tests/sizes/cube-2885-bin.vtk","scan",1622650770105905273,1622650770130850052
17,"build/tests/sizes/cube-2885-bin.vtk","chck",1622650770105325799,1622650770130856140
17,"build/tests/sizes/cube-1492-geo.geo_unrolled","scan",1622650770131801735,1622650770132928733
17,"build/tests/sizes/cube-1492-geo.geo_unrolled","chck",1622650770130857239,1622650770132933421
17,"build/tests/sizes/cube-1506-bin.msh4","scan",1622650770157184448,1622650770182356299
17,"build/tests/sizes/cube-1506-bin.msh4","chck",1622650770132934515,1622650770182369125
17,"build/tests/sizes/cube-992-bin.vtk","scan",1622650770193919588,1622650770209609145
17,"build/tests/sizes/cube-992-bin.vtk","chck",1622650770182370561,1622650770209615281
17,"build/tests/sizes/cube-657-asc.bdf","scan",1622650770229395849,1622650770281636632
17,"build/tests/sizes/cube-657-asc.bdf","chck",1622650770209616392,1622650770281642891
17,"build/tests/sizes/cube-2376-asc.bdf","scan",1622650770282227442,1622650770633543825
17,"build/tests/sizes/cube-2376-asc.bdf","chck",1622650770281644055,1622650770633567210
17,"build/tests/sizes/cube-2209-bin.msh2","scan",1622650770634246767,1622650770917319792
17,"build/tests/sizes/cube-2209-bin.msh2","chck",1622650770633568463,1622650770917325668
17,"build/tests/sizes/cube-1165-asc.msh2","scan",1622650770932326784,1622650771102103520
17,"build/tests/sizes/cube-1165-asc.msh2","chck",1622650770917326966,1622650771102111679
17,"build/tests/sizes/cube-1725-bin.vtk","scan",1622650771116785527,1622650771136884643
17,"build/tests/sizes/cube-1725-bin.vtk","chck",1622650771102112868,1622650771136892653
17,"build/tests/sizes/cube-3162-asc.mesh","scan",1622650771137502824,1622650771252079047
17,"build/tests/sizes/cube-3162-asc.mesh","chck",1622650771136893870,1622650771252086240
17,"build/tests/sizes/cube-2443-bin.msh4","scan",1622650771252840805,1622650771256563578
17,"build/tests/sizes/cube-2443-bin.msh4","chck",1622650771252087553,1622650771256569657
17,"build/tests/sizes/cube-1155-asc.bdf","scan",1622650771277162386,1622650771299267568
17,"build/tests/sizes/cube-1155-asc.bdf","chck",1622650771256570756,1622650771299274858
17,"build/tests/sizes/cube-3883-bin.cgns","scan",1622650771309289649,1622650771370999662
17,"build/tests/sizes/cube-3883-bin.cgns","chck",1622650771299276114,1622650771371007591
17,"build/tests/sizes/cube-965-geo.geo","scan",1622650771385939448,1622650771387657290
17,"build/tests/sizes/cube-965-geo.geo","chck",1622650771371008884,1622650771387664030
17,"build/tests/sizes/cube-200-stl-bin.geo","scan",1622650771400540959,1622650771902003163
17,"build/tests/sizes/cube-200-stl-bin.geo","chck",1622650771387665128,1622650771902011178
17,"build/tests/sizes/cube-1740-bin.msh4","scan",1622650771923968760,1622650771936858557
17,"build/tests/sizes/cube-1740-bin.msh4","chck",1622650771902012370,1622650771936865737
17,"build/tests/sizes/cube-3714-bin.cgns","scan",1622650771940091433,1622650772002148063
17,"build/tests/sizes/cube-3714-bin.cgns","chck",1622650771936866911,1622650772002154152
17,"build/tests/sizes/cube-998-geo.geo","scan",1622650772019026914,1622650772020583234
17,"build/tests/sizes/cube-998-geo.geo","chck",1622650772002155436,1622650772020589077
17,"build/tests/sizes/cube-3563-stl-bin.geo","scan",1622650772021207431,1622650772830900191
17,"build/tests/sizes/cube-3563-stl-bin.geo","chck",1622650772020593519,1622650772830924265
17,"build/tests/sizes/cube-3450-bin.msh4","scan",1622650772833880788,1622650772861699070
17,"build/tests/sizes/cube-3450-bin.msh4","chck",1622650772830925665,1622650772861707220
17,"build/tests/sizes/cube-1031-stl-bin.geo","scan",1622650772883801235,1622650772909470379
17,"build/tests/sizes/cube-1031-stl-bin.geo","chck",1622650772861708385,1622650772909476624
17,"build/tests/sizes/cube-2388-asc.mesh","scan",1622650772910050713,1622650772917307677
17,"build/tests/sizes/cube-2388-asc.mesh","chck",1622650772909477757,1622650772917313534
17,"build/tests/sizes/cube-308-bin.cgns","scan",1622650772941758238,1622650773045261684
17,"build/tests/sizes/cube-308-bin.cgns","chck",1622650772917314939,1622650773045269174
17,"build/tests/sizes/cube-871-bin.msh2","scan",1622650773061868285,1622650775034623435
17,"build/tests/sizes/cube-871-bin.msh2","chck",1622650773045270445,1622650775034638833
17,"build/tests/sizes/cube-1103-geo.geo","scan",1622650775050459595,1622650775051944412
17,"build/tests/sizes/cube-1103-geo.geo","chck",1622650775034640087,1622650775051951883
17,"build/tests/sizes/cube-310-bin.cgns","scan",1622650775067520965,1622650775219707694
17,"build/tests/sizes/cube-310-bin.cgns","chck",1622650775051953201,1622650775219716187
17,"build/tests/sizes/cube-2069-asc.msh2","scan",1622650775221308668,1622650775233434049
17,"build/tests/sizes/cube-2069-asc.msh2","chck",1622650775219717630,1622650775233448962
17,"build/tests/sizes/cube-2756-asc.msh2","scan",1622650775234039929,1622650775242443445
17,"build/tests/sizes/cube-2756-asc.msh2","chck",1622650775233450512,1622650775242451489
17,"build/tests/sizes/cube-3877-bin.msh4","scan",1622650775243038741,1622650775244380361
17,"build/tests/sizes/cube-3877-bin.msh4","chck",1622650775242452670,1622650775244385831
17,"build/tests/sizes/cube-2921-bin.vtk","scan",1622650775244949596,1622650775714642529
17,"build/tests/sizes/cube-2921-bin.vtk","chck",1622650775244387547,1622650775714651939
17,"build/tests/sizes/cube-1370-stl-bin.geo","scan",1622650775716540208,1622650775727047745
17,"build/tests/sizes/cube-1370-stl-bin.geo","chck",1622650775714653220,1622650775727056284
17,"build/tests/sizes/cube-2096-asc.mesh","scan",1622650775727635061,1622650775730218628
17,"build/tests/sizes/cube-2096-asc.mesh","chck",1622650775727057844,1622650775730225035
17,"build/tests/sizes/cube-2424-bin.vtk","scan",1622650775730815823,1622650775763297291
17,"build/tests/sizes/cube-2424-bin.vtk","chck",1622650775730226226,1622650775763304889
17,"build/tests/sizes/cube-1895-asc.mesh","scan",1622650775787085527,1622650775866170250
17,"build/tests/sizes/cube-1895-asc.mesh","chck",1622650775763305965,1622650775866177095
17,"build/tests/sizes/cube-1997-geo.geo_unrolled","scan",1622650775866871998,1622650775869204058
17,"build/tests/sizes/cube-1997-geo.geo_unrolled","chck",1622650775866178238,1622650775869208408
17,"build/tests/sizes/cube-2006-asc.bdf","scan",1622650775869756172,1622650778079060048
17,"build/tests/sizes/cube-2006-asc.bdf","chck",1622650775869209426,1622650778079077258
17,"build/tests/sizes/cube-3631-geo.geo_unrolled","scan",1622650778079906039,1622650778144862603
17,"build/tests/sizes/cube-3631-geo.geo_unrolled","chck",1622650778079078454,1622650778144868791
17,"build/tests/sizes/cube-692-stl-bin.geo","scan",1622650778156639850,1622650778904425389
17,"build/tests/sizes/cube-692-stl-bin.geo","chck",1622650778144870030,1622650778904433370
17,"build/tests/sizes/cube-1250-asc.mesh","scan",1622650778906387541,1622650778909450807
17,"build/tests/sizes/cube-1250-asc.mesh","chck",1622650778904434585,1622650778909456039
17,"build/tests/sizes/cube-3654-bin.vtk","scan",1622650778910075347,1622650782188966516
17,"build/tests/sizes/cube-3654-bin.vtk","chck",1622650778909457291,1622650782188976345
17,"build/tests/sizes/cube-131-asc.mesh","scan",1622650782207246064,1622650782232525818
17,"build/tests/sizes/cube-131-asc.mesh","chck",1622650782188977562,1622650782232534209
17,"build/tests/sizes/cube-881-asc.bdf","scan",1622650782254763847,1622650782293084077
17,"build/tests/sizes/cube-881-asc.bdf","chck",1622650782232773947,1622650782293092468
17,"build/tests/sizes/cube-1011-stl-bin.geo","scan",1622650782308632974,1622650782336568118
17,"build/tests/sizes/cube-1011-stl-bin.geo","chck",1622650782293093595,1622650782336576264
17,"build/tests/sizes/cube-1430-asc.msh2","scan",1622650782353088119,1622650783073041259
17,"build/tests/sizes/cube-1430-asc.msh2","chck",1622650782336577361,1622650783073048473
17,"build/tests/sizes/cube-3325-asc.bdf","scan",1622650783073654687,1622650790369190820
17,"build/tests/sizes/cube-3325-asc.bdf","chck",1622650783073049563,1622650790369197935
17,"build/tests/sizes/cube-3214-asc.mesh","scan",1622650790369829368,1622650790508841355
17,"build/tests/sizes/cube-3214-asc.mesh","chck",1622650790369198967,1622650790508848800
17,"build/tests/sizes/cube-130-geo.geo","scan",1622650790535621333,1622650790537067851
17,"build/tests/sizes/cube-130-geo.geo","chck",1622650790508850066,1622650790537074142
17,"build/tests/sizes/cube-550-bin.cgns","scan",1622650790563007695,1622650790708257608
17,"build/tests/sizes/cube-550-bin.cgns","chck",1622650790537075691,1622650790708264840
17,"build/tests/sizes/cube-255-geo.geo_unrolled","scan",1622650790719791335,1622650790721021721
17,"build/tests/sizes/cube-255-geo.geo_unrolled","chck",1622650790708265940,1622650790721026903
17,"build/tests/sizes/cube-1738-bin.cgns","scan",1622650790725854229,1622650790795630344
17,"build/tests/sizes/cube-1738-bin.cgns","chck",1622650790721027935,1622650790795637548
17,"build/tests/sizes/cube-3790-bin.msh4","scan",1622650790796294846,1622650790797611437
17,"build/tests/sizes/cube-3790-bin.msh4","chck",1622650790795638784,1622650790797616557
17,"build/tests/sizes/cube-1367-asc.msh2","scan",1622650790801570768,1622650799548153920
17,"build/tests/sizes/cube-1367-asc.msh2","chck",1622650790797617611,1622650799548167855
17,"build/tests/sizes/cube-1455-bin.msh4","scan",1622650799549842997,1622650800179696245
17,"build/tests/sizes/cube-1455-bin.msh4","chck",1622650799548169166,1622650800179703265
17,"build/tests/sizes/cube-1030-geo.geo_unrolled","scan",1622650800180893399,1622650800182145594
17,"build/tests/sizes/cube-1030-geo.geo_unrolled","chck",1622650800179704709,1622650800182151381
17,"build/tests/sizes/cube-2165-bin.msh2","scan",1622650800182755810,1622650800185936604
17,"build/tests/sizes/cube-2165-bin.msh2","chck",1622650800182152412,1622650800185941181
17,"build/tests/sizes/cube-2528-bin.vtk","scan",1622650800186527621,1622650800192355982
17,"build/tests/sizes/cube-2528-bin.vtk","chck",1622650800185942135,1622650800192374008
17,"build/tests/sizes/cube-935-geo.geo","scan",1622650800206916585,1622650800208313131
17,"build/tests/sizes/cube-935-geo.geo","chck",1622650800192374998,1622650800208319171
17,"build/tests/sizes/cube-724-asc.bdf","scan",1622650800229094974,1622650803400151116
17,"build/tests/sizes/cube-724-asc.bdf","chck",1622650800208320584,1622650803400176406
17,"build/tests/sizes/cube-1189-stl-bin.geo","scan",1622650803417766799,1622650803685214484
17,"build/tests/sizes/cube-1189-stl-bin.geo","chck",1622650803400177966,1622650803685229468
17,"build/tests/sizes/cube-202-asc.bdf","scan",1622650803698801787,1622650803938887309
17,"build/tests/sizes/cube-202-asc.bdf","chck",1622650803685230650,1622650803938894961
17,"build/tests/sizes/cube-2993-bin.cgns","scan",1622650803950143625,1622650804015625915
17,"build/tests/sizes/cube-2993-bin.cgns","chck",1622650803938896177,1622650804015633520
17,"build/tests/sizes/cube-326-geo.geo","scan",1622650804035495492,1622650804036918144
17,"build/tests/sizes/cube-326-geo.geo","chck",1622650804015634744,1622650804036924144
17,"build/tests/sizes/cube-1714-asc.msh2","scan",1622650804037937269,1622650810082867681
17,"build/tests/sizes/cube-1714-asc.msh2","chck",1622650804036925301,1622650810082884354
17,"build/tests/sizes/cube-2812-bin.vtk","scan",1622650810087230900,1622650810349707403
17,"build/tests/sizes/cube-2812-bin.vtk","chck",1622650810082885512,1622650810349714800
17,"build/tests/sizes/cube-111-geo.geo","scan",1622650810354353555,1622650810355857499
17,"build/tests/sizes/cube-111-geo.geo","chck",1622650810349718640,1622650810355863710
17,"build/tests/sizes/cube-2830-geo.geo_unrolled","scan",1622650810356413390,1622650810357596327
17,"build/tests/sizes/cube-2830-geo.geo_unrolled","chck",1622650810355864820,1622650810357600828
17,"build/tests/sizes/cube-3757-bin.msh2","scan",1622650810358180199,1622650810362259742
17,"build/tests/sizes/cube-3757-bin.msh2","chck",1622650810357601775,1622650810362263357
17,"build/tests/sizes/cube-559-asc.bdf","scan",1622650810375839307,1622650810385171260
17,"build/tests/sizes/cube-559-asc.bdf","chck",1622650810362264312,1622650810385177796
17,"build/tests/sizes/cube-1511-geo.geo","scan",1622650810406480178,1622650810407903458
17,"build/tests/sizes/cube-1511-geo.geo","chck",1622650810385178767,1622650810407909195
17,"build/tests/sizes/cube-1025-asc.mesh","scan",1622650810425680728,1622650810681066537
17,"build/tests/sizes/cube-1025-asc.mesh","chck",1622650810407910322,1622650810681074100
17,"build/tests/sizes/cube-693-bin.msh2","scan",1622650810682406572,1622650811733365544
17,"build/tests/sizes/cube-693-bin.msh2","chck",1622650810681075469,1622650811733373164
17,"build/tests/sizes/cube-3569-bin.cgns","scan",1622650811738963815,1622650811804946228
17,"build/tests/sizes/cube-3569-bin.cgns","chck",1622650811733374428,1622650811804953852
17,"build/tests/sizes/cube-722-bin.msh4","scan",1622650811820134865,1622650813912890932
17,"build/tests/sizes/cube-722-bin.msh4","chck",1622650811804955105,1622650813912898669
17,"build/tests/sizes/cube-2022-bin.vtk","scan",1622650813914229343,1622650813918451024
17,"build/tests/sizes/cube-2022-bin.vtk","chck",1622650813912899777,1622650813918464588
17,"build/tests/sizes/cube-796-bin.msh4","scan",1622650813928258847,1622650813965271749
17,"build/tests/sizes/cube-796-bin.msh4","chck",1622650813918465776,1622650813965284613
17,"build/tests/sizes/cube-1311-asc.mesh","scan",1622650813966791894,1622650813984321216
17,"build/tests/sizes/cube-1311-asc.mesh","chck",1622650813965286013,1622650813984328438
17,"build/tests/sizes/cube-1596-geo.geo","scan",1622650813988540752,1622650813989894886
17,"build/tests/sizes/cube-1596-geo.geo","chck",1622650813984329598,1622650813989899854
17,"build/tests/sizes/cube-2645-geo.geo","scan",1622650813990421995,1622650813991618385
17,"build/tests/sizes/cube-2645-geo.geo","chck",1622650813989900897,1622650813991621950
17,"build/tests/sizes/cube-3540-bin.cgns","scan",1622650813996629918,1622650814065760158
17,"build/tests/sizes/cube-3540-bin.cgns","chck",1622650813991622944,1622650814065767748
17,"build/tests/sizes/cube-2750-bin.vtk","scan",1622650814067465200,1622650814113056369
17,"build/tests/sizes/cube-2750-bin.vtk","chck",1622650814065769070,1622650814113064864
17,"build/tests/sizes/cube-3492-bin.vtk","scan",1622650814113759038,1622650815019788375
17,"build/tests/sizes/cube-3492-bin.vtk","chck",1622650814113066043,1622650815019796410
17,"build/tests/sizes/cube-1541-bin.cgns","scan",1622650815048440650,1622650815148619461
17,"build/tests/sizes/cube-1541-bin.cgns","chck",1622650815019797667,1622650815148627048
17,"build/tests/sizes/cube-2573-geo.geo","scan",1622650815149379358,1622650815150792807
17,"build/tests/sizes/cube-2573-geo.geo","chck",1622650815148628222,1622650815150797714
17,"build/tests/sizes/cube-3969-asc.mesh","scan",1622650815151348978,1622650816804502398
17,"build/tests/sizes/cube-3969-asc.mesh","chck",1622650815150798620,1622650816804509397
17,"build/tests/sizes/cube-719-geo.geo_unrolled","scan",1622650816820116946,1622650816821350857
17,"build/tests/sizes/cube-719-geo.geo_unrolled","chck",1622650816804510419,1622650816821367702
17,"build/tests/sizes/cube-1832-asc.mesh","scan",1622650816822703159,1622650819298410193
17,"build/tests/sizes/cube-1832-asc.mesh","chck",1622650816821368835,1622650819298416405
17,"build/tests/sizes/cube-3220-geo.geo_unrolled","scan",1622650819299013850,1622650819300213692
17,"build/tests/sizes/cube-3220-geo.geo_unrolled","chck",1622650819298417403,1622650819300217906
17,"build/tests/sizes/cube-2933-geo.geo_unrolled","scan",1622650819300936864,1622650819302041456
17,"build/tests/sizes/cube-2933-geo.geo_unrolled","chck",1622650819300369805,1622650819302044717
17,"build/tests/sizes/cube-1498-geo.geo","scan",1622650819316281829,1622650819317601495
17,"build/tests/sizes/cube-1498-geo.geo","chck",1622650819302045656,1622650819317604955
17,"build/tests/sizes/cube-1947-asc.bdf","scan",1622650819318111744,1622650826350995516
17,"build/tests/sizes/cube-1947-asc.bdf","chck",1622650819317605955,1622650826351001662
17,"build/tests/sizes/cube-166-bin.msh2","scan",1622650826352384304,1622650827079499137
17,"build/tests/sizes/cube-166-bin.msh2","chck",1622650826351002807,1622650827079505882
17,"build/tests/sizes/cube-3391-bin.vtk","scan",1622650827080146212,1622650827095121613
17,"build/tests/sizes/cube-3391-bin.vtk","chck",1622650827079506875,1622650827095128035
17,"build/tests/sizes/cube-905-geo.geo_unrolled","scan",1622650827096382892,1622650827097576571
17,"build/tests/sizes/cube-905-geo.geo_unrolled","chck",1622650827095129001,1622650827097579837
17,"build/tests/sizes/cube-2420-bin.msh2","scan",1622650827098108519,1622650827099878142
17,"build/tests/sizes/cube-2420-bin.msh2","chck",1622650827097580751,1622650827099881088
17,"build/tests/sizes/cube-2110-bin.msh4","scan",1622650827100386400,1622650827218718569
17,"build/tests/sizes/cube-2110-bin.msh4","chck",1622650827099881888,1622650827218725802
17,"cube-2110-bin","prep",1622650827219941572,1622650827344071734
17,"cube-2110-bin","zzzz",1622650827344081120,1622650856691028440,230266,323972,971916
17,"cube-2110-bin","post",1622650856691050528,1622650856710513762
17,"cube-719-geo","mesh",1622650856712268530,1622650856759561874
17,"cube-719-geo","prep",1622650856760422213,1622650856761736098
17,"cube-719-geo","zzzz",1622650856761738141,1622650856823699763,2738,4631,13893
17,"cube-719-geo","post",1622650856823707536,1622650856824167760
17,"cube-1596-geo","mesh",1622650856824243076,1622650857015048561
17,"cube-1596-geo","prep",1622650857015908557,1622650857021526617
17,"cube-1596-geo","zzzz",1622650857021530966,1622650857608767850,14468,22283,66849
17,"cube-1596-geo","post",1622650857608776604,1622650857611029157
17,"cube-2573-geo","mesh",1622650857611068499,1622650857855100278
17,"cube-2573-geo","prep",1622650857856266778,1622650857864785434
17,"cube-2573-geo","zzzz",1622650857864789298,1622650858855695656,21444,32005,96015
17,"cube-2573-geo","post",1622650858855707219,1622650858858988380
17,"cube-1492-geo","mesh",1622650858859034250,1622650859010704439
17,"cube-1492-geo","prep",1622650859011533842,1622650859017583028
17,"cube-1492-geo","zzzz",1622650859017586327,1622650859413803882,10780,16936,50808
17,"cube-1492-geo","post",1622650859413813154,1622650859415546856
17,"cube-326-geo","mesh",1622650859415586486,1622650865767906172
17,"cube-326-geo","prep",1622650865768753695,1622650866374981657
17,"cube-326-geo","zzzz",1622650866374987782,1622650968401697880,536976,744713,2234139
17,"cube-326-geo","post",1622650968401705029,1622650968500886151
17,"cube-2376-asc","prep",1622650968504389148,1622650968535539699
17,"cube-2376-asc","zzzz",1622650968535545641,1622650971529954395,46598,68592,205776
17,"cube-2376-asc","post",1622650971529967781,1622650971535774745
17,"cube-3969-asc","prep",1622650971535811564,1622650971783168737
17,"cube-3969-asc","zzzz",1622650971783174220,1622651077342198626,549762,761695,2285085
17,"cube-3969-asc","post",1622651077342213953,1622651077386215524
17,"cube-998-geo","mesh",1622651077386495023,1622651100519954968
17,"cube-998-geo","prep",1622651100520784899,1622651102951188572
17,"cube-998-geo","zzzz",1622651102951194994,1622651787131413885,2235290,3043376,9130128
17,"cube-998-geo","post",1622651787133304997,1622651787570517116
17,"cube-2756-asc","prep",1622651787579895951,1622651787619798586
17,"cube-2756-asc","zzzz",1622651787619802503,1622651787636380298,988,1757,5271
17,"cube-2756-asc","post",1622651787636390333,1622651787636812838
17,"cube-657-asc","prep",1622651787637005997,1622651787644814690
17,"cube-657-asc","zzzz",1622651787644816761,1622651787731344603,3559,5854,17562
17,"cube-657-asc","post",1622651787731354483,1622651787731894452
17,"cube-3877-bin","prep",1622651787731928304,1622651787732071632
17,"cube-3877-bin","zzzz",1622651787732072574,1622651787735392559,245,514,1542
17,"cube-3877-bin","post",1622651787735402436,1622651787735713001
17,"cube-2921-bin","prep",1622651787735747158,1622651787890793035
17,"cube-2921-bin","zzzz",1622651787890798280,1622651824882752524,269761,378431,1135293
17,"cube-2921-bin","post",1622651824882766638,1622651824930876880
17,"cube-905-geo","mesh",1622651824930915347,1622651826020739512
17,"cube-905-geo","prep",1622651826021541438,1622651826115526190
17,"cube-905-geo","zzzz",1622651826115531359,1622651834227443922,94298,135623,406869
17,"cube-905-geo","post",1622651834227461972,1622651834261517424
17,"cube-166-bin","prep",1622651834263232194,1622651834320259188
17,"cube-166-bin","zzzz",1622651834320264778,1622651842920139038,98206,141096,423288
17,"cube-166-bin","post",1622651842920153415,1622651842928462571
17,"cube-3325-asc","prep",1622651842928499820,1622651843431713518
17,"cube-3325-asc","zzzz",1622651843431717242,1622652086439123507,958195,1400206,4200618
17,"cube-3325-asc","post",1622652086439138292,1622652086555932779
17,"cube-2964-geo","mesh",1622652086555977874,1622652091367344983
17,"cube-2964-geo","prep",1622652091368130685,1622652091825594932
17,"cube-2964-geo","zzzz",1622652091825600868,1622652174130024140,464178,645746,1937238
17,"cube-2964-geo","post",1622652174130038430,1622652174262479153
17,"cube-3220-geo","mesh",1622652174262547062,1622652194099642249
17,"cube-3220-geo","prep",1622652194100461727,1622652196091988075
17,"cube-3220-geo","zzzz",1622652196091994211,1622652746163348578,1892077,2584005,7752015
17,"cube-3220-geo","post",1622652746163378088,1622652746621605901
17,"cube-2096-asc","prep",1622652746622484342,1622652746642802605
17,"cube-2096-asc","zzzz",1622652746642806895,1622652746648028021,348,729,2187
17,"cube-2096-asc","post",1622652746648038230,1622652746648402686
17,"cube-2424-bin","prep",1622652746648447959,1622652746663943082
17,"cube-2424-bin","zzzz",1622652746663944677,1622652747193179172,13415,20722,62166
17,"cube-2424-bin","post",1622652747193189066,1622652747196330865
17,"cube-2993-bin.cgns","prep",1622652747196354469,1622652747197768762
17,"cube-2993-bin.cgns","zzzz",1622652747197770971,1622652747201173376,253,524,1572
17,"cube-2993-bin.cgns","post",1622652747201183394,1622652747201385027
17,"cube-308-bin.cgns","prep",1622652747201441622,1622652747216912192
17,"cube-308-bin.cgns","zzzz",1622652747216914780,1622652747222134034,348,729,2187
17,"cube-308-bin.cgns","post",1622652747222143922,1622652747222186142
17,"cube-3214-asc","prep",1622652747222277299,1622652747223417088
17,"cube-3214-asc","zzzz",1622652747223418881,1622652747239934653,986,1750,5250
17,"cube-3214-asc","post",1622652747239944603,1622652747240449630
17,"cube-1430-asc","prep",1622652747240509895,1622652747293125728
17,"cube-1430-asc","zzzz",1622652747293130419,1622652755744525733,96951,139486,418458
17,"cube-1430-asc","post",1622652755744534813,1622652755755918560
17,"cube-1031-stl-bin","mesh",1622652755755958800,1622652755767448980
17,"cube-1031-stl-bin","prep",1622652755768273539,1622652755769018932
17,"cube-1031-stl-bin","zzzz",1622652755769021794,1622652755797718085,1037,2656,7968
17,"cube-1031-stl-bin","post",1622652755797733261,1622652755797988009
17,"cube-1250-asc","prep",1622652755798123834,1622652755798983432
17,"cube-1250-asc","zzzz",1622652755798984855,1622652755804638548,372,777,2331
17,"cube-1250-asc","post",1622652755804643303,1622652755804932386
17,"cube-3631-geo","mesh",1622652755804945899,1622652756837523942
17,"cube-3631-geo","prep",1622652756838318601,1622652756926795301
17,"cube-3631-geo","zzzz",1622652756926800430,1622652763852624001,84657,121786,365358
17,"cube-3631-geo","post",1622652763852638028,1622652763899134501
17,"cube-202-asc","prep",1622652763901517527,1622652763922837109
17,"cube-202-asc","zzzz",1622652763922840455,1622652765001633308,22608,33947,101841
17,"cube-202-asc","post",1622652765002120201,1622652765004892304
17,"cube-1541-bin.cgns","prep",1622652765004925521,1622652765024353161
17,"cube-1541-bin.cgns","zzzz",1622652765024374643,1622652765029600586,348,729,2187
17,"cube-1541-bin.cgns","post",1622652765029610505,1622652765029665456
17,"cube-1997-geo","mesh",1622652765029765861,1622652776206117807
17,"cube-1997-geo","prep",1622652776207173150,1622652777268490123
17,"cube-1997-geo","zzzz",1622652777268496544,1622653023236823825,1028285,1412968,4238904
17,"cube-1997-geo","post",1622653023236838168,1622653023515368364
17,"cube-1311-asc","prep",1622653023515935646,1622653023531776796
17,"cube-1311-asc","zzzz",1622653023531780250,1622653023663070654,4841,7839,23517
17,"cube-1311-asc","post",1622653023663080756,1622653023664274164
17,"cube-1370-stl-bin","mesh",1622653023664322360,1622653023673041663
17,"cube-1370-stl-bin","prep",1622653023673856089,1622653023673978368
17,"cube-1370-stl-bin","zzzz",1622653023673979849,1622653023677779901,144,571,1713
17,"cube-1370-stl-bin","post",1622653023677789847,1622653023678022213
17,"cube-3714-bin.cgns","prep",1622653023678052589,1622653023679179468
17,"cube-3714-bin.cgns","zzzz",1622653023679181802,1622653023709272811,1527,2751,8253
17,"cube-3714-bin.cgns","post",1622653023709282540,1622653023709401434
17,"cube-1103-geo","mesh",1622653023709496785,1622653023797536806
17,"cube-1103-geo","prep",1622653023798351300,1622653023801306922
17,"cube-1103-geo","zzzz",1622653023801308966,1622653023931210663,4800,7781,23343
17,"cube-1103-geo","post",1622653023931220685,1622653023932897879
17,"cube-310-bin.cgns","prep",1622653023933057130,1622653024045790509
17,"cube-310-bin.cgns","zzzz",1622653024045798321,1622653047144188537,194998,275683,827049
17,"cube-310-bin.cgns","post",1622653047144202501,1622653047144267173
17,"cube-871-bin","prep",1622653047144427155,1622653047418268936
17,"cube-871-bin","zzzz",1622653047418274653,1622653132432380622,474615,659775,1979325
17,"cube-871-bin","post",1622653132432394826,1622653132518736416
17,"cube-992-bin","prep",1622653132518774191,1622653132525626790
17,"cube-992-bin","zzzz",1622653132525629935,1622653132551532143,1354,2457,7371
17,"cube-992-bin","post",1622653132551542182,1622653132552065753
17,"cube-3569-bin.cgns","prep",1622653132552112819,1622653132553702358
17,"cube-3569-bin.cgns","zzzz",1622653132553704631,1622653132561534705,497,994,2982
17,"cube-3569-bin.cgns","post",1622653132561544612,1622653132561593939
17,"cube-3790-bin","prep",1622653132561691608,1622653132562205415
17,"cube-3790-bin","zzzz",1622653132562206553,1622653132567434812,348,729,2187
17,"cube-3790-bin","post",1622653132567444790,1622653132567629969
17,"cube-3654-bin","prep",1622653132567661387,1622653133692721283
17,"cube-3654-bin","zzzz",1622653133692727484,1622653789900721064,2163283,2949580,8848740
17,"cube-3654-bin","post",1622653789900729400,1622653790102701866
17,"cube-1030-geo","mesh",1622653790103377864,1622653790121751738
17,"cube-1030-geo","prep",1622653790122616895,1622653790122849017
17,"cube-1030-geo","zzzz",1622653790122850776,1622653790126290624,257,530,1590
17,"cube-1030-geo","post",1622653790126306800,1622653790126468185
17,"cube-550-bin.cgns","prep",1622653790126483277,1622653790159349738
17,"cube-550-bin.cgns","zzzz",1622653790159353147,1622653792578134947,40112,59165,177495
17,"cube-550-bin.cgns","post",1622653792578156589,1622653792578195845
17,"cube-3540-bin.cgns","prep",1622653792578285159,1622653792668823381
17,"cube-3540-bin.cgns","zzzz",1622653792668832318,1622654026373972364,989461,1359801,4079403
17,"cube-3540-bin.cgns","post",1622654026373985876,1622654026374052738
17,"cube-1511-geo","mesh",1622654026374145401,1622654035394249962
17,"cube-1511-geo","prep",1622654035395050360,1622654036237216377
17,"cube-1511-geo","zzzz",1622654036237222413,1622654215396169423,809773,1114036,3342108
17,"cube-1511-geo","post",1622654215396183007,1622654215617096587
17,"cube-3883-bin.cgns","prep",1622654215617185488,1622654215757855732
17,"cube-3883-bin.cgns","zzzz",1622654215757864381,1622654504742319826,1161674,1594502,4783506
17,"cube-3883-bin.cgns","post",1622654504742331307,1622654504742379040
17,"cube-2006-asc","prep",1622654504742469833,1622654504913271569
17,"cube-2006-asc","zzzz",1622654504913278285,1622654550903059769,312441,437947,1313841
17,"cube-2006-asc","post",1622654550903069980,1622654550930010201
17,"cube-1189-stl-bin","mesh",1622654550930055292,1622654552535852246
17,"cube-1189-stl-bin","prep",1622654552536671675,1622654552693610928
17,"cube-1189-stl-bin","zzzz",1622654552693618225,1622654571863169304,151560,243061,729183
17,"cube-1189-stl-bin","post",1622654571863180720,1622654571924980714
17,"cube-1895-asc","prep",1622654571925015972,1622654571941288524
17,"cube-1895-asc","zzzz",1622654571941291139,1622654572531392475,14508,22333,66999
17,"cube-1895-asc","post",1622654572531402529,1622654572533808598
17,"cube-2885-bin","prep",1622654572533835272,1622654572547435964
17,"cube-2885-bin","zzzz",1622654572547437748,1622654573167831925,15055,23122,69366
17,"cube-2885-bin","post",1622654573167842565,1622654573169676552
17,"cube-1373-asc","prep",1622654573169697368,1622654573222144950
17,"cube-1373-asc","zzzz",1622654573222149982,1622654581507627712,95798,137613,412839
17,"cube-1373-asc","post",1622654581507641840,1622654581516583246
17,"cube-815-asc","prep",1622654581516619445,1622654581517456079
17,"cube-815-asc","zzzz",1622654581517458986,1622654581547663268,1538,2759,8277
17,"cube-815-asc","post",1622654581547673822,1622654581548140549
17,"cube-881-asc","prep",1622654581548536490,1622654581549226450
17,"cube-881-asc","zzzz",1622654581549227855,1622654581568093346,1078,1935,5805
17,"cube-881-asc","post",1622654581568103143,1622654581568444440
17,"cube-2388-asc","prep",1622654581568564691,1622654581569584240
17,"cube-2388-asc","zzzz",1622654581569585987,1622654581599966668,1548,2771,8313
17,"cube-2388-asc","post",1622654581599976551,1622654581600511416
17,"cube-1832-asc","prep",1622654581600744011,1622654581993504602
17,"cube-1832-asc","zzzz",1622654581993512283,1622654752548938266,779271,1073675,3221025
17,"cube-1832-asc","post",1622654752548992116,1622654752612840393
17,"cube-131-asc","prep",1622654752612914206,1622654752613393579
17,"cube-131-asc","zzzz",1622654752613395569,1622654752624582068,678,1301,3903
17,"cube-131-asc","post",1622654752624592238,1622654752624860977
17,"cube-692-stl-bin","mesh",1622654752624908474,1622654766415449819
17,"cube-692-stl-bin","prep",1622654766416262173,1622654767910091270
17,"cube-692-stl-bin","zzzz",1622654767910099391,1622655197079312102,1470002,2145084,6435252
17,"cube-692-stl-bin","post",1622655197079380885,1622655197439412612
17,"cube-1738-bin.cgns","prep",1622655197439485910,1622655197491883305
17,"cube-1738-bin.cgns","zzzz",1622655197491888989,1622655197525614563,1654,2997,8991
17,"cube-1738-bin.cgns","post",1622655197525624473,1622655197525720971
17,"cube-2609-asc","prep",1622655197525822534,1622655197527371320
17,"cube-2609-asc","zzzz",1622655197527373145,1622655197581957017,2477,4236,12708
17,"cube-2609-asc","post",1622655197581967036,1622655197582576666
17,"cube-2209-bin","prep",1622655197582593255,1622655197632320877
17,"cube-2209-bin","zzzz",1622655197632326861,1622655204779409488,86117,124349,373047
17,"cube-2209-bin","post",1622655204779415916,1622655204792730259
17,"cube-2420-bin","prep",1622655204792761541,1622655204795029439
17,"cube-2420-bin","zzzz",1622655204795031608,1622655204798330627,244,513,1539
17,"cube-2420-bin","post",1622655204798335511,1622655204798408477
17,"cube-2069-asc","prep",1622655204798421119,1622655204799118871
17,"cube-2069-asc","zzzz",1622655204799120504,1622655204824920107,1348,2451,7353
17,"cube-2069-asc","post",1622655204824925058,1622655204825082011
17,"cube-200-stl-bin","mesh",1622655204825235973,1622655215106686404
17,"cube-200-stl-bin","prep",1622655215145362047,1622655216197165918
17,"cube-200-stl-bin","zzzz",1622655216197173795,1622655486202694050,1030067,1515329,4545987
17,"cube-200-stl-bin","post",1622655486202707573,1622655486466329152
17,"cube-1165-asc","prep",1622655486466368429,1622655486491389894
17,"cube-1165-asc","zzzz",1622655486491962179,1622655487349646400,19122,28960,86880
17,"cube-1165-asc","post",1622655487349656746,1622655487352600741
17,"cube-1725-bin","prep",1622655487352632408,1622655487354487338
17,"cube-1725-bin","zzzz",1622655487354489176,1622655487372105437,1046,1837,5511
17,"cube-1725-bin","post",1622655487372109250,1622655487372241681
17,"cube-1740-bin","prep",1622655487372257371,1622655487372504218
17,"cube-1740-bin","zzzz",1622655487372505467,1622655487375823718,245,514,1542
17,"cube-1740-bin","post",1622655487375833590,1622655487376161797
17,"cube-3492-bin","prep",1622655487376173651,1622655487703973759
17,"cube-3492-bin","zzzz",1622655487703980271,1622655610718636038,609570,842885,2528655
17,"cube-3492-bin","post",1622655610718643765,1622655610771901484
17,"cube-1155-asc","prep",1622655610771941644,1622655610772267192
17,"cube-1155-asc","zzzz",1622655610772268401,1622655610777471259,348,729,2187
17,"cube-1155-asc","post",1622655610777485134,1622655610777555855
17,"cube-965-geo","mesh",1622655610777568400,1622655618206114238
17,"cube-965-geo","prep",1622655618206914517,1622655618883090832
17,"cube-965-geo","zzzz",1622655618883097010,1622655747167952906,627052,867159,2601477
17,"cube-965-geo","post",1622655747167967203,1622655747360173276
17,"cube-3582-geo","mesh",1622655747360227470,1622655747473225834
17,"cube-3582-geo","prep",1622655747474018516,1622655747477684265
17,"cube-3582-geo","zzzz",1622655747477687823,1622655747635138624,5547,8901,26703
17,"cube-3582-geo","post",1622655747635148568,1622655747636410515
17,"cube-796-bin","prep",1622655747636440091,1622655747646011053
17,"cube-796-bin","zzzz",1622655747646013083,1622655748433947075,17963,27288,81864
17,"cube-796-bin","post",1622655748433957114,1622655748435535626
17,"cube-3450-bin","prep",1622655748435569621,1622655748453140224
17,"cube-3450-bin","zzzz",1622655748453142517,1622655749761717702,26088,38793,116379
17,"cube-3450-bin","post",1622655749761727896,1622655749771276243
17,"cube-3162-asc","prep",1622655749771298575,1622655749790716240
17,"cube-3162-asc","zzzz",1622655749790719260,1622655751528378784,31765,47120,141360
17,"cube-3162-asc","post",1622655751528389037,1622655751532247013
17,"cube-3563-stl-bin","mesh",1622655751532270770,1622655769638894838
17,"cube-3563-stl-bin","prep",1622655769639732640,1622655771601502578
17,"cube-3563-stl-bin","zzzz",1622655771601512950,1622656347872510991,1846604,2675759,8027277
17,"cube-3563-stl-bin","post",1622656347872524407,1622656348331738241
17,"cube-130-geo","mesh",1622656348332436040,1622656375614112206
17,"cube-130-geo","prep",1622656375614953074,1622656378136717249
17,"cube-130-geo","zzzz",1622656378136723116,1622657096955096973,2317386,3158231,9474693
17,"cube-130-geo","post",1622657096955111479,1622657097526897418
17,"cube-2645-geo","mesh",1622657097527927733,1622657097571170152
17,"cube-2645-geo","prep",1622657097571975260,1622657097572887039
17,"cube-2645-geo","zzzz",1622657097572889246,1622657097597873147,1303,2392,7176
17,"cube-2645-geo","post",1622657097597877941,1622657097598347946
17,"cube-255-geo","mesh",1622657097598370869,1622657097652172904
17,"cube-255-geo","prep",1622657097652931841,1622657097654088822
17,"cube-255-geo","zzzz",1622657097654090700,1622657097710202407,2538,4319,12957
17,"cube-255-geo","post",1622657097710212347,1622657097710863843
17,"cube-1367-asc","prep",1622657097711165158,1622657098382877437
17,"cube-1367-asc","zzzz",1622657098382884332,1622657426751873902,1280741,1754889,5264667
17,"cube-1367-asc","post",1622657426751884386,1622657426924906015
17,"cube-2528-bin","prep",1622657426924957070,1622657426933282994
17,"cube-2528-bin","zzzz",1622657426933286653,1622657427028245315,3807,6251,18753
17,"cube-2528-bin","post",1622657427028247202,1622657427028656576
17,"cube-1455-bin","prep",1622657427028686616,1622657427599938177
17,"cube-1455-bin","zzzz",1622657427599944848,1622657620689191864,856708,1178404,3535212
17,"cube-1455-bin","post",1622657620689207524,1622657620832301350
17,"cube-1714-asc","prep",1622657620832343632,1622657621276905814
17,"cube-1714-asc","zzzz",1622657621276915825,1622657801558042786,812624,1119286,3357858
17,"cube-1714-asc","post",1622657801558057503,1622657801634215250
17,"cube-935-geo","mesh",1622657801634266009,1622657801686112933
17,"cube-935-geo","prep",1622657801686980283,1622657801688614662
17,"cube-935-geo","zzzz",1622657801688616896,1622657801743148768,2477,4236,12708
17,"cube-935-geo","post",1622657801743158662,1622657801744236114
17,"cube-724-asc","prep",1622657801744251875,1622657801972448725
17,"cube-724-asc","zzzz",1622657801972454980,1622657872066776457,415912,580316,1740948
17,"cube-724-asc","post",1622657872066790291,1622657872105834874
17,"cube-2443-bin","prep",1622657872105872533,1622657872109104649
17,"cube-2443-bin","zzzz",1622657872109108219,1622657872272226023,5708,9136,27408
17,"cube-2443-bin","post",1622657872272236529,1622657872273043366
17,"cube-2812-bin","prep",1622657872273060668,1622657872357202458
17,"cube-2812-bin","zzzz",1622657872357209365,1622657886635230658,140376,199156,597468
17,"cube-2812-bin","post",1622657886635244304,1622657886649492540
17,"cube-722-bin","prep",1622657886649525670,1622657888155949591
17,"cube-722-bin","zzzz",1622657888155956977,1622658746604987486,2654628,3607991,10823973
17,"cube-722-bin","post",1622658746605001566,1622658746843296339
17,"cube-2750-bin","prep",1622658746843371843,1622658746857971755
17,"cube-2750-bin","zzzz",1622658746857976772,1622658748191511131,26478,39266,117798
17,"cube-2750-bin","post",1622658748191523241,1622658748194028761
17,"cube-111-geo","mesh",1622658748194063199,1622658752774600117
17,"cube-111-geo","prep",1622658752775497636,1622658753147135471
17,"cube-111-geo","zzzz",1622658753147142124,1622658806001624487,343116,480675,1442025
17,"cube-111-geo","post",1622658806001648829,1622658806127600162
17,"cube-2830-geo","mesh",1622658806127660628,1622658806341583424
17,"cube-2830-geo","prep",1622658806342425997,1622658806348815567
17,"cube-2830-geo","zzzz",1622658806348818575,1622658806809750660,12087,18814,56442
17,"cube-2830-geo","post",1622658806809755435,1622658806812497658
17,"cube-3757-bin","prep",1622658806812529825,1622658806813935237
17,"cube-3757-bin","zzzz",1622658806813937022,1622658806831486809,1043,1832,5496
17,"cube-3757-bin","post",1622658806831496739,1622658806831699224
17,"cube-2165-bin","prep",1622658806831712180,1622658806832227936
17,"cube-2165-bin","zzzz",1622658806832229341,1622658806845180025,790,1456,4368
17,"cube-2165-bin","post",1622658806845190604,1622658806845515917
17,"cube-559-asc","prep",1622658806845544725,1622658806846032986
17,"cube-559-asc","zzzz",1622658806846034466,1622658806850811352,324,681,2043
17,"cube-559-asc","post",1622658806850821301,1622658806851005148
17,"cube-1025-asc","prep",1622658806851034269,1622658806886192602
17,"cube-1025-asc","zzzz",1622658806886197829,1622658811676897760,65018,94608,283824
17,"cube-1025-asc","post",1622658811676910122,1622658811683353650
17,"cube-2022-bin","prep",1622658811683385225,1622658811684397719
17,"cube-2022-bin","zzzz",1622658811684399915,1622658811713621556,1466,2691,8073
17,"cube-2022-bin","post",1622658811713631676,1622658811714163877
17,"cube-693-bin","prep",1622658811714189244,1622658811839038552
17,"cube-693-bin","zzzz",1622658811839045772,1622658841071797236,229575,323114,969342
17,"cube-693-bin","post",1622658841071811345,1622658841093514153
17,"cube-2933-geo","mesh",1622658841093548737,1622658851684019560
17,"cube-2933-geo","prep",1622658851684933865,1622658852583981353
17,"cube-2933-geo","zzzz",1622658852583987979,1622659033649556637,816307,1122841,3368523
17,"cube-2933-geo","post",1622659033718264660,1622659034000260613
17,"cube-1498-geo","mesh",1622659034128700966,1622659034365454904
17,"cube-1498-geo","prep",1622659034418273660,1622659034504277818
17,"cube-1498-geo","zzzz",1622659034504285518,1622659034823314367,9183,14485,43455
17,"cube-1498-geo","post",1622659034823324337,1622659034826012838
17,"cube-1011-stl-bin","mesh",1622659034826056433,1622659034855832096
17,"cube-1011-stl-bin","prep",1622659034856646810,1622659034857846241
17,"cube-1011-stl-bin","zzzz",1622659034857848421,1622659034947731441,2452,6013,18039
17,"cube-1011-stl-bin","post",1622659034948280633,1622659034948875111
17,"cube-1947-asc","prep",1622659034948928649,1622659035481374452
17,"cube-1947-asc","zzzz",1622659035481379306,1622659258739464135,951566,1313968,3941904
17,"cube-1947-asc","post",1622659258739517897,1622659258826380144
17,"cube-1506-bin","prep",1622659258826450545,1622659258827650356
17,"cube-1506-bin","zzzz",1622659258827652850,1622659258862297208,1703,3058,9174
17,"cube-1506-bin","post",1622659258862307326,1622659258862966363
17,"cube-3391-bin","prep",1622659258863003006,1622659258868666046
17,"cube-3391-bin","zzzz",1622659258868668177,1622659259256218546,10583,16678,50034
17,"cube-3391-bin","post",1622659259256234013,1622659259257119580
17,"Proc","exit_task",1622650751065469507,1622659259305099691,5031432
