5,"build/tests/sizes/cube-1402-stl-bin.geo","scan",1622650769384082487,1622650770161773727
5,"build/tests/sizes/cube-1402-stl-bin.geo","chck",1622650769381187180,1622650770164464232
5,"build/tests/sizes/cube-3222-geo.geo","scan",1622650770167420840,1622650770176024190
5,"build/tests/sizes/cube-3222-geo.geo","chck",1622650770164466007,1622650770176028807
5,"build/tests/sizes/cube-157-asc.bdf","scan",1622650770196961614,1622650776184041658
5,"build/tests/sizes/cube-157-asc.bdf","chck",1622650770176030198,1622650776184077471
5,"build/tests/sizes/cube-879-asc.mesh","scan",1622650776202338673,1622650776295142796
5,"build/tests/sizes/cube-879-asc.mesh","chck",1622650776184078829,1622650776295150090
5,"build/tests/sizes/cube-1428-bin.msh4","scan",1622650776311059234,1622650776406107954
5,"build/tests/sizes/cube-1428-bin.msh4","chck",1622650776295151266,1622650776406115399
5,"build/tests/sizes/cube-123-asc.bdf","scan",1622650776407382862,1622650776452521410
5,"build/tests/sizes/cube-123-asc.bdf","chck",1622650776406116654,1622650776452530434
5,"build/tests/sizes/cube-2227-bin.msh4","scan",1622650776453219725,1622650776455614795
5,"build/tests/sizes/cube-2227-bin.msh4","chck",1622650776452531742,1622650776455619284
5,"build/tests/sizes/cube-2077-asc.msh2","scan",1622650776456626790,1622650776905776922
5,"build/tests/sizes/cube-2077-asc.msh2","chck",1622650776455620403,1622650776905785290
5,"build/tests/sizes/cube-3586-asc.bdf","scan",1622650776906506717,1622650776909620188
5,"build/tests/sizes/cube-3586-asc.bdf","chck",1622650776905786387,1622650776909625066
5,"build/tests/sizes/cube-1472-asc.mesh","scan",1622650776911098003,1622650776913553927
5,"build/tests/sizes/cube-1472-asc.mesh","chck",1622650776909626083,1622650776913559601
5,"build/tests/sizes/cube-3068-geo.geo","scan",1622650776914118110,1622650776915442276
5,"build/tests/sizes/cube-3068-geo.geo","chck",1622650776913560855,1622650776915446971
5,"build/tests/sizes/cube-3609-bin.msh4","scan",1622650776915996088,1622650777525104773
5,"build/tests/sizes/cube-3609-bin.msh4","chck",1622650776915447946,1622650777525112055
5,"build/tests/sizes/cube-292-geo.geo_unrolled","scan",1622650777547513998,1622650777548937158
5,"build/tests/sizes/cube-292-geo.geo_unrolled","chck",1622650777525113129,1622650777548944070
5,"build/tests/sizes/cube-2704-asc.bdf","scan",1622650777549548900,1622650777997202752
5,"build/tests/sizes/cube-2704-asc.bdf","chck",1622650777548945294,1622650777997209923
5,"build/tests/sizes/cube-361-asc.mesh","scan",1622650778014690188,1622650778051659326
5,"build/tests/sizes/cube-361-asc.mesh","chck",1622650777997210985,1622650778051666408
5,"build/tests/sizes/cube-1945-bin.msh4","scan",1622650778052217156,1622650778053881419
5,"build/tests/sizes/cube-1945-bin.msh4","chck",1622650778051667574,1622650778053890924
5,"build/tests/sizes/cube-2716-geo.geo_unrolled","scan",1622650778054437800,1622650778055587432
5,"build/tests/sizes/cube-2716-geo.geo_unrolled","chck",1622650778053891864,1622650778055591830
5,"build/tests/sizes/cube-1809-bin.msh2","scan",1622650778056691478,1622650780234333900
5,"build/tests/sizes/cube-1809-bin.msh2","chck",1622650778055592846,1622650780234340870
5,"build/tests/sizes/cube-1407-asc.bdf","scan",1622650780237539585,1622650794154788226
5,"build/tests/sizes/cube-1407-asc.bdf","chck",1622650780234342164,1622650794154802753
5,"build/tests/sizes/cube-2051-bin.vtk","scan",1622650794263537572,1622650794383869247
5,"build/tests/sizes/cube-2051-bin.vtk","chck",1622650794154804048,1622650794383875764
5,"build/tests/sizes/cube-354-geo.geo_unrolled","scan",1622650794408985391,1622650794410384468
5,"build/tests/sizes/cube-354-geo.geo_unrolled","chck",1622650794383877091,1622650794410390784
5,"build/tests/sizes/cube-483-asc.msh2","scan",1622650794411742075,1622650796286079140
5,"build/tests/sizes/cube-483-asc.msh2","chck",1622650794410391976,1622650796286099140
5,"build/tests/sizes/cube-3181-bin.msh2","scan",1622650796286886116,1622650796295122637
5,"build/tests/sizes/cube-3181-bin.msh2","chck",1622650796286100465,1622650796295129889
5,"build/tests/sizes/cube-952-asc.mesh","scan",1622650796309752960,1622650796318924585
5,"build/tests/sizes/cube-952-asc.mesh","chck",1622650796295131054,1622650796318933020
5,"build/tests/sizes/cube-3272-asc.mesh","scan",1622650796319469219,1622650803084526072
5,"build/tests/sizes/cube-3272-asc.mesh","chck",1622650796318934324,1622650803084542459
5,"build/tests/sizes/cube-2664-asc.bdf","scan",1622650803085459504,1622650803130861224
5,"build/tests/sizes/cube-2664-asc.bdf","chck",1622650803084543787,1622650803130868731
5,"build/tests/sizes/cube-272-asc.mesh","scan",1622650803145044008,1622650806684215720
5,"build/tests/sizes/cube-272-asc.mesh","chck",1622650803130869937,1622650806684230937
5,"build/tests/sizes/cube-3253-stl-bin.geo","scan",1622650806685138078,1622650806689688813
5,"build/tests/sizes/cube-3253-stl-bin.geo","chck",1622650806684232290,1622650806689704352
5,"build/tests/sizes/cube-752-stl-bin.geo","scan",1622650806690944274,1622650806708639929
5,"build/tests/sizes/cube-752-stl-bin.geo","chck",1622650806689705572,1622650806708646082
5,"build/tests/sizes/cube-3798-bin.cgns","scan",1622650806713478253,1622650806772430994
5,"build/tests/sizes/cube-3798-bin.cgns","chck",1622650806708647293,1622650806772438806
5,"build/tests/sizes/cube-3874-geo.geo","scan",1622650806773189705,1622650806774601964
5,"build/tests/sizes/cube-3874-geo.geo","chck",1622650806772440372,1622650806774606862
5,"build/tests/sizes/cube-730-asc.mesh","scan",1622650806778700418,1622650807087864362
5,"build/tests/sizes/cube-730-asc.mesh","chck",1622650806774607930,1622650807087879879
5,"build/tests/sizes/cube-1048-stl-bin.geo","scan",1622650807098645962,1622650807150020675
5,"build/tests/sizes/cube-1048-stl-bin.geo","chck",1622650807087881066,1622650807150027452
5,"build/tests/sizes/cube-3074-bin.msh4","scan",1622650807150620039,1622650807240393224
5,"build/tests/sizes/cube-3074-bin.msh4","chck",1622650807150028712,1622650807240398487
5,"build/tests/sizes/cube-301-bin.msh4","scan",1622650807254953028,1622650807271081080
5,"build/tests/sizes/cube-301-bin.msh4","chck",1622650807240399533,1622650807271086229
5,"build/tests/sizes/cube-1510-bin.msh4","scan",1622650807282997778,1622650807317140930
5,"build/tests/sizes/cube-1510-bin.msh4","chck",1622650807271087473,1622650807317146515
5,"build/tests/sizes/cube-3656-bin.cgns","scan",1622650807320212264,1622650807380691456
5,"build/tests/sizes/cube-3656-bin.cgns","chck",1622650807317147592,1622650807380697644
5,"build/tests/sizes/cube-3330-geo.geo_unrolled","scan",1622650807381372902,1622650807382508862
5,"build/tests/sizes/cube-3330-geo.geo_unrolled","chck",1622650807380698669,1622650807382514587
5,"build/tests/sizes/cube-2876-bin.vtk","scan",1622650807383034953,1622650807392886927
5,"build/tests/sizes/cube-2876-bin.vtk","chck",1622650807382515642,1622650807392894336
5,"build/tests/sizes/cube-3599-geo.geo_unrolled","scan",1622650807393522129,1622650807394637743
5,"build/tests/sizes/cube-3599-geo.geo_unrolled","chck",1622650807392895499,1622650807394642906
5,"build/tests/sizes/cube-1526-bin.msh4","scan",1622650807395730611,1622650807397632945
5,"build/tests/sizes/cube-1526-bin.msh4","chck",1622650807394643865,1622650807397637993
5,"build/tests/sizes/cube-813-asc.bdf","scan",1622650807413516869,1622650808581289724
5,"build/tests/sizes/cube-813-asc.bdf","chck",1622650807397639032,1622650808581295189
5,"build/tests/sizes/cube-1462-asc.mesh","scan",1622650808601077501,1622650808638347238
5,"build/tests/sizes/cube-1462-asc.mesh","chck",1622650808581296230,1622650808638352822
5,"build/tests/sizes/cube-2202-geo.geo_unrolled","scan",1622650808638939937,1622650808640124166
5,"build/tests/sizes/cube-2202-geo.geo_unrolled","chck",1622650808638354057,1622650808640127971
5,"build/tests/sizes/cube-3955-bin.vtk","scan",1622650808640680725,1622650808642211224
5,"build/tests/sizes/cube-3955-bin.vtk","chck",1622650808640129065,1622650808642214623
5,"build/tests/sizes/cube-2213-asc.bdf","scan",1622650808642753282,1622650808645335748
5,"build/tests/sizes/cube-2213-asc.bdf","chck",1622650808642215493,1622650808645339245
5,"build/tests/sizes/cube-794-bin.cgns","scan",1622650808649826265,1622650808714429791
5,"build/tests/sizes/cube-794-bin.cgns","chck",1622650808645340151,1622650808714814414
5,"build/tests/sizes/cube-2794-geo.geo_unrolled","scan",1622650808715419135,1622650808716607359
5,"build/tests/sizes/cube-2794-geo.geo_unrolled","chck",1622650808714816536,1622650808716611974
5,"build/tests/sizes/cube-2540-asc.mesh","scan",1622650808717131148,1622650808858038194
5,"build/tests/sizes/cube-2540-asc.mesh","chck",1622650808716612918,1622650808858045144
5,"build/tests/sizes/cube-983-asc.mesh","scan",1622650808871886930,1622650809022441310
5,"build/tests/sizes/cube-983-asc.mesh","chck",1622650808858046211,1622650809022448864
5,"build/tests/sizes/cube-41-geo.geo_unrolled","scan",1622650809024289298,1622650809025485655
5,"build/tests/sizes/cube-41-geo.geo_unrolled","chck",1622650809022450112,1622650809025491490
5,"build/tests/sizes/cube-3748-geo.geo","scan",1622650809026066983,1622650809027306659
5,"build/tests/sizes/cube-3748-geo.geo","chck",1622650809025492386,1622650809027310095
5,"build/tests/sizes/cube-2647-geo.geo","scan",1622650809028355877,1622650809029634425
5,"build/tests/sizes/cube-2647-geo.geo","chck",1622650809027311043,1622650809029637714
5,"build/tests/sizes/cube-2320-asc.msh2","scan",1622650809030168554,1622650809082880244
5,"build/tests/sizes/cube-2320-asc.msh2","chck",1622650809029638598,1622650809082887030
5,"build/tests/sizes/cube-3393-stl-bin.geo","scan",1622650809083866359,1622650809097437701
5,"build/tests/sizes/cube-3393-stl-bin.geo","chck",1622650809082888031,1622650809097445635
5,"build/tests/sizes/cube-2116-bin.msh4","scan",1622650809098028760,1622650809482268196
5,"build/tests/sizes/cube-2116-bin.msh4","chck",1622650809097446951,1622650809482275296
5,"build/tests/sizes/cube-756-asc.bdf","scan",1622650809500345566,1622650820349478343
5,"build/tests/sizes/cube-756-asc.bdf","chck",1622650809482276461,1622650820349484872
5,"build/tests/sizes/cube-637-asc.mesh","scan",1622650820362234803,1622650820605812109
5,"build/tests/sizes/cube-637-asc.mesh","chck",1622650820349486056,1622650820605817957
5,"build/tests/sizes/cube-3432-asc.msh2","scan",1622650820606415730,1622650820609223097
5,"build/tests/sizes/cube-3432-asc.msh2","chck",1622650820605819099,1622650820609227459
5,"build/tests/sizes/cube-3556-asc.mesh","scan",1622650820609784564,1622650821313835617
5,"build/tests/sizes/cube-3556-asc.mesh","chck",1622650820609228341,1622650821313842919
5,"build/tests/sizes/cube-1822-bin.cgns","scan",1622650821338448966,1622650821448128479
5,"build/tests/sizes/cube-1822-bin.cgns","chck",1622650821313844133,1622650821448135601
5,"build/tests/sizes/cube-2315-bin.msh4","scan",1622650821463445372,1622650822434232851
5,"build/tests/sizes/cube-2315-bin.msh4","chck",1622650821448136796,1622650822434240098
5,"build/tests/sizes/cube-3145-geo.geo_unrolled","scan",1622650822434965060,1622650822436199507
5,"build/tests/sizes/cube-3145-geo.geo_unrolled","chck",1622650822434241288,1622650822436204958
5,"build/tests/sizes/cube-736-asc.bdf","scan",1622650822450064527,1622650828802832232
5,"build/tests/sizes/cube-736-asc.bdf","chck",1622650822436206098,1622650828802841004
5,"build/tests/sizes/cube-2389-geo.geo","scan",1622650828803826907,1622650828915619452
5,"build/tests/sizes/cube-2389-geo.geo","chck",1622650828802842155,1622650828915626602
5,"build/tests/sizes/cube-2988-bin.msh2","scan",1622650828916208313,1622650829188426958
5,"build/tests/sizes/cube-2988-bin.msh2","chck",1622650828915628023,1622650829188435200
5,"build/tests/sizes/cube-509-asc.msh2","scan",1622650829206602177,1622650829215507009
5,"build/tests/sizes/cube-509-asc.msh2","chck",1622650829188436529,1622650829215514337
5,"build/tests/sizes/cube-3734-asc.mesh","scan",1622650829216081962,1622650829228197093
5,"build/tests/sizes/cube-3734-asc.mesh","chck",1622650829215515627,1622650829228203630
5,"build/tests/sizes/cube-763-geo.geo_unrolled","scan",1622650829229659799,1622650829230857841
5,"build/tests/sizes/cube-763-geo.geo_unrolled","chck",1622650829228204726,1622650829230861739
5,"build/tests/sizes/cube-386-bin.cgns","scan",1622650829252004273,1622650829345631786
5,"build/tests/sizes/cube-386-bin.cgns","chck",1622650829230862777,1622650829345639964
5,"build/tests/sizes/cube-3704-geo.geo","scan",1622650829346366174,1622650829347826183
5,"build/tests/sizes/cube-3704-geo.geo","chck",1622650829345641142,1622650829347830857
5,"build/tests/sizes/cube-3595-stl-bin.geo","scan",1622650829348382662,1622650829352740791
5,"build/tests/sizes/cube-3595-stl-bin.geo","chck",1622650829347831816,1622650829352745401
5,"build/tests/sizes/cube-38-asc.bdf","scan",1622650829369368288,1622650835213568735
5,"build/tests/sizes/cube-38-asc.bdf","chck",1622650829352746638,1622650835213576615
5,"build/tests/sizes/cube-907-asc.bdf","scan",1622650835231172277,1622650842856166126
5,"build/tests/sizes/cube-907-asc.bdf","chck",1622650835213577975,1622650842856173524
5,"build/tests/sizes/cube-488-asc.msh2","scan",1622650842870412152,1622650843406666801
5,"build/tests/sizes/cube-488-asc.msh2","chck",1622650842856174836,1622650843406673148
5,"build/tests/sizes/cube-2146-bin.cgns","scan",1622650843433619621,1622650843540700308
5,"build/tests/sizes/cube-2146-bin.cgns","chck",1622650843406674524,1622650843540707485
5,"build/tests/sizes/cube-3180-asc.bdf","scan",1622650843541487248,1622650843544281223
5,"build/tests/sizes/cube-3180-asc.bdf","chck",1622650843540708936,1622650843544285981
5,"build/tests/sizes/cube-2819-bin.msh4","scan",1622650843544810255,1622650843548765513
5,"build/tests/sizes/cube-2819-bin.msh4","chck",1622650843544286954,1622650843548769142
5,"build/tests/sizes/cube-1593-asc.msh2","scan",1622650843567944872,1622650843577134804
5,"build/tests/sizes/cube-1593-asc.msh2","chck",1622650843548769999,1622650843577138110
5,"build/tests/sizes/cube-1609-bin.msh4","scan",1622650843591145398,1622650843708926463
5,"build/tests/sizes/cube-1609-bin.msh4","chck",1622650843577138980,1622650843708933666
5,"build/tests/sizes/cube-530-bin.vtk","scan",1622650843719495894,1622650844555912919
5,"build/tests/sizes/cube-530-bin.vtk","chck",1622650843708934696,1622650844555917964
5,"build/tests/sizes/cube-197-bin.msh4","scan",1622650844573387417,1622650844598268019
5,"build/tests/sizes/cube-197-bin.msh4","chck",1622650844555918927,1622650844598272992
5,"build/tests/sizes/cube-56-asc.mesh","scan",1622650844599878981,1622650845094812155
5,"build/tests/sizes/cube-56-asc.mesh","chck",1622650844598273903,1622650845094819018
5,"build/tests/sizes/cube-3132-geo.geo","scan",1622650845095691154,1622650845097063583
5,"build/tests/sizes/cube-3132-geo.geo","chck",1622650845094820216,1622650845097067525
5,"build/tests/sizes/cube-2865-asc.bdf","scan",1622650845097587410,1622650845100164585
5,"build/tests/sizes/cube-2865-asc.bdf","chck",1622650845097068480,1622650845100167659
5,"build/tests/sizes/cube-307-bin.msh2","scan",1622650845115835614,1622650845124094154
5,"build/tests/sizes/cube-307-bin.msh2","chck",1622650845100168547,1622650845124097552
5,"build/tests/sizes/cube-3321-bin.msh4","scan",1622650845124611976,1622650845185163858
5,"build/tests/sizes/cube-3321-bin.msh4","chck",1622650845124098419,1622650845185171132
5,"build/tests/sizes/cube-341-bin.vtk","scan",1622650845200413764,1622650845228574871
5,"build/tests/sizes/cube-341-bin.vtk","chck",1622650845185172225,1622650845228580583
5,"build/tests/sizes/cube-3403-asc.mesh","scan",1622650845229139827,1622650845279813955
5,"build/tests/sizes/cube-3403-asc.mesh","chck",1622650845228581643,1622650845279819330
5,"build/tests/sizes/cube-716-stl-bin.geo","scan",1622650845310121127,1622650845387544915
5,"build/tests/sizes/cube-716-stl-bin.geo","chck",1622650845279820326,1622650845387551274
5,"build/tests/sizes/cube-2368-geo.geo_unrolled","scan",1622650845388167543,1622650845389288603
5,"build/tests/sizes/cube-2368-geo.geo_unrolled","chck",1622650845387552382,1622650845389291648
5,"build/tests/sizes/cube-68-geo.geo","scan",1622650845411735137,1622650845413023018
5,"build/tests/sizes/cube-68-geo.geo","chck",1622650845389292553,1622650845413026215
5,"build/tests/sizes/cube-3814-geo.geo_unrolled","scan",1622650845413577311,1622650845414608050
5,"build/tests/sizes/cube-3814-geo.geo_unrolled","chck",1622650845413027109,1622650845414610821
5,"build/tests/sizes/cube-1923-asc.bdf","scan",1622650845416323918,1622650858914859770
5,"build/tests/sizes/cube-1923-asc.bdf","chck",1622650845414739333,1622650858914874753
5,"build/tests/sizes/cube-3905-bin.msh2","scan",1622650858916501973,1622650859191559234
5,"build/tests/sizes/cube-3905-bin.msh2","chck",1622650858914875920,1622650859191566783
5,"build/tests/sizes/cube-768-asc.mesh","scan",1622650859211003981,1622650859259514276
5,"build/tests/sizes/cube-768-asc.mesh","chck",1622650859191567857,1622650859259525838
5,"build/tests/sizes/cube-928-asc.bdf","scan",1622650859260964463,1622650862852317636
5,"build/tests/sizes/cube-928-asc.bdf","chck",1622650859259526981,1622650862852324803
5,"build/tests/sizes/cube-2252-bin.cgns","scan",1622650862908140007,1622650862964855586
5,"build/tests/sizes/cube-2252-bin.cgns","chck",1622650862852325873,1622650862964862378
5,"build/tests/sizes/cube-1117-bin.msh4","scan",1622650862988319770,1622650863516209598
5,"build/tests/sizes/cube-1117-bin.msh4","chck",1622650862964863567,1622650863516217658
5,"build/tests/sizes/cube-3375-asc.bdf","scan",1622650863517231745,1622650863525415106
5,"build/tests/sizes/cube-3375-asc.bdf","chck",1622650863516218708,1622650863525419497
5,"cube-768-asc","prep",1622650863526553662,1622650863530532514
5,"cube-768-asc","zzzz",1622650863530537987,1622650863692407944,5662,9077,27231
5,"cube-768-asc","post",1622650863692410504,1622650863696618576
5,"cube-3222-geo","mesh",1622650863696869343,1622650871626592318
5,"cube-3222-geo","prep",1622650871627449420,1622650872407629209
5,"cube-3222-geo","zzzz",1622650872407635874,1622651028998741785,730504,1007024,3021072
5,"cube-3222-geo","post",1622651028998755788,1622651029140815826
5,"cube-2704-asc","prep",1622651029141212698,1622651029167506647
5,"cube-2704-asc","zzzz",1622651029167511571,1622651032944742965,54875,80351,241053
5,"cube-2704-asc","post",1622651032944756698,1622651032949620868
5,"cube-730-asc","prep",1622651032949653735,1622651032985634499
5,"cube-730-asc","zzzz",1622651032985638953,1622651039336097039,79133,114778,344334
5,"cube-730-asc","post",1622651039336111164,1622651039343484768
5,"cube-3586-asc","prep",1622651039343524292,1622651039343778408
5,"cube-3586-asc","zzzz",1622651039343779667,1622651039348616551,330,687,2061
5,"cube-3586-asc","post",1622651039348627832,1622651039348834399
5,"cube-2077-asc","prep",1622651039348869593,1622651039381311617
5,"cube-2077-asc","zzzz",1622651039381316136,1622651044286332772,66139,96106,288318
5,"cube-2077-asc","post",1622651044286346787,1622651044292818238
5,"cube-2227-bin","prep",1622651044292855309,1622651044293062698
5,"cube-2227-bin","zzzz",1622651044293063910,1622651044298283841,348,729,2187
5,"cube-2227-bin","post",1622651044298294066,1622651044298550155
5,"cube-3656-bin.cgns","prep",1622651044298585363,1622651044299455343
5,"cube-3656-bin.cgns","zzzz",1622651044299457821,1622651044316906816,1038,1824,5472
5,"cube-3656-bin.cgns","post",1622651044316916930,1622651044317157461
5,"cube-3609-bin","prep",1622651044317215885,1622651044871509685
5,"cube-3609-bin","zzzz",1622651044871516247,1622651306755030600,1078759,1481001,4443003
5,"cube-3609-bin","post",1622651306755044070,1622651306847133211
5,"cube-3330-geo","mesh",1622651306847436663,1622651318682899160
5,"cube-3330-geo","prep",1622651318683721529,1622651319889445814
5,"cube-3330-geo","zzzz",1622651319889452077,1622651608833610833,1162074,1594366,4783098
5,"cube-3330-geo","post",1622651608833617894,1622651609086078339
5,"cube-1809-bin","prep",1622651609087276822,1622651609426892781
5,"cube-1809-bin","zzzz",1622651609426901264,1622651733302861970,611357,846749,2540247
5,"cube-1809-bin","post",1622651733302870822,1622651733371195038
5,"cube-1462-asc","prep",1622651733371236145,1622651733381765581
5,"cube-1462-asc","zzzz",1622651733381769318,1622651733385132490,248,519,1557
5,"cube-1462-asc","post",1622651733385142966,1622651733385339250
5,"cube-307-bin","prep",1622651733385396353,1622651733387848290
5,"cube-307-bin","zzzz",1622651733387849780,1622651733391260347,254,525,1575
5,"cube-307-bin","post",1622651733391270725,1622651733391433814
5,"cube-272-asc","prep",1622651733391448746,1622651733924190934
5,"cube-272-asc","zzzz",1622651733924195735,1622651996193254737,1079797,1482623,4447869
5,"cube-272-asc","post",1622651996193262745,1622651996281793704
5,"cube-3068-geo","mesh",1622651996281834920,1622651999379442848
5,"cube-3068-geo","prep",1622651999380245964,1622651999693844192
5,"cube-3068-geo","zzzz",1622651999693849919,1622652040998567295,290592,407497,1222491
5,"cube-3068-geo","post",1622652040998577769,1622652041077588208
5,"cube-983-asc","prep",1622652041077642286,1622652041112184500
5,"cube-983-asc","zzzz",1622652041112189065,1622652042715136602,30036,44581,133743
5,"cube-983-asc","post",1622652042715150720,1622652042718711464
5,"cube-2213-asc","prep",1622652042718749791,1622652042719107854
5,"cube-2213-asc","zzzz",1622652042719109287,1622652042722390692,242,509,1527
5,"cube-2213-asc","post",1622652042722400840,1622652042722552842
5,"cube-2794-geo","mesh",1622652042722589552,1622652043605803829
5,"cube-2794-geo","prep",1622652043606579784,1622652043699318411
5,"cube-2794-geo","zzzz",1622652043699323314,1622652049022699689,70172,101725,305175
5,"cube-2794-geo","post",1622652049022710895,1622652049056704526
5,"cube-3955-bin","prep",1622652049060223066,1622652049070395963
5,"cube-3955-bin","zzzz",1622652049070397924,1622652049076062392,371,776,2328
5,"cube-3955-bin","post",1622652049076072650,1622652049076263354
5,"cube-3798-bin.cgns","prep",1622652049076303912,1622652049203567930
5,"cube-3798-bin.cgns","zzzz",1622652049203575647,1622652415805150434,1392056,1905993,5717979
5,"cube-3798-bin.cgns","post",1622652415805160986,1622652415805203210
5,"cube-2389-geo","mesh",1622652415805295047,1622652422685651801
5,"cube-2389-geo","prep",1622652422753579011,1622652423166170285
5,"cube-2389-geo","zzzz",1622652423166175600,1622652545177401332,605056,838309,2514927
5,"cube-2389-geo","post",1622652545177415652,1622652545362053582
5,"cube-2865-asc","prep",1622652545362103724,1622652545378201572
5,"cube-2865-asc","zzzz",1622652545378204940,1622652545382027020,276,573,1719
5,"cube-2865-asc","post",1622652545382037231,1622652545382195088
5,"cube-3272-asc","prep",1622652545382230158,1622652546561889516
5,"cube-3272-asc","zzzz",1622652546561896444,1622653187799288742,2125022,2898968,8696904
5,"cube-3272-asc","post",1622653187799302845,1622653188010152599
5,"cube-2051-bin","prep",1622653188010585177,1622653188022369112
5,"cube-2051-bin","zzzz",1622653188022372616,1622653188025686786,244,513,1539
5,"cube-2051-bin","post",1622653188025697068,1622653188025917980
5,"cube-2202-geo","mesh",1622653188025958618,1622653188055749125
5,"cube-2202-geo","prep",1622653188056514542,1622653188057511976
5,"cube-2202-geo","zzzz",1622653188057513862,1622653188082644888,1311,2402,7206
5,"cube-2202-geo","post",1622653188082655036,1622653188083202344
5,"cube-794-bin.cgns","prep",1622653188083416531,1622653188088166417
5,"cube-794-bin.cgns","zzzz",1622653188088169423,1622653189072086758,21317,31822,95466
5,"cube-794-bin.cgns","post",1622653189072096782,1622653189072146518
5,"cube-197-bin","prep",1622653189072242656,1622653189074838567
5,"cube-197-bin","zzzz",1622653189074840323,1622653189219911712,5227,8411,25233
5,"cube-197-bin","post",1622653189219922015,1622653189220524073
5,"cube-2146-bin.cgns","prep",1622653189220578397,1622653189220934246
5,"cube-2146-bin.cgns","zzzz",1622653189220936224,1622653189223140935,164,373,1119
5,"cube-2146-bin.cgns","post",1622653189223150998,1622653189223192072
5,"cube-488-asc","prep",1622653189223270844,1622653189249217416
5,"cube-488-asc","zzzz",1622653189249220947,1622653192292728226,47130,69289,207867
5,"cube-488-asc","post",1622653192292735844,1622653192300468992
5,"cube-2876-bin","prep",1622653192300513828,1622653192304508704
5,"cube-2876-bin","zzzz",1622653192304512909,1622653192510634321,6741,10743,32229
5,"cube-2876-bin","post",1622653192510644891,1622653192511306451
5,"cube-2819-bin","prep",1622653192511347165,1622653192515064691
5,"cube-2819-bin","zzzz",1622653192515067295,1622653192784743298,8167,12957,38871
5,"cube-2819-bin","post",1622653192785214813,1622653192786279420
5,"cube-952-asc","prep",1622653192786399823,1622653192786700014
5,"cube-952-asc","zzzz",1622653192786701927,1622653192791528629,330,687,2061
5,"cube-952-asc","post",1622653192791539204,1622653192791836918
5,"cube-2252-bin.cgns","prep",1622653192791873379,1622653192792733478
5,"cube-2252-bin.cgns","zzzz",1622653192792735924,1622653192805531655,782,1443,4329
5,"cube-2252-bin.cgns","post",1622653192805541769,1622653192805590512
5,"cube-1526-bin","prep",1622653192805652713,1622653192805794891
5,"cube-1526-bin","zzzz",1622653192805795994,1622653192809006198,238,503,1509
5,"cube-1526-bin","post",1622653192809021222,1622653192809114473
5,"cube-341-bin","prep",1622653192809126971,1622653192811568735
5,"cube-341-bin","zzzz",1622653192811570706,1622653192959864556,5316,8536,25608
5,"cube-341-bin","post",1622653192959874724,1622653192960955467
5,"cube-3874-geo","mesh",1622653192960973541,1622653194509967518
5,"cube-3874-geo","prep",1622653194510766180,1622653194695322935
5,"cube-3874-geo","zzzz",1622653194695328499,1622653208327034487,135889,192932,578796
5,"cube-3874-geo","post",1622653208327048908,1622653208426211713
5,"cube-292-geo","mesh",1622653208430362776,1622653208486695505
5,"cube-292-geo","prep",1622653208487496887,1622653208488471026
5,"cube-292-geo","zzzz",1622653208488473085,1622653208514146824,1352,2441,7323
5,"cube-292-geo","post",1622653208514156882,1622653208514722690
5,"cube-813-asc","prep",1622653208514901052,1622653208586076246
5,"cube-813-asc","zzzz",1622653208586081799,1622653224243898847,149365,211935,635805
5,"cube-813-asc","post",1622653224243911192,1622653224256688982
5,"cube-2647-geo","mesh",1622653224256733136,1622653236084200692
5,"cube-2647-geo","prep",1622653236085062869,1622653237241860334
5,"cube-2647-geo","zzzz",1622653237241866537,1622653486039013363,1038447,1425150,4275450
5,"cube-2647-geo","post",1622653486039027623,1622653486371235145
5,"cube-3432-asc","prep",1622653486371330893,1622653486393877698
5,"cube-3432-asc","zzzz",1622653486393881189,1622653486397262096,250,521,1563
5,"cube-3432-asc","post",1622653486397272406,1622653486397531481
5,"cube-2664-asc","prep",1622653486397652630,1622653486415289328
5,"cube-2664-asc","zzzz",1622653486415291237,1622653486601751213,6308,10017,30051
5,"cube-2664-asc","post",1622653486601761473,1622653486602323092
5,"cube-3253-stl-bin","mesh",1622653486602341537,1622653486619853984
5,"cube-3253-stl-bin","prep",1622653486620704385,1622653486621507748
5,"cube-3253-stl-bin","zzzz",1622653486621509848,1622653486650459223,1045,2672,8016
5,"cube-3253-stl-bin","post",1622653486650469197,1622653486651128770
5,"cube-1822-bin.cgns","prep",1622653486651142302,1622653486684945540
5,"cube-1822-bin.cgns","zzzz",1622653486684948909,1622653487610078012,20297,30498,91494
5,"cube-1822-bin.cgns","post",1622653487610088007,1622653487610162053
5,"cube-2716-geo","mesh",1622653487610266004,1622653489788857422
5,"cube-2716-geo","prep",1622653489789637779,1622653490024288952
5,"cube-2716-geo","zzzz",1622653490024294362,1622653510969953167,182320,258095,774285
5,"cube-2716-geo","post",1622653510969968731,1622653511086097811
5,"cube-1428-bin","prep",1622653511086180145,1622653511156510325
5,"cube-1428-bin","zzzz",1622653511156515565,1622653518330282749,86621,124729,374187
5,"cube-1428-bin","post",1622653518330297495,1622653518344801968
5,"cube-2540-asc","prep",1622653518344852047,1622653518376673452
5,"cube-2540-asc","zzzz",1622653518376677622,1622653521037770300,42955,63243,189729
5,"cube-2540-asc","post",1622653521037785272,1622653521041815100
5,"cube-3375-asc","prep",1622653521041848608,1622653521049198198
5,"cube-3375-asc","zzzz",1622653521049201879,1622653521068070174,1076,1935,5805
5,"cube-3375-asc","post",1622653521068080458,1622653521068462132
5,"cube-3599-geo","mesh",1622653521068543740,1622653522234236522
5,"cube-3599-geo","prep",1622653522235077411,1622653522362066553
5,"cube-3599-geo","zzzz",1622653522362071357,1622653529843195886,89131,128364,385092
5,"cube-3599-geo","post",1622653529843207996,1622653529918811095
5,"cube-1048-stl-bin","mesh",1622653529918865641,1622653529966910643
5,"cube-1048-stl-bin","prep",1622653529967716789,1622653529969129201
5,"cube-1048-stl-bin","zzzz",1622653529969132239,1622653530029484293,1689,4546,13638
5,"cube-1048-stl-bin","post",1622653530029493228,1622653530031189434
5,"cube-716-stl-bin","mesh",1622653530031222355,1622653530534673165
5,"cube-716-stl-bin","prep",1622653530535521354,1622653530599031743
5,"cube-716-stl-bin","zzzz",1622653530599038950,1622653534146552592,43655,77055,231165
5,"cube-716-stl-bin","post",1622653534146563584,1622653534182090123
5,"cube-3814-geo","mesh",1622653534182130144,1622653540583682638
5,"cube-3814-geo","prep",1622653540584506140,1622653541213579186
5,"cube-3814-geo","zzzz",1622653541213584074,1622653641511316021,530898,736327,2208981
5,"cube-3814-geo","post",1622653641511330596,1622653641729399276
5,"cube-157-asc","prep",1622653641729452991,1622653642187227484
5,"cube-157-asc","zzzz",1622653642187234057,1622653808737970794,765955,1054713,3164139
5,"cube-157-asc","post",1622653808737985129,1622653808851273614
5,"cube-928-asc","prep",1622653808851319978,1622653809181179228
5,"cube-928-asc","zzzz",1622653809181186940,1622653912029196841,539650,748657,2245971
5,"cube-928-asc","post",1622653912029207042,1622653912145599592
5,"cube-1402-stl-bin","mesh",1622653912145646050,1622653931750650355
5,"cube-1402-stl-bin","prep",1622653932548416873,1622653934121062970
5,"cube-1402-stl-bin","zzzz",1622653934121072496,1622654513248825793,1850408,2685686,8057058
5,"cube-1402-stl-bin","post",1622654513248840229,1622654513822620605
5,"cube-361-asc","prep",1622654513823318385,1622654513848068463
5,"cube-361-asc","zzzz",1622654513848071854,1622654513878468303,1519,2772,8316
5,"cube-361-asc","post",1622654513878478691,1622654513878747585
5,"cube-1945-bin","prep",1622654513878816906,1622654513898451280
5,"cube-1945-bin","zzzz",1622654513898453248,1622654513918688686,1117,2040,6120
5,"cube-1945-bin","post",1622654513918698723,1622654513918975841
5,"cube-2116-bin","prep",1622654513919003268,1622654514295060953
5,"cube-2116-bin","zzzz",1622654514295067293,1622654675025018244,744593,1026929,3080787
5,"cube-2116-bin","post",1622654675025072866,1622654675088379066
5,"cube-386-bin.cgns","prep",1622654675088474539,1622654675203665220
5,"cube-386-bin.cgns","zzzz",1622654675203674726,1622654675214673645,484,977,2931
5,"cube-386-bin.cgns","post",1622654675214684020,1622654675282813778
5,"cube-752-stl-bin","mesh",1622654675290603864,1622654675349758837
5,"cube-752-stl-bin","prep",1622654675359823999,1622654675362392927
5,"cube-752-stl-bin","zzzz",1622654675362395848,1622654675494930190,3460,7891,23673
5,"cube-752-stl-bin","post",1622654675494940347,1622654675496286179
5,"cube-1472-asc","prep",1622654675496718840,1622654675497246080
5,"cube-1472-asc","zzzz",1622654675497247608,1622654675500700527,257,530,1590
5,"cube-1472-asc","post",1622654675500710531,1622654675500853976
5,"cube-354-geo","mesh",1622654675500884379,1622654679424092252
5,"cube-354-geo","prep",1622654679424912283,1622654679821230327
5,"cube-354-geo","zzzz",1622654679821238570,1622654724765740572,307445,431260,1293780
5,"cube-354-geo","post",1622654724765795832,1622654724984950279
5,"cube-1510-bin","prep",1622654724986260708,1622654725012167930
5,"cube-1510-bin","zzzz",1622654725012170331,1622654725125315784,4318,7064,21192
5,"cube-1510-bin","post",1622654725125326166,1622654725126095417
5,"cube-2988-bin","prep",1622654725126148844,1622654725180054578
5,"cube-2988-bin","zzzz",1622654725180060636,1622654730859729205,73387,106327,318981
5,"cube-2988-bin","post",1622654730859743805,1622654730866881323
5,"cube-3074-bin","prep",1622654730866927925,1622654730961186148
5,"cube-3074-bin","zzzz",1622654730961194023,1622654751500137015,180188,254656,763968
5,"cube-3074-bin","post",1622654751500151911,1622654751516520402
5,"cube-483-asc","prep",1622654751516556835,1622654751682284659
5,"cube-483-asc","zzzz",1622654751682289478,1622654782451896148,238293,334427,1003281
5,"cube-483-asc","post",1622654782452333294,1622654782533898648
5,"cube-1117-bin","prep",1622654782533948700,1622654782921975851
5,"cube-1117-bin","zzzz",1622654782921984159,1622654943729045117,745190,1027292,3081876
5,"cube-1117-bin","post",1622654943729066923,1622654943791898058
5,"cube-756-asc","prep",1622654943792000913,1622654944334970977
5,"cube-756-asc","zzzz",1622654944334975526,1622655298982697916,995912,1859185,5577555
5,"cube-756-asc","post",1622655298982751961,1622655299094213477
5,"cube-3180-asc","prep",1622655299094291118,1622655299103705224
5,"cube-3180-asc","zzzz",1622655299103708157,1622655299107038157,245,514,1542
5,"cube-3180-asc","post",1622655299107048458,1622655299107201896
5,"cube-1407-asc","prep",1622655299107235677,1622655299709837103
5,"cube-1407-asc","zzzz",1622655299709842170,1622655743588403405,1028347,2199999,6599997
5,"cube-1407-asc","post",1622655743588417639,1622655743777250629
5,"cube-3181-bin","prep",1622655743777286232,1622655743783293185
5,"cube-3181-bin","zzzz",1622655743783296393,1622655743805128764,1195,2160,6480
5,"cube-3181-bin","post",1622655743805139084,1622655743805787355
5,"cube-301-bin","prep",1622655743805971658,1622655743806682245
5,"cube-301-bin","zzzz",1622655743806683830,1622655743809933745,243,512,1536
5,"cube-301-bin","post",1622655743809937340,1622655743810089116
5,"cube-41-geo","mesh",1622655743810138320,1622655743817864593
5,"cube-41-geo","prep",1622655743818727691,1622655743818880499
5,"cube-41-geo","zzzz",1622655743818882143,1622655743820558032,140,307,921
5,"cube-41-geo","post",1622655743820561821,1622655743820830553
5,"cube-3748-geo","mesh",1622655743820859413,1622655743828831543
5,"cube-3748-geo","prep",1622655743829637912,1622655743829773031
5,"cube-3748-geo","zzzz",1622655743829774750,1622655743831627836,147,332,996
5,"cube-3748-geo","post",1622655743831631591,1622655743831933673
5,"cube-2320-asc","prep",1622655743831961544,1622655743836486195
5,"cube-2320-asc","zzzz",1622655743836487898,1622655744102696586,8064,12841,38523
5,"cube-2320-asc","post",1622655744102706620,1622655744103678100
5,"cube-530-bin","prep",1622655744103737102,1622655744381648482
5,"cube-530-bin","zzzz",1622655744381655539,1622655844204080968,529575,733973,2201919
5,"cube-530-bin","post",1622655844204095042,1622655844252002733
5,"cube-637-asc","prep",1622655844252050695,1622655844252457577
5,"cube-637-asc","zzzz",1622655844252459290,1622655844256478024,287,596,1788
5,"cube-637-asc","post",1622655844256488177,1622655844256725740
5,"cube-879-asc","prep",1622655844256756235,1622655844257672106
5,"cube-879-asc","zzzz",1622655844257673943,1622655844273570500,947,1699,5097
5,"cube-879-asc","post",1622655844273580557,1622655844274236610
5,"cube-3556-asc","prep",1622655844274251107,1622655844394371239
5,"cube-3556-asc","zzzz",1622655844394378068,1622655869949616748,209210,295138,885414
5,"cube-3556-asc","post",1622655869949630714,1622655869986134345
5,"cube-56-asc","prep",1622655869986170257,1622655870073636160
5,"cube-56-asc","zzzz",1622655870073643952,1622655889013291168,170274,241098,723294
5,"cube-56-asc","post",1622655889013308130,1622655889028690979
5,"cube-123-asc","prep",1622655889028736788,1622655889031361289
5,"cube-123-asc","zzzz",1622655889031364954,1622655889177464240,5247,8448,25344
5,"cube-123-asc","post",1622655889177478990,1622655889177925930
5,"cube-3145-geo","mesh",1622655889177959374,1622655889187498490
5,"cube-3145-geo","prep",1622655889188414206,1622655889188563377
5,"cube-3145-geo","zzzz",1622655889188565157,1622655889190716759,165,374,1122
5,"cube-3145-geo","post",1622655889190718026,1622655889190822230
5,"cube-3132-geo","mesh",1622655889190833911,1622655909747460596
5,"cube-3132-geo","prep",1622655909748279242,1622655911773806276
5,"cube-3132-geo","zzzz",1622655911773812827,1622656413663329329,1765451,2412315,7236945
5,"cube-3132-geo","post",1622656413663343182,1622656414187599415
5,"cube-3321-bin","prep",1622656414187638265,1622656414286166741
5,"cube-3321-bin","zzzz",1622656414286172125,1622656429905638070,149154,211657,634971
5,"cube-3321-bin","post",1622656429905649040,1622656429919112636
5,"cube-3905-bin","prep",1622656429919195864,1622656429959039182
5,"cube-3905-bin","zzzz",1622656429959044179,1622656432160784415,37621,55461,166383
5,"cube-3905-bin","post",1622656432160798975,1622656432174599313
5,"cube-736-asc","prep",1622656432174637481,1622656432673763128
5,"cube-736-asc","zzzz",1622656432673770749,1622656637347482463,895185,1231051,3693153
5,"cube-736-asc","post",1622656637347497529,1622656637425946436
5,"cube-509-asc","prep",1622656637425992862,1622656637427188738
5,"cube-509-asc","zzzz",1622656637427191681,1622656637429308403,158,361,1083
5,"cube-509-asc","post",1622656637429318721,1622656637429527214
5,"cube-38-asc","prep",1622656637429558051,1622656637886288055
5,"cube-38-asc","zzzz",1622656637886294429,1622656828741145247,848972,1168167,3504501
5,"cube-38-asc","post",1622656828741159460,1622656828815607303
5,"cube-3734-asc","prep",1622656828815658860,1622656828818255935
5,"cube-3734-asc","zzzz",1622656828818259447,1622656828905965944,3598,5911,17733
5,"cube-3734-asc","post",1622656828905976338,1622656828907058196
5,"cube-763-geo","mesh",1622656828907077311,1622656828917054364
5,"cube-763-geo","prep",1622656828917994512,1622656828918238226
5,"cube-763-geo","zzzz",1622656828918239976,1622656828921552462,244,513,1539
5,"cube-763-geo","post",1622656828921562736,1622656828922122551
5,"cube-3704-geo","mesh",1622656828922138523,1622656829874168183
5,"cube-3704-geo","prep",1622656829875025066,1622656829923959598
5,"cube-3704-geo","zzzz",1622656829923965403,1622656834804401110,65992,95897,287691
5,"cube-3704-geo","post",1622656834804416470,1622656834854400837
5,"cube-3595-stl-bin","mesh",1622656834854959127,1622656834877818869
5,"cube-3595-stl-bin","prep",1622656834878716626,1622656834879496163
5,"cube-3595-stl-bin","zzzz",1622656834879499133,1622656834908751891,1057,2693,8079
5,"cube-3595-stl-bin","post",1622656834908761938,1622656834909227403
5,"cube-907-asc","prep",1622656834909243330,1622656835424385308
5,"cube-907-asc","zzzz",1622656835424390064,1622657099809057921,964165,1491605,4474815
5,"cube-907-asc","post",1622657099809071550,1622657099905208181
5,"cube-3393-stl-bin","mesh",1622657099905240213,1622657099979431824
5,"cube-3393-stl-bin","prep",1622657099980286698,1622657099983147987
5,"cube-3393-stl-bin","zzzz",1622657099983150768,1622657100251060435,6103,12898,38694
5,"cube-3393-stl-bin","post",1622657100251070629,1622657100252478186
5,"cube-1593-asc","prep",1622657100252520060,1622657100253300547
5,"cube-1593-asc","zzzz",1622657100253302160,1622657100258532513,349,730,2190
5,"cube-1593-asc","post",1622657100258542567,1622657100258753891
5,"cube-1609-bin","prep",1622657100258782483,1622657100334767845
5,"cube-1609-bin","zzzz",1622657100334774091,1622657112989274573,129242,183468,550404
5,"cube-1609-bin","post",1622657112989291132,1622657113001171443
5,"cube-2315-bin","prep",1622657113001202998,1622657113673942651
5,"cube-2315-bin","zzzz",1622657113673949684,1622657424440816968,1227964,1683831,5051493
5,"cube-2315-bin","post",1622657424440832170,1622657424545636251
5,"cube-3403-asc","prep",1622657424545703021,1622657424554329138
5,"cube-3403-asc","zzzz",1622657424554333635,1622657425346712187,18101,27439,82317
5,"cube-3403-asc","post",1622657425346722508,1622657425348242623
5,"cube-2368-geo","mesh",1622657425348262588,1622657438418886279
5,"cube-2368-geo","prep",1622657438419728017,1622657439537940502
5,"cube-2368-geo","zzzz",1622657439537947394,1622657673271525234,989659,1359930,4079790
5,"cube-2368-geo","post",1622657673271539955,1622657673630541618
5,"cube-68-geo","mesh",1622657673630613227,1622657675606163119
5,"cube-68-geo","prep",1622657675615602360,1622657675723999011
5,"cube-68-geo","zzzz",1622657675724004798,1622657689442307931,136564,193826,581478
5,"cube-68-geo","post",1622657689442321661,1622657689534819333
5,"cube-1923-asc","prep",1622657689539234002,1622657690157143762
5,"cube-1923-asc","zzzz",1622657690157149305,1622658167525798324,1044333,2323374,6970122
5,"cube-1923-asc","post",1622658167525814102,1622658167688640209
5,"Proc","exit_task",1622650751065499532,1622658167726018522,5408860
