7,"build/tests/sizes/cube-2173-bin.msh4","scan",1622650769827536884,1622650769829483600
7,"build/tests/sizes/cube-2173-bin.msh4","chck",1622650769826821511,1622650769829594253
7,"build/tests/sizes/cube-1377-asc.bdf","scan",1622650769830654497,1622650769919855029
7,"build/tests/sizes/cube-1377-asc.bdf","chck",1622650769829595577,1622650769919861772
7,"build/tests/sizes/cube-1670-bin.msh2","scan",1622650769935140912,1622650770046378184
7,"build/tests/sizes/cube-1670-bin.msh2","chck",1622650769919863016,1622650770046383933
7,"build/tests/sizes/cube-2371-bin.cgns","scan",1622650770051393725,1622650770109711415
7,"build/tests/sizes/cube-2371-bin.cgns","chck",1622650770046384917,1622650770109717090
7,"build/tests/sizes/cube-3097-bin.vtk","scan",1622650770110402807,1622650770263669809
7,"build/tests/sizes/cube-3097-bin.vtk","chck",1622650770109718095,1622650770263676060
7,"build/tests/sizes/cube-3200-geo.geo","scan",1622650770264298468,1622650770266118829
7,"build/tests/sizes/cube-3200-geo.geo","chck",1622650770263677150,1622650770266123523
7,"build/tests/sizes/cube-1966-stl-bin.geo","scan",1622650770266673860,1622650770301129455
7,"build/tests/sizes/cube-1966-stl-bin.geo","chck",1622650770266124533,1622650770301137168
7,"build/tests/sizes/cube-214-bin.msh4","scan",1622650770329313997,1622650770521542525
7,"build/tests/sizes/cube-214-bin.msh4","chck",1622650770301138645,1622650770521549630
7,"build/tests/sizes/cube-358-asc.msh2","scan",1622650770538498319,1622650770614139579
7,"build/tests/sizes/cube-358-asc.msh2","chck",1622650770521551024,1622650770614146740
7,"build/tests/sizes/cube-2671-bin.vtk","scan",1622650770614947372,1622650770618909570
7,"build/tests/sizes/cube-2671-bin.vtk","chck",1622650770614147909,1622650770618915526
7,"build/tests/sizes/cube-373-bin.msh4","scan",1622650770620283851,1622650770622118313
7,"build/tests/sizes/cube-373-bin.msh4","chck",1622650770618916690,1622650770622122981
7,"build/tests/sizes/cube-3857-bin.cgns","scan",1622650770625338083,1622650770691807201
7,"build/tests/sizes/cube-3857-bin.cgns","chck",1622650770622123935,1622650770691834276
7,"build/tests/sizes/cube-3466-geo.geo_unrolled","scan",1622650770692684927,1622650770694056782
7,"build/tests/sizes/cube-3466-geo.geo_unrolled","chck",1622650770691835610,1622650770694061023
7,"build/tests/sizes/cube-2735-asc.mesh","scan",1622650770694609541,1622650770737209818
7,"build/tests/sizes/cube-2735-asc.mesh","chck",1622650770694062006,1622650770737217148
7,"build/tests/sizes/cube-645-asc.bdf","scan",1622650770738845669,1622650770745284089
7,"build/tests/sizes/cube-645-asc.bdf","chck",1622650770737218631,1622650770745289882
7,"build/tests/sizes/cube-3835-bin.msh4","scan",1622650770745843859,1622650770771167345
7,"build/tests/sizes/cube-3835-bin.msh4","chck",1622650770745291142,1622650770771174821
7,"build/tests/sizes/cube-187-asc.bdf","scan",1622650770784009956,1622650771083257754
7,"build/tests/sizes/cube-187-asc.bdf","chck",1622650770771175847,1622650771083264138
7,"build/tests/sizes/cube-84-geo.geo_unrolled","scan",1622650771108354153,1622650771113175476
7,"build/tests/sizes/cube-84-geo.geo_unrolled","chck",1622650771083265448,1622650771113182489
7,"build/tests/sizes/cube-1212-geo.geo","scan",1622650771125372884,1622650771126610951
7,"build/tests/sizes/cube-1212-geo.geo","chck",1622650771113183832,1622650771126616735
7,"build/tests/sizes/cube-1482-bin.msh2","scan",1622650771127706497,1622650778414219051
7,"build/tests/sizes/cube-1482-bin.msh2","chck",1622650771126617899,1622650778414249870
7,"build/tests/sizes/cube-3296-bin.cgns","scan",1622650778495167202,1622650778558365404
7,"build/tests/sizes/cube-3296-bin.cgns","chck",1622650778414251134,1622650778558373975
7,"build/tests/sizes/cube-3127-bin.cgns","scan",1622650778562231178,1622650778623791346
7,"build/tests/sizes/cube-3127-bin.cgns","chck",1622650778558375129,1622650778623797190
7,"build/tests/sizes/cube-861-asc.msh2","scan",1622650778632124887,1622650780036257991
7,"build/tests/sizes/cube-861-asc.msh2","chck",1622650778623798265,1622650780036272033
7,"build/tests/sizes/cube-466-bin.cgns","scan",1622650780059155197,1622650780221115857
7,"build/tests/sizes/cube-466-bin.cgns","chck",1622650780036273354,1622650780221128375
7,"build/tests/sizes/cube-362-bin.vtk","scan",1622650780238815293,1622650780278291891
7,"build/tests/sizes/cube-362-bin.vtk","chck",1622650780221129529,1622650780278298191
7,"build/tests/sizes/cube-3136-geo.geo","scan",1622650780278887209,1622650780280222812
7,"build/tests/sizes/cube-3136-geo.geo","chck",1622650780278299237,1622650780280227132
7,"build/tests/sizes/cube-3484-geo.geo","scan",1622650780280832468,1622650780281935279
7,"build/tests/sizes/cube-3484-geo.geo","chck",1622650780280228096,1622650780281938499
7,"build/tests/sizes/cube-30-asc.mesh","scan",1622650780288326543,1622650780313854802
7,"build/tests/sizes/cube-30-asc.mesh","chck",1622650780281939835,1622650780313862047
7,"build/tests/sizes/cube-2334-bin.msh4","scan",1622650780314466477,1622650780316503505
7,"build/tests/sizes/cube-2334-bin.msh4","chck",1622650780313863628,1622650780316508493
7,"build/tests/sizes/cube-3730-bin.vtk","scan",1622650780317048722,1622650780806496107
7,"build/tests/sizes/cube-3730-bin.vtk","chck",1622650780316509489,1622650780806504158
7,"build/tests/sizes/cube-2946-asc.mesh","scan",1622650780807222975,1622650782939395947
7,"build/tests/sizes/cube-2946-asc.mesh","chck",1622650780806505514,1622650782939403723
7,"build/tests/sizes/cube-94-asc.bdf","scan",1622650782957468633,1622650784192410359
7,"build/tests/sizes/cube-94-asc.bdf","chck",1622650782939405267,1622650784192427422
7,"build/tests/sizes/cube-2800-bin.msh4","scan",1622650784193681318,1622650784220881933
7,"build/tests/sizes/cube-2800-bin.msh4","chck",1622650784192428777,1622650784220889691
7,"build/tests/sizes/cube-3706-bin.vtk","scan",1622650784221502541,1622650784302660061
7,"build/tests/sizes/cube-3706-bin.vtk","chck",1622650784220890976,1622650784302666618
7,"build/tests/sizes/cube-3954-geo.geo_unrolled","scan",1622650784303340253,1622650784304535039
7,"build/tests/sizes/cube-3954-geo.geo_unrolled","chck",1622650784302667739,1622650784304539145
7,"build/tests/sizes/cube-3696-geo.geo","scan",1622650784305119461,1622650784306427211
7,"build/tests/sizes/cube-3696-geo.geo","chck",1622650784304540141,1622650784306431227
7,"build/tests/sizes/cube-235-asc.mesh","scan",1622650784307537181,1622650784313034869
7,"build/tests/sizes/cube-235-asc.mesh","chck",1622650784306432170,1622650784313037991
7,"build/tests/sizes/cube-1360-asc.bdf","scan",1622650784314220322,1622650784325721767
7,"build/tests/sizes/cube-1360-asc.bdf","chck",1622650784313038921,1622650784325727303
7,"build/tests/sizes/cube-669-bin.msh4","scan",1622650784374877475,1622650784392332949
7,"build/tests/sizes/cube-669-bin.msh4","chck",1622650784325728552,1622650784392340374
7,"build/tests/sizes/cube-2187-asc.bdf","scan",1622650784393256435,1622650784408350442
7,"build/tests/sizes/cube-2187-asc.bdf","chck",1622650784392341535,1622650784408369439
7,"build/tests/sizes/cube-812-stl-bin.geo","scan",1622650784425222197,1622650784483468242
7,"build/tests/sizes/cube-812-stl-bin.geo","chck",1622650784408371009,1622650784483475941
7,"build/tests/sizes/cube-2661-asc.bdf","scan",1622650784484160927,1622650789184806116
7,"build/tests/sizes/cube-2661-asc.bdf","chck",1622650784483477174,1622650789184824568
7,"build/tests/sizes/cube-1988-stl-bin.geo","scan",1622650789186002408,1622650789324534744
7,"build/tests/sizes/cube-1988-stl-bin.geo","chck",1622650789184825819,1622650789324540278
7,"build/tests/sizes/cube-3890-bin.msh4","scan",1622650789325096289,1622650789458374666
7,"build/tests/sizes/cube-3890-bin.msh4","chck",1622650789324541359,1622650789458381351
7,"build/tests/sizes/cube-2102-stl-bin.geo","scan",1622650789459162623,1622650789486767079
7,"build/tests/sizes/cube-2102-stl-bin.geo","chck",1622650789458382585,1622650789486774438
7,"build/tests/sizes/cube-1045-geo.geo_unrolled","scan",1622650789488350089,1622650789489519547
7,"build/tests/sizes/cube-1045-geo.geo_unrolled","chck",1622650789486775612,1622650789489524207
7,"build/tests/sizes/cube-3446-bin.cgns","scan",1622650789494085522,1622650789558547568
7,"build/tests/sizes/cube-3446-bin.cgns","chck",1622650789489525467,1622650789558819612
7,"build/tests/sizes/cube-2014-geo.geo","scan",1622650789559437104,1622650789560804379
7,"build/tests/sizes/cube-2014-geo.geo","chck",1622650789558822187,1622650789560811059
7,"build/tests/sizes/cube-160-asc.msh2","scan",1622650789572578766,1622650789581451712
7,"build/tests/sizes/cube-160-asc.msh2","chck",1622650789560811993,1622650789581457559
7,"build/tests/sizes/cube-3718-bin.msh2","scan",1622650789581971090,1622650791263283116
7,"build/tests/sizes/cube-3718-bin.msh2","chck",1622650789581458482,1622650791263290197
7,"build/tests/sizes/cube-2918-bin.msh4","scan",1622650791264091585,1622650791267387421
7,"build/tests/sizes/cube-2918-bin.msh4","chck",1622650791263291336,1622650791267392786
7,"build/tests/sizes/cube-3083-asc.msh2","scan",1622650791267936425,1622650791270720838
7,"build/tests/sizes/cube-3083-asc.msh2","chck",1622650791267393904,1622650791270725157
7,"build/tests/sizes/cube-1951-geo.geo","scan",1622650791271305927,1622650791272550621
7,"build/tests/sizes/cube-1951-geo.geo","chck",1622650791270726172,1622650791272554851
7,"build/tests/sizes/cube-1776-bin.vtk","scan",1622650791273696342,1622650791277191976
7,"build/tests/sizes/cube-1776-bin.vtk","chck",1622650791272555770,1622650791277195526
7,"build/tests/sizes/cube-3193-geo.geo_unrolled","scan",1622650791277772458,1622650791279169332
7,"build/tests/sizes/cube-3193-geo.geo_unrolled","chck",1622650791277196427,1622650791279172824
7,"build/tests/sizes/cube-3552-asc.msh2","scan",1622650791279702118,1622650791281625558
7,"build/tests/sizes/cube-3552-asc.msh2","chck",1622650791279173854,1622650791281628832
7,"build/tests/sizes/cube-1323-bin.vtk","scan",1622650791291585527,1622650791341904606
7,"build/tests/sizes/cube-1323-bin.vtk","chck",1622650791281629773,1622650791341911430
7,"build/tests/sizes/cube-2707-asc.mesh","scan",1622650791342630903,1622650792029324693
7,"build/tests/sizes/cube-2707-asc.mesh","chck",1622650791341912498,1622650792029332004
7,"build/tests/sizes/cube-2723-geo.geo","scan",1622650792029958679,1622650792031708401
7,"build/tests/sizes/cube-2723-geo.geo","chck",1622650792029333201,1622650792031713593
7,"build/tests/sizes/cube-1218-asc.msh2","scan",1622650792033061532,1622650792037780689
7,"build/tests/sizes/cube-1218-asc.msh2","chck",1622650792031714552,1622650792037785088
7,"build/tests/sizes/cube-2432-asc.mesh","scan",1622650792038338138,1622650792045060288
7,"build/tests/sizes/cube-2432-asc.mesh","chck",1622650792037786112,1622650792045064327
7,"build/tests/sizes/cube-198-bin.msh2","scan",1622650792060448871,1622650792102459102
7,"build/tests/sizes/cube-198-bin.msh2","chck",1622650792045065240,1622650792102465763
7,"build/tests/sizes/cube-3065-bin.msh2","scan",1622650792103061420,1622650792170518436
7,"build/tests/sizes/cube-3065-bin.msh2","chck",1622650792102466877,1622650792170525914
7,"build/tests/sizes/cube-2612-geo.geo_unrolled","scan",1622650792171148157,1622650792173630776
7,"build/tests/sizes/cube-2612-geo.geo_unrolled","chck",1622650792170527285,1622650792173637427
7,"build/tests/sizes/cube-86-bin.vtk","scan",1622650792196512964,1622650792219467583
7,"build/tests/sizes/cube-86-bin.vtk","chck",1622650792173638396,1622650792219473711
7,"build/tests/sizes/cube-3935-bin.cgns","scan",1622650792225298272,1622650792290252948
7,"build/tests/sizes/cube-3935-bin.cgns","chck",1622650792219474858,1622650792290258815
7,"build/tests/sizes/cube-2492-geo.geo_unrolled","scan",1622650792291083886,1622650792292395262
7,"build/tests/sizes/cube-2492-geo.geo_unrolled","chck",1622650792290259919,1622650792292400260
7,"build/tests/sizes/cube-1691-geo.geo","scan",1622650792293529725,1622650792294865042
7,"build/tests/sizes/cube-1691-geo.geo","chck",1622650792292401311,1622650792294869074
7,"build/tests/sizes/cube-3823-bin.vtk","scan",1622650792295395847,1622650792298924316
7,"build/tests/sizes/cube-3823-bin.vtk","chck",1622650792294870053,1622650792298927756
7,"build/tests/sizes/cube-297-bin.vtk","scan",1622650792312696357,1622650792732443478
7,"build/tests/sizes/cube-297-bin.vtk","chck",1622650792298928729,1622650792732451096
7,"build/tests/sizes/cube-2934-asc.mesh","scan",1622650792733132736,1622650792781960179
7,"build/tests/sizes/cube-2934-asc.mesh","chck",1622650792732452249,1622650792781967558
7,"build/tests/sizes/cube-2343-asc.bdf","scan",1622650792786259215,1622650792789612289
7,"build/tests/sizes/cube-2343-asc.bdf","chck",1622650792781968781,1622650792789616435
7,"build/tests/sizes/cube-3902-asc.bdf","scan",1622650792790180402,1622650793084414921
7,"build/tests/sizes/cube-3902-asc.bdf","chck",1622650792789617466,1622650793084421974
7,"build/tests/sizes/cube-3229-bin.cgns","scan",1622650793095282965,1622650793158395452
7,"build/tests/sizes/cube-3229-bin.cgns","chck",1622650793084423104,1622650793158402687
7,"build/tests/sizes/cube-751-bin.vtk","scan",1622650793173631446,1622650793181658816
7,"build/tests/sizes/cube-751-bin.vtk","chck",1622650793158403929,1622650793181665224
7,"build/tests/sizes/cube-2000-bin.vtk","scan",1622650793182261048,1622650793183333543
7,"build/tests/sizes/cube-2000-bin.vtk","chck",1622650793181666445,1622650793183336793
7,"build/tests/sizes/cube-1702-bin.cgns","scan",1622650793210905062,1622650793317615640
7,"build/tests/sizes/cube-1702-bin.cgns","chck",1622650793183337840,1622650793317622674
7,"build/tests/sizes/cube-1289-asc.mesh","scan",1622650793337872204,1622650793376488510
7,"build/tests/sizes/cube-1289-asc.mesh","chck",1622650793317623841,1622650793376496693
7,"build/tests/sizes/cube-1958-bin.msh2","scan",1622650793377105693,1622650793380652935
7,"build/tests/sizes/cube-1958-bin.msh2","chck",1622650793376497873,1622650793380658043
7,"build/tests/sizes/cube-3057-geo.geo_unrolled","scan",1622650793381211446,1622650793382322995
7,"build/tests/sizes/cube-3057-geo.geo_unrolled","chck",1622650793380659241,1622650793382327322
7,"build/tests/sizes/cube-3630-geo.geo","scan",1622650793382928630,1622650793384232705
7,"build/tests/sizes/cube-3630-geo.geo","chck",1622650793382328227,1622650793384236019
7,"build/tests/sizes/cube-731-geo.geo","scan",1622650793385293939,1622650793386578483
7,"build/tests/sizes/cube-731-geo.geo","chck",1622650793384237021,1622650793386581730
7,"build/tests/sizes/cube-3262-asc.msh2","scan",1622650793387179131,1622650793633011237
7,"build/tests/sizes/cube-3262-asc.msh2","chck",1622650793386582715,1622650793633018611
7,"build/tests/sizes/cube-3313-bin.msh2","scan",1622650793633649297,1622650793645417465
7,"build/tests/sizes/cube-3313-bin.msh2","chck",1622650793633019752,1622650793645423639
7,"build/tests/sizes/cube-3107-asc.bdf","scan",1622650793645986630,1622650793833518266
7,"build/tests/sizes/cube-3107-asc.bdf","chck",1622650793645424848,1622650793833525276
7,"build/tests/sizes/cube-3504-bin.msh2","scan",1622650793834133218,1622650797008899090
7,"build/tests/sizes/cube-3504-bin.msh2","chck",1622650793833526449,1622650797008906575
7,"build/tests/sizes/cube-2268-bin.msh4","scan",1622650797009608519,1622650797230123261
7,"build/tests/sizes/cube-2268-bin.msh4","chck",1622650797008907782,1622650797230131538
7,"build/tests/sizes/cube-3457-bin.cgns","scan",1622650797237265032,1622650797303609869
7,"build/tests/sizes/cube-3457-bin.cgns","chck",1622650797230132812,1622650797303617773
7,"build/tests/sizes/cube-3048-geo.geo","scan",1622650797304488413,1622650797305885982
7,"build/tests/sizes/cube-3048-geo.geo","chck",1622650797303619072,1622650797305890830
7,"build/tests/sizes/cube-3500-asc.msh2","scan",1622650797306440911,1622650797606069066
7,"build/tests/sizes/cube-3500-asc.msh2","chck",1622650797305891910,1622650797606076273
7,"build/tests/sizes/cube-788-stl-bin.geo","scan",1622650797619564239,1622650798241957824
7,"build/tests/sizes/cube-788-stl-bin.geo","chck",1622650797606077610,1622650798241965668
7,"build/tests/sizes/cube-2084-geo.geo_unrolled","scan",1622650798242918171,1622650798244253163
7,"build/tests/sizes/cube-2084-geo.geo_unrolled","chck",1622650798241966979,1622650798244258725
7,"build/tests/sizes/cube-2586-bin.vtk","scan",1622650798244846245,1622650798247774338
7,"build/tests/sizes/cube-2586-bin.vtk","chck",1622650798244259866,1622650798247779433
7,"build/tests/sizes/cube-2128-asc.mesh","scan",1622650798248492484,1622650799047263271
7,"build/tests/sizes/cube-2128-asc.mesh","chck",1622650798247930700,1622650799047270411
7,"build/tests/sizes/cube-1352-geo.geo","scan",1622650799067674756,1622650799069115568
7,"build/tests/sizes/cube-1352-geo.geo","chck",1622650799047271767,1622650799069122068
7,"build/tests/sizes/cube-2214-bin.cgns","scan",1622650799074421354,1622650799139438620
7,"build/tests/sizes/cube-2214-bin.cgns","chck",1622650799069123084,1622650799139446789
7,"build/tests/sizes/cube-2464-asc.mesh","scan",1622650799140179292,1622650806063354603
7,"build/tests/sizes/cube-2464-asc.mesh","chck",1622650799139448037,1622650806063378745
7,"build/tests/sizes/cube-2174-geo.geo","scan",1622650806064170654,1622650806065670235
7,"build/tests/sizes/cube-2174-geo.geo","chck",1622650806063380038,1622650806065675596
7,"build/tests/sizes/cube-3153-asc.mesh","scan",1622650806066225839,1622650813202085025
7,"build/tests/sizes/cube-3153-asc.mesh","chck",1622650806065676600,1622650813202094965
7,"build/tests/sizes/cube-3668-geo.geo_unrolled","scan",1622650813202931598,1622650813204338674
7,"build/tests/sizes/cube-3668-geo.geo_unrolled","chck",1622650813202096054,1622650813204343801
7,"cube-2464-asc","prep",1622650813205609300,1622650814595613411
7,"cube-2464-asc","zzzz",1622650814595622754,1622651492517471288,2216677,3022474,9067422
7,"cube-2464-asc","post",1622651492517525456,1622651492706774032
7,"cube-2128-asc","prep",1622651492707597861,1622651492840271371
7,"cube-2128-asc","zzzz",1622651492840277873,1622651524003891230,239587,337280,1011840
7,"cube-2128-asc","post",1622651524003900343,1622651524033068949
7,"cube-3466-geo","mesh",1622651524033124705,1622651524691754732
7,"cube-3466-geo","prep",1622651524692585577,1622651524743825716
7,"cube-3466-geo","zzzz",1622651524743830185,1622651528933671321,59019,86308,258924
7,"cube-3466-geo","post",1622651528933682080,1622651528947222668
7,"cube-1958-bin","prep",1622651528947280189,1622651528950612825
7,"cube-1958-bin","zzzz",1622651528950615349,1622651528967773692,1023,1806,5418
7,"cube-1958-bin","post",1622651528967775220,1622651528967905447
7,"cube-1218-asc","prep",1622651528967943201,1622651528968164472
7,"cube-1218-asc","zzzz",1622651528968165372,1622651528973322460,348,729,2187
7,"cube-1218-asc","post",1622651528973323467,1622651528973402474
7,"cube-3136-geo","mesh",1622651528973411081,1622651528981885306
7,"cube-3136-geo","prep",1622651528982715394,1622651528982889351
7,"cube-3136-geo","zzzz",1622651528982890761,1622651528986198022,249,520,1560
7,"cube-3136-geo","post",1622651528986199242,1622651528986311785
7,"cube-3484-geo","mesh",1622651528986322557,1622651529630871517
7,"cube-3484-geo","prep",1622651529631680327,1622651529677781817
7,"cube-3484-geo","zzzz",1622651529677786204,1622651533359312544,53930,79059,237177
7,"cube-3484-geo","post",1622651533359323009,1622651533372908917
7,"cube-2334-bin","prep",1622651533372957756,1622651533377160934
7,"cube-2334-bin","zzzz",1622651533377164113,1622651533408806409,1577,2858,8574
7,"cube-2334-bin","post",1622651533408823979,1622651533409180272
7,"cube-2800-bin","prep",1622651533409362253,1622651533409609572
7,"cube-2800-bin","zzzz",1622651533409611099,1622651533412998637,253,524,1572
7,"cube-2800-bin","post",1622651533413003400,1622651533413181993
7,"cube-3730-bin","prep",1622651533413194893,1622651533584687309
7,"cube-3730-bin","zzzz",1622651533584694170,1622651563162538564,231703,325644,976932
7,"cube-3730-bin","post",1622651563162553530,1622651563219192735
7,"cube-235-asc","prep",1622651563219232350,1622651563230817614
7,"cube-235-asc","zzzz",1622651563230821408,1622651563251690990,1184,2088,6264
7,"cube-235-asc","post",1622651563251701109,1622651563252099750
7,"cube-3890-bin","prep",1622651563252163397,1622651563396512146
7,"cube-3890-bin","zzzz",1622651563396518654,1622651595796647700,246003,346220,1038660
7,"cube-3890-bin","post",1622651595796662105,1622651595817207189
7,"cube-2612-geo","mesh",1622651595817258921,1622651596027715332
7,"cube-2612-geo","prep",1622651596028479434,1622651596037990708
7,"cube-2612-geo","zzzz",1622651596037993961,1622651596662182501,15109,23220,69660
7,"cube-2612-geo","post",1622651596662192444,1622651596665197845
7,"cube-1776-bin","prep",1622651596665520698,1622651596667204620
7,"cube-1776-bin","zzzz",1622651596667206127,1622651596692210111,1314,2393,7179
7,"cube-1776-bin","post",1622651596692220330,1622651596692622332
7,"cube-2707-asc","prep",1622651596692666820,1622651596801690506
7,"cube-2707-asc","zzzz",1622651596801695761,1622651623730487937,217167,305734,917202
7,"cube-2707-asc","post",1622651623730501105,1622651623748808087
7,"cube-2371-bin.cgns","prep",1622651623748849857,1622651623831949288
7,"cube-2371-bin.cgns","zzzz",1622651623831957466,1622651807081425318,822085,1133076,3399228
7,"cube-2371-bin.cgns","post",1622651807081440383,1622651807081828682
7,"cube-669-bin","prep",1622651807081963985,1622651807082721822
7,"cube-669-bin","zzzz",1622651807082723932,1622651807110654159,1428,2601,7803
7,"cube-669-bin","post",1622651807110664177,1622651807111203462
7,"cube-94-asc","prep",1622651807111270949,1622651807184880968
7,"cube-94-asc","zzzz",1622651807184887014,1622651821150742903,138068,196114,588342
7,"cube-94-asc","post",1622651821150757899,1622651821162958523
7,"cube-2000-bin","prep",1622651821162999991,1622651821163151460
7,"cube-2000-bin","zzzz",1622651821163152984,1622651821164927613,142,321,963
7,"cube-2000-bin","post",1622651821164931238,1622651821165027301
7,"cube-1289-asc","prep",1622651821165048573,1622651821167582178
7,"cube-1289-asc","zzzz",1622651821167584397,1622651821297845145,4811,7796,23388
7,"cube-1289-asc","post",1622651821297855610,1622651821298884424
7,"cube-3153-asc","prep",1622651821298905372,1622651822403320368
7,"cube-3153-asc","zzzz",1622651822403326840,1622652535840092205,2304003,3140462,9421386
7,"cube-3153-asc","post",1622652535840102664,1622652536027014500
7,"cube-1482-bin","prep",1622652536027643810,1622652537133721968
7,"cube-1482-bin","zzzz",1622652537133727548,1622653113168088053,1959635,2674921,8024763
7,"cube-1482-bin","post",1622653113168101579,1622653113428754162
7,"cube-2432-asc","prep",1622653113428801052,1622653113440884603
7,"cube-2432-asc","zzzz",1622653113440888075,1622653113465466744,1293,2362,7086
7,"cube-2432-asc","post",1622653113465476818,1622653113465870036
7,"cube-3048-geo","mesh",1622653113465890739,1622653113525364812
7,"cube-3048-geo","prep",1622653113526116299,1622653113526860650
7,"cube-3048-geo","zzzz",1622653113526862514,1622653113549027834,1226,2185,6555
7,"cube-3048-geo","post",1622653113549037573,1622653113549278083
7,"cube-812-stl-bin","mesh",1622653113549384623,1622653113759973415
7,"cube-812-stl-bin","prep",1622653113760759377,1622653113776642005
7,"cube-812-stl-bin","zzzz",1622653113776646122,1622653115412971751,24596,45252,135756
7,"cube-812-stl-bin","post",1622653115412986101,1622653115423378970
7,"cube-2214-bin.cgns","prep",1622653115423420218,1622653115465491726
7,"cube-2214-bin.cgns","zzzz",1622653115465498669,1622653197657720377,463818,645167,1935501
7,"cube-2214-bin.cgns","post",1622653197657734498,1622653197657799950
7,"cube-2343-asc","prep",1622653197657933688,1622653197658222870
7,"cube-2343-asc","zzzz",1622653197658224406,1622653197663446749,348,729,2187
7,"cube-2343-asc","post",1622653197663457033,1622653197663651300
7,"cube-84-geo","mesh",1622653197663693390,1622653198180230753
7,"cube-84-geo","prep",1622653198181072132,1622653198218917174
7,"cube-84-geo","zzzz",1622653198218922120,1622653201083186752,45237,66451,199353
7,"cube-84-geo","post",1622653201083198712,1622653201096863091
7,"cube-2918-bin","prep",1622653201098267053,1622653201105670232
7,"cube-2918-bin","zzzz",1622653201105672777,1622653201280281150,5984,9568,28704
7,"cube-2918-bin","post",1622653201280291158,1622653201281017859
7,"cube-2661-asc","prep",1622653201281080340,1622653201624222567
7,"cube-2661-asc","zzzz",1622653201624228211,1622653341021113707,666763,922884,2768652
7,"cube-2661-asc","post",1622653341021127580,1622653341077096756
7,"cube-1045-geo","mesh",1622653341077141503,1622653341169779248
7,"cube-1045-geo","prep",1622653341170900113,1622653341174820126
7,"cube-1045-geo","zzzz",1622653341174822611,1622653341384607351,6852,10891,32673
7,"cube-1045-geo","post",1622653341384617274,1622653341385912823
7,"cube-3835-bin","prep",1622653341386054551,1622653341407372760
7,"cube-3835-bin","zzzz",1622653341407375622,1622653343902226807,41089,60446,181338
7,"cube-3835-bin","post",1622653343902240369,1622653343906325385
7,"cube-1951-geo","mesh",1622653343906564476,1622653368644615821
7,"cube-1951-geo","prep",1622653368645595224,1622653371201480209
7,"cube-1951-geo","zzzz",1622653371201487573,1622654129883099768,2414456,3288696,9866088
7,"cube-1951-geo","post",1622654129883109019,1622654130549786807
7,"cube-3935-bin.cgns","prep",1622654130550552275,1622654130654342053
7,"cube-3935-bin.cgns","zzzz",1622654130654350431,1622654180322408806,328783,461095,1383285
7,"cube-3935-bin.cgns","post",1622654180322422352,1622654180322535406
7,"cube-3057-geo","mesh",1622654180322667625,1622654189546993391
7,"cube-3057-geo","prep",1622654189547839774,1622654190458743522
7,"cube-3057-geo","zzzz",1622654190458749752,1622654373571109966,823571,1132443,3397329
7,"cube-3057-geo","post",1622654373571120466,1622654373901889598
7,"cube-3630-geo","mesh",1622654373901946547,1622654374103842282
7,"cube-3630-geo","prep",1622654374104651093,1622654374110799485
7,"cube-3630-geo","zzzz",1622654374110802633,1622654374430678669,9265,14593,43779
7,"cube-3630-geo","post",1622654374430688378,1622654374436237834
7,"cube-2014-geo","mesh",1622654374436713741,1622654374492764387
7,"cube-2014-geo","prep",1622654374493552269,1622654374495909454
7,"cube-2014-geo","zzzz",1622654374495911596,1622654374585795745,3675,6012,18036
7,"cube-2014-geo","post",1622654374585806321,1622654374587124457
7,"cube-3127-bin.cgns","prep",1622654374587910315,1622654374588891931
7,"cube-3127-bin.cgns","zzzz",1622654374588894475,1622654374606283548,1034,1821,5463
7,"cube-3127-bin.cgns","post",1622654374606298789,1622654374606325270
7,"cube-1988-stl-bin","mesh",1622654374606407024,1622654374624224098
7,"cube-1988-stl-bin","prep",1622654374625013193,1622654374625925132
7,"cube-1988-stl-bin","zzzz",1622654374625927299,1622654374670587398,1332,3679,11037
7,"cube-1988-stl-bin","post",1622654374670604265,1622654374671324587
7,"cube-3457-bin.cgns","prep",1622654374671342287,1622654374671893780
7,"cube-3457-bin.cgns","zzzz",1622654374671895973,1622654374673708916,142,321,963
7,"cube-3457-bin.cgns","post",1622654374673713638,1622654374673747795
7,"cube-3296-bin.cgns","prep",1622654374673789536,1622654374674529901
7,"cube-3296-bin.cgns","zzzz",1622654374674532457,1622654374787507465,4319,7057,21171
7,"cube-3296-bin.cgns","post",1622654374787517404,1622654374787550244
7,"cube-2102-stl-bin","mesh",1622654374787622111,1622654374999077604
7,"cube-2102-stl-bin","prep",1622654374999885168,1622654375020206896
7,"cube-2102-stl-bin","zzzz",1622654375020213181,1622654376507629012,23034,42336,127008
7,"cube-2102-stl-bin","post",1622654376507639238,1622654376521760578
7,"cube-3229-bin.cgns","prep",1622654376522526377,1622654376559632671
7,"cube-3229-bin.cgns","zzzz",1622654376559639926,1622654427653796396,335516,469912,1409736
7,"cube-3229-bin.cgns","post",1622654427653811098,1622654427653870940
7,"cube-362-bin","prep",1622654427654001287,1622654427657159211
7,"cube-362-bin","zzzz",1622654427657161665,1622654427805134334,5314,8523,25569
7,"cube-362-bin","post",1622654427805144979,1622654427806736991
7,"cube-358-asc","prep",1622654427806758350,1622654427811664348
7,"cube-358-asc","zzzz",1622654427811666205,1622654428105739097,8740,13763,41289
7,"cube-358-asc","post",1622654428105749125,1622654428106782735
7,"cube-3902-asc","prep",1622654428106836073,1622654428125889457
7,"cube-3902-asc","zzzz",1622654428125891932,1622654430392379572,38498,56627,169881
7,"cube-3902-asc","post",1622654430392390312,1622654430396002924
7,"cube-731-geo","mesh",1622654430396031729,1622654430403784011
7,"cube-731-geo","prep",1622654430404603561,1622654430404755802
7,"cube-731-geo","zzzz",1622654430404757253,1622654430406661734,147,332,996
7,"cube-731-geo","post",1622654430406680241,1622654430406900666
7,"cube-3083-asc","prep",1622654430406937305,1622654430407215017
7,"cube-3083-asc","zzzz",1622654430407216268,1622654430411227066,286,595,1785
7,"cube-3083-asc","post",1622654430411236876,1622654430411385057
7,"cube-214-bin","prep",1622654430411419530,1622654430528973467
7,"cube-214-bin","zzzz",1622654430528980298,1622654460078022118,231507,325415,976245
7,"cube-214-bin","post",1622654460078035942,1622654460097980612
7,"cube-3097-bin","prep",1622654460098038302,1622654460146305339
7,"cube-3097-bin","zzzz",1622654460146310860,1622654467470122659,87709,126455,379365
7,"cube-3097-bin","post",1622654467470136342,1622654467478635863
7,"cube-3706-bin","prep",1622654467478672594,1622654467500857392
7,"cube-3706-bin","zzzz",1622654467500860486,1622654470195036064,43339,63760,191280
7,"cube-3706-bin","post",1622654470195047351,1622654470198587556
7,"cube-2671-bin","prep",1622654470198624357,1622654470199431990
7,"cube-2671-bin","zzzz",1622654470199434077,1622654470227265501,1421,2594,7782
7,"cube-2671-bin","post",1622654470227275430,1622654470227690122
7,"cube-3857-bin.cgns","prep",1622654470227833813,1622654470228366746
7,"cube-3857-bin.cgns","zzzz",1622654470228369003,1622654470232100451,268,563,1689
7,"cube-3857-bin.cgns","post",1622654470232110274,1622654470232154655
7,"cube-1966-stl-bin","mesh",1622654470232249959,1622654470244476860
7,"cube-1966-stl-bin","prep",1622654470245263110,1622654470246030306
7,"cube-1966-stl-bin","zzzz",1622654470246032442,1622654470275210988,1056,2688,8064
7,"cube-1966-stl-bin","post",1622654470275220921,1622654470275713057
7,"cube-2946-asc","prep",1622654470275924357,1622654470642693064
7,"cube-2946-asc","zzzz",1622654470642699057,1622654599881899657,631053,871984,2615952
7,"cube-2946-asc","post",1622654599881909507,1622654600002143028
7,"cube-3696-geo","mesh",1622654600002193591,1622654600037837839
7,"cube-3696-geo","prep",1622654600038890013,1622654600040240065
7,"cube-3696-geo","zzzz",1622654600040242586,1622654600074074171,1665,3005,9015
7,"cube-3696-geo","post",1622654600074081557,1622654600075191761
7,"cube-160-asc","prep",1622654600075253757,1622654600075718030
7,"cube-160-asc","zzzz",1622654600075719992,1622654600078890111,233,498,1494
7,"cube-160-asc","post",1622654600078905446,1622654600078976357
7,"cube-1670-bin","prep",1622654600078989506,1622654600093345732
7,"cube-1670-bin","zzzz",1622654600093349071,1622654601378612685,25523,38319,114957
7,"cube-1670-bin","post",1622654601378632328,1622654601382419574
7,"cube-3200-geo","mesh",1622654601382462852,1622654602410915109
7,"cube-3200-geo","prep",1622654602411728679,1622654602511034757
7,"cube-3200-geo","zzzz",1622654602511041638,1622654608439497168,75593,109512,328536
7,"cube-3200-geo","post",1622654608439507867,1622654608488596054
7,"cube-2268-bin","prep",1622654608488687153,1622654608730695348
7,"cube-2268-bin","zzzz",1622654608730702584,1622654679883848400,420327,586106,1758318
7,"cube-2268-bin","post",1622654679883902418,1622654679918943515
7,"cube-2174-geo","mesh",1622654679919034432,1622654679939282516
7,"cube-2174-geo","prep",1622654679940098328,1622654679940521514
7,"cube-2174-geo","zzzz",1622654679940524065,1622654679948257327,494,989,2967
7,"cube-2174-geo","post",1622654679948261360,1622654679948513886
7,"cube-2735-asc","prep",1622654679948527186,1622654679954859480
7,"cube-2735-asc","zzzz",1622654679954861689,1622654680439122675,12556,19470,58410
7,"cube-2735-asc","post",1622654680439132450,1622654680440672466
7,"cube-373-bin","prep",1622654680440851860,1622654680441033248
7,"cube-373-bin","zzzz",1622654680441034680,1622654680442830529,145,324,972
7,"cube-373-bin","post",1622654680442833737,1622654680442975960
7,"cube-1323-bin","prep",1622654680442997702,1622654680453182975
7,"cube-1323-bin","zzzz",1622654680453184706,1622654681405769309,20824,31166,93498
7,"cube-1323-bin","post",1622654681405779366,1622654681407581250
7,"cube-2173-bin","prep",1622654681407599598,1622654681407870855
7,"cube-2173-bin","zzzz",1622654681407871802,1622654681415712431,497,995,2985
7,"cube-2173-bin","post",1622654681416537283,1622654681416642343
7,"cube-645-asc","prep",1622654681416687878,1622654681417104159
7,"cube-645-asc","zzzz",1622654681417105305,1622654681428642615,705,1335,4005
7,"cube-645-asc","post",1622654681428652594,1622654681428847481
7,"cube-861-asc","prep",1622654681428859697,1622654681525748108
7,"cube-861-asc","zzzz",1622654681525753235,1622654702110715476,180497,255084,765252
7,"cube-861-asc","post",1622654702110725074,1622654702146209569
7,"cube-1691-geo","mesh",1622654702146265512,1622654702349492762
7,"cube-1691-geo","prep",1622654702350314931,1622654702361120800
7,"cube-1691-geo","zzzz",1622654702361124625,1622654703009530638,15581,23864,71592
7,"cube-1691-geo","post",1622654703009541089,1622654703017270774
7,"cube-1702-bin.cgns","prep",1622654703018019885,1622654703040000224
7,"cube-1702-bin.cgns","zzzz",1622654703040005392,1622654703056724896,998,1767,5301
7,"cube-1702-bin.cgns","post",1622654703056741925,1622654703056793108
7,"cube-3954-geo","mesh",1622654703056876616,1622654704241755762
7,"cube-3954-geo","prep",1622654704242579212,1622654704336981325
7,"cube-3954-geo","zzzz",1622654704336987270,1622654712958324525,98357,141279,423837
7,"cube-3954-geo","post",1622654712958334057,1622654712999627282
7,"cube-3718-bin","prep",1622654712999665908,1622654713227566233
7,"cube-3718-bin","zzzz",1622654713227572799,1622654778969102927,399086,556038,1668114
7,"cube-3718-bin","post",1622654778969116806,1622654779003470938
7,"cube-1360-asc","prep",1622654779003506506,1622654779004391567
7,"cube-1360-asc","zzzz",1622654779004394107,1622654779029942781,1335,2432,7296
7,"cube-1360-asc","post",1622654779029953149,1622654779030274712
7,"cube-30-asc","prep",1622654779030293200,1622654779030941746
7,"cube-30-asc","zzzz",1622654779030943392,1622654779049499503,1070,1911,5733
7,"cube-30-asc","post",1622654779049509396,1622654779049940260
7,"cube-2187-asc","prep",1622654779049977719,1622654779050787761
7,"cube-2187-asc","zzzz",1622654779050789295,1622654779084697132,1664,3010,9030
7,"cube-2187-asc","post",1622654779084707024,1622654779085256054
7,"cube-751-bin","prep",1622654779085305767,1622654779085574550
7,"cube-751-bin","zzzz",1622654779085575812,1622654779089629408,291,600,1800
7,"cube-751-bin","post",1622654779089639218,1622654779089769290
7,"cube-1212-geo","mesh",1622654779089803350,1622654788451742992
7,"cube-1212-geo","prep",1622654788452564552,1622654789426492104
7,"cube-1212-geo","zzzz",1622654789426509375,1622655003278469546,925820,1272205,3816615
7,"cube-1212-geo","post",1622655003278493646,1622655003543188211
7,"cube-1377-asc","prep",1622655003543317960,1622655003559507347
7,"cube-1377-asc","zzzz",1622655003559512458,1622655004035971597,12417,19265,57795
7,"cube-1377-asc","post",1622655004035985349,1622655004037745155
7,"cube-466-bin.cgns","prep",1622655004037783217,1622655004774169462
7,"cube-466-bin.cgns","zzzz",1622655004774178365,1622655565842110290,1920954,2622655,7867965
7,"cube-466-bin.cgns","post",1622655565842124327,1622655565842230729
7,"cube-3193-geo","mesh",1622655565842399152,1622655566776232682
7,"cube-3193-geo","prep",1622655566782488248,1622655566829643115
7,"cube-3193-geo","zzzz",1622655566829648740,1622655572759318311,75530,109428,328284
7,"cube-3193-geo","post",1622655572759331759,1622655572796931393
7,"cube-3313-bin","prep",1622655572796976579,1622655572805534329
7,"cube-3313-bin","zzzz",1622655572805537265,1622655572890593060,3505,5784,17352
7,"cube-3313-bin","post",1622655572890603251,1622655572891558876
7,"cube-3552-asc","prep",1622655572891695685,1622655572892003922
7,"cube-3552-asc","zzzz",1622655572892005292,1622655572893910497,147,332,996
7,"cube-3552-asc","post",1622655572893920224,1622655572894025384
7,"cube-297-bin","prep",1622655572894057434,1622655573012076652
7,"cube-297-bin","zzzz",1622655573012083241,1622655599500039213,214637,302332,906996
7,"cube-297-bin","post",1622655599500050860,1622655599519801326
7,"cube-2084-geo","mesh",1622655599519840667,1622655600127887006
7,"cube-2084-geo","prep",1622655600128700892,1622655600169455645
7,"cube-2084-geo","zzzz",1622655600169461154,1622655603436061091,49568,72780,218340
7,"cube-2084-geo","post",1622655603436073859,1622655603453409400
7,"cube-2723-geo","mesh",1622655603454910284,1622655603469863229
7,"cube-2723-geo","prep",1622655603470704828,1622655603470858728
7,"cube-2723-geo","zzzz",1622655603470860322,1622655603472789182,150,335,1005
7,"cube-2723-geo","post",1622655603472799191,1622655603473066761
7,"cube-198-bin","prep",1622655603473103109,1622655603476492850
7,"cube-198-bin","zzzz",1622655603476494925,1622655603645742815,5878,9362,28086
7,"cube-198-bin","post",1622655603645752600,1622655603646742909
7,"cube-3065-bin","prep",1622655603646758170,1622655603656856473
7,"cube-3065-bin","zzzz",1622655603656858583,1622655604627391826,21083,31522,94566
7,"cube-3065-bin","post",1622655604627401735,1622655604629577623
7,"cube-86-bin","prep",1622655604629593740,1622655604630294843
7,"cube-86-bin","zzzz",1622655604630296504,1622655604649836156,1118,1987,5961
7,"cube-86-bin","post",1622655604649845884,1622655604650230692
7,"cube-3446-bin.cgns","prep",1622655604650266008,1622655604794190577
7,"cube-3446-bin.cgns","zzzz",1622655604794198531,1622655634956058793,234926,329967,989901
7,"cube-3446-bin.cgns","post",1622655634956108589,1622655634956153963
7,"cube-2492-geo","mesh",1622655634956288036,1622655634993822199
7,"cube-2492-geo","prep",1622655634994622637,1622655634995408010
7,"cube-2492-geo","zzzz",1622655634995410231,1622655635027282861,1590,2873,8619
7,"cube-2492-geo","post",1622655635027292644,1622655635027932424
7,"cube-187-asc","prep",1622655635028184801,1622655635046616861
7,"cube-187-asc","zzzz",1622655635046619711,1622655637081112038,35547,52526,157578
7,"cube-187-asc","post",1622655637081122419,1622655637084481066
7,"cube-788-stl-bin","mesh",1622655637084507529,1622655648119307943
7,"cube-788-stl-bin","prep",1622655648120204611,1622655649373019332
7,"cube-788-stl-bin","zzzz",1622655649373026184,1622655960612331555,1146065,1685749,5057247
7,"cube-788-stl-bin","post",1622655960612339306,1622655960931901486
7,"cube-3823-bin","prep",1622655960931941171,1622655960941122532
7,"cube-3823-bin","zzzz",1622655960941125833,1622655960972794990,1582,2859,8577
7,"cube-3823-bin","post",1622655960972805119,1622655960973239920
7,"cube-2934-asc","prep",1622655960973260421,1622655960983207866
7,"cube-2934-asc","zzzz",1622655960983209786,1622655961615304064,15305,23446,70338
7,"cube-2934-asc","post",1622655961615314049,1622655961616817627
7,"cube-1352-geo","mesh",1622655961616838727,1622655963513678005
7,"cube-1352-geo","prep",1622655963514461956,1622655963692199200
7,"cube-1352-geo","zzzz",1622655963692204671,1622655983014158303,173001,244374,733122
7,"cube-1352-geo","post",1622655983014167669,1622655983087633141
7,"cube-3262-asc","prep",1622655983087678808,1622655983117709478
7,"cube-3262-asc","zzzz",1622655983117715880,1622655985374459538,38295,56491,169473
7,"cube-3262-asc","post",1622655985374469642,1622655985378761923
7,"cube-3668-geo","mesh",1622655985378803404,1622656005327754068
7,"cube-3668-geo","prep",1622656005558218849,1622656006950238690
7,"cube-3668-geo","zzzz",1622656006950243802,1622656496834277950,1733891,2368879,7106637
7,"cube-3668-geo","post",1622656496834292456,1622656497304739007
7,"cube-3107-asc","prep",1622656497304792918,1622656497327694821
7,"cube-3107-asc","zzzz",1622656497327698907,1622656498594568106,25344,37893,113679
7,"cube-3107-asc","post",1622656498594579292,1622656498597720371
7,"cube-3504-bin","prep",1622656498597744095,1622656499004508910
7,"cube-3504-bin","zzzz",1622656499004515368,1622656652558119121,719478,992359,2977077
7,"cube-3504-bin","post",1622656652558133079,1622656652621281007
7,"cube-3500-asc","prep",1622656652621329745,1622656652643316599
7,"cube-3500-asc","zzzz",1622656652643320547,1622656655329554431,43197,63587,190761
7,"cube-3500-asc","post",1622656655329566551,1622656655333426293
7,"cube-2586-bin","prep",1622656655333461677,1622656655334223678
7,"cube-2586-bin","zzzz",1622656655334225248,1622656655353144981,1080,1939,5817
7,"cube-2586-bin","post",1622656655353154881,1622656655353815234
7,"Proc","exit_task",1622650751065535482,1622656655396864094,3675612
