9,"build/tests/sizes/cube-2444-asc.mesh","scan",1622650769583412414,1622650769607240735
9,"build/tests/sizes/cube-2444-asc.mesh","chck",1622650769582701166,1622650769607393847
9,"build/tests/sizes/cube-2571-geo.geo_unrolled","scan",1622650769609188731,1622650769611573269
9,"build/tests/sizes/cube-2571-geo.geo_unrolled","chck",1622650769607395328,1622650769611576779
9,"build/tests/sizes/cube-1648-bin.msh2","scan",1622650769613540040,1622650773102128959
9,"build/tests/sizes/cube-1648-bin.msh2","chck",1622650769611577692,1622650773102151720
9,"build/tests/sizes/cube-2635-geo.geo_unrolled","scan",1622650773102798618,1622650773103983713
9,"build/tests/sizes/cube-2635-geo.geo_unrolled","chck",1622650773102153031,1622650773103988664
9,"build/tests/sizes/cube-1627-geo.geo_unrolled","scan",1622650773122010543,1622650773123218943
9,"build/tests/sizes/cube-1627-geo.geo_unrolled","chck",1622650773103989611,1622650773123223344
9,"build/tests/sizes/cube-1753-bin.msh2","scan",1622650773141402244,1622650775202002681
9,"build/tests/sizes/cube-1753-bin.msh2","chck",1622650773123224339,1622650775202025236
9,"build/tests/sizes/cube-1626-stl-bin.geo","scan",1622650775222733380,1622650775538851568
9,"build/tests/sizes/cube-1626-stl-bin.geo","chck",1622650775202026588,1622650775538857570
9,"build/tests/sizes/cube-3669-bin.vtk","scan",1622650775539488924,1622650775540705123
9,"build/tests/sizes/cube-3669-bin.vtk","chck",1622650775538858619,1622650775540709566
9,"build/tests/sizes/cube-3367-asc.msh2","scan",1622650775541269090,1622650775551391578
9,"build/tests/sizes/cube-3367-asc.msh2","chck",1622650775540710575,1622650775551398466
9,"build/tests/sizes/cube-670-bin.msh4","scan",1622650775560891267,1622650775627318904
9,"build/tests/sizes/cube-670-bin.msh4","chck",1622650775551399608,1622650775627327438
9,"build/tests/sizes/cube-3204-geo.geo","scan",1622650775628123622,1622650775629634694
9,"build/tests/sizes/cube-3204-geo.geo","chck",1622650775627328556,1622650775629639491
9,"build/tests/sizes/cube-3382-geo.geo","scan",1622650775630292987,1622650775631419271
9,"build/tests/sizes/cube-3382-geo.geo","chck",1622650775629640433,1622650775631423573
9,"build/tests/sizes/cube-3407-asc.bdf","scan",1622650775631990087,1622650775641497022
9,"build/tests/sizes/cube-3407-asc.bdf","chck",1622650775631424484,1622650775641502447
9,"build/tests/sizes/cube-61-bin.msh2","scan",1622650775661798954,1622650775847327933
9,"build/tests/sizes/cube-61-bin.msh2","chck",1622650775641503674,1622650775847335882
9,"build/tests/sizes/cube-671-bin.msh4","scan",1622650775859638980,1622650776077377623
9,"build/tests/sizes/cube-671-bin.msh4","chck",1622650775847337165,1622650776077386142
9,"build/tests/sizes/cube-3056-geo.geo_unrolled","scan",1622650776078114877,1622650776079300468
9,"build/tests/sizes/cube-3056-geo.geo_unrolled","chck",1622650776077387349,1622650776079311084
9,"build/tests/sizes/cube-1632-bin.cgns","scan",1622650776103345031,1622650776193167827
9,"build/tests/sizes/cube-1632-bin.cgns","chck",1622650776079312155,1622650776193173625
9,"build/tests/sizes/cube-2029-bin.vtk","scan",1622650776193803476,1622650777462474094
9,"build/tests/sizes/cube-2029-bin.vtk","chck",1622650776193174799,1622650777462481253
9,"build/tests/sizes/cube-360-bin.cgns","scan",1622650777482367167,1622650777571418159
9,"build/tests/sizes/cube-360-bin.cgns","chck",1622650777462482296,1622650777571425477
9,"build/tests/sizes/cube-1406-geo.geo","scan",1622650777572900992,1622650777574232315
9,"build/tests/sizes/cube-1406-geo.geo","chck",1622650777571426612,1622650777574237648
9,"build/tests/sizes/cube-1796-bin.vtk","scan",1622650777590916581,1622650777637447425
9,"build/tests/sizes/cube-1796-bin.vtk","chck",1622650777574238639,1622650777637454630
9,"build/tests/sizes/cube-685-bin.cgns","scan",1622650777650027879,1622650777816206078
9,"build/tests/sizes/cube-685-bin.cgns","chck",1622650777637455903,1622650777816213288
9,"build/tests/sizes/cube-2094-stl-bin.geo","scan",1622650777817576042,1622650777822018115
9,"build/tests/sizes/cube-2094-stl-bin.geo","chck",1622650777816214340,1622650777822025558
9,"build/tests/sizes/cube-461-asc.mesh","scan",1622650777838819935,1622650777896063251
9,"build/tests/sizes/cube-461-asc.mesh","chck",1622650777822031756,1622650777896069341
9,"build/tests/sizes/cube-1703-asc.msh2","scan",1622650777915336438,1622650777925405837
9,"build/tests/sizes/cube-1703-asc.msh2","chck",1622650777896070585,1622650777925412702
9,"build/tests/sizes/cube-1856-asc.bdf","scan",1622650777935413784,1622650788499845118
9,"build/tests/sizes/cube-1856-asc.bdf","chck",1622650777925413902,1622650788499866767
9,"build/tests/sizes/cube-2689-bin.cgns","scan",1622650788754983044,1622650788843035443
9,"build/tests/sizes/cube-2689-bin.cgns","chck",1622650788499867984,1622650788843044189
9,"build/tests/sizes/cube-3895-bin.cgns","scan",1622650788847271976,1622650788910521730
9,"build/tests/sizes/cube-3895-bin.cgns","chck",1622650788843045324,1622650788910529145
9,"build/tests/sizes/cube-2197-bin.msh2","scan",1622650788911174684,1622650788913191199
9,"build/tests/sizes/cube-2197-bin.msh2","chck",1622650788910530368,1622650788913196636
9,"build/tests/sizes/cube-2878-bin.msh2","scan",1622650788913741142,1622650788915991244
9,"build/tests/sizes/cube-2878-bin.msh2","chck",1622650788913197716,1622650788915996556
9,"build/tests/sizes/cube-76-bin.cgns","scan",1622650788937472635,1622650789069044874
9,"build/tests/sizes/cube-76-bin.cgns","chck",1622650788915997578,1622650789069053181
9,"build/tests/sizes/cube-1114-geo.geo","scan",1622650789082552898,1622650789084487117
9,"build/tests/sizes/cube-1114-geo.geo","chck",1622650789069054461,1622650789084497295
9,"build/tests/sizes/cube-848-asc.bdf","scan",1622650789092617322,1622650789749443618
9,"build/tests/sizes/cube-848-asc.bdf","chck",1622650789084498714,1622650789749452223
9,"build/tests/sizes/cube-1415-asc.mesh","scan",1622650789761954087,1622650789792254643
9,"build/tests/sizes/cube-1415-asc.mesh","chck",1622650789749453228,1622650789792260791
9,"build/tests/sizes/cube-2509-stl-bin.geo","scan",1622650789792871560,1622650789946488429
9,"build/tests/sizes/cube-2509-stl-bin.geo","chck",1622650789792262032,1622650789946495239
9,"build/tests/sizes/cube-2788-bin.vtk","scan",1622650789947102128,1622650790000758535
9,"build/tests/sizes/cube-2788-bin.vtk","chck",1622650789946496296,1622650790000766052
9,"build/tests/sizes/cube-2030-bin.msh2","scan",1622650790001617804,1622650790007750258
9,"build/tests/sizes/cube-2030-bin.msh2","chck",1622650790000767267,1622650790007757321
9,"build/tests/sizes/cube-1043-bin.vtk","scan",1622650790009117215,1622650790011482644
9,"build/tests/sizes/cube-1043-bin.vtk","chck",1622650790007758596,1622650790011488052
9,"build/tests/sizes/cube-3951-geo.geo","scan",1622650790013247682,1622650790014565193
9,"build/tests/sizes/cube-3951-geo.geo","chck",1622650790011489467,1622650790014570107
9,"build/tests/sizes/cube-3868-asc.msh2","scan",1622650790015092454,1622650790022757735
9,"build/tests/sizes/cube-3868-asc.msh2","chck",1622650790014571202,1622650790022762344
9,"build/tests/sizes/cube-1041-geo.geo","scan",1622650790036825234,1622650790038209106
9,"build/tests/sizes/cube-1041-geo.geo","chck",1622650790022763450,1622650790038213960
9,"build/tests/sizes/cube-759-bin.cgns","scan",1622650790052951197,1622650790168599684
9,"build/tests/sizes/cube-759-bin.cgns","chck",1622650790038214938,1622650790168605691
9,"build/tests/sizes/cube-2211-geo.geo","scan",1622650790169267396,1622650790170578297
9,"build/tests/sizes/cube-2211-geo.geo","chck",1622650790168606720,1622650790170582737
9,"build/tests/sizes/cube-1543-bin.msh2","scan",1622650790191147930,1622650790276054006
9,"build/tests/sizes/cube-1543-bin.msh2","chck",1622650790170584198,1622650790276061381
9,"build/tests/sizes/cube-2370-geo.geo_unrolled","scan",1622650790277000300,1622650790278678959
9,"build/tests/sizes/cube-2370-geo.geo_unrolled","chck",1622650790276062796,1622650790278685135
9,"build/tests/sizes/cube-2270-asc.msh2","scan",1622650790281706330,1622650790284520507
9,"build/tests/sizes/cube-2270-asc.msh2","chck",1622650790278686301,1622650790284527719
9,"build/tests/sizes/cube-1247-stl-bin.geo","scan",1622650790288009815,1622650790371275111
9,"build/tests/sizes/cube-1247-stl-bin.geo","chck",1622650790284528855,1622650790371530413
9,"build/tests/sizes/cube-1736-bin.msh2","scan",1622650790372670575,1622650790380089338
9,"build/tests/sizes/cube-1736-bin.msh2","chck",1622650790371531871,1622650790380095742
9,"build/tests/sizes/cube-819-geo.geo","scan",1622650790381253428,1622650790382565189
9,"build/tests/sizes/cube-819-geo.geo","chck",1622650790380096807,1622650790382569338
9,"build/tests/sizes/cube-1652-asc.bdf","scan",1622650790397224104,1622650790407091430
9,"build/tests/sizes/cube-1652-asc.bdf","chck",1622650790382570313,1622650790407096546
9,"build/tests/sizes/cube-2117-bin.vtk","scan",1622650790407661122,1622650790408748281
9,"build/tests/sizes/cube-2117-bin.vtk","chck",1622650790407097564,1622650790408751503
9,"build/tests/sizes/cube-332-geo.geo_unrolled","scan",1622650790419180645,1622650790420440706
9,"build/tests/sizes/cube-332-geo.geo_unrolled","chck",1622650790408752312,1622650790420445792
9,"build/tests/sizes/cube-3581-geo.geo","scan",1622650790421119300,1622650790422436088
9,"build/tests/sizes/cube-3581-geo.geo","chck",1622650790420446854,1622650790422440212
9,"build/tests/sizes/cube-2177-stl-bin.geo","scan",1622650790423010207,1622650790434475294
9,"build/tests/sizes/cube-2177-stl-bin.geo","chck",1622650790422441250,1622650790434481845
9,"build/tests/sizes/cube-1324-bin.cgns","scan",1622650790452390071,1622650790612547420
9,"build/tests/sizes/cube-1324-bin.cgns","chck",1622650790434482988,1622650790612554955
9,"build/tests/sizes/cube-1569-bin.msh4","scan",1622650790630069541,1622650791115891716
9,"build/tests/sizes/cube-1569-bin.msh4","chck",1622650790612556153,1622650791115899737
9,"build/tests/sizes/cube-2262-geo.geo_unrolled","scan",1622650791116792139,1622650791117957218
9,"build/tests/sizes/cube-2262-geo.geo_unrolled","chck",1622650791115900860,1622650791117962105
9,"build/tests/sizes/cube-2799-geo.geo","scan",1622650791118522275,1622650791119768009
9,"build/tests/sizes/cube-2799-geo.geo","chck",1622650791117963084,1622650791119771598
9,"build/tests/sizes/cube-1597-asc.bdf","scan",1622650791121184397,1622650791124722028
9,"build/tests/sizes/cube-1597-asc.bdf","chck",1622650791119772556,1622650791124725330
9,"build/tests/sizes/cube-2710-asc.bdf","scan",1622650791125283295,1622650792113586429
9,"build/tests/sizes/cube-2710-asc.bdf","chck",1622650791124726296,1622650792113595606
9,"build/tests/sizes/cube-1726-geo.geo","scan",1622650792133780516,1622650792147392438
9,"build/tests/sizes/cube-1726-geo.geo","chck",1622650792113596808,1622650792147399234
9,"build/tests/sizes/cube-1238-asc.msh2","scan",1622650792162589470,1622650792227715415
9,"build/tests/sizes/cube-1238-asc.msh2","chck",1622650792147400345,1622650792227722127
9,"build/tests/sizes/cube-1001-geo.geo","scan",1622650792228902360,1622650792230307736
9,"build/tests/sizes/cube-1001-geo.geo","chck",1622650792227723357,1622650792230311372
9,"build/tests/sizes/cube-3390-bin.msh2","scan",1622650792230853055,1622650792236107294
9,"build/tests/sizes/cube-3390-bin.msh2","chck",1622650792230312271,1622650792236111066
9,"build/tests/sizes/cube-852-geo.geo_unrolled","scan",1622650792257083233,1622650792258424046
9,"build/tests/sizes/cube-852-geo.geo_unrolled","chck",1622650792236111997,1622650792258430245
9,"build/tests/sizes/cube-3570-bin.cgns","scan",1622650792265564436,1622650792329962559
9,"build/tests/sizes/cube-3570-bin.cgns","chck",1622650792258431167,1622650792329967799
9,"build/tests/sizes/cube-2354-geo.geo_unrolled","scan",1622650792330719401,1622650792331967656
9,"build/tests/sizes/cube-2354-geo.geo_unrolled","chck",1622650792329968815,1622650792331972456
9,"build/tests/sizes/cube-3021-bin.msh4","scan",1622650792332503938,1622650792389278083
9,"build/tests/sizes/cube-3021-bin.msh4","chck",1622650792331973573,1622650792389286442
9,"build/tests/sizes/cube-2703-geo.geo_unrolled","scan",1622650792389993520,1622650792393366331
9,"build/tests/sizes/cube-2703-geo.geo_unrolled","chck",1622650792389287674,1622650792393373160
9,"build/tests/sizes/cube-521-bin.msh2","scan",1622650792414288360,1622650796811982972
9,"build/tests/sizes/cube-521-bin.msh2","chck",1622650792393374364,1622650796811993277
9,"build/tests/sizes/cube-2656-bin.msh2","scan",1622650796812629152,1622650796861048765
9,"build/tests/sizes/cube-2656-bin.msh2","chck",1622650796811994445,1622650796861056707
9,"build/tests/sizes/cube-1766-bin.cgns","scan",1622650796883332632,1622650797021185394
9,"build/tests/sizes/cube-1766-bin.cgns","chck",1622650796861058031,1622650797021192098
9,"build/tests/sizes/cube-2313-geo.geo","scan",1622650797021997436,1622650797023514277
9,"build/tests/sizes/cube-2313-geo.geo","chck",1622650797021193290,1622650797023520605
9,"build/tests/sizes/cube-1388-bin.cgns","scan",1622650797044418717,1622650797246715409
9,"build/tests/sizes/cube-1388-bin.cgns","chck",1622650797023521726,1622650797246722701
9,"build/tests/sizes/cube-2981-bin.cgns","scan",1622650797253027172,1622650797322100098
9,"build/tests/sizes/cube-2981-bin.cgns","chck",1622650797246723936,1622650797322106213
9,"build/tests/sizes/cube-1581-bin.vtk","scan",1622650797323301997,1622650797354856941
9,"build/tests/sizes/cube-1581-bin.vtk","chck",1622650797322107273,1622650797354864791
9,"build/tests/sizes/cube-2797-stl-bin.geo","scan",1622650797355509699,1622650797416769245
9,"build/tests/sizes/cube-2797-stl-bin.geo","chck",1622650797354866132,1622650797416777764
9,"build/tests/sizes/cube-3568-bin.cgns","scan",1622650797423634403,1622650797491853648
9,"build/tests/sizes/cube-3568-bin.cgns","chck",1622650797416779028,1622650797491861037
9,"build/tests/sizes/cube-2863-asc.mesh","scan",1622650797492742267,1622650797495795236
9,"build/tests/sizes/cube-2863-asc.mesh","chck",1622650797491862285,1622650797495800620
9,"build/tests/sizes/cube-1547-asc.mesh","scan",1622650797507594619,1622650797833325740
9,"build/tests/sizes/cube-1547-asc.mesh","chck",1622650797495801623,1622650797833332312
9,"build/tests/sizes/cube-2775-geo.geo","scan",1622650797834105406,1622650797835541493
9,"build/tests/sizes/cube-2775-geo.geo","chck",1622650797833333202,1622650797835547654
9,"build/tests/sizes/cube-3593-bin.msh4","scan",1622650797836095789,1622650798050311842
9,"build/tests/sizes/cube-3593-bin.msh4","chck",1622650797835548833,1622650798050319944
9,"build/tests/sizes/cube-3243-asc.msh2","scan",1622650798051104546,1622650798058602432
9,"build/tests/sizes/cube-3243-asc.msh2","chck",1622650798050321252,1622650798058609885
9,"build/tests/sizes/cube-644-geo.geo_unrolled","scan",1622650798062405441,1622650798063701805
9,"build/tests/sizes/cube-644-geo.geo_unrolled","chck",1622650798058611131,1622650798063708122
9,"build/tests/sizes/cube-931-geo.geo","scan",1622650798064806787,1622650798066308517
9,"build/tests/sizes/cube-931-geo.geo","chck",1622650798063709730,1622650798066314107
9,"build/tests/sizes/cube-74-asc.msh2","scan",1622650798076006375,1622650801401327461
9,"build/tests/sizes/cube-74-asc.msh2","chck",1622650798066315082,1622650801401344451
9,"build/tests/sizes/cube-1813-asc.mesh","scan",1622650801417127003,1622650801436942477
9,"build/tests/sizes/cube-1813-asc.mesh","chck",1622650801401345737,1622650801436949216
9,"build/tests/sizes/cube-3014-bin.msh4","scan",1622650801437547111,1622650801438975878
9,"build/tests/sizes/cube-3014-bin.msh4","chck",1622650801436950305,1622650801438979398
9,"build/tests/sizes/cube-1443-bin.cgns","scan",1622650801501269671,1622650801839934101
9,"build/tests/sizes/cube-1443-bin.cgns","chck",1622650801438980287,1622650801839941362
9,"build/tests/sizes/cube-3328-geo.geo_unrolled","scan",1622650801840736951,1622650801842113492
9,"build/tests/sizes/cube-3328-geo.geo_unrolled","chck",1622650801839942358,1622650801842118558
9,"build/tests/sizes/cube-129-bin.msh4","scan",1622650801855588628,1622650801930464009
9,"build/tests/sizes/cube-129-bin.msh4","chck",1622650801842119756,1622650801930471512
9,"build/tests/sizes/cube-895-bin.msh2","scan",1622650801932108823,1622650801934745477
9,"build/tests/sizes/cube-895-bin.msh2","chck",1622650801930472607,1622650801934751618
9,"build/tests/sizes/cube-956-geo.geo_unrolled","scan",1622650801950308721,1622650801951679555
9,"build/tests/sizes/cube-956-geo.geo_unrolled","chck",1622650801934752651,1622650801951826873
9,"build/tests/sizes/cube-2548-asc.bdf","scan",1622650801952364351,1622650803176121689
9,"build/tests/sizes/cube-2548-asc.bdf","chck",1622650801951828414,1622650803176128234
9,"build/tests/sizes/cube-3773-bin.cgns","scan",1622650803233650846,1622650803300244325
9,"build/tests/sizes/cube-3773-bin.cgns","chck",1622650803176129276,1622650803300250656
9,"build/tests/sizes/cube-3196-asc.bdf","scan",1622650803300922710,1622650803303807503
9,"build/tests/sizes/cube-3196-asc.bdf","chck",1622650803300251825,1622650803303818512
9,"build/tests/sizes/cube-3987-asc.msh2","scan",1622650803304406993,1622650803307331959
9,"build/tests/sizes/cube-3987-asc.msh2","chck",1622650803303819486,1622650803307337358
9,"build/tests/sizes/cube-1698-asc.bdf","scan",1622650803308411722,1622650803312991746
9,"build/tests/sizes/cube-1698-asc.bdf","chck",1622650803307338310,1622650803312996984
9,"build/tests/sizes/cube-3428-bin.cgns","scan",1622650803320087811,1622650803387975294
9,"build/tests/sizes/cube-3428-bin.cgns","chck",1622650803312997906,1622650803387981702
9,"build/tests/sizes/cube-3539-bin.vtk","scan",1622650803388642156,1622650803413675539
9,"build/tests/sizes/cube-3539-bin.vtk","chck",1622650803387982754,1622650803413682016
9,"cube-2548-asc","prep",1622650803414903254,1622650803514198235
9,"cube-2548-asc","zzzz",1622650803514209340,1622650820286128023,156797,222109,666327
9,"cube-2548-asc","post",1622650820286153238,1622650820300956817
9,"cube-1698-asc","prep",1622650820301028077,1622650820301300935
9,"cube-1698-asc","zzzz",1622650820301302440,1622650820306469516,349,730,2190
9,"cube-1698-asc","post",1622650820306475834,1622650820306558172
9,"cube-129-bin","prep",1622650820306581355,1622650820345027182
9,"cube-129-bin","zzzz",1622650820345032516,1622650824250702291,56214,82336,247008
9,"cube-129-bin","post",1622650824250712077,1622650824256008273
9,"cube-2703-geo","mesh",1622650824256351557,1622650824297673046
9,"cube-2703-geo","prep",1622650824298650685,1622650824299616935
9,"cube-2703-geo","zzzz",1622650824299619531,1622650824333372043,1659,2999,8997
9,"cube-2703-geo","post",1622650824333383375,1622650824333716828
9,"cube-2571-geo","mesh",1622650824333928572,1622650829054821468
9,"cube-2571-geo","prep",1622650829055828165,1622650829466039947
9,"cube-2571-geo","zzzz",1622650829466045618,1622650878067576238,324204,454456,1363368
9,"cube-2571-geo","post",1622650878067599261,1622650878127296186
9,"cube-670-bin","prep",1622650878128612022,1622650878149699029
9,"cube-670-bin","zzzz",1622650878149704731,1622650879738262688,29832,44332,132996
9,"cube-670-bin","post",1622650879738268653,1622650879746038910
9,"cube-1703-asc","prep",1622650879746083503,1622650879748832962
9,"cube-1703-asc","zzzz",1622650879748834756,1622650879754437554,371,776,2328
9,"cube-1703-asc","post",1622650879754438613,1622650879754499368
9,"cube-2177-stl-bin","mesh",1622650879754520293,1622650879789391408
9,"cube-2177-stl-bin","prep",1622650879790224357,1622650879792705265
9,"cube-2177-stl-bin","zzzz",1622650879792707864,1622650879946556219,3934,8758,26274
9,"cube-2177-stl-bin","post",1622650879946567066,1622650879947860450
9,"cube-3367-asc","prep",1622650879948817243,1622650879950188864
9,"cube-3367-asc","zzzz",1622650879950190981,1622650879970662150,1164,2058,6174
9,"cube-3367-asc","post",1622650879970669307,1622650879971148446
9,"cube-2878-bin","prep",1622650879971456035,1622650879971814563
9,"cube-2878-bin","zzzz",1622650879971816496,1622650879977034166,349,730,2190
9,"cube-2878-bin","post",1622650879977050260,1622650879977175223
9,"cube-3428-bin.cgns","prep",1622650879977188331,1622650879977974101
9,"cube-3428-bin.cgns","zzzz",1622650879977976650,1622650880012379873,1691,3044,9132
9,"cube-3428-bin.cgns","post",1622650880012395621,1622650880012569232
9,"cube-1406-geo","mesh",1622650880012629950,1622650880023288175
9,"cube-1406-geo","prep",1622650880024158956,1622650880024401716
9,"cube-1406-geo","zzzz",1622650880024403425,1622650880029610801,348,729,2187
9,"cube-1406-geo","post",1622650880029630019,1622650880029770233
9,"cube-1114-geo","mesh",1622650880029784499,1622650880039915952
9,"cube-1114-geo","prep",1622650880040678834,1622650880040908662
9,"cube-1114-geo","zzzz",1622650880040910447,1622650880046042012,342,721,2163
9,"cube-1114-geo","post",1622650880046057529,1622650880046199869
9,"cube-1415-asc","prep",1622650880046213475,1622650880046499817
9,"cube-1415-asc","zzzz",1622650880046501482,1622650880051731020,351,732,2196
9,"cube-1415-asc","post",1622650880051746744,1622650880051876406
9,"cube-2509-stl-bin","mesh",1622650880051889004,1622650881959601883
9,"cube-2509-stl-bin","prep",1622650882050570007,1622650882165979508
9,"cube-2509-stl-bin","zzzz",1622650882165986410,1622650906718709372,180821,287270,861810
9,"cube-2509-stl-bin","post",1622650906718727900,1622650906768295020
9,"cube-1736-bin","prep",1622650906768334368,1622650906774779617
9,"cube-1736-bin","zzzz",1622650906774782203,1622650906800190581,1328,2423,7269
9,"cube-1736-bin","post",1622650906800205572,1622650906800458247
9,"cube-2211-geo","mesh",1622650906800575829,1622650907974454213
9,"cube-2211-geo","prep",1622650907975304505,1622650908075173903
9,"cube-2211-geo","zzzz",1622650908075179028,1622650916490792559,96876,139033,417099
9,"cube-2211-geo","post",1622650916490802479,1622650916523253075
9,"cube-848-asc","prep",1622650916523319966,1622650916576039554
9,"cube-848-asc","zzzz",1622650916576045250,1622650922524966373,75807,109754,329262
9,"cube-848-asc","post",1622650922524975862,1622650922549198039
9,"cube-3669-bin","prep",1622650922549236891,1622650922553643958
9,"cube-3669-bin","zzzz",1622650922553646448,1622650922555456820,142,327,981
9,"cube-3669-bin","post",1622650922555458099,1622650922555533335
9,"cube-3951-geo","mesh",1622650922555544920,1622650922566101938
9,"cube-3951-geo","prep",1622650922566974723,1622650922567229199
9,"cube-3951-geo","zzzz",1622650922567231050,1622650922572434746,348,729,2187
9,"cube-3951-geo","post",1622650922572450227,1622650922572619054
9,"cube-1324-bin.cgns","prep",1622650922572638056,1622650922678475541
9,"cube-1324-bin.cgns","zzzz",1622650922678484110,1622650938676576201,151696,215087,645261
9,"cube-1324-bin.cgns","post",1622650938676589984,1622650938676653299
9,"cube-3568-bin.cgns","prep",1622650938676781288,1622650938681947449
9,"cube-3568-bin.cgns","zzzz",1622650938681951106,1622650942453341345,54848,80327,240981
9,"cube-3568-bin.cgns","post",1622650942453354902,1622650942453433751
9,"cube-3895-bin.cgns","prep",1622650942453561104,1622650942464861881
9,"cube-3895-bin.cgns","zzzz",1622650942464868012,1622650955813857026,134029,190285,570855
9,"cube-3895-bin.cgns","post",1622650955813864934,1622650955813900840
9,"cube-671-bin","prep",1622650955813983989,1622650955946858281
9,"cube-671-bin","zzzz",1622650955946864672,1622650988652877847,247956,348423,1045269
9,"cube-671-bin","post",1622650988652892657,1622650988674650680
9,"cube-2370-geo","mesh",1622650988674692885,1622650988688050224
9,"cube-2370-geo","prep",1622650988688936567,1622650988689216536
9,"cube-2370-geo","zzzz",1622650988689218394,1622650988693996388,324,681,2043
9,"cube-2370-geo","post",1622650988694006478,1622650988694310768
9,"cube-1632-bin.cgns","prep",1622650988694347082,1622650988695108073
9,"cube-1632-bin.cgns","zzzz",1622650988695110520,1622650988696971094,148,333,999
9,"cube-1632-bin.cgns","post",1622650988696974758,1622650988697019200
9,"cube-360-bin.cgns","prep",1622650988697096904,1622650988716624824
9,"cube-360-bin.cgns","zzzz",1622650988716633057,1622650988727544690,661,1278,3834
9,"cube-360-bin.cgns","post",1622650988727554683,1622650988727597656
9,"cube-1238-asc","prep",1622650988727680575,1622650988730107264
9,"cube-1238-asc","zzzz",1622650988730108981,1622650988856586907,4692,7637,22911
9,"cube-1238-asc","post",1622650988856597171,1622650988857510439
9,"cube-1766-bin.cgns","prep",1622650988857545372,1622650988915947452
9,"cube-1766-bin.cgns","zzzz",1622650988915950883,1622650991567952223,42836,63103,189309
9,"cube-1766-bin.cgns","post",1622650991567966512,1622650991568018399
9,"cube-3014-bin","prep",1622650991568126894,1622650991568610723
9,"cube-3014-bin","zzzz",1622650991568883251,1622650991573605118,325,682,2046
9,"cube-3014-bin","post",1622650991573612034,1622650991573828594
9,"cube-685-bin.cgns","prep",1622650991573840677,1622650991997500501
9,"cube-685-bin.cgns","zzzz",1622650991997509457,1622651254158622941,1079964,1482190,4446570
9,"cube-685-bin.cgns","post",1622651254158638303,1622651254158704123
9,"cube-759-bin.cgns","prep",1622651254159581226,1622651254160069234
9,"cube-759-bin.cgns","zzzz",1622651254160072286,1622651254162125560,157,360,1080
9,"cube-759-bin.cgns","post",1622651254162130005,1622651254162176977
9,"cube-819-geo","mesh",1622651254162269358,1622651266590457421
9,"cube-819-geo","prep",1622651266591328601,1622651267892061729
9,"cube-819-geo","zzzz",1622651267892068269,1622651548284561029,1136293,1558826,4676478
9,"cube-819-geo","post",1622651548286314545,1622651548571667387
9,"cube-1626-stl-bin","mesh",1622651548582318222,1622651551437983408
9,"cube-1626-stl-bin","prep",1622651551582284134,1622651551790165974
9,"cube-1626-stl-bin","zzzz",1622651551790173453,1622651600758591229,292348,456734,1370202
9,"cube-1626-stl-bin","post",1622651600758606240,1622651600866829326
9,"cube-76-bin.cgns","prep",1622651600866869543,1622651600909071308
9,"cube-76-bin.cgns","zzzz",1622651600909075322,1622651600942762519,1655,2995,8985
9,"cube-76-bin.cgns","post",1622651600942772613,1622651600942841780
9,"cube-2030-bin","prep",1622651600942944838,1622651600944006951
9,"cube-2030-bin","zzzz",1622651600944008571,1622651600970538343,1391,2502,7506
9,"cube-2030-bin","post",1622651600970548321,1622651600970934640
9,"cube-2689-bin.cgns","prep",1622651600971131735,1622651600971987689
9,"cube-2689-bin.cgns","zzzz",1622651600971990097,1622651600996380849,1291,2350,7050
9,"cube-2689-bin.cgns","post",1622651600996401939,1622651600996418384
9,"cube-1652-asc","prep",1622651600996468042,1622651600996677355
9,"cube-1652-asc","zzzz",1622651600996678842,1622651601001882822,348,729,2187
9,"cube-1652-asc","post",1622651601001898237,1622651601002000390
9,"cube-3868-asc","prep",1622651601002012825,1622651601002558169
9,"cube-3868-asc","zzzz",1622651601002559983,1622651601019969276,1038,1821,5463
9,"cube-3868-asc","post",1622651601019979274,1622651601020296624
9,"cube-931-geo","mesh",1622651601020442317,1622651601031277294
9,"cube-931-geo","prep",1622651601032104138,1622651601032356532
9,"cube-931-geo","zzzz",1622651601032363076,1622651601037140083,324,681,2043
9,"cube-931-geo","post",1622651601037150204,1622651601037515035
9,"cube-1726-geo","mesh",1622651601037552809,1622651602440042371
9,"cube-1726-geo","prep",1622651602440943721,1622651602592296471
9,"cube-1726-geo","zzzz",1622651602592301588,1622651614002375291,120129,171053,513159
9,"cube-1726-geo","post",1622651614002390403,1622651614073467176
9,"cube-1443-bin.cgns","prep",1622651614076061272,1622651614109006408
9,"cube-1443-bin.cgns","zzzz",1622651614109016131,1622651614272119509,5697,9123,27369
9,"cube-1443-bin.cgns","post",1622651614272129647,1622651614272184347
9,"cube-3773-bin.cgns","prep",1622651614272283943,1622651614277823142
9,"cube-3773-bin.cgns","zzzz",1622651614277826079,1622651619153057456,65911,95771,287313
9,"cube-3773-bin.cgns","post",1622651619153071553,1622651619153127029
9,"cube-1388-bin.cgns","prep",1622651619153262747,1622651619824794066
9,"cube-1388-bin.cgns","zzzz",1622651619824803572,1622652146732392758,1831383,2501948,7505844
9,"cube-1388-bin.cgns","post",1622652146732407750,1622652146732469548
9,"cube-3570-bin.cgns","prep",1622652146734088880,1622652146735860416
9,"cube-3570-bin.cgns","zzzz",1622652146735864198,1622652147358161125,15084,23180,69540
9,"cube-3570-bin.cgns","post",1622652147358171204,1622652147358216490
9,"cube-332-geo","mesh",1622652147358323013,1622652147449896073
9,"cube-332-geo","prep",1622652147450697047,1622652147454776216
9,"cube-332-geo","zzzz",1622652147454778172,1622652147634293833,6127,9768,29304
9,"cube-332-geo","post",1622652147634304077,1622652147635840673
9,"cube-2788-bin","prep",1622652147636033285,1622652147650380728
9,"cube-2788-bin","zzzz",1622652147650383207,1622652149082553328,27710,41239,123717
9,"cube-2788-bin","post",1622652149082563997,1622652149087698089
9,"cube-1648-bin","prep",1622652149087721964,1622652149653405665
9,"cube-1648-bin","zzzz",1622652149653412408,1622652377250645713,970034,1333069,3999207
9,"cube-1648-bin","post",1622652377250660266,1622652377411197069
9,"cube-2444-asc","prep",1622652377411742485,1622652377426195063
9,"cube-2444-asc","zzzz",1622652377426198815,1622652377634372298,6798,10832,32496
9,"cube-2444-asc","post",1622652377634382749,1622652377635070884
9,"cube-1041-geo","mesh",1622652377635111179,1622652400287789898
9,"cube-1041-geo","prep",1622652400288696842,1622652402727526451
9,"cube-1041-geo","zzzz",1622652402727538450,1622653048327543691,2136700,2913745,8741235
9,"cube-1041-geo","post",1622653048327555272,1622653048913298737
9,"cube-2635-geo","mesh",1622653048914262610,1622653049112589623
9,"cube-2635-geo","prep",1622653049114126327,1622653049119326162
9,"cube-2635-geo","zzzz",1622653049119329684,1622653049336485791,7033,11142,33426
9,"cube-2635-geo","post",1622653049336495422,1622653049340140154
9,"cube-1627-geo","mesh",1622653049340176510,1622653049368052391
9,"cube-1627-geo","prep",1622653049369638754,1622653049370397827
9,"cube-1627-geo","zzzz",1622653049370399988,1622653049391332293,1155,2094,6282
9,"cube-1627-geo","post",1622653049391348421,1622653049391824174
9,"cube-644-geo","mesh",1622653049391844263,1622653049417416004
9,"cube-644-geo","prep",1622653049418890776,1622653049419646285
9,"cube-644-geo","zzzz",1622653049419648346,1622653049440168452,1168,2063,6189
9,"cube-644-geo","post",1622653049440183674,1622653049440495501
9,"cube-3539-bin","prep",1622653049440681824,1622653049448179938
9,"cube-3539-bin","zzzz",1622653049448182281,1622653050061091669,14931,22964,68892
9,"cube-3539-bin","post",1622653050061105589,1622653050062661906
9,"cube-2197-bin","prep",1622653050062698463,1622653050062916472
9,"cube-2197-bin","zzzz",1622653050062917607,1622653050066230804,244,513,1539
9,"cube-2197-bin","post",1622653050066241630,1622653050066371828
9,"cube-2354-geo","mesh",1622653050066385150,1622653050158636800
9,"cube-2354-geo","prep",1622653050160005604,1622653050163741840
9,"cube-2354-geo","zzzz",1622653050163743943,1622653050328278473,5751,9179,27537
9,"cube-2354-geo","post",1622653050328288676,1622653050329931529
9,"cube-3056-geo","mesh",1622653050330064436,1622653054149304931
9,"cube-3056-geo","prep",1622653054150159834,1622653054548400690
9,"cube-3056-geo","zzzz",1622653054548406449,1622653100774580131,313683,439459,1318377
9,"cube-3056-geo","post",1622653100774594663,1622653100949875430
9,"cube-2710-asc","prep",1622653100949971621,1622653101038351042
9,"cube-2710-asc","zzzz",1622653101038356707,1622653112397728109,119753,170542,511626
9,"cube-2710-asc","post",1622653112397740265,1622653112408072959
9,"cube-852-geo","mesh",1622653112408123363,1622653112541520937
9,"cube-852-geo","prep",1622653112542984924,1622653112547553374
9,"cube-852-geo","zzzz",1622653112547555667,1622653112759447783,6936,10952,32856
9,"cube-852-geo","post",1622653112759457922,1622653112761396117
9,"cube-3382-geo","mesh",1622653112761572494,1622653113065836920
9,"cube-3382-geo","prep",1622653113067326942,1622653113087820134
9,"cube-3382-geo","zzzz",1622653113087823751,1622653114195112816,23246,34573,103719
9,"cube-3382-geo","post",1622653114195127090,1622653114207363730
9,"cube-2117-bin","prep",1622653114207430063,1622653114210452872
9,"cube-2117-bin","zzzz",1622653114210455064,1622653114212298040,144,323,969
9,"cube-2117-bin","post",1622653114212308319,1622653114212410441
9,"cube-2775-geo","mesh",1622653114212426150,1622653114236921547
9,"cube-2775-geo","prep",1622653114238505951,1622653114239180111
9,"cube-2775-geo","zzzz",1622653114239182143,1622653114259693933,1163,2061,6183
9,"cube-2775-geo","post",1622653114259703917,1622653114260204312
9,"cube-461-asc","prep",1622653114260542917,1622653114264462835
9,"cube-461-asc","zzzz",1622653114264464850,1622653114579845190,9152,14450,43350
9,"cube-461-asc","post",1622653114579855238,1622653114580914163
9,"cube-956-geo","mesh",1622653114581329249,1622653114587273300
9,"cube-956-geo","prep",1622653114588150762,1622653114588252179
9,"cube-956-geo","zzzz",1622653114588253829,1622653114589888458,134,301,903
9,"cube-956-geo","post",1622653114589892323,1622653114590049040
9,"cube-2981-bin.cgns","prep",1622653114590075275,1622653114591187203
9,"cube-2981-bin.cgns","zzzz",1622653114591189886,1622653114704971724,4334,7092,21276
9,"cube-2981-bin.cgns","post",1622653114704981821,1622653114705037641
9,"cube-3407-asc","prep",1622653114705128952,1622653114706173257
9,"cube-3407-asc","zzzz",1622653114706174980,1622653114726122658,1133,2018,6054
9,"cube-3407-asc","post",1622653114726132622,1622653114726821729
9,"cube-1753-bin","prep",1622653114726857614,1622653114982124959
9,"cube-1753-bin","zzzz",1622653114982130741,1622653192199253410,444719,618901,1856703
9,"cube-1753-bin","post",1622653192199267317,1622653192283986285
9,"cube-2029-bin","prep",1622653192284022629,1622653192719120555
9,"cube-2029-bin","zzzz",1622653192719128716,1622653377081049696,827021,1138231,3414693
9,"cube-2029-bin","post",1622653377081064189,1622653377151316872
9,"cube-61-bin","prep",1622653377151366793,1622653377174679236
9,"cube-61-bin","zzzz",1622653377174685074,1622653379743594857,41919,61735,185205
9,"cube-61-bin","post",1622653379743605643,1622653379750194146
9,"cube-2094-stl-bin","mesh",1622653379750224347,1622653379764214083
9,"cube-2094-stl-bin","prep",1622653379765062127,1622653379765851136
9,"cube-2094-stl-bin","zzzz",1622653379765853660,1622653379798481630,1127,2924,8772
9,"cube-2094-stl-bin","post",1622653379798491526,1622653379799002261
9,"cube-3987-asc","prep",1622653379799020982,1622653379799243912
9,"cube-3987-asc","zzzz",1622653379799244900,1622653379802572733,246,515,1545
9,"cube-3987-asc","post",1622653379802582723,1622653379802736699
9,"cube-2270-asc","prep",1622653379802770944,1622653379803017726
9,"cube-2270-asc","zzzz",1622653379803018852,1622653379806331159,244,513,1539
9,"cube-2270-asc","post",1622653379806341227,1622653379806486077
9,"cube-895-bin","prep",1622653379806520720,1622653379806954140
9,"cube-895-bin","zzzz",1622653379806957458,1622653379810139657,232,497,1491
9,"cube-895-bin","post",1622653379810149744,1622653379810269191
9,"cube-2656-bin","prep",1622653379810302557,1622653379818330081
9,"cube-2656-bin","zzzz",1622653379818332764,1622653380215695212,10797,16970,50910
9,"cube-2656-bin","post",1622653380215705399,1622653380217532389
9,"cube-3581-geo","mesh",1622653380218028854,1622653380309635947
9,"cube-3581-geo","prep",1622653380310467650,1622653380314979924
9,"cube-3581-geo","zzzz",1622653380314982752,1622653380521735193,6753,10766,32298
9,"cube-3581-geo","post",1622653380521745187,1622653380523478212
9,"cube-1856-asc","prep",1622653380523646055,1622653381041089761
9,"cube-1856-asc","zzzz",1622653381041094586,1622653729979276156,992681,1836701,5510103
9,"cube-1856-asc","post",1622653729979284014,1622653730098052539
9,"cube-1569-bin","prep",1622653730098097652,1622653730428853756
9,"cube-1569-bin","zzzz",1622653730428862639,1622653860277004155,633401,875084,2625252
9,"cube-1569-bin","post",1622653860277015970,1622653860330435731
9,"cube-2799-geo","mesh",1622653860330518613,1622653863674572064
9,"cube-2799-geo","prep",1622653863675574339,1622653863999022025
9,"cube-2799-geo","zzzz",1622653863999028504,1622653909931172935,312605,437583,1312749
9,"cube-2799-geo","post",1622653909931180780,1622653910050141405
9,"cube-1001-geo","mesh",1622653910055896032,1622653933979619550
9,"cube-1001-geo","prep",1622653934253772691,1622653935974095276
9,"cube-1001-geo","zzzz",1622653935974102009,1622654575059924387,2120169,2891670,8675010
9,"cube-1001-geo","post",1622654575059938115,1622654575662513355
9,"cube-3390-bin","prep",1622654575663010678,1622654575673811526
9,"cube-3390-bin","zzzz",1622654575673814743,1622654575699086234,1319,2412,7236
9,"cube-3390-bin","post",1622654575699096339,1622654575699615438
9,"cube-2313-geo","mesh",1622654575699633303,1622654575843106011
9,"cube-2313-geo","prep",1622654575843998216,1622654575850980146
9,"cube-2313-geo","zzzz",1622654575850982455,1622654576239887868,10625,16718,50154
9,"cube-2313-geo","post",1622654576239897819,1622654576242703305
9,"cube-3021-bin","prep",1622654576243111528,1622654576294593707
9,"cube-3021-bin","zzzz",1622654576294599677,1622654584537382456,95374,137066,411198
9,"cube-3021-bin","post",1622654584537390973,1622654584545745182
9,"cube-1247-stl-bin","mesh",1622654584546216067,1622654585012419901
9,"cube-1247-stl-bin","prep",1622654585013325356,1622654585065727346
9,"cube-1247-stl-bin","zzzz",1622654585065734765,1622654589019161108,47258,82945,248835
9,"cube-1247-stl-bin","post",1622654589019181051,1622654589048043348
9,"cube-2262-geo","mesh",1622654589048090362,1622654589099747885
9,"cube-2262-geo","prep",1622654589100673328,1622654589101843233
9,"cube-2262-geo","zzzz",1622654589101847122,1622654589156397109,2475,4234,12702
9,"cube-2262-geo","post",1622654589156405749,1622654589157569608
9,"cube-521-bin","prep",1622654589158331379,1622654589780820561
9,"cube-521-bin","zzzz",1622654589780826629,1622654853469430493,1084463,1488665,4465995
9,"cube-521-bin","post",1622654853469452005,1622654853582045078
9,"cube-3204-geo","mesh",1622654853582140908,1622654853613540766
9,"cube-3204-geo","prep",1622654853614463132,1622654853614774665
9,"cube-3204-geo","zzzz",1622654853614777358,1622654853619568422,332,689,2067
9,"cube-3204-geo","post",1622654853619569646,1622654853619748136
9,"cube-2797-stl-bin","mesh",1622654853619762517,1622654854046954988
9,"cube-2797-stl-bin","prep",1622654854047864227,1622654854093181959
9,"cube-2797-stl-bin","zzzz",1622654854093188762,1622654858217610259,48460,85433,256299
9,"cube-2797-stl-bin","post",1622654858217622943,1622654858237141826
9,"cube-1581-bin","prep",1622654858237183314,1622654858249336083
9,"cube-1581-bin","zzzz",1622654858249339344,1622654858888996080,15422,23651,70953
9,"cube-1581-bin","post",1622654858889007247,1622654858891972747
9,"cube-2863-asc","prep",1622654858892010550,1622654858895378094
9,"cube-2863-asc","zzzz",1622654858895380016,1622654858903266240,499,999,2997
9,"cube-2863-asc","post",1622654858903276448,1622654858903600194
9,"cube-1597-asc","prep",1622654858903633046,1622654858904147064
9,"cube-1597-asc","zzzz",1622654858904148297,1622654858907534283,251,522,1566
9,"cube-1597-asc","post",1622654858907544300,1622654858907710827
9,"cube-1547-asc","prep",1622654858907739800,1622654858957275957
9,"cube-1547-asc","zzzz",1622654858957281663,1622654864975393160,76438,110640,331920
9,"cube-1547-asc","post",1622654864975405613,1622654864997056213
9,"cube-3593-bin","prep",1622654864997104162,1622654865205035399
9,"cube-3593-bin","zzzz",1622654865205041654,1622654921013411103,356236,498465,1495395
9,"cube-3593-bin","post",1622654921013435619,1622654921089391534
9,"cube-1796-bin","prep",1622654921089465263,1622654921098105932
9,"cube-1796-bin","zzzz",1622654921098111504,1622654921803462331,16571,25289,75867
9,"cube-1796-bin","post",1622654921803472760,1622654921805011506
9,"cube-3243-asc","prep",1622654921805055581,1622654921805757932
9,"cube-3243-asc","zzzz",1622654921805760367,1622654921821984375,968,1728,5184
9,"cube-3243-asc","post",1622654921822000359,1622654921822107860
9,"cube-1043-bin","prep",1622654921822157535,1622654921822611720
9,"cube-1043-bin","zzzz",1622654921822613424,1622654921830366149,493,988,2964
9,"cube-1043-bin","post",1622654921830382209,1622654921830463163
9,"cube-3196-asc","prep",1622654921830484453,1622654921830812333
9,"cube-3196-asc","zzzz",1622654921830813709,1622654921834017977,237,502,1506
9,"cube-3196-asc","post",1622654921834033332,1622654921834086902
9,"cube-1543-bin","prep",1622654921834099282,1622654921840014785
9,"cube-1543-bin","zzzz",1622654921840017015,1622654922339907608,12800,19904,59712
9,"cube-1543-bin","post",1622654922339920821,1622654922342203540
9,"cube-74-asc","prep",1622654922342244379,1622654922534072678
9,"cube-74-asc","zzzz",1622654922534079376,1622654987949920533,396975,554175,1662525
9,"cube-74-asc","post",1622654987949933734,1622654987983922791
9,"cube-3328-geo","mesh",1622654987983984716,1622654988013302917
9,"cube-3328-geo","prep",1622654988014519145,1622654988015179417
9,"cube-3328-geo","zzzz",1622654988015181977,1622654988040425160,1331,2410,7230
9,"cube-3328-geo","post",1622654988040435229,1622654988041017468
9,"cube-1813-asc","prep",1622654988041242474,1622654988041639696
9,"cube-1813-asc","zzzz",1622654988041641403,1622654988047316746,371,776,2328
9,"cube-1813-asc","post",1622654988047326807,1622654988047562026
9,"Proc","exit_task",1622650751065515852,1622654988302698257,2788332
