6,"build/tests/sizes/cube-256-bin.msh4","scan",1622650769664546635,1622650769688855428
6,"build/tests/sizes/cube-256-bin.msh4","chck",1622650769643529856,1622650769688978751
6,"build/tests/sizes/cube-3758-bin.cgns","scan",1622650769694676975,1622650769750354340
6,"build/tests/sizes/cube-3758-bin.cgns","chck",1622650769688980153,1622650769750365247
6,"build/tests/sizes/cube-3170-bin.cgns","scan",1622650769753859844,1622650769811168888
6,"build/tests/sizes/cube-3170-bin.cgns","chck",1622650769750366283,1622650769811174312
6,"build/tests/sizes/cube-2328-asc.mesh","scan",1622650769811968423,1622650769814353242
6,"build/tests/sizes/cube-2328-asc.mesh","chck",1622650769811175276,1622650769814364766
6,"build/tests/sizes/cube-511-bin.msh2","scan",1622650769827535205,1622650778622930952
6,"build/tests/sizes/cube-511-bin.msh2","chck",1622650769814365743,1622650778622971578
6,"build/tests/sizes/cube-2467-asc.bdf","scan",1622650778626037401,1622650778726345378
6,"build/tests/sizes/cube-2467-asc.bdf","chck",1622650778622972878,1622650778726367004
6,"build/tests/sizes/cube-774-asc.mesh","scan",1622650778739523415,1622650780702624275
6,"build/tests/sizes/cube-774-asc.mesh","chck",1622650778726368164,1622650780702632446
6,"build/tests/sizes/cube-2915-bin.vtk","scan",1622650780703341927,1622650781102251330
6,"build/tests/sizes/cube-2915-bin.vtk","chck",1622650780702633833,1622650781102259011
6,"build/tests/sizes/cube-1146-asc.mesh","scan",1622650781118510896,1622650781143118419
6,"build/tests/sizes/cube-1146-asc.mesh","chck",1622650781102260165,1622650781143125369
6,"build/tests/sizes/cube-3311-asc.bdf","scan",1622650781143709568,1622650782416467274
6,"build/tests/sizes/cube-3311-asc.bdf","chck",1622650781143126574,1622650782416473526
6,"build/tests/sizes/cube-1849-bin.msh4","scan",1622650782417517139,1622650782452261179
6,"build/tests/sizes/cube-1849-bin.msh4","chck",1622650782416474546,1622650782452266830
6,"build/tests/sizes/cube-561-stl-bin.geo","scan",1622650782460830568,1622650782983951745
6,"build/tests/sizes/cube-561-stl-bin.geo","chck",1622650782452267847,1622650782983961164
6,"build/tests/sizes/cube-2483-geo.geo","scan",1622650782984842450,1622650782986531731
6,"build/tests/sizes/cube-2483-geo.geo","chck",1622650782983962461,1622650782986536762
6,"build/tests/sizes/cube-544-bin.msh4","scan",1622650783008812133,1622650783050756481
6,"build/tests/sizes/cube-544-bin.msh4","chck",1622650782986537935,1622650783050763977
6,"build/tests/sizes/cube-3606-bin.vtk","scan",1622650783051757409,1622650783068274383
6,"build/tests/sizes/cube-3606-bin.vtk","chck",1622650783050765447,1622650783068282022
6,"build/tests/sizes/cube-110-bin.msh4","scan",1622650783072626881,1622650783079638554
6,"build/tests/sizes/cube-110-bin.msh4","chck",1622650783068283289,1622650783079649809
6,"build/tests/sizes/cube-3864-stl-bin.geo","scan",1622650783081391044,1622650783085037394
6,"build/tests/sizes/cube-3864-stl-bin.geo","chck",1622650783079650773,1622650783085049362
6,"build/tests/sizes/cube-1619-stl-bin.geo","scan",1622650783087150915,1622650783143074977
6,"build/tests/sizes/cube-1619-stl-bin.geo","chck",1622650783085050996,1622650783143082471
6,"build/tests/sizes/cube-3657-stl-bin.geo","scan",1622650783143744192,1622650783179202500
6,"build/tests/sizes/cube-3657-stl-bin.geo","chck",1622650783143083710,1622650783179209708
6,"build/tests/sizes/cube-3093-asc.msh2","scan",1622650783179826465,1622650783193527291
6,"build/tests/sizes/cube-3093-asc.msh2","chck",1622650783179210890,1622650783193534985
6,"build/tests/sizes/cube-244-geo.geo_unrolled","scan",1622650783214860731,1622650783216230171
6,"build/tests/sizes/cube-244-geo.geo_unrolled","chck",1622650783193536085,1622650783216236994
6,"build/tests/sizes/cube-1959-geo.geo","scan",1622650783216822111,1622650783218003199
6,"build/tests/sizes/cube-1959-geo.geo","chck",1622650783216238254,1622650783218007621
6,"build/tests/sizes/cube-2931-bin.cgns","scan",1622650783222266050,1622650783285551058
6,"build/tests/sizes/cube-2931-bin.cgns","chck",1622650783218008618,1622650783285558593
6,"build/tests/sizes/cube-3485-stl-bin.geo","scan",1622650783286935712,1622650783299739702
6,"build/tests/sizes/cube-3485-stl-bin.geo","chck",1622650783285559837,1622650783299749634
6,"build/tests/sizes/cube-2418-asc.bdf","scan",1622650783300313041,1622650783335749344
6,"build/tests/sizes/cube-2418-asc.bdf","chck",1622650783299750739,1622650783335756576
6,"build/tests/sizes/cube-2555-stl-bin.geo","scan",1622650783336370228,1622650783364324942
6,"build/tests/sizes/cube-2555-stl-bin.geo","chck",1622650783335757746,1622650783364333249
6,"build/tests/sizes/cube-357-geo.geo_unrolled","scan",1622650783365850963,1622650783366980650
6,"build/tests/sizes/cube-357-geo.geo_unrolled","chck",1622650783364334454,1622650783366984542
6,"build/tests/sizes/cube-753-bin.msh2","scan",1622650783368186949,1622650783371307302
6,"build/tests/sizes/cube-753-bin.msh2","chck",1622650783366985440,1622650783371310937
6,"build/tests/sizes/cube-2164-bin.msh4","scan",1622650783371840644,1622650783488275027
6,"build/tests/sizes/cube-2164-bin.msh4","chck",1622650783371311846,1622650783488282947
6,"build/tests/sizes/cube-3525-asc.bdf","scan",1622650783488913149,1622650783490835435
6,"build/tests/sizes/cube-3525-asc.bdf","chck",1622650783488284333,1622650783490840517
6,"build/tests/sizes/cube-1548-bin.msh4","scan",1622650783504000215,1622650783917772660
6,"build/tests/sizes/cube-1548-bin.msh4","chck",1622650783490841506,1622650783917780269
6,"build/tests/sizes/cube-3934-bin.msh4","scan",1622650783918528969,1622650783960952228
6,"build/tests/sizes/cube-3934-bin.msh4","chck",1622650783917781377,1622650783960960077
6,"build/tests/sizes/cube-2512-bin.msh2","scan",1622650783961790420,1622650784119218478
6,"build/tests/sizes/cube-2512-bin.msh2","chck",1622650783960961266,1622650784119226435
6,"build/tests/sizes/cube-769-asc.msh2","scan",1622650784134077897,1622650791173431885
6,"build/tests/sizes/cube-769-asc.msh2","chck",1622650784119227551,1622650791173450981
6,"build/tests/sizes/cube-3377-bin.msh2","scan",1622650791174342866,1622650791176111705
6,"build/tests/sizes/cube-3377-bin.msh2","chck",1622650791173452473,1622650791176117282
6,"build/tests/sizes/cube-3005-stl-bin.geo","scan",1622650791176680950,1622650791182959971
6,"build/tests/sizes/cube-3005-stl-bin.geo","chck",1622650791176118157,1622650791182966165
6,"build/tests/sizes/cube-2984-geo.geo","scan",1622650791183559143,1622650791184803063
6,"build/tests/sizes/cube-2984-geo.geo","chck",1622650791182967612,1622650791184807430
6,"build/tests/sizes/cube-863-bin.msh4","scan",1622650791235011284,1622650791518342271
6,"build/tests/sizes/cube-863-bin.msh4","chck",1622650791184808312,1622650791518350037
6,"build/tests/sizes/cube-478-bin.vtk","scan",1622650791535144097,1622650791557920973
6,"build/tests/sizes/cube-478-bin.vtk","chck",1622650791518351237,1622650791557927630
6,"build/tests/sizes/cube-399-geo.geo","scan",1622650791573005435,1622650791574401489
6,"build/tests/sizes/cube-399-geo.geo","chck",1622650791557928754,1622650791574408429
6,"build/tests/sizes/cube-1906-asc.mesh","scan",1622650791575779904,1622650791577739733
6,"build/tests/sizes/cube-1906-asc.mesh","chck",1622650791574409613,1622650791577745256
6,"build/tests/sizes/cube-486-bin.cgns","scan",1622650791595103453,1622650791715112189
6,"build/tests/sizes/cube-486-bin.cgns","chck",1622650791577746332,1622650791715119313
6,"build/tests/sizes/cube-117-bin.vtk","scan",1622650791720473804,1622650791728682030
6,"build/tests/sizes/cube-117-bin.vtk","chck",1622650791715120496,1622650791728687609
6,"build/tests/sizes/cube-2994-asc.msh2","scan",1622650791729273352,1622650791733664109
6,"build/tests/sizes/cube-2994-asc.msh2","chck",1622650791728688746,1622650791733669365
6,"build/tests/sizes/cube-401-asc.msh2","scan",1622650791747291282,1622650792940826667
6,"build/tests/sizes/cube-401-asc.msh2","chck",1622650791733670444,1622650792940833300
6,"build/tests/sizes/cube-2785-bin.msh4","scan",1622650792941474508,1622650792945127507
6,"build/tests/sizes/cube-2785-bin.msh4","chck",1622650792940834371,1622650792945142016
6,"build/tests/sizes/cube-1296-geo.geo_unrolled","scan",1622650792958387402,1622650792959595270
6,"build/tests/sizes/cube-1296-geo.geo_unrolled","chck",1622650792945143094,1622650792959826037
6,"build/tests/sizes/cube-3839-bin.msh2","scan",1622650792960352400,1622650795833604249
6,"build/tests/sizes/cube-3839-bin.msh2","chck",1622650792959827971,1622650795833614055
6,"build/tests/sizes/cube-2961-bin.vtk","scan",1622650795834528234,1622650795835860829
6,"build/tests/sizes/cube-2961-bin.vtk","chck",1622650795833615185,1622650795835865747
6,"build/tests/sizes/cube-1291-geo.geo","scan",1622650795854716874,1622650795856165150
6,"build/tests/sizes/cube-1291-geo.geo","chck",1622650795835866613,1622650795856170201
6,"build/tests/sizes/cube-889-asc.bdf","scan",1622650795857255232,1622650800121803325
6,"build/tests/sizes/cube-889-asc.bdf","chck",1622650795856171400,1622650800121811330
6,"build/tests/sizes/cube-3491-asc.mesh","scan",1622650800122547850,1622650800556094700
6,"build/tests/sizes/cube-3491-asc.mesh","chck",1622650800121812584,1622650800556110857
6,"build/tests/sizes/cube-882-stl-bin.geo","scan",1622650800574347645,1622650800599167991
6,"build/tests/sizes/cube-882-stl-bin.geo","chck",1622650800556112153,1622650800599175028
6,"build/tests/sizes/cube-3353-asc.msh2","scan",1622650800599735804,1622650801704312573
6,"build/tests/sizes/cube-3353-asc.msh2","chck",1622650800599176339,1622650801704320941
6,"build/tests/sizes/cube-271-asc.msh2","scan",1622650801711695555,1622650802345828011
6,"build/tests/sizes/cube-271-asc.msh2","chck",1622650801704322449,1622650802345836117
6,"build/tests/sizes/cube-2373-asc.mesh","scan",1622650802346473915,1622650802349766576
6,"build/tests/sizes/cube-2373-asc.mesh","chck",1622650802345837351,1622650802349771127
6,"build/tests/sizes/cube-1574-stl-bin.geo","scan",1622650802365391354,1622650802402665285
6,"build/tests/sizes/cube-1574-stl-bin.geo","chck",1622650802349772103,1622650802402672889
6,"build/tests/sizes/cube-1695-bin.msh4","scan",1622650802412926406,1622650803918815693
6,"build/tests/sizes/cube-1695-bin.msh4","chck",1622650802402674083,1622650803918821086
6,"build/tests/sizes/cube-2914-geo.geo_unrolled","scan",1622650803919420675,1622650803920689142
6,"build/tests/sizes/cube-2914-geo.geo_unrolled","chck",1622650803918822275,1622650803920694417
6,"build/tests/sizes/cube-2004-asc.msh2","scan",1622650803921273086,1622650807069987214
6,"build/tests/sizes/cube-2004-asc.msh2","chck",1622650803920695427,1622650807070002069
6,"build/tests/sizes/cube-2289-asc.bdf","scan",1622650807070619953,1622650808234076861
6,"build/tests/sizes/cube-2289-asc.bdf","chck",1622650807070003318,1622650808234084785
6,"build/tests/sizes/cube-626-geo.geo_unrolled","scan",1622650808235759647,1622650808280237004
6,"build/tests/sizes/cube-626-geo.geo_unrolled","chck",1622650808234086011,1622650808280244784
6,"build/tests/sizes/cube-1657-stl-bin.geo","scan",1622650808293920448,1622650808322496316
6,"build/tests/sizes/cube-1657-stl-bin.geo","chck",1622650808280246066,1622650808322503587
6,"build/tests/sizes/cube-1021-asc.bdf","scan",1622650808341456166,1622650823076557803
6,"build/tests/sizes/cube-1021-asc.bdf","chck",1622650808322504795,1622650823076576212
6,"build/tests/sizes/cube-2508-bin.vtk","scan",1622650823077491118,1622650823834680581
6,"build/tests/sizes/cube-2508-bin.vtk","chck",1622650823076577360,1622650823834687966
6,"build/tests/sizes/cube-1549-asc.bdf","scan",1622650823842060927,1622650833218672370
6,"build/tests/sizes/cube-1549-asc.bdf","chck",1622650823834688996,1622650833218697229
6,"build/tests/sizes/cube-2142-geo.geo_unrolled","scan",1622650833219676366,1622650833580006529
6,"build/tests/sizes/cube-2142-geo.geo_unrolled","chck",1622650833218698392,1622650833580013501
6,"build/tests/sizes/cube-1892-geo.geo","scan",1622650833585647712,1622650833619679998
6,"build/tests/sizes/cube-1892-geo.geo","chck",1622650833580014514,1622650833619686048
6,"build/tests/sizes/cube-2281-bin.cgns","scan",1622650833624411456,1622650833683662285
6,"build/tests/sizes/cube-2281-bin.cgns","chck",1622650833619687086,1622650833683669354
6,"build/tests/sizes/cube-3116-geo.geo_unrolled","scan",1622650833684483928,1622650833685829341
6,"build/tests/sizes/cube-3116-geo.geo_unrolled","chck",1622650833683670451,1622650833685836161
6,"build/tests/sizes/cube-1575-bin.msh2","scan",1622650833701540836,1622650833709723997
6,"build/tests/sizes/cube-1575-bin.msh2","chck",1622650833685837205,1622650833709728269
6,"build/tests/sizes/cube-2872-bin.vtk","scan",1622650833710256543,1622650833713733952
6,"build/tests/sizes/cube-2872-bin.vtk","chck",1622650833709729204,1622650833713737355
6,"build/tests/sizes/cube-1286-stl-bin.geo","scan",1622650833715060712,1622650833778925431
6,"build/tests/sizes/cube-1286-stl-bin.geo","chck",1622650833713738396,1622650833778930854
6,"build/tests/sizes/cube-1666-bin.vtk","scan",1622650833792711858,1622650833846552143
6,"build/tests/sizes/cube-1666-bin.vtk","chck",1622650833778931809,1622650833846558800
6,"build/tests/sizes/cube-3832-geo.geo_unrolled","scan",1622650833847190942,1622650833848378186
6,"build/tests/sizes/cube-3832-geo.geo_unrolled","chck",1622650833846559834,1622650833848382340
6,"build/tests/sizes/cube-3889-stl-bin.geo","scan",1622650833848913340,1622650833854666884
6,"build/tests/sizes/cube-3889-stl-bin.geo","chck",1622650833848383267,1622650833854669930
6,"build/tests/sizes/cube-194-geo.geo_unrolled","scan",1622650833865704860,1622650833866780349
6,"build/tests/sizes/cube-194-geo.geo_unrolled","chck",1622650833854670789,1622650833866783397
6,"build/tests/sizes/cube-2955-bin.msh2","scan",1622650833867676916,1622650837465439820
6,"build/tests/sizes/cube-2955-bin.msh2","chck",1622650833866784262,1622650837465447649
6,"build/tests/sizes/cube-1622-bin.cgns","scan",1622650837484743401,1622650837640081112
6,"build/tests/sizes/cube-1622-bin.cgns","chck",1622650837465448737,1622650837640087395
6,"build/tests/sizes/cube-3059-bin.cgns","scan",1622650837644332827,1622650837700995500
6,"build/tests/sizes/cube-3059-bin.cgns","chck",1622650837640088538,1622650837701003955
6,"build/tests/sizes/cube-2568-bin.msh4","scan",1622650837701986814,1622650837706334843
6,"build/tests/sizes/cube-2568-bin.msh4","chck",1622650837701005127,1622650837706341015
6,"build/tests/sizes/cube-1144-geo.geo_unrolled","scan",1622650837731445838,1622650837732722259
6,"build/tests/sizes/cube-1144-geo.geo_unrolled","chck",1622650837706342087,1622650837732727587
6,"build/tests/sizes/cube-936-geo.geo_unrolled","scan",1622650837733776381,1622650837734847365
6,"build/tests/sizes/cube-936-geo.geo_unrolled","chck",1622650837732728553,1622650837734850938
6,"build/tests/sizes/cube-3860-bin.cgns","scan",1622650837739156766,1622650837798029429
6,"build/tests/sizes/cube-3860-bin.cgns","chck",1622650837734851784,1622650837798035633
6,"build/tests/sizes/cube-3073-geo.geo","scan",1622650837798752206,1622650837800105944
6,"build/tests/sizes/cube-3073-geo.geo","chck",1622650837798036777,1622650837800110360
6,"build/tests/sizes/cube-1419-asc.mesh","scan",1622650837801264149,1622650837803691834
6,"build/tests/sizes/cube-1419-asc.mesh","chck",1622650837800111328,1622650837803694766
6,"build/tests/sizes/cube-829-asc.bdf","scan",1622650837816740486,1622650838173543457
6,"build/tests/sizes/cube-829-asc.bdf","chck",1622650837803695642,1622650838173550359
6,"build/tests/sizes/cube-714-bin.vtk","scan",1622650838190374240,1622650838445991013
6,"build/tests/sizes/cube-714-bin.vtk","chck",1622650838173551529,1622650838445998885
6,"build/tests/sizes/cube-102-asc.msh2","scan",1622650838447707995,1622650838460267758
6,"build/tests/sizes/cube-102-asc.msh2","chck",1622650838446000243,1622650838460273568
6,"build/tests/sizes/cube-2450-geo.geo","scan",1622650838460851004,1622650838462233436
6,"build/tests/sizes/cube-2450-geo.geo","chck",1622650838460274636,1622650838462238151
6,"build/tests/sizes/cube-1042-asc.mesh","scan",1622650838482013832,1622650839054171595
6,"build/tests/sizes/cube-1042-asc.mesh","chck",1622650838462239109,1622650839054178986
6,"build/tests/sizes/cube-3528-geo.geo_unrolled","scan",1622650839054954148,1622650839056170905
6,"build/tests/sizes/cube-3528-geo.geo_unrolled","chck",1622650839054180196,1622650839056175576
6,"build/tests/sizes/cube-2414-bin.cgns","scan",1622650839060935803,1622650839119092199
6,"build/tests/sizes/cube-2414-bin.cgns","chck",1622650839056176710,1622650839119366824
6,"build/tests/sizes/cube-2845-asc.msh2","scan",1622650839119956222,1622650839380973820
6,"build/tests/sizes/cube-2845-asc.msh2","chck",1622650839119369296,1622650839380980117
6,"build/tests/sizes/cube-3113-bin.vtk","scan",1622650839381678735,1622650839384250136
6,"build/tests/sizes/cube-3113-bin.vtk","chck",1622650839380981483,1622650839384253720
6,"build/tests/sizes/cube-1215-stl-bin.geo","scan",1622650839405824163,1622650839430184733
6,"build/tests/sizes/cube-1215-stl-bin.geo","chck",1622650839384254540,1622650839430191325
6,"build/tests/sizes/cube-1706-geo.geo","scan",1622650839457977221,1622650839459379387
6,"build/tests/sizes/cube-1706-geo.geo","chck",1622650839430192685,1622650839459384949
6,"build/tests/sizes/cube-3373-asc.mesh","scan",1622650839459916331,1622650839461767688
6,"build/tests/sizes/cube-3373-asc.mesh","chck",1622650839459385932,1622650839461771314
6,"build/tests/sizes/cube-1376-bin.cgns","scan",1622650839485272453,1622650839630665790
6,"build/tests/sizes/cube-1376-bin.cgns","chck",1622650839461772195,1622650839630673458
6,"build/tests/sizes/cube-875-asc.msh2","scan",1622650839638467463,1622650840065825896
6,"build/tests/sizes/cube-875-asc.msh2","chck",1622650839630674599,1622650840065833159
6,"cube-3373-asc","prep",1622650840067041225,1622650840067388856
6,"cube-3373-asc","zzzz",1622650840067393443,1622650840071349138,286,595,1785
6,"cube-3373-asc","post",1622650840071350491,1622650840071464325
6,"cube-1706-geo","mesh",1622650840071483159,1622650842732088653
6,"cube-1706-geo","prep",1622650842733275413,1622650842985846210
6,"cube-1706-geo","zzzz",1622650842985851721,1622650867315335287,202694,285534,856602
6,"cube-1706-geo","post",1622650867315367084,1622650867353439935
6,"cube-3485-stl-bin","mesh",1622650867354580948,1622650867402219080
6,"cube-3485-stl-bin","prep",1622650867403111519,1622650867405791980
6,"cube-3485-stl-bin","zzzz",1622650867405794821,1622650867607229082,4860,10575,31725
6,"cube-3485-stl-bin","post",1622650867607240306,1622650867608468723
6,"cube-2915-bin","prep",1622650867608654972,1622650867753663782
6,"cube-2915-bin","zzzz",1622650867753671209,1622650888477073665,181312,256186,768558
6,"cube-2915-bin","post",1622650888477084994,1622650888536343008
6,"cube-478-bin","prep",1622650888536396618,1622650888554045575
6,"cube-478-bin","zzzz",1622650888554048648,1622650888640744541,3561,5862,17586
6,"cube-478-bin","post",1622650888640762996,1622650888641209449
6,"cube-1146-asc","prep",1622650888641244062,1622650888652340943
6,"cube-1146-asc","zzzz",1622650888652343707,1622650888660140032,495,992,2976
6,"cube-1146-asc","post",1622650888660155865,1622650888660387923
6,"cube-1849-bin","prep",1622650888660408847,1622650888660827102
6,"cube-1849-bin","zzzz",1622650888660828445,1622650888666533572,375,782,2346
6,"cube-1849-bin","post",1622650888666538314,1622650888666839243
6,"cube-3525-asc","prep",1622650888666853547,1622650888667074746
6,"cube-3525-asc","zzzz",1622650888667075791,1622650888668832112,134,313,939
6,"cube-3525-asc","post",1622650888668836888,1622650888668909976
6,"cube-2568-bin","prep",1622650888668922709,1622650888672248777
6,"cube-2568-bin","zzzz",1622650888672250465,1622650888928193877,7932,12494,37482
6,"cube-2568-bin","post",1622650888928204890,1622650888929107995
6,"cube-117-bin","prep",1622650888929248450,1622650888929467801
6,"cube-117-bin","zzzz",1622650888929469387,1622650888933512200,292,601,1803
6,"cube-117-bin","post",1622650888933528059,1622650888933587653
6,"cube-1419-asc","prep",1622650888933600972,1622650888933751214
6,"cube-1419-asc","zzzz",1622650888933752263,1622650888937482106,268,563,1689
6,"cube-1419-asc","post",1622650888937485731,1622650888937580094
6,"cube-1892-geo","mesh",1622650888937594132,1622650888945388570
6,"cube-1892-geo","prep",1622650888946239601,1622650888946432474
6,"cube-1892-geo","zzzz",1622650888946433988,1622650888949734564,245,514,1542
6,"cube-1892-geo","post",1622650888949749842,1622650888949917941
6,"cube-2281-bin.cgns","prep",1622650888949931760,1622650888951082949
6,"cube-2281-bin.cgns","zzzz",1622650888951085574,1622650889158853884,6779,10803,32409
6,"cube-2281-bin.cgns","post",1622650889158863978,1622650889159062300
6,"cube-3005-stl-bin","mesh",1622650889159155054,1622650889176857537
6,"cube-3005-stl-bin","prep",1622650889177738982,1622650889178842867
6,"cube-3005-stl-bin","zzzz",1622650889178845225,1622650889238513730,1661,4510,13530
6,"cube-3005-stl-bin","post",1622650889238521818,1622650889239214355
6,"cube-2984-geo","mesh",1622650889239566486,1622650889273121565
6,"cube-2984-geo","prep",1622650889273965496,1622650889274812572
6,"cube-2984-geo","zzzz",1622650889274814740,1622650889309715868,1716,3077,9231
6,"cube-2984-geo","post",1622650889309732042,1622650889310329398
6,"cube-2961-bin","prep",1622650889310635961,1622650889310938635
6,"cube-2961-bin","zzzz",1622650889310939949,1622650889314726192,274,571,1713
6,"cube-2961-bin","post",1622650889314730998,1622650889314801086
6,"cube-1376-bin.cgns","prep",1622650889314814598,1622650889341218932
6,"cube-1376-bin.cgns","zzzz",1622650889341222206,1622650890283852675,20634,30935,92805
6,"cube-1376-bin.cgns","post",1622650890283862972,1622650890283906734
6,"cube-3491-asc","prep",1622650890283992644,1622650890320789691
6,"cube-3491-asc","zzzz",1622650890320796115,1622650896203055137,75067,108837,326511
6,"cube-3491-asc","post",1622650896203067270,1622650896210059964
6,"cube-2555-stl-bin","mesh",1622650896210102177,1622650896397882949
6,"cube-2555-stl-bin","prep",1622650896398776648,1622650896415047233
6,"cube-2555-stl-bin","zzzz",1622650896415053477,1622650897469087603,17561,33416,100248
6,"cube-2555-stl-bin","post",1622650897469098490,1622650897478430206
6,"cube-401-asc","prep",1622650897479151548,1622650897564250635
6,"cube-401-asc","zzzz",1622650897564257809,1622650911855724021,140412,199237,597711
6,"cube-401-asc","post",1622650911855731156,1622650911867894562
6,"cube-357-geo","mesh",1622650911867932682,1622650913038573144
6,"cube-357-geo","prep",1622650913039430457,1622650913150372074
6,"cube-357-geo","zzzz",1622650913150377067,1622650921600100607,96895,139455,418365
6,"cube-357-geo","post",1622650921600110538,1622650921645332999
6,"cube-3170-bin.cgns","prep",1622650921648570186,1622650921800518385
6,"cube-3170-bin.cgns","zzzz",1622650921800526622,1622651165762157720,1022735,1404330,4212990
6,"cube-3170-bin.cgns","post",1622651165762171316,1622651165762335036
6,"cube-882-stl-bin","mesh",1622651165763379077,1622651165928541029
6,"cube-882-stl-bin","prep",1622651165929431759,1622651165940194227
6,"cube-882-stl-bin","zzzz",1622651165940197468,1622651166826062656,15224,29593,88779
6,"cube-882-stl-bin","post",1622651166826073405,1622651166830951526
6,"cube-271-asc","prep",1622651166830974970,1622651166869931666
6,"cube-271-asc","zzzz",1622651166869936046,1622651172463201185,72488,105151,315453
6,"cube-271-asc","post",1622651172463215980,1622651172470032810
6,"cube-486-bin.cgns","prep",1622651172470073405,1622651172486962407
6,"cube-486-bin.cgns","zzzz",1622651172486966588,1622651172585871482,3927,6429,19287
6,"cube-486-bin.cgns","post",1622651172585881522,1622651172585944095
6,"cube-3353-asc","prep",1622651172586056007,1622651172653894975
6,"cube-3353-asc","zzzz",1622651172653899563,1622651186874470526,139708,198588,595764
6,"cube-3353-asc","post",1622651186874479995,1622651186887001335
6,"cube-3377-bin","prep",1622651186887040223,1622651186887220483
6,"cube-3377-bin","zzzz",1622651186887221940,1622651186890440175,238,503,1509
6,"cube-3377-bin","post",1622651186890455420,1622651186890525474
6,"cube-399-geo","mesh",1622651186890540818,1622651187388028198
6,"cube-399-geo","prep",1622651187388885542,1622651187431284397
6,"cube-399-geo","zzzz",1622651187431289403,1622651189660852601,37913,56019,168057
6,"cube-399-geo","post",1622651189660863221,1622651189684890792
6,"cube-1622-bin.cgns","prep",1622651189684935156,1622651189718412875
6,"cube-1622-bin.cgns","zzzz",1622651189718419779,1622651193487113803,54857,80328,240984
6,"cube-1622-bin.cgns","post",1622651193487123094,1622651193487164800
6,"cube-3860-bin.cgns","prep",1622651193487701301,1622651193488192417
6,"cube-3860-bin.cgns","zzzz",1622651193488194978,1622651193491307322,232,497,1491
6,"cube-3860-bin.cgns","post",1622651193491308933,1622651193491334888
6,"cube-2508-bin","prep",1622651193491399227,1622651193508890945
6,"cube-2508-bin","zzzz",1622651193508894851,1622651194719980732,24506,36781,110343
6,"cube-2508-bin","post",1622651194719989835,1622651194731918054
6,"cube-2414-bin.cgns","prep",1622651194731959938,1622651194740794471
6,"cube-2414-bin.cgns","zzzz",1622651194740800889,1622651197153264674,40120,59122,177366
6,"cube-2414-bin.cgns","post",1622651197153274638,1622651197153317924
6,"cube-889-asc","prep",1622651197153426001,1622651197469873412
6,"cube-889-asc","zzzz",1622651197469880057,1622651303660248283,551951,764698,2294094
6,"cube-889-asc","post",1622651303660256728,1622651303706668409
6,"cube-2512-bin","prep",1622651303706967893,1622651303726484377
6,"cube-2512-bin","zzzz",1622651303726487762,1622651306221682850,41128,60494,181482
6,"cube-2512-bin","post",1622651306221693867,1622651306225197769
6,"cube-829-asc","prep",1622651306225230562,1622651306242472107
6,"cube-829-asc","zzzz",1622651306242474862,1622651308545515448,38819,57203,171609
6,"cube-829-asc","post",1622651308545525442,1622651308548912836
6,"cube-3839-bin","prep",1622651308548948550,1622651308887714198
6,"cube-3839-bin","zzzz",1622651308887721028,1622651426047158938,589849,816140,2448420
6,"cube-3839-bin","post",1622651426047168534,1622651426095897044
6,"cube-769-asc","prep",1622651426096117359,1622651426598208422
6,"cube-769-asc","zzzz",1622651426598215509,1622651644150515484,937240,1288693,3866079
6,"cube-769-asc","post",1622651644150531577,1622651644227754804
6,"cube-511-bin","prep",1622651644228059875,1622651645595250399
6,"cube-511-bin","zzzz",1622651645595258865,1622652396257428568,2395940,3262568,9787704
6,"cube-511-bin","post",1622652396257438593,1622652396611815486
6,"cube-1144-geo","mesh",1622652396612458842,1622652396906747889
6,"cube-1144-geo","prep",1622652396907648553,1622652396925509246
6,"cube-1144-geo","zzzz",1622652396925513798,1622652397704877217,17861,27106,81318
6,"cube-1144-geo","post",1622652397704885727,1622652397714273407
6,"cube-2931-bin.cgns","prep",1622652397714320320,1622652397717096246
6,"cube-2931-bin.cgns","zzzz",1622652397717099404,1622652397722303702,348,729,2187
6,"cube-2931-bin.cgns","post",1622652397722319221,1622652397722350689
6,"cube-2004-asc","prep",1622652397722403644,1622652397933835100
6,"cube-2004-asc","zzzz",1622652397933840995,1622652462167297884,391987,547498,1642494
6,"cube-2004-asc","post",1622652462167311977,1622652462200135884
6,"cube-1906-asc","prep",1622652462200182501,1622652462200383100
6,"cube-1906-asc","zzzz",1622652462200384173,1622652462201834897,125,274,822
6,"cube-1906-asc","post",1622652462201838596,1622652462201917583
6,"cube-1215-stl-bin","mesh",1622652462201938814,1622652462206535650
6,"cube-1215-stl-bin","prep",1622652462207406042,1622652462207596679
6,"cube-1215-stl-bin","zzzz",1622652462207598337,1622652462214815750,269,934,2802
6,"cube-1215-stl-bin","post",1622652462214825718,1622652462214974297
6,"cube-3116-geo","mesh",1622652462215011054,1622652462226736197
6,"cube-3116-geo","prep",1622652462227462449,1622652462227674475
6,"cube-3116-geo","zzzz",1622652462227676017,1622652462232436332,322,679,2037
6,"cube-3116-geo","post",1622652462232446330,1622652462232692411
6,"cube-561-stl-bin","mesh",1622652462232730867,1622652469450376227
6,"cube-561-stl-bin","prep",1622652469451211388,1622652470321980537
6,"cube-561-stl-bin","zzzz",1622652470321986980,1622652666721506022,805602,1193515,3580545
6,"cube-561-stl-bin","post",1622652666721520636,1622652667004541815
6,"cube-110-bin","prep",1622652667004579818,1622652667030978578
6,"cube-110-bin","zzzz",1622652667030982087,1622652667032800535,140,319,957
6,"cube-110-bin","post",1622652667032810939,1622652667033150036
6,"cube-2483-geo","mesh",1622652667033193569,1622652667227711427
6,"cube-2483-geo","prep",1622652667228528709,1622652667234413529
6,"cube-2483-geo","zzzz",1622652667234415711,1622652667548671564,9128,14414,43242
6,"cube-2483-geo","post",1622652667548681634,1622652667551839006
6,"cube-1619-stl-bin","mesh",1622652667552156216,1622652667603864627
6,"cube-1619-stl-bin","prep",1622652667604669867,1622652667608207894
6,"cube-1619-stl-bin","zzzz",1622652667608210067,1622652667847835858,5585,11933,35799
6,"cube-1619-stl-bin","post",1622652667847845906,1622652667849581071
6,"cube-1296-geo","mesh",1622652667849826254,1622652667935216340
6,"cube-1296-geo","prep",1622652667936018381,1622652667939651286
6,"cube-1296-geo","zzzz",1622652667939653470,1622652668102574177,5682,9116,27348
6,"cube-1296-geo","post",1622652668102584261,1622652668104305732
6,"cube-2994-asc","prep",1622652668104466621,1622652668105215369
6,"cube-2994-asc","zzzz",1622652668105216981,1622652668113058825,498,995,2985
6,"cube-2994-asc","post",1622652668113068799,1622652668113225815
6,"cube-875-asc","prep",1622652668113238311,1622652668135819561
6,"cube-875-asc","zzzz",1622652668135822720,1622652671523435638,50691,74591,223773
6,"cube-875-asc","post",1622652671523449713,1622652671528277748
6,"cube-3934-bin","prep",1622652671528317634,1622652671561705439
6,"cube-3934-bin","zzzz",1622652671561710704,1622652676840017175,69804,101163,303489
6,"cube-3934-bin","post",1622652676840030133,1622652676845626078
6,"cube-3093-asc","prep",1622652676845941168,1622652676847035474
6,"cube-3093-asc","zzzz",1622652676847037370,1622652676877143018,1533,2752,8256
6,"cube-3093-asc","post",1622652676877152972,1622652676877889755
6,"cube-774-asc","prep",1622652676878516035,1622652677146891005
6,"cube-774-asc","zzzz",1622652677146897496,1622652762082633909,474284,659388,1978164
6,"cube-774-asc","post",1622652762082648623,1622652762185903554
6,"cube-1657-stl-bin","mesh",1622652762185942133,1622652762204765001
6,"cube-1657-stl-bin","prep",1622652762205601942,1622652762206575531
6,"cube-1657-stl-bin","zzzz",1622652762206578535,1622652762246737017,1296,3413,10239
6,"cube-1657-stl-bin","post",1622652762246747092,1622652762247227867
6,"cube-2872-bin","prep",1622652762247397962,1622652762248227479
6,"cube-2872-bin","zzzz",1622652762248229119,1622652762272529512,1277,2342,7026
6,"cube-2872-bin","post",1622652762272539409,1622652762272872544
6,"cube-2164-bin","prep",1622652762273025524,1622652762374151164
6,"cube-2164-bin","zzzz",1622652762374158402,1622652785926127343,198017,279336,838008
6,"cube-2164-bin","post",1622652785926141120,1622652785943548355
6,"cube-544-bin","prep",1622652785943649568,1622652785952346948
6,"cube-544-bin","zzzz",1622652785952349530,1622652786583177414,15256,23391,70173
6,"cube-544-bin","post",1622652786583187679,1622652786587524879
6,"cube-2785-bin","prep",1622652786587564180,1622652786590712203
6,"cube-2785-bin","zzzz",1622652786590714306,1622652786742375739,5380,8671,26013
6,"cube-2785-bin","post",1622652786742385863,1622652786743171758
6,"cube-3311-asc","prep",1622652786743186913,1622652786855591520
6,"cube-3311-asc","zzzz",1622652786855597764,1622652807594254169,181443,256320,768960
6,"cube-3311-asc","post",1622652807594265933,1622652807641835521
6,"cube-2914-geo","mesh",1622652807641898628,1622652808057104630
6,"cube-2914-geo","prep",1622652808057935778,1622652808082630084
6,"cube-2914-geo","zzzz",1622652808082634523,1622652810021310457,34346,50826,152478
6,"cube-2914-geo","post",1622652810021322386,1622652810033071982
6,"cube-3059-bin.cgns","prep",1622652810034361886,1622652810040918466
6,"cube-3059-bin.cgns","zzzz",1622652810040921685,1622652812663873017,42438,62576,187728
6,"cube-3059-bin.cgns","post",1622652812663883913,1622652812663933115
6,"cube-3657-stl-bin","mesh",1622652812664049377,1622652812814904870
6,"cube-3657-stl-bin","prep",1622652812815725254,1622652812827399746
6,"cube-3657-stl-bin","zzzz",1622652812827402862,1622652813819401995,16793,32051,96153
6,"cube-3657-stl-bin","post",1622652813819412845,1622652813825153298
6,"cube-244-geo","mesh",1622652813825186433,1622652814312632170
6,"cube-244-geo","prep",1622652814313469338,1622652814345129047
6,"cube-244-geo","zzzz",1622652814345133954,1622652816909157018,41821,61584,184752
6,"cube-244-geo","post",1622652816909615347,1622652816927173373
6,"cube-194-geo","mesh",1622652816927221165,1622652817929458979
6,"cube-194-geo","prep",1622652817930316308,1622652818010542193
6,"cube-194-geo","zzzz",1622652818010547180,1622652825237598679,86817,125319,375957
6,"cube-194-geo","post",1622652825237612713,1622652825286441240
6,"cube-3758-bin.cgns","prep",1622652825288524105,1622652825298560421
6,"cube-3758-bin.cgns","zzzz",1622652825298564098,1622652826554371879,25190,37669,113007
6,"cube-3758-bin.cgns","post",1622652826554380691,1622652826554429864
6,"cube-863-bin","prep",1622652826554527367,1622652826708335408
6,"cube-863-bin","zzzz",1622652826708342191,1622652871962678176,308920,433228,1299684
6,"cube-863-bin","post",1622652871962692526,1622652871988353771
6,"cube-3606-bin","prep",1622652871988468298,1622652871993273355
6,"cube-3606-bin","zzzz",1622652871993276100,1622652872207979367,6977,11053,33159
6,"cube-3606-bin","post",1622652872207991441,1622652872211176425
6,"cube-1959-geo","mesh",1622652872211202716,1622652872291219093
6,"cube-1959-geo","prep",1622652872292052410,1622652872295839916
6,"cube-1959-geo","zzzz",1622652872295842027,1622652872462380618,5805,9257,27771
6,"cube-1959-geo","post",1622652872462390682,1622652872464515783
6,"cube-2467-asc","prep",1622652872464534596,1622652872465344169
6,"cube-2467-asc","zzzz",1622652872465345624,1622652872468733699,251,522,1566
6,"cube-2467-asc","post",1622652872468743766,1622652872469143596
6,"cube-2418-asc","prep",1622652872469155941,1622652872472110207
6,"cube-2418-asc","zzzz",1622652872472111973,1622652872590412944,4484,7288,21864
6,"cube-2418-asc","post",1622652872590422968,1622652872591942448
6,"cube-2373-asc","prep",1622652872591964625,1622652872592748487
6,"cube-2373-asc","zzzz",1622652872592749899,1622652872604035808,688,1312,3936
6,"cube-2373-asc","post",1622652872604045833,1622652872604251187
6,"cube-1574-stl-bin","mesh",1622652872604264610,1622652872648242736
6,"cube-1574-stl-bin","prep",1622652872649058551,1622652872652180572
6,"cube-1574-stl-bin","zzzz",1622652872652182826,1622652872854219230,4879,10594,31782
6,"cube-1574-stl-bin","post",1622652872854229187,1622652872855952285
6,"cube-1695-bin","prep",1622652872856079442,1622652873905700330
6,"cube-1695-bin","zzzz",1622652873905708338,1622653450768041710,1961698,2677817,8033451
6,"cube-1695-bin","post",1622653450768056629,1622653450922996250
6,"cube-2289-asc","prep",1622653450923656884,1622653451001769932
6,"cube-2289-asc","zzzz",1622653451001776257,1622653468274556674,160119,226507,679521
6,"cube-2289-asc","post",1622653468274570823,1622653468288903718
6,"cube-626-geo","mesh",1622653468288939467,1622653479198549366
6,"cube-626-geo","prep",1622653479199411866,1622653480290714894
6,"cube-626-geo","zzzz",1622653480290720209,1622653728754292075,1036973,1423722,4271166
6,"cube-626-geo","post",1622653728754303489,1622653729055432866
6,"cube-1548-bin","prep",1622653729055590177,1622653729318402864
6,"cube-1548-bin","zzzz",1622653729318410886,1622653814579625585,475355,661066,1983198
6,"cube-1548-bin","post",1622653814579638847,1622653814618845971
6,"cube-2142-geo","mesh",1622653814618907361,1622653818423603880
6,"cube-2142-geo","prep",1622653818424463112,1622653818777548496
6,"cube-2142-geo","zzzz",1622653818777553357,1622653872817807822,348211,487818,1463454
6,"cube-2142-geo","post",1622653872817817546,1622653872940188481
6,"cube-753-bin","prep",1622653872940278651,1622653872951008081
6,"cube-753-bin","zzzz",1622653872951010947,1622653872958943673,506,1005,3015
6,"cube-753-bin","post",1622653872958959394,1622653872959094049
6,"cube-3832-geo","mesh",1622653872959113721,1622653874237379827
6,"cube-3832-geo","prep",1622653874238247987,1622653874337707905
6,"cube-3832-geo","zzzz",1622653874337713598,1622653883449471255,102198,146759,440277
6,"cube-3832-geo","post",1622653883449485279,1622653883501501363
6,"cube-2845-asc","prep",1622653883504643421,1622653883526933225
6,"cube-2845-asc","zzzz",1622653883526936791,1622653885484540709,34685,51189,153567
6,"cube-2845-asc","post",1622653885484551275,1622653885487392850
6,"cube-1291-geo","mesh",1622653885487425291,1622653886159987246
6,"cube-1291-geo","prep",1622653886160839600,1622653886206298703
6,"cube-1291-geo","zzzz",1622653886206303687,1622653890147478682,56542,82787,248361
6,"cube-1291-geo","post",1622653890147491991,1622653890182113545
6,"cube-1021-asc","prep",1622653890182158935,1622653890741315698
6,"cube-1021-asc","zzzz",1622653890741320165,1622654348865940346,1033610,2252744,6758232
6,"cube-1021-asc","post",1622654348865955276,1622654348995154342
6,"cube-1549-asc","prep",1622654348995192654,1622654349499860118
6,"cube-1549-asc","zzzz",1622654349499864550,1622654645533040463,974789,1623620,4870860
6,"cube-1549-asc","post",1622654645533054423,1622654645660496219
6,"cube-3113-bin","prep",1622654645660536275,1622654645666466375
6,"cube-3113-bin","zzzz",1622654645666470160,1622654645690827487,1277,2346,7038
6,"cube-3113-bin","post",1622654645690837806,1622654645691176389
6,"cube-1575-bin","prep",1622654645691197153,1622654645691568235
6,"cube-1575-bin","zzzz",1622654645691569630,1622654645696801879,350,731,2193
6,"cube-1575-bin","post",1622654645696811860,1622654645697015939
6,"cube-3864-stl-bin","mesh",1622654645697050605,1622654645702815151
6,"cube-3864-stl-bin","prep",1622654645703711128,1622654645703988787
6,"cube-3864-stl-bin","zzzz",1622654645703990673,1622654645715029392,371,1290,3870
6,"cube-3864-stl-bin","post",1622654645715039406,1622654645715350836
6,"cube-1286-stl-bin","mesh",1622654645715399612,1622654645845217639
6,"cube-1286-stl-bin","prep",1622654645846474690,1622654645852277811
6,"cube-1286-stl-bin","zzzz",1622654645852280596,1622654646584112026,13040,25927,77781
6,"cube-1286-stl-bin","post",1622654646584122021,1622654646587162810
6,"cube-2955-bin","prep",1622654646587186906,1622654646928277557
6,"cube-2955-bin","zzzz",1622654646928285114,1622654803574625924,730290,1007313,3021939
6,"cube-2955-bin","post",1622654803574679497,1622654803636021981
6,"cube-3889-stl-bin","mesh",1622654803636088815,1622654803652570294
6,"cube-3889-stl-bin","prep",1622654803653438905,1622654803654241207
6,"cube-3889-stl-bin","zzzz",1622654803654243443,1622654803696489097,1258,3537,10611
6,"cube-3889-stl-bin","post",1622654803696498957,1622654803696895132
6,"cube-936-geo","mesh",1622654803697048720,1622654803778111205
6,"cube-936-geo","prep",1622654803778887813,1622654803782136527
6,"cube-936-geo","zzzz",1622654803782139034,1622654803943475480,5653,9054,27162
6,"cube-936-geo","post",1622654803943485504,1622654803944964845
6,"cube-3073-geo","mesh",1622654803945150801,1622654808256411622
6,"cube-3073-geo","prep",1622654808303933310,1622654808586303546
6,"cube-3073-geo","zzzz",1622654808586309708,1622654873804688267,396910,553086,1659258
6,"cube-3073-geo","post",1622654873804702445,1622654873933692164
6,"cube-1042-asc","prep",1622654873933833613,1622654874021748046
6,"cube-1042-asc","zzzz",1622654874021754306,1622654893024885287,170884,241586,724758
6,"cube-1042-asc","post",1622654893024907300,1622654893039125062
6,"cube-256-bin","prep",1622654893039210002,1622654893040160636
6,"cube-256-bin","zzzz",1622654893040163628,1622654893051392720,684,1307,3921
6,"cube-256-bin","post",1622654893051396970,1622654893051505229
6,"cube-714-bin","prep",1622654893051523191,1622654893122232708
6,"cube-714-bin","zzzz",1622654893122238457,1622654906423902508,133847,189807,569421
6,"cube-714-bin","post",1622654906423926017,1622654906434945472
6,"cube-2328-asc","prep",1622654906434991477,1622654906435479741
6,"cube-2328-asc","zzzz",1622654906435481215,1622654906440701711,348,729,2187
6,"cube-2328-asc","post",1622654906440711732,1622654906440896892
6,"cube-102-asc","prep",1622654906440930191,1622654906441730800
6,"cube-102-asc","zzzz",1622654906441732479,1622654906474182454,1628,2912,8736
6,"cube-102-asc","post",1622654906474192307,1622654906474691714
6,"cube-2450-geo","mesh",1622654906474827048,1622654906527670370
6,"cube-2450-geo","prep",1622654906528476775,1622654906530571102
6,"cube-2450-geo","zzzz",1622654906530573050,1622654906617987077,3591,5896,17688
6,"cube-2450-geo","post",1622654906618486291,1622654906619042071
6,"cube-1666-bin","prep",1622654906619504051,1622654906626864656
6,"cube-1666-bin","zzzz",1622654906626866601,1622654907249540219,15096,23197,69591
6,"cube-1666-bin","post",1622654907249555773,1622654907252244385
6,"cube-3528-geo","mesh",1622654907252267755,1622654920825621874
6,"cube-3528-geo","prep",1622654920990143763,1622654921918556245
6,"cube-3528-geo","zzzz",1622654921918570888,1622655243106647104,1258532,1726015,5178045
6,"cube-3528-geo","post",1622655243106700631,1622655243499436115
6,"Proc","exit_task",1622650751065351791,1622655243548365058,4038916
