37,"build/tests/sizes/cube-1577-asc.bdf","scan",1622650766328481943,1622650766358548915
37,"build/tests/sizes/cube-1577-asc.bdf","chck",1622650766302009055,1622650766358684066
37,"build/tests/sizes/cube-1745-asc.mesh","scan",1622650766386406073,1622650766421890090
37,"build/tests/sizes/cube-1745-asc.mesh","chck",1622650766358685520,1622650766421896927
37,"build/tests/sizes/cube-745-asc.msh2","scan",1622650766437249794,1622650766496683139
37,"build/tests/sizes/cube-745-asc.msh2","chck",1622650766421898160,1622650766496689222
37,"build/tests/sizes/cube-325-geo.geo","scan",1622650766516054518,1622650766518167709
37,"build/tests/sizes/cube-325-geo.geo","chck",1622650766496690359,1622650766518173248
37,"build/tests/sizes/cube-1812-bin.cgns","scan",1622650766539173599,1622650766679141814
37,"build/tests/sizes/cube-1812-bin.cgns","chck",1622650766518174219,1622650766679147989
37,"build/tests/sizes/cube-2148-bin.vtk","scan",1622650766718943570,1622650766752020197
37,"build/tests/sizes/cube-2148-bin.vtk","chck",1622650766679149080,1622650766752025161
37,"build/tests/sizes/cube-1682-bin.msh4","scan",1622650766767868346,1622650766930780857
37,"build/tests/sizes/cube-1682-bin.msh4","chck",1622650766752026157,1622650766930786817
37,"build/tests/sizes/cube-1681-stl-bin.geo","scan",1622650766938861445,1622650766981034913
37,"build/tests/sizes/cube-1681-stl-bin.geo","chck",1622650766930788512,1622650766981040134
37,"build/tests/sizes/cube-3815-asc.msh2","scan",1622650766987103572,1622650766993696818
37,"build/tests/sizes/cube-3815-asc.msh2","chck",1622650766981041274,1622650766993702785
37,"build/tests/sizes/cube-3811-bin.msh2","scan",1622650766996903504,1622650767000840388
37,"build/tests/sizes/cube-3811-bin.msh2","chck",1622650766993703852,1622650767000845423
37,"build/tests/sizes/cube-1990-bin.cgns","scan",1622650767006605265,1622650767064397975
37,"build/tests/sizes/cube-1990-bin.cgns","chck",1622650767000846389,1622650767064403256
37,"build/tests/sizes/cube-145-asc.msh2","scan",1622650767073940751,1622650767224514580
37,"build/tests/sizes/cube-145-asc.msh2","chck",1622650767064404526,1622650767224521497
37,"build/tests/sizes/cube-419-asc.mesh","scan",1622650767242103651,1622650767253394736
37,"build/tests/sizes/cube-419-asc.mesh","chck",1622650767224522802,1622650767253413427
37,"build/tests/sizes/cube-856-asc.msh2","scan",1622650767276794510,1622650767294817288
37,"build/tests/sizes/cube-856-asc.msh2","chck",1622650767253415109,1622650767294824454
37,"build/tests/sizes/cube-3359-bin.msh2","scan",1622650767297262685,1622650771069601081
37,"build/tests/sizes/cube-3359-bin.msh2","chck",1622650767294825566,1622650771069627829
37,"build/tests/sizes/cube-345-bin.msh2","scan",1622650771071340173,1622650773035227949
37,"build/tests/sizes/cube-345-bin.msh2","chck",1622650771069629008,1622650773035235377
37,"build/tests/sizes/cube-2847-geo.geo_unrolled","scan",1622650773035993424,1622650773037398019
37,"build/tests/sizes/cube-2847-geo.geo_unrolled","chck",1622650773035236535,1622650773037403112
37,"build/tests/sizes/cube-1066-bin.vtk","scan",1622650773050306494,1622650773087260316
37,"build/tests/sizes/cube-1066-bin.vtk","chck",1622650773037404114,1622650773087267158
37,"build/tests/sizes/cube-2859-geo.geo_unrolled","scan",1622650773087856858,1622650773089290822
37,"build/tests/sizes/cube-2859-geo.geo_unrolled","chck",1622650773087268501,1622650773089295136
37,"build/tests/sizes/cube-2185-asc.mesh","scan",1622650773089857687,1622650773143780477
37,"build/tests/sizes/cube-2185-asc.mesh","chck",1622650773089296243,1622650773143786510
37,"build/tests/sizes/cube-1192-bin.msh4","scan",1622650773160835191,1622650774102649349
37,"build/tests/sizes/cube-1192-bin.msh4","chck",1622650773143787483,1622650774102657576
37,"build/tests/sizes/cube-2372-asc.msh2","scan",1622650774103440725,1622650774165805556
37,"build/tests/sizes/cube-2372-asc.msh2","chck",1622650774102658944,1622650774165813995
37,"build/tests/sizes/cube-2409-bin.vtk","scan",1622650774166547705,1622650774861703621
37,"build/tests/sizes/cube-2409-bin.vtk","chck",1622650774165815263,1622650774861719091
37,"build/tests/sizes/cube-437-bin.msh2","scan",1622650774878889394,1622650774919454207
37,"build/tests/sizes/cube-437-bin.msh2","chck",1622650774861724961,1622650774919461236
37,"build/tests/sizes/cube-3426-bin.vtk","scan",1622650774920022531,1622650775794015543
37,"build/tests/sizes/cube-3426-bin.vtk","chck",1622650774919462755,1622650775794023725
37,"build/tests/sizes/cube-3952-stl-bin.geo","scan",1622650775794783069,1622650776173419704
37,"build/tests/sizes/cube-3952-stl-bin.geo","chck",1622650775794025281,1622650776173426043
37,"build/tests/sizes/cube-2225-bin.msh4","scan",1622650776191043445,1622650776199079788
37,"build/tests/sizes/cube-2225-bin.msh4","chck",1622650776173427070,1622650776199084969
37,"build/tests/sizes/cube-1049-stl-bin.geo","scan",1622650776219347027,1622650776237378328
37,"build/tests/sizes/cube-1049-stl-bin.geo","chck",1622650776199086104,1622650776237385164
37,"build/tests/sizes/cube-2034-bin.cgns","scan",1622650776243907600,1622650776306695933
37,"build/tests/sizes/cube-2034-bin.cgns","chck",1622650776237386838,1622650776306702120
37,"build/tests/sizes/cube-2511-bin.vtk","scan",1622650776307383111,1622650776308700659
37,"build/tests/sizes/cube-2511-bin.vtk","chck",1622650776306703576,1622650776308705343
37,"build/tests/sizes/cube-3897-asc.msh2","scan",1622650776309201037,1622650776317009498
37,"build/tests/sizes/cube-3897-asc.msh2","chck",1622650776308706244,1622650776317014651
37,"build/tests/sizes/cube-3642-asc.msh2","scan",1622650776317539155,1622650776322912145
37,"build/tests/sizes/cube-3642-asc.msh2","chck",1622650776317015626,1622650776322921710
37,"build/tests/sizes/cube-3974-bin.msh2","scan",1622650776323474879,1622650776326988588
37,"build/tests/sizes/cube-3974-bin.msh2","chck",1622650776322922768,1622650776326992459
37,"build/tests/sizes/cube-1262-asc.bdf","scan",1622650776345912110,1622650786470613664
37,"build/tests/sizes/cube-1262-asc.bdf","chck",1622650776326993388,1622650786470637331
37,"build/tests/sizes/cube-1953-bin.vtk","scan",1622650786636687423,1622650790102356266
37,"build/tests/sizes/cube-1953-bin.vtk","chck",1622650786470638517,1622650790102369992
37,"build/tests/sizes/cube-787-bin.vtk","scan",1622650790116056948,1622650793486407463
37,"build/tests/sizes/cube-787-bin.vtk","chck",1622650790102371245,1622650793486416429
37,"build/tests/sizes/cube-1082-bin.msh2","scan",1622650793493512032,1622650793507312522
37,"build/tests/sizes/cube-1082-bin.msh2","chck",1622650793486417661,1622650793507319155
37,"build/tests/sizes/cube-3317-bin.msh4","scan",1622650793507926897,1622650793509213494
37,"build/tests/sizes/cube-3317-bin.msh4","chck",1622650793507320280,1622650793509228626
37,"build/tests/sizes/cube-793-geo.geo","scan",1622650793523728132,1622650793525189891
37,"build/tests/sizes/cube-793-geo.geo","chck",1622650793509229530,1622650793525194527
37,"build/tests/sizes/cube-3297-stl-bin.geo","scan",1622650793525767005,1622650793645996935
37,"build/tests/sizes/cube-3297-stl-bin.geo","chck",1622650793525195633,1622650793646004124
37,"build/tests/sizes/cube-1539-geo.geo","scan",1622650793666666139,1622650793668202637
37,"build/tests/sizes/cube-1539-geo.geo","chck",1622650793646005461,1622650793668209648
37,"build/tests/sizes/cube-2809-bin.vtk","scan",1622650793668796515,1622650793695474365
37,"build/tests/sizes/cube-2809-bin.vtk","chck",1622650793668210760,1622650793695481478
37,"build/tests/sizes/cube-2318-stl-bin.geo","scan",1622650793696072714,1622650793828533018
37,"build/tests/sizes/cube-2318-stl-bin.geo","chck",1622650793695482823,1622650793828540627
37,"build/tests/sizes/cube-789-stl-bin.geo","scan",1622650793857540676,1622650793877375572
37,"build/tests/sizes/cube-789-stl-bin.geo","chck",1622650793828541760,1622650793877383773
37,"build/tests/sizes/cube-1478-asc.bdf","scan",1622650793893741916,1622650793903514872
37,"build/tests/sizes/cube-1478-asc.bdf","chck",1622650793877385356,1622650793903522195
37,"build/tests/sizes/cube-3641-asc.mesh","scan",1622650793904109055,1622650794064251301
37,"build/tests/sizes/cube-3641-asc.mesh","chck",1622650793903523428,1622650794064258937
37,"build/tests/sizes/cube-973-bin.cgns","scan",1622650794070386929,1622650794135599820
37,"build/tests/sizes/cube-973-bin.cgns","chck",1622650794064565262,1622650794135606565
37,"build/tests/sizes/cube-1440-stl-bin.geo","scan",1622650794148961641,1622650795146491622
37,"build/tests/sizes/cube-1440-stl-bin.geo","chck",1622650794135607501,1622650795147539196
37,"build/tests/sizes/cube-545-bin.vtk","scan",1622650795159616466,1622650795360856483
37,"build/tests/sizes/cube-545-bin.vtk","chck",1622650795147541204,1622650795360864832
37,"build/tests/sizes/cube-2346-asc.bdf","scan",1622650795361557720,1622650795363681198
37,"build/tests/sizes/cube-2346-asc.bdf","chck",1622650795360866004,1622650795363686849
37,"build/tests/sizes/cube-383-asc.bdf","scan",1622650795365186078,1622650808470073216
37,"build/tests/sizes/cube-383-asc.bdf","chck",1622650795363688011,1622650808470088218
37,"build/tests/sizes/cube-3557-asc.bdf","scan",1622650808622755480,1622650822832963065
37,"build/tests/sizes/cube-3557-asc.bdf","chck",1622650808470089469,1622650822832972788
37,"build/tests/sizes/cube-1769-asc.mesh","scan",1622650823001685666,1622650824805349395
37,"build/tests/sizes/cube-1769-asc.mesh","chck",1622650822832973914,1622650824805369789
37,"build/tests/sizes/cube-2968-asc.bdf","scan",1622650824806147132,1622650824808075938
37,"build/tests/sizes/cube-2968-asc.bdf","chck",1622650824805371047,1622650824808080916
37,"build/tests/sizes/cube-2266-bin.vtk","scan",1622650824808647879,1622650824884986852
37,"build/tests/sizes/cube-2266-bin.vtk","chck",1622650824808081912,1622650824884993033
37,"build/tests/sizes/cube-372-asc.mesh","scan",1622650824906139417,1622650825025006957
37,"build/tests/sizes/cube-372-asc.mesh","chck",1622650824884994114,1622650825025013900
37,"build/tests/sizes/cube-3322-stl-bin.geo","scan",1622650825025652937,1622650825172759030
37,"build/tests/sizes/cube-3322-stl-bin.geo","chck",1622650825025014898,1622650825172765214
37,"build/tests/sizes/cube-2207-asc.msh2","scan",1622650825173816806,1622650825190497418
37,"build/tests/sizes/cube-2207-asc.msh2","chck",1622650825172766383,1622650825190503287
37,"build/tests/sizes/cube-923-asc.mesh","scan",1622650825209209333,1622650827269947306
37,"build/tests/sizes/cube-923-asc.mesh","chck",1622650825190504485,1622650827269954817
37,"build/tests/sizes/cube-2193-bin.msh4","scan",1622650827270663252,1622650827274544139
37,"build/tests/sizes/cube-2193-bin.msh4","chck",1622650827269956027,1622650827274549568
37,"build/tests/sizes/cube-3027-bin.msh2","scan",1622650827275088825,1622650827295073368
37,"build/tests/sizes/cube-3027-bin.msh2","chck",1622650827274550711,1622650827295079859
37,"build/tests/sizes/cube-3799-bin.msh4","scan",1622650827295691633,1622650827299736561
37,"build/tests/sizes/cube-3799-bin.msh4","chck",1622650827295080843,1622650827299741943
37,"build/tests/sizes/cube-3295-bin.msh2","scan",1622650827300292322,1622650829898269410
37,"build/tests/sizes/cube-3295-bin.msh2","chck",1622650827299742879,1622650829898286448
37,"build/tests/sizes/cube-1480-bin.msh2","scan",1622650829900082218,1622650831416677587
37,"build/tests/sizes/cube-1480-bin.msh2","chck",1622650829898287519,1622650831416694078
37,"build/tests/sizes/cube-3731-geo.geo_unrolled","scan",1622650831417540574,1622650831418783624
37,"build/tests/sizes/cube-3731-geo.geo_unrolled","chck",1622650831416695142,1622650831418787796
37,"build/tests/sizes/cube-3994-bin.vtk","scan",1622650831419316828,1622650834058204892
37,"build/tests/sizes/cube-3994-bin.vtk","chck",1622650831418788766,1622650834058212371
37,"build/tests/sizes/cube-1131-bin.vtk","scan",1622650834100102579,1622650834130686451
37,"build/tests/sizes/cube-1131-bin.vtk","chck",1622650834058213509,1622650834130691992
37,"build/tests/sizes/cube-267-bin.cgns","scan",1622650834137354239,1622650834203985472
37,"build/tests/sizes/cube-267-bin.cgns","chck",1622650834130692915,1622650834203991746
37,"build/tests/sizes/cube-2546-bin.cgns","scan",1622650834208283157,1622650834271526540
37,"build/tests/sizes/cube-2546-bin.cgns","chck",1622650834203992858,1622650834271532966
37,"build/tests/sizes/cube-132-bin.msh4","scan",1622650834282153831,1622650834307749719
37,"build/tests/sizes/cube-132-bin.msh4","chck",1622650834271537129,1622650834307756173
37,"build/tests/sizes/cube-2796-bin.msh2","scan",1622650834308312511,1622650834382996872
37,"build/tests/sizes/cube-2796-bin.msh2","chck",1622650834307757338,1622650834383004211
37,"build/tests/sizes/cube-3673-geo.geo_unrolled","scan",1622650834383820101,1622650834385129728
37,"build/tests/sizes/cube-3673-geo.geo_unrolled","chck",1622650834383005342,1622650834385134862
37,"build/tests/sizes/cube-3909-bin.vtk","scan",1622650834385656245,1622650834394106113
37,"build/tests/sizes/cube-3909-bin.vtk","chck",1622650834385135952,1622650834394113055
37,"build/tests/sizes/cube-3542-asc.bdf","scan",1622650834394706376,1622650847484628726
37,"build/tests/sizes/cube-3542-asc.bdf","chck",1622650834394114219,1622650847484634361
37,"build/tests/sizes/cube-1667-bin.vtk","scan",1622650847741613299,1622650847997384545
37,"build/tests/sizes/cube-1667-bin.vtk","chck",1622650847484635368,1622650847997390303
37,"build/tests/sizes/cube-1672-asc.mesh","scan",1622650847998894789,1622650849526746628
37,"build/tests/sizes/cube-1672-asc.mesh","chck",1622650847997391438,1622650849526753772
37,"build/tests/sizes/cube-2592-bin.vtk","scan",1622650849527633097,1622650849567126388
37,"build/tests/sizes/cube-2592-bin.vtk","chck",1622650849526754810,1622650849567132787
37,"build/tests/sizes/cube-1359-asc.mesh","scan",1622650849568907723,1622650849575951901
37,"build/tests/sizes/cube-1359-asc.mesh","chck",1622650849567133910,1622650849575957229
37,"build/tests/sizes/cube-1159-asc.msh2","scan",1622650849589798084,1622650851874457171
37,"build/tests/sizes/cube-1159-asc.msh2","chck",1622650849575958320,1622650851874470184
37,"build/tests/sizes/cube-2322-asc.mesh","scan",1622650851875229306,1622650852876659677
37,"build/tests/sizes/cube-2322-asc.mesh","chck",1622650851874471385,1622650852876672395
37,"build/tests/sizes/cube-2078-geo.geo","scan",1622650852877333214,1622650852878664210
37,"build/tests/sizes/cube-2078-geo.geo","chck",1622650852876673454,1622650852878669124
37,"build/tests/sizes/cube-1877-bin.msh2","scan",1622650852897730613,1622650852905558093
37,"build/tests/sizes/cube-1877-bin.msh2","chck",1622650852878670058,1622650852905562897
37,"build/tests/sizes/cube-2046-geo.geo_unrolled","scan",1622650852906106190,1622650852907285770
37,"build/tests/sizes/cube-2046-geo.geo_unrolled","chck",1622650852905563829,1622650852907289378
37,"build/tests/sizes/cube-3434-bin.vtk","scan",1622650852907801520,1622650853061117832
37,"build/tests/sizes/cube-3434-bin.vtk","chck",1622650852907290225,1622650853061123253
37,"build/tests/sizes/cube-3508-asc.bdf","scan",1622650853061778309,1622650853627681135
37,"build/tests/sizes/cube-3508-asc.bdf","chck",1622650853061124235,1622650853627688323
37,"build/tests/sizes/cube-1284-asc.mesh","scan",1622650853637066720,1622650854649525209
37,"build/tests/sizes/cube-1284-asc.mesh","chck",1622650853627689354,1622650854649532699
37,"build/tests/sizes/cube-3628-asc.mesh","scan",1622650854650284234,1622650856837031381
37,"build/tests/sizes/cube-3628-asc.mesh","chck",1622650854649533761,1622650856837038032
37,"build/tests/sizes/cube-1394-geo.geo_unrolled","scan",1622650856849454914,1622650856850788744
37,"build/tests/sizes/cube-1394-geo.geo_unrolled","chck",1622650856837039165,1622650856850794566
37,"build/tests/sizes/cube-3623-bin.msh2","scan",1622650856851366497,1622650862803473247
37,"build/tests/sizes/cube-3623-bin.msh2","chck",1622650856850795538,1622650862803480170
37,"build/tests/sizes/cube-1759-bin.msh2","scan",1622650862821994852,1622650863652572043
37,"build/tests/sizes/cube-1759-bin.msh2","chck",1622650862803481287,1622650863652578949
37,"build/tests/sizes/cube-1876-geo.geo","scan",1622650863654499338,1622650863656031157
37,"build/tests/sizes/cube-1876-geo.geo","chck",1622650863652580138,1622650863656036690
37,"build/tests/sizes/cube-966-bin.vtk","scan",1622650863664806987,1622650863697546270
37,"build/tests/sizes/cube-966-bin.vtk","chck",1622650863656037704,1622650863697552559
37,"build/tests/sizes/cube-390-asc.mesh","scan",1622650863699284486,1622650866716521411
37,"build/tests/sizes/cube-390-asc.mesh","chck",1622650863697701644,1622650866716528841
37,"build/tests/sizes/cube-2120-bin.vtk","scan",1622650866717344743,1622650868971641227
37,"build/tests/sizes/cube-2120-bin.vtk","chck",1622650866716529899,1622650868971648534
37,"build/tests/sizes/cube-2068-stl-bin.geo","scan",1622650868972490338,1622650869036548727
37,"build/tests/sizes/cube-2068-stl-bin.geo","chck",1622650868971649565,1622650869036555641
37,"build/tests/sizes/cube-2962-bin.cgns","scan",1622650869041742234,1622650869099988558
37,"build/tests/sizes/cube-2962-bin.cgns","chck",1622650869036557183,1622650869099995691
37,"build/tests/sizes/cube-2784-asc.bdf","scan",1622650869100701672,1622650871582266990
37,"build/tests/sizes/cube-2784-asc.bdf","chck",1622650869099996830,1622650871582274711
37,"build/tests/sizes/cube-3899-stl-bin.geo","scan",1622650871583215149,1622650872488319985
37,"build/tests/sizes/cube-3899-stl-bin.geo","chck",1622650871582275868,1622650872488326941
37,"build/tests/sizes/cube-747-bin.msh2","scan",1622650872511611643,1622650872549334510
37,"build/tests/sizes/cube-747-bin.msh2","chck",1622650872488328105,1622650872549340632
37,"build/tests/sizes/cube-427-bin.msh2","scan",1622650872570799778,1622650873687626257
37,"build/tests/sizes/cube-427-bin.msh2","chck",1622650872549341742,1622650873687633157
37,"cube-747-bin","prep",1622650873688791646,1622650873690276717
37,"cube-747-bin","zzzz",1622650873690282412,1622650873742642567,2387,4116,12348
37,"cube-747-bin","post",1622650873742645257,1622650873743333838
37,"cube-3897-asc","prep",1622650873743668851,1622650873744582835
37,"cube-3897-asc","zzzz",1622650873744584571,1622650873762058558,1039,1826,5478
37,"cube-3897-asc","post",1622650873762064517,1622650873762300406
37,"cube-3909-bin","prep",1622650873762422104,1622650873764803231
37,"cube-3909-bin","zzzz",1622650873764804928,1622650873928489097,5724,9156,27468
37,"cube-3909-bin","post",1622650873928498675,1622650873929107095
37,"cube-966-bin","prep",1622650873929141617,1622650873931968010
37,"cube-966-bin","zzzz",1622650873931970853,1622650874064701876,4894,7899,23697
37,"cube-966-bin","post",1622650874064710677,1622650874066424035
37,"cube-2859-geo","mesh",1622650874066470985,1622650875119333811
37,"cube-2859-geo","prep",1622650875120189804,1622650875210468997
37,"cube-2859-geo","zzzz",1622650875210474899,1622650881785547469,81444,117532,352596
37,"cube-2859-geo","post",1622650881785557598,1622650881802914832
37,"cube-3899-stl-bin","mesh",1622650881802968733,1622650903868485008
37,"cube-3899-stl-bin","prep",1622650904831365356,1622650906524102828
37,"cube-3899-stl-bin","zzzz",1622650906524111130,1622651628526696267,2192863,3168714,9506142
37,"cube-3899-stl-bin","post",1622651628526710426,1622651628980327284
37,"cube-789-stl-bin","mesh",1622651629001326811,1622651629025337218
37,"cube-789-stl-bin","prep",1622651629026244029,1622651629026477710
37,"cube-789-stl-bin","zzzz",1622651629026479847,1622651629033708904,270,935,2805
37,"cube-789-stl-bin","post",1622651629033718820,1622651629033951374
37,"cube-2847-geo","mesh",1622651629033965166,1622651629568103606
37,"cube-2847-geo","prep",1622651629568955009,1622651629609626535
37,"cube-2847-geo","zzzz",1622651629609631305,1622651632303678264,43316,63715,191145
37,"cube-2847-geo","post",1622651632303692010,1622651632320118676
37,"cube-1082-bin","prep",1622651632320818555,1622651632326922625
37,"cube-1082-bin","zzzz",1622651632326924486,1622651632334716459,493,990,2970
37,"cube-1082-bin","post",1622651632334726308,1622651632334940373
37,"cube-3673-geo","mesh",1622651632334977792,1622651632361860599
37,"cube-3673-geo","prep",1622651632362704552,1622651632363470293
37,"cube-3673-geo","zzzz",1622651632363472088,1622651632383693757,1114,2039,6117
37,"cube-3673-geo","post",1622651632383703439,1622651632384125773
37,"cube-1049-stl-bin","mesh",1622651632384253244,1622651632392026114
37,"cube-1049-stl-bin","prep",1622651632392824663,1622651632393294552
37,"cube-1049-stl-bin","zzzz",1622651632393296579,1622651632413967621,701,2073,6219
37,"cube-1049-stl-bin","post",1622651632413977498,1622651632414328930
37,"cube-3642-asc","prep",1622651632414377757,1622651632415329305
37,"cube-3642-asc","zzzz",1622651632415330744,1622651632426345608,669,1288,3864
37,"cube-3642-asc","post",1622651632426367788,1622651632427027086
37,"cube-3811-bin","prep",1622651632427039247,1622651632427237656
37,"cube-3811-bin","zzzz",1622651632427238656,1622651632429011899,142,321,963
37,"cube-3811-bin","post",1622651632429015327,1622651632429152830
37,"cube-1262-asc","prep",1622651632429173650,1622651632945893165
37,"cube-1262-asc","zzzz",1622651632945897777,1622651961188189357,988250,1754385,5263155
37,"cube-1262-asc","post",1622651961188198605,1622651961300904021
37,"cube-1681-stl-bin","mesh",1622651961301273995,1622651961326708637
37,"cube-1681-stl-bin","prep",1622651961327534256,1622651961328368830
37,"cube-1681-stl-bin","zzzz",1622651961328372330,1622651961363652325,1132,3101,9303
37,"cube-1681-stl-bin","post",1622651961363661974,1622651961364256920
37,"cube-2784-asc","prep",1622651961364386468,1622651961518738504
37,"cube-2784-asc","zzzz",1622651961518744579,1622652016153760907,350886,491435,1474305
37,"cube-2784-asc","post",1622652016153769977,1622652016182248492
37,"cube-3731-geo","mesh",1622652016182287755,1622652018118668432
37,"cube-3731-geo","prep",1622652018119490899,1622652018316261155
37,"cube-3731-geo","zzzz",1622652018316266338,1622652036745116778,167247,236685,710055
37,"cube-3731-geo","post",1622652036745130765,1622652036828003245
37,"cube-3641-asc","prep",1622652036828068134,1622652036868466302
37,"cube-3641-asc","zzzz",1622652036868471314,1622652039893719466,46963,69071,207213
37,"cube-3641-asc","post",1622652039893732833,1622652039899832984
37,"cube-3974-bin","prep",1622652039899866982,1622652039913791608
37,"cube-3974-bin","zzzz",1622652039913793869,1622652039926219600,758,1411,4233
37,"cube-3974-bin","post",1622652039926229840,1622652039926682691
37,"cube-793-geo","mesh",1622652039926748359,1622652039941591242
37,"cube-793-geo","prep",1622652039942449057,1622652039942858238
37,"cube-793-geo","zzzz",1622652039942859995,1622652039950494591,482,975,2925
37,"cube-793-geo","post",1622652039950504414,1622652039950787002
37,"cube-2809-bin","prep",1622652039950802382,1622652039957752296
37,"cube-2809-bin","zzzz",1622652039957754188,1622652040439404241,12494,19397,58191
37,"cube-2809-bin","post",1622652040439413944,1622652040441457469
37,"cube-2034-bin.cgns","prep",1622652040441474671,1622652040467470547
37,"cube-2034-bin.cgns","zzzz",1622652040467478363,1622652081730670957,290340,407282,1221846
37,"cube-2034-bin.cgns","post",1622652081730684189,1622652081731105317
37,"cube-3322-stl-bin","mesh",1622652081731252921,1622652083528483441
37,"cube-3322-stl-bin","prep",1622652083529294760,1622652083741746482
37,"cube-3322-stl-bin","zzzz",1622652083741753458,1622652109226632695,185571,294537,883611
37,"cube-3322-stl-bin","post",1622652109226646934,1622652109328423065
37,"cube-3815-asc","prep",1622652109328458979,1622652109346474491
37,"cube-3815-asc","zzzz",1622652109346477012,1622652109349842990,248,519,1557
37,"cube-3815-asc","post",1622652109349852978,1622652109350071645
37,"cube-267-bin.cgns","prep",1622652109350104798,1622652109368357074
37,"cube-267-bin.cgns","zzzz",1622652109368364981,1622652109371775546,254,525,1575
37,"cube-267-bin.cgns","post",1622652109371785454,1622652109371839518
37,"cube-2409-bin","prep",1622652109371929956,1622652109595550376
37,"cube-2409-bin","zzzz",1622652109595555672,1622652190441681730,458405,638115,1914345
37,"cube-2409-bin","post",1622652190441695643,1622652190481114728
37,"cube-132-bin","prep",1622652190481151597,1622652190482810440
37,"cube-132-bin","zzzz",1622652190482812213,1622652190567660719,3495,5774,17322
37,"cube-132-bin","post",1622652190567671310,1622652190568352885
37,"cube-2318-stl-bin","mesh",1622652190568460965,1622652192057984935
37,"cube-2318-stl-bin","prep",1622652192058838211,1622652192227162284
37,"cube-2318-stl-bin","zzzz",1622652192227169464,1622652211311756655,151063,242346,727038
37,"cube-2318-stl-bin","post",1622652211312163865,1622652211402731236
37,"cube-2322-asc","prep",1622652211402766745,1622652211578363481
37,"cube-2322-asc","zzzz",1622652211578369104,1622652266627637835,353052,493921,1481763
37,"cube-2322-asc","post",1622652266627651217,1622652266655856034
37,"cube-2225-bin","prep",1622652266655891444,1622652266675791483
37,"cube-2225-bin","zzzz",1622652266675794727,1622652266679108481,244,513,1539
37,"cube-2225-bin","post",1622652266679118532,1622652266679416966
37,"cube-1539-geo","mesh",1622652266679458413,1622652266719151821
37,"cube-1539-geo","prep",1622652266719984451,1622652266721128522
37,"cube-1539-geo","zzzz",1622652266721130351,1622652266754890513,1657,3000,9000
37,"cube-1539-geo","post",1622652266754900224,1622652266755677915
37,"cube-787-bin","prep",1622652266755893160,1622652267881566991
37,"cube-787-bin","zzzz",1622652267881574403,1622652943508180512,2210965,3014792,9044376
37,"cube-787-bin","post",1622652943508195958,1622652943689380723
37,"cube-1990-bin.cgns","prep",1622652943690280453,1622652943690792279
37,"cube-1990-bin.cgns","zzzz",1622652943690795654,1622652943692425950,134,301,903
37,"cube-1990-bin.cgns","post",1622652943692430671,1622652943692491321
37,"cube-437-bin","prep",1622652943692598175,1622652943694882793
37,"cube-437-bin","zzzz",1622652943694884835,1622652943791209758,3841,6311,18933
37,"cube-437-bin","post",1622652943791220287,1622652943791960058
37,"cube-427-bin","prep",1622652943792055620,1622652943925935756
37,"cube-427-bin","zzzz",1622652943925941296,1622652978500085440,257418,361691,1085073
37,"cube-427-bin","post",1622652978500100740,1622652978544920120
37,"cube-1359-asc","prep",1622652978544954432,1622652978545700775
37,"cube-1359-asc","zzzz",1622652978545703176,1622652978578069408,1615,2906,8718
37,"cube-1359-asc","post",1622652978578079582,1622652978578302728
37,"cube-145-asc","prep",1622652978578370080,1622652978588413570
37,"cube-145-asc","zzzz",1622652978588415597,1622652979509272293,20208,30397,91191
37,"cube-145-asc","post",1622652979509282093,1622652979513591751
37,"cube-2346-asc","prep",1622652979513611681,1622652979514218542
37,"cube-2346-asc","zzzz",1622652979514219969,1622652979515944558,135,314,942
37,"cube-2346-asc","post",1622652979515948050,1622652979516346333
37,"cube-1192-bin","prep",1622652979516377094,1622652980125672923
37,"cube-1192-bin","zzzz",1622652980125678208,1622653271095996050,1167877,1602738,4808214
37,"cube-1192-bin","post",1622653271096009072,1622653271214857135
37,"cube-3952-stl-bin","mesh",1622653271214906911,1622653277926309052
37,"cube-3952-stl-bin","prep",1622653278254967937,1622653278742663619
37,"cube-3952-stl-bin","zzzz",1622653278742669913,1622653443966869116,701452,1048410,3145230
37,"cube-3952-stl-bin","post",1622653443966884663,1622653444171303240
37,"cube-2546-bin.cgns","prep",1622653444171341026,1622653444241659610
37,"cube-2546-bin.cgns","zzzz",1622653444241667001,1622653549390153615,547490,759737,2279211
37,"cube-2546-bin.cgns","post",1622653549390167441,1622653549390232723
37,"cube-3317-bin","prep",1622653549390403430,1622653549390589776
37,"cube-3317-bin","zzzz",1622653549390591558,1622653549392513295,149,334,1002
37,"cube-3317-bin","post",1622653549392524086,1622653549392720496
37,"cube-1478-asc","prep",1622653549392755930,1622653549393147651
37,"cube-1478-asc","zzzz",1622653549393151100,1622653549395375704,166,375,1125
37,"cube-1478-asc","post",1622653549395385517,1622653549395528297
37,"cube-3359-bin","prep",1622653549395540688,1622653549963011104
37,"cube-3359-bin","zzzz",1622653549963017677,1622653810553375303,1074323,1475518,4426554
37,"cube-3359-bin","post",1622653810553383819,1622653810738609946
37,"cube-2511-bin","prep",1622653810738642632,1622653810744126803
37,"cube-2511-bin","zzzz",1622653810744129860,1622653810747382051,239,506,1518
37,"cube-2511-bin","post",1622653810747385858,1622653810747491953
37,"cube-1745-asc","prep",1622653810747508038,1622653810753055840
37,"cube-1745-asc","zzzz",1622653810753057592,1622653810778366646,1321,2416,7248
37,"cube-1745-asc","post",1622653810778381596,1622653810778527051
37,"cube-745-asc","prep",1622653810778598840,1622653810786280413
37,"cube-745-asc","zzzz",1622653810786282268,1622653810933680149,5293,8500,25500
37,"cube-745-asc","post",1622653810933688352,1622653810934339704
37,"cube-2266-bin","prep",1622653810934400120,1622653810965865116
37,"cube-2266-bin","zzzz",1622653810965870337,1622653814372328296,50937,74934,224802
37,"cube-2266-bin","post",1622653814372335978,1622653814378922098
37,"cube-1480-bin","prep",1622653814378955687,1622653814564688747
37,"cube-1480-bin","zzzz",1622653814564694306,1622653867393140298,343106,480493,1441479
37,"cube-1480-bin","post",1622653867393153469,1622653867421350151
37,"cube-390-asc","prep",1622653867421390372,1622653867947699276
37,"cube-390-asc","zzzz",1622653867947704737,1622654100868565122,987193,1356385,4069155
37,"cube-390-asc","post",1622654100868577875,1622654101024523142
37,"cube-325-geo","mesh",1622654101024565520,1622654101070374367
37,"cube-325-geo","prep",1622654101071248940,1622654101071706497
37,"cube-325-geo","zzzz",1622654101071708659,1622654101076495509,325,682,2046
37,"cube-325-geo","post",1622654101076505503,1622654101076744114
37,"cube-1759-bin","prep",1622654101076759067,1622654101167455452
37,"cube-1759-bin","zzzz",1622654101167461312,1622654114715545847,135319,192186,576558
37,"cube-1759-bin","post",1622654114715560910,1622654114750717990
37,"cube-345-bin","prep",1622654114750756643,1622654115028945428
37,"cube-345-bin","zzzz",1622654115028951903,1622654198488040306,469068,651750,1955250
37,"cube-345-bin","post",1622654198488054865,1622654198566646273
37,"cube-419-asc","prep",1622654198566681641,1622654198572922751
37,"cube-419-asc","zzzz",1622654198572926400,1622654198578571341,369,774,2322
37,"cube-419-asc","post",1622654198578581291,1622654198578792868
37,"cube-856-asc","prep",1622654198578832521,1622654198585408586
37,"cube-856-asc","zzzz",1622654198585410418,1622654198590622902,349,730,2190
37,"cube-856-asc","post",1622654198590627638,1622654198590789160
37,"cube-1812-bin.cgns","prep",1622654198590806226,1622654198626419298
37,"cube-1812-bin.cgns","zzzz",1622654198626424832,1622654211738761039,132290,187947,563841
37,"cube-1812-bin.cgns","post",1622654211738774471,1622654211738831245
37,"cube-2078-geo","mesh",1622654211738960386,1622654214531185196
37,"cube-2078-geo","prep",1622654214532066394,1622654214799199083
37,"cube-2078-geo","zzzz",1622654214799204146,1622654243866631245,228661,321854,965562
37,"cube-2078-geo","post",1622654243866645473,1622654243970753670
37,"cube-3297-stl-bin","mesh",1622654243970794167,1622654245372269126
37,"cube-3297-stl-bin","prep",1622654245373155516,1622654245520283221
37,"cube-3297-stl-bin","zzzz",1622654245520290297,1622654261941311260,136124,218942,656826
37,"cube-3297-stl-bin","post",1622654261941329830,1622654262011140683
37,"cube-2193-bin","prep",1622654262011173194,1622654262024153526
37,"cube-2193-bin","zzzz",1622654262024155719,1622654262229096325,6708,10700,32100
37,"cube-2193-bin","post",1622654262229106217,1622654262230322592
37,"cube-1667-bin","prep",1622654262230399175,1622654262239771735
37,"cube-1667-bin","zzzz",1622654262239773474,1622654262299862883,2669,4532,13596
37,"cube-1667-bin","post",1622654262299872753,1622654262300739786
37,"cube-383-asc","prep",1622654262301159012,1622654262872414842
37,"cube-383-asc","zzzz",1622654262872420246,1622654696140676488,1023640,2160466,6481398
37,"cube-383-asc","post",1622654696140701357,1622654696287931421
37,"cube-2185-asc","prep",1622654696288011726,1622654696305076086
37,"cube-2185-asc","zzzz",1622654696305079587,1622654696785480170,12490,19362,58086
37,"cube-2185-asc","post",1622654696785489861,1622654696788088420
37,"cube-2962-bin.cgns","prep",1622654696788119356,1622654697049542966
37,"cube-2962-bin.cgns","zzzz",1622654697049545951,1622654697052691653,228,493,1479
37,"cube-2962-bin.cgns","post",1622654697052701440,1622654697052798137
37,"cube-1672-asc","prep",1622654697052913675,1622654697332280443
37,"cube-1672-asc","zzzz",1622654697332286329,1622654781452788698,471667,655191,1965573
37,"cube-1672-asc","post",1622654781453131193,1622654781541996202
37,"cube-2372-asc","prep",1622654781542038498,1622654781553658892
37,"cube-2372-asc","zzzz",1622654781553661864,1622654781868055918,9133,14427,43281
37,"cube-2372-asc","post",1622654781868066023,1622654781868989543
37,"cube-1577-asc","prep",1622654781869026078,1622654781875552464
37,"cube-1577-asc","zzzz",1622654781875554354,1622654781879332024,277,574,1722
37,"cube-1577-asc","post",1622654781879341888,1622654781879514605
37,"cube-2148-bin","prep",1622654781879552589,1622654781881202795
37,"cube-2148-bin","zzzz",1622654781881204397,1622654781898070319,1006,1778,5334
37,"cube-2148-bin","post",1622654781898086553,1622654781898192862
37,"cube-3623-bin","prep",1622654781898250696,1622654782729891982
37,"cube-3623-bin","zzzz",1622654782729899112,1622655201116397230,1537644,2104538,6313614
37,"cube-3623-bin","post",1622655201116421488,1622655201277632726
37,"cube-3426-bin","prep",1622655201277712074,1622655201581928129
37,"cube-3426-bin","zzzz",1622655201581933579,1622655317844660665,586763,812003,2436009
37,"cube-3426-bin","post",1622655317844669788,1622655317897609612
37,"cube-3557-asc","prep",1622655317897648424,1622655318527776474
37,"cube-3557-asc","zzzz",1622655318527781189,1622655777716869277,1034189,2256696,6770088
37,"cube-3557-asc","post",1622655777716884056,1622655777916341032
37,"cube-545-bin","prep",1622655777916378754,1622655777970701339
37,"cube-545-bin","zzzz",1622655777970706212,1622655783395302992,71131,103019,309057
37,"cube-545-bin","post",1622655783395314845,1622655783413024664
37,"cube-923-asc","prep",1622655783413059231,1622655783744684504
37,"cube-923-asc","zzzz",1622655783744690564,1622655911211229604,623877,863007,2589021
37,"cube-923-asc","post",1622655911211238689,1622655911265542613
37,"cube-1769-asc","prep",1622655911265589478,1622655911530622240
37,"cube-1769-asc","zzzz",1622655911530628770,1622655985058484779,430149,599045,1797135
37,"cube-1769-asc","post",1622655985058493144,1622655985152786313
37,"cube-2968-asc","prep",1622655985152820305,1622655985161603335
37,"cube-2968-asc","zzzz",1622655985161606783,1622655985163283622,134,301,903
37,"cube-2968-asc","post",1622655985163299718,1622655985163386787
37,"cube-2068-stl-bin","mesh",1622655985163420525,1622655985516165450
37,"cube-2068-stl-bin","prep",1622655985517046261,1622655985550187329
37,"cube-2068-stl-bin","zzzz",1622655985550192840,1622655988077529188,34379,60982,182946
37,"cube-2068-stl-bin","post",1622655988077546546,1622655988090540107
37,"cube-1682-bin","prep",1622655988090579776,1622655988183091768
37,"cube-1682-bin","zzzz",1622655988183097034,1622656006749638567,168110,237881,713643
37,"cube-1682-bin","post",1622656006749652748,1622656006765033479
37,"cube-372-asc","prep",1622656006765079160,1622656006777707755
37,"cube-372-asc","zzzz",1622656006777712398,1622656008029017768,25139,37612,112836
37,"cube-372-asc","post",1622656008029028419,1622656008031040379
37,"cube-2207-asc","prep",1622656008031073048,1622656008032694326
37,"cube-2207-asc","zzzz",1622656008032696106,1622656008086838678,2457,4212,12636
37,"cube-2207-asc","post",1622656008086848538,1622656008087806252
37,"cube-3542-asc","prep",1622656008087824316,1622656008645989213
37,"cube-3542-asc","zzzz",1622656008645993617,1622656456004691314,1028562,2212940,6638820
37,"cube-3542-asc","post",1622656456004706865,1622656456146616042
37,"cube-973-bin.cgns","prep",1622656456146664080,1622656456195326989
37,"cube-973-bin.cgns","zzzz",1622656456195333313,1622656456220408809,1321,2398,7194
37,"cube-973-bin.cgns","post",1622656456220418487,1622656456220517803
37,"cube-3027-bin","prep",1622656456220625315,1622656456223505013
37,"cube-3027-bin","zzzz",1622656456223506747,1622656456391332926,5838,9307,27921
37,"cube-3027-bin","post",1622656456391342971,1622656456391908114
37,"cube-3799-bin","prep",1622656456391954715,1622656456395831673
37,"cube-3799-bin","zzzz",1622656456395833575,1622656456655847508,8030,12632,37896
37,"cube-3799-bin","post",1622656456655857425,1622656456656842605
37,"cube-3295-bin","prep",1622656456656857649,1622656456975307886
37,"cube-3295-bin","zzzz",1622656456975313833,1622656581482974806,614566,849599,2548797
37,"cube-3295-bin","post",1622656581482989504,1622656581536547199
37,"cube-1953-bin","prep",1622656581536596879,1622656582658268498
37,"cube-1953-bin","zzzz",1622656582658275073,1622657206907976916,2085588,2841168,8523504
37,"cube-1953-bin","post",1622657206907985706,1622657207112365120
37,"cube-3994-bin","prep",1622657207112399616,1622657208108190244
37,"cube-3994-bin","zzzz",1622657208108196834,1622657735597194869,1832832,2504025,7512075
37,"cube-3994-bin","post",1622657735597217969,1622657735758147508
37,"cube-1131-bin","prep",1622657735758196039,1622657735761102091
37,"cube-1131-bin","zzzz",1622657735761106025,1622657735892256599,4840,7833,23499
37,"cube-1131-bin","post",1622657735892266663,1622657735893108540
37,"cube-1066-bin","prep",1622657735893169000,1622657735894484640
37,"cube-1066-bin","zzzz",1622657735894486600,1622657735920170689,1341,2442,7326
37,"cube-1066-bin","post",1622657735920180579,1622657735920829128
37,"cube-1876-geo","mesh",1622657735920846964,1622657750059740141
37,"cube-1876-geo","prep",1622657750199211778,1622657751040029317
37,"cube-1876-geo","zzzz",1622657751040035560,1622658025162281799,1115926,1532596,4597788
37,"cube-1876-geo","post",1622658025162296828,1622658025490513507
37,"cube-2796-bin","prep",1622658025490548489,1622658025511385309
37,"cube-2796-bin","zzzz",1622658025511389421,1622658026217410233,16588,25299,75897
37,"cube-2796-bin","post",1622658026217425012,1622658026219332926
37,"cube-2592-bin","prep",1622658026219378525,1622658026243779243
37,"cube-2592-bin","zzzz",1622658026243781992,1622658027872583810,30399,45075,135225
37,"cube-2592-bin","post",1622658027872594166,1622658027875516166
37,"cube-3434-bin","prep",1622658027875553090,1622658027938829211
37,"cube-3434-bin","zzzz",1622658027938835457,1622658037634989375,106802,153087,459261
37,"cube-3434-bin","post",1622658037635004627,1622658037644962788
37,"cube-1440-stl-bin","mesh",1622658037645013781,1622658061267581527
37,"cube-1440-stl-bin","prep",1622658061268426280,1622658063588115334
37,"cube-1440-stl-bin","zzzz",1622658063588122544,1622658755313032148,2122177,3068508,9205524
37,"cube-1440-stl-bin","post",1622658755313039702,1622658755931447761
37,"cube-1159-asc","prep",1622658755931491049,1622658756119732037
37,"cube-1159-asc","zzzz",1622658756119738027,1622658800185140632,303507,425607,1276821
37,"cube-1159-asc","post",1622658800185147916,1622658800213161130
37,"cube-1284-asc","prep",1622658800213191859,1622658800376343105
37,"cube-1284-asc","zzzz",1622658800376349084,1622658841506419154,289285,406341,1219023
37,"cube-1284-asc","post",1622658841506428359,1622658841533036712
37,"cube-2046-geo","mesh",1622658841533090949,1622658842070976838
37,"cube-2046-geo","prep",1622658842071886385,1622658842100812749
37,"cube-2046-geo","zzzz",1622658842100817488,1622658844178843257,36109,53297,159891
37,"cube-2046-geo","post",1622658844178853005,1622658844195433107
37,"cube-2120-bin","prep",1622658844196509177,1622658845188865208
37,"cube-2120-bin","zzzz",1622658845188872494,1622659320267960929,1693557,2315012,6945036
37,"cube-2120-bin","post",1622659320267985747,1622659320422837278
37,"cube-3508-asc","prep",1622659320422909714,1622659320467145923
37,"cube-3508-asc","zzzz",1622659320467152244,1622659325857104409,70798,102628,307884
37,"cube-3508-asc","post",1622659325857118940,1622659325864417634
37,"cube-1877-bin","prep",1622659325864469376,1622659325864936854
37,"cube-1877-bin","zzzz",1622659325864938554,1622659325868203037,240,507,1521
37,"cube-1877-bin","post",1622659325868212892,1622659325868391827
37,"cube-3628-asc","prep",1622659325868421682,1622659326303064274
37,"cube-3628-asc","zzzz",1622659326303071161,1622659494911764899,772248,1064469,3193407
37,"cube-3628-asc","post",1622659494911780424,1622659494981766438
37,"cube-1394-geo","mesh",1622659494981812765,1622659496323713645
37,"cube-1394-geo","prep",1622659496328341117,1622659496391261500
37,"cube-1394-geo","zzzz",1622659496391267354,1622659504998499117,98272,141140,423420
37,"cube-1394-geo","post",1622659504999277292,1622659505036185877
37,"Proc","exit_task",1622650751065574145,1622659505063558485,7704544
