22,"build/tests/sizes/cube-1271-geo.geo_unrolled","scan",1622650765296942996,1622650765316942576
22,"build/tests/sizes/cube-1271-geo.geo_unrolled","chck",1622650765274084286,1622650765317050699
22,"build/tests/sizes/cube-3786-asc.mesh","scan",1622650765325748277,1622650765354446204
22,"build/tests/sizes/cube-3786-asc.mesh","chck",1622650765317052177,1622650765354452792
22,"build/tests/sizes/cube-1649-bin.msh4","scan",1622650765378720671,1622650765457759188
22,"build/tests/sizes/cube-1649-bin.msh4","chck",1622650765354453960,1622650765457764538
22,"build/tests/sizes/cube-1955-asc.mesh","scan",1622650765464509991,1622650765467039170
22,"build/tests/sizes/cube-1955-asc.mesh","chck",1622650765457765703,1622650765467043324
22,"build/tests/sizes/cube-1779-asc.bdf","scan",1622650765474958311,1622650765500486081
22,"build/tests/sizes/cube-1779-asc.bdf","chck",1622650765467044291,1622650765500492146
22,"build/tests/sizes/cube-2122-asc.mesh","scan",1622650765501049867,1622650765623120570
22,"build/tests/sizes/cube-2122-asc.mesh","chck",1622650765500493730,1622650765623126847
22,"build/tests/sizes/cube-1939-bin.msh4","scan",1622650765633553185,1622650765634791075
22,"build/tests/sizes/cube-1939-bin.msh4","chck",1622650765623128299,1622650765634799836
22,"build/tests/sizes/cube-1314-asc.bdf","scan",1622650765656127235,1622650766206452494
22,"build/tests/sizes/cube-1314-asc.bdf","chck",1622650765634800884,1622650766206457927
22,"build/tests/sizes/cube-1770-stl-bin.geo","scan",1622650766225295082,1622650766285699205
22,"build/tests/sizes/cube-1770-stl-bin.geo","chck",1622650766206459035,1622650766285705233
22,"build/tests/sizes/cube-2681-asc.msh2","scan",1622650766294384540,1622650766563611414
22,"build/tests/sizes/cube-2681-asc.msh2","chck",1622650766285706603,1622650766563633428
22,"build/tests/sizes/cube-963-asc.bdf","scan",1622650766597536247,1622650766644883090
22,"build/tests/sizes/cube-963-asc.bdf","chck",1622650766563635060,1622650766644889636
22,"build/tests/sizes/cube-2579-bin.msh4","scan",1622650766649095850,1622650766659166195
22,"build/tests/sizes/cube-2579-bin.msh4","chck",1622650766644890864,1622650766659171742
22,"build/tests/sizes/cube-3261-bin.msh4","scan",1622650766664512104,1622650766699980094
22,"build/tests/sizes/cube-3261-bin.msh4","chck",1622650766659172776,1622650766699986011
22,"build/tests/sizes/cube-3592-asc.bdf","scan",1622650766706527437,1622650770843974002
22,"build/tests/sizes/cube-3592-asc.bdf","chck",1622650766699987257,1622650770843997125
22,"build/tests/sizes/cube-435-asc.mesh","scan",1622650770845956175,1622650770906243827
22,"build/tests/sizes/cube-435-asc.mesh","chck",1622650770843998267,1622650770906251187
22,"build/tests/sizes/cube-557-bin.msh2","scan",1622650770921238541,1622650773594766383
22,"build/tests/sizes/cube-557-bin.msh2","chck",1622650770906252350,1622650773594790141
22,"build/tests/sizes/cube-3475-asc.mesh","scan",1622650773595473727,1622650773598167301
22,"build/tests/sizes/cube-3475-asc.mesh","chck",1622650773594791498,1622650773598172150
22,"build/tests/sizes/cube-2422-bin.cgns","scan",1622650773603489664,1622650773665050298
22,"build/tests/sizes/cube-2422-bin.cgns","chck",1622650773598173305,1622650773665058192
22,"build/tests/sizes/cube-3693-asc.msh2","scan",1622650773666000345,1622650773672009435
22,"build/tests/sizes/cube-3693-asc.msh2","chck",1622650773665059426,1622650773672016427
22,"build/tests/sizes/cube-1527-bin.msh2","scan",1622650773673268867,1622650773676673248
22,"build/tests/sizes/cube-1527-bin.msh2","chck",1622650773672017495,1622650773676679794
22,"build/tests/sizes/cube-3769-bin.msh2","scan",1622650773677286102,1622650773684933991
22,"build/tests/sizes/cube-3769-bin.msh2","chck",1622650773676680852,1622650773684940660
22,"build/tests/sizes/cube-155-bin.msh2","scan",1622650773686374771,1622650773705827923
22,"build/tests/sizes/cube-155-bin.msh2","chck",1622650773684941812,1622650773705835046
22,"build/tests/sizes/cube-3653-geo.geo","scan",1622650773706440175,1622650773707978172
22,"build/tests/sizes/cube-3653-geo.geo","chck",1622650773705836650,1622650773707983065
22,"build/tests/sizes/cube-3392-bin.vtk","scan",1622650773708566440,1622650773840496411
22,"build/tests/sizes/cube-3392-bin.vtk","chck",1622650773707987027,1622650773840503114
22,"build/tests/sizes/cube-3817-asc.msh2","scan",1622650773841224194,1622650773855686323
22,"build/tests/sizes/cube-3817-asc.msh2","chck",1622650773840504491,1622650773855693486
22,"build/tests/sizes/cube-2141-geo.geo_unrolled","scan",1622650773856268092,1622650773857472259
22,"build/tests/sizes/cube-2141-geo.geo_unrolled","chck",1622650773855694774,1622650773857477409
22,"build/tests/sizes/cube-2021-asc.bdf","scan",1622650773858419906,1622650773861244545
22,"build/tests/sizes/cube-2021-asc.bdf","chck",1622650773857478522,1622650773861248793
22,"build/tests/sizes/cube-1810-asc.msh2","scan",1622650773862818187,1622650774070404337
22,"build/tests/sizes/cube-1810-asc.msh2","chck",1622650773861249798,1622650774070412783
22,"build/tests/sizes/cube-3520-geo.geo_unrolled","scan",1622650774071128808,1622650774072382323
22,"build/tests/sizes/cube-3520-geo.geo_unrolled","chck",1622650774070414001,1622650774072387423
22,"build/tests/sizes/cube-700-bin.msh2","scan",1622650774084698620,1622650774131042842
22,"build/tests/sizes/cube-700-bin.msh2","chck",1622650774072388468,1622650774131049148
22,"build/tests/sizes/cube-3240-geo.geo_unrolled","scan",1622650774131755909,1622650774132947324
22,"build/tests/sizes/cube-3240-geo.geo_unrolled","chck",1622650774131050191,1622650774132953171
22,"build/tests/sizes/cube-2145-bin.msh4","scan",1622650774133474284,1622650774138395124
22,"build/tests/sizes/cube-2145-bin.msh4","chck",1622650774132954198,1622650774138402395
22,"build/tests/sizes/cube-1397-stl-bin.geo","scan",1622650774139518599,1622650774242556495
22,"build/tests/sizes/cube-1397-stl-bin.geo","chck",1622650774138403599,1622650774242564628
22,"build/tests/sizes/cube-784-asc.bdf","scan",1622650774252591578,1622650774327218031
22,"build/tests/sizes/cube-784-asc.bdf","chck",1622650774242565959,1622650774327224649
22,"build/tests/sizes/cube-2407-asc.msh2","scan",1622650774327893427,1622650774481824087
22,"build/tests/sizes/cube-2407-asc.msh2","chck",1622650774327225808,1622650774481831544
22,"build/tests/sizes/cube-346-bin.cgns","scan",1622650774508401383,1622650774634296295
22,"build/tests/sizes/cube-346-bin.cgns","chck",1622650774481832670,1622650774634310866
22,"build/tests/sizes/cube-948-asc.mesh","scan",1622650774649024740,1622650774721791932
22,"build/tests/sizes/cube-948-asc.mesh","chck",1622650774634312186,1622650774721799712
22,"build/tests/sizes/cube-1313-bin.msh4","scan",1622650774742961851,1622650774750634307
22,"build/tests/sizes/cube-1313-bin.msh4","chck",1622650774721800917,1622650774750639995
22,"build/tests/sizes/cube-702-bin.vtk","scan",1622650774775258759,1622650774802312566
22,"build/tests/sizes/cube-702-bin.vtk","chck",1622650774750641203,1622650774802318426
22,"build/tests/sizes/cube-2153-bin.vtk","scan",1622650774802966382,1622650775816468098
22,"build/tests/sizes/cube-2153-bin.vtk","chck",1622650774802319415,1622650775816475621
22,"build/tests/sizes/cube-3160-geo.geo_unrolled","scan",1622650775817186841,1622650775818618666
22,"build/tests/sizes/cube-3160-geo.geo_unrolled","chck",1622650775816476815,1622650775818623847
22,"build/tests/sizes/cube-280-asc.bdf","scan",1622650775837451691,1622650784286453339
22,"build/tests/sizes/cube-280-asc.bdf","chck",1622650775818624898,1622650784286468777
22,"build/tests/sizes/cube-2380-asc.mesh","scan",1622650784289230667,1622650784372773078
22,"build/tests/sizes/cube-2380-asc.mesh","chck",1622650784286470100,1622650784372779936
22,"build/tests/sizes/cube-3341-bin.msh2","scan",1622650784373335636,1622650784376303731
22,"build/tests/sizes/cube-3341-bin.msh2","chck",1622650784372781188,1622650784376308292
22,"build/tests/sizes/cube-2221-bin.vtk","scan",1622650784376864517,1622650784390515977
22,"build/tests/sizes/cube-2221-bin.vtk","chck",1622650784376309416,1622650784390520875
22,"build/tests/sizes/cube-1556-bin.cgns","scan",1622650784412956248,1622650784567301687
22,"build/tests/sizes/cube-1556-bin.cgns","chck",1622650784390521824,1622650784567308667
22,"build/tests/sizes/cube-2566-bin.vtk","scan",1622650784568224371,1622650784571619929
22,"build/tests/sizes/cube-2566-bin.vtk","chck",1622650784567600120,1622650784571624576
22,"build/tests/sizes/cube-2605-geo.geo_unrolled","scan",1622650784572212817,1622650784573491822
22,"build/tests/sizes/cube-2605-geo.geo_unrolled","chck",1622650784571625547,1622650784573501405
22,"build/tests/sizes/cube-3533-geo.geo","scan",1622650784574024563,1622650784575289307
22,"build/tests/sizes/cube-3533-geo.geo","chck",1622650784573502480,1622650784575292817
22,"build/tests/sizes/cube-458-bin.cgns","scan",1622650784597798792,1622650784732169013
22,"build/tests/sizes/cube-458-bin.cgns","chck",1622650784575293777,1622650784732176403
22,"build/tests/sizes/cube-3639-bin.vtk","scan",1622650784733084825,1622650787487732646
22,"build/tests/sizes/cube-3639-bin.vtk","chck",1622650784732177640,1622650787487754319
22,"build/tests/sizes/cube-2002-asc.bdf","scan",1622650787488856622,1622650788429518545
22,"build/tests/sizes/cube-2002-asc.bdf","chck",1622650787487755924,1622650788429526193
22,"build/tests/sizes/cube-872-bin.cgns","scan",1622650788474336233,1622650788610006473
22,"build/tests/sizes/cube-872-bin.cgns","chck",1622650788429527435,1622650788610013959
22,"build/tests/sizes/cube-1111-bin.msh2","scan",1622650788622335581,1622650788802707319
22,"build/tests/sizes/cube-1111-bin.msh2","chck",1622650788610015177,1622650788802715042
22,"build/tests/sizes/cube-3964-geo.geo_unrolled","scan",1622650788803551212,1622650788804793753
22,"build/tests/sizes/cube-3964-geo.geo_unrolled","chck",1622650788802716201,1622650788804799110
22,"build/tests/sizes/cube-2620-bin.cgns","scan",1622650788809098197,1622650788876111779
22,"build/tests/sizes/cube-2620-bin.cgns","chck",1622650788804800245,1622650788876117325
22,"build/tests/sizes/cube-2254-bin.vtk","scan",1622650788877104427,1622650788878656077
22,"build/tests/sizes/cube-2254-bin.vtk","chck",1622650788876118441,1622650788878660872
22,"build/tests/sizes/cube-3869-stl-bin.geo","scan",1622650788879189454,1622650788889078701
22,"build/tests/sizes/cube-3869-stl-bin.geo","chck",1622650788878661951,1622650788889085597
22,"build/tests/sizes/cube-3980-geo.geo_unrolled","scan",1622650788889788802,1622650788890902341
22,"build/tests/sizes/cube-3980-geo.geo_unrolled","chck",1622650788889086791,1622650788890906760
22,"build/tests/sizes/cube-1669-geo.geo_unrolled","scan",1622650788907417231,1622650788908572282
22,"build/tests/sizes/cube-1669-geo.geo_unrolled","chck",1622650788890907784,1622650788908577496
22,"build/tests/sizes/cube-934-asc.msh2","scan",1622650788922855332,1622650788946143945
22,"build/tests/sizes/cube-934-asc.msh2","chck",1622650788908578652,1622650788946149571
22,"build/tests/sizes/cube-2604-bin.vtk","scan",1622650788946684877,1622650788948362745
22,"build/tests/sizes/cube-2604-bin.vtk","chck",1622650788946150563,1622650788948367002
22,"build/tests/sizes/cube-3025-bin.msh4","scan",1622650788948865507,1622650788970230257
22,"build/tests/sizes/cube-3025-bin.msh4","chck",1622650788948368015,1622650788970237034
22,"build/tests/sizes/cube-3785-bin.vtk","scan",1622650788970802008,1622650788971993668
22,"build/tests/sizes/cube-3785-bin.vtk","chck",1622650788970238050,1622650788971999777
22,"build/tests/sizes/cube-1210-bin.vtk","scan",1622650788973057845,1622650789322500134
22,"build/tests/sizes/cube-1210-bin.vtk","chck",1622650788972000751,1622650789322507900
22,"build/tests/sizes/cube-3591-geo.geo_unrolled","scan",1622650789323207329,1622650789324603380
22,"build/tests/sizes/cube-3591-geo.geo_unrolled","chck",1622650789322509125,1622650789324608905
22,"build/tests/sizes/cube-629-asc.mesh","scan",1622650789332977764,1622650789347082533
22,"build/tests/sizes/cube-629-asc.mesh","chck",1622650789324609957,1622650789347089114
22,"build/tests/sizes/cube-2842-bin.vtk","scan",1622650789347638120,1622650790154859167
22,"build/tests/sizes/cube-2842-bin.vtk","chck",1622650789347090114,1622650790154866564
22,"build/tests/sizes/cube-3752-stl-bin.geo","scan",1622650790155532390,1622650790177749271
22,"build/tests/sizes/cube-3752-stl-bin.geo","chck",1622650790154867739,1622650790177756263
22,"build/tests/sizes/cube-2692-bin.msh2","scan",1622650790178336289,1622650792662465063
22,"build/tests/sizes/cube-2692-bin.msh2","chck",1622650790177757530,1622650792662472685
22,"build/tests/sizes/cube-2286-stl-bin.geo","scan",1622650792663202200,1622650793077723071
22,"build/tests/sizes/cube-2286-stl-bin.geo","chck",1622650792662474066,1622650793077731106
22,"build/tests/sizes/cube-1177-geo.geo_unrolled","scan",1622650793099758116,1622650793101272129
22,"build/tests/sizes/cube-1177-geo.geo_unrolled","chck",1622650793077732346,1622650793101277924
22,"build/tests/sizes/cube-3655-asc.mesh","scan",1622650793101797876,1622650798030502275
22,"build/tests/sizes/cube-3655-asc.mesh","chck",1622650793101279289,1622650798030510121
22,"build/tests/sizes/cube-3234-bin.cgns","scan",1622650798039214911,1622650798108318333
22,"build/tests/sizes/cube-3234-bin.cgns","chck",1622650798030511576,1622650798108326564
22,"build/tests/sizes/cube-532-asc.mesh","scan",1622650798109666511,1622650798126978663
22,"build/tests/sizes/cube-532-asc.mesh","chck",1622650798108327839,1622650798126984186
22,"build/tests/sizes/cube-2486-geo.geo","scan",1622650798127642857,1622650798129217783
22,"build/tests/sizes/cube-2486-geo.geo","chck",1622650798126985290,1622650798129222202
22,"build/tests/sizes/cube-727-bin.cgns","scan",1622650798134762651,1622650798206057797
22,"build/tests/sizes/cube-727-bin.cgns","chck",1622650798129223188,1622650798206064926
22,"build/tests/sizes/cube-6-bin.vtk","scan",1622650798222409301,1622650798254303382
22,"build/tests/sizes/cube-6-bin.vtk","chck",1622650798206066037,1622650798254310208
22,"build/tests/sizes/cube-3650-geo.geo","scan",1622650798254945813,1622650798256424019
22,"build/tests/sizes/cube-3650-geo.geo","chck",1622650798254311409,1622650798256428876
22,"build/tests/sizes/cube-909-asc.bdf","scan",1622650798273595625,1622650798340625739
22,"build/tests/sizes/cube-909-asc.bdf","chck",1622650798256429841,1622650798340633412
22,"build/tests/sizes/cube-2272-asc.mesh","scan",1622650798341245019,1622650798361200022
22,"build/tests/sizes/cube-2272-asc.mesh","chck",1622650798340634525,1622650798361207603
22,"build/tests/sizes/cube-1888-bin.msh2","scan",1622650798362317679,1622650798592419625
22,"build/tests/sizes/cube-1888-bin.msh2","chck",1622650798361208741,1622650798592427102
22,"build/tests/sizes/cube-2342-asc.msh2","scan",1622650798593126450,1622650798602598846
22,"build/tests/sizes/cube-2342-asc.msh2","chck",1622650798592428264,1622650798602604764
22,"build/tests/sizes/cube-146-bin.msh4","scan",1622650798615326913,1622650798645847931
22,"build/tests/sizes/cube-146-bin.msh4","chck",1622650798602605766,1622650798645854051
22,"build/tests/sizes/cube-1607-bin.msh4","scan",1622650798662048876,1622650798688956252
22,"build/tests/sizes/cube-1607-bin.msh4","chck",1622650798645855100,1622650798688963696
22,"build/tests/sizes/cube-3662-bin.msh4","scan",1622650798689570188,1622650798691413305
22,"build/tests/sizes/cube-3662-bin.msh4","chck",1622650798688964919,1622650798691417794
22,"build/tests/sizes/cube-2123-bin.msh2","scan",1622650798691933565,1622650798696886919
22,"build/tests/sizes/cube-2123-bin.msh2","chck",1622650798691418940,1622650798696891361
22,"build/tests/sizes/cube-2958-asc.bdf","scan",1622650798697452023,1622650798740146511
22,"build/tests/sizes/cube-2958-asc.bdf","chck",1622650798696892267,1622650798740154054
22,"build/tests/sizes/cube-826-stl-bin.geo","scan",1622650798758260202,1622650798806830459
22,"build/tests/sizes/cube-826-stl-bin.geo","chck",1622650798740155272,1622650798806836771
22,"build/tests/sizes/cube-1868-bin.msh2","scan",1622650798808040529,1622650798941027108
22,"build/tests/sizes/cube-1868-bin.msh2","chck",1622650798806837924,1622650798941034414
22,"build/tests/sizes/cube-2526-bin.vtk","scan",1622650798941862077,1622650798944297102
22,"build/tests/sizes/cube-2526-bin.vtk","chck",1622650798941035648,1622650798944301963
22,"build/tests/sizes/cube-2695-geo.geo_unrolled","scan",1622650798944970125,1622650798946070542
22,"build/tests/sizes/cube-2695-geo.geo_unrolled","chck",1622650798944302966,1622650798946221329
22,"build/tests/sizes/cube-525-asc.bdf","scan",1622650798949838395,1622650798982474056
22,"build/tests/sizes/cube-525-asc.bdf","chck",1622650798946222634,1622650798982481226
22,"build/tests/sizes/cube-482-asc.bdf","scan",1622650799000581814,1622650799176573794
22,"build/tests/sizes/cube-482-asc.bdf","chck",1622650798982482399,1622650799176581772
22,"build/tests/sizes/cube-2853-bin.vtk","scan",1622650799177203400,1622650799235068994
22,"build/tests/sizes/cube-2853-bin.vtk","chck",1622650799176583168,1622650799235075933
22,"build/tests/sizes/cube-3519-geo.geo","scan",1622650799235782840,1622650799237200000
22,"build/tests/sizes/cube-3519-geo.geo","chck",1622650799235077045,1622650799237204205
22,"build/tests/sizes/cube-2235-asc.msh2","scan",1622650799237725492,1622650799360022486
22,"build/tests/sizes/cube-2235-asc.msh2","chck",1622650799237205170,1622650799360028654
22,"build/tests/sizes/cube-1071-geo.geo","scan",1622650799377418513,1622650799379259990
22,"build/tests/sizes/cube-1071-geo.geo","chck",1622650799360029708,1622650799379265992
22,"build/tests/sizes/cube-1848-geo.geo","scan",1622650799396737702,1622650799398318511
22,"build/tests/sizes/cube-1848-geo.geo","chck",1622650799379267259,1622650799398324372
22,"build/tests/sizes/cube-1713-stl-bin.geo","scan",1622650799424710847,1622650799441556158
22,"build/tests/sizes/cube-1713-stl-bin.geo","chck",1622650799398325557,1622650799441561174
22,"cube-2235-asc","prep",1622650799442791829,1622650799464686651
22,"cube-2235-asc","zzzz",1622650799464696104,1622650800179970905,16774,25562,76686
22,"cube-2235-asc","post",1622650800179979227,1622650800181920767
22,"cube-2853-bin","prep",1622650800181965428,1622650800201813088
22,"cube-2853-bin","zzzz",1622650800201818552,1622650802147821933,34509,51026,153078
22,"cube-2853-bin","post",1622650802147851034,1622650802151649907
22,"cube-3025-bin","prep",1622650802151723915,1622650802182658681
22,"cube-3025-bin","zzzz",1622650802182666602,1622650804999911463,44730,65809,197427
22,"cube-3025-bin","post",1622650804999936780,1622650805005414737
22,"cube-3869-stl-bin","mesh",1622650805005493212,1622650805054319792
22,"cube-3869-stl-bin","prep",1622650805055384814,1622650805058347986
22,"cube-3869-stl-bin","zzzz",1622650805058352892,1622650805194680955,3578,8063,24189
22,"cube-3869-stl-bin","post",1622650805194691118,1622650805195513044
22,"cube-700-bin","prep",1622650805196031913,1622650805200245665
22,"cube-700-bin","zzzz",1622650805200249276,1622650805329967852,4809,7788,23364
22,"cube-700-bin","post",1622650805329977137,1622650805331255409
22,"cube-1314-asc","prep",1622650805331420857,1622650805396393153
22,"cube-1314-asc","zzzz",1622650805396400914,1622650810307542311,66315,96312,288936
22,"cube-1314-asc","post",1622650810307570029,1622650810316530915
22,"cube-1177-geo","mesh",1622650810316612717,1622650815114139832
22,"cube-1177-geo","prep",1622650815152655698,1622650815422013013
22,"cube-1177-geo","zzzz",1622650815422019468,1622650860942912511,310308,434975,1304925
22,"cube-1177-geo","post",1622650860942936709,1622650861011189482
22,"cube-3341-bin","prep",1622650861011752507,1622650861016329739
22,"cube-3341-bin","zzzz",1622650861016333717,1622650861021565674,348,729,2187
22,"cube-3341-bin","post",1622650861021571228,1622650861021786660
22,"cube-826-stl-bin","mesh",1622650861021877628,1622650861052749901
22,"cube-826-stl-bin","prep",1622650861053563040,1622650861055438361
22,"cube-826-stl-bin","zzzz",1622650861055441485,1622650861156273271,2725,6527,19581
22,"cube-826-stl-bin","post",1622650861156280986,1622650861156954505
22,"cube-2141-geo","mesh",1622650861157567558,1622650861259102157
22,"cube-2141-geo","prep",1622650861259919027,1622650861264881287
22,"cube-2141-geo","zzzz",1622650861264884313,1622650861424971225,5609,9007,27021
22,"cube-2141-geo","post",1622650861424973733,1622650861427089636
22,"cube-1810-asc","prep",1622650861427336950,1622650861444733692
22,"cube-1810-asc","zzzz",1622650861444737853,1622650862757793341,26191,38898,116694
22,"cube-1810-asc","post",1622650862757803868,1622650862762936350
22,"cube-3475-asc","prep",1622650862762973880,1622650862765123520
22,"cube-3475-asc","zzzz",1622650862765126580,1622650862770778853,370,775,2325
22,"cube-3475-asc","post",1622650862770794308,1622650862771072784
22,"cube-1397-stl-bin","mesh",1622650862771099202,1622650863351764058
22,"cube-1397-stl-bin","prep",1622650863352562432,1622650863414309410
22,"cube-1397-stl-bin","zzzz",1622650863414315294,1622650867831829161,50868,89536,268608
22,"cube-1397-stl-bin","post",1622650867831839899,1622650867849124146
22,"cube-2286-stl-bin","mesh",1622650867849163918,1622650875798461877
22,"cube-2286-stl-bin","prep",1622650876167046798,1622650876797730776
22,"cube-2286-stl-bin","zzzz",1622650876797737112,1622651064518472272,779204,1153715,3461145
22,"cube-2286-stl-bin","post",1622651064518485954,1622651064704213445
22,"cube-1868-bin","prep",1622651064704633374,1622651064735961188
22,"cube-1868-bin","zzzz",1622651064735966372,1622651066676700105,34479,50882,152646
22,"cube-1868-bin","post",1622651066676715732,1622651066680157939
22,"cube-2486-geo","mesh",1622651066680190095,1622651066698485682
22,"cube-2486-geo","prep",1622651066699218184,1622651066699680138
22,"cube-2486-geo","zzzz",1622651066699682153,1622651066710900299,683,1306,3918
22,"cube-2486-geo","post",1622651066710910261,1622651066711343901
22,"cube-784-asc","prep",1622651066711396032,1622651066715535124
22,"cube-784-asc","zzzz",1622651066715537102,1622651066927537564,6870,10956,32868
22,"cube-784-asc","post",1622651066927547661,1622651066929277158
22,"cube-3520-geo","mesh",1622651066929528246,1622651084399223617
22,"cube-3520-geo","prep",1622651084400049916,1622651086139834035
22,"cube-3520-geo","zzzz",1622651086139839977,1622651544567284961,1647944,2253860,6761580
22,"cube-3520-geo","post",1622651544567294377,1622651544941531507
22,"cube-2122-asc","prep",1622651544946046120,1622651545012384380
22,"cube-2122-asc","zzzz",1622651545012390498,1622651546968500901,34657,51147,153441
22,"cube-2122-asc","post",1622651546968510504,1622651546971635654
22,"cube-482-asc","prep",1622651546971672479,1622651546987877969
22,"cube-482-asc","zzzz",1622651546987881606,1622651547709310517,16855,25671,77013
22,"cube-482-asc","post",1622651547709320692,1622651547711539765
22,"cube-3240-geo","mesh",1622651547711578600,1622651547728660891
22,"cube-3240-geo","prep",1622651547729491344,1622651547729721083
22,"cube-3240-geo","zzzz",1622651547729723282,1622651547732905019,234,499,1497
22,"cube-3240-geo","post",1622651547732921168,1622651547733100767
22,"cube-2145-bin","prep",1622651547733117105,1622651547736122537
22,"cube-2145-bin","zzzz",1622651547736124514,1622651547898125197,5679,9080,27240
22,"cube-2145-bin","post",1622651547898133422,1622651547899636269
22,"cube-3234-bin.cgns","prep",1622651547899664830,1622651547900582027
22,"cube-3234-bin.cgns","zzzz",1622651547900584534,1622651547905797577,348,729,2187
22,"cube-3234-bin.cgns","post",1622651547905801164,1622651547906004163
22,"cube-727-bin.cgns","prep",1622651547906053413,1622651547906398067
22,"cube-727-bin.cgns","zzzz",1622651547906400580,1622651547910390622,286,595,1785
22,"cube-727-bin.cgns","post",1622651547910405675,1622651547910421816
22,"cube-2566-bin","prep",1622651547910463329,1622651547911129112
22,"cube-2566-bin","zzzz",1622651547911130640,1622651547933115168,1206,2173,6519
22,"cube-2566-bin","post",1622651547933130789,1622651547933316546
22,"cube-2620-bin.cgns","prep",1622651547933429491,1622651547933810297
22,"cube-2620-bin.cgns","zzzz",1622651547933812416,1622651547937820286,288,597,1791
22,"cube-2620-bin.cgns","post",1622651547937825079,1622651547937849665
22,"cube-1527-bin","prep",1622651547937894432,1622651547938174396
22,"cube-1527-bin","zzzz",1622651547938175828,1622651547945793258,482,975,2925
22,"cube-1527-bin","post",1622651547945797994,1622651547945894630
22,"cube-3964-geo","mesh",1622651547945907803,1622651547972916702
22,"cube-3964-geo","prep",1622651547973691981,1622651547974489800
22,"cube-3964-geo","zzzz",1622651547974491536,1622651547995010473,1136,2063,6189
22,"cube-3964-geo","post",1622651547995394699,1622651547995686596
22,"cube-2692-bin","prep",1622651547995797984,1622651548380366440
22,"cube-2692-bin","zzzz",1622651548380371106,1622651690133348548,676541,934596,2803788
22,"cube-2692-bin","post",1622651690133456903,1622651690199840723
22,"cube-280-asc","prep",1622651690199877775,1622651690711332023
22,"cube-280-asc","zzzz",1622651690711336919,1622651961116060781,965265,1516977,4550931
22,"cube-280-asc","post",1622651961116073983,1622651961225721039
22,"cube-963-asc","prep",1622651961226079274,1622651961234592732
22,"cube-963-asc","zzzz",1622651961234597047,1622651961266325470,1588,2863,8589
22,"cube-963-asc","post",1622651961266332613,1622651961266770285
22,"cube-3392-bin","prep",1622651961267211234,1622651961307770168
22,"cube-3392-bin","zzzz",1622651961307775464,1622651966291478645,66998,97234,291702
22,"cube-3392-bin","post",1622651966291492407,1622651966306031118
22,"cube-1649-bin","prep",1622651966306066660,1622651966346962559
22,"cube-1649-bin","zzzz",1622651966346967553,1622651971652085692,69991,101453,304359
22,"cube-1649-bin","post",1622651971652100245,1622651971658731272
22,"cube-3693-asc","prep",1622651971659062401,1622651971659314695
22,"cube-3693-asc","zzzz",1622651971659316132,1622651971663152829,278,575,1725
22,"cube-3693-asc","post",1622651971663162717,1622651971663310698
22,"cube-2380-asc","prep",1622651971663344538,1622651971663645831
22,"cube-2380-asc","zzzz",1622651971663646835,1622651971667097163,257,530,1590
22,"cube-2380-asc","post",1622651971667107046,1622651971667301589
22,"cube-146-bin","prep",1622651971667336678,1622651971669767093
22,"cube-146-bin","zzzz",1622651971669768650,1622651971800146800,4820,7801,23403
22,"cube-146-bin","post",1622651971800156672,1622651971800934738
22,"cube-3752-stl-bin","mesh",1622651971800961637,1622651971927044226
22,"cube-3752-stl-bin","prep",1622651971927792917,1622651971936541849
22,"cube-3752-stl-bin","zzzz",1622651971936544424,1622651972755527083,14292,28028,84084
22,"cube-3752-stl-bin","post",1622651972755536909,1622651972758278753
22,"cube-458-bin.cgns","prep",1622651972758299292,1622651972788600856
22,"cube-458-bin.cgns","zzzz",1622651972788604675,1622651977680239958,66073,96043,288129
22,"cube-458-bin.cgns","post",1622651977680253566,1622651977680319172
22,"cube-1313-bin","prep",1622651977680474907,1622651977680884330
22,"cube-1313-bin","zzzz",1622651977680886222,1622651977684291001,253,524,1572
22,"cube-1313-bin","post",1622651977684302183,1622651977684632124
22,"cube-3160-geo","mesh",1622651977684670610,1622651978044467111
22,"cube-3160-geo","prep",1622651978045235155,1622651978065737997
22,"cube-3160-geo","zzzz",1622651978065742023,1622651979632267543,29493,43870,131610
22,"cube-3160-geo","post",1622651979632280359,1622651979641389172
22,"cube-1556-bin.cgns","prep",1622651979642443640,1622651979666091590
22,"cube-1556-bin.cgns","zzzz",1622651979666094667,1622651979695677813,1485,2716,8148
22,"cube-1556-bin.cgns","post",1622651979695687479,1622651979695742327
22,"cube-3639-bin","prep",1622651979695846578,1622651980684828968
22,"cube-3639-bin","zzzz",1622651980684836231,1622652503793693494,1821027,2488401,7465203
22,"cube-3639-bin","post",1622652503793702415,1622652503950899013
22,"cube-155-bin","prep",1622652503951334496,1622652503953444672
22,"cube-155-bin","zzzz",1622652503953448855,1622652504036875291,3443,5706,17118
22,"cube-155-bin","post",1622652504036884173,1622652504037657459
22,"cube-2221-bin","prep",1622652504037765296,1622652504041182027
22,"cube-2221-bin","zzzz",1622652504041184735,1622652504220653785,6059,9753,29259
22,"cube-2221-bin","post",1622652504220663680,1622652504222643905
22,"cube-2153-bin","prep",1622652504222678959,1622652504565722354
22,"cube-2153-bin","zzzz",1622652504565729865,1622652628829193763,612679,848533,2545599
22,"cube-2153-bin","post",1622652628829207961,1622652628904546175
22,"cube-532-asc","prep",1622652628904584717,1622652628913393313
22,"cube-532-asc","zzzz",1622652628913396981,1622652629042774040,4791,7770,23310
22,"cube-532-asc","post",1622652629042784407,1622652629043755927
22,"cube-3817-asc","prep",1622652629043812610,1622652629046525489
22,"cube-3817-asc","zzzz",1622652629046527466,1622652629081684168,1729,3093,9279
22,"cube-3817-asc","post",1622652629081694001,1622652629082008940
22,"cube-1111-bin","prep",1622652629082264633,1622652629102125762
22,"cube-1111-bin","zzzz",1622652629102129046,1622652631389144982,38686,56999,170997
22,"cube-1111-bin","post",1622652631389155022,1622652631392835216
22,"cube-948-asc","prep",1622652631392863762,1622652631396231810
22,"cube-948-asc","zzzz",1622652631396233849,1622652631542346291,5252,8448,25344
22,"cube-948-asc","post",1622652631542372939,1622652631544114039
22,"cube-2604-bin","prep",1622652631544140757,1622652631544832951
22,"cube-2604-bin","zzzz",1622652631544834459,1622652631552675051,498,995,2985
22,"cube-2604-bin","post",1622652631552684813,1622652631552862170
22,"cube-557-bin","prep",1622652631552897453,1622652631911955707
22,"cube-557-bin","zzzz",1622652631911961601,1622652787769726961,727749,1003484,3010452
22,"cube-557-bin","post",1622652787769739938,1622652787857400729
22,"cube-909-asc","prep",1622652787857442351,1622652787865444607
22,"cube-909-asc","zzzz",1622652787865448108,1622652788010553994,5219,8407,25221
22,"cube-909-asc","post",1622652788010565135,1622652788011578422
22,"cube-1955-asc","prep",1622652788011624365,1622652788011908328
22,"cube-1955-asc","zzzz",1622652788011909345,1622652788019773408,500,997,2991
22,"cube-1955-asc","post",1622652788019783174,1622652788020028945
22,"cube-3519-geo","mesh",1622652788020065766,1622652788034232110
22,"cube-3519-geo","prep",1622652788035032607,1622652788035514002
22,"cube-3519-geo","zzzz",1622652788035515822,1622652788043276343,492,987,2961
22,"cube-3519-geo","post",1622652788043286221,1622652788043509445
22,"cube-346-bin.cgns","prep",1622652788043525370,1622652788067700125
22,"cube-346-bin.cgns","zzzz",1622652788067703125,1622652788102394355,1705,3062,9186
22,"cube-346-bin.cgns","post",1622652788102404034,1622652788102450995
22,"cube-2958-asc","prep",1622652788102553343,1622652788105046190
22,"cube-2958-asc","zzzz",1622652788105047762,1622652788235633222,4815,7812,23436
22,"cube-2958-asc","post",1622652788235643026,1622652788236370565
22,"cube-3533-geo","mesh",1622652788236391914,1622652806202610705
22,"cube-3533-geo","prep",1622652806203453014,1622652808016852124
22,"cube-3533-geo","zzzz",1622652808016857572,1622653311997110440,1770978,2419829,7259487
22,"cube-3533-geo","post",1622653311997124143,1622653312425849591
22,"cube-1848-geo","mesh",1622653312426718910,1622653312512590081
22,"cube-1848-geo","prep",1622653312513391656,1622653312515870133
22,"cube-1848-geo","zzzz",1622653312515872577,1622653312628696581,4304,7050,21150
22,"cube-1848-geo","post",1622653312628711319,1622653312630219475
22,"cube-1779-asc","prep",1622653312630256417,1622653312631294074
22,"cube-1779-asc","zzzz",1622653312631296115,1622653312659709327,1455,2636,7908
22,"cube-1779-asc","post",1622653312659719074,1622653312660052595
22,"cube-435-asc","prep",1622653312660137701,1622653312661790533
22,"cube-435-asc","zzzz",1622653312661792220,1622653312750117494,3626,5939,17817
22,"cube-435-asc","post",1622653312750127481,1622653312751113382
22,"cube-1271-geo","mesh",1622653312751132397,1622653312782938140
22,"cube-1271-geo","prep",1622653312783717079,1622653312784779678
22,"cube-1271-geo","zzzz",1622653312784781603,1622653312818810271,1675,3018,9054
22,"cube-1271-geo","post",1622653312818820000,1622653312819171997
22,"cube-3786-asc","prep",1622653312819298330,1622653312821783666
22,"cube-3786-asc","zzzz",1622653312821785692,1622653312974939759,5422,8736,26208
22,"cube-3786-asc","post",1622653312974949570,1622653312975856001
22,"cube-2579-bin","prep",1622653312975885550,1622653312976119375
22,"cube-2579-bin","zzzz",1622653312976120499,1622653312980915536,326,683,2049
22,"cube-2579-bin","post",1622653312980925404,1622653312981160356
22,"cube-3592-asc","prep",1622653312981194333,1622653313291323753
22,"cube-3592-asc","zzzz",1622653313291329607,1622653426178224602,574775,796312,2388936
22,"cube-3592-asc","post",1622653426178588502,1622653426250714192
22,"cube-872-bin.cgns","prep",1622653426250755677,1622653426270947374
22,"cube-872-bin.cgns","zzzz",1622653426270951973,1622653426436255328,5764,9209,27627
22,"cube-872-bin.cgns","post",1622653426436265266,1622653426436340283
22,"cube-2021-asc","prep",1622653426436463437,1622653426436618402
22,"cube-2021-asc","zzzz",1622653426436619660,1622653426438485463,144,329,987
22,"cube-2021-asc","post",1622653426438500458,1622653426438610687
22,"cube-934-asc","prep",1622653426438623387,1622653426439277867
22,"cube-934-asc","zzzz",1622653426439279231,1622653426459567450,1118,2044,6132
22,"cube-934-asc","post",1622653426459577083,1622653426459914978
22,"cube-1939-bin","prep",1622653426460060163,1622653426460414235
22,"cube-1939-bin","zzzz",1622653426460415440,1622653426463708573,242,511,1533
22,"cube-1939-bin","post",1622653426463718405,1622653426463921795
22,"cube-1770-stl-bin","mesh",1622653426463934577,1622653426467484818
22,"cube-1770-stl-bin","prep",1622653426468268317,1622653426468600215
22,"cube-1770-stl-bin","zzzz",1622653426468602030,1622653426475159919,257,868,2604
22,"cube-1770-stl-bin","post",1622653426475169778,1622653426475316285
22,"cube-702-bin","prep",1622653426475350738,1622653426476012846
22,"cube-702-bin","zzzz",1622653426476017090,1622653426480816152,326,683,2049
22,"cube-702-bin","post",1622653426480825946,1622653426481041298
22,"cube-3980-geo","mesh",1622653426481054206,1622653426492318235
22,"cube-3980-geo","prep",1622653426492998459,1622653426493165360
22,"cube-3980-geo","zzzz",1622653426493167162,1622653426497971349,327,684,2052
22,"cube-3980-geo","post",1622653426497981236,1622653426498223739
22,"cube-3261-bin","prep",1622653426498260585,1622653426525695358
22,"cube-3261-bin","zzzz",1622653426525698392,1622653430297919509,54874,80349,241047
22,"cube-3261-bin","post",1622653430297931173,1622653430303055343
22,"cube-2407-asc","prep",1622653430303102280,1622653430315372125
22,"cube-2407-asc","zzzz",1622653430315375168,1622653431306221433,21456,32023,96069
22,"cube-2407-asc","post",1622653431306231588,1622653431309343337
22,"cube-2342-asc","prep",1622653431309378295,1622653431310246209
22,"cube-2342-asc","zzzz",1622653431310248028,1622653431333633391,1272,2275,6825
22,"cube-2342-asc","post",1622653431333643204,1622653431333900068
22,"cube-2422-bin.cgns","prep",1622653431333984784,1622653431334755492
22,"cube-2422-bin.cgns","zzzz",1622653431334758102,1622653431393962804,2630,4485,13455
22,"cube-2422-bin.cgns","post",1622653431393972685,1622653431394017545
22,"cube-1071-geo","mesh",1622653431394131268,1622653431886893047
22,"cube-1071-geo","prep",1622653431887676572,1622653431930432490
22,"cube-1071-geo","zzzz",1622653431930438090,1622653434736404508,44549,65550,196650
22,"cube-1071-geo","post",1622653434736418477,1622653434754354120
22,"cube-1713-stl-bin","mesh",1622653434754391392,1622653434775222097
22,"cube-1713-stl-bin","prep",1622653434776000728,1622653434777007180
22,"cube-1713-stl-bin","zzzz",1622653434777009822,1622653434836610156,1660,4506,13518
22,"cube-1713-stl-bin","post",1622653434836620105,1622653434837375971
22,"cube-3769-bin","prep",1622653434837390965,1622653434838242265
22,"cube-3769-bin","zzzz",1622653434838244230,1622653434872124712,1666,3008,9024
22,"cube-3769-bin","post",1622653434872134464,1622653434872577056
22,"cube-3653-geo","mesh",1622653434872823923,1622653434961655277
22,"cube-3653-geo","prep",1622653434962386411,1622653434966111114
22,"cube-3653-geo","zzzz",1622653434966113106,1622653435177368366,6911,10929,32787
22,"cube-3653-geo","post",1622653435177378742,1622653435179233336
22,"cube-2002-asc","prep",1622653435179250969,1622653435238708582
22,"cube-2002-asc","zzzz",1622653435238713205,1622653445248686707,109313,156404,469212
22,"cube-2002-asc","post",1622653445248700335,1622653445258394383
22,"cube-1888-bin","prep",1622653445258436105,1622653445286724499
22,"cube-1888-bin","zzzz",1622653445286729483,1622653449423596661,58362,85507,256521
22,"cube-1888-bin","post",1622653449423603816,1622653449430366891
22,"cube-2681-asc","prep",1622653449430413796,1622653449455803701
22,"cube-2681-asc","zzzz",1622653449455809055,1622653452136498584,43183,63559,190677
22,"cube-2681-asc","post",1622653452136511945,1622653452142159622
22,"cube-2254-bin","prep",1622653452142196665,1622653452142648886
22,"cube-2254-bin","zzzz",1622653452142650855,1622653452144370497,137,304,912
22,"cube-2254-bin","post",1622653452144380406,1622653452144479609
22,"cube-1669-geo","mesh",1622653452144516047,1622653454337058100
22,"cube-1669-geo","prep",1622653454358966833,1622653454492947287
22,"cube-1669-geo","zzzz",1622653454492952425,1622653477766595010,196018,277121,831363
22,"cube-1669-geo","post",1622653477766608956,1622653477858076030
22,"cube-629-asc","prep",1622653477862669636,1622653477870899014
22,"cube-629-asc","zzzz",1622653477870902285,1622653477876126962,348,729,2187
22,"cube-629-asc","post",1622653477876137004,1622653477876315510
22,"cube-3785-bin","prep",1622653477876353461,1622653477882344379
22,"cube-3785-bin","zzzz",1622653477882346192,1622653477885791239,256,529,1587
22,"cube-3785-bin","post",1622653477885801143,1622653477885923955
22,"cube-1210-bin","prep",1622653477885959418,1622653478008518423
22,"cube-1210-bin","zzzz",1622653478008523893,1622653509824662989,243159,342042,1026126
22,"cube-1210-bin","post",1622653509824677567,1622653509846227362
22,"cube-3591-geo","mesh",1622653509846268102,1622653511044789584
22,"cube-3591-geo","prep",1622653511045554663,1622653511153831481
22,"cube-3591-geo","zzzz",1622653511153837310,1622653520847041711,106925,153023,459069
22,"cube-3591-geo","post",1622653520847055006,1622653520906124364
22,"cube-3650-geo","mesh",1622653520909600345,1622653520930837130
22,"cube-3650-geo","prep",1622653520931612011,1622653520931779565
22,"cube-3650-geo","zzzz",1622653520931781620,1622653520935531101,270,565,1695
22,"cube-3650-geo","post",1622653520935541165,1622653520935731307
22,"cube-2842-bin","prep",1622653520935745858,1622653521225875051
22,"cube-2842-bin","zzzz",1622653521225880971,1622653626873477753,550100,762113,2286339
22,"cube-2842-bin","post",1622653626873485212,1622653626919596588
22,"cube-3655-asc","prep",1622653626919635459,1622653627756173372
22,"cube-3655-asc","zzzz",1622653627756179728,1622654046566752858,1539270,2106157,6318471
22,"cube-3655-asc","post",1622654046566766574,1622654046716060390
22,"cube-6-bin","prep",1622654046716095282,1622654046718767104
22,"cube-6-bin","zzzz",1622654046718770482,1622654046880414116,5661,9066,27198
22,"cube-6-bin","post",1622654046880424371,1622654046881281777
22,"cube-2272-asc","prep",1622654046881305096,1622654046883475567
22,"cube-2272-asc","zzzz",1622654046883477332,1622654047012969268,4787,7764,23292
22,"cube-2272-asc","post",1622654047012979036,1622654047013439651
22,"cube-1607-bin","prep",1622654047013459358,1622654047014027034
22,"cube-1607-bin","zzzz",1622654047014028364,1622654047031930132,1063,1860,5580
22,"cube-1607-bin","post",1622654047031939871,1622654047032188647
22,"cube-3662-bin","prep",1622654047032251449,1622654047032864065
22,"cube-3662-bin","zzzz",1622654047032865678,1622654047053152536,1119,2044,6132
22,"cube-3662-bin","post",1622654047053162349,1622654047053603436
22,"cube-2123-bin","prep",1622654047053661920,1622654047054207929
22,"cube-2123-bin","zzzz",1622654047054209447,1622654047073558034,1097,1972,5916
22,"cube-2123-bin","post",1622654047073567762,1622654047073953812
22,"cube-2605-geo","mesh",1622654047074057516,1622654047132610370
22,"cube-2605-geo","prep",1622654047133393417,1622654047135463481
22,"cube-2605-geo","zzzz",1622654047135465360,1622654047232575750,3872,6350,19050
22,"cube-2605-geo","post",1622654047232585684,1622654047233118310
22,"cube-2526-bin","prep",1622654047233528814,1622654047234207525
22,"cube-2526-bin","zzzz",1622654047234209112,1622654047251983787,1055,1850,5550
22,"cube-2526-bin","post",1622654047251993581,1622654047252381122
22,"cube-2695-geo","mesh",1622654047252427303,1622654047260139715
22,"cube-2695-geo","prep",1622654047260885661,1622654047261005773
22,"cube-2695-geo","zzzz",1622654047261007313,1622654047264184603,232,497,1491
22,"cube-2695-geo","post",1622654047264593299,1622654047264843066
22,"cube-525-asc","prep",1622654047264858161,1622654047265459085
22,"cube-525-asc","zzzz",1622654047265460899,1622654047291061562,1351,2436,7308
22,"cube-525-asc","post",1622654047291071221,1622654047291601362
22,"Proc","exit_task",1622650751065370347,1622654047318811614,3258520
