26,"build/tests/sizes/cube-3389-bin.msh4","scan",1622650763055323802,1622650763588366269
26,"build/tests/sizes/cube-3389-bin.msh4","chck",1622650763030425703,1622650763588570735
26,"build/tests/sizes/cube-2429-geo.geo","scan",1622650763596457007,1622650763611369414
26,"build/tests/sizes/cube-2429-geo.geo","chck",1622650763588574655,1622650763611378939
26,"build/tests/sizes/cube-3558-geo.geo_unrolled","scan",1622650763621720406,1622650763630439563
26,"build/tests/sizes/cube-3558-geo.geo_unrolled","chck",1622650763611381826,1622650763630442839
26,"build/tests/sizes/cube-3192-geo.geo_unrolled","scan",1622650763637801184,1622650763645189564
26,"build/tests/sizes/cube-3192-geo.geo_unrolled","chck",1622650763630443722,1622650763645197510
26,"build/tests/sizes/cube-3036-stl-bin.geo","scan",1622650763646002122,1622650763797983369
26,"build/tests/sizes/cube-3036-stl-bin.geo","chck",1622650763645200110,1622650763797992033
26,"build/tests/sizes/cube-317-stl-bin.geo","scan",1622650763821974200,1622650763936114693
26,"build/tests/sizes/cube-317-stl-bin.geo","chck",1622650763797994900,1622650763936120701
26,"build/tests/sizes/cube-786-geo.geo_unrolled","scan",1622650763973477108,1622650763981588815
26,"build/tests/sizes/cube-786-geo.geo_unrolled","chck",1622650763936121846,1622650763981593583
26,"build/tests/sizes/cube-911-asc.bdf","scan",1622650764000315068,1622650780027262413
26,"build/tests/sizes/cube-911-asc.bdf","chck",1622650763981594577,1622650780027297710
26,"build/tests/sizes/cube-2583-asc.mesh","scan",1622650780029474856,1622650780116284415
26,"build/tests/sizes/cube-2583-asc.mesh","chck",1622650780027299063,1622650780116289963
26,"build/tests/sizes/cube-1918-bin.msh2","scan",1622650780133631073,1622650780197262731
26,"build/tests/sizes/cube-1918-bin.msh2","chck",1622650780116290925,1622650780197269670
26,"build/tests/sizes/cube-1818-geo.geo","scan",1622650780215559714,1622650780217022587
26,"build/tests/sizes/cube-1818-geo.geo","chck",1622650780197270893,1622650780217029237
26,"build/tests/sizes/cube-1105-bin.msh2","scan",1622650780218151324,1622650780226486728
26,"build/tests/sizes/cube-1105-bin.msh2","chck",1622650780217030741,1622650780226493938
26,"build/tests/sizes/cube-1826-stl-bin.geo","scan",1622650780235114788,1622650780240916327
26,"build/tests/sizes/cube-1826-stl-bin.geo","chck",1622650780226495046,1622650780240923470
26,"build/tests/sizes/cube-2791-asc.bdf","scan",1622650780241488734,1622650780865330385
26,"build/tests/sizes/cube-2791-asc.bdf","chck",1622650780240924826,1622650780865337801
26,"build/tests/sizes/cube-3445-geo.geo","scan",1622650780866172907,1622650780872868833
26,"build/tests/sizes/cube-3445-geo.geo","chck",1622650780865339304,1622650780872875692
26,"build/tests/sizes/cube-2326-geo.geo_unrolled","scan",1622650780874457524,1622650780876500405
26,"build/tests/sizes/cube-2326-geo.geo_unrolled","chck",1622650780872876803,1622650780876511164
26,"build/tests/sizes/cube-2599-bin.msh2","scan",1622650780877037103,1622650788261911845
26,"build/tests/sizes/cube-2599-bin.msh2","chck",1622650780876512298,1622650788261939423
26,"build/tests/sizes/cube-3916-asc.msh2","scan",1622650788266421047,1622650788405805756
26,"build/tests/sizes/cube-3916-asc.msh2","chck",1622650788261940641,1622650788405812698
26,"build/tests/sizes/cube-1688-asc.msh2","scan",1622650788421161858,1622650788448060450
26,"build/tests/sizes/cube-1688-asc.msh2","chck",1622650788405813898,1622650788448067531
26,"build/tests/sizes/cube-3019-asc.bdf","scan",1622650788448642937,1622650788723207556
26,"build/tests/sizes/cube-3019-asc.bdf","chck",1622650788448068611,1622650788723215453
26,"build/tests/sizes/cube-2215-asc.msh2","scan",1622650788723966625,1622650788741335658
26,"build/tests/sizes/cube-2215-asc.msh2","chck",1622650788723216707,1622650788741342959
26,"build/tests/sizes/cube-2456-bin.vtk","scan",1622650788741890788,1622650788870559017
26,"build/tests/sizes/cube-2456-bin.vtk","chck",1622650788741344255,1622650788870565075
26,"build/tests/sizes/cube-3165-bin.vtk","scan",1622650788871177814,1622650788872504412
26,"build/tests/sizes/cube-3165-bin.vtk","chck",1622650788870566131,1622650788872508971
26,"build/tests/sizes/cube-3549-geo.geo","scan",1622650788873049492,1622650788874291465
26,"build/tests/sizes/cube-3549-geo.geo","chck",1622650788872513472,1622650788874295598
26,"build/tests/sizes/cube-92-geo.geo","scan",1622650788892312598,1622650788893571007
26,"build/tests/sizes/cube-92-geo.geo","chck",1622650788874296526,1622650788893576136
26,"build/tests/sizes/cube-455-asc.bdf","scan",1622650788894618075,1622650788903580023
26,"build/tests/sizes/cube-455-asc.bdf","chck",1622650788893577202,1622650788903584999
26,"build/tests/sizes/cube-555-stl-bin.geo","scan",1622650788921106399,1622650788936320237
26,"build/tests/sizes/cube-555-stl-bin.geo","chck",1622650788903585928,1622650788936327007
26,"build/tests/sizes/cube-3361-geo.geo","scan",1622650788936926998,1622650788938175285
26,"build/tests/sizes/cube-3361-geo.geo","chck",1622650788936328327,1622650788938179774
26,"build/tests/sizes/cube-2035-asc.msh2","scan",1622650788955321355,1622650797603457401
26,"build/tests/sizes/cube-2035-asc.msh2","chck",1622650788938180646,1622650797603466737
26,"build/tests/sizes/cube-942-bin.cgns","scan",1622650797721395430,1622650797837136680
26,"build/tests/sizes/cube-942-bin.cgns","chck",1622650797603467922,1622650797837144244
26,"build/tests/sizes/cube-1668-asc.mesh","scan",1622650797838702594,1622650797949071520
26,"build/tests/sizes/cube-1668-asc.mesh","chck",1622650797837145432,1622650797949078968
26,"build/tests/sizes/cube-552-geo.geo_unrolled","scan",1622650797976545495,1622650797977834068
26,"build/tests/sizes/cube-552-geo.geo_unrolled","chck",1622650797949080314,1622650797977844774
26,"build/tests/sizes/cube-2992-geo.geo","scan",1622650797978431961,1622650797981193229
26,"build/tests/sizes/cube-2992-geo.geo","chck",1622650797977845935,1622650797981206877
26,"build/tests/sizes/cube-2348-bin.msh4","scan",1622650797981724851,1622650797985974296
26,"build/tests/sizes/cube-2348-bin.msh4","chck",1622650797981208000,1622650797985980604
26,"build/tests/sizes/cube-2098-geo.geo","scan",1622650797986833354,1622650797988412227
26,"build/tests/sizes/cube-2098-geo.geo","chck",1622650797985981751,1622650797988417358
26,"build/tests/sizes/cube-415-bin.vtk","scan",1622650797997835786,1622650798325243693
26,"build/tests/sizes/cube-415-bin.vtk","chck",1622650797988418339,1622650798325251402
26,"build/tests/sizes/cube-163-bin.vtk","scan",1622650798326435430,1622650798341012612
26,"build/tests/sizes/cube-163-bin.vtk","chck",1622650798325252664,1622650798341018844
26,"build/tests/sizes/cube-1003-bin.vtk","scan",1622650798361208734,1622650798384171650
26,"build/tests/sizes/cube-1003-bin.vtk","chck",1622650798341019928,1622650798384179339
26,"build/tests/sizes/cube-1694-bin.msh2","scan",1622650798385501276,1622650798412856423
26,"build/tests/sizes/cube-1694-bin.msh2","chck",1622650798384180611,1622650798412863617
26,"build/tests/sizes/cube-2737-bin.msh2","scan",1622650798413446296,1622650798429084439
26,"build/tests/sizes/cube-2737-bin.msh2","chck",1622650798412864819,1622650798429090502
26,"build/tests/sizes/cube-3080-bin.msh2","scan",1622650798429689781,1622650802830624567
26,"build/tests/sizes/cube-3080-bin.msh2","chck",1622650798429091550,1622650802830639576
26,"build/tests/sizes/cube-2341-asc.msh2","scan",1622650802835438441,1622650811887259696
26,"build/tests/sizes/cube-2341-asc.msh2","chck",1622650802830640829,1622650811887275805
26,"build/tests/sizes/cube-3561-stl-bin.geo","scan",1622650811892613213,1622650812027249106
26,"build/tests/sizes/cube-3561-stl-bin.geo","chck",1622650811887277081,1622650812027257055
26,"build/tests/sizes/cube-1383-asc.bdf","scan",1622650812054109508,1622650814209167614
26,"build/tests/sizes/cube-1383-asc.bdf","chck",1622650812027258709,1622650814209174896
26,"build/tests/sizes/cube-915-bin.msh4","scan",1622650814225526126,1622650814324445342
26,"build/tests/sizes/cube-915-bin.msh4","chck",1622650814209176147,1622650814324452181
26,"build/tests/sizes/cube-785-geo.geo_unrolled","scan",1622650814342044230,1622650814343283594
26,"build/tests/sizes/cube-785-geo.geo_unrolled","chck",1622650814324453375,1622650814343289698
26,"build/tests/sizes/cube-3237-geo.geo_unrolled","scan",1622650814344030106,1622650814345111993
26,"build/tests/sizes/cube-3237-geo.geo_unrolled","chck",1622650814343507419,1622650814345116233
26,"build/tests/sizes/cube-3199-asc.msh2","scan",1622650814345630306,1622650814393721994
26,"build/tests/sizes/cube-3199-asc.msh2","chck",1622650814345117148,1622650814393735895
26,"build/tests/sizes/cube-1477-stl-bin.geo","scan",1622650814394796653,1622650814420376034
26,"build/tests/sizes/cube-1477-stl-bin.geo","chck",1622650814393736979,1622650814420392402
26,"build/tests/sizes/cube-3705-bin.cgns","scan",1622650814424100232,1622650814486136457
26,"build/tests/sizes/cube-3705-bin.cgns","chck",1622650814420393605,1622650814486142565
26,"build/tests/sizes/cube-375-asc.mesh","scan",1622650814487389985,1622650817745517335
26,"build/tests/sizes/cube-375-asc.mesh","chck",1622650814486143645,1622650817745524500
26,"build/tests/sizes/cube-880-geo.geo_unrolled","scan",1622650817760639278,1622650817761761301
26,"build/tests/sizes/cube-880-geo.geo_unrolled","chck",1622650817745525666,1622650817761767110
26,"build/tests/sizes/cube-2534-bin.vtk","scan",1622650817762336364,1622650817816945199
26,"build/tests/sizes/cube-2534-bin.vtk","chck",1622650817761768274,1622650817816952153
26,"build/tests/sizes/cube-3793-bin.msh2","scan",1622650817817735696,1622650817821839111
26,"build/tests/sizes/cube-3793-bin.msh2","chck",1622650817816953321,1622650817821845342
26,"build/tests/sizes/cube-1671-geo.geo","scan",1622650817825761752,1622650817827164159
26,"build/tests/sizes/cube-1671-geo.geo","chck",1622650817821846523,1622650817827169069
26,"build/tests/sizes/cube-598-stl-bin.geo","scan",1622650817847351577,1622650818413446847
26,"build/tests/sizes/cube-598-stl-bin.geo","chck",1622650817827170057,1622650818413458959
26,"build/tests/sizes/cube-865-stl-bin.geo","scan",1622650818431190685,1622650818557015335
26,"build/tests/sizes/cube-865-stl-bin.geo","chck",1622650818413460191,1622650818557021314
26,"build/tests/sizes/cube-3622-bin.msh4","scan",1622650818557837986,1622650818559332098
26,"build/tests/sizes/cube-3622-bin.msh4","chck",1622650818557022341,1622650818559336115
26,"build/tests/sizes/cube-1911-bin.msh4","scan",1622650818560780951,1622650818563104959
26,"build/tests/sizes/cube-1911-bin.msh4","chck",1622650818559337095,1622650818563109008
26,"build/tests/sizes/cube-3388-bin.msh2","scan",1622650818563683481,1622650819117750584
26,"build/tests/sizes/cube-3388-bin.msh2","chck",1622650818563109927,1622650819117758036
26,"build/tests/sizes/cube-1908-asc.msh2","scan",1622650819132791572,1622650819143943695
26,"build/tests/sizes/cube-1908-asc.msh2","chck",1622650819117759169,1622650819143949807
26,"build/tests/sizes/cube-405-asc.mesh","scan",1622650819145445492,1622650819321655912
26,"build/tests/sizes/cube-405-asc.mesh","chck",1622650819143950966,1622650819321663067
26,"build/tests/sizes/cube-1008-bin.msh4","scan",1622650819336954782,1622650819361142272
26,"build/tests/sizes/cube-1008-bin.msh4","chck",1622650819321664156,1622650819361149468
26,"build/tests/sizes/cube-1408-bin.msh4","scan",1622650819379045028,1622650819774726398
26,"build/tests/sizes/cube-1408-bin.msh4","chck",1622650819361150601,1622650819774734466
26,"build/tests/sizes/cube-2682-asc.bdf","scan",1622650819775486359,1622650819777639868
26,"build/tests/sizes/cube-2682-asc.bdf","chck",1622650819774735659,1622650819777645745
26,"build/tests/sizes/cube-2011-asc.msh2","scan",1622650819778157379,1622650819781874796
26,"build/tests/sizes/cube-2011-asc.msh2","chck",1622650819777646939,1622650819781878741
26,"build/tests/sizes/cube-1104-bin.vtk","scan",1622650819796850065,1622650819853135174
26,"build/tests/sizes/cube-1104-bin.vtk","chck",1622650819781879665,1622650819853142122
26,"build/tests/sizes/cube-20-asc.mesh","scan",1622650819873226941,1622650821760745061
26,"build/tests/sizes/cube-20-asc.mesh","chck",1622650819853143314,1622650821760751219
26,"build/tests/sizes/cube-2064-asc.bdf","scan",1622650821761303211,1622650822462290199
26,"build/tests/sizes/cube-2064-asc.bdf","chck",1622650821760752244,1622650822462297568
26,"build/tests/sizes/cube-3350-bin.msh4","scan",1622650822462974603,1622650822634790262
26,"build/tests/sizes/cube-3350-bin.msh4","chck",1622650822462298670,1622650822634798022
26,"build/tests/sizes/cube-2711-bin.msh4","scan",1622650822635592376,1622650822638443408
26,"build/tests/sizes/cube-2711-bin.msh4","chck",1622650822634799242,1622650822638448710
26,"build/tests/sizes/cube-3231-bin.cgns","scan",1622650822643108221,1622650822703690587
26,"build/tests/sizes/cube-3231-bin.cgns","chck",1622650822638449944,1622650822703697166
26,"build/tests/sizes/cube-2874-bin.cgns","scan",1622650822707354149,1622650822767841052
26,"build/tests/sizes/cube-2874-bin.cgns","chck",1622650822703698354,1622650822767847405
26,"build/tests/sizes/cube-2717-asc.bdf","scan",1622650822768602526,1622650824033321886
26,"build/tests/sizes/cube-2717-asc.bdf","chck",1622650822767848730,1622650824033331961
26,"build/tests/sizes/cube-58-geo.geo","scan",1622650824034838101,1622650824089741361
26,"build/tests/sizes/cube-58-geo.geo","chck",1622650824033333138,1622650824089748058
26,"build/tests/sizes/cube-2532-asc.msh2","scan",1622650824090269452,1622650824093108775
26,"build/tests/sizes/cube-2532-asc.msh2","chck",1622650824089749211,1622650824093113955
26,"build/tests/sizes/cube-937-stl-bin.geo","scan",1622650824103503399,1622650824127912774
26,"build/tests/sizes/cube-937-stl-bin.geo","chck",1622650824093114963,1622650824127920222
26,"build/tests/sizes/cube-755-asc.mesh","scan",1622650824141441588,1622650824294933833
26,"build/tests/sizes/cube-755-asc.mesh","chck",1622650824127921690,1622650824294941305
26,"build/tests/sizes/cube-2666-asc.mesh","scan",1622650824295603238,1622650824297821407
26,"build/tests/sizes/cube-2666-asc.mesh","chck",1622650824294942635,1622650824297826771
26,"build/tests/sizes/cube-946-bin.msh2","scan",1622650824299177639,1622650824305893167
26,"build/tests/sizes/cube-946-bin.msh2","chck",1622650824297827675,1622650824305898640
26,"build/tests/sizes/cube-1115-geo.geo_unrolled","scan",1622650824307102567,1622650824308321165
26,"build/tests/sizes/cube-1115-geo.geo_unrolled","chck",1622650824305899578,1622650824308326318
26,"build/tests/sizes/cube-2698-stl-bin.geo","scan",1622650824308856278,1622650824942046561
26,"build/tests/sizes/cube-2698-stl-bin.geo","chck",1622650824308327317,1622650824942054055
26,"build/tests/sizes/cube-3414-stl-bin.geo","scan",1622650824945206520,1622650825002981268
26,"build/tests/sizes/cube-3414-stl-bin.geo","chck",1622650824942055122,1622650825002987426
26,"build/tests/sizes/cube-3859-geo.geo_unrolled","scan",1622650825003610457,1622650825004884965
26,"build/tests/sizes/cube-3859-geo.geo_unrolled","chck",1622650825002988505,1622650825004889590
26,"build/tests/sizes/cube-1254-geo.geo","scan",1622650825005916954,1622650825007189401
26,"build/tests/sizes/cube-1254-geo.geo","chck",1622650825004890627,1622650825007193573
26,"build/tests/sizes/cube-3078-bin.msh2","scan",1622650825007740363,1622650825032697297
26,"build/tests/sizes/cube-3078-bin.msh2","chck",1622650825007194549,1622650825032702947
26,"build/tests/sizes/cube-2005-bin.msh2","scan",1622650825033298674,1622650825058170901
26,"build/tests/sizes/cube-2005-bin.msh2","chck",1622650825032703987,1622650825058178616
26,"build/tests/sizes/cube-3467-asc.mesh","scan",1622650825058787585,1622650825072989221
26,"build/tests/sizes/cube-3467-asc.mesh","chck",1622650825058179888,1622650825072996571
26,"build/tests/sizes/cube-2367-geo.geo_unrolled","scan",1622650825073604317,1622650825074783530
26,"build/tests/sizes/cube-2367-geo.geo_unrolled","chck",1622650825072998034,1622650825074788285
26,"build/tests/sizes/cube-1016-asc.bdf","scan",1622650825075792003,1622650835332253917
26,"build/tests/sizes/cube-1016-asc.bdf","chck",1622650825074789329,1622650835332267840
26,"build/tests/sizes/cube-1799-bin.vtk","scan",1622650835354512900,1622650837119778933
26,"build/tests/sizes/cube-1799-bin.vtk","chck",1622650835332269154,1622650837119786522
26,"build/tests/sizes/cube-3072-asc.mesh","scan",1622650837120633784,1622650837124986936
26,"build/tests/sizes/cube-3072-asc.mesh","chck",1622650837119787689,1622650837125119539
26,"build/tests/sizes/cube-1512-bin.msh4","scan",1622650837144986388,1622650837169664268
26,"build/tests/sizes/cube-1512-bin.msh4","chck",1622650837125120872,1622650837169671025
26,"build/tests/sizes/cube-2392-geo.geo","scan",1622650837170270618,1622650837171622098
26,"build/tests/sizes/cube-2392-geo.geo","chck",1622650837169672205,1622650837171627242
26,"build/tests/sizes/cube-1002-bin.vtk","scan",1622650837172726072,1622650837176620513
26,"build/tests/sizes/cube-1002-bin.vtk","chck",1622650837171628218,1622650837176624753
26,"build/tests/sizes/cube-1269-geo.geo_unrolled","scan",1622650837184643828,1622650837185780619
26,"build/tests/sizes/cube-1269-geo.geo_unrolled","chck",1622650837176625678,1622650837185785166
26,"build/tests/sizes/cube-469-bin.cgns","scan",1622650837193380334,1622650837290206826
26,"build/tests/sizes/cube-469-bin.cgns","chck",1622650837185786076,1622650837290214137
26,"build/tests/sizes/cube-1538-bin.cgns","scan",1622650837306365881,1622650837561397785
26,"build/tests/sizes/cube-1538-bin.cgns","chck",1622650837290215504,1622650837561403845
26,"build/tests/sizes/cube-3636-asc.mesh","scan",1622650837562229957,1622650837580297982
26,"build/tests/sizes/cube-3636-asc.mesh","chck",1622650837561405003,1622650837580304631
26,"build/tests/sizes/cube-1092-bin.cgns","scan",1622650837585637857,1622650837652196095
26,"build/tests/sizes/cube-1092-bin.cgns","chck",1622650837580305773,1622650837652202913
26,"cube-1002-bin","prep",1622650837653372943,1622650837654382209
26,"cube-1002-bin","zzzz",1622650837654388647,1622650837686168069,1591,2864,8592
26,"cube-1002-bin","post",1622650837686176436,1622650837686441506
26,"cube-2791-asc","prep",1622650837686557004,1622650837752320847
26,"cube-2791-asc","zzzz",1622650837752327036,1622650843775575477,76261,110726,332178
26,"cube-2791-asc","post",1622650843775585464,1622650843814183251
26,"cube-2456-bin","prep",1622650843814373177,1622650843880434919
26,"cube-2456-bin","zzzz",1622650843880440032,1622650848744976033,65827,95680,287040
26,"cube-2456-bin","post",1622650848744986252,1622650848760323541
26,"cube-1799-bin","prep",1622650848760372434,1622650849176865686
26,"cube-1799-bin","zzzz",1622650849176871844,1622651015790976731,766188,1055018,3165054
26,"cube-1799-bin","post",1622651015791032037,1622651015867373314
26,"cube-1688-asc","prep",1622651015867703283,1622651015871155430
26,"cube-1688-asc","zzzz",1622651015871159108,1622651015901320321,1505,2758,8274
26,"cube-1688-asc","post",1622651015901330302,1622651015901804265
26,"cube-317-stl-bin","mesh",1622651015901918810,1622651017398571180
26,"cube-317-stl-bin","prep",1622651017481556695,1622651017590133427
26,"cube-317-stl-bin","zzzz",1622651017590140503,1622651038353226646,161063,256552,769656
26,"cube-317-stl-bin","post",1622651038353237220,1622651038437891366
26,"cube-2392-geo","mesh",1622651038437926590,1622651041089135740
26,"cube-2392-geo","prep",1622651041089925187,1622651041363622568
26,"cube-2392-geo","zzzz",1622651041363628473,1622651071036266738,232054,326354,979062
26,"cube-2392-geo","post",1622651071036276058,1622651071149475558
26,"cube-92-geo","mesh",1622651071149553223,1622651071585637619
26,"cube-92-geo","prep",1622651071586470016,1622651071623067252
26,"cube-92-geo","zzzz",1622651071623078755,1622651073307486263,31023,46120,138360
26,"cube-92-geo","post",1622651073307496868,1622651073329581432
26,"cube-2666-asc","prep",1622651073330004934,1622651073335012778
26,"cube-2666-asc","zzzz",1622651073335014452,1622651073338377033,248,519,1557
26,"cube-2666-asc","post",1622651073338380798,1622651073338449341
26,"cube-911-asc","prep",1622651073338463658,1622651073939614470
26,"cube-911-asc","zzzz",1622651073939619058,1622651555924697644,1048847,2340182,7020546
26,"cube-911-asc","post",1622651555924706267,1622651556138077609
26,"cube-3036-stl-bin","mesh",1622651556138464452,1622651558066275304
26,"cube-3036-stl-bin","prep",1622651558067160279,1622651558280936856
26,"cube-3036-stl-bin","zzzz",1622651558280943503,1622651583216844605,182912,290272,870816
26,"cube-3036-stl-bin","post",1622651583216858828,1622651583340533332
26,"cube-1818-geo","mesh",1622651583340569760,1622651583507780433
26,"cube-1818-geo","prep",1622651583508635038,1622651583516098112
26,"cube-1818-geo","zzzz",1622651583516100413,1622651583874476655,10033,15794,47382
26,"cube-1818-geo","post",1622651583874486462,1622651583878182330
26,"cube-3414-stl-bin","mesh",1622651583878636813,1622651584263151074
26,"cube-3414-stl-bin","prep",1622651584264009314,1622651584307119538
26,"cube-3414-stl-bin","zzzz",1622651584307125170,1622651587460229959,40181,71022,213066
26,"cube-3414-stl-bin","post",1622651587460239632,1622651587492068141
26,"cube-2035-asc","prep",1622651587492104395,1622651588231162011
26,"cube-2035-asc","zzzz",1622651588231169895,1622651881938428046,1176472,1614041,4842123
26,"cube-2035-asc","post",1622651881938438087,1622651882153228233
26,"cube-2874-bin.cgns","prep",1622651882153724562,1622651882194863027
26,"cube-2874-bin.cgns","zzzz",1622651882194867509,1622651882198197931,247,516,1548
26,"cube-2874-bin.cgns","post",1622651882198213218,1622651882198437200
26,"cube-2534-bin","prep",1622651882198513334,1622651882224741716
26,"cube-2534-bin","zzzz",1622651882224745269,1622651884493413129,38362,56620,169860
26,"cube-2534-bin","post",1622651884493422436,1622651884496804391
26,"cube-1668-asc","prep",1622651884496839343,1622651884520481817
26,"cube-1668-asc","zzzz",1622651884520487125,1622651885837604121,26251,38959,116877
26,"cube-1668-asc","post",1622651885837613548,1622651885847387342
26,"cube-3361-geo","mesh",1622651885848016131,1622651886224752735
26,"cube-3361-geo","prep",1622651886225673992,1622651886258979296
26,"cube-3361-geo","zzzz",1622651886258983707,1622651887569528054,26114,38789,116367
26,"cube-3361-geo","post",1622651887569537450,1622651887590331210
26,"cube-1512-bin","prep",1622651887591671016,1622651887596763103
26,"cube-1512-bin","zzzz",1622651887596765263,1622651887648773904,2390,4099,12297
26,"cube-1512-bin","post",1622651887648781104,1622651887649102044
26,"cube-3231-bin.cgns","prep",1622651887649177923,1622651887650137421
26,"cube-3231-bin.cgns","zzzz",1622651887650140823,1622651887766818813,4438,7218,21654
26,"cube-3231-bin.cgns","post",1622651887766827761,1622651887766868317
26,"cube-786-geo","mesh",1622651887766964534,1622651892546173960
26,"cube-786-geo","prep",1622651892547069637,1622651893005591769
26,"cube-786-geo","zzzz",1622651893005598504,1622651955325806741,384174,536553,1609659
26,"cube-786-geo","post",1622651955325820807,1622651955521027378
26,"cube-865-stl-bin","mesh",1622651955521207955,1622651956595918087
26,"cube-865-stl-bin","prep",1622651956596806520,1622651956719128911
26,"cube-865-stl-bin","zzzz",1622651956719135681,1622651966843449182,94970,157688,473064
26,"cube-865-stl-bin","post",1622651966843462732,1622651966914696894
26,"cube-3199-asc","prep",1622651966914730669,1622651966926878451
26,"cube-3199-asc","zzzz",1622651966926881417,1622651967137528730,6899,10907,32721
26,"cube-3199-asc","post",1622651967137538909,1622651967138239267
26,"cube-3388-bin","prep",1622651967138284770,1622651967202376081
26,"cube-3388-bin","zzzz",1622651967202382046,1622651976545010774,104052,149251,447753
26,"cube-3388-bin","post",1622651976545024717,1622651976559420751
26,"cube-455-asc","prep",1622651976559469901,1622651976570136187
26,"cube-455-asc","zzzz",1622651976570140495,1622651976587640764,1039,1828,5484
26,"cube-455-asc","post",1622651976587650912,1622651976588171506
26,"cube-1092-bin.cgns","prep",1622651976588222305,1622651976894054913
26,"cube-1092-bin.cgns","zzzz",1622651976894062981,1622652328130864036,1347763,1845773,5537319
26,"cube-1092-bin.cgns","post",1622652328130873044,1622652328130915830
26,"cube-3705-bin.cgns","prep",1622652328131510999,1622652328132122530
26,"cube-3705-bin.cgns","zzzz",1622652328132125618,1622652328140251434,520,1025,3075
26,"cube-3705-bin.cgns","post",1622652328140256169,1622652328140293425
26,"cube-552-geo","mesh",1622652328140373807,1622652328253627009
26,"cube-552-geo","prep",1622652328254532565,1622652328260649859
26,"cube-552-geo","zzzz",1622652328261024390,1622652328483253683,7149,11322,33966
26,"cube-552-geo","post",1622652328483263273,1622652328489658067
26,"cube-1694-bin","prep",1622652328489754184,1622652328493546210
26,"cube-1694-bin","zzzz",1622652328493549243,1622652328657164326,5718,9143,27429
26,"cube-1694-bin","post",1622652328657172505,1622652328657764402
26,"cube-2429-geo","mesh",1622652328657848077,1622652328784984245
26,"cube-2429-geo","prep",1622652328785900448,1622652328793473417
26,"cube-2429-geo","zzzz",1622652328793476832,1622652329057494224,8009,12767,38301
26,"cube-2429-geo","post",1622652329057504226,1622652329064793310
26,"cube-375-asc","prep",1622652329065415360,1622652329592699767
26,"cube-375-asc","zzzz",1622652329592707263,1622652568079260863,1005159,1380600,4141800
26,"cube-375-asc","post",1622652568079274782,1622652568160701349
26,"cube-1538-bin.cgns","prep",1622652568161207118,1622652568484247957
26,"cube-1538-bin.cgns","zzzz",1622652568484256621,1622652763747900116,863203,1188327,3564981
26,"cube-1538-bin.cgns","post",1622652763747910193,1622652763747962920
26,"cube-2348-bin","prep",1622652763748067757,1622652763748420492
26,"cube-2348-bin","zzzz",1622652763748422616,1622652763753200439,326,683,2049
26,"cube-2348-bin","post",1622652763753215942,1622652763753468498
26,"cube-1383-asc","prep",1622652763753485421,1622652763879171559
26,"cube-1383-asc","zzzz",1622652763879177691,1622652793419107085,231207,325328,975984
26,"cube-1383-asc","post",1622652793419116145,1622652793455431495
26,"cube-3561-stl-bin","mesh",1622652793455490359,1622652793466436284
26,"cube-3561-stl-bin","prep",1622652793467526491,1622652793467811246
26,"cube-3561-stl-bin","zzzz",1622652793467814150,1622652793474243364,248,857,2571
26,"cube-3561-stl-bin","post",1622652793474248164,1622652793474383859
26,"cube-937-stl-bin","mesh",1622652793474398108,1622652793489270372
26,"cube-937-stl-bin","prep",1622652793490095673,1622652793491038593
26,"cube-937-stl-bin","zzzz",1622652793491040849,1622652793527057973,1168,3151,9453
26,"cube-937-stl-bin","post",1622652793527073504,1622652793527476987
26,"cube-163-bin","prep",1622652793527705240,1622652793530612499
26,"cube-163-bin","zzzz",1622652793530614560,1622652793736579713,6778,10741,32223
26,"cube-163-bin","post",1622652793736589205,1622652793737242531
26,"cube-942-bin.cgns","prep",1622652793737295958,1622652793760743048
26,"cube-942-bin.cgns","zzzz",1622652793760746974,1622652793846516068,3519,5818,17454
26,"cube-942-bin.cgns","post",1622652793846524372,1622652793846560346
26,"cube-415-bin","prep",1622652793846656389,1622652793927312517
26,"cube-415-bin","zzzz",1622652793927317855,1622652808985383258,145341,206402,619206
26,"cube-415-bin","post",1622652808985396886,1622652809032096333
26,"cube-1003-bin","prep",1622652809032128897,1622652809039477994
26,"cube-1003-bin","zzzz",1622652809039480702,1622652809064560580,1311,2402,7206
26,"cube-1003-bin","post",1622652809064564484,1622652809064987850
26,"cube-1826-stl-bin","mesh",1622652809065065170,1622652809075829427
26,"cube-1826-stl-bin","prep",1622652809076717595,1622652809077201629
26,"cube-1826-stl-bin","zzzz",1622652809077204244,1622652809091715941,484,1587,4761
26,"cube-1826-stl-bin","post",1622652809091725897,1622652809092217469
26,"cube-1016-asc","prep",1622652809092253030,1622652809563598964
26,"cube-1016-asc","zzzz",1622652809563603602,1622653129376504900,983899,1720444,5161332
26,"cube-1016-asc","post",1622653129376519094,1622653129481922985
26,"cube-2341-asc","prep",1622653129481963806,1622653130048576687
26,"cube-2341-asc","zzzz",1622653130048583955,1622653414852717494,1149018,1577190,4731570
26,"cube-2341-asc","post",1622653414852731040,1622653414951614242
26,"cube-915-bin","prep",1622653414951686119,1622653414952926020
26,"cube-915-bin","zzzz",1622653414952928467,1622653414956293161,248,519,1557
26,"cube-915-bin","post",1622653414956303177,1622653414956526017
26,"cube-469-bin.cgns","prep",1622653414956562277,1622653414983201411
26,"cube-469-bin.cgns","zzzz",1622653414983204512,1622653415192409683,6816,10855,32565
26,"cube-469-bin.cgns","post",1622653415192419759,1622653415192467887
26,"cube-1008-bin","prep",1622653415192544480,1622653415193169005
26,"cube-1008-bin","zzzz",1622653415193170558,1622653415217347519,1270,2333,6999
26,"cube-1008-bin","post",1622653415217381931,1622653415217667604
26,"cube-2992-geo","mesh",1622653415217764660,1622653415545951634
26,"cube-2992-geo","prep",1622653415546723801,1622653415560926155
26,"cube-2992-geo","zzzz",1622653415560929848,1622653416715599182,23565,35541,106623
26,"cube-2992-geo","post",1622653416715609286,1622653416724431435
26,"cube-1918-bin","prep",1622653416725349912,1622653416733496918
26,"cube-1918-bin","zzzz",1622653416733498969,1622653416984756375,7802,12334,37002
26,"cube-1918-bin","post",1622653416984766212,1622653416987543568
26,"cube-3019-asc","prep",1622653416987734659,1622653417010043660
26,"cube-3019-asc","zzzz",1622653417010047631,1622653419099383171,36219,53516,160548
26,"cube-3019-asc","post",1622653419099394990,1622653419108072297
26,"cube-2215-asc","prep",1622653419108122336,1622653419110926403
26,"cube-2215-asc","zzzz",1622653419110928497,1622653419138374987,1414,2567,7701
26,"cube-2215-asc","post",1622653419138385015,1622653419138990119
26,"cube-2682-asc","prep",1622653419139027570,1622653419139264391
26,"cube-2682-asc","zzzz",1622653419139265502,1622653419141133831,142,327,981
26,"cube-2682-asc","post",1622653419141143507,1622653419141272807
26,"cube-3165-bin","prep",1622653419141305814,1622653419141899636
26,"cube-3165-bin","zzzz",1622653419141901057,1622653419145917183,287,596,1788
26,"cube-3165-bin","post",1622653419145927073,1622653419146099747
26,"cube-785-geo","mesh",1622653419146134985,1622653419180307325
26,"cube-785-geo","prep",1622653419181070763,1622653419182215701
26,"cube-785-geo","zzzz",1622653419182217530,1622653419216036113,1667,3004,9012
26,"cube-785-geo","post",1622653419216045876,1622653419216694644
26,"cube-3558-geo","mesh",1622653419216716178,1622653419225125967
26,"cube-3558-geo","prep",1622653419225885065,1622653419226057735
26,"cube-3558-geo","zzzz",1622653419226059332,1622653419229372189,243,512,1536
26,"cube-3558-geo","post",1622653419229382043,1622653419229628529
26,"cube-2583-asc","prep",1622653419229665196,1622653419230369000
26,"cube-2583-asc","zzzz",1622653419230370546,1622653419242549879,743,1390,4170
26,"cube-2583-asc","post",1622653419242559777,1622653419243085705
26,"cube-2599-bin","prep",1622653419243098141,1622653420496927791
26,"cube-2599-bin","zzzz",1622653420496935853,1622654080823680646,2172540,2963456,8890368
26,"cube-2599-bin","post",1622654080823694811,1622654081154508870
26,"cube-1105-bin","prep",1622654081155266104,1622654081165612330
26,"cube-1105-bin","zzzz",1622654081165615572,1622654081191206471,1336,2435,7305
26,"cube-1105-bin","post",1622654081191216585,1622654081191769373
26,"cube-1269-geo","mesh",1622654081191787397,1622654092823969370
26,"cube-1269-geo","prep",1622654092824824709,1622654093937450638
26,"cube-1269-geo","zzzz",1622654093937457240,1622654351191543225,1063105,1461325,4383975
26,"cube-1269-geo","post",1622654351191550641,1622654351504484761
26,"cube-2005-bin","prep",1622654351504523262,1622654351518609441
26,"cube-2005-bin","zzzz",1622654351518612089,1622654351695445361,6046,9653,28959
26,"cube-2005-bin","post",1622654351695455324,1622654351696741059
26,"cube-3445-geo","mesh",1622654351696812381,1622654351720283556
26,"cube-3445-geo","prep",1622654351721095317,1622654351721384861
26,"cube-3445-geo","zzzz",1622654351721386708,1622654351727047283,371,776,2328
26,"cube-3445-geo","post",1622654351727057207,1622654351727486283
26,"cube-2326-geo","mesh",1622654351727525109,1622654351782835971
26,"cube-2326-geo","prep",1622654351783583718,1622654351785684811
26,"cube-2326-geo","zzzz",1622654351785686781,1622654351871140792,3514,5803,17409
26,"cube-2326-geo","post",1622654351871150750,1622654351872228821
26,"cube-3192-geo","mesh",1622654351872245990,1622654370892067060
26,"cube-3192-geo","prep",1622654370892904128,1622654372867772436
26,"cube-3192-geo","zzzz",1622654372867778313,1622654875881615549,1768369,2416375,7249125
26,"cube-3192-geo","post",1622654875881998752,1622654876375105552
26,"cube-3080-bin","prep",1622654876376141063,1622654876914312097
26,"cube-3080-bin","zzzz",1622654876914318642,1622655090556674362,924836,1271281,3813843
26,"cube-3080-bin","post",1622655090556694063,1622655090634255995
26,"cube-3549-geo","mesh",1622655090634342618,1622655090679454926
26,"cube-3549-geo","prep",1622655090680331069,1622655090681197365
26,"cube-3549-geo","zzzz",1622655090681200246,1622655090703141025,1201,2168,6504
26,"cube-3549-geo","post",1622655090703145553,1622655090703687196
26,"cube-20-asc","prep",1622655090703715848,1622655091012347367
26,"cube-20-asc","zzzz",1622655091012353540,1622655197159412187,551162,764512,2293536
26,"cube-20-asc","post",1622655197159423055,1622655197205796328
26,"cube-58-geo","mesh",1622655197205843227,1622655209650145967
26,"cube-58-geo","prep",1622655209650999207,1622655210864870446
26,"cube-58-geo","zzzz",1622655210864875846,1622655491209745116,1136167,1558639,4675917
26,"cube-58-geo","post",1622655491209759106,1622655491548726488
26,"cube-1477-stl-bin","mesh",1622655491548947570,1622655491576853722
26,"cube-1477-stl-bin","prep",1622655491577700529,1622655491577958318
26,"cube-1477-stl-bin","zzzz",1622655491577960111,1622655491587370893,333,1142,3426
26,"cube-1477-stl-bin","post",1622655491587380723,1622655491587560388
26,"cube-880-geo","mesh",1622655491587573461,1622655491759465599
26,"cube-880-geo","prep",1622655491760280693,1622655491767788654
26,"cube-880-geo","zzzz",1622655491767791002,1622655492244372498,12427,19255,57765
26,"cube-880-geo","post",1622655492244382302,1622655492247305592
26,"cube-3793-bin","prep",1622655492247325115,1622655492248752077
26,"cube-3793-bin","zzzz",1622655492248753967,1622655492265972648,1023,1806,5418
26,"cube-3793-bin","post",1622655492265989381,1622655492266092787
26,"cube-1671-geo","mesh",1622655492266138787,1622655492273974382
26,"cube-1671-geo","prep",1622655492274787076,1622655492274925372
26,"cube-1671-geo","zzzz",1622655492274926993,1622655492278254677,246,515,1545
26,"cube-1671-geo","post",1622655492278264685,1622655492278559863
26,"cube-598-stl-bin","mesh",1622655492278596636,1622655502905871524
26,"cube-598-stl-bin","prep",1622655502906698766,1622655504134984782
26,"cube-598-stl-bin","zzzz",1622655504134991069,1622655809004970526,1129663,1659823,4979469
26,"cube-598-stl-bin","post",1622655809004979581,1622655809333774898
26,"cube-1911-bin","prep",1622655809333808836,1622655809345082461
26,"cube-1911-bin","zzzz",1622655809345085192,1622655809355933282,658,1273,3819
26,"cube-1911-bin","post",1622655809355943485,1622655809356333357
26,"cube-405-asc","prep",1622655809356474061,1622655809390147240
26,"cube-405-asc","zzzz",1622655809390150241,1622655812799982833,50904,74903,224709
26,"cube-405-asc","post",1622655812799993973,1622655812804341247
26,"cube-1408-bin","prep",1622655812804378552,1622655813039751628
26,"cube-1408-bin","zzzz",1622655813039757279,1622655894644141141,461447,642088,1926264
26,"cube-1408-bin","post",1622655894644156467,1622655894683677755
26,"cube-3636-asc","prep",1622655894683723049,1622655894686428565
26,"cube-3636-asc","zzzz",1622655894686431516,1622655894843906155,5554,8902,26706
26,"cube-3636-asc","post",1622655894843916450,1622655894844475522
26,"cube-1908-asc","prep",1622655894844526152,1622655894845064143
26,"cube-1908-asc","zzzz",1622655894845065360,1622655894852979631,503,1002,3006
26,"cube-1908-asc","post",1622655894852989492,1622655894853251588
26,"cube-2011-asc","prep",1622655894853282672,1622655894853699433
26,"cube-2011-asc","zzzz",1622655894853700737,1622655894859373725,372,777,2331
26,"cube-2011-asc","post",1622655894859383677,1622655894859557750
26,"cube-2737-bin","prep",1622655894859586418,1622655894862316022
26,"cube-2737-bin","zzzz",1622655894862318329,1622655894960869721,3917,6413,19239
26,"cube-2737-bin","post",1622655894960879599,1622655894961607357
26,"cube-1104-bin","prep",1622655894961625123,1622655894973774531
26,"cube-1104-bin","zzzz",1622655894973776365,1622655896215130824,24973,37394,112182
26,"cube-1104-bin","post",1622655896215150343,1622655896217330099
26,"cube-2098-geo","mesh",1622655896217354745,1622655899417026658
26,"cube-2098-geo","prep",1622655899417895638,1622655899717788017
26,"cube-2098-geo","zzzz",1622655899717793922,1622655939247623292,282092,395698,1187094
26,"cube-2098-geo","post",1622655939247638398,1622655939358143868
26,"cube-3237-geo","mesh",1622655939358177418,1622655939376182408
26,"cube-3237-geo","prep",1622655939377014161,1622655939377223453
26,"cube-3237-geo","zzzz",1622655939377225420,1622655939380610723,251,522,1566
26,"cube-3237-geo","post",1622655939380620488,1622655939380931881
26,"cube-2367-geo","mesh",1622655939380965852,1622655939427688837
26,"cube-2367-geo","prep",1622655939428441086,1622655939429658226
26,"cube-2367-geo","zzzz",1622655939429660068,1622655939489391631,2646,4513,13539
26,"cube-2367-geo","post",1622655939489401521,1622655939489861316
26,"cube-2064-asc","prep",1622655939490148571,1622655939528604497
26,"cube-2064-asc","zzzz",1622655939528610203,1622655945538375067,76254,110408,331224
26,"cube-2064-asc","post",1622655945538390127,1622655945545161536
26,"cube-3622-bin","prep",1622655945545189940,1622655945545736995
26,"cube-3622-bin","zzzz",1622655945545739152,1622655945550544274,327,684,2052
26,"cube-3622-bin","post",1622655945550554953,1622655945550795249
26,"cube-3350-bin","prep",1622655945550807723,1622655945691956608
26,"cube-3350-bin","zzzz",1622655945691962250,1622655983555088410,273856,384416,1153248
26,"cube-3350-bin","post",1622655983555095717,1622655983578701073
26,"cube-3389-bin","prep",1622655983578730065,1622655984085749039
26,"cube-3389-bin","zzzz",1622655984085755250,1622656207340002302,955210,1313931,3941793
26,"cube-3389-bin","post",1622656207340016677,1622656207421787416
26,"cube-2711-bin","prep",1622656207421832045,1622656207422775650
26,"cube-2711-bin","zzzz",1622656207422778314,1622656207442280513,1113,1984,5952
26,"cube-2711-bin","post",1622656207442290497,1622656207442687194
26,"cube-2717-asc","prep",1622656207442857114,1622656207516145666
26,"cube-2717-asc","zzzz",1622656207516151315,1622656221602042986,138990,197348,592044
26,"cube-2717-asc","post",1622656221602056288,1622656221614465007
26,"cube-1115-geo","mesh",1622656221614514999,1622656221636350061
26,"cube-1115-geo","prep",1622656221637212988,1622656221637736850
26,"cube-1115-geo","zzzz",1622656221637739095,1622656221655085173,1031,1816,5448
26,"cube-1115-geo","post",1622656221655095044,1622656221655633363
26,"cube-2698-stl-bin","mesh",1622656221655893491,1622656234161708417
26,"cube-2698-stl-bin","prep",1622656234162543203,1622656235538444828
26,"cube-2698-stl-bin","zzzz",1622656235538452176,1622656585050169301,1252950,1838970,5516910
26,"cube-2698-stl-bin","post",1622656585050183686,1622656585412639633
26,"cube-755-asc","prep",1622656585412692087,1622656585443085764
26,"cube-755-asc","zzzz",1622656585443090550,1622656587356475868,34081,50378,151134
26,"cube-755-asc","post",1622656587356487315,1622656587359533414
26,"cube-2532-asc","prep",1622656587359576842,1622656587360944618
26,"cube-2532-asc","zzzz",1622656587360946614,1622656587364128157,232,497,1491
26,"cube-2532-asc","post",1622656587364138163,1622656587364327206
26,"cube-3072-asc","prep",1622656587364371808,1622656587365499088
26,"cube-3072-asc","zzzz",1622656587365500825,1622656587383288986,1058,1851,5553
26,"cube-3072-asc","post",1622656587383298740,1622656587383598997
26,"cube-3916-asc","prep",1622656587383721829,1622656587385570501
26,"cube-3916-asc","zzzz",1622656587385572478,1622656587414073844,1470,2641,7923
26,"cube-3916-asc","post",1622656587414083644,1622656587415551404
26,"cube-946-bin","prep",1622656587415564804,1622656587416790152
26,"cube-946-bin","zzzz",1622656587416791937,1622656587441886962,1308,2399,7197
26,"cube-946-bin","post",1622656587441890677,1622656587442019766
26,"cube-555-stl-bin","mesh",1622656587442076002,1622656587446765354
26,"cube-555-stl-bin","prep",1622656587447730888,1622656587447946332
26,"cube-555-stl-bin","zzzz",1622656587447948192,1622656587455183796,271,936,2808
26,"cube-555-stl-bin","post",1622656587455193709,1622656587455430880
26,"cube-3467-asc","prep",1622656587455872677,1622656587458135396
26,"cube-3467-asc","zzzz",1622656587458137190,1622656587553023361,3796,6245,18735
26,"cube-3467-asc","post",1622656587553033264,1622656587554039660
26,"cube-3859-geo","mesh",1622656587554130680,1622656589126909723
26,"cube-3859-geo","prep",1622656589127789690,1622656589250706527
26,"cube-3859-geo","zzzz",1622656589250711487,1622656601949373851,129387,183936,551808
26,"cube-3859-geo","post",1622656601949386871,1622656602003057481
26,"cube-1254-geo","mesh",1622656602003089743,1622656602025544895
26,"cube-1254-geo","prep",1622656602026362855,1622656602026762536
26,"cube-1254-geo","zzzz",1622656602026764522,1622656602039090507,753,1404,4212
26,"cube-1254-geo","post",1622656602039095392,1622656602039389892
26,"cube-3078-bin","prep",1622656602039403219,1622656602042579099
26,"cube-3078-bin","zzzz",1622656602042580966,1622656602203491532,5650,9038,27114
26,"cube-3078-bin","post",1622656602203505504,1622656602204408643
26,"Proc","exit_task",1622650751065478849,1622656602230977896,3960232
