31,"build/tests/sizes/cube-517-asc.bdf","scan",1622650765996057167,1622650766130165974
31,"build/tests/sizes/cube-517-asc.bdf","chck",1622650765975427491,1622650766130277690
31,"build/tests/sizes/cube-18-bin.cgns","scan",1622650766153421141,1622650766285801448
31,"build/tests/sizes/cube-18-bin.cgns","chck",1622650766130279084,1622650766285806798
31,"build/tests/sizes/cube-1100-asc.msh2","scan",1622650766313667133,1622650767820869815
31,"build/tests/sizes/cube-1100-asc.msh2","chck",1622650766285807643,1622650767820894162
31,"build/tests/sizes/cube-1971-bin.msh2","scan",1622650767823347373,1622650770161876391
31,"build/tests/sizes/cube-1971-bin.msh2","chck",1622650767820895404,1622650770161901516
31,"build/tests/sizes/cube-28-asc.mesh","scan",1622650770175939852,1622650770206477721
31,"build/tests/sizes/cube-28-asc.mesh","chck",1622650770161902773,1622650770206485517
31,"build/tests/sizes/cube-2751-bin.vtk","scan",1622650770207589338,1622650770838201221
31,"build/tests/sizes/cube-2751-bin.vtk","chck",1622650770206486758,1622650770838207004
31,"build/tests/sizes/cube-1920-bin.cgns","scan",1622650770856069303,1622650771047809320
31,"build/tests/sizes/cube-1920-bin.cgns","chck",1622650770838208135,1622650771047815894
31,"build/tests/sizes/cube-3123-geo.geo","scan",1622650771048650950,1622650771050959558
31,"build/tests/sizes/cube-3123-geo.geo","chck",1622650771047817119,1622650771050965488
31,"build/tests/sizes/cube-1197-asc.msh2","scan",1622650771057155447,1622650774243431982
31,"build/tests/sizes/cube-1197-asc.msh2","chck",1622650771050966619,1622650774243437636
31,"build/tests/sizes/cube-959-bin.msh2","scan",1622650774262335655,1622650774272040658
31,"build/tests/sizes/cube-959-bin.msh2","chck",1622650774243438693,1622650774272047235
31,"build/tests/sizes/cube-3972-geo.geo_unrolled","scan",1622650774272620164,1622650774273777162
31,"build/tests/sizes/cube-3972-geo.geo_unrolled","chck",1622650774272048334,1622650774273782773
31,"build/tests/sizes/cube-720-asc.msh2","scan",1622650774292058328,1622650774322126163
31,"build/tests/sizes/cube-720-asc.msh2","chck",1622650774273783753,1622650774322133933
31,"build/tests/sizes/cube-844-asc.bdf","scan",1622650774340566831,1622650774474159376
31,"build/tests/sizes/cube-844-asc.bdf","chck",1622650774322135273,1622650774474166980
31,"build/tests/sizes/cube-1460-bin.vtk","scan",1622650774491465045,1622650776299472183
31,"build/tests/sizes/cube-1460-bin.vtk","chck",1622650774474168151,1622650776299501096
31,"build/tests/sizes/cube-3652-asc.msh2","scan",1622650776300265952,1622650778597879400
31,"build/tests/sizes/cube-3652-asc.msh2","chck",1622650776299502374,1622650778597886070
31,"build/tests/sizes/cube-2158-asc.bdf","scan",1622650778610809447,1622650779788422414
31,"build/tests/sizes/cube-2158-asc.bdf","chck",1622650778597887299,1622650779788436246
31,"build/tests/sizes/cube-2042-asc.bdf","scan",1622650779789060911,1622650779832409835
31,"build/tests/sizes/cube-2042-asc.bdf","chck",1622650779788437441,1622650779832416840
31,"build/tests/sizes/cube-1552-stl-bin.geo","scan",1622650779836166755,1622650780490603960
31,"build/tests/sizes/cube-1552-stl-bin.geo","chck",1622650779832418213,1622650780490612094
31,"build/tests/sizes/cube-1227-geo.geo","scan",1622650780496857210,1622650780499441547
31,"build/tests/sizes/cube-1227-geo.geo","chck",1622650780490613287,1622650780499447304
31,"build/tests/sizes/cube-161-asc.msh2","scan",1622650780500606111,1622650780505674046
31,"build/tests/sizes/cube-161-asc.msh2","chck",1622650780499448322,1622650780505679419
31,"build/tests/sizes/cube-3460-bin.msh4","scan",1622650780506207061,1622650780575012844
31,"build/tests/sizes/cube-3460-bin.msh4","chck",1622650780505680396,1622650780575019915
31,"build/tests/sizes/cube-3133-bin.cgns","scan",1622650780578784909,1622650780649419543
31,"build/tests/sizes/cube-3133-bin.cgns","chck",1622650780575021056,1622650780649426778
31,"build/tests/sizes/cube-3997-asc.msh2","scan",1622650780650251028,1622650789670742493
31,"build/tests/sizes/cube-3997-asc.msh2","chck",1622650780649428038,1622650789670750786
31,"build/tests/sizes/cube-3039-bin.vtk","scan",1622650789673570117,1622650789701570420
31,"build/tests/sizes/cube-3039-bin.vtk","chck",1622650789670751887,1622650789701580369
31,"build/tests/sizes/cube-3357-bin.msh4","scan",1622650789702154888,1622650789721421743
31,"build/tests/sizes/cube-3357-bin.msh4","chck",1622650789701581598,1622650789721428048
31,"build/tests/sizes/cube-2850-stl-bin.geo","scan",1622650789722134875,1622650789732666472
31,"build/tests/sizes/cube-2850-stl-bin.geo","chck",1622650789721429186,1622650789732673687
31,"build/tests/sizes/cube-3487-bin.vtk","scan",1622650789733243354,1622650789734649861
31,"build/tests/sizes/cube-3487-bin.vtk","chck",1622650789732674906,1622650789734654003
31,"build/tests/sizes/cube-3986-geo.geo_unrolled","scan",1622650789735218740,1622650789736334082
31,"build/tests/sizes/cube-3986-geo.geo_unrolled","chck",1622650789734654998,1622650789736338619
31,"build/tests/sizes/cube-2959-asc.mesh","scan",1622650789736841947,1622650789870516204
31,"build/tests/sizes/cube-2959-asc.mesh","chck",1622650789736339620,1622650789870523749
31,"build/tests/sizes/cube-715-asc.bdf","scan",1622650789871854173,1622650789874620470
31,"build/tests/sizes/cube-715-asc.bdf","chck",1622650789870525138,1622650789874626319
31,"build/tests/sizes/cube-322-stl-bin.geo","scan",1622650789883882963,1622650789891976950
31,"build/tests/sizes/cube-322-stl-bin.geo","chck",1622650789874627297,1622650789891983739
31,"build/tests/sizes/cube-3703-geo.geo","scan",1622650789892565925,1622650789893858138
31,"build/tests/sizes/cube-3703-geo.geo","chck",1622650789891984713,1622650789893863814
31,"build/tests/sizes/cube-3538-asc.bdf","scan",1622650789894408150,1622650802205928208
31,"build/tests/sizes/cube-3538-asc.bdf","chck",1622650789893864855,1622650802205961670
31,"build/tests/sizes/cube-338-bin.cgns","scan",1622650802562496493,1622650802721179046
31,"build/tests/sizes/cube-338-bin.cgns","chck",1622650802205962944,1622650802721185025
31,"build/tests/sizes/cube-531-asc.msh2","scan",1622650802737019670,1622650803400446868
31,"build/tests/sizes/cube-531-asc.msh2","chck",1622650802721186196,1622650803400454208
31,"build/tests/sizes/cube-2136-bin.vtk","scan",1622650803401096168,1622650803410619771
31,"build/tests/sizes/cube-2136-bin.vtk","chck",1622650803400455358,1622650803410626263
31,"build/tests/sizes/cube-2167-bin.msh4","scan",1622650803411203728,1622650803459067338
31,"build/tests/sizes/cube-2167-bin.msh4","chck",1622650803410627296,1622650803459075345
31,"build/tests/sizes/cube-3975-bin.msh2","scan",1622650803459757269,1622650803461546757
31,"build/tests/sizes/cube-3975-bin.msh2","chck",1622650803459076591,1622650803461552808
31,"build/tests/sizes/cube-3095-stl-bin.geo","scan",1622650803462093559,1622650803464745993
31,"build/tests/sizes/cube-3095-stl-bin.geo","chck",1622650803461553884,1622650803464751035
31,"build/tests/sizes/cube-2176-asc.msh2","scan",1622650803465734354,1622650803475249198
31,"build/tests/sizes/cube-2176-asc.msh2","chck",1622650803464752408,1622650803475254092
31,"build/tests/sizes/cube-1803-asc.msh2","scan",1622650803476408757,1622650807554305289
31,"build/tests/sizes/cube-1803-asc.msh2","chck",1622650803475255069,1622650807554319913
31,"build/tests/sizes/cube-3674-asc.bdf","scan",1622650807555163638,1622650807603696561
31,"build/tests/sizes/cube-3674-asc.bdf","chck",1622650807554321137,1622650807603703587
31,"build/tests/sizes/cube-2948-geo.geo_unrolled","scan",1622650807604279152,1622650807606240528
31,"build/tests/sizes/cube-2948-geo.geo_unrolled","chck",1622650807603704996,1622650807606245501
31,"build/tests/sizes/cube-1249-bin.msh2","scan",1622650807607329329,1622650807888225727
31,"build/tests/sizes/cube-1249-bin.msh2","chck",1622650807606246591,1622650807888233541
31,"build/tests/sizes/cube-335-bin.msh2","scan",1622650807899575122,1622650808039651454
31,"build/tests/sizes/cube-335-bin.msh2","chck",1622650807888234788,1622650808039659301
31,"build/tests/sizes/cube-2150-asc.mesh","scan",1622650808040318962,1622650814648630801
31,"build/tests/sizes/cube-2150-asc.mesh","chck",1622650808039660536,1622650814648638227
31,"build/tests/sizes/cube-3250-bin.msh4","scan",1622650814649823755,1622650814651313448
31,"build/tests/sizes/cube-3250-bin.msh4","chck",1622650814649194708,1622650814651318979
31,"build/tests/sizes/cube-328-bin.vtk","scan",1622650814664604328,1622650814699430697
31,"build/tests/sizes/cube-328-bin.vtk","chck",1622650814651319924,1622650814699443551
31,"build/tests/sizes/cube-2198-asc.mesh","scan",1622650814700013864,1622650815990685858
31,"build/tests/sizes/cube-2198-asc.mesh","chck",1622650814699444709,1622650815990692899
31,"build/tests/sizes/cube-2973-bin.msh4","scan",1622650815991513874,1622650815998260525
31,"build/tests/sizes/cube-2973-bin.msh4","chck",1622650815990694108,1622650815998266424
31,"build/tests/sizes/cube-3505-geo.geo_unrolled","scan",1622650815998828457,1622650815999968511
31,"build/tests/sizes/cube-3505-geo.geo_unrolled","chck",1622650815998267766,1622650815999972860
31,"build/tests/sizes/cube-548-asc.bdf","scan",1622650816016575487,1622650816094776334
31,"build/tests/sizes/cube-548-asc.bdf","chck",1622650815999973920,1622650816094783166
31,"build/tests/sizes/cube-50-stl-bin.geo","scan",1622650816113259698,1622650816144636811
31,"build/tests/sizes/cube-50-stl-bin.geo","chck",1622650816094784272,1622650816144644865
31,"build/tests/sizes/cube-2763-bin.cgns","scan",1622650816148567617,1622650816210497147
31,"build/tests/sizes/cube-2763-bin.cgns","chck",1622650816144646386,1622650816210505081
31,"build/tests/sizes/cube-3022-asc.mesh","scan",1622650816211269578,1622650816213099203
31,"build/tests/sizes/cube-3022-asc.mesh","chck",1622650816210506305,1622650816213105039
31,"build/tests/sizes/cube-3209-geo.geo_unrolled","scan",1622650816213654547,1622650816214835466
31,"build/tests/sizes/cube-3209-geo.geo_unrolled","chck",1622650816213106335,1622650816214839174
31,"build/tests/sizes/cube-2442-geo.geo","scan",1622650816215374223,1622650816216756961
31,"build/tests/sizes/cube-2442-geo.geo","chck",1622650816214840290,1622650816216761074
31,"build/tests/sizes/cube-658-asc.msh2","scan",1622650816218027054,1622650816259601044
31,"build/tests/sizes/cube-658-asc.msh2","chck",1622650816216761986,1622650816259608350
31,"build/tests/sizes/cube-2149-asc.mesh","scan",1622650816261161982,1622650818772691793
31,"build/tests/sizes/cube-2149-asc.mesh","chck",1622650816259609490,1622650818772699187
31,"build/tests/sizes/cube-2305-geo.geo","scan",1622650818773464585,1622650818774955748
31,"build/tests/sizes/cube-2305-geo.geo","chck",1622650818772700555,1622650818774961172
31,"build/tests/sizes/cube-2713-bin.vtk","scan",1622650818775491722,1622650819472912949
31,"build/tests/sizes/cube-2713-bin.vtk","chck",1622650818774962087,1622650819472920588
31,"build/tests/sizes/cube-1372-geo.geo_unrolled","scan",1622650819474588489,1622650819476068130
31,"build/tests/sizes/cube-1372-geo.geo_unrolled","chck",1622650819472921759,1622650819476073348
31,"build/tests/sizes/cube-2767-asc.msh2","scan",1622650819476565570,1622650821035634659
31,"build/tests/sizes/cube-2767-asc.msh2","chck",1622650819476074398,1622650821035640634
31,"build/tests/sizes/cube-3064-bin.msh2","scan",1622650821036288949,1622650830239017493
31,"build/tests/sizes/cube-3064-bin.msh2","chck",1622650821035641855,1622650830239768232
31,"build/tests/sizes/cube-982-bin.cgns","scan",1622650830338496665,1622650830532760572
31,"build/tests/sizes/cube-982-bin.cgns","chck",1622650830239770179,1622650830532767150
31,"build/tests/sizes/cube-2151-asc.mesh","scan",1622650830533529574,1622650833473842998
31,"build/tests/sizes/cube-2151-asc.mesh","chck",1622650830532768370,1622650833473851276
31,"build/tests/sizes/cube-2163-bin.vtk","scan",1622650833474685439,1622650834403543866
31,"build/tests/sizes/cube-2163-bin.vtk","chck",1622650833473852427,1622650834403550929
31,"build/tests/sizes/cube-4000-bin.vtk","scan",1622650834404205981,1622650834405543017
31,"build/tests/sizes/cube-4000-bin.vtk","chck",1622650834403552045,1622650834405547395
31,"build/tests/sizes/cube-1642-asc.mesh","scan",1622650834416495057,1622650834425005976
31,"build/tests/sizes/cube-1642-asc.mesh","chck",1622650834405548206,1622650834425010314
31,"build/tests/sizes/cube-471-asc.mesh","scan",1622650834429406672,1622650834900992824
31,"build/tests/sizes/cube-471-asc.mesh","chck",1622650834425011269,1622650834901000011
31,"build/tests/sizes/cube-1422-stl-bin.geo","scan",1622650834923040877,1622650834968669938
31,"build/tests/sizes/cube-1422-stl-bin.geo","chck",1622650834901001346,1622650834968676985
31,"build/tests/sizes/cube-1380-bin.msh2","scan",1622650834982424178,1622650838863458781
31,"build/tests/sizes/cube-1380-bin.msh2","chck",1622650834968678274,1622650838863466298
31,"build/tests/sizes/cube-221-asc.msh2","scan",1622650838867733169,1622650843500408148
31,"build/tests/sizes/cube-221-asc.msh2","chck",1622650838863467431,1622650843500415335
31,"build/tests/sizes/cube-2093-asc.mesh","scan",1622650843501168415,1622650843547585234
31,"build/tests/sizes/cube-2093-asc.mesh","chck",1622650843500416512,1622650843547592696
31,"build/tests/sizes/cube-174-bin.cgns","scan",1622650843574868586,1622650843680734004
31,"build/tests/sizes/cube-174-bin.cgns","chck",1622650843547593871,1622650843680740993
31,"build/tests/sizes/cube-3380-bin.msh2","scan",1622650843681657940,1622650848991389454
31,"build/tests/sizes/cube-3380-bin.msh2","chck",1622650843680742167,1622650848991396903
31,"build/tests/sizes/cube-355-bin.msh2","scan",1622650849008758476,1622650849116355502
31,"build/tests/sizes/cube-355-bin.msh2","chck",1622650848991398130,1622650849116367016
31,"build/tests/sizes/cube-330-bin.cgns","scan",1622650849124485857,1622650849229667401
31,"build/tests/sizes/cube-330-bin.cgns","chck",1622650849116367963,1622650849229674015
31,"build/tests/sizes/cube-3219-geo.geo_unrolled","scan",1622650849230403551,1622650849231627186
31,"build/tests/sizes/cube-3219-geo.geo_unrolled","chck",1622650849229675206,1622650849231632127
31,"build/tests/sizes/cube-2101-geo.geo","scan",1622650849232165378,1622650849233439040
31,"build/tests/sizes/cube-2101-geo.geo","chck",1622650849231633039,1622650849233442835
31,"build/tests/sizes/cube-1281-bin.msh4","scan",1622650849245128169,1622650849306483766
31,"build/tests/sizes/cube-1281-bin.msh4","chck",1622650849233443708,1622650849306490497
31,"build/tests/sizes/cube-2161-geo.geo","scan",1622650849307163411,1622650849308624879
31,"build/tests/sizes/cube-2161-geo.geo","chck",1622650849306491547,1622650849308628811
31,"build/tests/sizes/cube-3236-stl-bin.geo","scan",1622650849309139175,1622650849345020865
31,"build/tests/sizes/cube-3236-stl-bin.geo","chck",1622650849308629809,1622650849345026589
31,"build/tests/sizes/cube-1727-asc.msh2","scan",1622650849346397965,1622650859708876609
31,"build/tests/sizes/cube-1727-asc.msh2","chck",1622650849345027593,1622650859708891121
31,"build/tests/sizes/cube-2978-asc.msh2","scan",1622650859713688441,1622650861122832597
31,"build/tests/sizes/cube-2978-asc.msh2","chck",1622650859708892280,1622650861122838911
31,"build/tests/sizes/cube-1720-geo.geo","scan",1622650861127686288,1622650861129052225
31,"build/tests/sizes/cube-1720-geo.geo","chck",1622650861122840066,1622650861129056933
31,"build/tests/sizes/cube-126-bin.msh4","scan",1622650861139501615,1622650861982842687
31,"build/tests/sizes/cube-126-bin.msh4","chck",1622650861129057987,1622650861982850145
31,"build/tests/sizes/cube-2238-bin.cgns","scan",1622650861987826460,1622650862046228017
31,"build/tests/sizes/cube-2238-bin.cgns","chck",1622650861982851254,1622650862046236011
31,"build/tests/sizes/cube-1034-asc.mesh","scan",1622650862057864861,1622650862066617516
31,"build/tests/sizes/cube-1034-asc.mesh","chck",1622650862046237745,1622650862066623514
31,"build/tests/sizes/cube-1491-bin.vtk","scan",1622650862083829853,1622650864249444929
31,"build/tests/sizes/cube-1491-bin.vtk","chck",1622650862066624610,1622650864249452855
31,"build/tests/sizes/cube-651-asc.msh2","scan",1622650864251522618,1622650864573466371
31,"build/tests/sizes/cube-651-asc.msh2","chck",1622650864249454123,1622650864573473051
31,"build/tests/sizes/cube-1474-bin.msh4","scan",1622650864593857731,1622650864614015086
31,"build/tests/sizes/cube-1474-bin.msh4","chck",1622650864573474241,1622650864614020568
31,"build/tests/sizes/cube-1347-bin.msh2","scan",1622650864633119388,1622650866051912348
31,"build/tests/sizes/cube-1347-bin.msh2","chck",1622650864614150407,1622650866051919781
31,"build/tests/sizes/cube-1905-bin.vtk","scan",1622650866053871005,1622650866056054525
31,"build/tests/sizes/cube-1905-bin.vtk","chck",1622650866051920994,1622650866056059471
31,"build/tests/sizes/cube-2761-stl-bin.geo","scan",1622650866056566799,1622650866060714818
31,"build/tests/sizes/cube-2761-stl-bin.geo","chck",1622650866056060358,1622650866060718391
31,"build/tests/sizes/cube-2641-asc.bdf","scan",1622650866061231931,1622650880711115878
31,"build/tests/sizes/cube-2641-asc.bdf","chck",1622650866060719463,1622650880711799316
31,"build/tests/sizes/cube-3535-asc.msh2","scan",1622650880714927472,1622650881614700151
31,"build/tests/sizes/cube-3535-asc.msh2","chck",1622650880711801418,1622650881614706763
31,"build/tests/sizes/cube-1567-asc.mesh","scan",1622650881629333409,1622650881655997064
31,"build/tests/sizes/cube-1567-asc.mesh","chck",1622650881614707836,1622650881656000410
31,"build/tests/sizes/cube-627-asc.bdf","scan",1622650881657718052,1622650881663730267
31,"build/tests/sizes/cube-627-asc.bdf","chck",1622650881656001280,1622650881663733647
31,"build/tests/sizes/cube-2329-bin.msh2","scan",1622650881664431627,1622650881714912096
31,"build/tests/sizes/cube-2329-bin.msh2","chck",1622650881663734523,1622650881714915988
31,"cube-1567-asc","prep",1622650881716048908,1622650881716926267
31,"cube-1567-asc","zzzz",1622650881716930836,1622650881739391321,1231,2206,6618
31,"cube-1567-asc","post",1622650881739401185,1622650881739891069
31,"cube-2641-asc","prep",1622650881740031917,1622650882300126760
31,"cube-2641-asc","zzzz",1622650882300133233,1622651388358286394,1050204,2427332,7281996
31,"cube-2641-asc","post",1622651388358300994,1622651388498144208
31,"cube-627-asc","prep",1622651388498697248,1622651388508210255
31,"cube-627-asc","zzzz",1622651388508212664,1622651388516038668,495,993,2979
31,"cube-627-asc","post",1622651388516049042,1622651388516539863
31,"cube-2163-bin","prep",1622651388516625195,1622651388832917666
31,"cube-2163-bin","zzzz",1622651388832923566,1622651520892046643,640815,886209,2658627
31,"cube-2163-bin","post",1622651520892060326,1622651520945836231
31,"cube-2329-bin","prep",1622651520945872971,1622651520953762278
31,"cube-2329-bin","zzzz",1622651520953765347,1622651521427373612,12348,19171,57513
31,"cube-2329-bin","post",1622651521427383672,1622651521432000906
31,"cube-3123-geo","mesh",1622651521432038588,1622651521458330946
31,"cube-3123-geo","prep",1622651521459123259,1622651521459758622
31,"cube-3123-geo","zzzz",1622651521459760584,1622651521478457948,1067,1922,5766
31,"cube-3123-geo","post",1622651521478467700,1622651521479093683
31,"cube-548-asc","prep",1622651521479217534,1622651521481665167
31,"cube-548-asc","zzzz",1622651521481667054,1622651521640144668,5582,8954,26862
31,"cube-548-asc","post",1622651521640154598,1622651521640703989
31,"cube-126-bin","prep",1622651521640739681,1622651522174918817
31,"cube-126-bin","zzzz",1622651522174925033,1622651798117733362,1121722,1540250,4620750
31,"cube-126-bin","post",1622651798117746483,1622651798213922794
31,"cube-3039-bin","prep",1622651798214432640,1622651798216164221
31,"cube-3039-bin","zzzz",1622651798216167738,1622651798221146078,342,703,2109
31,"cube-3039-bin","post",1622651798221156050,1622651798221446392
31,"cube-221-asc","prep",1622651798221484511,1622651798518505679
31,"cube-221-asc","zzzz",1622651798518511269,1622651922427496002,611534,846928,2540784
31,"cube-221-asc","post",1622651922427509495,1622651922479183412
31,"cube-335-bin","prep",1622651922479219297,1622651922491291973
31,"cube-335-bin","zzzz",1622651922491295060,1622651923831304137,26529,39389,118167
31,"cube-335-bin","post",1622651923831311065,1622651923833714533
31,"cube-3460-bin","prep",1622651923833742753,1622651923897632439
31,"cube-3460-bin","zzzz",1622651923897637718,1622651932274507035,96547,138623,415869
31,"cube-3460-bin","post",1622651932274513949,1622651932293949257
31,"cube-50-stl-bin","mesh",1622651932293985603,1622651932307098017
31,"cube-50-stl-bin","prep",1622651932307955433,1622651932308307780
31,"cube-50-stl-bin","zzzz",1622651932308309935,1622651932323196493,508,1619,4857
31,"cube-50-stl-bin","post",1622651932323201384,1622651932323346219
31,"cube-1347-bin","prep",1622651932323365477,1622651932461899211
31,"cube-1347-bin","zzzz",1622651932461905006,1622651976178152413,301808,423303,1269909
31,"cube-1347-bin","post",1622651976178165499,1622651976203013689
31,"cube-1227-geo","mesh",1622651976203048554,1622651976280535350
31,"cube-1227-geo","prep",1622651976281307019,1622651976284615297
31,"cube-1227-geo","zzzz",1622651976284617470,1622651976446515201,5668,9076,27228
31,"cube-1227-geo","post",1622651976446525028,1622651976448126337
31,"cube-844-asc","prep",1622651976448271399,1622651976456581570
31,"cube-844-asc","zzzz",1622651976456583485,1622651976934736398,12444,19321,57963
31,"cube-844-asc","post",1622651976934749917,1622651976940529277
31,"cube-2959-asc","prep",1622651976941022394,1622651976965570128
31,"cube-2959-asc","zzzz",1622651976965573552,1622651978975633558,35312,52118,156354
31,"cube-2959-asc","post",1622651978975647291,1622651978987904019
31,"cube-2973-bin","prep",1622651978988155213,1622651978999026189
31,"cube-2973-bin","zzzz",1622651978999028315,1622651979580691816,14347,22111,66333
31,"cube-2973-bin","post",1622651979580701784,1622651979582368224
31,"cube-1281-bin","prep",1622651979582461127,1622651979587534741
31,"cube-1281-bin","zzzz",1622651979587536775,1622651980063056760,12400,19225,57675
31,"cube-1281-bin","post",1622651980063066446,1622651980064219428
31,"cube-3703-geo","mesh",1622651980064362567,1622651984094998084
31,"cube-3703-geo","prep",1622651984095811822,1622651984480744777
31,"cube-3703-geo","zzzz",1622651984480750374,1622652038817152787,349566,489631,1468893
31,"cube-3703-geo","post",1622652038817166606,1622652038950716327
31,"cube-174-bin.cgns","prep",1622652038950799021,1622652038994143517
31,"cube-174-bin.cgns","zzzz",1622652038994148063,1622652039019862039,1355,2444,7332
31,"cube-174-bin.cgns","post",1622652039019880629,1622652039020086751
31,"cube-338-bin.cgns","prep",1622652039020145231,1622652039020507473
31,"cube-338-bin.cgns","zzzz",1622652039020509690,1622652039023811881,243,512,1536
31,"cube-338-bin.cgns","post",1622652039023821821,1622652039023867112
31,"cube-2238-bin.cgns","prep",1622652039023923284,1622652039110786631
31,"cube-2238-bin.cgns","zzzz",1622652039110794640,1622652252410397771,923932,1269750,3809250
31,"cube-2238-bin.cgns","post",1622652252410412491,1622652252410481595
31,"cube-959-bin","prep",1622652252410633105,1622652252411144470
31,"cube-959-bin","zzzz",1622652252411146210,1622652252418863777,488,983,2949
31,"cube-959-bin","post",1622652252418874770,1622652252419161131
31,"cube-3538-asc","prep",1622652252419199823,1622652252989365063
31,"cube-3538-asc","zzzz",1622652252989369213,1622652643152161673,1008545,1997157,5991471
31,"cube-3538-asc","post",1622652643152170282,1622652643346117130
31,"cube-2442-geo","mesh",1622652643346161738,1622652659989192005
31,"cube-2442-geo","prep",1622652659990053741,1622652661640535616
31,"cube-2442-geo","zzzz",1622652661640541810,1622653055214821263,1468617,2010229,6030687
31,"cube-2442-geo","post",1622653055214835584,1622653055724068021
31,"cube-2763-bin.cgns","prep",1622653055724610178,1622653055855830670
31,"cube-2763-bin.cgns","zzzz",1622653055855835558,1622653055884496329,1455,2652,7956
31,"cube-2763-bin.cgns","post",1622653055884506466,1622653055884572944
31,"cube-3505-geo","mesh",1622653055884691033,1622653071126470675
31,"cube-3505-geo","prep",1622653071377976580,1622653072361612663
31,"cube-3505-geo","zzzz",1622653072361620041,1622653404037138200,1289021,1768103,5304309
31,"cube-3505-geo","post",1622653404037146248,1622653404551004862
31,"cube-1197-asc","prep",1622653404551056022,1622653404810512006
31,"cube-1197-asc","zzzz",1622653404810519551,1622653471818570920,404265,563137,1689411
31,"cube-1197-asc","post",1622653471818586251,1622653471869861534
31,"cube-2850-stl-bin","mesh",1622653471870079452,1622653471979512001
31,"cube-2850-stl-bin","prep",1622653471980694987,1622653471983006413
31,"cube-2850-stl-bin","zzzz",1622653471983009821,1622653472117275916,3510,7963,23889
31,"cube-2850-stl-bin","post",1622653472117285796,1622653472117886088
31,"cube-3535-asc","prep",1622653472118213937,1622653472138206633
31,"cube-3535-asc","zzzz",1622653472138210029,1622653473755997324,30286,44894,134682
31,"cube-3535-asc","post",1622653473756006699,1622653473771480278
31,"cube-1920-bin.cgns","prep",1622653473771514231,1622653473963219013
31,"cube-1920-bin.cgns","zzzz",1622653473963226801,1622653555741811130,462069,642977,1928931
31,"cube-1920-bin.cgns","post",1622653555741825099,1622653555741917928
31,"cube-3250-bin","prep",1622653555742062885,1622653555742618113
31,"cube-3250-bin","zzzz",1622653555742620431,1622653555747463087,331,688,2064
31,"cube-3250-bin","post",1622653555747474040,1622653555747682354
31,"cube-1905-bin","prep",1622653555747699903,1622653555747907240
31,"cube-1905-bin","zzzz",1622653555747908453,1622653555751927805,287,596,1788
31,"cube-1905-bin","post",1622653555751937908,1622653555752090141
31,"cube-3997-asc","prep",1622653555752125670,1622653556392165883
31,"cube-3997-asc","zzzz",1622653556392171433,1622653881321917944,1269807,1741053,5223159
31,"cube-3997-asc","post",1622653881321932359,1622653881520583578
31,"cube-2150-asc","prep",1622653881520637299,1622653882683984266
31,"cube-2150-asc","zzzz",1622653882683990843,1622654516858738753,2106905,2874964,8624892
31,"cube-2150-asc","post",1622654516858753279,1622654517036096668
31,"cube-3975-bin","prep",1622654517036722202,1622654517037000427
31,"cube-3975-bin","zzzz",1622654517037002942,1622654517038760220,140,319,957
31,"cube-3975-bin","post",1622654517038764056,1622654517038935681
31,"cube-3095-stl-bin","mesh",1622654517038961897,1622654517042860338
31,"cube-3095-stl-bin","prep",1622654517044014603,1622654517044263280
31,"cube-3095-stl-bin","zzzz",1622654517044265460,1622654517047852101,147,546,1638
31,"cube-3095-stl-bin","post",1622654517047861987,1622654517048013876
31,"cube-982-bin.cgns","prep",1622654517048046770,1622654517064942763
31,"cube-982-bin.cgns","zzzz",1622654517064946032,1622654517094528171,1503,2716,8148
31,"cube-982-bin.cgns","post",1622654517094538182,1622654517094602791
31,"cube-531-asc","prep",1622654517094693941,1622654517140130841
31,"cube-531-asc","zzzz",1622654517140135572,1622654523129050337,76171,110259,330777
31,"cube-531-asc","post",1622654523129064260,1622654523153362565
31,"cube-328-bin","prep",1622654523153398963,1622654523155952929
31,"cube-328-bin","zzzz",1622654523155955564,1622654523191099965,1728,3093,9279
31,"cube-328-bin","post",1622654523191104974,1622654523191337268
31,"cube-3209-geo","mesh",1622654523191363594,1622654527044533269
31,"cube-3209-geo","prep",1622654527045373703,1622654527402880724
31,"cube-3209-geo","zzzz",1622654527402886115,1622654572987631220,310510,435327,1305981
31,"cube-3209-geo","post",1622654572987644931,1622654573106171123
31,"cube-2176-asc","prep",1622654573113668401,1622654573126782760
31,"cube-2176-asc","zzzz",1622654573126787277,1622654573147102734,1155,2046,6138
31,"cube-2176-asc","post",1622654573147106713,1622654573147296505
31,"cube-1249-bin","prep",1622654573147442004,1622654573188136114
31,"cube-1249-bin","zzzz",1622654573188140692,1622654578172918083,67026,97277,291831
31,"cube-1249-bin","post",1622654578172925517,1622654578178843520
31,"cube-2978-asc","prep",1622654578178883381,1622654578291407838
31,"cube-2978-asc","zzzz",1622654578291413979,1622654597141742054,169701,240277,720831
31,"cube-2978-asc","post",1622654597141761225,1622654597183698782
31,"cube-2093-asc","prep",1622654597183742427,1622654597196335975
31,"cube-2093-asc","zzzz",1622654597196339923,1622654597830063334,15332,23491,70473
31,"cube-2093-asc","post",1622654597830073508,1622654597831761761
31,"cube-3487-bin","prep",1622654597831784005,1622654597837397599
31,"cube-3487-bin","zzzz",1622654597837399465,1622654597840659318,240,507,1521
31,"cube-3487-bin","post",1622654597840669244,1622654597840798445
31,"cube-1552-stl-bin","mesh",1622654597840851390,1622654610263765994
31,"cube-1552-stl-bin","prep",1622654610854880687,1622654611754668140
31,"cube-1552-stl-bin","zzzz",1622654611754675645,1622654935805353191,1184186,1737537,5212611
31,"cube-1552-stl-bin","post",1622654935805382590,1622654936190517992
31,"cube-3357-bin","prep",1622654936190593590,1622654936226768879
31,"cube-3357-bin","zzzz",1622654936226774334,1622654937416497341,24119,36283,108849
31,"cube-3357-bin","post",1622654937416507956,1622654937423626143
31,"cube-322-stl-bin","mesh",1622654937423685815,1622654937477668062
31,"cube-322-stl-bin","prep",1622654937478555109,1622654937479851743
31,"cube-322-stl-bin","zzzz",1622654937479854289,1622654937532270190,1532,4117,12351
31,"cube-322-stl-bin","post",1622654937532278555,1622654937533703170
31,"cube-3380-bin","prep",1622654937533729491,1622654938154467939
31,"cube-3380-bin","zzzz",1622654938154473854,1622655226401226266,1159450,1591477,4774431
31,"cube-3380-bin","post",1622655226401279458,1622655226498428527
31,"cube-28-asc","prep",1622655226498495413,1622655226498950275
31,"cube-28-asc","zzzz",1622655226498952035,1622655226504184329,348,729,2187
31,"cube-28-asc","post",1622655226504194268,1622655226504721406
31,"cube-2198-asc","prep",1622655226504756604,1622655226709166227
31,"cube-2198-asc","zzzz",1622655226709172575,1622655297757976474,420487,585566,1756698
31,"cube-2198-asc","post",1622655297757991807,1622655297793457803
31,"cube-517-asc","prep",1622655297793488253,1622655297801333467
31,"cube-517-asc","zzzz",1622655297801336463,1622655298379701932,14288,22024,66072
31,"cube-517-asc","post",1622655298379711971,1622655298382054038
31,"cube-3972-geo","mesh",1622655298382093329,1622655298867003824
31,"cube-3972-geo","prep",1622655298867864484,1622655298906882964
31,"cube-3972-geo","zzzz",1622655298906888538,1622655301018418250,36621,53954,161862
31,"cube-3972-geo","post",1622655301018428741,1622655301031785817
31,"cube-3986-geo","mesh",1622655301031825201,1622655323292639678
31,"cube-3986-geo","prep",1622655323293524780,1622655325343534835
31,"cube-3986-geo","zzzz",1622655325343540038,1622655856187153550,1841982,2515956,7547868
31,"cube-3986-geo","post",1622655856187161956,1622655856723475104
31,"cube-3219-geo","mesh",1622655856723891509,1622655880028285023
31,"cube-3219-geo","prep",1622655880029176072,1622655882270633103
31,"cube-3219-geo","zzzz",1622655882270639413,1622656468462534893,1989796,2710249,8130747
31,"cube-3219-geo","post",1622656468462548705,1622656469041613094
31,"cube-2167-bin","prep",1622656469042458023,1622656469127937610
31,"cube-2167-bin","zzzz",1622656469127945057,1622656475021109275,75234,109058,327174
31,"cube-2167-bin","post",1622656475021124605,1622656475036397017
31,"cube-2713-bin","prep",1622656475036430691,1622656475336831191
31,"cube-2713-bin","zzzz",1622656475336838704,1622656559941205816,472969,657665,1972995
31,"cube-2713-bin","post",1622656559941221086,1622656559983658263
31,"cube-471-asc","prep",1622656559983798727,1622656560070412719
31,"cube-471-asc","zzzz",1622656560070418916,1622656572674026476,128664,182933,548799
31,"cube-471-asc","post",1622656572674040253,1622656572686462422
31,"cube-1460-bin","prep",1622656572686498188,1622656573292943344
31,"cube-1460-bin","zzzz",1622656573292950567,1622656817886965713,1023730,1407059,4221177
31,"cube-1460-bin","post",1622656817886974838,1622656817984973567
31,"cube-715-asc","prep",1622656817985618117,1622656817995849328
31,"cube-715-asc","zzzz",1622656817995852599,1622656817997683893,142,321,963
31,"cube-715-asc","post",1622656817997693949,1622656817997879675
31,"cube-2149-asc","prep",1622656817997915466,1622656818465401327
31,"cube-2149-asc","zzzz",1622656818465409419,1622656989629337812,782512,1076559,3229677
31,"cube-2149-asc","post",1622656989629346367,1622656989697372782
31,"cube-1100-asc","prep",1622656989697410318,1622656989824115389
31,"cube-1100-asc","zzzz",1622656989824121921,1622657016850657268,217763,306496,919488
31,"cube-1100-asc","post",1622657016850670383,1622657016891963798
31,"cube-18-bin.cgns","prep",1622657016892003755,1622657016946935018
31,"cube-18-bin.cgns","zzzz",1622657016947250388,1622657017944657343,21553,32166,96498
31,"cube-18-bin.cgns","post",1622657017944667657,1622657017944787903
31,"cube-1727-asc","prep",1622657017944913496,1622657018695823485
31,"cube-1727-asc","zzzz",1622657018695830575,1622657393304997114,1414314,1937140,5811420
31,"cube-1727-asc","post",1622657393305012527,1622657393444828837
31,"cube-2948-geo","mesh",1622657393444877196,1622657393456139687
31,"cube-2948-geo","prep",1622657393457099130,1622657393457516259
31,"cube-2948-geo","zzzz",1622657393457518324,1622657393460770977,239,506,1518
31,"cube-2948-geo","post",1622657393460780858,1622657393461094916
31,"cube-161-asc","prep",1622657393461127233,1622657393461845995
31,"cube-161-asc","zzzz",1622657393461847626,1622657393469444094,480,971,2913
31,"cube-161-asc","post",1622657393469454069,1622657393469726197
31,"cube-1422-stl-bin","mesh",1622657393469739219,1622657393513042633
31,"cube-1422-stl-bin","prep",1622657393513843623,1622657393516650713
31,"cube-1422-stl-bin","zzzz",1622657393516653350,1622657393654961078,3642,8139,24417
31,"cube-1422-stl-bin","post",1622657393654971012,1622657393656295081
31,"cube-1803-asc","prep",1622657393656308114,1622657393955090564
31,"cube-1803-asc","zzzz",1622657393955096683,1622657496313638617,538092,746320,2238960
31,"cube-1803-asc","post",1622657496313653176,1622657496361488679
31,"cube-2151-asc","prep",1622657496361527445,1622657496927766615
31,"cube-2151-asc","zzzz",1622657496927772257,1622657710387867550,924497,1270471,3811413
31,"cube-2151-asc","post",1622657710387883156,1622657710602375995
31,"cube-3236-stl-bin","mesh",1622657710602418904,1622657711161857421
31,"cube-3236-stl-bin","prep",1622657711162760257,1622657711208134280
31,"cube-3236-stl-bin","zzzz",1622657711208140372,1622657714369509465,40327,71198,213594
31,"cube-3236-stl-bin","post",1622657714369520361,1622657714386604097
31,"cube-330-bin.cgns","prep",1622657714386636955,1622657714434024093
31,"cube-330-bin.cgns","zzzz",1622657714434027719,1622657714553256030,4512,7328,21984
31,"cube-330-bin.cgns","post",1622657714553265940,1622657714553317119
31,"cube-1034-asc","prep",1622657714553429173,1622657714553991028
31,"cube-1034-asc","zzzz",1622657714554004947,1622657714557937265,279,586,1758
31,"cube-1034-asc","post",1622657714557947315,1622657714558108522
31,"cube-2136-bin","prep",1622657714558138335,1622657714560880246
31,"cube-2136-bin","zzzz",1622657714560882426,1622657714671422196,4242,6950,20850
31,"cube-2136-bin","post",1622657714671432141,1622657714673040892
31,"cube-3652-asc","prep",1622657714673055346,1622657714850046480
31,"cube-3652-asc","zzzz",1622657714850052681,1622657759862246437,307711,431715,1295145
31,"cube-3652-asc","post",1622657759862260702,1622657759896365129
31,"cube-2042-asc","prep",1622657759896400439,1622657759900457962
31,"cube-2042-asc","zzzz",1622657759900460340,1622657759903768186,243,512,1536
31,"cube-2042-asc","post",1622657759903778260,1622657759903934814
31,"cube-3022-asc","prep",1622657759903969445,1622657759908104326
31,"cube-3022-asc","zzzz",1622657759908106343,1622657759911418712,244,513,1539
31,"cube-3022-asc","post",1622657759911428630,1622657759911558761
31,"cube-658-asc","prep",1622657759911592715,1622657759914478827
31,"cube-658-asc","zzzz",1622657759914481001,1622657760064294419,5365,8597,25791
31,"cube-658-asc","post",1622657760064304252,1622657760065351700
31,"cube-2158-asc","prep",1622657760065377958,1622657760138034162
31,"cube-2158-asc","zzzz",1622657760138040140,1622657771292826773,118132,168452,505356
31,"cube-2158-asc","post",1622657771292841480,1622657771308319476
31,"cube-4000-bin","prep",1622657771308350215,1622657771308859507
31,"cube-4000-bin","zzzz",1622657771308861141,1622657771313666668,327,684,2052
31,"cube-4000-bin","post",1622657771313676843,1622657771313813223
31,"cube-720-asc","prep",1622657771313843042,1622657771315025607
31,"cube-720-asc","zzzz",1622657771315027735,1622657771340615453,1336,2435,7305
31,"cube-720-asc","post",1622657771340625307,1622657771341098945
31,"cube-2305-geo","mesh",1622657771341115103,1622657771364455081
31,"cube-2305-geo","prep",1622657771365320198,1622657771366013261
31,"cube-2305-geo","zzzz",1622657771366015283,1622657771381747704,940,1687,5061
31,"cube-2305-geo","post",1622657771381757528,1622657771382189465
31,"cube-3674-asc","prep",1622657771382205268,1622657771385644194
31,"cube-3674-asc","zzzz",1622657771385646295,1622657771572770907,6320,10042,30126
31,"cube-3674-asc","post",1622657771572780836,1622657771573662972
31,"cube-1372-geo","mesh",1622657771573678039,1622657771585929579
31,"cube-1372-geo","prep",1622657771586816540,1622657771587071204
31,"cube-1372-geo","zzzz",1622657771587073292,1622657771591876739,327,684,2052
31,"cube-1372-geo","post",1622657771591886596,1622657771592166879
31,"cube-2767-asc","prep",1622657771592198921,1622657771696640236
31,"cube-2767-asc","zzzz",1622657771696646416,1622657795634587634,200369,282404,847212
31,"cube-2767-asc","post",1622657795634602947,1622657795652944622
31,"cube-3064-bin","prep",1622657795652978656,1622657796996984326
31,"cube-3064-bin","zzzz",1622657796996990685,1622658558816734870,2422099,3298897,9896691
31,"cube-3064-bin","post",1622658558816750227,1622658559124080784
31,"cube-1642-asc","prep",1622658559124116761,1622658559126655143
31,"cube-1642-asc","zzzz",1622658559126657659,1622658559132303863,369,774,2322
31,"cube-1642-asc","post",1622658559132314122,1622658559132528627
31,"cube-1380-bin","prep",1622658559132559299,1622658559611987242
31,"cube-1380-bin","zzzz",1622658559611993836,1622658750428398527,849363,1167980,3503940
31,"cube-1380-bin","post",1622658750428413429,1622658750505088409
31,"cube-2751-bin","prep",1622658750505123770,1622658750720294608
31,"cube-2751-bin","zzzz",1622658750720300785,1622658800819595149,330811,463769,1391307
31,"cube-2751-bin","post",1622658800819608998,1622658800880432656
31,"cube-355-bin","prep",1622658800880468051,1622658800885548922
31,"cube-355-bin","zzzz",1622658800885552933,1622658800893272446,488,983,2949
31,"cube-355-bin","post",1622658800893282696,1622658800893526340
31,"cube-2101-geo","mesh",1622658800893563107,1622658800979144623
31,"cube-2101-geo","prep",1622658800980057289,1622658800982022878
31,"cube-2101-geo","zzzz",1622658800982025090,1622658801079723945,3899,6374,19122
31,"cube-2101-geo","post",1622658801079733929,1622658801080731683
31,"cube-2161-geo","mesh",1622658801081270697,1622658818465437729
31,"cube-2161-geo","prep",1622658818630526230,1622658819689763958
31,"cube-2161-geo","zzzz",1622658819689769726,1622659155505407123,1302255,1784647,5353941
31,"cube-2161-geo","post",1622659155505463543,1622659155871934844
31,"cube-1971-bin","prep",1622659155872084419,1622659156283610347
31,"cube-1971-bin","zzzz",1622659156283617775,1622659284791668732,627878,868304,2604912
31,"cube-1971-bin","post",1622659284791679126,1622659284894120418
31,"cube-1720-geo","mesh",1622659284894183727,1622659284924221591
31,"cube-1720-geo","prep",1622659284925241150,1622659284925421058
31,"cube-1720-geo","zzzz",1622659284925423154,1622659284927322174,148,333,999
31,"cube-1720-geo","post",1622659284927326971,1622659284927533903
31,"cube-1491-bin","prep",1622659284927554482,1622659285829048200
31,"cube-1491-bin","zzzz",1622659285829055871,1622659681198636197,1473690,2017119,6051357
31,"cube-1491-bin","post",1622659681198645901,1622659681334507181
31,"cube-3133-bin.cgns","prep",1622659681334541633,1622659681566011835
31,"cube-3133-bin.cgns","zzzz",1622659681566021485,1622659772978007150,498404,692380,2077140
31,"cube-3133-bin.cgns","post",1622659772978022731,1622659772978125191
31,"cube-651-asc","prep",1622659772978263067,1622659773003802480
31,"cube-651-asc","zzzz",1622659773003805855,1622659775873072708,45248,66631,199893
31,"cube-651-asc","post",1622659775873083073,1622659775877258365
31,"cube-1474-bin","prep",1622659775877290916,1622659775877813898
31,"cube-1474-bin","zzzz",1622659775877815317,1622659775882593092,324,681,2043
31,"cube-1474-bin","post",1622659775882602957,1622659775882841190
31,"cube-2761-stl-bin","mesh",1622659775882854777,1622659775889301114
31,"cube-2761-stl-bin","prep",1622659775890301151,1622659775890532351
31,"cube-2761-stl-bin","zzzz",1622659775890881021,1622659775900128215,323,1128,3384
31,"cube-2761-stl-bin","post",1622659775900138159,1622659775900403086
31,"Proc","exit_task",1622650751065567275,1622659775944128927,6428228
