11,"build/tests/sizes/cube-3929-stl-bin.geo","scan",1622650769804166090,1622650770014844954
11,"build/tests/sizes/cube-3929-stl-bin.geo","chck",1622650769803305915,1622650770015078808
11,"build/tests/sizes/cube-835-bin.vtk","scan",1622650770029076994,1622650771335759457
11,"build/tests/sizes/cube-835-bin.vtk","chck",1622650770015080289,1622650771335784003
11,"build/tests/sizes/cube-3634-asc.msh2","scan",1622650771336638235,1622650771354136039
11,"build/tests/sizes/cube-3634-asc.msh2","chck",1622650771335785407,1622650771354143470
11,"build/tests/sizes/cube-971-bin.msh4","scan",1622650771363409846,1622650771584538339
11,"build/tests/sizes/cube-971-bin.msh4","chck",1622650771354144722,1622650771584546880
11,"build/tests/sizes/cube-428-stl-bin.geo","scan",1622650771605750511,1622650772084605260
11,"build/tests/sizes/cube-428-stl-bin.geo","chck",1622650771584548123,1622650772084611907
11,"build/tests/sizes/cube-333-geo.geo","scan",1622650772106455865,1622650772112022870
11,"build/tests/sizes/cube-333-geo.geo","chck",1622650772084613127,1622650772112030123
11,"build/tests/sizes/cube-2924-asc.msh2","scan",1622650772112685991,1622650772119465685
11,"build/tests/sizes/cube-2924-asc.msh2","chck",1622650772112031484,1622650772119471428
11,"build/tests/sizes/cube-1885-bin.msh4","scan",1622650772120797460,1622650772160374067
11,"build/tests/sizes/cube-1885-bin.msh4","chck",1622650772119472592,1622650772160380985
11,"build/tests/sizes/cube-1259-asc.mesh","scan",1622650772161643949,1622650774713474037
11,"build/tests/sizes/cube-1259-asc.mesh","chck",1622650772160382070,1622650774713503863
11,"build/tests/sizes/cube-3124-bin.msh4","scan",1622650774714331348,1622650776005365416
11,"build/tests/sizes/cube-3124-bin.msh4","chck",1622650774713505191,1622650776005374355
11,"build/tests/sizes/cube-527-bin.vtk","scan",1622650776026825282,1622650776064171517
11,"build/tests/sizes/cube-527-bin.vtk","chck",1622650776005375529,1622650776064179391
11,"build/tests/sizes/cube-2831-asc.msh2","scan",1622650776064792553,1622650776093334093
11,"build/tests/sizes/cube-2831-asc.msh2","chck",1622650776064180557,1622650776093339765
11,"build/tests/sizes/cube-3363-asc.bdf","scan",1622650776093958426,1622650776931954501
11,"build/tests/sizes/cube-3363-asc.bdf","chck",1622650776093340902,1622650776931963164
11,"build/tests/sizes/cube-2651-asc.bdf","scan",1622650776932823834,1622650776947259462
11,"build/tests/sizes/cube-2651-asc.bdf","chck",1622650776931964770,1622650776947267319
11,"build/tests/sizes/cube-453-asc.msh2","scan",1622650776963927552,1622650776980631125
11,"build/tests/sizes/cube-453-asc.msh2","chck",1622650776947268421,1622650776980653915
11,"build/tests/sizes/cube-1935-bin.msh2","scan",1622650776981695949,1622650777103530073
11,"build/tests/sizes/cube-1935-bin.msh2","chck",1622650776980655493,1622650777103546730
11,"build/tests/sizes/cube-3427-asc.msh2","scan",1622650777104235070,1622650777109872464
11,"build/tests/sizes/cube-3427-asc.msh2","chck",1622650777103547927,1622650777109880153
11,"build/tests/sizes/cube-337-asc.msh2","scan",1622650777124549308,1622650777286665197
11,"build/tests/sizes/cube-337-asc.msh2","chck",1622650777109881509,1622650777286673140
11,"build/tests/sizes/cube-1337-stl-bin.geo","scan",1622650777299991385,1622650777305479759
11,"build/tests/sizes/cube-1337-stl-bin.geo","chck",1622650777286674342,1622650777305487624
11,"build/tests/sizes/cube-2449-geo.geo","scan",1622650777306144822,1622650777307432641
11,"build/tests/sizes/cube-2449-geo.geo","chck",1622650777305489052,1622650777307437412
11,"build/tests/sizes/cube-3415-bin.vtk","scan",1622650777308007806,1622650778834482614
11,"build/tests/sizes/cube-3415-bin.vtk","chck",1622650777307438327,1622650778834488321
11,"build/tests/sizes/cube-562-bin.vtk","scan",1622650778846657029,1622650778867165000
11,"build/tests/sizes/cube-562-bin.vtk","chck",1622650778834489325,1622650778867171891
11,"build/tests/sizes/cube-3270-asc.mesh","scan",1622650778867708361,1622650778869195232
11,"build/tests/sizes/cube-3270-asc.mesh","chck",1622650778867173444,1622650778869198767
11,"build/tests/sizes/cube-2825-asc.msh2","scan",1622650778869738483,1622650778875240845
11,"build/tests/sizes/cube-2825-asc.msh2","chck",1622650778869199698,1622650778875247027
11,"build/tests/sizes/cube-3020-bin.msh4","scan",1622650778875785506,1622650778883981059
11,"build/tests/sizes/cube-3020-bin.msh4","chck",1622650778875248029,1622650778883986742
11,"build/tests/sizes/cube-3764-asc.mesh","scan",1622650778884703125,1622650779829596369
11,"build/tests/sizes/cube-3764-asc.mesh","chck",1622650778883987772,1622650779829604543
11,"build/tests/sizes/cube-1941-stl-bin.geo","scan",1622650779830288919,1622650780101555564
11,"build/tests/sizes/cube-1941-stl-bin.geo","chck",1622650779829605946,1622650780101562950
11,"build/tests/sizes/cube-3885-geo.geo","scan",1622650780103321488,1622650780105682063
11,"build/tests/sizes/cube-3885-geo.geo","chck",1622650780101564483,1622650780105687328
11,"build/tests/sizes/cube-266-bin.msh2","scan",1622650780113598174,1622650781964553844
11,"build/tests/sizes/cube-266-bin.msh2","chck",1622650780105688418,1622650781964563326
11,"build/tests/sizes/cube-1837-bin.msh4","scan",1622650781978562737,1622650782010790738
11,"build/tests/sizes/cube-1837-bin.msh4","chck",1622650781964564850,1622650782010798061
11,"build/tests/sizes/cube-3583-bin.msh2","scan",1622650782011600511,1622650782020288651
11,"build/tests/sizes/cube-3583-bin.msh2","chck",1622650782010799237,1622650782020294230
11,"build/tests/sizes/cube-1991-bin.msh4","scan",1622650782037713020,1622650782057015479
11,"build/tests/sizes/cube-1991-bin.msh4","chck",1622650782020295242,1622650782057023260
11,"build/tests/sizes/cube-3047-geo.geo_unrolled","scan",1622650782057649835,1622650782059000786
11,"build/tests/sizes/cube-3047-geo.geo_unrolled","chck",1622650782057024437,1622650782059006536
11,"build/tests/sizes/cube-2184-asc.msh2","scan",1622650782059636372,1622650788926654041
11,"build/tests/sizes/cube-2184-asc.msh2","chck",1622650782059007719,1622650788926668505
11,"build/tests/sizes/cube-2867-asc.msh2","scan",1622650788927366185,1622650789834937789
11,"build/tests/sizes/cube-2867-asc.msh2","chck",1622650788926669745,1622650789834944634
11,"build/tests/sizes/cube-3990-stl-bin.geo","scan",1622650789835673064,1622650790436811026
11,"build/tests/sizes/cube-3990-stl-bin.geo","chck",1622650789834945731,1622650790436818914
11,"build/tests/sizes/cube-3331-bin.vtk","scan",1622650790439788182,1622650790447270846
11,"build/tests/sizes/cube-3331-bin.vtk","chck",1622650790436820099,1622650790447277877
11,"build/tests/sizes/cube-2691-bin.msh4","scan",1622650790447877532,1622650790449356969
11,"build/tests/sizes/cube-2691-bin.msh4","chck",1622650790447279001,1622650790449367440
11,"build/tests/sizes/cube-1013-stl-bin.geo","scan",1622650790450321448,1622650791422095180
11,"build/tests/sizes/cube-1013-stl-bin.geo","chck",1622650790449368436,1622650791422116871
11,"build/tests/sizes/cube-3555-geo.geo","scan",1622650791425221709,1622650791439002755
11,"build/tests/sizes/cube-3555-geo.geo","chck",1622650791422118139,1622650791439009271
11,"build/tests/sizes/cube-149-geo.geo_unrolled","scan",1622650791455048946,1622650791456249986
11,"build/tests/sizes/cube-149-geo.geo_unrolled","chck",1622650791439010482,1622650791456254492
11,"build/tests/sizes/cube-2706-stl-bin.geo","scan",1622650791456856234,1622650791459799473
11,"build/tests/sizes/cube-2706-stl-bin.geo","chck",1622650791456255492,1622650791459804184
11,"build/tests/sizes/cube-1684-bin.cgns","scan",1622650791465536530,1622650791534687249
11,"build/tests/sizes/cube-1684-bin.cgns","chck",1622650791459805477,1622650791534694110
11,"build/tests/sizes/cube-1495-bin.msh4","scan",1622650791542712202,1622650791746031400
11,"build/tests/sizes/cube-1495-bin.msh4","chck",1622650791534695445,1622650791746037603
11,"build/tests/sizes/cube-3028-bin.msh4","scan",1622650791747479962,1622650791782935616
11,"build/tests/sizes/cube-3028-bin.msh4","chck",1622650791746038750,1622650791782943050
11,"build/tests/sizes/cube-2537-asc.mesh","scan",1622650791784843394,1622650791807377352
11,"build/tests/sizes/cube-2537-asc.mesh","chck",1622650791782944196,1622650791807383248
11,"build/tests/sizes/cube-104-bin.msh4","scan",1622650791809094545,1622650791815616881
11,"build/tests/sizes/cube-104-bin.msh4","chck",1622650791807630894,1622650791815622619
11,"build/tests/sizes/cube-512-bin.cgns","scan",1622650791833826902,1622650791994666861
11,"build/tests/sizes/cube-512-bin.cgns","chck",1622650791815623714,1622650791994675417
11,"build/tests/sizes/cube-424-geo.geo","scan",1622650792018703922,1622650792020288600
11,"build/tests/sizes/cube-424-geo.geo","chck",1622650791994676420,1622650792020294666
11,"build/tests/sizes/cube-2560-asc.bdf","scan",1622650792020873767,1622650795177229297
11,"build/tests/sizes/cube-2560-asc.bdf","chck",1622650792020295837,1622650795177237015
11,"build/tests/sizes/cube-1801-bin.msh4","scan",1622650795185106043,1622650795234739750
11,"build/tests/sizes/cube-1801-bin.msh4","chck",1622650795177238239,1622650795234745696
11,"build/tests/sizes/cube-1869-bin.msh2","scan",1622650795236053945,1622650795336301991
11,"build/tests/sizes/cube-1869-bin.msh2","chck",1622650795234746755,1622650795336310965
11,"build/tests/sizes/cube-188-bin.msh4","scan",1622650795349787349,1622650795381535611
11,"build/tests/sizes/cube-188-bin.msh4","chck",1622650795336312156,1622650795381542801
11,"build/tests/sizes/cube-821-bin.msh4","scan",1622650795404274989,1622650795422411950
11,"build/tests/sizes/cube-821-bin.msh4","chck",1622650795381544061,1622650795422417510
11,"build/tests/sizes/cube-3300-bin.msh4","scan",1622650795423007787,1622650795545203700
11,"build/tests/sizes/cube-3300-bin.msh4","chck",1622650795422418703,1622650795545211643
11,"build/tests/sizes/cube-2332-bin.msh2","scan",1622650795546100786,1622650796229952084
11,"build/tests/sizes/cube-2332-bin.msh2","chck",1622650795545212936,1622650796229959586
11,"build/tests/sizes/cube-3081-bin.msh2","scan",1622650796231152346,1622650796375846121
11,"build/tests/sizes/cube-3081-bin.msh2","chck",1622650796229960839,1622650796375854241
11,"build/tests/sizes/cube-2904-asc.mesh","scan",1622650796376520069,1622650798806705299
11,"build/tests/sizes/cube-2904-asc.mesh","chck",1622650796375855543,1622650798806711765
11,"build/tests/sizes/cube-2127-bin.vtk","scan",1622650798807378725,1622650798808844702
11,"build/tests/sizes/cube-2127-bin.vtk","chck",1622650798806712862,1622650798808849622
11,"build/tests/sizes/cube-143-geo.geo","scan",1622650798809848129,1622650798811307079
11,"build/tests/sizes/cube-143-geo.geo","chck",1622650798808850651,1622650798811310820
11,"build/tests/sizes/cube-1454-bin.vtk","scan",1622650798828215530,1622650798835423790
11,"build/tests/sizes/cube-1454-bin.vtk","chck",1622650798811311679,1622650798835431137
11,"build/tests/sizes/cube-73-asc.bdf","scan",1622650798850567688,1622650798869877639
11,"build/tests/sizes/cube-73-asc.bdf","chck",1622650798835432306,1622650798869885320
11,"build/tests/sizes/cube-1374-bin.msh2","scan",1622650798881907001,1622650802632789113
11,"build/tests/sizes/cube-1374-bin.msh2","chck",1622650798869886867,1622650802632803499
11,"build/tests/sizes/cube-273-bin.msh4","scan",1622650802652053329,1622650802661295889
11,"build/tests/sizes/cube-273-bin.msh4","chck",1622650802632805078,1622650802661306879
11,"build/tests/sizes/cube-1036-bin.msh4","scan",1622650802662676103,1622650802668045870
11,"build/tests/sizes/cube-1036-bin.msh4","chck",1622650802661307912,1622650802668051378
11,"build/tests/sizes/cube-617-asc.msh2","scan",1622650802669175381,1622650802852128758
11,"build/tests/sizes/cube-617-asc.msh2","chck",1622650802668052682,1622650802852136735
11,"build/tests/sizes/cube-99-asc.mesh","scan",1622650802870488005,1622650802895221552
11,"build/tests/sizes/cube-99-asc.mesh","chck",1622650802852137841,1622650802895227775
11,"build/tests/sizes/cube-2181-asc.mesh","scan",1622650802895813904,1622650802900635465
11,"build/tests/sizes/cube-2181-asc.mesh","chck",1622650802895228805,1622650802900640351
11,"build/tests/sizes/cube-2113-stl-bin.geo","scan",1622650802901208895,1622650802917015460
11,"build/tests/sizes/cube-2113-stl-bin.geo","chck",1622650802900641317,1622650802917021760
11,"build/tests/sizes/cube-1188-asc.msh2","scan",1622650802921369873,1622650802930804098
11,"build/tests/sizes/cube-1188-asc.msh2","chck",1622650802917022896,1622650802930811007
11,"build/tests/sizes/cube-3530-asc.bdf","scan",1622650802931389694,1622650802954561108
11,"build/tests/sizes/cube-3530-asc.bdf","chck",1622650802930812301,1622650802954567595
11,"build/tests/sizes/cube-98-asc.msh2","scan",1622650802975862945,1622650811172490521
11,"build/tests/sizes/cube-98-asc.msh2","chck",1622650802954568780,1622650811172505828
11,"build/tests/sizes/cube-1933-asc.msh2","scan",1622650811193082065,1622650811202144197
11,"build/tests/sizes/cube-1933-asc.msh2","chck",1622650811172507036,1622650811202151012
11,"build/tests/sizes/cube-249-asc.bdf","scan",1622650811203366865,1622650824815652908
11,"build/tests/sizes/cube-249-asc.bdf","chck",1622650811202152155,1622650824815660330
11,"build/tests/sizes/cube-2428-bin.cgns","scan",1622650825168315229,1622650825332054174
11,"build/tests/sizes/cube-2428-bin.cgns","chck",1622650824815661441,1622650825332060855
11,"build/tests/sizes/cube-614-bin.vtk","scan",1622650825350395065,1622650825357370169
11,"build/tests/sizes/cube-614-bin.vtk","chck",1622650825332062093,1622650825357376490
11,"build/tests/sizes/cube-2823-stl-bin.geo","scan",1622650825357970362,1622650825365416273
11,"build/tests/sizes/cube-2823-stl-bin.geo","chck",1622650825357377501,1622650825365423540
11,"build/tests/sizes/cube-121-bin.msh2","scan",1622650825370455537,1622650830584878888
11,"build/tests/sizes/cube-121-bin.msh2","chck",1622650825365424709,1622650830584889681
11,"build/tests/sizes/cube-3409-bin.msh2","scan",1622650830589664816,1622650830620525501
11,"build/tests/sizes/cube-3409-bin.msh2","chck",1622650830584891164,1622650830620532152
11,"build/tests/sizes/cube-1625-bin.vtk","scan",1622650830634742002,1622650831061571553
11,"build/tests/sizes/cube-1625-bin.vtk","chck",1622650830620533206,1622650831061585731
11,"build/tests/sizes/cube-1434-bin.vtk","scan",1622650831080432057,1622650831105064787
11,"build/tests/sizes/cube-1434-bin.vtk","chck",1622650831061586816,1622650831105072296
11,"build/tests/sizes/cube-1179-bin.cgns","scan",1622650831110018123,1622650831180240032
11,"build/tests/sizes/cube-1179-bin.cgns","chck",1622650831105073427,1622650831180247083
11,"build/tests/sizes/cube-1898-bin.vtk","scan",1622650831195665370,1622650831344440053
11,"build/tests/sizes/cube-1898-bin.vtk","chck",1622650831180248376,1622650831344446727
11,"build/tests/sizes/cube-3867-bin.msh2","scan",1622650831345245029,1622650831351307076
11,"build/tests/sizes/cube-3867-bin.msh2","chck",1622650831344447904,1622650831351311914
11,"build/tests/sizes/cube-3224-asc.msh2","scan",1622650831351881079,1622650831355734849
11,"build/tests/sizes/cube-3224-asc.msh2","chck",1622650831351312959,1622650831355738558
11,"build/tests/sizes/cube-464-bin.cgns","scan",1622650831366370689,1622650831575989883
11,"build/tests/sizes/cube-464-bin.cgns","chck",1622650831355739418,1622650831575997862
11,"build/tests/sizes/cube-1723-bin.msh2","scan",1622650831593302708,1622650831630429611
11,"build/tests/sizes/cube-1723-bin.msh2","chck",1622650831575999573,1622650831630436787
11,"build/tests/sizes/cube-2056-stl-bin.geo","scan",1622650831631068533,1622650831677274244
11,"build/tests/sizes/cube-2056-stl-bin.geo","chck",1622650831630438007,1622650831677283085
11,"build/tests/sizes/cube-296-stl-bin.geo","scan",1622650831703319290,1622650831757283824
11,"build/tests/sizes/cube-296-stl-bin.geo","chck",1622650831677284257,1622650831757290887
11,"build/tests/sizes/cube-857-bin.cgns","scan",1622650831779758038,1622650831880033080
11,"build/tests/sizes/cube-857-bin.cgns","chck",1622650831757292065,1622650831880039786
11,"build/tests/sizes/cube-2913-bin.vtk","scan",1622650831880916746,1622650831882411816
11,"build/tests/sizes/cube-2913-bin.vtk","chck",1622650831880040916,1622650831882416356
11,"build/tests/sizes/cube-1225-asc.msh2","scan",1622650831883982912,1622650835161777961
11,"build/tests/sizes/cube-1225-asc.msh2","chck",1622650831882417174,1622650835161784550
11,"build/tests/sizes/cube-3766-bin.cgns","scan",1622650835166269469,1622650835225433016
11,"build/tests/sizes/cube-3766-bin.cgns","chck",1622650835161785696,1622650835225664767
11,"build/tests/sizes/cube-3665-stl-bin.geo","scan",1622650835226269842,1622650836062658722
11,"build/tests/sizes/cube-3665-stl-bin.geo","chck",1622650835225666520,1622650836062666777
11,"build/tests/sizes/cube-3017-stl-bin.geo","scan",1622650836066068920,1622650836076717180
11,"build/tests/sizes/cube-3017-stl-bin.geo","chck",1622650836062667909,1622650836076723338
11,"build/tests/sizes/cube-2365-geo.geo_unrolled","scan",1622650836077297795,1622650836078390094
11,"build/tests/sizes/cube-2365-geo.geo_unrolled","chck",1622650836076724549,1622650836078394516
11,"build/tests/sizes/cube-3600-stl-bin.geo","scan",1622650836078927432,1622650836235050247
11,"build/tests/sizes/cube-3600-stl-bin.geo","chck",1622650836078395462,1622650836235058596
11,"build/tests/sizes/cube-3063-bin.msh2","scan",1622650836236315435,1622650836443076038
11,"build/tests/sizes/cube-3063-bin.msh2","chck",1622650836235059733,1622650836443082619
11,"build/tests/sizes/cube-71-asc.mesh","scan",1622650836455333751,1622650837395535570
11,"build/tests/sizes/cube-71-asc.mesh","chck",1622650836443083631,1622650837395543000
11,"build/tests/sizes/cube-3161-bin.cgns","scan",1622650837400621366,1622650837461457047
11,"build/tests/sizes/cube-3161-bin.cgns","chck",1622650837395544218,1622650837461465087
11,"cube-3224-asc","prep",1622650837462663328,1622650837463044498
11,"cube-3224-asc","zzzz",1622650837463049117,1622650837468223977,348,729,2187
11,"cube-3224-asc","post",1622650837468227060,1622650837468340611
11,"cube-333-geo","mesh",1622650837468381129,1622650841162201123
11,"cube-333-geo","prep",1622650841163162697,1622650841506883733
11,"cube-333-geo","zzzz",1622650841506889816,1622650879909936727,276069,388128,1164384
11,"cube-333-geo","post",1622650879909957347,1622650879961666365
11,"cube-3020-bin","prep",1622650879963983786,1622650879973740892
11,"cube-3020-bin","zzzz",1622650879973745001,1622650880809105428,18880,28457,85371
11,"cube-3020-bin","post",1622650880809114178,1622650880811150309
11,"cube-3665-stl-bin","mesh",1622650880811207573,1622650900646145689
11,"cube-3665-stl-bin","prep",1622650901551791553,1622650903079882042
11,"cube-3665-stl-bin","zzzz",1622650903079891372,1622651517658405958,1933759,2808095,8424285
11,"cube-3665-stl-bin","post",1622651517658429747,1622651518058099881
11,"cube-2706-stl-bin","mesh",1622651518078356371,1622651518095007197
11,"cube-2706-stl-bin","prep",1622651518095992143,1622651518096206413
11,"cube-2706-stl-bin","zzzz",1622651518096208915,1622651518102568513,243,850,2550
11,"cube-2706-stl-bin","post",1622651518102583608,1622651518102668298
11,"cube-3634-asc","prep",1622651518102682843,1622651518103902322
11,"cube-3634-asc","zzzz",1622651518103904214,1622651518156810688,2408,4145,12435
11,"cube-3634-asc","post",1622651518156827237,1622651518157082850
11,"cube-971-bin","prep",1622651518157168472,1622651518316355249
11,"cube-971-bin","zzzz",1622651518316365183,1622651564396856075,312913,438545,1315635
11,"cube-971-bin","post",1622651564396870386,1622651564424351406
11,"cube-1259-asc","prep",1622651564424390191,1622651564835573308
11,"cube-1259-asc","zzzz",1622651564835580166,1622651733622880132,774056,1065325,3195975
11,"cube-1259-asc","post",1622651733622890582,1622651733688087749
11,"cube-296-stl-bin","mesh",1622651733688385360,1622651733764060450
11,"cube-296-stl-bin","prep",1622651733764921432,1622651733770689369
11,"cube-296-stl-bin","zzzz",1622651733770692548,1622651734138544795,7779,16091,48273
11,"cube-296-stl-bin","post",1622651734138558467,1622651734142338881
11,"cube-3124-bin","prep",1622651734142583162,1622651735419451893
11,"cube-3124-bin","zzzz",1622651735419459295,1622652477736872117,2374578,3235356,9706068
11,"cube-3124-bin","post",1622652477736890668,1622652477928542826
11,"cube-1898-bin","prep",1622652477929493861,1622652477967641495
11,"cube-1898-bin","zzzz",1622652477967646475,1622652483316692213,70448,102073,306219
11,"cube-1898-bin","post",1622652483316700756,1622652483332089406
11,"cube-3764-asc","prep",1622652483332129417,1622652483511149496
11,"cube-3764-asc","zzzz",1622652483511155665,1622652528827349548,309229,433665,1300995
11,"cube-3764-asc","post",1622652528827380869,1622652528854000664
11,"cube-2825-asc","prep",1622652528854046667,1622652528854479071
11,"cube-2825-asc","zzzz",1622652528854480362,1622652528867198162,777,1436,4308
11,"cube-2825-asc","post",1622652528867208398,1622652528867549071
11,"cube-3028-bin","prep",1622652528867583629,1622652528902363963
11,"cube-3028-bin","zzzz",1622652528902368572,1622652534559570845,73197,106054,318162
11,"cube-3028-bin","post",1622652534559584564,1622652534565933247
11,"cube-1941-stl-bin","mesh",1622652534566305693,1622652538620549570
11,"cube-1941-stl-bin","prep",1622652538815680705,1622652539093434010
11,"cube-1941-stl-bin","zzzz",1622652539093440580,1622652620204199593,417660,639510,1918530
11,"cube-1941-stl-bin","post",1622652620204223339,1622652620318537835
11,"cube-3047-geo","mesh",1622652620318577707,1622652635698078184
11,"cube-3047-geo","prep",1622652635699022148,1622652637220623274
11,"cube-3047-geo","zzzz",1622652637220629001,1622653009133448650,1406561,1926677,5780031
11,"cube-3047-geo","post",1622653009133468148,1622653009494097728
11,"cube-2560-asc","prep",1622653009494640568,1622653009731076054
11,"cube-2560-asc","zzzz",1622653009731083874,1622653081554654337,423102,589800,1769400
11,"cube-2560-asc","post",1622653081554668621,1622653081590127800
11,"cube-2913-bin","prep",1622653081590166188,1622653081592282680
11,"cube-2913-bin","zzzz",1622653081592284762,1622653081596030918,268,563,1689
11,"cube-2913-bin","post",1622653081596034833,1622653081596121496
11,"cube-1991-bin","prep",1622653081596136959,1622653081596461165
11,"cube-1991-bin","zzzz",1622653081596462430,1622653081601184792,320,675,2025
11,"cube-1991-bin","post",1622653081601194696,1622653081601542643
11,"cube-3885-geo","mesh",1622653081601581105,1622653081613072137
11,"cube-3885-geo","prep",1622653081613983023,1622653081614302645
11,"cube-3885-geo","zzzz",1622653081614304551,1622653081619525657,348,729,2187
11,"cube-3885-geo","post",1622653081619535737,1622653081619862163
11,"cube-121-bin","prep",1622653081619876535,1622653082233339107
11,"cube-121-bin","zzzz",1622653082233345844,1622653354073843245,1109767,1523047,4569141
11,"cube-121-bin","post",1622653354073853424,1622653354248824572
11,"cube-3766-bin.cgns","prep",1622653354248865475,1622653354284029260
11,"cube-3766-bin.cgns","zzzz",1622653354284035041,1622653364193339602,108553,155424,466272
11,"cube-3766-bin.cgns","post",1622653364193349450,1622653364193591546
11,"cube-2904-asc","prep",1622653364193686036,1622653364586564212
11,"cube-2904-asc","zzzz",1622653364586571072,1622653531645249168,767747,1057126,3171378
11,"cube-2904-asc","post",1622653531645257490,1622653531711161202
11,"cube-104-bin","prep",1622653531711203629,1622653531713641278
11,"cube-104-bin","zzzz",1622653531713644279,1622653531874532248,5644,9038,27114
11,"cube-104-bin","post",1622653531874547826,1622653531875056483
11,"cube-3427-asc","prep",1622653531875127212,1622653531875540173
11,"cube-3427-asc","zzzz",1622653531875541614,1622653531886565519,671,1290,3870
11,"cube-3427-asc","post",1622653531886570454,1622653531886698994
11,"cube-453-asc","prep",1622653531886714677,1622653531886944428
11,"cube-453-asc","zzzz",1622653531886945514,1622653531890969072,289,598,1794
11,"cube-453-asc","post",1622653531890984761,1622653531891063896
11,"cube-1837-bin","prep",1622653531891078018,1622653531897356420
11,"cube-1837-bin","zzzz",1622653531897362506,1622653532257453458,10078,15847,47541
11,"cube-1837-bin","post",1622653532257469019,1622653532258801358
11,"cube-3990-stl-bin","mesh",1622653532259160155,1622653543744433561
11,"cube-3990-stl-bin","prep",1622653544248649841,1622653545085507271
11,"cube-3990-stl-bin","zzzz",1622653545085514264,1622653851090305333,1133089,1664466,4993398
11,"cube-3990-stl-bin","post",1622653851090319100,1622653851490154895
11,"cube-1723-bin","prep",1622653851490197643,1622653851519688257
11,"cube-1723-bin","zzzz",1622653851519692114,1622653851524901312,348,729,2187
11,"cube-1723-bin","post",1622653851525212048,1622653851525300244
11,"cube-857-bin.cgns","prep",1622653851525339182,1622653851555979925
11,"cube-857-bin.cgns","zzzz",1622653851555982654,1622653851557698890,135,314,942
11,"cube-857-bin.cgns","post",1622653851557700008,1622653851557731040
11,"cube-512-bin.cgns","prep",1622653851557780783,1622653851588219431
11,"cube-512-bin.cgns","zzzz",1622653851588223637,1622653852327339996,17223,26137,78411
11,"cube-512-bin.cgns","post",1622653852327350990,1622653852327400808
11,"cube-2537-asc","prep",1622653852327487690,1622653852330746117
11,"cube-2537-asc","zzzz",1622653852330749025,1622653852545200346,6989,11044,33132
11,"cube-2537-asc","post",1622653852545210860,1622653852545984764
11,"cube-424-geo","mesh",1622653852546027528,1622653859800527594
11,"cube-424-geo","prep",1622653859801425162,1622653860527004780
11,"cube-424-geo","zzzz",1622653860527010806,1622653987729706880,622934,861756,2585268
11,"cube-424-geo","post",1622653987729718262,1622653988041141971
11,"cube-2181-asc","prep",1622653988041253453,1622653988064660574
11,"cube-2181-asc","zzzz",1622653988064665181,1622653988081939711,1026,1811,5433
11,"cube-2181-asc","post",1622653988081956856,1622653988082232595
11,"cube-149-geo","mesh",1622653988082415267,1622654011336407026
11,"cube-149-geo","prep",1622654011337578216,1622654013608539645
11,"cube-149-geo","zzzz",1622654013608545814,1622654599953767676,1986804,2710780,8132340
11,"cube-149-geo","post",1622654599953779093,1622654600605739525
11,"cube-3161-bin.cgns","prep",1622654600606269042,1622654600681110252
11,"cube-3161-bin.cgns","zzzz",1622654600681116698,1622654600844900490,5725,9154,27462
11,"cube-3161-bin.cgns","post",1622654600844910715,1622654600844971406
11,"cube-1179-bin.cgns","prep",1622654600845062766,1622654600867923982
11,"cube-1179-bin.cgns","zzzz",1622654600867930929,1622654603546092066,43185,63550,190650
11,"cube-1179-bin.cgns","post",1622654603546103919,1622654603546145789
11,"cube-3555-geo","mesh",1622654603546234541,1622654603560240892
11,"cube-3555-geo","prep",1622654603561251915,1622654603561535837
11,"cube-3555-geo","zzzz",1622654603561537869,1622654603564904540,250,521,1563
11,"cube-3555-geo","post",1622654603564909384,1622654603565225179
11,"cube-464-bin.cgns","prep",1622654603565239188,1622654603729307000
11,"cube-464-bin.cgns","zzzz",1622654603729316845,1622654633498075584,232547,327088,981264
11,"cube-464-bin.cgns","post",1622654633498094345,1622654633498136204
11,"cube-2428-bin.cgns","prep",1622654633498233896,1622654633620719962
11,"cube-2428-bin.cgns","zzzz",1622654633620729026,1622654892968647772,1070469,1470247,4410741
11,"cube-2428-bin.cgns","post",1622654892968701413,1622654892968834210
11,"cube-2184-asc","prep",1622654892969037996,1622654893591078777
11,"cube-2184-asc","zzzz",1622654893591085430,1622655133794516896,1010761,1388077,4164231
11,"cube-2184-asc","post",1622655133794569938,1622655134009328319
11,"cube-273-bin","prep",1622655134009405645,1622655134026839211
11,"cube-273-bin","zzzz",1622655134026842762,1622655134030816543,287,596,1788
11,"cube-273-bin","post",1622655134030820499,1622655134031085621
11,"cube-3583-bin","prep",1622655134031099536,1622655134048622259
11,"cube-3583-bin","zzzz",1622655134048624565,1622655134083676827,1725,3086,9258
11,"cube-3583-bin","post",1622655134083687251,1622655134084394590
11,"cube-2449-geo","mesh",1622655134084486751,1622655134730975332
11,"cube-2449-geo","prep",1622655134735879017,1622655134762659324
11,"cube-2449-geo","zzzz",1622655134762665122,1622655137379461831,42412,62505,187515
11,"cube-2449-geo","post",1622655137379472964,1622655137405964931
11,"cube-1885-bin","prep",1622655137407532015,1622655137446648423
11,"cube-1885-bin","zzzz",1622655137446654498,1622655140498653196,47283,69494,208482
11,"cube-1885-bin","post",1622655140498667196,1622655140517019936
11,"cube-188-bin","prep",1622655140517065089,1622655140527199003
11,"cube-188-bin","zzzz",1622655140527202512,1622655140991203458,12165,18914,56742
11,"cube-188-bin","post",1622655140991213939,1622655140992514941
11,"cube-73-asc","prep",1622655140992608192,1622655140992864674
11,"cube-73-asc","zzzz",1622655140992866048,1622655140998512051,369,774,2322
11,"cube-73-asc","post",1622655140998521979,1622655140998688229
11,"cube-1036-bin","prep",1622655140998718405,1622655140999848351
11,"cube-1036-bin","zzzz",1622655140999850005,1622655141028838466,1474,2675,8025
11,"cube-1036-bin","post",1622655141028848319,1622655141029326857
11,"cube-2113-stl-bin","mesh",1622655141029573635,1622655141104565562
11,"cube-2113-stl-bin","prep",1622655141109853343,1622655141115187278
11,"cube-2113-stl-bin","zzzz",1622655141115189647,1622655141432827707,6974,14542,43626
11,"cube-2113-stl-bin","post",1622655141432837805,1622655141435293909
11,"cube-3929-stl-bin","mesh",1622655141435488210,1622655144832588157
11,"cube-3929-stl-bin","prep",1622655144863217691,1622655145236820112
11,"cube-3929-stl-bin","zzzz",1622655145236827362,1622655191170349806,279536,437601,1312803
11,"cube-3929-stl-bin","post",1622655191170383952,1622655191368561526
11,"cube-2365-geo","mesh",1622655191368596957,1622655191473531532
11,"cube-2365-geo","prep",1622655191474737971,1622655191475153904
11,"cube-2365-geo","zzzz",1622655191475155847,1622655191482907511,491,986,2958
11,"cube-2365-geo","post",1622655191482917489,1622655191483279352
11,"cube-2332-bin","prep",1622655191483312753,1622655191556654182
11,"cube-2332-bin","zzzz",1622655191556660921,1622655207153333511,149173,211433,634299
11,"cube-2332-bin","post",1622655207153344166,1622655207166522800
11,"cube-1684-bin.cgns","prep",1622655207166566898,1622655207205100709
11,"cube-1684-bin.cgns","zzzz",1622655207205109884,1622655227165761890,176686,249838,749514
11,"cube-1684-bin.cgns","post",1622655227165772336,1622655227165833693
11,"cube-1225-asc","prep",1622655227165934122,1622655227395932955
11,"cube-1225-asc","zzzz",1622655227395938046,1622655303926962113,441981,615264,1845792
11,"cube-1225-asc","post",1622655303926975829,1622655303965895125
11,"cube-3300-bin","prep",1622655303965934079,1622655304075952956
11,"cube-3300-bin","zzzz",1622655304075961178,1622655330522300468,214429,302031,906093
11,"cube-3300-bin","post",1622655330522314291,1622655330542433210
11,"cube-527-bin","prep",1622655330542480611,1622655330545115367
11,"cube-527-bin","zzzz",1622655330545118263,1622655330690958044,5251,8437,25311
11,"cube-527-bin","post",1622655330690967459,1622655330691607206
11,"cube-1801-bin","prep",1622655330691647864,1622655330691854961
11,"cube-1801-bin","zzzz",1622655330691856472,1622655330693905488,157,360,1080
11,"cube-1801-bin","post",1622655330693907005,1622655330694006086
11,"cube-1013-stl-bin","mesh",1622655330694016369,1622655353464961893
11,"cube-1013-stl-bin","prep",1622655353722283192,1622655355416552561
11,"cube-1013-stl-bin","zzzz",1622655355416567826,1622655980353420306,1963397,2843514,8530542
11,"cube-1013-stl-bin","post",1622655980353434105,1622655981158493589
11,"cube-3017-stl-bin","mesh",1622655981159339003,1622655981269319072
11,"cube-3017-stl-bin","prep",1622655981270384843,1622655981270614417
11,"cube-3017-stl-bin","zzzz",1622655981270616448,1622655981278326687,287,982,2946
11,"cube-3017-stl-bin","post",1622655981278336751,1622655981278547869
11,"cube-2831-asc","prep",1622655981278577253,1622655981280830942
11,"cube-2831-asc","zzzz",1622655981280832875,1622655981364200457,3451,5708,17124
11,"cube-2831-asc","post",1622655981364210595,1622655981364978147
11,"cube-428-stl-bin","mesh",1622655981364993432,1622655991521135759
11,"cube-428-stl-bin","prep",1622655991522018357,1622655992697276344
11,"cube-428-stl-bin","zzzz",1622655992697284713,1622656222435746329,907454,1342463,4027389
11,"cube-428-stl-bin","post",1622656222435761018,1622656223024194534
11,"cube-266-bin","prep",1622656223024237993,1622656223336261499
11,"cube-266-bin","zzzz",1622656223336268845,1622656307978699631,472999,657886,1973658
11,"cube-266-bin","post",1622656307978714089,1622656308060556209
11,"cube-835-bin","prep",1622656308060619031,1622656308509505801
11,"cube-835-bin","zzzz",1622656308509514253,1622656460185670811,712555,983249,2949747
11,"cube-835-bin","post",1622656460186239236,1622656460255505884
11,"cube-2924-asc","prep",1622656460255540403,1622656460276992137
11,"cube-2924-asc","zzzz",1622656460276994684,1622656460280207352,236,501,1503
11,"cube-2924-asc","post",1622656460280217626,1622656460280485653
11,"cube-3270-asc","prep",1622656460280519292,1622656460298644635
11,"cube-3270-asc","zzzz",1622656460298646430,1622656460300542991,148,333,999
11,"cube-3270-asc","post",1622656460300547749,1622656460300630716
11,"cube-2867-asc","prep",1622656460300644545,1622656460405040543
11,"cube-2867-asc","zzzz",1622656460405047678,1622656469952863781,105775,151549,454647
11,"cube-2867-asc","post",1622656469952875590,1622656469997076293
11,"cube-3363-asc","prep",1622656469997108939,1622656470064729343
11,"cube-3363-asc","zzzz",1622656470064735095,1622656478583181828,97536,140204,420612
11,"cube-3363-asc","post",1622656478583193670,1622656478596001544
11,"cube-1337-stl-bin","mesh",1622656478596033896,1622656478615997668
11,"cube-1337-stl-bin","prep",1622656478616936474,1622656478618060944
11,"cube-1337-stl-bin","zzzz",1622656478618063334,1622656478639451830,728,2127,6381
11,"cube-1337-stl-bin","post",1622656478639461764,1622656478639863555
11,"cube-562-bin","prep",1622656478639892749,1622656478640697971
11,"cube-562-bin","zzzz",1622656478640699775,1622656478659201541,1055,1908,5724
11,"cube-562-bin","post",1622656478659206313,1622656478659331218
11,"cube-71-asc","prep",1622656478659388440,1622656478809435881
11,"cube-71-asc","zzzz",1622656478809441708,1622656518368201357,282246,395908,1187724
11,"cube-71-asc","post",1622656518368215622,1622656518395353272
11,"cube-2691-bin","prep",1622656518395401823,1622656518396159579
11,"cube-2691-bin","zzzz",1622656518396161144,1622656518399920116,271,566,1698
11,"cube-2691-bin","post",1622656518399930440,1622656518400295549
11,"cube-3063-bin","prep",1622656518400326739,1622656518425229307
11,"cube-3063-bin","zzzz",1622656518425232114,1622656521098862917,43114,63456,190368
11,"cube-3063-bin","post",1622656521098883468,1622656521114735981
11,"cube-1935-bin","prep",1622656521114767884,1622656521132218748
11,"cube-1935-bin","zzzz",1622656521132224811,1622656522746078133,30212,44852,134556
11,"cube-1935-bin","post",1622656522746100171,1622656522749122040
11,"cube-1495-bin","prep",1622656522749176891,1622656522842714310
11,"cube-1495-bin","zzzz",1622656522842721231,1622656537095492534,140183,198918,596754
11,"cube-1495-bin","post",1622656537095506382,1622656537146236188
11,"cube-1869-bin","prep",1622656537146293244,1622656537159934251
11,"cube-1869-bin","zzzz",1622656537159938373,1622656538138158605,21075,31725,95175
11,"cube-1869-bin","post",1622656538138181948,1622656538140226436
11,"cube-2651-asc","prep",1622656538140262654,1622656538140577286
11,"cube-2651-asc","zzzz",1622656538140578647,1622656538142407968,142,321,963
11,"cube-2651-asc","post",1622656538142417843,1622656538142541229
11,"cube-614-bin","prep",1622656538142552562,1622656538142823324
11,"cube-614-bin","zzzz",1622656538142824794,1622656538144739108,148,333,999
11,"cube-614-bin","post",1622656538144749058,1622656538144858181
11,"cube-3415-bin","prep",1622656538144886925,1622656538687204902
11,"cube-3415-bin","zzzz",1622656538687211220,1622656777194243194,1004888,1380713,4142139
11,"cube-3415-bin","post",1622656777194254021,1622656777284452170
11,"cube-821-bin","prep",1622656777284503044,1622656777285361674
11,"cube-821-bin","zzzz",1622656777285364658,1622656777303469311,1077,1877,5631
11,"cube-821-bin","post",1622656777303485458,1622656777303686738
11,"cube-3081-bin","prep",1622656777303733148,1622656777319796596
11,"cube-3081-bin","zzzz",1622656777319799350,1622656778992855178,30933,45959,137877
11,"cube-3081-bin","post",1622656778992865578,1622656778995951708
11,"cube-143-geo","mesh",1622656778995983777,1622656780913956342
11,"cube-143-geo","prep",1622656780914912430,1622656781079757388
11,"cube-143-geo","zzzz",1622656781079763123,1622656794280245716,133127,188836,566508
11,"cube-143-geo","post",1622656794280257201,1622656794376082406
11,"cube-3867-bin","prep",1622656794376188200,1622656794386745071
11,"cube-3867-bin","zzzz",1622656794386747923,1622656794406619633,1097,2012,6036
11,"cube-3867-bin","post",1622656794406629701,1622656794406964430
11,"cube-1454-bin","prep",1622656794407084126,1622656794415195497
11,"cube-1454-bin","zzzz",1622656794415197335,1622656794417014137,140,319,957
11,"cube-1454-bin","post",1622656794417024009,1622656794417121300
11,"cube-3530-asc","prep",1622656794417153402,1622656794426936117
11,"cube-3530-asc","zzzz",1622656794426938100,1622656794480243337,2427,4166,12498
11,"cube-3530-asc","post",1622656794480253390,1622656794481134283
11,"cube-337-asc","prep",1622656794481512366,1622656794494683705
11,"cube-337-asc","zzzz",1622656794494685848,1622656795281650685,17967,27278,81834
11,"cube-337-asc","post",1622656795281660685,1622656795283964732
11,"cube-1374-bin","prep",1622656795283998835,1622656795703614934
11,"cube-1374-bin","zzzz",1622656795703621716,1622656965106395050,775178,1068238,3204714
11,"cube-1374-bin","post",1622656965106410691,1622656965184129555
11,"cube-617-asc","prep",1622656965184163212,1622656965202807714
11,"cube-617-asc","zzzz",1622656965202812374,1622656966266706756,22512,33610,100830
11,"cube-617-asc","post",1622656966266717014,1622656966270179171
11,"cube-99-asc","prep",1622656966270236397,1622656966274389620
11,"cube-99-asc","zzzz",1622656966274391748,1622656966300091955,1342,2443,7329
11,"cube-99-asc","post",1622656966300101993,1622656966300476110
11,"cube-1188-asc","prep",1622656966300523778,1622656966300972064
11,"cube-1188-asc","zzzz",1622656966300973745,1622656966306026982,350,711,2133
11,"cube-1188-asc","post",1622656966306036892,1622656966306250076
11,"cube-98-asc","prep",1622656966306261741,1622656966917467543
11,"cube-98-asc","zzzz",1622656966917476412,1622657232263051885,1089012,1495671,4487013
11,"cube-98-asc","post",1622657232263060734,1622657232403153534
11,"cube-3331-bin","prep",1622657232403187516,1622657232410064693
11,"cube-3331-bin","zzzz",1622657232410068985,1622657232415263612,347,728,2184
11,"cube-3331-bin","post",1622657232415279733,1622657232415645186
11,"cube-3600-stl-bin","mesh",1622657232415670377,1622657234919786792
11,"cube-3600-stl-bin","prep",1622657234937455640,1622657235164126586
11,"cube-3600-stl-bin","zzzz",1622657235164132515,1622657259935650631,182092,289021,867063
11,"cube-3600-stl-bin","post",1622657259935664225,1622657260050035295
11,"cube-2056-stl-bin","mesh",1622657260050068293,1622657260701191208
11,"cube-2056-stl-bin","prep",1622657260702189059,1622657260761286579
11,"cube-2056-stl-bin","zzzz",1622657260761294435,1622657264661575277,46723,82232,246696
11,"cube-2056-stl-bin","post",1622657264661587537,1622657264690924272
11,"cube-1933-asc","prep",1622657264690962414,1622657264697985728
11,"cube-1933-asc","zzzz",1622657264697988353,1622657264701168792,232,497,1491
11,"cube-1933-asc","post",1622657264701178926,1622657264701635608
11,"cube-2127-bin","prep",1622657264701667638,1622657264702059713
11,"cube-2127-bin","zzzz",1622657264702060882,1622657264707279579,348,729,2187
11,"cube-2127-bin","post",1622657264707289829,1622657264707581972
11,"cube-249-asc","prep",1622657264707610892,1622657265323934688
11,"cube-249-asc","zzzz",1622657265323938825,1622657691010994948,1020666,2132046,6396138
11,"cube-249-asc","post",1622657691011008757,1622657691211469705
11,"cube-2823-stl-bin","mesh",1622657691211504347,1622657691238776502
11,"cube-2823-stl-bin","prep",1622657691239679571,1622657691240520885
11,"cube-2823-stl-bin","zzzz",1622657691240524032,1622657691301276825,1705,4568,13704
11,"cube-2823-stl-bin","post",1622657691301281846,1622657691301882131
11,"cube-1625-bin","prep",1622657691301896086,1622657691428879506
11,"cube-1625-bin","zzzz",1622657691428886516,1622657718654873655,218656,308001,924003
11,"cube-1625-bin","post",1622657718654887879,1622657718695384941
11,"cube-3409-bin","prep",1622657718695418102,1622657718698145623
11,"cube-3409-bin","zzzz",1622657718698148142,1622657718751351418,2423,4164,12492
11,"cube-3409-bin","post",1622657718751375465,1622657718751996138
11,"cube-1434-bin","prep",1622657718752454845,1622657718753733880
11,"cube-1434-bin","zzzz",1622657718753736090,1622657718780051141,1379,2488,7464
11,"cube-1434-bin","post",1622657718780061084,1622657718780683145
11,"Proc","exit_task",1622650751065416425,1622657718822238348,5058344
