35,"build/tests/sizes/cube-519-geo.geo","scan",1622650766108057006,1622650766116834644
35,"build/tests/sizes/cube-519-geo.geo","chck",1622650766086090008,1622650766116957648
35,"build/tests/sizes/cube-2974-asc.mesh","scan",1622650766128082809,1622650766134340221
35,"build/tests/sizes/cube-2974-asc.mesh","chck",1622650766116959062,1622650766134343681
35,"build/tests/sizes/cube-3943-bin.msh4","scan",1622650766141543599,1622650766734725786
35,"build/tests/sizes/cube-3943-bin.msh4","chck",1622650766134344571,1622650766734731712
35,"build/tests/sizes/cube-2255-asc.msh2","scan",1622650766740425012,1622650767310510262
35,"build/tests/sizes/cube-2255-asc.msh2","chck",1622650766734732889,1622650767310525636
35,"build/tests/sizes/cube-504-geo.geo_unrolled","scan",1622650767330295019,1622650767333501128
35,"build/tests/sizes/cube-504-geo.geo_unrolled","chck",1622650767310526802,1622650767333507464
35,"build/tests/sizes/cube-1300-geo.geo_unrolled","scan",1622650767351485354,1622650767354320084
35,"build/tests/sizes/cube-1300-geo.geo_unrolled","chck",1622650767333508786,1622650767354324655
35,"build/tests/sizes/cube-606-asc.mesh","scan",1622650767374576787,1622650772786859530
35,"build/tests/sizes/cube-606-asc.mesh","chck",1622650767354325830,1622650772786883992
35,"build/tests/sizes/cube-43-bin.msh4","scan",1622650772798959094,1622650772888341302
35,"build/tests/sizes/cube-43-bin.msh4","chck",1622650772786885381,1622650772888349035
35,"build/tests/sizes/cube-3158-asc.mesh","scan",1622650772889130113,1622650773022530114
35,"build/tests/sizes/cube-3158-asc.mesh","chck",1622650772888350334,1622650773022538319
35,"build/tests/sizes/cube-2366-asc.mesh","scan",1622650773023207810,1622650773025328163
35,"build/tests/sizes/cube-2366-asc.mesh","chck",1622650773022539722,1622650773025334139
35,"build/tests/sizes/cube-2157-bin.msh4","scan",1622650773025871184,1622650773045944296
35,"build/tests/sizes/cube-2157-bin.msh4","chck",1622650773025335547,1622650773045951018
35,"build/tests/sizes/cube-772-bin.vtk","scan",1622650773076020883,1622650773096159605
35,"build/tests/sizes/cube-772-bin.vtk","chck",1622650773045952017,1622650773096165503
35,"build/tests/sizes/cube-2926-geo.geo","scan",1622650773096747042,1622650773098138817
35,"build/tests/sizes/cube-2926-geo.geo","chck",1622650773096166556,1622650773098144146
35,"build/tests/sizes/cube-1285-bin.cgns","scan",1622650773103944010,1622650773162013537
35,"build/tests/sizes/cube-1285-bin.cgns","chck",1622650773098145112,1622650773162020580
35,"build/tests/sizes/cube-1807-bin.msh4","scan",1622650773176618965,1622650773211075882
35,"build/tests/sizes/cube-1807-bin.msh4","chck",1622650773162022157,1622650773211083288
35,"build/tests/sizes/cube-1789-bin.vtk","scan",1622650773225551809,1622650773232961633
35,"build/tests/sizes/cube-1789-bin.vtk","chck",1622650773211084528,1622650773232969156
35,"build/tests/sizes/cube-2171-bin.cgns","scan",1622650773236292068,1622650773292421323
35,"build/tests/sizes/cube-2171-bin.cgns","chck",1622650773232970427,1622650773292428961
35,"build/tests/sizes/cube-8-bin.cgns","scan",1622650773397233365,1622650773514694305
35,"build/tests/sizes/cube-8-bin.cgns","chck",1622650773292430382,1622650773514702314
35,"build/tests/sizes/cube-3880-bin.cgns","scan",1622650773518874200,1622650773589735506
35,"build/tests/sizes/cube-3880-bin.cgns","chck",1622650773514703877,1622650773589744161
35,"build/tests/sizes/cube-3207-bin.vtk","scan",1622650773590504548,1622650773829804610
35,"build/tests/sizes/cube-3207-bin.vtk","chck",1622650773589745738,1622650773829813267
35,"build/tests/sizes/cube-287-geo.geo","scan",1622650773831435990,1622650773832795806
35,"build/tests/sizes/cube-287-geo.geo","chck",1622650773829814551,1622650773832801644
35,"build/tests/sizes/cube-3360-bin.vtk","scan",1622650773833334977,1622650774140924667
35,"build/tests/sizes/cube-3360-bin.vtk","chck",1622650773832803165,1622650774140931758
35,"build/tests/sizes/cube-3326-asc.mesh","scan",1622650774141563763,1622650774198951088
35,"build/tests/sizes/cube-3326-asc.mesh","chck",1622650774140932950,1622650774198959017
35,"build/tests/sizes/cube-64-bin.msh4","scan",1622650774202763648,1622650774226718271
35,"build/tests/sizes/cube-64-bin.msh4","chck",1622650774198960249,1622650774226731748
35,"build/tests/sizes/cube-1523-bin.msh2","scan",1622650774231160575,1622650776227054171
35,"build/tests/sizes/cube-1523-bin.msh2","chck",1622650774226732971,1622650776227068971
35,"build/tests/sizes/cube-502-bin.cgns","scan",1622650776246289385,1622650776384934346
35,"build/tests/sizes/cube-502-bin.cgns","chck",1622650776227070316,1622650776384941612
35,"build/tests/sizes/cube-3102-bin.msh4","scan",1622650776385817501,1622650776389448931
35,"build/tests/sizes/cube-3102-bin.msh4","chck",1622650776384942808,1622650776389455066
35,"build/tests/sizes/cube-1755-asc.msh2","scan",1622650776404395564,1622650776997027230
35,"build/tests/sizes/cube-1755-asc.msh2","chck",1622650776389456274,1622650776997034128
35,"build/tests/sizes/cube-2768-geo.geo_unrolled","scan",1622650776997704693,1622650776998903859
35,"build/tests/sizes/cube-2768-geo.geo_unrolled","chck",1622650776997035613,1622650776998908760
35,"build/tests/sizes/cube-953-asc.msh2","scan",1622650777013484464,1622650777022722450
35,"build/tests/sizes/cube-953-asc.msh2","chck",1622650776998909711,1622650777022728271
35,"build/tests/sizes/cube-1887-bin.cgns","scan",1622650777043583162,1622650777319934694
35,"build/tests/sizes/cube-1887-bin.cgns","chck",1622650777022729351,1622650777319940541
35,"build/tests/sizes/cube-601-bin.vtk","scan",1622650777327875948,1622650780769921517
35,"build/tests/sizes/cube-601-bin.vtk","chck",1622650777319941660,1622650780769955405
35,"build/tests/sizes/cube-1824-asc.bdf","scan",1622650780771541034,1622650794251615696
35,"build/tests/sizes/cube-1824-asc.bdf","chck",1622650780769956705,1622650794251621530
35,"build/tests/sizes/cube-999-stl-bin.geo","scan",1622650794366374928,1622650794555427461
35,"build/tests/sizes/cube-999-stl-bin.geo","chck",1622650794251622533,1622650794555434003
35,"build/tests/sizes/cube-2050-stl-bin.geo","scan",1622650794556366258,1622650794561673941
35,"build/tests/sizes/cube-2050-stl-bin.geo","chck",1622650794555435319,1622650794561679685
35,"build/tests/sizes/cube-1368-asc.mesh","scan",1622650794572081476,1622650796450091318
35,"build/tests/sizes/cube-1368-asc.mesh","chck",1622650794561681066,1622650796450099342
35,"build/tests/sizes/cube-1126-asc.bdf","scan",1622650796462501813,1622650796472581722
35,"build/tests/sizes/cube-1126-asc.bdf","chck",1622650796450100489,1622650796472587113
35,"build/tests/sizes/cube-3421-geo.geo_unrolled","scan",1622650796473172048,1622650796474417156
35,"build/tests/sizes/cube-3421-geo.geo_unrolled","chck",1622650796472588044,1622650796474421517
35,"build/tests/sizes/cube-2386-bin.msh2","scan",1622650796474946650,1622650797365642442
35,"build/tests/sizes/cube-2386-bin.msh2","chck",1622650796474422438,1622650797365650103
35,"build/tests/sizes/cube-367-geo.geo","scan",1622650797367216522,1622650797368629112
35,"build/tests/sizes/cube-367-geo.geo","chck",1622650797365651211,1622650797368634068
35,"build/tests/sizes/cube-1410-bin.msh2","scan",1622650797369730372,1622650797478356563
35,"build/tests/sizes/cube-1410-bin.msh2","chck",1622650797368635088,1622650797478373305
35,"build/tests/sizes/cube-917-bin.msh2","scan",1622650797501884991,1622650798710110817
35,"build/tests/sizes/cube-917-bin.msh2","chck",1622650797478374537,1622650798710119092
35,"build/tests/sizes/cube-1641-geo.geo_unrolled","scan",1622650798711928331,1622650798713253096
35,"build/tests/sizes/cube-1641-geo.geo_unrolled","chck",1622650798710120197,1622650798713258615
35,"build/tests/sizes/cube-2817-geo.geo_unrolled","scan",1622650798713845835,1622650798715006470
35,"build/tests/sizes/cube-2817-geo.geo_unrolled","chck",1622650798713259596,1622650798715010453
35,"build/tests/sizes/cube-3577-bin.cgns","scan",1622650798725946600,1622650798787530504
35,"build/tests/sizes/cube-3577-bin.cgns","chck",1622650798715011589,1622650798787535809
35,"build/tests/sizes/cube-2917-bin.msh4","scan",1622650798788174535,1622650798871062915
35,"build/tests/sizes/cube-2917-bin.msh4","chck",1622650798787536829,1622650798871069347
35,"build/tests/sizes/cube-248-asc.bdf","scan",1622650798875856418,1622650799338960249
35,"build/tests/sizes/cube-248-asc.bdf","chck",1622650798871422562,1622650799338967782
35,"build/tests/sizes/cube-416-asc.msh2","scan",1622650799340551765,1622650799358348257
35,"build/tests/sizes/cube-416-asc.msh2","chck",1622650799338968974,1622650799358371918
35,"build/tests/sizes/cube-3429-bin.msh4","scan",1622650799358953220,1622650799403566113
35,"build/tests/sizes/cube-3429-bin.msh4","chck",1622650799358373246,1622650799403573154
35,"build/tests/sizes/cube-3545-bin.vtk","scan",1622650799404175270,1622650799624941419
35,"build/tests/sizes/cube-3545-bin.vtk","chck",1622650799403574280,1622650799624948024
35,"build/tests/sizes/cube-340-bin.cgns","scan",1622650799649483205,1622650799744966100
35,"build/tests/sizes/cube-340-bin.cgns","chck",1622650799624949223,1622650799744973728
35,"build/tests/sizes/cube-212-stl-bin.geo","scan",1622650799759808985,1622650799763598734
35,"build/tests/sizes/cube-212-stl-bin.geo","chck",1622650799744974986,1622650799763605347
35,"build/tests/sizes/cube-3016-asc.mesh","scan",1622650799764169019,1622650800091352401
35,"build/tests/sizes/cube-3016-asc.mesh","chck",1622650799763606918,1622650800091369405
35,"build/tests/sizes/cube-926-asc.msh2","scan",1622650800105650626,1622650800173727576
35,"build/tests/sizes/cube-926-asc.msh2","chck",1622650800091370718,1622650800173733084
35,"build/tests/sizes/cube-148-bin.vtk","scan",1622650800198838222,1622650803646627259
35,"build/tests/sizes/cube-148-bin.vtk","chck",1622650800173734122,1622650803646653269
35,"build/tests/sizes/cube-3825-bin.msh4","scan",1622650803647519020,1622650803649592679
35,"build/tests/sizes/cube-3825-bin.msh4","chck",1622650803646654593,1622650803649598234
35,"build/tests/sizes/cube-3115-asc.bdf","scan",1622650803650146853,1622650814020433212
35,"build/tests/sizes/cube-3115-asc.bdf","chck",1622650803649599250,1622650814020450530
35,"build/tests/sizes/cube-3481-asc.mesh","scan",1622650814021206483,1622650815093631534
35,"build/tests/sizes/cube-3481-asc.mesh","chck",1622650814020451795,1622650815093639222
35,"build/tests/sizes/cube-1452-bin.msh2","scan",1622650815098464216,1622650815218201497
35,"build/tests/sizes/cube-1452-bin.msh2","chck",1622650815093640435,1622650815218208552
35,"build/tests/sizes/cube-1503-asc.bdf","scan",1622650815229314544,1622650819309229217
35,"build/tests/sizes/cube-1503-asc.bdf","chck",1622650815218209842,1622650819309235440
35,"build/tests/sizes/cube-2488-asc.msh2","scan",1622650819309803565,1622650820441344294
35,"build/tests/sizes/cube-2488-asc.msh2","chck",1622650819309236668,1622650820441351942
35,"build/tests/sizes/cube-152-geo.geo","scan",1622650820442751530,1622650820444231857
35,"build/tests/sizes/cube-152-geo.geo","chck",1622650820441353166,1622650820444236800
35,"build/tests/sizes/cube-2201-bin.msh2","scan",1622650820444765561,1622650821735761215
35,"build/tests/sizes/cube-2201-bin.msh2","chck",1622650820444237829,1622650821735769103
35,"build/tests/sizes/cube-592-geo.geo_unrolled","scan",1622650821753144720,1622650821754433049
35,"build/tests/sizes/cube-592-geo.geo_unrolled","chck",1622650821735770338,1622650821754447067
35,"build/tests/sizes/cube-2419-geo.geo_unrolled","scan",1622650821755070978,1622650821756177713
35,"build/tests/sizes/cube-2419-geo.geo_unrolled","chck",1622650821754448183,1622650821756182310
35,"build/tests/sizes/cube-2901-bin.cgns","scan",1622650821761494087,1622650821822451190
35,"build/tests/sizes/cube-2901-bin.cgns","chck",1622650821756183358,1622650821822457873
35,"build/tests/sizes/cube-334-asc.msh2","scan",1622650821840389775,1622650821872372609
35,"build/tests/sizes/cube-334-asc.msh2","chck",1622650821822459149,1622650821872379959
35,"build/tests/sizes/cube-1277-asc.bdf","scan",1622650821891808686,1622650821901182926
35,"build/tests/sizes/cube-1277-asc.bdf","chck",1622650821872381155,1622650821901189592
35,"build/tests/sizes/cube-177-asc.msh2","scan",1622650821902396549,1622650821910666044
35,"build/tests/sizes/cube-177-asc.msh2","chck",1622650821901190748,1622650821910671943
35,"build/tests/sizes/cube-414-geo.geo_unrolled","scan",1622650821924077406,1622650821925414719
35,"build/tests/sizes/cube-414-geo.geo_unrolled","chck",1622650821910674873,1622650821925419743
35,"build/tests/sizes/cube-3744-geo.geo","scan",1622650821925948747,1622650821927289012
35,"build/tests/sizes/cube-3744-geo.geo","chck",1622650821925420786,1622650821927293257
35,"build/tests/sizes/cube-2257-asc.msh2","scan",1622650821927816878,1622650824194714666
35,"build/tests/sizes/cube-2257-asc.msh2","chck",1622650821927294196,1622650824194722549
35,"build/tests/sizes/cube-1209-bin.msh2","scan",1622650824208693381,1622650824530600124
35,"build/tests/sizes/cube-1209-bin.msh2","chck",1622650824194723717,1622650824530607871
35,"build/tests/sizes/cube-1857-bin.vtk","scan",1622650824543800516,1622650824631513776
35,"build/tests/sizes/cube-1857-bin.vtk","chck",1622650824530609065,1622650824631521677
35,"build/tests/sizes/cube-3700-bin.msh2","scan",1622650824632184497,1622650824638446523
35,"build/tests/sizes/cube-3700-bin.msh2","chck",1622650824631522780,1622650824638451566
35,"build/tests/sizes/cube-2100-asc.bdf","scan",1622650824639008720,1622650826446342924
35,"build/tests/sizes/cube-2100-asc.bdf","chck",1622650824638452911,1622650826446351821
35,"build/tests/sizes/cube-1149-geo.geo_unrolled","scan",1622650826453849073,1622650826468564813
35,"build/tests/sizes/cube-1149-geo.geo_unrolled","chck",1622650826446353006,1622650826468571796
35,"build/tests/sizes/cube-945-asc.bdf","scan",1622650826481785306,1622650826508450484
35,"build/tests/sizes/cube-945-asc.bdf","chck",1622650826468573005,1622650826508455886
35,"build/tests/sizes/cube-1456-bin.vtk","scan",1622650826519814960,1622650826790346513
35,"build/tests/sizes/cube-1456-bin.vtk","chck",1622650826508456940,1622650826790353406
35,"build/tests/sizes/cube-178-bin.cgns","scan",1622650826795724051,1622650826859151892
35,"build/tests/sizes/cube-178-bin.cgns","chck",1622650826790354431,1622650826859158999
35,"build/tests/sizes/cube-507-stl-bin.geo","scan",1622650826876097448,1622650827689540459
35,"build/tests/sizes/cube-507-stl-bin.geo","chck",1622650826859159989,1622650827689547820
35,"build/tests/sizes/cube-1870-asc.msh2","scan",1622650827712995025,1622650833930369067
35,"build/tests/sizes/cube-1870-asc.msh2","chck",1622650827689549043,1622650833930375712
35,"build/tests/sizes/cube-394-stl-bin.geo","scan",1622650833946631324,1622650834881332679
35,"build/tests/sizes/cube-394-stl-bin.geo","chck",1622650833930376941,1622650834881340363
35,"build/tests/sizes/cube-204-asc.msh2","scan",1622650834886778841,1622650835749315229
35,"build/tests/sizes/cube-204-asc.msh2","chck",1622650834881341490,1622650835749321369
35,"build/tests/sizes/cube-1315-bin.vtk","scan",1622650835765233972,1622650836170040503
35,"build/tests/sizes/cube-1315-bin.vtk","chck",1622650835749322574,1622650836170047489
35,"build/tests/sizes/cube-46-bin.msh2","scan",1622650836172051207,1622650836180611710
35,"build/tests/sizes/cube-46-bin.msh2","chck",1622650836170048651,1622650836180619134
35,"build/tests/sizes/cube-2632-asc.mesh","scan",1622650836181190398,1622650836183414929
35,"build/tests/sizes/cube-2632-asc.mesh","chck",1622650836180620284,1622650836183420059
35,"build/tests/sizes/cube-1963-geo.geo","scan",1622650836183989844,1622650836185396017
35,"build/tests/sizes/cube-1963-geo.geo","chck",1622650836183421150,1622650836185400778
35,"build/tests/sizes/cube-3513-bin.vtk","scan",1622650836185957535,1622650836187095692
35,"build/tests/sizes/cube-3513-bin.vtk","chck",1622650836185401708,1622650836187099184
35,"build/tests/sizes/cube-3003-asc.msh2","scan",1622650836187644741,1622650836214515972
35,"build/tests/sizes/cube-3003-asc.msh2","chck",1622650836187100183,1622650836214522477
35,"build/tests/sizes/cube-2324-bin.cgns","scan",1622650836219485100,1622650836282672369
35,"build/tests/sizes/cube-2324-bin.cgns","chck",1622650836214523677,1622650836282679426
35,"build/tests/sizes/cube-2613-asc.msh2","scan",1622650836298495240,1622650842120733331
35,"build/tests/sizes/cube-2613-asc.msh2","chck",1622650836282680492,1622650842120741337
35,"build/tests/sizes/cube-2168-bin.msh4","scan",1622650842141076877,1622650842187827753
35,"build/tests/sizes/cube-2168-bin.msh4","chck",1622650842121017784,1622650842187834842
35,"build/tests/sizes/cube-2820-geo.geo","scan",1622650842188406372,1622650842189787490
35,"build/tests/sizes/cube-2820-geo.geo","chck",1622650842187835964,1622650842189791508
35,"build/tests/sizes/cube-2052-asc.mesh","scan",1622650842190278693,1622650843909187817
35,"build/tests/sizes/cube-2052-asc.mesh","chck",1622650842189792389,1622650843909195068
35,"build/tests/sizes/cube-1696-bin.msh4","scan",1622650843910836096,1622650843915352795
35,"build/tests/sizes/cube-1696-bin.msh4","chck",1622650843909196086,1622650843915365855
35,"build/tests/sizes/cube-2131-bin.msh2","scan",1622650843915901731,1622650845216740578
35,"build/tests/sizes/cube-2131-bin.msh2","chck",1622650843915366775,1622650845216746709
35,"build/tests/sizes/cube-1205-asc.msh2","scan",1622650845236887104,1622650845424424510
35,"build/tests/sizes/cube-1205-asc.msh2","chck",1622650845216747800,1622650845424431332
35,"build/tests/sizes/cube-3184-bin.msh2","scan",1622650845425040662,1622650846458097863
35,"build/tests/sizes/cube-3184-bin.msh2","chck",1622650845424432427,1622650846458104922
35,"build/tests/sizes/cube-831-bin.vtk","scan",1622650846459908863,1622650846516418501
35,"build/tests/sizes/cube-831-bin.vtk","chck",1622650846458106441,1622650846516424409
35,"cube-1205-asc","prep",1622650846517599066,1622650846529532583
35,"cube-1205-asc","zzzz",1622650846529540029,1622650847604853620,22567,33888,101664
35,"cube-1205-asc","post",1622650847604862169,1622650847607041501
35,"cube-2131-bin","prep",1622650847607082608,1622650847757964634
35,"cube-2131-bin","zzzz",1622650847757970889,1622650885594306953,273697,384202,1152606
35,"cube-2131-bin","post",1622650885594330022,1622650885616591231
35,"cube-3115-asc","prep",1622650885616659382,1622650886171627054
35,"cube-3115-asc","zzzz",1622650886171632217,1622651228514221678,991640,1810582,5431746
35,"cube-3115-asc","post",1622651228514235531,1622651228616450468
35,"cube-394-stl-bin","mesh",1622651228616832615,1622651247168904337
35,"cube-394-stl-bin","prep",1622651247969239102,1622651249464944266
35,"cube-394-stl-bin","zzzz",1622651249464952693,1622651843464330079,1886746,2737267,8211801
35,"cube-394-stl-bin","post",1622651843464344358,1622651843925918472
35,"cube-1696-bin","prep",1622651843926670130,1622651843950390926
35,"cube-1696-bin","zzzz",1622651843950395389,1622651844076663053,4691,7628,22884
35,"cube-1696-bin","post",1622651844076673256,1622651844077381848
35,"cube-2255-asc","prep",1622651844077425327,1622651844132330854
35,"cube-2255-asc","zzzz",1622651844132336651,1622651852343722610,95126,136700,410100
35,"cube-2255-asc","post",1622651852343733546,1622651852360780219
35,"cube-1315-bin","prep",1622651852360817504,1622651852474000506
35,"cube-1315-bin","zzzz",1622651852474007400,1622651879871434006,219897,309282,927846
35,"cube-1315-bin","post",1622651879871443253,1622651879891994085
35,"cube-1807-bin","prep",1622651879892031267,1622651879893405819
35,"cube-1807-bin","zzzz",1622651879893407702,1622651879910753711,1032,1817,5451
35,"cube-1807-bin","post",1622651879910769414,1622651879910896424
35,"cube-416-asc","prep",1622651879910950184,1622651879911153378
35,"cube-416-asc","zzzz",1622651879911154697,1622651879916376351,348,729,2187
35,"cube-416-asc","post",1622651879916380332,1622651879916454097
35,"cube-1285-bin.cgns","prep",1622651879916467906,1622651879917026676
35,"cube-1285-bin.cgns","zzzz",1622651879917029405,1622651879920400782,251,522,1566
35,"cube-1285-bin.cgns","post",1622651879920415970,1622651879920621018
35,"cube-46-bin","prep",1622651879920682419,1622651879921380991
35,"cube-46-bin","zzzz",1622651879921382554,1622651879952462703,1555,2820,8460
35,"cube-46-bin","post",1622651879952478985,1622651879952660257
35,"cube-2168-bin","prep",1622651879952697552,1622651879953689168
35,"cube-2168-bin","zzzz",1622651879953691155,1622651879988727299,1724,3086,9258
35,"cube-2168-bin","post",1622651879988742920,1622651879989072374
35,"cube-2386-bin","prep",1622651879989489905,1622651880097607696
35,"cube-2386-bin","zzzz",1622651880097613553,1622651906114050931,212065,298729,896187
35,"cube-2386-bin","post",1622651906114064499,1622651906133190810
35,"cube-367-geo","mesh",1622651906133232171,1622651906143026989
35,"cube-367-geo","prep",1622651906143834075,1622651906144036792
35,"cube-367-geo","zzzz",1622651906144038532,1622651906147342979,243,512,1536
35,"cube-367-geo","post",1622651906147353153,1622651906147683427
35,"cube-926-asc","prep",1622651906147697559,1622651906150593293
35,"cube-926-asc","zzzz",1622651906150595517,1622651906336680412,6299,10003,30009
35,"cube-926-asc","post",1622651906336690446,1622651906337558736
35,"cube-831-bin","prep",1622651906337595144,1622651906355423933
35,"cube-831-bin","zzzz",1622651906355425897,1622651908477456187,36690,54071,162213
35,"cube-831-bin","post",1622651908477466465,1622651908480782371
35,"cube-2100-asc","prep",1622651908480800954,1622651908604689166
35,"cube-2100-asc","zzzz",1622651908604694468,1622651941241438101,247950,347894,1043682
35,"cube-2100-asc","post",1622651941241452509,1622651941262840474
35,"cube-2768-geo","mesh",1622651941262877671,1622651945333694721
35,"cube-2768-geo","prep",1622651945334493392,1622651945721986427
35,"cube-2768-geo","zzzz",1622651945721991797,1622652005764178890,374828,523412,1570236
35,"cube-2768-geo","post",1622652005764193535,1622652005896659514
35,"cube-2157-bin","prep",1622652005896728704,1622652005933391567
35,"cube-2157-bin","zzzz",1622652005933396427,1622652008581532718,42764,62965,188895
35,"cube-2157-bin","post",1622652008581544151,1622652008585033815
35,"cube-1824-asc","prep",1622652008585228912,1622652009147388575
35,"cube-1824-asc","zzzz",1622652009147393586,1622652450044046998,1026639,2188926,6566778
35,"cube-1824-asc","post",1622652450044061456,1622652450224798224
35,"cube-2901-bin.cgns","prep",1622652450224839002,1622652450278853480
35,"cube-2901-bin.cgns","zzzz",1622652450278860181,1622652515302483654,396044,551971,1655913
35,"cube-2901-bin.cgns","post",1622652515302493872,1622652515302554914
35,"cube-1641-geo","mesh",1622652515302656101,1622652515417399775
35,"cube-1641-geo","prep",1622652515418251941,1622652515423563901
35,"cube-1641-geo","zzzz",1622652515423566235,1622652515677650271,7857,12434,37302
35,"cube-1641-geo","post",1622652515677659005,1622652515681299660
35,"cube-3102-bin","prep",1622652515681685739,1622652515685492890
35,"cube-3102-bin","zzzz",1622652515685494820,1622652515816544207,4834,7829,23487
35,"cube-3102-bin","post",1622652515816550644,1622652515817423039
35,"cube-3429-bin","prep",1622652515817459476,1622652515858023083
35,"cube-3429-bin","zzzz",1622652515858039244,1622652521237091765,70705,102370,307110
35,"cube-3429-bin","post",1622652521237102407,1622652521243328521
35,"cube-2052-asc","prep",1622652521243709592,1622652521538447053
35,"cube-2052-asc","zzzz",1622652521538453641,1622652635983558836,580326,803555,2410665
35,"cube-2052-asc","post",1622652635983575441,1622652636039701790
35,"cube-8-bin.cgns","prep",1622652636039742072,1622652636056458375
35,"cube-8-bin.cgns","zzzz",1622652636056461638,1622652636064180545,488,983,2949
35,"cube-8-bin.cgns","post",1622652636064190620,1622652636064264445
35,"cube-2324-bin.cgns","prep",1622652636064355227,1622652636091858941
35,"cube-2324-bin.cgns","zzzz",1622652636091866297,1622652679555111753,300564,421674,1265022
35,"cube-2324-bin.cgns","post",1622652679555126108,1622652679555197263
35,"cube-1368-asc","prep",1622652679555316991,1622652679839510323
35,"cube-1368-asc","zzzz",1622652679839516233,1622652770384953089,495099,688004,2064012
35,"cube-1368-asc","post",1622652770384967127,1622652770484159109
35,"cube-999-stl-bin","mesh",1622652770484204011,1622652770490135466
35,"cube-999-stl-bin","prep",1622652770491009368,1622652770491219147
35,"cube-999-stl-bin","zzzz",1622652770491220947,1622652770497689101,250,859,2577
35,"cube-999-stl-bin","post",1622652770497699118,1622652770497814420
35,"cube-917-bin","prep",1622652770497826945,1622652770640182450
35,"cube-917-bin","zzzz",1622652770640593915,1622652810442119223,283439,397530,1192590
35,"cube-917-bin","post",1622652810442133782,1622652810466371054
35,"cube-1452-bin","prep",1622652810466410298,1622652810478328710
35,"cube-1452-bin","zzzz",1622652810478331995,1622652811654701120,23926,36001,108003
35,"cube-1452-bin","post",1622652811654710262,1622652811656999203
35,"cube-148-bin","prep",1622652811657045220,1622652812785458082
35,"cube-148-bin","zzzz",1622652812785464734,1622653473593221066,2174307,2965067,8895201
35,"cube-148-bin","post",1622653473593235935,1622653473774355243
35,"cube-502-bin.cgns","prep",1622653473774949506,1622653473892617292
35,"cube-502-bin.cgns","zzzz",1622653473892625854,1622653495057859077,184142,259903,779709
35,"cube-502-bin.cgns","post",1622653495057874223,1622653495057941484
35,"cube-2171-bin.cgns","prep",1622653495058070402,1622653495060869227
35,"cube-2171-bin.cgns","zzzz",1622653495060873223,1622653496359065655,25707,38557,115671
35,"cube-2171-bin.cgns","post",1622653496359075835,1622653496359125478
35,"cube-248-asc","prep",1622653496359235458,1622653496384960032
35,"cube-248-asc","zzzz",1622653496384963566,1622653500163120247,54957,80453,241359
35,"cube-248-asc","post",1622653500163131484,1622653500167592506
35,"cube-2974-asc","prep",1622653500167626804,1622653500167973316
35,"cube-2974-asc","zzzz",1622653500167974839,1622653500173629828,370,775,2325
35,"cube-2974-asc","post",1622653500173639942,1622653500173855967
35,"cube-178-bin.cgns","prep",1622653500173891973,1622653500174845339
35,"cube-178-bin.cgns","zzzz",1622653500174847919,1622653500178141665,242,511,1533
35,"cube-178-bin.cgns","post",1622653500178151825,1622653500178200274
35,"cube-3421-geo","mesh",1622653500178295189,1622653500195473825
35,"cube-3421-geo","prep",1622653500196272656,1622653500196754223
35,"cube-3421-geo","zzzz",1622653500196756076,1622653500207850560,676,1295,3885
35,"cube-3421-geo","post",1622653500207860635,1622653500208257699
35,"cube-212-stl-bin","mesh",1622653500208295212,1622653500212591868
35,"cube-212-stl-bin","prep",1622653500213311623,1622653500213506433
35,"cube-212-stl-bin","zzzz",1622653500213508156,1622653500221215975,287,982,2946
35,"cube-212-stl-bin","post",1622653500221226045,1622653500221424747
35,"cube-3016-asc","prep",1622653500221458729,1622653500273785618
35,"cube-3016-asc","zzzz",1622653500273790197,1622653508819173510,98084,140443,421329
35,"cube-3016-asc","post",1622653508819188485,1622653508828198204
35,"cube-2366-asc","prep",1622653508828238154,1622653508828571727
35,"cube-2366-asc","zzzz",1622653508828573267,1622653508833378710,327,684,2052
35,"cube-2366-asc","post",1622653508833388971,1622653508833589618
35,"cube-3880-bin.cgns","prep",1622653508833625732,1622653508834288432
35,"cube-3880-bin.cgns","zzzz",1622653508834290951,1622653508839510279,348,729,2187
35,"cube-3880-bin.cgns","post",1622653508839520347,1622653508839571044
35,"cube-43-bin","prep",1622653508839665899,1622653508887811638
35,"cube-43-bin","zzzz",1622653508887816118,1622653517335259730,97111,139338,418014
35,"cube-43-bin","post",1622653517335274371,1622653517343408633
35,"cube-519-geo","mesh",1622653517343629192,1622653517388370179
35,"cube-519-geo","prep",1622653517389150890,1622653517390778658
35,"cube-519-geo","zzzz",1622653517390780617,1622653517449442758,2603,4456,13368
35,"cube-519-geo","post",1622653517449452840,1622653517450067755
35,"cube-3360-bin","prep",1622653517450356637,1622653517545321015
35,"cube-3360-bin","zzzz",1622653517545327066,1622653540541797172,194335,274824,824472
35,"cube-3360-bin","post",1622653540541810654,1622653540559186026
35,"cube-1126-asc","prep",1622653540559225744,1622653540559618830
35,"cube-1126-asc","zzzz",1622653540559619908,1622653540564849415,349,730,2190
35,"cube-1126-asc","post",1622653540564859451,1622653540565263750
35,"cube-953-asc","prep",1622653540565298975,1622653540565993085
35,"cube-953-asc","zzzz",1622653540565994842,1622653540569190418,234,499,1497
35,"cube-953-asc","post",1622653540569200401,1622653540569431284
35,"cube-772-bin","prep",1622653540569468412,1622653540570109085
35,"cube-772-bin","zzzz",1622653540570110667,1622653540595353003,1317,2410,7230
35,"cube-772-bin","post",1622653540595375228,1622653540595600931
35,"cube-2917-bin","prep",1622653540595644373,1622653540668068821
35,"cube-2917-bin","zzzz",1622653540668074272,1622653556070598422,147795,209604,628812
35,"cube-2917-bin","post",1622653556070608426,1622653556083421729
35,"cube-3326-asc","prep",1622653556083479322,1622653556091596376
35,"cube-3326-asc","zzzz",1622653556091600082,1622653556836151687,17204,26238,78714
35,"cube-3326-asc","post",1622653556836158955,1622653556837823750
35,"cube-504-geo","mesh",1622653556837875642,1622653556850378865
35,"cube-504-geo","prep",1622653556851209135,1622653556851531606
35,"cube-504-geo","zzzz",1622653556851533263,1622653556857187402,370,775,2325
35,"cube-504-geo","post",1622653556857197388,1622653556857492209
35,"cube-3545-bin","prep",1622653556857506779,1622653556925677544
35,"cube-3545-bin","zzzz",1622653556925683418,1622653571535977600,142461,202244,606732
35,"cube-3545-bin","post",1622653571535991357,1622653571548737951
35,"cube-2257-asc","prep",1622653571548776077,1622653571698758866
35,"cube-2257-asc","zzzz",1622653571698765054,1622653615610764864,302321,424578,1273734
35,"cube-2257-asc","post",1622653615610780772,1622653615636435136
35,"cube-1300-geo","mesh",1622653615636485044,1622653615651361752
35,"cube-1300-geo","prep",1622653615652187611,1622653615652597947
35,"cube-1300-geo","zzzz",1622653615652600142,1622653615660493660,500,1000,3000
35,"cube-1300-geo","post",1622653615660503791,1622653615660802120
35,"cube-1789-bin","prep",1622653615660839418,1622653615661164203
35,"cube-1789-bin","zzzz",1622653615661165456,1622653615664552117,251,522,1566
35,"cube-1789-bin","post",1622653615664562126,1622653615664698520
35,"cube-3207-bin","prep",1622653615664733223,1622653615728729786
35,"cube-3207-bin","zzzz",1622653615728735370,1622653626725969758,116934,166815,500445
35,"cube-3207-bin","post",1622653626725983929,1622653626736406095
35,"cube-2419-geo","mesh",1622653626736444650,1622653627989627559
35,"cube-2419-geo","prep",1622653627990479154,1622653628105234160
35,"cube-2419-geo","zzzz",1622653628105239164,1622653636586395360,97244,139780,419340
35,"cube-2419-geo","post",1622653636586405343,1622653636649034111
35,"cube-1755-asc","prep",1622653636651870840,1622653636710720100
35,"cube-1755-asc","zzzz",1622653636710725367,1622653642602856441,75239,109019,327057
35,"cube-1755-asc","post",1622653642602870347,1622653642619154276
35,"cube-3744-geo","mesh",1622653642619188769,1622653644920710861
35,"cube-3744-geo","prep",1622653644921578614,1622653645156866780
35,"cube-3744-geo","zzzz",1622653645156871999,1622653667894521244,193393,272758,818274
35,"cube-3744-geo","post",1622653667894534942,1622653668010692177
35,"cube-287-geo","mesh",1622653668015390158,1622653670611592772
35,"cube-287-geo","prep",1622653670612474118,1622653670880679174
35,"cube-287-geo","zzzz",1622653670880684103,1622653697724611468,216323,305088,915264
35,"cube-287-geo","post",1622653697724625437,1622653697865643552
35,"cube-3943-bin","prep",1622653697871102209,1622653698444600712
35,"cube-3943-bin","zzzz",1622653698444606480,1622653960673615086,1079641,1482452,4447356
35,"cube-3943-bin","post",1622653960673628293,1622653960766350567
35,"cube-1456-bin","prep",1622653960766416507,1622653960867596261
35,"cube-1456-bin","zzzz",1622653960867603020,1622653976749850583,150861,213996,641988
35,"cube-1456-bin","post",1622653976749865114,1622653976763531613
35,"cube-601-bin","prep",1622653976763576691,1622653977903589482
35,"cube-601-bin","zzzz",1622653977903596540,1622654584061927694,2036153,2779193,8337579
35,"cube-601-bin","post",1622654584061941366,1622654584278398637
35,"cube-2817-geo","mesh",1622654584278977287,1622654585801856463
35,"cube-2817-geo","prep",1622654585802730975,1622654585943462207
35,"cube-2817-geo","zzzz",1622654585943468292,1622654596366413423,112561,160792,482376
35,"cube-2817-geo","post",1622654596366424394,1622654596450490043
35,"cube-64-bin","prep",1622654596453991208,1622654596484798247
35,"cube-64-bin","zzzz",1622654596485215253,1622654598752871172,38393,56634,169902
35,"cube-64-bin","post",1622654598752880909,1622654598756641154
35,"cube-1857-bin","prep",1622654598756691009,1622654598781493918
35,"cube-1857-bin","zzzz",1622654598781498537,1622654600106791836,26316,39090,117270
35,"cube-1857-bin","post",1622654600106800757,1622654600109666702
35,"cube-3825-bin","prep",1622654600109709153,1622654600119969245
35,"cube-3825-bin","zzzz",1622654600119972410,1622654600154646080,1706,3062,9186
35,"cube-3825-bin","post",1622654600154661650,1622654600154914929
35,"cube-606-asc","prep",1622654600155013355,1622654601021563209
35,"cube-606-asc","zzzz",1622654601021569078,1622655023451865681,1549606,2119799,6359397
35,"cube-606-asc","post",1622655023451890648,1622655023586818914
35,"cube-1887-bin.cgns","prep",1622655023586886361,1622655023960501691
35,"cube-1887-bin.cgns","zzzz",1622655023960509213,1622655150381329115,621113,858244,2574732
35,"cube-1887-bin.cgns","post",1622655150381343169,1622655150381497161
35,"cube-3158-asc","prep",1622655150381653499,1622655150399893137
35,"cube-3158-asc","zzzz",1622655150399896328,1622655152716608396,39054,57493,172479
35,"cube-3158-asc","post",1622655152716612430,1622655152719430961
35,"cube-3481-asc","prep",1622655152719464407,1622655152850766836
35,"cube-3481-asc","zzzz",1622655152850773207,1622655182494971411,231843,326160,978480
35,"cube-3481-asc","post",1622655182494986195,1622655182533269240
35,"cube-1503-asc","prep",1622655182533302793,1622655182816813595
35,"cube-1503-asc","zzzz",1622655182816819269,1622655285753640275,539913,749109,2247327
35,"cube-1503-asc","post",1622655285753655365,1622655285801632039
35,"cube-2926-geo","mesh",1622655285801687765,1622655285846022603
35,"cube-2926-geo","prep",1622655285846974898,1622655285848587614
35,"cube-2926-geo","zzzz",1622655285848590067,1622655285901132347,2393,4124,12372
35,"cube-2926-geo","post",1622655285901142494,1622655285901756434
35,"cube-2488-asc","prep",1622655285902045224,1622655285978660147
35,"cube-2488-asc","zzzz",1622655285978665335,1622655301787790048,150423,213377,640131
35,"cube-2488-asc","post",1622655301787799793,1622655301801408849
35,"cube-2201-bin","prep",1622655301801439977,1622655301968867425
35,"cube-2201-bin","zzzz",1622655301968873430,1622655347409444253,309812,434447,1303341
35,"cube-2201-bin","post",1622655347409457815,1622655347437551072
35,"cube-592-geo","mesh",1622655347437707517,1622655347537348882
35,"cube-592-geo","prep",1622655347538182803,1622655347542392437
35,"cube-592-geo","zzzz",1622655347542394740,1622655347730296185,6359,10084,30252
35,"cube-592-geo","post",1622655347730306215,1622655347733003414
35,"cube-1410-bin","prep",1622655347733023301,1622655347746690377
35,"cube-1410-bin","zzzz",1622655347746692597,1622655349003500704,25233,37718,113154
35,"cube-1410-bin","post",1622655349003511314,1622655349005989934
35,"cube-334-asc","prep",1622655349006053657,1622655349007246470
35,"cube-334-asc","zzzz",1622655349007248341,1622655349066245306,2621,4474,13422
35,"cube-334-asc","post",1622655349066255460,1622655349066559973
35,"cube-1277-asc","prep",1622655349066695266,1622655349066954886
35,"cube-1277-asc","zzzz",1622655349066956546,1622655349070368103,253,524,1572
35,"cube-1277-asc","post",1622655349070378047,1622655349070654324
35,"cube-3577-bin.cgns","prep",1622655349070666763,1622655349383063610
35,"cube-3577-bin.cgns","zzzz",1622655349383071677,1622655497628043217,699452,966479,2899437
35,"cube-3577-bin.cgns","post",1622655497628052752,1622655497628087405
35,"cube-3184-bin","prep",1622655497628168376,1622655497739233484
35,"cube-3184-bin","zzzz",1622655497739239793,1622655524354141393,215393,303296,909888
35,"cube-3184-bin","post",1622655524354156690,1622655524373988561
35,"cube-340-bin.cgns","prep",1622655524374021744,1622655524410672644
35,"cube-340-bin.cgns","zzzz",1622655524410676850,1622655524414395829,266,561,1683
35,"cube-340-bin.cgns","post",1622655524414405893,1622655524414456092
35,"cube-177-asc","prep",1622655524414546310,1622655524415389663
35,"cube-177-asc","zzzz",1622655524415391394,1622655524432522229,1019,1799,5397
35,"cube-177-asc","post",1622655524432532274,1622655524433046275
35,"cube-414-geo","mesh",1622655524433105514,1622655525692640765
35,"cube-414-geo","prep",1622655525693471782,1622655525810372085
35,"cube-414-geo","zzzz",1622655525810377343,1622655534320542350,97636,140116,420348
35,"cube-414-geo","post",1622655534320556905,1622655534381088260
35,"cube-1209-bin","prep",1622655534381421581,1622655534424631715
35,"cube-1209-bin","zzzz",1622655534424637111,1622655539349379414,66373,96410,289230
35,"cube-1209-bin","post",1622655539349391116,1622655539356027071
35,"cube-3700-bin","prep",1622655539356059176,1622655539365535142
35,"cube-3700-bin","zzzz",1622655539365537821,1622655539393841327,1444,2627,7881
35,"cube-3700-bin","post",1622655539393851401,1622655539394307698
35,"cube-1149-geo","mesh",1622655539394327938,1622655539971985337
35,"cube-1149-geo","prep",1622655539972819325,1622655540015368647
35,"cube-1149-geo","zzzz",1622655540015373571,1622655542624891209,42414,62373,187119
35,"cube-1149-geo","post",1622655542624902471,1622655542646377028
35,"cube-945-asc","prep",1622655542646404716,1622655542650566706
35,"cube-945-asc","zzzz",1622655542650568798,1622655542656233009,371,776,2328
35,"cube-945-asc","post",1622655542656242987,1622655542656530533
35,"cube-507-stl-bin","mesh",1622655542656546202,1622655561137982377
35,"cube-507-stl-bin","prep",1622655561953091888,1622655563368065073
35,"cube-507-stl-bin","zzzz",1622655563368072712,1622656119596688347,1796451,2605665,7816995
35,"cube-507-stl-bin","post",1622656119596702872,1622656120130674102
35,"cube-1870-asc","prep",1622656120130718844,1622656120636712215
35,"cube-1870-asc","zzzz",1622656120636718462,1622656299880440190,809900,1114441,3343323
35,"cube-1870-asc","post",1622656299880454109,1622656299974326440
35,"cube-2050-stl-bin","mesh",1622656299974370261,1622656300015318099
35,"cube-2050-stl-bin","prep",1622656300016180495,1622656300017518676
35,"cube-2050-stl-bin","zzzz",1622656300017521482,1622656300052648244,1184,3091,9273
35,"cube-2050-stl-bin","post",1622656300052658194,1622656300053138406
35,"cube-152-geo","mesh",1622656300053153199,1622656300063294488
35,"cube-152-geo","prep",1622656300064043075,1622656300064199212
35,"cube-152-geo","zzzz",1622656300064200829,1622656300068228966,288,597,1791
35,"cube-152-geo","post",1622656300068239068,1622656300068742384
35,"cube-204-asc","prep",1622656300068779414,1622656300135260607
35,"cube-204-asc","zzzz",1622656300135266673,1622656310321850937,110754,158372,475116
35,"cube-204-asc","post",1622656310321864579,1622656310355559434
35,"cube-2632-asc","prep",1622656310355593347,1622656310356269809
35,"cube-2632-asc","zzzz",1622656310356271557,1622656310361500410,349,730,2190
35,"cube-2632-asc","post",1622656310361510882,1622656310361700439
35,"cube-1963-geo","mesh",1622656310361715127,1622656310429756188
35,"cube-1963-geo","prep",1622656310430581987,1622656310433165526
35,"cube-1963-geo","zzzz",1622656310433167542,1622656310544257339,4272,6974,20922
35,"cube-1963-geo","post",1622656310544267459,1622656310545709152
35,"cube-1523-bin","prep",1622656310545725455,1622656310853444488
35,"cube-1523-bin","zzzz",1622656310853450624,1622656413254053756,538269,746517,2239551
35,"cube-1523-bin","post",1622656413254068574,1622656413336203783
35,"cube-3513-bin","prep",1622656413336254284,1622656413340112184
35,"cube-3513-bin","zzzz",1622656413340115238,1622656413341894093,141,314,942
35,"cube-3513-bin","post",1622656413341904209,1622656413341998822
35,"cube-3003-asc","prep",1622656413342034697,1622656413343781459
35,"cube-3003-asc","zzzz",1622656413343783491,1622656413430397776,3559,5858,17574
35,"cube-3003-asc","post",1622656413430407946,1622656413430881865
35,"cube-2613-asc","prep",1622656413430986570,1622656413846106344
35,"cube-2613-asc","zzzz",1622656413846113672,1622656583170191516,775929,1067850,3203550
35,"cube-2613-asc","post",1622656583170205959,1622656583242509066
35,"cube-2820-geo","mesh",1622656583242590933,1622656583569198444
35,"cube-2820-geo","prep",1622656583570796014,1622656583582400859
35,"cube-2820-geo","zzzz",1622656583582887788,1622656584884587325,25745,38617,115851
35,"cube-2820-geo","post",1622656584884602497,1622656584892411908
35,"Proc","exit_task",1622650751065451732,1622656584952004331,5299228
