28,"build/tests/sizes/cube-2413-bin.msh4","scan",1622650766261033476,1622650766266320293
28,"build/tests/sizes/cube-2413-bin.msh4","chck",1622650766256640485,1622650766266443101
28,"build/tests/sizes/cube-3536-asc.bdf","scan",1622650766273438063,1622650766300513154
28,"build/tests/sizes/cube-3536-asc.bdf","chck",1622650766266444502,1622650766300517607
28,"build/tests/sizes/cube-1996-asc.msh2","scan",1622650766305266776,1622650766338160414
28,"build/tests/sizes/cube-1996-asc.msh2","chck",1622650766300518529,1622650766338166156
28,"build/tests/sizes/cube-2445-stl-bin.geo","scan",1622650766344855149,1622650767018210873
28,"build/tests/sizes/cube-2445-stl-bin.geo","chck",1622650766338167222,1622650767018218304
28,"build/tests/sizes/cube-1846-geo.geo","scan",1622650767033900002,1622650767046294016
28,"build/tests/sizes/cube-1846-geo.geo","chck",1622650767018219534,1622650767046300933
28,"build/tests/sizes/cube-976-geo.geo_unrolled","scan",1622650767071171182,1622650767074738276
28,"build/tests/sizes/cube-976-geo.geo_unrolled","chck",1622650767046302158,1622650767074743855
28,"build/tests/sizes/cube-630-geo.geo_unrolled","scan",1622650767094211003,1622650767097935351
28,"build/tests/sizes/cube-630-geo.geo_unrolled","chck",1622650767074745257,1622650767097941876
28,"build/tests/sizes/cube-3768-stl-bin.geo","scan",1622650767098583353,1622650767136881223
28,"build/tests/sizes/cube-3768-stl-bin.geo","chck",1622650767097952538,1622650767136903445
28,"build/tests/sizes/cube-1489-bin.vtk","scan",1622650767140608392,1622650769582261652
28,"build/tests/sizes/cube-1489-bin.vtk","chck",1622650767136904522,1622650769582279364
28,"build/tests/sizes/cube-314-geo.geo_unrolled","scan",1622650769593602301,1622650769596059380
28,"build/tests/sizes/cube-314-geo.geo_unrolled","chck",1622650769582280732,1622650769596065690
28,"build/tests/sizes/cube-949-bin.msh2","scan",1622650769607834234,1622650769777429018
28,"build/tests/sizes/cube-949-bin.msh2","chck",1622650769596066976,1622650769777435191
28,"build/tests/sizes/cube-23-bin.msh2","scan",1622650769793768212,1622650774488225036
28,"build/tests/sizes/cube-23-bin.msh2","chck",1622650769777436261,1622650774488232746
28,"build/tests/sizes/cube-3988-bin.msh4","scan",1622650774491753791,1622650774580419524
28,"build/tests/sizes/cube-3988-bin.msh4","chck",1622650774488233786,1622650774580433514
28,"build/tests/sizes/cube-2911-geo.geo","scan",1622650774581182270,1622650774582618777
28,"build/tests/sizes/cube-2911-geo.geo","chck",1622650774580434931,1622650774582624043
28,"build/tests/sizes/cube-1229-asc.msh2","scan",1622650774640364824,1622650777434736570
28,"build/tests/sizes/cube-1229-asc.msh2","chck",1622650774582625145,1622650777434752264
28,"build/tests/sizes/cube-962-bin.msh4","scan",1622650777436787597,1622650777439929970
28,"build/tests/sizes/cube-962-bin.msh4","chck",1622650777434753592,1622650777439942817
28,"build/tests/sizes/cube-3154-asc.bdf","scan",1622650777440505306,1622650777576476977
28,"build/tests/sizes/cube-3154-asc.bdf","chck",1622650777439943861,1622650777576485588
28,"build/tests/sizes/cube-35-asc.msh2","scan",1622650777605379944,1622650777872586102
28,"build/tests/sizes/cube-35-asc.msh2","chck",1622650777576486695,1622650777872592919
28,"build/tests/sizes/cube-439-asc.bdf","scan",1622650777884672026,1622650777971491527
28,"build/tests/sizes/cube-439-asc.bdf","chck",1622650777872594193,1622650777971499080
28,"build/tests/sizes/cube-609-asc.mesh","scan",1622650777981892995,1622650778689762292
28,"build/tests/sizes/cube-609-asc.mesh","chck",1622650777971500317,1622650778689769989
28,"build/tests/sizes/cube-2622-asc.bdf","scan",1622650778690540066,1622650778726711293
28,"build/tests/sizes/cube-2622-asc.bdf","chck",1622650778689771110,1622650778726717016
28,"build/tests/sizes/cube-88-stl-bin.geo","scan",1622650778741942547,1622650778996383595
28,"build/tests/sizes/cube-88-stl-bin.geo","chck",1622650778726718024,1622650778996391283
28,"build/tests/sizes/cube-3368-asc.bdf","scan",1622650778997106466,1622650779057037688
28,"build/tests/sizes/cube-3368-asc.bdf","chck",1622650778996392548,1622650779057044633
28,"build/tests/sizes/cube-1819-asc.mesh","scan",1622650779058269298,1622650779063115879
28,"build/tests/sizes/cube-1819-asc.mesh","chck",1622650779057050473,1622650779063123061
28,"build/tests/sizes/cube-2976-bin.msh4","scan",1622650779063715264,1622650779160702820
28,"build/tests/sizes/cube-2976-bin.msh4","chck",1622650779063124045,1622650779160710461
28,"build/tests/sizes/cube-1551-geo.geo","scan",1622650779179392300,1622650779180845707
28,"build/tests/sizes/cube-1551-geo.geo","chck",1622650779160711571,1622650779180852527
28,"build/tests/sizes/cube-2152-geo.geo_unrolled","scan",1622650779181388965,1622650779182482538
28,"build/tests/sizes/cube-2152-geo.geo_unrolled","chck",1622650779180853813,1622650779182486903
28,"build/tests/sizes/cube-885-bin.vtk","scan",1622650779204055686,1622650779585350275
28,"build/tests/sizes/cube-885-bin.vtk","chck",1622650779182488260,1622650779586767961
28,"build/tests/sizes/cube-2643-asc.msh2","scan",1622650779587623432,1622650779599725888
28,"build/tests/sizes/cube-2643-asc.msh2","chck",1622650779586783102,1622650779599732620
28,"build/tests/sizes/cube-1234-stl-bin.geo","scan",1622650779618945081,1622650779676079038
28,"build/tests/sizes/cube-1234-stl-bin.geo","chck",1622650779599733765,1622650779676086303
28,"build/tests/sizes/cube-3096-bin.msh2","scan",1622650779676716478,1622650779679001212
28,"build/tests/sizes/cube-3096-bin.msh2","chck",1622650779676087412,1622650779679006297
28,"build/tests/sizes/cube-47-asc.mesh","scan",1622650779693000237,1622650780242345386
28,"build/tests/sizes/cube-47-asc.mesh","chck",1622650779679007293,1622650780242356976
28,"build/tests/sizes/cube-1721-asc.mesh","scan",1622650780264076918,1622650781353113154
28,"build/tests/sizes/cube-1721-asc.mesh","chck",1622650780242366986,1622650781353120828
28,"build/tests/sizes/cube-800-geo.geo","scan",1622650781371754348,1622650781373352826
28,"build/tests/sizes/cube-800-geo.geo","chck",1622650781353122062,1622650781373368403
28,"build/tests/sizes/cube-2696-asc.bdf","scan",1622650781373902674,1622650781377336891
28,"build/tests/sizes/cube-2696-asc.bdf","chck",1622650781373369530,1622650781377343079
28,"build/tests/sizes/cube-2634-bin.cgns","scan",1622650781382422001,1622650781445892229
28,"build/tests/sizes/cube-2634-bin.cgns","chck",1622650781377344277,1622650781445899345
28,"build/tests/sizes/cube-1253-geo.geo_unrolled","scan",1622650781462635049,1622650781463873927
28,"build/tests/sizes/cube-1253-geo.geo_unrolled","chck",1622650781445900469,1622650781463880111
28,"build/tests/sizes/cube-298-geo.geo_unrolled","scan",1622650781465132861,1622650781466166576
28,"build/tests/sizes/cube-298-geo.geo_unrolled","chck",1622650781463881296,1622650781466171345
28,"build/tests/sizes/cube-2436-stl-bin.geo","scan",1622650781466712085,1622650781469337385
28,"build/tests/sizes/cube-2436-stl-bin.geo","chck",1622650781466172367,1622650781469343555
28,"build/tests/sizes/cube-2693-asc.msh2","scan",1622650781469929294,1622650781472459466
28,"build/tests/sizes/cube-2693-asc.msh2","chck",1622650781469344915,1622650781472464096
28,"build/tests/sizes/cube-3679-asc.mesh","scan",1622650781473005080,1622650785824792133
28,"build/tests/sizes/cube-3679-asc.mesh","chck",1622650781472465021,1622650785824798399
28,"build/tests/sizes/cube-2269-bin.msh2","scan",1622650785825434615,1622650785849533433
28,"build/tests/sizes/cube-2269-bin.msh2","chck",1622650785824799442,1622650785849539859
28,"build/tests/sizes/cube-1118-asc.msh2","scan",1622650785861620567,1622650789506539424
28,"build/tests/sizes/cube-1118-asc.msh2","chck",1622650785849540941,1622650789506547421
28,"build/tests/sizes/cube-25-bin.msh2","scan",1622650789517388077,1622650799045155605
28,"build/tests/sizes/cube-25-bin.msh2","chck",1622650789506548697,1622650799045168555
28,"build/tests/sizes/cube-967-geo.geo_unrolled","scan",1622650799059703101,1622650799231642734
28,"build/tests/sizes/cube-967-geo.geo_unrolled","chck",1622650799045170143,1622650799231652400
28,"build/tests/sizes/cube-3978-bin.cgns","scan",1622650799245931258,1622650799309937944
28,"build/tests/sizes/cube-3978-bin.cgns","chck",1622650799231653666,1622650799309945252
28,"build/tests/sizes/cube-3279-asc.bdf","scan",1622650799310862769,1622650799982785981
28,"build/tests/sizes/cube-3279-asc.bdf","chck",1622650799310281284,1622650799982793689
28,"build/tests/sizes/cube-3624-asc.bdf","scan",1622650799983406628,1622650815350582009
28,"build/tests/sizes/cube-3624-asc.bdf","chck",1622650799982794815,1622650815351669019
28,"build/tests/sizes/cube-591-bin.msh2","scan",1622650815356708130,1622650815974261535
28,"build/tests/sizes/cube-591-bin.msh2","chck",1622650815351672128,1622650815974268392
28,"build/tests/sizes/cube-612-geo.geo_unrolled","scan",1622650815997978103,1622650815999291752
28,"build/tests/sizes/cube-612-geo.geo_unrolled","chck",1622650815974269562,1622650815999297433
28,"build/tests/sizes/cube-120-asc.msh2","scan",1622650816010911739,1622650816104851302
28,"build/tests/sizes/cube-120-asc.msh2","chck",1622650815999298455,1622650816104857767
28,"build/tests/sizes/cube-421-asc.msh2","scan",1622650816115585183,1622650816542946663
28,"build/tests/sizes/cube-421-asc.msh2","chck",1622650816104858786,1622650816542953969
28,"build/tests/sizes/cube-860-bin.vtk","scan",1622650816560632773,1622650816620251571
28,"build/tests/sizes/cube-860-bin.vtk","chck",1622650816542955030,1622650816620258826
28,"build/tests/sizes/cube-1362-asc.bdf","scan",1622650816636997698,1622650817026939947
28,"build/tests/sizes/cube-1362-asc.bdf","chck",1622650816620259940,1622650817026946761
28,"build/tests/sizes/cube-480-asc.msh2","scan",1622650817056893673,1622650817236859738
28,"build/tests/sizes/cube-480-asc.msh2","chck",1622650817026948010,1622650817236866756
28,"build/tests/sizes/cube-3316-bin.vtk","scan",1622650817237573417,1622650817320847846
28,"build/tests/sizes/cube-3316-bin.vtk","chck",1622650817236867930,1622650817320855180
28,"build/tests/sizes/cube-2569-asc.bdf","scan",1622650817321449878,1622650819152961481
28,"build/tests/sizes/cube-2569-asc.bdf","chck",1622650817320856718,1622650819152978899
28,"build/tests/sizes/cube-114-bin.cgns","scan",1622650819237662375,1622650819300127948
28,"build/tests/sizes/cube-114-bin.cgns","chck",1622650819152980170,1622650819300135501
28,"build/tests/sizes/cube-1827-stl-bin.geo","scan",1622650819301389160,1622650819305104355
28,"build/tests/sizes/cube-1827-stl-bin.geo","chck",1622650819300137117,1622650819305111039
28,"build/tests/sizes/cube-3841-bin.msh4","scan",1622650819305659518,1622650819349636543
28,"build/tests/sizes/cube-3841-bin.msh4","chck",1622650819305112540,1622650819349643678
28,"build/tests/sizes/cube-1615-asc.bdf","scan",1622650819368516455,1622650819377063585
28,"build/tests/sizes/cube-1615-asc.bdf","chck",1622650819349644831,1622650819377069107
28,"build/tests/sizes/cube-797-bin.msh4","scan",1622650819378279298,1622650819398717235
28,"build/tests/sizes/cube-797-bin.msh4","chck",1622650819377070351,1622650819398725264
28,"build/tests/sizes/cube-1616-bin.cgns","scan",1622650819403286772,1622650819466325430
28,"build/tests/sizes/cube-1616-bin.cgns","chck",1622650819398726525,1622650819466333295
28,"build/tests/sizes/cube-1245-bin.msh4","scan",1622650819483306012,1622650820541082041
28,"build/tests/sizes/cube-1245-bin.msh4","chck",1622650819466334486,1622650820541094820
28,"build/tests/sizes/cube-3995-bin.msh4","scan",1622650820541921095,1622650820547682946
28,"build/tests/sizes/cube-3995-bin.msh4","chck",1622650820541096065,1622650820547689653
28,"build/tests/sizes/cube-1536-bin.cgns","scan",1622650820552605869,1622650820619287791
28,"build/tests/sizes/cube-1536-bin.cgns","chck",1622650820547690852,1622650820619294641
28,"build/tests/sizes/cube-422-bin.vtk","scan",1622650820634851213,1622650821971743108
28,"build/tests/sizes/cube-422-bin.vtk","chck",1622650820619295776,1622650821971750500
28,"build/tests/sizes/cube-2997-asc.mesh","scan",1622650821972635577,1622650821984723821
28,"build/tests/sizes/cube-2997-asc.mesh","chck",1622650821971751739,1622650821984730766
28,"build/tests/sizes/cube-2521-asc.bdf","scan",1622650821985279992,1622650821988492900
28,"build/tests/sizes/cube-2521-asc.bdf","chck",1622650821984731938,1622650821988497186
28,"build/tests/sizes/cube-3813-geo.geo","scan",1622650821989033335,1622650821990430082
28,"build/tests/sizes/cube-3813-geo.geo","chck",1622650821988500508,1622650821990433963
28,"build/tests/sizes/cube-665-stl-bin.geo","scan",1622650822004406836,1622650822217529207
28,"build/tests/sizes/cube-665-stl-bin.geo","chck",1622650821990434902,1622650822217537498
28,"build/tests/sizes/cube-675-bin.vtk","scan",1622650822232287675,1622650824065997785
28,"build/tests/sizes/cube-675-bin.vtk","chck",1622650822217538711,1622650824066005143
28,"build/tests/sizes/cube-3000-geo.geo","scan",1622650824066748535,1622650824068372056
28,"build/tests/sizes/cube-3000-geo.geo","chck",1622650824066006325,1622650824068377354
28,"build/tests/sizes/cube-1786-bin.cgns","scan",1622650824076404512,1622650824145168778
28,"build/tests/sizes/cube-1786-bin.cgns","chck",1622650824068378485,1622650824145175023
28,"build/tests/sizes/cube-191-geo.geo","scan",1622650824160802544,1622650824162405301
28,"build/tests/sizes/cube-191-geo.geo","chck",1622650824145176168,1622650824162411912
28,"build/tests/sizes/cube-2535-bin.msh2","scan",1622650824162922036,1622650824385004531
28,"build/tests/sizes/cube-2535-bin.msh2","chck",1622650824162413241,1622650824385011600
28,"build/tests/sizes/cube-1651-bin.cgns","scan",1622650824390534476,1622650824465566509
28,"build/tests/sizes/cube-1651-bin.cgns","chck",1622650824385012736,1622650824465573472
28,"build/tests/sizes/cube-3553-bin.msh2","scan",1622650824466289339,1622650824471965861
28,"build/tests/sizes/cube-3553-bin.msh2","chck",1622650824465574660,1622650824471971486
28,"build/tests/sizes/cube-377-asc.bdf","scan",1622650824484343090,1622650825327517053
28,"build/tests/sizes/cube-377-asc.bdf","chck",1622650824471972629,1622650825327522821
28,"build/tests/sizes/cube-425-asc.mesh","scan",1622650825328949447,1622650825506295761
28,"build/tests/sizes/cube-425-asc.mesh","chck",1622650825327524096,1622650825506303380
28,"build/tests/sizes/cube-864-asc.msh2","scan",1622650825510305469,1622650826376031314
28,"build/tests/sizes/cube-864-asc.msh2","chck",1622650825506304794,1622650826376037735
28,"build/tests/sizes/cube-827-geo.geo","scan",1622650826397338781,1622650826398726944
28,"build/tests/sizes/cube-827-geo.geo","chck",1622650826376038683,1622650826398732285
28,"build/tests/sizes/cube-1700-asc.bdf","scan",1622650826399765426,1622650830489915115
28,"build/tests/sizes/cube-1700-asc.bdf","chck",1622650826398733251,1622650830489922923
28,"build/tests/sizes/cube-1396-bin.vtk","scan",1622650830502180137,1622650831598028774
28,"build/tests/sizes/cube-1396-bin.vtk","chck",1622650830489924094,1622650831598035838
28,"build/tests/sizes/cube-654-bin.msh4","scan",1622650831617283729,1622650832409814538
28,"build/tests/sizes/cube-654-bin.msh4","chck",1622650831598037019,1622650832409821626
28,"build/tests/sizes/cube-3416-bin.msh4","scan",1622650832410627229,1622650832430013806
28,"build/tests/sizes/cube-3416-bin.msh4","chck",1622650832409822771,1622650832430020619
28,"build/tests/sizes/cube-2405-bin.msh2","scan",1622650832430657488,1622650832432670208
28,"build/tests/sizes/cube-2405-bin.msh2","chck",1622650832430021782,1622650832432674155
28,"build/tests/sizes/cube-91-geo.geo_unrolled","scan",1622650832449091738,1622650832450297430
28,"build/tests/sizes/cube-91-geo.geo_unrolled","chck",1622650832432675099,1622650832450301913
28,"build/tests/sizes/cube-3904-bin.cgns","scan",1622650832455080318,1622650832514765767
28,"build/tests/sizes/cube-3904-bin.cgns","chck",1622650832450302824,1622650832514772319
28,"build/tests/sizes/cube-2677-stl-bin.geo","scan",1622650832515571637,1622650832877551154
28,"build/tests/sizes/cube-2677-stl-bin.geo","chck",1622650832514773437,1622650832877559191
28,"build/tests/sizes/cube-451-geo.geo_unrolled","scan",1622650832895516084,1622650832897019609
28,"build/tests/sizes/cube-451-geo.geo_unrolled","chck",1622650832877560369,1622650832897026782
28,"build/tests/sizes/cube-3543-asc.bdf","scan",1622650832897562761,1622650833007806477
28,"build/tests/sizes/cube-3543-asc.bdf","chck",1622650832897028088,1622650833007813708
28,"build/tests/sizes/cube-51-geo.geo","scan",1622650833025913465,1622650833029661953
28,"build/tests/sizes/cube-51-geo.geo","chck",1622650833008076156,1622650833029668344
28,"build/tests/sizes/cube-2039-asc.mesh","scan",1622650833030181105,1622650833146130483
28,"build/tests/sizes/cube-2039-asc.mesh","chck",1622650833029669391,1622650833146137622
28,"build/tests/sizes/cube-549-geo.geo","scan",1622650833147452779,1622650833148869082
28,"build/tests/sizes/cube-549-geo.geo","chck",1622650833146139152,1622650833148874223
28,"build/tests/sizes/cube-3805-geo.geo_unrolled","scan",1622650833149405409,1622650833150524491
28,"build/tests/sizes/cube-3805-geo.geo_unrolled","chck",1622650833148875754,1622650833150528864
28,"build/tests/sizes/cube-2400-asc.bdf","scan",1622650833151027800,1622650833154613100
28,"build/tests/sizes/cube-2400-asc.bdf","chck",1622650833150529829,1622650833154616672
28,"build/tests/sizes/cube-3173-bin.vtk","scan",1622650833155156884,1622650834411184614
28,"build/tests/sizes/cube-3173-bin.vtk","chck",1622650833154617522,1622650834411190174
28,"build/tests/sizes/cube-2712-geo.geo_unrolled","scan",1622650834411828083,1622650834413180752
28,"build/tests/sizes/cube-2712-geo.geo_unrolled","chck",1622650834411191286,1622650834413185705
28,"build/tests/sizes/cube-1268-asc.mesh","scan",1622650834414300775,1622650834530144083
28,"build/tests/sizes/cube-1268-asc.mesh","chck",1622650834413186713,1622650834530151028
28,"cube-3543-asc","prep",1622650834531353816,1622650834539832896
28,"cube-3543-asc","zzzz",1622650834539840758,1622650835123855007,14416,22207,66621
28,"cube-3543-asc","post",1622650835123864089,1622650835128349706
28,"cube-3768-stl-bin","mesh",1622650835128776770,1622650835240670792
28,"cube-3768-stl-bin","prep",1622650835241584090,1622650835249749812
28,"cube-3768-stl-bin","zzzz",1622650835249755118,1622650835715587731,9169,18985,56955
28,"cube-3768-stl-bin","post",1622650835715596044,1622650835719320215
28,"cube-1551-geo","mesh",1622650835719355783,1622650835735126680
28,"cube-1551-geo","prep",1622650835736064996,1622650835736348204
28,"cube-1551-geo","zzzz",1622650835736350429,1622650835741971807,369,774,2322
28,"cube-1551-geo","post",1622650835741986583,1622650835742256764
28,"cube-3316-bin","prep",1622650835742277981,1622650835767487269
28,"cube-3316-bin","zzzz",1622650835767493388,1622650837855116109,36214,53551,160653
28,"cube-3316-bin","post",1622650837855124275,1622650837870014475
28,"cube-2622-asc","prep",1622650837870051890,1622650837875266392
28,"cube-2622-asc","zzzz",1622650837875270232,1622650838004458375,4777,7759,23277
28,"cube-2622-asc","post",1622650838004467116,1622650838005032301
28,"cube-51-geo","mesh",1622650838005134799,1622650838537659227
28,"cube-51-geo","prep",1622650838538567978,1622650838581711285
28,"cube-51-geo","zzzz",1622650838581716810,1622650840513455364,34398,50767,152301
28,"cube-51-geo","post",1622650840513474671,1622650840533203008
28,"cube-2400-asc","prep",1622650840534751734,1622650840538965380
28,"cube-2400-asc","zzzz",1622650840538967895,1622650840544176320,348,729,2187
28,"cube-2400-asc","post",1622650840544190730,1622650840544263521
28,"cube-2445-stl-bin","mesh",1622650840544284676,1622650860707330524
28,"cube-2445-stl-bin","prep",1622650861694704945,1622650863166586997
28,"cube-2445-stl-bin","zzzz",1622650863166596929,1622651409595508968,1779484,2571165,7713495
28,"cube-2445-stl-bin","post",1622651409595523793,1622651410002910195
28,"cube-675-bin","prep",1622651410013676655,1622651410583468613
28,"cube-675-bin","zzzz",1622651410583475387,1622651685147392618,1117775,1534447,4603341
28,"cube-675-bin","post",1622651685147406383,1622651685241754791
28,"cube-2413-bin","prep",1622651685242127741,1622651685243303058
28,"cube-2413-bin","zzzz",1622651685243305711,1622651685246930850,264,557,1671
28,"cube-2413-bin","post",1622651685246935497,1622651685247158435
28,"cube-1489-bin","prep",1622651685247187324,1622651686064779493
28,"cube-1489-bin","zzzz",1622651686064786418,1622652083968805197,1480980,2026800,6080400
28,"cube-1489-bin","post",1622652083968819477,1622652084111878961
28,"cube-2269-bin","prep",1622652084112473156,1622652084116236460
28,"cube-2269-bin","zzzz",1622652084116240600,1622652084333227705,7055,11135,33405
28,"cube-2269-bin","post",1622652084333237940,1622652084334727878
28,"cube-549-geo","mesh",1622652084334779117,1622652084345437191
28,"cube-549-geo","prep",1622652084346313279,1622652084346602748
28,"cube-549-geo","zzzz",1622652084346604638,1622652084351456027,332,689,2067
28,"cube-549-geo","post",1622652084351466281,1622652084351698910
28,"cube-3279-asc","prep",1622652084351713067,1622652084400744392
28,"cube-3279-asc","zzzz",1622652084400749945,1622652090362607698,75911,109906,329718
28,"cube-3279-asc","post",1622652090362619861,1622652090381813427
28,"cube-2976-bin","prep",1622652090381867580,1622652090466325206
28,"cube-2976-bin","zzzz",1622652090466331387,1622652104759271969,140495,199305,597915
28,"cube-2976-bin","post",1622652104759285024,1622652104772813036
28,"cube-3173-bin","prep",1622652104772898722,1622652105152973719
28,"cube-3173-bin","zzzz",1622652105152979577,1622652298062229467,856262,1177585,3532755
28,"cube-3173-bin","post",1622652298062244288,1622652298131622452
28,"cube-797-bin","prep",1622652298131658823,1622652298144675208
28,"cube-797-bin","zzzz",1622652298144678997,1622652299803438589,30710,45653,136959
28,"cube-797-bin","post",1622652299803449355,1622652299805580945
28,"cube-665-stl-bin","mesh",1622652299805746355,1622652302311614200
28,"cube-665-stl-bin","prep",1622652302435467630,1622652302594593063
28,"cube-665-stl-bin","zzzz",1622652302594599566,1622652340661535611,245217,385807,1157421
28,"cube-665-stl-bin","post",1622652340661549693,1622652340746963055
28,"cube-3624-asc","prep",1622652340746999712,1622652341379277268
28,"cube-3624-asc","zzzz",1622652341379282376,1622652823273079359,1044607,2339858,7019574
28,"cube-3624-asc","post",1622652823273095036,1622652823539688626
28,"cube-3978-bin.cgns","prep",1622652823539733494,1622652823571149648
28,"cube-3978-bin.cgns","zzzz",1622652823571154470,1622652823886349390,9146,14444,43332
28,"cube-3978-bin.cgns","post",1622652823886377570,1622652823886617596
28,"cube-3154-asc","prep",1622652823886700960,1622652823903332581
28,"cube-3154-asc","zzzz",1622652823903334644,1622652824601514029,16416,25095,75285
28,"cube-3154-asc","post",1622652824601532003,1622652824605418556
28,"cube-591-bin","prep",1622652824605526410,1622652824613615829
28,"cube-591-bin","zzzz",1622652824613617582,1622652824615734955,158,361,1083
28,"cube-591-bin","post",1622652824615745320,1622652824615984920
28,"cube-885-bin","prep",1622652824616025388,1622652824719896749
28,"cube-885-bin","zzzz",1622652824719903329,1622652848656892960,200308,282370,847110
28,"cube-885-bin","post",1622652848656909269,1622652848674693677
28,"cube-1616-bin.cgns","prep",1622652848674731558,1622652848712963018
28,"cube-1616-bin.cgns","zzzz",1622652848712966586,1622652848716899478,279,586,1758
28,"cube-1616-bin.cgns","post",1622652848716909719,1622652848716973488
28,"cube-1651-bin.cgns","prep",1622652848717087565,1622652848731974209
28,"cube-1651-bin.cgns","zzzz",1622652848731978996,1622652862161700875,134463,191048,573144
28,"cube-1651-bin.cgns","post",1622652862161714520,1622652862161783990
28,"cube-2039-asc","prep",1622652862161905824,1622652862179293701
28,"cube-2039-asc","zzzz",1622652862179299279,1622652864141847269,34741,51240,153720
28,"cube-2039-asc","post",1622652864141860591,1622652864148463918
28,"cube-25-bin","prep",1622652864148495339,1622652865468318203
28,"cube-25-bin","zzzz",1622652865468325421,1622653619928836302,2404126,3274949,9824847
28,"cube-25-bin","post",1622653619928850520,1622653620268192846
28,"cube-3995-bin","prep",1622653620268783868,1622653620280996915
28,"cube-3995-bin","zzzz",1622653620281000737,1622653620755624066,12382,19200,57600
28,"cube-3995-bin","post",1622653620755634174,1622653620756745987
28,"cube-2634-bin.cgns","prep",1622653620756899729,1622653620788379664
28,"cube-2634-bin.cgns","zzzz",1622653620788387023,1622653644932101651,201518,284005,852015
28,"cube-2634-bin.cgns","post",1622653644932111394,1622653644932155581
28,"cube-1362-asc","prep",1622653644932575326,1622653644968098816
28,"cube-1362-asc","zzzz",1622653644968103596,1622653647217905287,38138,56312,168936
28,"cube-1362-asc","post",1622653647217918964,1622653647243620264
28,"cube-1536-bin.cgns","prep",1622653647243655202,1622653647270709239
28,"cube-1536-bin.cgns","zzzz",1622653647270713751,1622653647787495689,13162,20392,61176
28,"cube-1536-bin.cgns","post",1622653647787505587,1622653647787567755
28,"cube-967-geo","mesh",1622653647787665066,1622653660046089127
28,"cube-967-geo","prep",1622653660190095457,1622653660979252904
28,"cube-967-geo","zzzz",1622653660979257923,1622653921124853408,1073499,1473605,4420815
28,"cube-967-geo","post",1622653921124868493,1622653921484195512
28,"cube-2436-stl-bin","mesh",1622653921484234337,1622653921521736825
28,"cube-2436-stl-bin","prep",1622653921522586364,1622653921522807296
28,"cube-2436-stl-bin","zzzz",1622653921522809400,1622653921529256719,248,857,2571
28,"cube-2436-stl-bin","post",1622653921529266937,1622653921529444090
28,"cube-3000-geo","mesh",1622653921529479387,1622653921544406334
28,"cube-3000-geo","prep",1622653921545144763,1622653921545516457
28,"cube-3000-geo","zzzz",1622653921545518380,1622653921553329988,497,994,2982
28,"cube-3000-geo","post",1622653921553345372,1622653921553547286
28,"cube-120-asc","prep",1622653921553561573,1622653921559051339
28,"cube-120-asc","zzzz",1622653921559053246,1622653921877774342,9236,14566,43698
28,"cube-120-asc","post",1622653921877786336,1622653921881964949
28,"cube-425-asc","prep",1622653921881986473,1622653921903830197
28,"cube-425-asc","zzzz",1622653921903833048,1622653925008816821,47905,70335,211005
28,"cube-425-asc","post",1622653925008831499,1622653925013219994
28,"cube-114-bin.cgns","prep",1622653925013259376,1622653925029687360
28,"cube-114-bin.cgns","zzzz",1622653925029692155,1622653925051773868,1207,2179,6537
28,"cube-114-bin.cgns","post",1622653925051783983,1622653925051845076
28,"cube-2152-geo","mesh",1622653925051964395,1622653928425910262
28,"cube-2152-geo","prep",1622653928426732146,1622653928748195171
28,"cube-2152-geo","zzzz",1622653928748200604,1622653969521392891,287893,403962,1211886
28,"cube-2152-geo","post",1622653969521407850,1622653969675630442
28,"cube-1819-asc","prep",1622653969681943321,1622653969692818479
28,"cube-1819-asc","zzzz",1622653969692821903,1622653969703580629,657,1265,3795
28,"cube-1819-asc","post",1622653969703590983,1622653969703896293
28,"cube-2535-bin","prep",1622653969703935629,1622653969735875101
28,"cube-2535-bin","zzzz",1622653969735878553,1622653972452668979,43568,64082,192246
28,"cube-2535-bin","post",1622653972452680049,1622653972456595720
28,"cube-47-asc","prep",1622653972456626629,1622653972538396596
28,"cube-47-asc","zzzz",1622653972538402496,1622653985622199202,132243,187717,563151
28,"cube-47-asc","post",1622653985622214167,1622653985634232199
28,"cube-1253-geo","mesh",1622653985634274099,1622653985648209163
28,"cube-1253-geo","prep",1622653985649122498,1622653985649284467
28,"cube-1253-geo","zzzz",1622653985649286541,1622653985650945208,130,297,891
28,"cube-1253-geo","post",1622653985650955332,1622653985651184992
28,"cube-3096-bin","prep",1622653985651199912,1622653985651608056
28,"cube-3096-bin","zzzz",1622653985651609684,1622653985656394374,325,682,2046
28,"cube-3096-bin","post",1622653985656404505,1622653985656608083
28,"cube-2693-asc","prep",1622653985656642440,1622653985657283169
28,"cube-2693-asc","zzzz",1622653985657287062,1622653985660592192,243,512,1536
28,"cube-2693-asc","post",1622653985660602479,1622653985660755653
28,"cube-976-geo","mesh",1622653985660791030,1622653985763045743
28,"cube-976-geo","prep",1622653985763806285,1622653985768401349
28,"cube-976-geo","zzzz",1622653985768403315,1622653985986617251,7060,11179,33537
28,"cube-976-geo","post",1622653985986627452,1622653985988620775
28,"cube-1786-bin.cgns","prep",1622653985988662418,1622653985992157690
28,"cube-1786-bin.cgns","zzzz",1622653985992165573,1622653986199937228,6758,10803,32409
28,"cube-1786-bin.cgns","post",1622653986199947467,1622653986199995141
28,"cube-3813-geo","mesh",1622653986200089164,1622653986227639535
28,"cube-3813-geo","prep",1622653986228388356,1622653986229251778
28,"cube-3813-geo","zzzz",1622653986229253763,1622653986253692348,1287,2352,7056
28,"cube-3813-geo","post",1622653986253702367,1622653986254206767
28,"cube-3805-geo","mesh",1622653986254500448,1622653992398566332
28,"cube-3805-geo","prep",1622653992399395282,1622653993001712726
28,"cube-3805-geo","zzzz",1622653993001718389,1622654094668639759,536502,742966,2228898
28,"cube-3805-geo","post",1622654094668653127,1622654094909496987
28,"cube-1721-asc","prep",1622654094909541002,1622654095087254430
28,"cube-1721-asc","zzzz",1622654095087260980,1622654138918794931,302353,424076,1272228
28,"cube-1721-asc","post",1622654138918810528,1622654138945763166
28,"cube-630-geo","mesh",1622654138945799066,1622654141057620002
28,"cube-630-geo","prep",1622654141058484189,1622654141269468596
28,"cube-630-geo","zzzz",1622654141269474165,1622654160298263591,171175,241898,725694
28,"cube-630-geo","post",1622654160298273514,1622654160407917194
28,"cube-1996-asc","prep",1622654160407954836,1622654160419323534
28,"cube-1996-asc","zzzz",1622654160419325794,1622654160536167838,4437,7225,21675
28,"cube-1996-asc","post",1622654160536176878,1622654160536918542
28,"cube-612-geo","mesh",1622654160536952153,1622654160571194661
28,"cube-612-geo","prep",1622654160572078610,1622654160572533268
28,"cube-612-geo","zzzz",1622654160572535375,1622654160580237078,487,983,2949
28,"cube-612-geo","post",1622654160580252960,1622654160580561510
28,"cube-609-asc","prep",1622654160580577769,1622654160683677608
28,"cube-609-asc","zzzz",1622654160683683729,1622654179623099367,170550,241122,723366
28,"cube-609-asc","post",1622654179623113030,1622654179660251966
28,"cube-800-geo","mesh",1622654179660309051,1622654179702466641
28,"cube-800-geo","prep",1622654179703301388,1622654179704223397
28,"cube-800-geo","zzzz",1622654179704225885,1622654179725265073,1164,2101,6303
28,"cube-800-geo","post",1622654179725274957,1622654179725939619
28,"cube-1229-asc","prep",1622654179725958935,1622654179972774633
28,"cube-1229-asc","zzzz",1622654179972780882,1622654235085483084,353062,494314,1482942
28,"cube-1229-asc","post",1622654235085493041,1622654235168031154
28,"cube-1268-asc","prep",1622654235168090135,1622654235189407236
28,"cube-1268-asc","zzzz",1622654235189411547,1622654237134915302,34551,50999,152997
28,"cube-1268-asc","post",1622654237134930893,1622654237137355468
28,"cube-298-geo","mesh",1622654237137394714,1622654237207907990
28,"cube-298-geo","prep",1622654237208758532,1622654237209538162
28,"cube-298-geo","zzzz",1622654237209540537,1622654237242656102,1629,2958,8874
28,"cube-298-geo","post",1622654237242660949,1622654237243060098
28,"cube-1846-geo","mesh",1622654237243284552,1622654237803321207
28,"cube-1846-geo","prep",1622654237804204294,1622654237850141962
28,"cube-1846-geo","zzzz",1622654237850147772,1622654240692210998,44974,66097,198291
28,"cube-1846-geo","post",1622654240692224344,1622654240712257734
28,"cube-23-bin","prep",1622654240712292769,1622654241430108185
28,"cube-23-bin","zzzz",1622654241430115518,1622654561414613921,1254740,1721136,5163408
28,"cube-23-bin","post",1622654561414627801,1622654561616278874
28,"cube-1234-stl-bin","mesh",1622654561616342194,1622654561783342714
28,"cube-1234-stl-bin","prep",1622654561784186900,1622654561793869618
28,"cube-1234-stl-bin","zzzz",1622654561793873179,1622654562694789495,15473,29940,89820
28,"cube-1234-stl-bin","post",1622654562694806688,1622654562697904783
28,"cube-2643-asc","prep",1622654562697929538,1622654562699730191
28,"cube-2643-asc","zzzz",1622654562699732104,1622654562725614353,1353,2456,7368
28,"cube-2643-asc","post",1622654562725624472,1622654562726015604
28,"cube-3988-bin","prep",1622654562726169397,1622654562811714835
28,"cube-3988-bin","zzzz",1622654562811719532,1622654576728510894,138100,195650,586950
28,"cube-3988-bin","post",1622654576728521547,1622654576749750725
28,"cube-3368-asc","prep",1622654576749783541,1622654576755175130
28,"cube-3368-asc","zzzz",1622654576755576418,1622654576969784195,6985,11046,33138
28,"cube-3368-asc","post",1622654576969794231,1622654576971683179
28,"cube-2911-geo","mesh",1622654576971726460,1622654576984790955
28,"cube-2911-geo","prep",1622654576985679711,1622654576986011056
28,"cube-2911-geo","zzzz",1622654576986013375,1622654576991215526,348,729,2187
28,"cube-2911-geo","post",1622654576991231306,1622654576991521091
28,"cube-2696-asc","prep",1622654576991538735,1622654576992041342
28,"cube-2696-asc","zzzz",1622654576992042628,1622654576996977357,325,700,2100
28,"cube-2696-asc","post",1622654576996982383,1622654576997079930
28,"cube-422-bin","prep",1622654576997093036,1622654577457807212
28,"cube-422-bin","zzzz",1622654577457814710,1622654762645084826,830837,1142045,3426135
28,"cube-422-bin","post",1622654762645137177,1622654762716984075
28,"cube-962-bin","prep",1622654762717058461,1622654762717886371
28,"cube-962-bin","zzzz",1622654762717889154,1622654762734953812,1016,1793,5379
28,"cube-962-bin","post",1622654762734963962,1622654762735628269
28,"cube-3536-asc","prep",1622654762735667653,1622654762737763269
28,"cube-3536-asc","zzzz",1622654762737765151,1622654762823848571,3528,5833,17499
28,"cube-3536-asc","post",1622654762823859045,1622654762824920782
28,"cube-1118-asc","prep",1622654762824945784,1622654763056438444
28,"cube-1118-asc","zzzz",1622654763056444037,1622654848004380947,474272,659440,1978320
28,"cube-1118-asc","post",1622654848004397792,1622654848046035084
28,"cube-3553-bin","prep",1622654848046070373,1622654848046912806
28,"cube-3553-bin","zzzz",1622654848046915468,1622654848067481903,1138,2065,6195
28,"cube-3553-bin","post",1622654848067492176,1622654848067650111
28,"cube-88-stl-bin","mesh",1622654848067807431,1622654850479619258
28,"cube-88-stl-bin","prep",1622654850480500725,1622654850753367467
28,"cube-88-stl-bin","zzzz",1622654850753374177,1622654888065069052,243229,380653,1141959
28,"cube-88-stl-bin","post",1622654888065121583,1622654888214862427
28,"cube-421-asc","prep",1622654888214938607,1622654888259556529
28,"cube-421-asc","zzzz",1622654888259561305,1622654891266903007,46705,68762,206286
28,"cube-421-asc","post",1622654891266913816,1622654891290574087
28,"cube-860-bin","prep",1622654891290608776,1622654891304182250
28,"cube-860-bin","zzzz",1622654891304185216,1622654891644536247,9635,15237,45711
28,"cube-860-bin","post",1622654891644546472,1622654891647631128
28,"cube-949-bin","prep",1622654891647657106,1622654891675926696
28,"cube-949-bin","zzzz",1622654891675930551,1622654893647308456,34797,51439,154317
28,"cube-949-bin","post",1622654893647319288,1622654893651435937
28,"cube-1396-bin","prep",1622654893651480347,1622654893950477152
28,"cube-1396-bin","zzzz",1622654893950483527,1622655007647167372,577686,800074,2400222
28,"cube-1396-bin","post",1622655007647220552,1622655007698078630
28,"cube-480-asc","prep",1622655007698148125,1622655007706968862
28,"cube-480-asc","zzzz",1622655007706972384,1622655008337178911,15240,23375,70125
28,"cube-480-asc","post",1622655008337189641,1622655008340111549
28,"cube-2569-asc","prep",1622655008340132471,1622655008458728808
28,"cube-2569-asc","zzzz",1622655008458734091,1622655038021125115,231436,325554,976662
28,"cube-2569-asc","post",1622655038021139369,1622655038047020249
28,"cube-3416-bin","prep",1622655038047060102,1622655038072154327
28,"cube-3416-bin","zzzz",1622655038072158181,1622655041121585654,47158,69371,208113
28,"cube-3416-bin","post",1622655041121596353,1622655041125824881
28,"cube-3679-asc","prep",1622655041125877537,1622655041841825872
28,"cube-3679-asc","zzzz",1622655041841831613,1622655399634841207,1365348,1871533,5614599
28,"cube-3679-asc","post",1622655399634854749,1622655399749392875
28,"cube-1827-stl-bin","mesh",1622655399749440710,1622655399753370703
28,"cube-1827-stl-bin","prep",1622655399754240855,1622655399754485764
28,"cube-1827-stl-bin","zzzz",1622655399754487826,1622655399760679393,228,831,2493
28,"cube-1827-stl-bin","post",1622655399760689694,1622655399760847783
28,"cube-3904-bin.cgns","prep",1622655399760880878,1622655399793337315
28,"cube-3904-bin.cgns","zzzz",1622655399793340569,1622655399813438854,1108,2029,6087
28,"cube-3904-bin.cgns","post",1622655399813449011,1622655399813542687
28,"cube-3841-bin","prep",1622655399813634931,1622655399853913603
28,"cube-3841-bin","zzzz",1622655399853917517,1622655405796305850,75760,109703,329109
28,"cube-3841-bin","post",1622655405796315740,1622655405803099024
28,"cube-1615-asc","prep",1622655405803523761,1622655405804109010
28,"cube-1615-asc","zzzz",1622655405804110824,1622655405807290736,234,499,1497
28,"cube-1615-asc","post",1622655405807306453,1622655405807382797
28,"cube-1245-bin","prep",1622655405807395803,1622655406508002713
28,"cube-1245-bin","zzzz",1622655406508009595,1622655754129316260,1336454,1831500,5494500
28,"cube-1245-bin","post",1622655754129331576,1622655754242393906
28,"cube-2997-asc","prep",1622655754242467180,1622655754244590966
28,"cube-2997-asc","zzzz",1622655754244594299,1622655754330327980,3531,5816,17448
28,"cube-2997-asc","post",1622655754330340987,1622655754331298847
28,"cube-2521-asc","prep",1622655754331424910,1622655754332029309
28,"cube-2521-asc","zzzz",1622655754332031025,1622655754336925644,335,694,2082
28,"cube-2521-asc","post",1622655754336936094,1622655754337143148
28,"cube-439-asc","prep",1622655754337186475,1622655754341726929
28,"cube-439-asc","zzzz",1622655754341728672,1622655754549374061,6785,10798,32394
28,"cube-439-asc","post",1622655754549384249,1622655754551318684
28,"cube-864-asc","prep",1622655754551340006,1622655754626752456
28,"cube-864-asc","zzzz",1622655754626757898,1622655766062340318,120328,171306,513918
28,"cube-864-asc","post",1622655766062354220,1622655766075707559
28,"cube-191-geo","mesh",1622655766075755230,1622655766109300348
28,"cube-191-geo","prep",1622655766110104584,1622655766110774132
28,"cube-191-geo","zzzz",1622655766110777120,1622655766135532086,1302,2375,7125
28,"cube-191-geo","post",1622655766135550379,1622655766135877288
28,"cube-314-geo","mesh",1622655766136078339,1622655772531750382
28,"cube-314-geo","prep",1622655772532596678,1622655773152206534
28,"cube-314-geo","zzzz",1622655773152211706,1622655887112433450,578515,801307,2403921
28,"cube-314-geo","post",1622655887112447137,1622655887310462276
28,"cube-827-geo","mesh",1622655887310605684,1622655887369593388
28,"cube-827-geo","prep",1622655887370385383,1622655887371416907
28,"cube-827-geo","zzzz",1622655887371419115,1622655887406002172,1702,3055,9165
28,"cube-827-geo","post",1622655887406012281,1622655887406891044
28,"cube-2712-geo","mesh",1622655887406909578,1622655887883017235
28,"cube-2712-geo","prep",1622655887885960956,1622655887907669670
28,"cube-2712-geo","zzzz",1622655887907673685,1622655890169017781,38467,56547,169641
28,"cube-2712-geo","post",1622655890169029214,1622655890181682357
28,"cube-1700-asc","prep",1622655890182950072,1622655890479965324
28,"cube-1700-asc","zzzz",1622655890479971588,1622655992465152733,536444,744502,2233506
28,"cube-1700-asc","post",1622655992465166792,1622655992515674871
28,"cube-451-geo","mesh",1622655992515711539,1622655994128052288
28,"cube-451-geo","prep",1622655994128927505,1622655994270657039
28,"cube-451-geo","zzzz",1622655994270662909,1622656008263380844,138255,196388,589164
28,"cube-451-geo","post",1622656008263390461,1622656008335201858
28,"cube-35-asc","prep",1622656008339230932,1622656008368595482
28,"cube-35-asc","zzzz",1622656008368600333,1622656009945260427,29679,44108,132324
28,"cube-35-asc","post",1622656009945273788,1622656009953671761
28,"cube-654-bin","prep",1622656009953706055,1622656010509882041
28,"cube-654-bin","zzzz",1622656010509888680,1622656269476671847,1069150,1468619,4405857
28,"cube-654-bin","post",1622656269476686511,1622656269567404703
28,"cube-377-asc","prep",1622656269567466243,1622656269610888453
28,"cube-377-asc","zzzz",1622656269610894884,1622656276978252879,88140,127026,381078
28,"cube-377-asc","post",1622656276978268550,1622656276987269433
28,"cube-2405-bin","prep",1622656276987297661,1622656276987902572
28,"cube-2405-bin","zzzz",1622656276987904440,1622656276991984038,292,603,1809
28,"cube-2405-bin","post",1622656276991994456,1622656276992127754
28,"cube-91-geo","mesh",1622656276992723580,1622656277070164109
28,"cube-91-geo","prep",1622656277070970766,1622656277073988111
28,"cube-91-geo","zzzz",1622656277073990424,1622656277205000857,4836,7828,23484
28,"cube-91-geo","post",1622656277205005797,1622656277206094911
28,"cube-2677-stl-bin","mesh",1622656277206282413,1622656283774439829
28,"cube-2677-stl-bin","prep",1622656283859240905,1622656284359556247
28,"cube-2677-stl-bin","zzzz",1622656284359562757,1622656441847330615,675569,1011372,3034116
28,"cube-2677-stl-bin","post",1622656441847345630,1622656442058145656
28,"Proc","exit_task",1622650751065547068,1622656442098654588,5665064
