4,"build/tests/sizes/cube-3044-bin.cgns","scan",1622650769644853442,1622650769700383914
4,"build/tests/sizes/cube-3044-bin.cgns","chck",1622650769640005333,1622650769700547473
4,"build/tests/sizes/cube-2192-geo.geo","scan",1622650769701834310,1622650769704443888
4,"build/tests/sizes/cube-2192-geo.geo","chck",1622650769700549510,1622650769704448642
4,"build/tests/sizes/cube-1200-stl-bin.geo","scan",1622650769719333720,1622650769760727985
4,"build/tests/sizes/cube-1200-stl-bin.geo","chck",1622650769704449802,1622650769760733270
4,"build/tests/sizes/cube-1533-asc.msh2","scan",1622650769776964090,1622650769805889069
4,"build/tests/sizes/cube-1533-asc.msh2","chck",1622650769760734271,1622650769805894314
4,"build/tests/sizes/cube-2336-bin.cgns","scan",1622650769809110034,1622650769866977032
4,"build/tests/sizes/cube-2336-bin.cgns","chck",1622650769805895541,1622650769866982554
4,"build/tests/sizes/cube-1096-stl-bin.geo","scan",1622650769883081941,1622650770563872139
4,"build/tests/sizes/cube-1096-stl-bin.geo","chck",1622650769866983650,1622650770563895474
4,"build/tests/sizes/cube-2087-bin.cgns","scan",1622650770576759844,1622650770639004486
4,"build/tests/sizes/cube-2087-bin.cgns","chck",1622650770563896668,1622650770639012107
4,"build/tests/sizes/cube-101-bin.msh2","scan",1622650770649208717,1622650770657350308
4,"build/tests/sizes/cube-101-bin.msh2","chck",1622650770639013300,1622650770657365747
4,"build/tests/sizes/cube-485-bin.cgns","scan",1622650770683044564,1622650770785437408
4,"build/tests/sizes/cube-485-bin.cgns","chck",1622650770657366936,1622650770785444957
4,"build/tests/sizes/cube-3643-bin.msh2","scan",1622650770786081242,1622650770793389173
4,"build/tests/sizes/cube-3643-bin.msh2","chck",1622650770785446207,1622650770793396075
4,"build/tests/sizes/cube-2950-geo.geo","scan",1622650770793975281,1622650770795208596
4,"build/tests/sizes/cube-2950-geo.geo","chck",1622650770793397284,1622650770795212950
4,"build/tests/sizes/cube-2485-geo.geo_unrolled","scan",1622650770795765595,1622650770796793568
4,"build/tests/sizes/cube-2485-geo.geo_unrolled","chck",1622650770795214000,1622650770796797210
4,"build/tests/sizes/cube-2013-bin.msh2","scan",1622650770797306785,1622650777898197281
4,"build/tests/sizes/cube-2013-bin.msh2","chck",1622650770796798129,1622650777898225085
4,"build/tests/sizes/cube-1633-bin.msh4","scan",1622650777902073516,1622650777995015847
4,"build/tests/sizes/cube-1633-bin.msh4","chck",1622650777898226363,1622650777995023674
4,"build/tests/sizes/cube-85-asc.msh2","scan",1622650778011841935,1622650778681084455
4,"build/tests/sizes/cube-85-asc.msh2","chck",1622650777995024873,1622650778681092396
4,"build/tests/sizes/cube-1321-bin.vtk","scan",1622650778682391621,1622650778694045114
4,"build/tests/sizes/cube-1321-bin.vtk","chck",1622650778681093604,1622650778694059067
4,"build/tests/sizes/cube-2644-geo.geo","scan",1622650778694752327,1622650778696205564
4,"build/tests/sizes/cube-2644-geo.geo","chck",1622650778694060172,1622650778696209234
4,"build/tests/sizes/cube-501-asc.bdf","scan",1622650778709391952,1622650778809020710
4,"build/tests/sizes/cube-501-asc.bdf","chck",1622650778696210240,1622650778809035167
4,"build/tests/sizes/cube-369-bin.vtk","scan",1622650778823489536,1622650778834218180
4,"build/tests/sizes/cube-369-bin.vtk","chck",1622650778809036495,1622650778834226590
4,"build/tests/sizes/cube-830-bin.cgns","scan",1622650778865495433,1622650779000989124
4,"build/tests/sizes/cube-830-bin.cgns","chck",1622650778834227845,1622650779000995208
4,"build/tests/sizes/cube-795-bin.vtk","scan",1622650779020499337,1622650779710616475
4,"build/tests/sizes/cube-795-bin.vtk","chck",1622650779000996297,1622650779710625236
4,"build/tests/sizes/cube-560-geo.geo_unrolled","scan",1622650779711786565,1622650779713005675
4,"build/tests/sizes/cube-560-geo.geo_unrolled","chck",1622650779710626509,1622650779713011499
4,"build/tests/sizes/cube-3589-asc.bdf","scan",1622650779713548696,1622650779721714818
4,"build/tests/sizes/cube-3589-asc.bdf","chck",1622650779713012547,1622650779721720696
4,"build/tests/sizes/cube-2870-bin.vtk","scan",1622650779724214885,1622650779765695729
4,"build/tests/sizes/cube-2870-bin.vtk","chck",1622650779721721747,1622650779765708461
4,"build/tests/sizes/cube-2581-geo.geo_unrolled","scan",1622650779766356174,1622650779767486697
4,"build/tests/sizes/cube-2581-geo.geo_unrolled","chck",1622650779765709797,1622650779767492120
4,"build/tests/sizes/cube-1531-asc.bdf","scan",1622650779786295471,1622650779853250368
4,"build/tests/sizes/cube-1531-asc.bdf","chck",1622650779767493256,1622650779853258933
4,"build/tests/sizes/cube-3251-stl-bin.geo","scan",1622650779853939233,1622650779858034976
4,"build/tests/sizes/cube-3251-stl-bin.geo","chck",1622650779853260217,1622650779858041632
4,"build/tests/sizes/cube-3452-bin.msh2","scan",1622650779858624645,1622650779966251622
4,"build/tests/sizes/cube-3452-bin.msh2","chck",1622650779858043035,1622650779966260036
4,"build/tests/sizes/cube-1194-geo.geo","scan",1622650779967847034,1622650779969561400
4,"build/tests/sizes/cube-1194-geo.geo","chck",1622650779966261316,1622650779969568335
4,"build/tests/sizes/cube-2475-bin.cgns","scan",1622650779974860519,1622650780054302511
4,"build/tests/sizes/cube-2475-bin.cgns","chck",1622650779969569330,1622650780054309941
4,"build/tests/sizes/cube-36-bin.msh4","scan",1622650780071664601,1622650780433067677
4,"build/tests/sizes/cube-36-bin.msh4","chck",1622650780054311115,1622650780433076157
4,"build/tests/sizes/cube-1273-asc.mesh","scan",1622650780437520005,1622650780462271811
4,"build/tests/sizes/cube-1273-asc.mesh","chck",1622650780433077493,1622650780462279067
4,"build/tests/sizes/cube-3784-asc.msh2","scan",1622650780462828524,1622650780759645628
4,"build/tests/sizes/cube-3784-asc.msh2","chck",1622650780462280198,1622650780759652351
4,"build/tests/sizes/cube-2439-geo.geo_unrolled","scan",1622650780760283463,1622650780761568125
4,"build/tests/sizes/cube-2439-geo.geo_unrolled","chck",1622650780759653538,1622650780761573019
4,"build/tests/sizes/cube-2559-bin.msh4","scan",1622650780762149370,1622650780784284645
4,"build/tests/sizes/cube-2559-bin.msh4","chck",1622650780761574394,1622650780784292370
4,"build/tests/sizes/cube-2935-bin.cgns","scan",1622650780789076754,1622650780849411255
4,"build/tests/sizes/cube-2935-bin.cgns","chck",1622650780784293574,1622650780849419017
4,"build/tests/sizes/cube-1287-bin.msh4","scan",1622650780850998322,1622650781048018524
4,"build/tests/sizes/cube-1287-bin.msh4","chck",1622650780849420279,1622650781048025198
4,"build/tests/sizes/cube-1196-geo.geo_unrolled","scan",1622650781050497927,1622650781051672228
4,"build/tests/sizes/cube-1196-geo.geo_unrolled","chck",1622650781048026265,1622650781051677636
4,"build/tests/sizes/cube-1432-geo.geo","scan",1622650781052791312,1622650781053975507
4,"build/tests/sizes/cube-1432-geo.geo","chck",1622650781051678691,1622650781053978865
4,"build/tests/sizes/cube-3254-stl-bin.geo","scan",1622650781054532362,1622650781084221886
4,"build/tests/sizes/cube-3254-stl-bin.geo","chck",1622650781053979844,1622650781084229540
4,"build/tests/sizes/cube-1744-asc.mesh","scan",1622650781099992782,1622650787244942021
4,"build/tests/sizes/cube-1744-asc.mesh","chck",1622650781084230677,1622650787244959921
4,"build/tests/sizes/cube-2448-bin.cgns","scan",1622650787256196947,1622650787318269977
4,"build/tests/sizes/cube-2448-bin.cgns","chck",1622650787244961215,1622650787318277887
4,"build/tests/sizes/cube-904-asc.bdf","scan",1622650787329110145,1622650787395768128
4,"build/tests/sizes/cube-904-asc.bdf","chck",1622650787318279189,1622650787395776775
4,"build/tests/sizes/cube-3213-bin.vtk","scan",1622650787396376285,1622650787398265632
4,"build/tests/sizes/cube-3213-bin.vtk","chck",1622650787395778121,1622650787398270472
4,"build/tests/sizes/cube-1808-geo.geo","scan",1622650787415924830,1622650787417745298
4,"build/tests/sizes/cube-1808-geo.geo","chck",1622650787398271499,1622650787417752088
4,"build/tests/sizes/cube-2826-bin.cgns","scan",1622650787424432147,1622650787493722603
4,"build/tests/sizes/cube-2826-bin.cgns","chck",1622650787417753328,1622650787493730230
4,"build/tests/sizes/cube-2076-asc.mesh","scan",1622650787494484848,1622650787517163765
4,"build/tests/sizes/cube-2076-asc.mesh","chck",1622650787493731423,1622650787517439348
4,"build/tests/sizes/cube-2473-bin.msh2","scan",1622650787531176713,1622650787575753785
4,"build/tests/sizes/cube-2473-bin.msh2","chck",1622650787517441143,1622650787575764011
4,"build/tests/sizes/cube-3771-stl-bin.geo","scan",1622650787576385170,1622650788479428975
4,"build/tests/sizes/cube-3771-stl-bin.geo","chck",1622650787575765157,1622650788479438292
4,"build/tests/sizes/cube-3903-bin.msh4","scan",1622650788480124227,1622650789160477172
4,"build/tests/sizes/cube-3903-bin.msh4","chck",1622650788479439502,1622650789160485393
4,"build/tests/sizes/cube-2542-stl-bin.geo","scan",1622650789161199783,1622650789579728273
4,"build/tests/sizes/cube-2542-stl-bin.geo","chck",1622650789160486682,1622650789579737352
4,"build/tests/sizes/cube-1101-bin.cgns","scan",1622650789602189087,1622650789717991303
4,"build/tests/sizes/cube-1101-bin.cgns","chck",1622650789579738655,1622650789717998627
4,"build/tests/sizes/cube-1757-geo.geo","scan",1622650789732065884,1622650789733411135
4,"build/tests/sizes/cube-1757-geo.geo","chck",1622650789717999798,1622650789733416163
4,"build/tests/sizes/cube-193-stl-bin.geo","scan",1622650789749449851,1622650790286793317
4,"build/tests/sizes/cube-193-stl-bin.geo","chck",1622650789733417139,1622650790286799669
4,"build/tests/sizes/cube-2694-geo.geo_unrolled","scan",1622650790287882657,1622650790289264004
4,"build/tests/sizes/cube-2694-geo.geo_unrolled","chck",1622650790286800780,1622650790289268945
4,"build/tests/sizes/cube-1398-bin.msh2","scan",1622650790302405302,1622650790393934639
4,"build/tests/sizes/cube-1398-bin.msh2","chck",1622650790289269957,1622650790393941461
4,"build/tests/sizes/cube-2155-geo.geo","scan",1622650790394623931,1622650790396058596
4,"build/tests/sizes/cube-2155-geo.geo","chck",1622650790393942693,1622650790396062822
4,"build/tests/sizes/cube-3148-bin.msh2","scan",1622650790396625186,1622650790401657888
4,"build/tests/sizes/cube-3148-bin.msh2","chck",1622650790396063755,1622650790401662044
4,"build/tests/sizes/cube-2062-geo.geo_unrolled","scan",1622650790402604566,1622650790403786117
4,"build/tests/sizes/cube-2062-geo.geo_unrolled","chck",1622650790401663029,1622650790403789771
4,"build/tests/sizes/cube-762-bin.msh2","scan",1622650790410159508,1622650790434298769
4,"build/tests/sizes/cube-762-bin.msh2","chck",1622650790403790734,1622650790434306554
4,"build/tests/sizes/cube-2840-asc.msh2","scan",1622650790435042745,1622650791406900662
4,"build/tests/sizes/cube-2840-asc.msh2","chck",1622650790434307831,1622650791406908790
4,"build/tests/sizes/cube-3157-asc.msh2","scan",1622650791407882407,1622650791648099407
4,"build/tests/sizes/cube-3157-asc.msh2","chck",1622650791406909931,1622650791648107528
4,"build/tests/sizes/cube-3159-bin.cgns","scan",1622650791654992361,1622650791722873275
4,"build/tests/sizes/cube-3159-bin.cgns","chck",1622650791648108706,1622650791722879463
4,"build/tests/sizes/cube-2415-bin.msh2","scan",1622650791723699054,1622650791747252608
4,"build/tests/sizes/cube-2415-bin.msh2","chck",1622650791722880716,1622650791747259256
4,"build/tests/sizes/cube-3347-asc.msh2","scan",1622650791747857475,1622650791755918085
4,"build/tests/sizes/cube-3347-asc.msh2","chck",1622650791747260295,1622650791755924077
4,"build/tests/sizes/cube-1987-asc.bdf","scan",1622650791756495740,1622650792981855614
4,"build/tests/sizes/cube-1987-asc.bdf","chck",1622650791755925240,1622650792981863644
4,"build/tests/sizes/cube-3843-stl-bin.geo","scan",1622650792982741653,1622650793381863444
4,"build/tests/sizes/cube-3843-stl-bin.geo","chck",1622650792981864838,1622650793381869217
4,"build/tests/sizes/cube-2883-asc.bdf","scan",1622650793382530351,1622650793384673699
4,"build/tests/sizes/cube-2883-asc.bdf","chck",1622650793381870261,1622650793384679323
4,"build/tests/sizes/cube-2562-asc.bdf","scan",1622650793385275354,1622650793388020891
4,"build/tests/sizes/cube-2562-asc.bdf","chck",1622650793384680346,1622650793388025471
4,"build/tests/sizes/cube-3503-asc.msh2","scan",1622650793388584461,1622650793405559672
4,"build/tests/sizes/cube-3503-asc.msh2","chck",1622650793388026467,1622650793405566889
4,"build/tests/sizes/cube-1781-stl-bin.geo","scan",1622650793406883646,1622650793442798087
4,"build/tests/sizes/cube-1781-stl-bin.geo","chck",1622650793405568461,1622650793442806147
4,"build/tests/sizes/cube-2384-asc.msh2","scan",1622650793443453460,1622650793559548379
4,"build/tests/sizes/cube-2384-asc.msh2","chck",1622650793442807324,1622650793559555054
4,"build/tests/sizes/cube-2861-asc.msh2","scan",1622650793560161056,1622650795234690998
4,"build/tests/sizes/cube-2861-asc.msh2","chck",1622650793559556424,1622650795234698442
4,"build/tests/sizes/cube-1675-stl-bin.geo","scan",1622650795235664013,1622650795407231584
4,"build/tests/sizes/cube-1675-stl-bin.geo","chck",1622650795234699594,1622650795407238613
4,"build/tests/sizes/cube-3152-asc.bdf","scan",1622650795407907611,1622650797737012014
4,"build/tests/sizes/cube-3152-asc.bdf","chck",1622650795407239796,1622650797737020300
4,"build/tests/sizes/cube-919-bin.msh2","scan",1622650797746185483,1622650797821193135
4,"build/tests/sizes/cube-919-bin.msh2","chck",1622650797737021529,1622650797821200508
4,"build/tests/sizes/cube-1251-geo.geo_unrolled","scan",1622650797829507117,1622650797830799290
4,"build/tests/sizes/cube-1251-geo.geo_unrolled","chck",1622650797821201770,1622650797830806274
4,"build/tests/sizes/cube-2518-asc.mesh","scan",1622650797831339949,1622650798638687074
4,"build/tests/sizes/cube-2518-asc.mesh","chck",1622650797830807308,1622650798638694598
4,"build/tests/sizes/cube-3455-bin.cgns","scan",1622650798644727630,1622650798712479374
4,"build/tests/sizes/cube-3455-bin.cgns","chck",1622650798638695765,1622650798712487106
4,"build/tests/sizes/cube-2811-bin.vtk","scan",1622650798713155589,1622650798733678547
4,"build/tests/sizes/cube-2811-bin.vtk","chck",1622650798712488290,1622650798733686518
4,"build/tests/sizes/cube-1829-asc.bdf","scan",1622650798738318783,1622650802713607155
4,"build/tests/sizes/cube-1829-asc.bdf","chck",1622650798733687659,1622650802713622478
4,"build/tests/sizes/cube-2224-geo.geo_unrolled","scan",1622650802728951580,1622650802852486751
4,"build/tests/sizes/cube-2224-geo.geo_unrolled","chck",1622650802713623763,1622650802852492389
4,"build/tests/sizes/cube-3632-bin.msh4","scan",1622650802853097561,1622650802866149407
4,"build/tests/sizes/cube-3632-bin.msh4","chck",1622650802852493422,1622650802866156460
4,"build/tests/sizes/cube-3970-asc.mesh","scan",1622650802866891332,1622650803086867469
4,"build/tests/sizes/cube-3970-asc.mesh","chck",1622650802866157637,1622650803086874035
4,"build/tests/sizes/cube-1290-bin.vtk","scan",1622650803121501690,1622650803153806956
4,"build/tests/sizes/cube-1290-bin.vtk","chck",1622650803086874993,1622650803153812945
4,"build/tests/sizes/cube-1859-asc.msh2","scan",1622650803173806597,1622650803184593129
4,"build/tests/sizes/cube-1859-asc.msh2","chck",1622650803153814154,1622650803184599943
4,"build/tests/sizes/cube-3342-bin.msh4","scan",1622650803185185369,1622650803188478652
4,"build/tests/sizes/cube-3342-bin.msh4","chck",1622650803184601071,1622650803188483158
4,"build/tests/sizes/cube-2447-bin.msh2","scan",1622650803189082087,1622650803292080752
4,"build/tests/sizes/cube-2447-bin.msh2","chck",1622650803188484074,1622650803292088868
4,"build/tests/sizes/cube-3502-geo.geo","scan",1622650803292763004,1622650803294180776
4,"build/tests/sizes/cube-3502-geo.geo","chck",1622650803292090025,1622650803294187147
4,"build/tests/sizes/cube-3992-bin.vtk","scan",1622650803294741502,1622650803295883382
4,"build/tests/sizes/cube-3992-bin.vtk","chck",1622650803294188152,1622650803295886847
4,"build/tests/sizes/cube-1544-bin.vtk","scan",1622650803296973259,1622650803303859311
4,"build/tests/sizes/cube-1544-bin.vtk","chck",1622650803295887761,1622650803303863281
4,"build/tests/sizes/cube-395-bin.vtk","scan",1622650803305059775,1622650803309022780
4,"build/tests/sizes/cube-395-bin.vtk","chck",1622650803303864551,1622650803309027087
4,"build/tests/sizes/cube-698-bin.cgns","scan",1622650803331294145,1622650803465111598
4,"build/tests/sizes/cube-698-bin.cgns","chck",1622650803309027964,1622650803465286171
4,"build/tests/sizes/cube-2684-asc.msh2","scan",1622650803465937792,1622650804863595054
4,"build/tests/sizes/cube-2684-asc.msh2","chck",1622650803465288298,1622650804863603173
4,"build/tests/sizes/cube-3722-stl-bin.geo","scan",1622650804864330964,1622650804911511123
4,"build/tests/sizes/cube-3722-stl-bin.geo","chck",1622650804863604287,1622650804911526804
4,"build/tests/sizes/cube-1151-geo.geo","scan",1622650804925465689,1622650804926986447
4,"build/tests/sizes/cube-1151-geo.geo","chck",1622650804911527960,1622650804926996426
4,"build/tests/sizes/cube-2154-bin.msh4","scan",1622650804927536564,1622650804930114845
4,"build/tests/sizes/cube-2154-bin.msh4","chck",1622650804926997372,1622650804930119253
4,"build/tests/sizes/cube-1334-bin.msh2","scan",1622650804946475657,1622650804976086203
4,"build/tests/sizes/cube-1334-bin.msh2","chck",1622650804930120258,1622650804976093858
4,"build/tests/sizes/cube-1611-geo.geo_unrolled","scan",1622650804993038224,1622650804994325152
4,"build/tests/sizes/cube-1611-geo.geo_unrolled","chck",1622650804976095083,1622650804994332090
4,"build/tests/sizes/cube-3119-geo.geo","scan",1622650804994885268,1622650804996201629
4,"build/tests/sizes/cube-3119-geo.geo","chck",1622650804994333445,1622650804996206681
4,"cube-3119-geo","mesh",1622650804997491460,1622650805028432273
4,"cube-3119-geo","prep",1622650805029554854,1622650805029877107
4,"cube-3119-geo","zzzz",1622650805029882042,1622650805037953388,518,1023,3069
4,"cube-3119-geo","post",1622650805037955961,1622650805038159458
4,"cube-2154-bin","prep",1622650805038225208,1622650805039556119
4,"cube-2154-bin","zzzz",1622650805039558521,1622650805091514689,2376,4101,12303
4,"cube-2154-bin","post",1622650805091523915,1622650805092137606
4,"cube-2950-geo","mesh",1622650805092642417,1622650822187781004
4,"cube-2950-geo","prep",1622650822188831497,1622650823690389244
4,"cube-2950-geo","zzzz",1622650823690410850,1622651130724455172,1216685,1668653,5005959
4,"cube-2950-geo","post",1622651130729413634,1622651130968932471
4,"cube-2447-bin","prep",1622651130985058962,1622651131039672757
4,"cube-2447-bin","zzzz",1622651131039677924,1622651132391431638,26709,39627,118881
4,"cube-2447-bin","post",1622651132391442889,1622651132393641967
4,"cube-85-asc","prep",1622651132393671017,1622651132450425433
4,"cube-85-asc","zzzz",1622651132450431093,1622651138973067812,80740,116854,350562
4,"cube-85-asc","post",1622651138973081962,1622651138991405559
4,"cube-3213-bin","prep",1622651138991539087,1622651138998597726
4,"cube-3213-bin","zzzz",1622651138998600348,1622651139001917542,249,520,1560
4,"cube-3213-bin","post",1622651139001921435,1622651139002050617
4,"cube-3784-asc","prep",1622651139002077022,1622651139025238312
4,"cube-3784-asc","zzzz",1622651139025241772,1622651141696333631,43088,63403,190209
4,"cube-3784-asc","post",1622651141696349749,1622651141701179728
4,"cube-1290-bin","prep",1622651141701216867,1622651141703443852
4,"cube-1290-bin","zzzz",1622651141703446364,1622651141764783256,2709,4598,13794
4,"cube-1290-bin","post",1622651141764793554,1622651141765527230
4,"cube-1859-asc","prep",1622651141765601744,1622651141765799367
4,"cube-1859-asc","zzzz",1622651141765800577,1622651141771009354,347,728,2184
4,"cube-1859-asc","post",1622651141771019311,1622651141771230927
4,"cube-2485-geo","mesh",1622651141771293351,1622651141805111924
4,"cube-2485-geo","prep",1622651141806031858,1622651141807026901
4,"cube-2485-geo","zzzz",1622651141807029151,1622651141841386931,1692,3040,9120
4,"cube-2485-geo","post",1622651141841396900,1622651141841996859
4,"cube-36-bin","prep",1622651141842130237,1622651142023282181
4,"cube-36-bin","zzzz",1622651142023289840,1622651185345011389,299900,420785,1262355
4,"cube-36-bin","post",1622651185345024743,1622651185432942745
4,"cube-1633-bin","prep",1622651185432981390,1622651185449576421
4,"cube-1633-bin","zzzz",1622651185449580191,1622651185452779902,234,499,1497
4,"cube-1633-bin","post",1622651185452790272,1622651185453566572
4,"cube-1196-geo","mesh",1622651185453605915,1622651185475153689
4,"cube-1196-geo","prep",1622651185475991941,1622651185476117060
4,"cube-1196-geo","zzzz",1622651185476118714,1622651185477957834,146,330,990
4,"cube-1196-geo","post",1622651185477961477,1622651185478123648
4,"cube-1432-geo","mesh",1622651185478152132,1622651196867888761
4,"cube-1432-geo","prep",1622651196868750347,1622651198058624081
4,"cube-1432-geo","zzzz",1622651198058630924,1622651443022537709,1024914,1408633,4225899
4,"cube-1432-geo","post",1622651443022552920,1622651443296138023
4,"cube-904-asc","prep",1622651443299884543,1622651443330264413
4,"cube-904-asc","zzzz",1622651443330268286,1622651443477150324,5277,8479,25437
4,"cube-904-asc","post",1622651443477160554,1622651443477781861
4,"cube-2559-bin","prep",1622651443477823970,1622651443517716741
4,"cube-2559-bin","zzzz",1622651443517720424,1622651445760921320,38093,56241,168723
4,"cube-2559-bin","post",1622651445760932661,1622651445765229153
4,"cube-3722-stl-bin","mesh",1622651445765268692,1622651446165311532
4,"cube-3722-stl-bin","prep",1622651446166158469,1622651446211118846
4,"cube-3722-stl-bin","zzzz",1622651446211124965,1622651449514850619,41590,73392,220176
4,"cube-3722-stl-bin","post",1622651449514864542,1622651449533226895
4,"cube-3455-bin.cgns","prep",1622651449533262687,1622651449538799167
4,"cube-3455-bin.cgns","zzzz",1622651449538802566,1622651449627425480,3626,5953,17859
4,"cube-3455-bin.cgns","post",1622651449627435488,1622651449627820795
4,"cube-919-bin","prep",1622651449627926843,1622651449628211970
4,"cube-919-bin","zzzz",1622651449628213261,1622651449633043603,330,687,2061
4,"cube-919-bin","post",1622651449633053554,1622651449633290291
4,"cube-1808-geo","mesh",1622651449633325961,1622651451723160323
4,"cube-1808-geo","prep",1622651451724071932,1622651451960945789
4,"cube-1808-geo","zzzz",1622651451960951429,1622651471008515943,171304,242028,726084
4,"cube-1808-geo","post",1622651471008530691,1622651471103812257
4,"cube-369-bin","prep",1622651471103849792,1622651471124538256
4,"cube-369-bin","zzzz",1622651471124541982,1622651471126713859,166,375,1125
4,"cube-369-bin","post",1622651471126717858,1622651471126924415
4,"cube-2087-bin.cgns","prep",1622651471126953198,1622651471133814520
4,"cube-2087-bin.cgns","zzzz",1622651471133817829,1622651471137189775,249,520,1560
4,"cube-2087-bin.cgns","post",1622651471137200101,1622651471137255846
4,"cube-3589-asc","prep",1622651471137341486,1622651471138419626
4,"cube-3589-asc","zzzz",1622651471138421386,1622651471155275084,1002,1776,5328
4,"cube-3589-asc","post",1622651471155284904,1622651471155709017
4,"cube-2336-bin.cgns","prep",1622651471156087617,1622651471189699931
4,"cube-2336-bin.cgns","zzzz",1622651471189707116,1622651535150619815,390790,545930,1637790
4,"cube-2336-bin.cgns","post",1622651535150634440,1622651535150702148
4,"cube-1781-stl-bin","mesh",1622651535150844205,1622651535200700479
4,"cube-1781-stl-bin","prep",1622651535201539876,1622651535204834926
4,"cube-1781-stl-bin","zzzz",1622651535204837452,1622651535406954082,4880,10597,31791
4,"cube-1781-stl-bin","post",1622651535406964132,1622651535408658645
4,"cube-2684-asc","prep",1622651535408767051,1622651535500255289
4,"cube-2684-asc","zzzz",1622651535500260425,1622651557399798467,188404,265961,797883
4,"cube-2684-asc","post",1622651557399811479,1622651557416731047
4,"cube-2155-geo","mesh",1622651557416772769,1622651557425238287
4,"cube-2155-geo","prep",1622651557426147233,1622651557426357158
4,"cube-2155-geo","zzzz",1622651557426363264,1622651557429666793,243,512,1536
4,"cube-2155-geo","post",1622651557429677020,1622651557429961687
4,"cube-830-bin.cgns","prep",1622651557429976803,1622651557457491817
4,"cube-830-bin.cgns","zzzz",1622651557457495130,1622651559686159765,37874,55933,167799
4,"cube-830-bin.cgns","post",1622651559686169893,1622651559686221025
4,"cube-395-bin","prep",1622651559686321490,1622651559687601399
4,"cube-395-bin","zzzz",1622651559687603003,1622651559721961417,1684,3040,9120
4,"cube-395-bin","post",1622651559721971506,1622651559722450439
4,"cube-1200-stl-bin","mesh",1622651559722467496,1622651559725820534
4,"cube-1200-stl-bin","prep",1622651559726980023,1622651559727230915
4,"cube-1200-stl-bin","zzzz",1622651559727232760,1622651559733674865,248,857,2571
4,"cube-1200-stl-bin","post",1622651559733685056,1622651559733846034
4,"cube-795-bin","prep",1622651559733857800,1622651559922379876
4,"cube-795-bin","zzzz",1622651559922386223,1622651603579618866,301503,422933,1268799
4,"cube-795-bin","post",1622651603579626209,1622651603658616634
4,"cube-2473-bin","prep",1622651603658669176,1622651603672215077
4,"cube-2473-bin","zzzz",1622651603672219255,1622651603836922368,5747,9186,27558
4,"cube-2473-bin","post",1622651603836938391,1622651603837428715
4,"cube-1531-asc","prep",1622651603837479531,1622651603855473443
4,"cube-1531-asc","zzzz",1622651603855475511,1622651603972698439,4453,7242,21726
4,"cube-1531-asc","post",1622651603972703359,1622651603973954129
4,"cube-2475-bin.cgns","prep",1622651603973979866,1622651603982050550
4,"cube-2475-bin.cgns","zzzz",1622651603982052800,1622651603987671661,368,773,2319
4,"cube-2475-bin.cgns","post",1622651603987687360,1622651603987712773
4,"cube-1273-asc","prep",1622651603987761847,1622651603988510772
4,"cube-1273-asc","zzzz",1622651603988512449,1622651604013781519,1330,2413,7239
4,"cube-1273-asc","post",1622651604013786455,1622651604014035965
4,"cube-2694-geo","mesh",1622651604014056314,1622651604738318290
4,"cube-2694-geo","prep",1622651604739192777,1622651604799950016
4,"cube-2694-geo","zzzz",1622651604799955930,1622651608622546727,55366,81017,243051
4,"cube-2694-geo","post",1622651608622563370,1622651608645871172
4,"cube-2811-bin","prep",1622651608647891837,1622651608662090161
4,"cube-2811-bin","zzzz",1622651608662092837,1622651609195596406,13495,20824,62472
4,"cube-2811-bin","post",1622651609195608166,1622651609197048748
4,"cube-3044-bin.cgns","prep",1622651609197086702,1622651609451091041
4,"cube-3044-bin.cgns","zzzz",1622651609451099528,1622652183391086095,1953811,2667636,8002908
4,"cube-3044-bin.cgns","post",1622652183391095960,1622652183391134903
4,"cube-2861-asc","prep",1622652183392209358,1622652183509143315
4,"cube-2861-asc","zzzz",1622652183509149357,1622652212494452006,228147,321212,963636
4,"cube-2861-asc","post",1622652212494467236,1622652212516274139
4,"cube-3970-asc","prep",1622652212516316826,1622652212549754549
4,"cube-3970-asc","zzzz",1622652212549759151,1622652217414693612,65827,95685,287055
4,"cube-3970-asc","post",1622652217414706789,1622652217421201626
4,"cube-1194-geo","mesh",1622652217421242855,1622652217511100130
4,"cube-1194-geo","prep",1622652217511923785,1622652217516183477
4,"cube-1194-geo","zzzz",1622652217516186288,1622652217705879886,6401,10138,30414
4,"cube-1194-geo","post",1622652217705890070,1622652217707716664
4,"cube-698-bin.cgns","prep",1622652217707744399,1622652217734696023
4,"cube-698-bin.cgns","zzzz",1622652217734699512,1622652221665472580,56432,82667,248001
4,"cube-698-bin.cgns","post",1622652221665486171,1622652221665551663
4,"cube-2840-asc","prep",1622652221665676857,1622652221740109914
4,"cube-2840-asc","zzzz",1622652221740115862,1622652234598130862,130580,185467,556401
4,"cube-2840-asc","post",1622652234598145351,1622652234613558923
4,"cube-193-stl-bin","mesh",1622652234613603495,1622652243354213636
4,"cube-193-stl-bin","prep",1622652243782192494,1622652244474171286
4,"cube-193-stl-bin","zzzz",1622652244474178860,1622652468515806092,890800,1317392,3952176
4,"cube-193-stl-bin","post",1622652468515816632,1622652468859453539
4,"cube-2870-bin","prep",1622652468859772807,1622652468895449715
4,"cube-2870-bin","zzzz",1622652468895454414,1622652469526731003,15273,23429,70287
4,"cube-2870-bin","post",1622652469526741301,1622652469532652435
4,"cube-1101-bin.cgns","prep",1622652469532695426,1622652469630902713
4,"cube-1101-bin.cgns","zzzz",1622652469630910134,1622652470148509350,13169,20391,61173
4,"cube-1101-bin.cgns","post",1622652470148520030,1622652470148557708
4,"cube-485-bin.cgns","prep",1622652470148644701,1622652470149245837
4,"cube-485-bin.cgns","zzzz",1622652470149249549,1622652470153943655,319,674,2022
4,"cube-485-bin.cgns","post",1622652470153958867,1622652470153980494
4,"cube-2448-bin.cgns","prep",1622652470154036737,1622652470173635475
4,"cube-2448-bin.cgns","zzzz",1622652470173643641,1622652499734503140,231373,325516,976548
4,"cube-2448-bin.cgns","post",1622652499734517069,1622652499734576485
4,"cube-3771-stl-bin","mesh",1622652499734698236,1622652523330778333
4,"cube-3771-stl-bin","prep",1622652524326470731,1622652526236702224
4,"cube-3771-stl-bin","zzzz",1622652526236712205,1622653334411011883,2397205,3448319,10344957
4,"cube-3771-stl-bin","post",1622653334411026294,1622653335163090764
4,"cube-2581-geo","mesh",1622653335171659843,1622653335288032710
4,"cube-2581-geo","prep",1622653335288921066,1622653335289190601
4,"cube-2581-geo","zzzz",1622653335289193110,1622653335293907908,319,674,2022
4,"cube-2581-geo","post",1622653335293918031,1622653335294200399
4,"cube-2076-asc","prep",1622653335294214269,1622653335296921412
4,"cube-2076-asc","zzzz",1622653335296923459,1622653335462821615,5779,9232,27696
4,"cube-2076-asc","post",1622653335462831619,1622653335463653425
4,"cube-1757-geo","mesh",1622653335463669098,1622653335506699097
4,"cube-1757-geo","prep",1622653335507467126,1622653335509031814
4,"cube-1757-geo","zzzz",1622653335509033660,1622653335568708399,2647,4510,13530
4,"cube-1757-geo","post",1622653335568718648,1622653335569643356
4,"cube-101-bin","prep",1622653335570037047,1622653335570504529
4,"cube-101-bin","zzzz",1622653335570506017,1622653335573793509,243,510,1530
4,"cube-101-bin","post",1622653335573803604,1622653335574019094
4,"cube-1744-asc","prep",1622653335574029443,1622653336587627280
4,"cube-1744-asc","zzzz",1622653336587636029,1622653867092804148,1840891,2514744,7544232
4,"cube-1744-asc","post",1622653867092817680,1622653867245175862
4,"cube-3251-stl-bin","mesh",1622653867245948239,1622653867251046899
4,"cube-3251-stl-bin","prep",1622653867251980571,1622653867252247579
4,"cube-3251-stl-bin","zzzz",1622653867252249682,1622653867261586233,329,1136,3408
4,"cube-3251-stl-bin","post",1622653867261596351,1622653867261851187
4,"cube-1398-bin","prep",1622653867261882237,1622653867270138496
4,"cube-1398-bin","zzzz",1622653867270140648,1622653867894407979,15127,23222,69666
4,"cube-1398-bin","post",1622653867894417919,1622653867897159692
4,"cube-560-geo","mesh",1622653867897508062,1622653867910423289
4,"cube-560-geo","prep",1622653867911195503,1622653867911454932
4,"cube-560-geo","zzzz",1622653867911456698,1622653867917128863,372,777,2331
4,"cube-560-geo","post",1622653867917138830,1622653867917755545
4,"cube-3643-bin","prep",1622653867917768363,1622653867918652222
4,"cube-3643-bin","zzzz",1622653867918654114,1622653867943106917,1284,2353,7059
4,"cube-3643-bin","post",1622653867943117020,1622653867943540782
4,"cube-1533-asc","prep",1622653867943716395,1622653867944408067
4,"cube-1533-asc","zzzz",1622653867944409802,1622653867968983112,1289,2362,7086
4,"cube-1533-asc","post",1622653867968993223,1622653867969458187
4,"cube-2542-stl-bin","mesh",1622653867969514243,1622653875333667931
4,"cube-2542-stl-bin","prep",1622653875707989856,1622653876280669854
4,"cube-2542-stl-bin","zzzz",1622653876280683615,1622654053084268040,739731,1103038,3309114
4,"cube-2542-stl-bin","post",1622654053084275364,1622654053490059963
4,"cube-2518-asc","prep",1622654053490099946,1622654053628990000
4,"cube-2518-asc","zzzz",1622654053628997852,1622654086716209560,249663,351165,1053495
4,"cube-2518-asc","post",1622654086716234241,1622654086737742696
4,"cube-1321-bin","prep",1622654086737782703,1622654086751393909
4,"cube-1321-bin","zzzz",1622654086751396968,1622654086914137402,5687,9109,27327
4,"cube-1321-bin","post",1622654086914147553,1622654086915719652
4,"cube-3254-stl-bin","mesh",1622654086915741067,1622654087252345423
4,"cube-3254-stl-bin","prep",1622654087253218966,1622654087272550120
4,"cube-3254-stl-bin","zzzz",1622654087272555481,1622654088918767380,24643,45397,136191
4,"cube-3254-stl-bin","post",1622654088918784455,1622654088928131015
4,"cube-1096-stl-bin","mesh",1622654088928164313,1622654105461009060
4,"cube-1096-stl-bin","prep",1622654106195206718,1622654107478564365
4,"cube-1096-stl-bin","zzzz",1622654107479089174,1622654587854292908,1603145,2334321,7002963
4,"cube-1096-stl-bin","post",1622654587854302187,1622654588544798246
4,"cube-3903-bin","prep",1622654588545255748,1622654589257821675
4,"cube-3903-bin","zzzz",1622654589257828331,1622654899453610984,1226340,1681516,5044548
4,"cube-3903-bin","post",1622654899453664505,1622654899565409675
4,"cube-501-asc","prep",1622654899565922295,1622654899605350817
4,"cube-501-asc","zzzz",1622654899605355599,1622654899992561317,10577,16667,50001
4,"cube-501-asc","post",1622654899992571237,1622654899994584252
4,"cube-2013-bin","prep",1622654899994634616,1622654901158000211
4,"cube-2013-bin","zzzz",1622654901158009196,1622655487647718407,1990617,2711277,8133831
4,"cube-2013-bin","post",1622655487647743010,1622655487996966270
4,"cube-1287-bin","prep",1622655487998072763,1622655488149683385
4,"cube-1287-bin","zzzz",1622655488149690573,1622655526283496412,275340,386286,1158858
4,"cube-1287-bin","post",1622655526283509979,1622655526306994581
4,"cube-3347-asc","prep",1622655526307051049,1622655526313232716
4,"cube-3347-asc","zzzz",1622655526313235947,1622655526333552019,1121,2046,6138
4,"cube-3347-asc","post",1622655526333562363,1622655526333972524
4,"cube-2644-geo","mesh",1622655526334130167,1622655528469451335
4,"cube-2644-geo","prep",1622655528470306809,1622655528673503749
4,"cube-2644-geo","zzzz",1622655528673509657,1622655551074897290,190765,270036,810108
4,"cube-2644-geo","post",1622655551074908279,1622655551156434681
4,"cube-3452-bin","prep",1622655551156482596,1622655551180949674
4,"cube-3452-bin","zzzz",1622655551180955049,1622655552261835497,22630,33992,101976
4,"cube-3452-bin","post",1622655552261847055,1622655552266805312
4,"cube-3148-bin","prep",1622655552266841128,1622655552269434163
4,"cube-3148-bin","zzzz",1622655552269436286,1622655552288391840,1092,1942,5826
4,"cube-3148-bin","post",1622655552288401860,1622655552288777867
4,"cube-3843-stl-bin","mesh",1622655552289010667,1622655558170409166
4,"cube-3843-stl-bin","prep",1622655558171278276,1622655558814113340
4,"cube-3843-stl-bin","zzzz",1622655558814122476,1622655703141868205,629916,947292,2841876
4,"cube-3843-stl-bin","post",1622655703141876011,1622655703338107292
4,"cube-2062-geo","mesh",1622655703338144914,1622655703368520901
4,"cube-2062-geo","prep",1622655703369347085,1622655703369802110
4,"cube-2062-geo","zzzz",1622655703369804219,1622655703380889936,675,1296,3888
4,"cube-2062-geo","post",1622655703380894848,1622655703381090787
4,"cube-2826-bin.cgns","prep",1622655703381104799,1622655703425745685
4,"cube-2826-bin.cgns","zzzz",1622655703425748903,1622655703450098123,1280,2347,7041
4,"cube-2826-bin.cgns","post",1622655703450103233,1622655703450158595
4,"cube-3992-bin","prep",1622655703450201496,1622655703450367653
4,"cube-3992-bin","zzzz",1622655703450369129,1622655703453529914,232,497,1491
4,"cube-3992-bin","post",1622655703453544194,1622655703453594644
4,"cube-762-bin","prep",1622655703453605254,1622655703454486367
4,"cube-762-bin","zzzz",1622655703454488501,1622655703487352549,1618,2941,8823
4,"cube-762-bin","post",1622655703487372476,1622655703487731693
4,"cube-3157-asc","prep",1622655703487825429,1622655703506004799
4,"cube-3157-asc","zzzz",1622655703506007365,1622655705477811246,34836,51470,154410
4,"cube-3157-asc","post",1622655705477825192,1622655705480698904
4,"cube-2415-bin","prep",1622655705480716413,1622655705483929066
4,"cube-2415-bin","zzzz",1622655705483930966,1622655705660244770,6030,9634,28902
4,"cube-2415-bin","post",1622655705660249723,1622655705660831447
4,"cube-2192-geo","mesh",1622655705660853744,1622655705680390610
4,"cube-2192-geo","prep",1622655705681209704,1622655705681819317
4,"cube-2192-geo","zzzz",1622655705681821256,1622655705698607497,998,1773,5319
4,"cube-2192-geo","post",1622655705698612454,1622655705698849287
4,"cube-1987-asc","prep",1622655705698948245,1622655705790487568
4,"cube-1987-asc","zzzz",1622655705790493465,1622655724910978322,171421,242614,727842
4,"cube-1987-asc","post",1622655724910991467,1622655724926202792
4,"cube-2883-asc","prep",1622655724926232807,1622655724926594043
4,"cube-2883-asc","zzzz",1622655724926596221,1622655724928706548,157,360,1080
4,"cube-2883-asc","post",1622655724928717100,1622655724928859803
4,"cube-2562-asc","prep",1622655724928890215,1622655724929582324
4,"cube-2562-asc","zzzz",1622655724929583825,1622655724932912466,246,515,1545
4,"cube-2562-asc","post",1622655724932922605,1622655724933081087
4,"cube-3503-asc","prep",1622655724933110771,1622655724934809925
4,"cube-3503-asc","zzzz",1622655724934811875,1622655724988935096,2456,4211,12633
4,"cube-3503-asc","post",1622655724988945403,1622655724989716633
4,"cube-2384-asc","prep",1622655724990096716,1622655724998435360
4,"cube-2384-asc","zzzz",1622655724998437369,1622655725625449088,15189,23313,69939
4,"cube-2384-asc","post",1622655725625459244,1622655725628296949
4,"cube-1675-stl-bin","mesh",1622655725628347054,1622655726533623453
4,"cube-1675-stl-bin","prep",1622655726534483258,1622655726623924996
4,"cube-1675-stl-bin","zzzz",1622655726623932398,1622655736996021380,96837,160285,480855
4,"cube-1675-stl-bin","post",1622655736996030679,1622655737048286397
4,"cube-1334-bin","prep",1622655737048317897,1622655737055750225
4,"cube-1334-bin","zzzz",1622655737055753046,1622655737086760982,1552,2815,8445
4,"cube-1334-bin","post",1622655737086777640,1622655737087099079
4,"cube-3502-geo","mesh",1622655737087384690,1622655737114306696
4,"cube-3502-geo","prep",1622655737115160428,1622655737115864091
4,"cube-3502-geo","zzzz",1622655737115866207,1622655737136797111,1143,2094,6282
4,"cube-3502-geo","post",1622655737136812342,1622655737137330231
4,"cube-3152-asc","prep",1622655737137386768,1622655737316122232
4,"cube-3152-asc","zzzz",1622655737316129453,1622655786532407504,326685,458283,1374849
4,"cube-3152-asc","post",1622655786532418436,1622655786564339685
4,"cube-1251-geo","mesh",1622655786564387923,1622655786595179378
4,"cube-1251-geo","prep",1622655786596031373,1622655786596809628
4,"cube-1251-geo","zzzz",1622655786596812116,1622655786620901419,1265,2328,6984
4,"cube-1251-geo","post",1622655786620915415,1622655786621188688
4,"cube-1829-asc","prep",1622655786621337588,1622655786916581603
4,"cube-1829-asc","zzzz",1622655786916588744,1622655888057390107,533399,740397,2221191
4,"cube-1829-asc","post",1622655888057404573,1622655888103649467
4,"cube-2935-bin.cgns","prep",1622655888103681447,1622655888106033682
4,"cube-2935-bin.cgns","zzzz",1622655888106038164,1622655888109348743,244,513,1539
4,"cube-2935-bin.cgns","post",1622655888109372104,1622655888109414138
4,"cube-1151-geo","mesh",1622655888109524965,1622655903715010033
4,"cube-1151-geo","prep",1622655903715880674,1622655905257622016
4,"cube-1151-geo","zzzz",1622655905257627961,1622656263063437199,1365307,1871606,5614818
4,"cube-1151-geo","post",1622656263063451721,1622656263442110599
4,"cube-2224-geo","mesh",1622656263442667823,1622656263461415710
4,"cube-2224-geo","prep",1622656263462327834,1622656263462479517
4,"cube-2224-geo","zzzz",1622656263462481330,1622656263465679303,234,499,1497
4,"cube-2224-geo","post",1622656263465689423,1622656263465948311
4,"cube-3632-bin","prep",1622656263465961367,1622656263480016268
4,"cube-3632-bin","zzzz",1622656263480018627,1622656265061370739,29754,44206,132618
4,"cube-3632-bin","post",1622656265061381800,1622656265063878259
4,"cube-3159-bin.cgns","prep",1622656265063896184,1622656265120333971
4,"cube-3159-bin.cgns","zzzz",1622656265120340010,1622656268394119866,49670,72927,218781
4,"cube-3159-bin.cgns","post",1622656268394135302,1622656268394175649
4,"cube-1611-geo","mesh",1622656268394290363,1622656269431681000
4,"cube-1611-geo","prep",1622656269432562767,1622656269511753090
4,"cube-1611-geo","zzzz",1622656269511758768,1622656276627686702,86323,124028,372084
4,"cube-1611-geo","post",1622656276627699383,1622656276669013603
4,"cube-2439-geo","mesh",1622656276669069767,1622656276707914048
4,"cube-2439-geo","prep",1622656276708715856,1622656276709443994
4,"cube-2439-geo","zzzz",1622656276709446381,1622656276741055458,1584,2855,8565
4,"cube-2439-geo","post",1622656276741065565,1622656276741691171
4,"cube-3342-bin","prep",1622656276742008688,1622656276743474700
4,"cube-3342-bin","zzzz",1622656276743476702,1622656276797474431,2450,4204,12612
4,"cube-3342-bin","post",1622656276797484451,1622656276798351752
4,"cube-1544-bin","prep",1622656276798400459,1622656276800332096
4,"cube-1544-bin","zzzz",1622656276800334108,1622656276887856670,3593,5902,17706
4,"cube-1544-bin","post",1622656276887861590,1622656276888197211
4,"Proc","exit_task",1622650751065522041,1622656276940321164,3460656
