8,"build/tests/sizes/cube-3694-asc.bdf","scan",1622650769820592921,1622650769838510570
8,"build/tests/sizes/cube-3694-asc.bdf","chck",1622650769819817110,1622650769838626866
8,"build/tests/sizes/cube-3958-asc.mesh","scan",1622650769839189760,1622650769879998833
8,"build/tests/sizes/cube-3958-asc.mesh","chck",1622650769838628238,1622650769880005269
8,"build/tests/sizes/cube-2043-bin.cgns","scan",1622650769884834868,1622650769940740212
8,"build/tests/sizes/cube-2043-bin.cgns","chck",1622650769880006340,1622650769940747616
8,"build/tests/sizes/cube-274-geo.geo_unrolled","scan",1622650769962593862,1622650769964349191
8,"build/tests/sizes/cube-274-geo.geo_unrolled","chck",1622650769940748943,1622650769964354779
8,"build/tests/sizes/cube-1093-geo.geo","scan",1622650769978113086,1622650769979629807
8,"build/tests/sizes/cube-1093-geo.geo","chck",1622650769964355837,1622650769979635654
8,"build/tests/sizes/cube-744-geo.geo","scan",1622650769999771400,1622650770001122972
8,"build/tests/sizes/cube-744-geo.geo","chck",1622650769979636685,1622650770001129552
8,"build/tests/sizes/cube-2129-stl-bin.geo","scan",1622650770002171730,1622650770041518952
8,"build/tests/sizes/cube-2129-stl-bin.geo","chck",1622650770001130637,1622650770041526190
8,"build/tests/sizes/cube-1840-asc.msh2","scan",1622650770042776366,1622650778203858901
8,"build/tests/sizes/cube-1840-asc.msh2","chck",1622650770041527788,1622650778203893227
8,"build/tests/sizes/cube-2251-asc.mesh","scan",1622650778204691898,1622650778208263305
8,"build/tests/sizes/cube-2251-asc.mesh","chck",1622650778203894469,1622650778208269872
8,"build/tests/sizes/cube-1465-bin.vtk","scan",1622650778223007058,1622650780570697637
8,"build/tests/sizes/cube-1465-bin.vtk","chck",1622650778208271031,1622650780570706312
8,"build/tests/sizes/cube-1749-bin.cgns","scan",1622650780577962501,1622650780641350821
8,"build/tests/sizes/cube-1749-bin.cgns","chck",1622650780570707559,1622650780641366765
8,"build/tests/sizes/cube-3138-bin.msh2","scan",1622650780642180481,1622650780663626929
8,"build/tests/sizes/cube-3138-bin.msh2","chck",1622650780641368206,1622650780663634203
8,"build/tests/sizes/cube-1930-stl-bin.geo","scan",1622650780664724516,1622650780683990559
8,"build/tests/sizes/cube-1930-stl-bin.geo","chck",1622650780663635447,1622650780683998127
8,"build/tests/sizes/cube-29-bin.msh4","scan",1622650780694646299,1622650780919783759
8,"build/tests/sizes/cube-29-bin.msh4","chck",1622650780683999318,1622650780919792113
8,"build/tests/sizes/cube-1433-geo.geo_unrolled","scan",1622650780924540666,1622650780925764288
8,"build/tests/sizes/cube-1433-geo.geo_unrolled","chck",1622650780919793427,1622650780925781007
8,"build/tests/sizes/cube-3891-geo.geo_unrolled","scan",1622650780926352040,1622650780927439451
8,"build/tests/sizes/cube-3891-geo.geo_unrolled","chck",1622650780925782337,1622650780927449217
8,"build/tests/sizes/cube-2970-asc.mesh","scan",1622650780928020972,1622650780930763733
8,"build/tests/sizes/cube-2970-asc.mesh","chck",1622650780927450406,1622650780930768403
8,"build/tests/sizes/cube-811-stl-bin.geo","scan",1622650780934351592,1622650781240373138
8,"build/tests/sizes/cube-811-stl-bin.geo","chck",1622650780930769405,1622650781240381017
8,"build/tests/sizes/cube-2182-bin.vtk","scan",1622650781242396291,1622650781283065262
8,"build/tests/sizes/cube-2182-bin.vtk","chck",1622650781240382317,1622650781283072778
8,"build/tests/sizes/cube-3397-bin.msh4","scan",1622650781283786991,1622650781415648245
8,"build/tests/sizes/cube-3397-bin.msh4","chck",1622650781283074174,1622650781415656270
8,"build/tests/sizes/cube-1599-geo.geo_unrolled","scan",1622650781433818928,1622650781436414069
8,"build/tests/sizes/cube-1599-geo.geo_unrolled","chck",1622650781415657575,1622650781436420754
8,"build/tests/sizes/cube-2543-asc.bdf","scan",1622650781437116339,1622650781441818569
8,"build/tests/sizes/cube-2543-asc.bdf","chck",1622650781436422021,1622650781441824021
8,"build/tests/sizes/cube-2833-bin.msh2","scan",1622650781442380339,1622650781446667578
8,"build/tests/sizes/cube-2833-bin.msh2","chck",1622650781441825070,1622650781446671921
8,"build/tests/sizes/cube-3323-bin.msh4","scan",1622650781447242716,1622650781448472461
8,"build/tests/sizes/cube-3323-bin.msh4","chck",1622650781446676444,1622650781448476557
8,"build/tests/sizes/cube-2292-asc.msh2","scan",1622650781449011461,1622650781455767095
8,"build/tests/sizes/cube-2292-asc.msh2","chck",1622650781448477372,1622650781455771625
8,"build/tests/sizes/cube-2902-asc.msh2","scan",1622650781456309350,1622650781459640334
8,"build/tests/sizes/cube-2902-asc.msh2","chck",1622650781455772558,1622650781459644269
8,"build/tests/sizes/cube-2572-geo.geo","scan",1622650781460212292,1622650781461616952
8,"build/tests/sizes/cube-2572-geo.geo","chck",1622650781459645218,1622650781461620387
8,"build/tests/sizes/cube-1618-bin.msh4","scan",1622650781477772826,1622650781504935596
8,"build/tests/sizes/cube-1618-bin.msh4","chck",1622650781461621400,1622650781504943187
8,"build/tests/sizes/cube-3876-bin.msh2","scan",1622650781507854553,1622650785199269372
8,"build/tests/sizes/cube-3876-bin.msh2","chck",1622650781504944245,1622650785199277684
8,"build/tests/sizes/cube-2106-asc.bdf","scan",1622650785203142459,1622650799152985846
8,"build/tests/sizes/cube-2106-asc.bdf","chck",1622650785199278668,1622650799153000980
8,"build/tests/sizes/cube-1828-stl-bin.geo","scan",1622650799377104633,1622650800612016100
8,"build/tests/sizes/cube-1828-stl-bin.geo","chck",1622650799153002245,1622650800612043353
8,"build/tests/sizes/cube-3282-asc.bdf","scan",1622650800614318488,1622650802625253164
8,"build/tests/sizes/cube-3282-asc.bdf","chck",1622650800612044528,1622650802625267429
8,"build/tests/sizes/cube-1423-asc.msh2","scan",1622650802626588030,1622650802697107406
8,"build/tests/sizes/cube-1423-asc.msh2","chck",1622650802625268668,1622650802697113711
8,"build/tests/sizes/cube-3858-bin.vtk","scan",1622650802697662095,1622650802700356588
8,"build/tests/sizes/cube-3858-bin.vtk","chck",1622650802697114901,1622650802700368143
8,"build/tests/sizes/cube-2880-asc.mesh","scan",1622650802700928386,1622650802703451011
8,"build/tests/sizes/cube-2880-asc.mesh","chck",1622650802700369309,1622650802703456101
8,"build/tests/sizes/cube-834-bin.cgns","scan",1622650802723167845,1622650802893728276
8,"build/tests/sizes/cube-834-bin.cgns","chck",1622650802703457069,1622650802893735233
8,"build/tests/sizes/cube-2832-bin.cgns","scan",1622650802897373327,1622650802958656126
8,"build/tests/sizes/cube-2832-bin.cgns","chck",1622650802893736263,1622650802958662852
8,"build/tests/sizes/cube-1017-stl-bin.geo","scan",1622650802975005631,1622650803628533040
8,"build/tests/sizes/cube-1017-stl-bin.geo","chck",1622650802958664060,1622650803628542357
8,"build/tests/sizes/cube-189-asc.bdf","scan",1622650803644571478,1622650803825805562
8,"build/tests/sizes/cube-189-asc.bdf","chck",1622650803628543646,1622650803825811456
8,"build/tests/sizes/cube-184-asc.bdf","scan",1622650803839713629,1622650804742873077
8,"build/tests/sizes/cube-184-asc.bdf","chck",1622650803825812489,1622650804742881043
8,"build/tests/sizes/cube-817-bin.msh2","scan",1622650804761649925,1622650806143990625
8,"build/tests/sizes/cube-817-bin.msh2","chck",1622650804742882253,1622650806144005944
8,"build/tests/sizes/cube-1729-bin.vtk","scan",1622650806162587636,1622650806234127734
8,"build/tests/sizes/cube-1729-bin.vtk","chck",1622650806144007293,1622650806234134735
8,"build/tests/sizes/cube-876-asc.mesh","scan",1622650806235747449,1622650806253321840
8,"build/tests/sizes/cube-876-asc.mesh","chck",1622650806234135903,1622650806253329409
8,"build/tests/sizes/cube-1217-asc.bdf","scan",1622650806271562884,1622650806280103589
8,"build/tests/sizes/cube-1217-asc.bdf","chck",1622650806253330586,1622650806280110549
8,"build/tests/sizes/cube-1928-geo.geo_unrolled","scan",1622650806281052851,1622650806282287845
8,"build/tests/sizes/cube-1928-geo.geo_unrolled","chck",1622650806280111870,1622650806282292448
8,"build/tests/sizes/cube-1820-asc.mesh","scan",1622650806283729999,1622650806286219399
8,"build/tests/sizes/cube-1820-asc.mesh","chck",1622650806282293443,1622650806286223794
8,"build/tests/sizes/cube-1413-bin.cgns","scan",1622650806290679121,1622650806360923682
8,"build/tests/sizes/cube-1413-bin.cgns","chck",1622650806286224791,1622650806361236157
8,"build/tests/sizes/cube-2834-bin.msh2","scan",1622650806361866284,1622650806426526580
8,"build/tests/sizes/cube-2834-bin.msh2","chck",1622650806361238440,1622650806426540390
8,"build/tests/sizes/cube-3226-stl-bin.geo","scan",1622650806427240393,1622650806431427499
8,"build/tests/sizes/cube-3226-stl-bin.geo","chck",1622650806426541570,1622650806431435905
8,"build/tests/sizes/cube-799-geo.geo_unrolled","scan",1622650806450248839,1622650806451567486
8,"build/tests/sizes/cube-799-geo.geo_unrolled","chck",1622650806431437623,1622650806451574557
8,"build/tests/sizes/cube-1331-geo.geo","scan",1622650806471229411,1622650806472627325
8,"build/tests/sizes/cube-1331-geo.geo","chck",1622650806451575863,1622650806472632343
8,"build/tests/sizes/cube-3726-bin.msh2","scan",1622650806473204424,1622650806480481116
8,"build/tests/sizes/cube-3726-bin.msh2","chck",1622650806472633513,1622650806480485903
8,"build/tests/sizes/cube-2642-bin.vtk","scan",1622650806481143018,1622650806485787177
8,"build/tests/sizes/cube-2642-bin.vtk","chck",1622650806480487214,1622650806485791299
8,"build/tests/sizes/cube-3294-bin.msh4","scan",1622650806486312151,1622650806522187066
8,"build/tests/sizes/cube-3294-bin.msh4","chck",1622650806485792506,1622650806522195450
8,"build/tests/sizes/cube-1894-bin.vtk","scan",1622650806523873013,1622650806533999508
8,"build/tests/sizes/cube-1894-bin.vtk","chck",1622650806522196838,1622650806534007728
8,"build/tests/sizes/cube-1644-bin.cgns","scan",1622650806557604791,1622650806651981145
8,"build/tests/sizes/cube-1644-bin.cgns","chck",1622650806534009102,1622650806651988829
8,"build/tests/sizes/cube-226-asc.mesh","scan",1622650806670394901,1622650806741549002
8,"build/tests/sizes/cube-226-asc.mesh","chck",1622650806651990055,1622650806741556645
8,"build/tests/sizes/cube-706-asc.bdf","scan",1622650806755669265,1622650807060062706
8,"build/tests/sizes/cube-706-asc.bdf","chck",1622650806741558113,1622650807060070123
8,"build/tests/sizes/cube-3875-geo.geo_unrolled","scan",1622650807060830186,1622650807070653380
8,"build/tests/sizes/cube-3875-geo.geo_unrolled","chck",1622650807060071344,1622650807070659589
8,"build/tests/sizes/cube-3058-geo.geo_unrolled","scan",1622650807071221757,1622650807072317937
8,"build/tests/sizes/cube-3058-geo.geo_unrolled","chck",1622650807070660695,1622650807072322891
8,"build/tests/sizes/cube-1752-geo.geo","scan",1622650807073471787,1622650807074753119
8,"build/tests/sizes/cube-1752-geo.geo","chck",1622650807072323808,1622650807074757811
8,"build/tests/sizes/cube-352-bin.cgns","scan",1622650807102722533,1622650807362624490
8,"build/tests/sizes/cube-352-bin.cgns","chck",1622650807074758866,1622650807362632322
8,"build/tests/sizes/cube-3034-asc.msh2","scan",1622650807363432126,1622650807370721896
8,"build/tests/sizes/cube-3034-asc.msh2","chck",1622650807362633612,1622650807370729456
8,"build/tests/sizes/cube-1302-stl-bin.geo","scan",1622650807380663083,1622650807404290344
8,"build/tests/sizes/cube-1302-stl-bin.geo","chck",1622650807370730626,1622650807404298764
8,"build/tests/sizes/cube-2496-asc.bdf","scan",1622650807404894001,1622650811609156811
8,"build/tests/sizes/cube-2496-asc.bdf","chck",1622650807404300221,1622650811609164507
8,"build/tests/sizes/cube-2753-asc.msh2","scan",1622650811609969634,1622650811912844818
8,"build/tests/sizes/cube-2753-asc.msh2","chck",1622650811609165737,1622650811912852994
8,"build/tests/sizes/cube-2111-asc.mesh","scan",1622650811913600284,1622650815246419719
8,"build/tests/sizes/cube-2111-asc.mesh","chck",1622650811912854191,1622650815246427816
8,"build/tests/sizes/cube-3061-asc.mesh","scan",1622650815247146656,1622650815735041635
8,"build/tests/sizes/cube-3061-asc.mesh","chck",1622650815246428998,1622650815735048382
8,"build/tests/sizes/cube-14-geo.geo_unrolled","scan",1622650815756883762,1622650815758161631
8,"build/tests/sizes/cube-14-geo.geo_unrolled","chck",1622650815735049547,1622650815758167338
8,"build/tests/sizes/cube-1427-geo.geo_unrolled","scan",1622650815774550166,1622650815775775804
8,"build/tests/sizes/cube-1427-geo.geo_unrolled","chck",1622650815758168974,1622650815775781583
8,"build/tests/sizes/cube-1961-asc.msh2","scan",1622650815776299183,1622650815844276529
8,"build/tests/sizes/cube-1961-asc.msh2","chck",1622650815775782573,1622650815844284632
8,"build/tests/sizes/cube-304-asc.bdf","scan",1622650815864771845,1622650815873284012
8,"build/tests/sizes/cube-304-asc.bdf","chck",1622650815844285652,1622650815873291497
8,"build/tests/sizes/cube-2720-bin.cgns","scan",1622650815878597975,1622650815939860773
8,"build/tests/sizes/cube-2720-bin.cgns","chck",1622650815873292620,1622650815939869443
8,"build/tests/sizes/cube-3810-bin.msh2","scan",1622650815940859766,1622650815943864580
8,"build/tests/sizes/cube-3810-bin.msh2","chck",1622650815939870648,1622650815943870143
8,"build/tests/sizes/cube-1046-bin.msh2","scan",1622650815961782735,1622650816350094151
8,"build/tests/sizes/cube-1046-bin.msh2","chck",1622650815943871170,1622650816350102029
8,"build/tests/sizes/cube-3953-geo.geo_unrolled","scan",1622650816350923447,1622650816352215850
8,"build/tests/sizes/cube-3953-geo.geo_unrolled","chck",1622650816350103270,1622650816352220826
8,"build/tests/sizes/cube-506-geo.geo_unrolled","scan",1622650816353550105,1622650816354625275
8,"build/tests/sizes/cube-506-geo.geo_unrolled","chck",1622650816352221988,1622650816354628894
8,"build/tests/sizes/cube-3398-bin.msh2","scan",1622650816355133654,1622650816358394295
8,"build/tests/sizes/cube-3398-bin.msh2","chck",1622650816354629840,1622650816358397992
8,"build/tests/sizes/cube-1879-asc.bdf","scan",1622650816376281254,1622650816403366190
8,"build/tests/sizes/cube-1879-asc.bdf","chck",1622650816358398954,1622650816403374449
8,"build/tests/sizes/cube-3126-asc.mesh","scan",1622650816403944058,1622650820422326622
8,"build/tests/sizes/cube-3126-asc.mesh","chck",1622650816403375697,1622650820422334959
8,"build/tests/sizes/cube-750-asc.msh2","scan",1622650820427749935,1622650821473338981
8,"build/tests/sizes/cube-750-asc.msh2","chck",1622650820422336199,1622650821473346217
8,"build/tests/sizes/cube-462-bin.vtk","scan",1622650821485344302,1622650821524282747
8,"build/tests/sizes/cube-462-bin.vtk","chck",1622650821473347436,1622650821524290415
8,"build/tests/sizes/cube-3228-bin.msh4","scan",1622650821524867584,1622650821528927620
8,"build/tests/sizes/cube-3228-bin.msh4","chck",1622650821524291779,1622650821528932059
8,"build/tests/sizes/cube-3791-asc.msh2","scan",1622650821529498635,1622650821570215964
8,"build/tests/sizes/cube-3791-asc.msh2","chck",1622650821528933287,1622650821570223775
8,"build/tests/sizes/cube-1794-bin.vtk","scan",1622650821571572906,1622650823261666578
8,"build/tests/sizes/cube-1794-bin.vtk","chck",1622650821570224937,1622650823261674947
8,"build/tests/sizes/cube-1152-stl-bin.geo","scan",1622650823282074660,1622650823362555736
8,"build/tests/sizes/cube-1152-stl-bin.geo","chck",1622650823261676301,1622650823362563379
8,"build/tests/sizes/cube-3091-asc.mesh","scan",1622650823363270531,1622650823367797544
8,"build/tests/sizes/cube-3091-asc.mesh","chck",1622650823362564541,1622650823367803229
8,"build/tests/sizes/cube-3473-geo.geo_unrolled","scan",1622650823368356451,1622650823369540698
8,"build/tests/sizes/cube-3473-geo.geo_unrolled","chck",1622650823367804228,1622650823369545127
8,"build/tests/sizes/cube-1612-bin.vtk","scan",1622650823382497036,1622650823988853956
8,"build/tests/sizes/cube-1612-bin.vtk","chck",1622650823369546096,1622650823988862120
8,"build/tests/sizes/cube-1665-geo.geo_unrolled","scan",1622650823990505056,1622650823991935365
8,"build/tests/sizes/cube-1665-geo.geo_unrolled","chck",1622650823988863324,1622650823991941478
8,"build/tests/sizes/cube-1466-asc.bdf","scan",1622650824007899950,1622650832510530279
8,"build/tests/sizes/cube-1466-asc.bdf","chck",1622650823991942993,1622650832510537575
8,"build/tests/sizes/cube-3998-stl-bin.geo","scan",1622650832511573093,1622650832772786148
8,"build/tests/sizes/cube-3998-stl-bin.geo","chck",1622650832510538729,1622650832772793477
8,"build/tests/sizes/cube-3324-geo.geo_unrolled","scan",1622650832777080591,1622650832823713541
8,"build/tests/sizes/cube-3324-geo.geo_unrolled","chck",1622650832772794801,1622650832823865615
8,"build/tests/sizes/cube-3697-asc.msh2","scan",1622650832824423730,1622650832868067528
8,"build/tests/sizes/cube-3697-asc.msh2","chck",1622650832823867104,1622650832868075981
8,"build/tests/sizes/cube-3887-asc.msh2","scan",1622650832868865073,1622650833267373196
8,"build/tests/sizes/cube-3887-asc.msh2","chck",1622650832868077161,1622650833267381293
8,"build/tests/sizes/cube-884-asc.mesh","scan",1622650833282681953,1622650839329375396
8,"build/tests/sizes/cube-884-asc.mesh","chck",1622650833267382433,1622650839329383434
8,"build/tests/sizes/cube-3729-bin.vtk","scan",1622650839330051440,1622650839332794904
8,"build/tests/sizes/cube-3729-bin.vtk","chck",1622650839329384635,1622650839332799293
8,"build/tests/sizes/cube-2846-geo.geo","scan",1622650839333334986,1622650839334657288
8,"build/tests/sizes/cube-2846-geo.geo","chck",1622650839332800218,1622650839334661322
8,"build/tests/sizes/cube-1844-asc.bdf","scan",1622650839354128901,1622650839419396539
8,"build/tests/sizes/cube-1844-asc.bdf","chck",1622650839334662255,1622650839419403490
8,"build/tests/sizes/cube-3031-asc.msh2","scan",1622650839419980718,1622650843286461409
8,"build/tests/sizes/cube-3031-asc.msh2","chck",1622650839419404562,1622650843286469694
8,"cube-3729-bin","prep",1622650843287635304,1622650843288384343
8,"cube-3729-bin","zzzz",1622650843288405643,1622650843313068084,1305,2368,7104
8,"cube-3729-bin","post",1622650843313087105,1622650843313291681
8,"cube-3887-asc","prep",1622650843313421765,1622650843343801446
8,"cube-3887-asc","zzzz",1622650843343807895,1622650847284303456,56563,82831,248493
8,"cube-3887-asc","post",1622650847284312400,1622650847293233708
8,"cube-3694-asc","prep",1622650847293279162,1622650847295456710
8,"cube-3694-asc","zzzz",1622650847295459984,1622650847350052962,2480,4237,12711
8,"cube-3694-asc","post",1622650847350059783,1622650847350333773
8,"cube-2292-asc","prep",1622650847350497400,1622650847351016623
8,"cube-2292-asc","zzzz",1622650847351018464,1622650847367130308,964,1720,5160
8,"cube-2292-asc","post",1622650847367147590,1622650847367289529
8,"cube-2846-geo","mesh",1622650847367353393,1622650850057588497
8,"cube-2846-geo","prep",1622650850058484246,1622650850282156107
8,"cube-2846-geo","zzzz",1622650850282169321,1622650872486244155,189553,268467,805401
8,"cube-2846-geo","post",1622650872486254344,1622650872528587400
8,"cube-744-geo","mesh",1622650872528660421,1622650876465792718
8,"cube-744-geo","prep",1622650876466659290,1622650876826407446
8,"cube-744-geo","zzzz",1622650876826413632,1622650924895049050,321995,451092,1353276
8,"cube-744-geo","post",1622650924895059325,1622650924963346679
8,"cube-3891-geo","mesh",1622650924964319274,1622650936627601368
8,"cube-3891-geo","prep",1622650936767089452,1622650937521375382
8,"cube-3891-geo","zzzz",1622650937521381618,1622651184887452920,1033356,1418969,4256907
8,"cube-3891-geo","post",1622651184887466894,1622651185100418620
8,"cube-2129-stl-bin","mesh",1622651185100948744,1622651185120210637
8,"cube-2129-stl-bin","prep",1622651185121047034,1622651185121906878
8,"cube-2129-stl-bin","zzzz",1622651185121909602,1622651185166950041,1348,3701,11103
8,"cube-2129-stl-bin","post",1622651185166960285,1622651185167486256
8,"cube-2902-asc","prep",1622651185167754418,1622651185168213806
8,"cube-2902-asc","zzzz",1622651185168215233,1622651185173435975,348,729,2187
8,"cube-2902-asc","post",1622651185173446056,1622651185173675448
8,"cube-462-bin","prep",1622651185173709159,1622651185178088090
8,"cube-462-bin","zzzz",1622651185178089710,1622651185528492846,9852,15562,46686
8,"cube-462-bin","post",1622651185528499976,1622651185529377679
8,"cube-1599-geo","mesh",1622651185529420237,1622651185558965935
8,"cube-1599-geo","prep",1622651185559786272,1622651185560641594
8,"cube-1599-geo","zzzz",1622651185560643636,1622651185585199484,1291,2362,7086
8,"cube-1599-geo","post",1622651185585214887,1622651185585509411
8,"cube-3876-bin","prep",1622651185585648060,1622651186059620674
8,"cube-3876-bin","zzzz",1622651186059627375,1622651390322868517,893775,1229186,3687558
8,"cube-3876-bin","post",1622651390322882595,1622651390404023952
8,"cube-3858-bin","prep",1622651390404410333,1622651390412118455
8,"cube-3858-bin","zzzz",1622651390412121032,1622651390436493180,1292,2347,7041
8,"cube-3858-bin","post",1622651390436503403,1622651390436861536
8,"cube-3226-stl-bin","mesh",1622651390436994923,1622651390445551164
8,"cube-3226-stl-bin","prep",1622651390446392535,1622651390446876094
8,"cube-3226-stl-bin","zzzz",1622651390446878047,1622651390468629220,749,2154,6462
8,"cube-3226-stl-bin","post",1622651390468639364,1622651390468932817
8,"cube-1729-bin","prep",1622651390468945975,1622651390481768655
8,"cube-1729-bin","zzzz",1622651390481770624,1622651391839726288,26603,39793,119379
8,"cube-1729-bin","post",1622651391839740532,1622651391842865846
8,"cube-1828-stl-bin","mesh",1622651391842902589,1622651411020059280
8,"cube-1828-stl-bin","prep",1622651411786520978,1622651413246007602
8,"cube-1828-stl-bin","zzzz",1622651413246015276,1622652004800474917,1881559,2728822,8186466
8,"cube-1828-stl-bin","post",1622652004800490360,1622652005276114359
8,"cube-2832-bin.cgns","prep",1622652005286811732,1622652005478103253
8,"cube-2832-bin.cgns","zzzz",1622652005478112401,1622652366044738345,1373439,1882421,5647263
8,"cube-2832-bin.cgns","post",1622652366044753220,1622652366045093729
8,"cube-2833-bin","prep",1622652366045708652,1622652366046295257
8,"cube-2833-bin","zzzz",1622652366046298291,1622652366066479841,1114,2037,6111
8,"cube-2833-bin","post",1622652366066490080,1622652366066865284
8,"cube-3726-bin","prep",1622652366066987603,1622652366067977189
8,"cube-3726-bin","zzzz",1622652366067978720,1622652366102682531,1709,3063,9189
8,"cube-3726-bin","post",1622652366102692705,1622652366103212701
8,"cube-3958-asc","prep",1622652366103399005,1622652366109236414
8,"cube-3958-asc","zzzz",1622652366109238443,1622652366572848411,12141,18891,56673
8,"cube-3958-asc","post",1622652366572852079,1622652366574193443
8,"cube-1840-asc","prep",1622652366574234291,1622652367204888010
8,"cube-1840-asc","zzzz",1622652367204894532,1622652661981025481,1179809,1618435,4855305
8,"cube-1840-asc","post",1622652661981039901,1622652662179030824
8,"cube-3228-bin","prep",1622652662179510531,1622652662196508021
8,"cube-3228-bin","zzzz",1622652662196511094,1622652662371617854,5991,9587,28761
8,"cube-3228-bin","post",1622652662371628253,1622652662372825883
8,"cube-3061-asc","prep",1622652662372862939,1622652662458904506
8,"cube-3061-asc","zzzz",1622652662458911091,1622652679785206422,160470,226991,680973
8,"cube-3061-asc","post",1622652679785219589,1622652679798860283
8,"cube-2834-bin","prep",1622652679798903269,1622652679820145063
8,"cube-2834-bin","zzzz",1622652679820148640,1622652680407053120,14458,22249,66747
8,"cube-2834-bin","post",1622652680407063974,1622652680409138930
8,"cube-1152-stl-bin","mesh",1622652680409169469,1622652680704894405
8,"cube-1152-stl-bin","prep",1622652680706568474,1622652680732253551
8,"cube-1152-stl-bin","zzzz",1622652680732258918,1622652682832760556,29874,53715,161145
8,"cube-1152-stl-bin","post",1622652682832772484,1622652682845462130
8,"cube-1644-bin.cgns","prep",1622652682845495451,1622652682848801858
8,"cube-1644-bin.cgns","zzzz",1622652682848804456,1622652682852133561,245,514,1542
8,"cube-1644-bin.cgns","post",1622652682852137385,1622652682852167900
8,"cube-352-bin.cgns","prep",1622652682852216290,1622652683271159900
8,"cube-352-bin.cgns","zzzz",1622652683271169513,1622652959897033179,1124291,1543087,4629261
8,"cube-352-bin.cgns","post",1622652959897047463,1622652959897113931
8,"cube-834-bin.cgns","prep",1622652959897260823,1622652960033932626
8,"cube-834-bin.cgns","zzzz",1622652960033941152,1622653005580990256,310383,435140,1305420
8,"cube-834-bin.cgns","post",1622653005580998045,1622653005581037055
8,"cube-2720-bin.cgns","prep",1622653005581132115,1622653005604938765
8,"cube-2720-bin.cgns","zzzz",1622653005604947293,1622653043115817558,272027,382022,1146066
8,"cube-2720-bin.cgns","post",1622653043115830913,1622653043115896446
8,"cube-29-bin","prep",1622653043116650872,1622653043226699099
8,"cube-29-bin","zzzz",1622653043226706282,1622653073039190763,232959,327343,982029
8,"cube-29-bin","post",1622653073039204613,1622653073059340063
8,"cube-2111-asc","prep",1622653073059410796,1622653073607690297
8,"cube-2111-asc","zzzz",1622653073607697237,1622653333428440847,1071993,1472258,4416774
8,"cube-2111-asc","post",1622653333428455272,1622653333515235397
8,"cube-2043-bin.cgns","prep",1622653333515664253,1622653333628978818
8,"cube-2043-bin.cgns","zzzz",1622653333628988521,1622653648844757088,1240245,1701872,5105616
8,"cube-2043-bin.cgns","post",1622653648844770791,1622653648844835245
8,"cube-1618-bin","prep",1622653648844976224,1622653648846066342
8,"cube-1618-bin","zzzz",1622653648846068727,1622653648871881766,1348,2451,7353
8,"cube-1618-bin","post",1622653648871892530,1622653648872434945
8,"cube-799-geo","mesh",1622653648872539427,1622653651300154226
8,"cube-799-geo","prep",1622653651300988492,1622653651549082951
8,"cube-799-geo","zzzz",1622653651549089729,1622653674093644574,192141,271219,813657
8,"cube-799-geo","post",1622653674093655285,1622653674193493031
8,"cube-876-asc","prep",1622653674198075653,1622653674216430783
8,"cube-876-asc","zzzz",1622653674216433108,1622653674342511565,4682,7620,22860
8,"cube-876-asc","post",1622653674342521889,1622653674343460929
8,"cube-884-asc","prep",1622653674343512587,1622653675439135018
8,"cube-884-asc","zzzz",1622653675439151486,1622654265149169337,1999001,2722426,8167278
8,"cube-884-asc","post",1622654265149183546,1622654265309845432
8,"cube-1217-asc","prep",1622654265310399673,1622654265321473241
8,"cube-1217-asc","zzzz",1622654265321476006,1622654265324931832,257,530,1590
8,"cube-1217-asc","post",1622654265324941839,1622654265325158484
8,"cube-1413-bin.cgns","prep",1622654265325197708,1622654265739307017
8,"cube-1413-bin.cgns","zzzz",1622654265739315288,1622654508866497241,1020304,1400725,4202175
8,"cube-1413-bin.cgns","post",1622654508866505130,1622654508866557468
8,"cube-1612-bin","prep",1622654508866656627,1622654509071589347
8,"cube-1612-bin","zzzz",1622654509071594924,1622654575152924583,400318,557938,1673814
8,"cube-1612-bin","post",1622654575152933285,1622654575188775972
8,"cube-1930-stl-bin","mesh",1622654575188823098,1622654575257892985
8,"cube-1930-stl-bin","prep",1622654575258920142,1622654575263793840
8,"cube-1930-stl-bin","zzzz",1622654575263796687,1622654575508483954,5666,12108,36324
8,"cube-1930-stl-bin","post",1622654575508494790,1622654575513352462
8,"cube-184-asc","prep",1622654575513398357,1622654575576610595
8,"cube-184-asc","zzzz",1622654575576617325,1622654583921535833,96238,138211,414633
8,"cube-184-asc","post",1622654583921543326,1622654583935755702
8,"cube-3697-asc","prep",1622654583935793529,1622654583943546496
8,"cube-3697-asc","zzzz",1622654583943549325,1622654584119780635,6025,9630,28890
8,"cube-3697-asc","post",1622654584119790070,1622654584123552830
8,"cube-1093-geo","mesh",1622654584123595335,1622654584481520899
8,"cube-1093-geo","prep",1622654584483710065,1622654584512110386
8,"cube-1093-geo","zzzz",1622654584512115636,1622654585789586740,25641,38152,114456
8,"cube-1093-geo","post",1622654585789595493,1622654585808063639
8,"cube-1331-geo","mesh",1622654585809182283,1622654613155072782
8,"cube-1331-geo","prep",1622654613155915357,1622654615891316272
8,"cube-1331-geo","zzzz",1622654615891323016,1622655374737522455,2414851,3289228,9867684
8,"cube-1331-geo","post",1622655374737575285,1622655375513058759
8,"cube-226-asc","prep",1622655375513713790,1622655375543993188
8,"cube-226-asc","zzzz",1622655375543997378,1622655376065964137,13260,20516,61548
8,"cube-226-asc","post",1622655376065974351,1622655376067456646
8,"cube-3875-geo","mesh",1622655376067523715,1622655376235793394
8,"cube-3875-geo","prep",1622655376236607598,1622655376240095177
8,"cube-3875-geo","zzzz",1622655376240097529,1622655376370333486,4807,7795,23385
8,"cube-3875-geo","post",1622655376370343870,1622655376372155994
8,"cube-1302-stl-bin","mesh",1622655376372362877,1622655376379915915
8,"cube-1302-stl-bin","prep",1622655376380717591,1622655376381098881
8,"cube-1302-stl-bin","zzzz",1622655376381100782,1622655376395901736,502,1611,4833
8,"cube-1302-stl-bin","post",1622655376395911866,1622655376396208010
8,"cube-2106-asc","prep",1622655376396219618,1622655376976987337
8,"cube-2106-asc","zzzz",1622655376976991965,1622655819566813193,1027785,2195225,6585675
8,"cube-2106-asc","post",1622655819566826456,1622655819727313764
8,"cube-274-geo","mesh",1622655819727347195,1622655819765952093
8,"cube-274-geo","prep",1622655819766787134,1622655819768197699
8,"cube-274-geo","zzzz",1622655819768200288,1622655819785345569,1019,1800,5400
8,"cube-274-geo","post",1622655819785371124,1622655819785781489
8,"cube-2543-asc","prep",1622655819785947540,1622655819786209854
8,"cube-2543-asc","zzzz",1622655819786211339,1622655819791007095,326,683,2049
8,"cube-2543-asc","post",1622655819791017104,1622655819791179403
8,"cube-1820-asc","prep",1622655819791208097,1622655819791771831
8,"cube-1820-asc","zzzz",1622655819791773071,1622655819795809905,289,598,1794
8,"cube-1820-asc","post",1622655819795819951,1622655819795990547
8,"cube-1794-bin","prep",1622655819796020095,1622655820391517414
8,"cube-1794-bin","zzzz",1622655820391522444,1622656091675347012,1107869,1520702,4562106
8,"cube-1794-bin","post",1622656091675384186,1622656091772576036
8,"cube-3091-asc","prep",1622656091772619503,1622656091773263346
8,"cube-3091-asc","zzzz",1622656091773265363,1622656091792717886,1105,1980,5940
8,"cube-3091-asc","post",1622656091792728014,1622656091793253719
8,"cube-1433-geo","mesh",1622656091793440832,1622656092167160329
8,"cube-1433-geo","prep",1622656092168038379,1622656092190953232
8,"cube-1433-geo","zzzz",1622656092190958586,1622656093543692921,26524,39686,119058
8,"cube-1433-geo","post",1622656093543703940,1622656093552903578
8,"cube-2572-geo","mesh",1622656093553646543,1622656093633685050
8,"cube-2572-geo","prep",1622656093634533154,1622656093638320126
8,"cube-2572-geo","zzzz",1622656093638322991,1622656093766843688,4754,7723,23169
8,"cube-2572-geo","post",1622656093766853800,1622656093768885208
8,"cube-3138-bin","prep",1622656093769071590,1622656093771939343
8,"cube-3138-bin","zzzz",1622656093771941285,1622656093933632332,5655,9068,27204
8,"cube-3138-bin","post",1622656093933642467,1622656093934442254
8,"cube-1465-bin","prep",1622656093934477354,1622656094687059495
8,"cube-1465-bin","zzzz",1622656094687066229,1622656417132533498,1262797,1731091,5193273
8,"cube-1465-bin","post",1622656417132547021,1622656417325569918
8,"cube-2880-asc","prep",1622656417325605235,1622656417327906577
8,"cube-2880-asc","zzzz",1622656417327909254,1622656417335619179,487,982,2946
8,"cube-2880-asc","post",1622656417335629475,1622656417335820106
8,"cube-2970-asc","prep",1622656417335852239,1622656417336429273
8,"cube-2970-asc","zzzz",1622656417336430677,1622656417344129772,486,981,2943
8,"cube-2970-asc","post",1622656417344139935,1622656417344316881
8,"cube-2251-asc","prep",1622656417344349083,1622656417344831421
8,"cube-2251-asc","zzzz",1622656417344832978,1622656417352676665,497,994,2982
8,"cube-2251-asc","post",1622656417352686795,1622656417353202077
8,"cube-1423-asc","prep",1622656417353233775,1622656417353857792
8,"cube-1423-asc","zzzz",1622656417353859029,1622656417359072322,348,729,2187
8,"cube-1423-asc","post",1622656417359082384,1622656417359300494
8,"cube-3397-bin","prep",1622656417359331406,1622656417515640066
8,"cube-3397-bin","zzzz",1622656417515646834,1622656459308975034,292958,410767,1232301
8,"cube-3397-bin","post",1622656459308989937,1622656459337879311
8,"cube-3282-asc","prep",1622656459337976569,1622656459495452150
8,"cube-3282-asc","zzzz",1622656459495458977,1622656494408809905,259445,364068,1092204
8,"cube-3282-asc","post",1622656494408817957,1622656494492891567
8,"cube-3323-bin","prep",1622656494492933338,1622656494496149914
8,"cube-3323-bin","zzzz",1622656494496152542,1622656494499541306,251,522,1566
8,"cube-3323-bin","post",1622656494499551415,1622656494499780234
8,"cube-2642-bin","prep",1622656494499810743,1622656494501189064
8,"cube-2642-bin","zzzz",1622656494501607850,1622656494553842362,2383,4107,12321
8,"cube-2642-bin","post",1622656494553852446,1622656494554173137
8,"cube-750-asc","prep",1622656494554187059,1622656494626463034
8,"cube-750-asc","zzzz",1622656494626469405,1622656508418960141,137264,194525,583575
8,"cube-750-asc","post",1622656508418973817,1622656508430664379
8,"cube-3294-bin","prep",1622656508430709467,1622656508462836677
8,"cube-3294-bin","zzzz",1622656508462841610,1622656512727319081,59843,87429,262287
8,"cube-3294-bin","post",1622656512727332429,1622656512733921948
8,"cube-1749-bin.cgns","prep",1622656512733984377,1622656512776715677
8,"cube-1749-bin.cgns","zzzz",1622656512776720284,1622656512863354156,3556,5859,17577
8,"cube-1749-bin.cgns","post",1622656512863379105,1622656512863455640
8,"cube-1752-geo","mesh",1622656512863523723,1622656512899224044
8,"cube-1752-geo","prep",1622656512900051662,1622656512901193307
8,"cube-1752-geo","zzzz",1622656512901195286,1622656512935916525,1709,3064,9192
8,"cube-1752-geo","post",1622656512935926587,1622656512936658218
8,"cube-14-geo","mesh",1622656512936898400,1622656514636883941
8,"cube-14-geo","prep",1622656514637704690,1622656514771035359
8,"cube-14-geo","zzzz",1622656514771040797,1622656528789315028,138499,196667,590001
8,"cube-14-geo","post",1622656528789322819,1622656528848625966
8,"cube-1894-bin","prep",1622656528848660266,1622656528859456932
8,"cube-1894-bin","zzzz",1622656528859460304,1622656529022414552,5698,9118,27354
8,"cube-1894-bin","post",1622656529022428879,1622656529022918012
8,"cube-706-asc","prep",1622656529022946416,1622656529041729593
8,"cube-706-asc","zzzz",1622656529041732047,1622656530947946863,34001,50271,150813
8,"cube-706-asc","post",1622656530947961824,1622656530950674551
8,"cube-3953-geo","mesh",1622656530950693810,1622656530961115250
8,"cube-3953-geo","prep",1622656530962012490,1622656530962204700
8,"cube-3953-geo","zzzz",1622656530962206524,1622656530965653963,256,529,1587
8,"cube-3953-geo","post",1622656530965664055,1622656530965930040
8,"cube-3031-asc","prep",1622656530965961097,1622656531251450897
8,"cube-3031-asc","zzzz",1622656531251456854,1622656638384545001,555365,769201,2307603
8,"cube-3031-asc","post",1622656638384558457,1622656638432664922
8,"cube-3058-geo","mesh",1622656638432713084,1622656638445949524
8,"cube-3058-geo","prep",1622656638446862790,1622656638447182003
8,"cube-3058-geo","zzzz",1622656638447183957,1622656638451979779,326,683,2049
8,"cube-3058-geo","post",1622656638451989991,1622656638452383647
8,"cube-3034-asc","prep",1622656638452417199,1622656638453491945
8,"cube-3034-asc","zzzz",1622656638453493595,1622656638468869897,916,1658,4974
8,"cube-3034-asc","post",1622656638468880111,1622656638469075496
8,"cube-2753-asc","prep",1622656638469119987,1622656638480398051
8,"cube-2753-asc","zzzz",1622656638480399902,1622656639555090844,22673,33821,101463
8,"cube-2753-asc","post",1622656639555101749,1622656639557302828
8,"cube-1879-asc","prep",1622656639557317734,1622656639557655175
8,"cube-1879-asc","zzzz",1622656639557656429,1622656639563289471,368,773,2319
8,"cube-1879-asc","post",1622656639563299461,1622656639563517469
8,"cube-811-stl-bin","mesh",1622656639563547414,1622656644070610432
8,"cube-811-stl-bin","prep",1622656644071432217,1622656644527363284
8,"cube-811-stl-bin","zzzz",1622656644527370788,1622656733011221314,443704,677554,2032662
8,"cube-811-stl-bin","post",1622656733011236074,1622656733165999330
8,"cube-1844-asc","prep",1622656733166040625,1622656733177617170
8,"cube-1844-asc","zzzz",1622656733177620045,1622656733342596528,5752,9196,27588
8,"cube-1844-asc","post",1622656733342606872,1622656733343263482
8,"cube-1427-geo","mesh",1622656733343314707,1622656733386198650
8,"cube-1427-geo","prep",1622656733386997077,1622656733387967168
8,"cube-1427-geo","zzzz",1622656733387969317,1622656733418538799,1527,2784,8352
8,"cube-1427-geo","post",1622656733418548919,1622656733419116080
8,"cube-1961-asc","prep",1622656733419149829,1622656733423957150
8,"cube-1961-asc","zzzz",1622656733423959294,1622656733780860729,10005,15749,47247
8,"cube-1961-asc","post",1622656733780866071,1622656733781668441
8,"cube-189-asc","prep",1622656733781707090,1622656733792530068
8,"cube-189-asc","zzzz",1622656733792532122,1622656734564552372,17716,26905,80715
8,"cube-189-asc","post",1622656734564562624,1622656734567895757
8,"cube-304-asc","prep",1622656734567910587,1622656734569078100
8,"cube-304-asc","zzzz",1622656734569080155,1622656734572334169,239,506,1518
8,"cube-304-asc","post",1622656734572344078,1622656734572437819
8,"cube-1017-stl-bin","mesh",1622656734572450772,1622656747270243958
8,"cube-1017-stl-bin","prep",1622656747427086623,1622656748332674936
8,"cube-1017-stl-bin","zzzz",1622656748332689509,1622657073055312607,1186042,1740241,5220723
8,"cube-1017-stl-bin","post",1622657073055327778,1622657073407951042
8,"cube-2496-asc","prep",1622657073408000789,1622657073757464695
8,"cube-2496-asc","zzzz",1622657073757470842,1622657188211381839,580276,803589,2410767
8,"cube-2496-asc","post",1622657188211396837,1622657188262847902
8,"cube-3810-bin","prep",1622657188262890763,1622657188270691055
8,"cube-3810-bin","zzzz",1622657188270694180,1622657188272521347,142,321,963
8,"cube-3810-bin","post",1622657188272531457,1622657188272638492
8,"cube-1046-bin","prep",1622657188272670488,1622657188313148044
8,"cube-1046-bin","zzzz",1622657188313152348,1622657194203131681,75195,108995,326985
8,"cube-1046-bin","post",1622657194203144070,1622657194210618564
8,"cube-506-geo","mesh",1622657194210663155,1622657194362468482
8,"cube-506-geo","prep",1622657194363326614,1622657194369170854
8,"cube-506-geo","zzzz",1622657194369173052,1622657194686941483,9210,14526,43578
8,"cube-506-geo","post",1622657194686951725,1622657194689341612
8,"cube-2182-bin","prep",1622657194689626494,1622657194701222850
8,"cube-2182-bin","zzzz",1622657194701225012,1622657195632482797,20416,30634,91902
8,"cube-2182-bin","post",1622657195632493489,1622657195635944236
8,"cube-3398-bin","prep",1622657195635970982,1622657195637014116
8,"cube-3398-bin","zzzz",1622657195637016236,1622657195648987953,727,1372,4116
8,"cube-3398-bin","post",1622657195648998047,1622657195649316143
8,"cube-3998-stl-bin","mesh",1622657195649347902,1622657195653603895
8,"cube-3998-stl-bin","prep",1622657195654587501,1622657195654783565
8,"cube-3998-stl-bin","zzzz",1622657195654785297,1622657195661340708,257,868,2604
8,"cube-3998-stl-bin","post",1622657195661350717,1622657195661574286
8,"cube-1928-geo","mesh",1622657195661585749,1622657196012807060
8,"cube-1928-geo","prep",1622657196013655042,1622657196029527363
8,"cube-1928-geo","zzzz",1622657196029530687,1622657197262736544,24838,37194,111582
8,"cube-1928-geo","post",1622657197262748032,1622657197269271531
8,"cube-3126-asc","prep",1622657197269352070,1622657197975751508
8,"cube-3126-asc","zzzz",1622657197975758434,1622657532040988956,1296245,1777656,5332968
8,"cube-3126-asc","post",1622657532041003676,1622657532153138320
8,"cube-3791-asc","prep",1622657532153187962,1622657532156143217
8,"cube-3791-asc","zzzz",1622657532156145423,1622657532318307649,5673,9087,27261
8,"cube-3791-asc","post",1622657532318322048,1622657532318825301
8,"cube-3473-geo","mesh",1622657532318858697,1622657534317113814
8,"cube-3473-geo","prep",1622657534328196210,1622657534432967783
8,"cube-3473-geo","zzzz",1622657534432973626,1622657550475547716,152041,215501,646503
8,"cube-3473-geo","post",1622657550475559181,1622657550536450034
8,"cube-1665-geo","mesh",1622657550536489204,1622657550952458657
8,"cube-1665-geo","prep",1622657550953290863,1622657550973556564
8,"cube-1665-geo","zzzz",1622657550973560466,1622657552559300232,29794,44263,132789
8,"cube-1665-geo","post",1622657552559311027,1622657552567754620
8,"cube-1466-asc","prep",1622657552567815588,1622657553106835131
8,"cube-1466-asc","zzzz",1622657553106839905,1622657834306864141,970165,1562205,4686615
8,"cube-1466-asc","post",1622657834306879702,1622657834405385144
8,"cube-817-bin","prep",1622657834405423267,1622657834555685876
8,"cube-817-bin","zzzz",1622657834555692801,1622657869316957373,258635,363003,1089009
8,"cube-817-bin","post",1622657869316974740,1622657869340901401
8,"cube-3324-geo","mesh",1622657869341452441,1622657869801913355
8,"cube-3324-geo","prep",1622657869803664057,1622657869820280605
8,"cube-3324-geo","zzzz",1622657869820285102,1622657871528939737,31403,46585,139755
8,"cube-3324-geo","post",1622657871528951280,1622657871536382520
8,"Proc","exit_task",1622650751065531105,1622657871571967451,4755084
