fmr1node build/femera/mini -v11 -Dd tests/mesh/cube-tet6*.* \
  -o'build/femera/cube-tet6.cgn' > examples/mini-detail-2021-03-04.out

0                                                    UTC 2021-03-04 10:12:19.344
0                                    Femera
0   Verision info : Femera mini-app 0.2.7+g7f3548a-mod
0      Build info : built on LALRL0718020100 for i7-7820HQ with g++ 4.8.5
0      Build info : built by <david.wagner-1@nasa.gov>.

0                                  Copyright
Modification of Original Software provided by the National Aeronautics and
Space Administration. Copyright 2018 United States Government as represented by
the Administrator of the National Aeronautics and Space Administration. No
copyright is claimed in the United States under Title 17, U.S. Code. All Other
Rights Reserved.
0                                Build details
model name	: Intel(R) Core(TM) i7-7820HQ CPU @ 2.90GHz
 Compile & link : mpic++ -std=c++11 -g -Ofast -march=native -mtune=native
-fopenmp -fno-builtin-sin -fno-builtin-cos -fpic -flto -fvisibility=hidden
-fvisibility-inlines-hidden -fearly-inlining --param inline-min-speedup=2
--param inline-unit-growth=500 --param large-function-growth=500 -funroll-loops
-ftree-vectorize -fstrict-enums -Wall -Wextra -Wpedantic -Wuninitialized
-Wshadow -Wdouble-promotion -Wfloat-equal -Wconversion -Wcast-qual -Wcast-align
-Wlogical-op -Woverloaded-virtual -Wstrict-null-sentinel -Wnoexcept
-Wmissing-declarations -Wredundant-decls -Wdisabled-optimization
-Wunused-macros -Wzero-as-null-pointer-constant -Wundef -Weffc++ -MMD -MP
-D_GLIBCXX_PARALLEL -DFMR_VERSION=0.2.7+g7f3548a-mod -DFMR_CORE_N=4
-DFMR_BUILD_DIR=build/femera -DFMR_VERBMAX=11 -DFMR_HAS_LIBNUMA -Ibuild/femera
-isystem/home/dwagner5/.local/include -isystem/usr/include/openmpi-x86_64
-Lbuild/femera -L/home/dwagner5/.local/lib -L/home/dwagner5/.local/lib64
-L/usr/lib64/openmpi/lib -lnuma -lmpi -lgtest -lgmock -lpthread -lhdf5 -lcgns
-lgmsh -lfemera
0     Femera opts : libnuma
0                                                    UTC 2021-03-04 10:12:19.344
0                               Run-time details
0       Verbosity : 11/11, detail 11/11, timing 7/11 max
0           Cores : 4 physical, 8 logical
0       4 Process : 1 GoogleTest x 2 OpenMP x 2 MPI
0                             Processing hierarchy
[0] Process               [1] MPI                   [2] OpenMP
|   0/4      0*4     0/1  |   0/2      0*4     0/1  |   0/2      0*4     0/1  |
|   1/4      1:1     0/1  |   0/2      1*1     0/1  |   1/2      1:1     0/1  |
|   2/4      2:2     0/1  |   1/2      2:2     0/1  |   0/2      2*2     0/1  |
|   3/4      3:3     0/1  |   1/2      3:3     0/1  |   1/2      3:3     0/1  |
|  id/n    phy:log  id/n  | * Master
| thread     cpu    numa  |
0    Process mods : GoogleTest 1.10, OpenMP 201107, MPI 3.0
0        MPI init :  235 ms busy,  924 µs idle,  236 ms total
0     OpenMP init :   31 µs busy,  236 ms idle,  236 ms total
0 GoogleTest init :  159 µs busy,  236 ms idle,  236 ms total
0    Process init :  236 ms busy,    0  s idle,  236 ms total
0       Core mods : CGNS Defaults Gmsh GoogleTest MPI OpenMP
0       Main mods : Sims, Core
0       Core init :   50 µs busy,  236 ms idle,  236 ms total
0       Sims init :  790 ns busy,  236 ms idle,  236 ms total
0       Main init :  236 ms busy,    0  s idle,  236 ms total
0       Data init : Defaults...
0       Gmsh uses : up to 2 OpenMP threads each
0       Data info : check 10 files...
2       sims info : read tests/mesh/cube-tet6p1n2.cgns (CGNS 5.0 HDF5)
0       sims info : read tests/mesh/cube-tet6p1n1.cgns (CGNS 5.0 HDF5)
1       sims info : read tests/mesh/cube-tet6p1n1.msh2 (Gmsh auto ASCII)
2       sims info : read tests/mesh/cube-tet6p2n2.cgns (CGNS 5.0 HDF5)
3       sims info : read tests/mesh/cube-tet6p1n2-geo.geo (Gmsh auto ASCII)
0       sims info : read tests/mesh/cube-tet6p2n1.cgns (CGNS 5.0 HDF5)
0       sims info : read tests/mesh/cube-tet6p3n1.msh2 (Gmsh auto ASCII)
1       sims info : read tests/mesh/cube-tet6p2n1.msh2 (Gmsh auto ASCII)
3       sims info : read tests/mesh/cube-tet6p3n1.cgns (CGNS 5.0 HDF5)
2      Model data : 4 input
2      Model data : cube-tet6p3n1.cgns
2      Model data : cube-tet6p1n2-geo
2      Model data : cube-tet6p2n2.cgns
2      Model data : cube-tet6p1n2.cgns
2      Run 4 sims : 2 sims / 2 OpenMP independently, first in/first out...
2   Run sims init : Starting OpenMP parallel...
3   Run sims FIFO : cube-tet6p3n1.cgns...
2   Run sims FIFO : cube-tet6p1n2-geo...
2         3D geom : cube-tet6p1n2-geo: 7 groups, 2 parts
3         3D geom : cube-tet6p3n1.cgns: 27 groups, 1 part
3      ? dof phys : cube-tet6p3n1.cgns: unknown sim type
2      ? dof phys : cube-tet6p1n2-geo: unknown sim type
3      Run 1 part : 1 merged part / 1 OpenMP singly, alone
2      Run 1 part : 1 merged part / 1 OpenMP singly, alone
3       Part list : Merged part...
3     Merged part : 0/1 cube-tet6p3n1.cgns:P0: getting geometry...
2       Part list : Merged part...
2     Merged part : 0/1 cube-tet6p1n2-geo:P0: getting geometry...
3   Run sims FIFO : cube-tet6p2n2.cgns...
2   Run sims FIFO : cube-tet6p1n2.cgns...
3         3D geom : cube-tet6p2n2.cgns: 27 groups, 1 part
3      ? dof phys : cube-tet6p2n2.cgns: unknown sim type
2         3D geom : cube-tet6p1n2.cgns: 27 groups, 1 part
3      Run 1 part : 1 merged part / 1 OpenMP singly, alone
3       Part list : Merged part...
3     Merged part : 0/1 cube-tet6p2n2.cgns:P0: getting geometry...
2      ? dof phys : cube-tet6p1n2.cgns: unknown sim type
2      Run 1 part : 1 merged part / 1 OpenMP singly, alone
2       Part list : Merged part...
2     Merged part : 0/1 cube-tet6p1n2.cgns:P0: getting geometry...
1       sims info : read tests/mesh/cube-tet6p3n2.cgns (CGNS 5.0 HDF5)
0      Input data : in 6 files
0     Output data : to build/femera/cube-tet6.cgn
0                                                    UTC 2021-03-04 10:12:19.609
0                                 Data details
0       Data exts : csv
0       CGNS exts : cgn cgns adf adf2
0       Gmsh exts : auto msh1 msh2 msh22 msh3 msh4 msh40 msh41 msh unv ps gif geo_unrolled jpg ppm yuv opt vtk mpg tex wrl eps mail png pdf rmed pos stl p3d svg mesh bdf cgns med diff brep step iges ir3 inp ply2 celum su2 pgf pvtu x3d dat tikz neu m key geo
0    Maximum ints : 255D,   66 kID/type, 4295 MID local,   18 EID global
0  Precision size : 8 B Geometry, 8 B Physics, 8 B Solver, 4 B Preconditioner
0      Model data : 6 input
0      Model data : cube-tet6p3n2.cgns
0      Model data : cube-tet6p2n1
0      Model data : cube-tet6p2n1.cgns
0      Model data : cube-tet6p1n1
0      Model data : cube-tet6p3n1
0      Model data : cube-tet6p1n1.cgns
0       Data mods : CGNS 5.0 (parallel), Gmsh 4.5, Defaults
0   Defaults init :  782 ns busy,  500 ms idle,  500 ms total
0       Gmsh init : 2321 µs busy,  262 ms idle,  265 ms total
0       Gmsh perf :    0  flop    5100  B          0  W
0       Gmsh perf :    0  flop/s  2198 kB/s        0  W/s              Active
0       Gmsh perf :    0  flop/s    19 kB/s        0  W/s              Overall
0       CGNS init :  261 ms busy, 2192 µs idle,  264 ms total
0       CGNS perf :    0  flop     156  B          0  W
0       CGNS perf :    0  flop/s   597  B/s        0  W/s              Active
0       CGNS perf :    0  flop/s   592  B/s        0  W/s              Overall
0       Data init :  264 ms busy,  952 µs idle,  265 ms total
0     Femera init :  501 ms in main
0                                                    UTC 2021-03-04 10:12:19.609
0                                    Start
0      Run 6 sims : 2 sims / 2 OpenMP independently, first in/first out...
0   Run sims init : Starting OpenMP parallel...
0   Run sims FIFO : cube-tet6p3n2.cgns...
1   Run sims FIFO : cube-tet6p2n1...
0         3D geom : cube-tet6p3n2.cgns: 27 groups, 1 part
0      ? dof phys : cube-tet6p3n2.cgns: unknown sim type
1         3D geom : cube-tet6p2n1: 7 groups, 2 meshes
0      Run 1 part : 1 merged part / 1 OpenMP singly, alone
1      ? dof phys : cube-tet6p2n1: unknown sim type
0       Part list : Merged part...
0     Merged part : 0/1 cube-tet6p3n2.cgns:P0: getting geometry...
1      Run 1 part : 1 merged part / 1 OpenMP singly, alone
1       Part list : Merged part...
0       Part done : 8813 ns busy,   54 µs idle,   63 µs total
1     Merged part : 0/1 cube-tet6p2n1:P0: getting geometry...
0   Run sims FIFO : cube-tet6p2n1.cgns...
0         3D geom : cube-tet6p2n1.cgns: 27 groups, 1 part
0      ? dof phys : cube-tet6p2n1.cgns: unknown sim type
0      Run 1 part : 1 merged part / 1 OpenMP singly, alone
0       Part list : Merged part...
0     Merged part : 0/1 cube-tet6p2n1.cgns:P0: getting geometry...
1   Run sims FIFO : cube-tet6p1n1...
0       Part done : 3843 ns busy,   21 µs idle,   25 µs total
0   Run sims FIFO : cube-tet6p3n1...
1         3D geom : cube-tet6p1n1: 7 groups, 2 meshes
0         3D geom : cube-tet6p3n1: 7 groups, 2 meshes
0      ? dof phys : cube-tet6p3n1: unknown sim type
1      ? dof phys : cube-tet6p1n1: unknown sim type
0      Run 1 part : 1 merged part / 1 OpenMP singly, alone
0       Part list : Merged part...
1      Run 1 part : 1 merged part / 1 OpenMP singly, alone
0     Merged part : 0/1 cube-tet6p3n1:P0: getting geometry...
1       Part list : Merged part...
1     Merged part : 0/1 cube-tet6p1n1:P0: getting geometry...
0       Part done : 4063 ns busy,   56 µs idle,   60 µs total
0   Run sims FIFO : cube-tet6p1n1.cgns...
0         3D geom : cube-tet6p1n1.cgns: 27 groups, 1 part
0      ? dof phys : cube-tet6p1n1.cgns: unknown sim type
0      Run 1 part : 1 merged part / 1 OpenMP singly, alone
0       Part list : Merged part...
0     Merged part : 0/1 cube-tet6p1n1.cgns:P0: getting geometry...
0       Part done : 3714 ns busy,   18 µs idle,   22 µs total
0                                                    UTC 2021-03-04 10:12:19.610
0                                   Finished
0   Run sims done :   41 µs busy,  601 µs idle,  641 µs total
0   Run sims done :   86 µs busy,  290 µs idle,  376 µs total
0   Run sims done :   31 µs busy,  350 µs idle,  381 µs total
0   Run sims done :   90 µs busy,  197 µs idle,  287 µs total
0   Run sims done :   34 µs busy,  209 µs idle,  244 µs total
0   Run sims done :  110 µs busy,  124 µs idle,  234 µs total
0                                                    UTC 2021-03-04 10:12:19.610
0                                     Done
0     Femera time :  501 ms in main
0   Defaults done : 1509 ns busy,  501 ms idle,  501 ms total
0       Gmsh done : 2321 µs busy,  263 ms idle,  265 ms total
0       Gmsh perf :    0  flop    5100  B          0  W
0       Gmsh perf :    0  flop/s  2197 kB/s        0  W/s              Active
0       Gmsh perf :    0  flop/s    19 kB/s        0  W/s              Overall
0       CGNS done :  261 ms busy, 2810 µs idle,  264 ms total
0       CGNS perf :    0  flop     156  B          0  W
0       CGNS perf :    0  flop/s   597  B/s        0  W/s              Active
0       CGNS perf :    0  flop/s   590  B/s        0  W/s              Overall
0       Data done :  264 ms busy, 1490 µs idle,  265 ms total
0       Core done :   51 µs busy,  505 ms idle,  505 ms total
0       Sims done :  454 µs busy,  504 ms idle,  505 ms total
0       Sims perf :    0  flop       0  B          6  sim
0       Sims perf :    0  flop/s     0  B/s       13 ksim/s            Active
0       Sims perf :    0  flop/s     0  B/s       12  sim/s            Overall
0       Main done :  236 ms busy,  269 ms idle,  505 ms total
0        Log time :  585 µs busy,  504 ms idle,  505 ms total
0                                                    UTC 2021-03-04 10:12:19.614
0                                     Exit
0        MPI done :  235 ms busy,  270 ms idle,  505 ms total
0     OpenMP done :   32 µs busy,  505 ms idle,  505 ms total
0 GoogleTest done :  160 µs busy,  505 ms idle,  505 ms total
0    Process done :  236 ms busy,  269 ms idle,  505 ms total
0     Femera exit :   21 ms in main
0     Femera done :  522 ms in main
