39,"build/tests/sizes/cube-274-bin.cgns","scan",1623113595376137722,1623113595548572817
39,"build/tests/sizes/cube-274-bin.cgns","chck",1623113595304574065,1623113595548814636
39,"build/tests/sizes/cube-3584-asc.mesh","scan",1623113595562234516,1623113595601352823
39,"build/tests/sizes/cube-3584-asc.mesh","chck",1623113595548819027,1623113595601361264
39,"build/tests/sizes/cube-1211-asc.msh2","scan",1623113595602429074,1623113595608895779
39,"build/tests/sizes/cube-1211-asc.msh2","chck",1623113595601364131,1623113595608898576
39,"build/tests/sizes/cube-1212-asc.mesh","scan",1623113595629721747,1623113596093116246
39,"build/tests/sizes/cube-1212-asc.mesh","chck",1623113595608899496,1623113596093121564
39,"build/tests/sizes/cube-808-asc.msh2","scan",1623113596126514129,1623113596993658593
39,"build/tests/sizes/cube-808-asc.msh2","chck",1623113596093122680,1623113596993689277
39,"build/tests/sizes/cube-3354-geo.geo","scan",1623113596998728810,1623113597003931347
39,"build/tests/sizes/cube-3354-geo.geo","chck",1623113596993690465,1623113597003936669
39,"build/tests/sizes/cube-1941-asc.mesh","scan",1623113597028525356,1623113604533621834
39,"build/tests/sizes/cube-1941-asc.mesh","chck",1623113597003937796,1623113604533647844
39,"build/tests/sizes/cube-2227-bin.msh4","scan",1623113604548029015,1623113604578915964
39,"build/tests/sizes/cube-2227-bin.msh4","chck",1623113604533649218,1623113604578921850
39,"build/tests/sizes/cube-2084-bin.vtk","scan",1623113604579651170,1623113604581174559
39,"build/tests/sizes/cube-2084-bin.vtk","chck",1623113604578923141,1623113604581179213
39,"build/tests/sizes/cube-3663-bin.vtk","scan",1623113604581722907,1623113604591048108
39,"build/tests/sizes/cube-3663-bin.vtk","chck",1623113604581180162,1623113604591053365
39,"build/tests/sizes/cube-2145-geo.geo","scan",1623113604591641165,1623113604592898639
39,"build/tests/sizes/cube-2145-geo.geo","chck",1623113604591054493,1623113604592902456
39,"build/tests/sizes/cube-3000-bin.vtk","scan",1623113604609169493,1623113604631585667
39,"build/tests/sizes/cube-3000-bin.vtk","chck",1623113604592903456,1623113604631592588
39,"build/tests/sizes/cube-2400-bin.cgns","scan",1623113604636607124,1623113604656241079
39,"build/tests/sizes/cube-2400-bin.cgns","chck",1623113604631593862,1623113604656248375
39,"build/tests/sizes/cube-3183-bin.msh2","scan",1623113604657001243,1623113604661311156
39,"build/tests/sizes/cube-3183-bin.msh2","chck",1623113604656249568,1623113604661317242
39,"build/tests/sizes/cube-675-bin.msh2","scan",1623113604677752259,1623113604704635772
39,"build/tests/sizes/cube-675-bin.msh2","chck",1623113604661318518,1623113604704641111
39,"build/tests/sizes/cube-1125-stl-bin.geo","scan",1623113604705195604,1623113604715048380
39,"build/tests/sizes/cube-1125-stl-bin.geo","chck",1623113604704642186,1623113604715058474
39,"build/tests/sizes/cube-2434-asc.msh2","scan",1623113604737666680,1623113604785209671
39,"build/tests/sizes/cube-2434-asc.msh2","chck",1623113604715059619,1623113604785216372
39,"build/tests/sizes/cube-807-geo.geo_unrolled","scan",1623113604799866026,1623113604801324987
39,"build/tests/sizes/cube-807-geo.geo_unrolled","chck",1623113604785217591,1623113604801330814
39,"build/tests/sizes/cube-1928-geo.geo","scan",1623113604815047829,1623113604816255482
39,"build/tests/sizes/cube-1928-geo.geo","chck",1623113604801332127,1623113604816260502
39,"build/tests/sizes/cube-1906-asc.msh2","scan",1623113604817345226,1623113604847188011
39,"build/tests/sizes/cube-1906-asc.msh2","chck",1623113604816261573,1623113604847194441
39,"build/tests/sizes/cube-3770-geo.geo","scan",1623113604848698229,1623113604850012122
39,"build/tests/sizes/cube-3770-geo.geo","chck",1623113604847195681,1623113604850016448
39,"build/tests/sizes/cube-406-asc.mesh","scan",1623113604867307332,1623113605107336443
39,"build/tests/sizes/cube-406-asc.mesh","chck",1623113604850017561,1623113605107342805
39,"build/tests/sizes/cube-2959-geo.geo_unrolled","scan",1623113605108054788,1623113605109125104
39,"build/tests/sizes/cube-2959-geo.geo_unrolled","chck",1623113605107343863,1623113605109130241
39,"build/tests/sizes/cube-1227-bin.msh4","scan",1623113605110257150,1623113605263410723
39,"build/tests/sizes/cube-1227-bin.msh4","chck",1623113605109135258,1623113605263417698
39,"build/tests/sizes/cube-3757-geo.geo_unrolled","scan",1623113605264151330,1623113605265294662
39,"build/tests/sizes/cube-3757-geo.geo_unrolled","chck",1623113605263418945,1623113605265300192
39,"build/tests/sizes/cube-3039-bin.vtk","scan",1623113605265882858,1623113607916671973
39,"build/tests/sizes/cube-3039-bin.vtk","chck",1623113605265301347,1623113607916678692
39,"build/tests/sizes/cube-524-bin.cgns","scan",1623113607936302713,1623113607973684790
39,"build/tests/sizes/cube-524-bin.cgns","chck",1623113607916679850,1623113607973690828
39,"build/tests/sizes/cube-3952-stl-bin.geo","scan",1623113607987675801,1623113608657300617
39,"build/tests/sizes/cube-3952-stl-bin.geo","chck",1623113607973691868,1623113608657315421
39,"build/tests/sizes/cube-2968-asc.msh2","scan",1623113608661211120,1623113608674484849
39,"build/tests/sizes/cube-2968-asc.msh2","chck",1623113608657317283,1623113608674489880
39,"build/tests/sizes/cube-2566-geo.geo","scan",1623113608675086728,1623113608676427820
39,"build/tests/sizes/cube-2566-geo.geo","chck",1623113608674490966,1623113608676431994
39,"build/tests/sizes/cube-3001-bin.vtk","scan",1623113608677587263,1623113608842480208
39,"build/tests/sizes/cube-3001-bin.vtk","chck",1623113608676432939,1623113608842486873
39,"build/tests/sizes/cube-3428-bin.msh4","scan",1623113608843100982,1623113608853659707
39,"build/tests/sizes/cube-3428-bin.msh4","chck",1623113608842487994,1623113608853673333
39,"build/tests/sizes/cube-1017-bin.vtk","scan",1623113608900330094,1623113608969538179
39,"build/tests/sizes/cube-1017-bin.vtk","chck",1623113608853674895,1623113608969544467
39,"build/tests/sizes/cube-2399-bin.msh4","scan",1623113608970262476,1623113608972958271
39,"build/tests/sizes/cube-2399-bin.msh4","chck",1623113608969545945,1623113608972963549
39,"build/tests/sizes/cube-3605-asc.bdf","scan",1623113608973547463,1623113609449203624
39,"build/tests/sizes/cube-3605-asc.bdf","chck",1623113608972964978,1623113609449210833
39,"build/tests/sizes/cube-2666-stl-bin.geo","scan",1623113609450227713,1623113610464494173
39,"build/tests/sizes/cube-2666-stl-bin.geo","chck",1623113609449212138,1623113610464509058
39,"build/tests/sizes/cube-726-asc.msh2","scan",1623113610482169352,1623113610709079142
39,"build/tests/sizes/cube-726-asc.msh2","chck",1623113610464510293,1623113610709085911
39,"build/tests/sizes/cube-9-bin.msh4","scan",1623113610720279223,1623113610727990968
39,"build/tests/sizes/cube-9-bin.msh4","chck",1623113610709087201,1623113610727997496
39,"build/tests/sizes/cube-3941-bin.vtk","scan",1623113610740693284,1623113610839720915
39,"build/tests/sizes/cube-3941-bin.vtk","chck",1623113610727998471,1623113610839726318
39,"build/tests/sizes/cube-3789-stl-bin.geo","scan",1623113610840330653,1623113610986129467
39,"build/tests/sizes/cube-3789-stl-bin.geo","chck",1623113610839727380,1623113610986134643
39,"build/tests/sizes/cube-3694-geo.geo_unrolled","scan",1623113610986739311,1623113610987739069
39,"build/tests/sizes/cube-3694-geo.geo_unrolled","chck",1623113610986135766,1623113610987742926
39,"build/tests/sizes/cube-3289-bin.cgns","scan",1623113611010783021,1623113611108573117
39,"build/tests/sizes/cube-3289-bin.cgns","chck",1623113610987743903,1623113611108579629
39,"build/tests/sizes/cube-3172-bin.msh4","scan",1623113611109264313,1623113611110846165
39,"build/tests/sizes/cube-3172-bin.msh4","chck",1623113611108580798,1623113611110851040
39,"build/tests/sizes/cube-2296-bin.msh4","scan",1623113611111354861,1623113611198443039
39,"build/tests/sizes/cube-2296-bin.msh4","chck",1623113611110852058,1623113611198450451
39,"build/tests/sizes/cube-1280-geo.geo","scan",1623113611219700909,1623113611221165534
39,"build/tests/sizes/cube-1280-geo.geo","chck",1623113611198451492,1623113611221172346
39,"build/tests/sizes/cube-1134-geo.geo_unrolled","scan",1623113611238678537,1623113611239901148
39,"build/tests/sizes/cube-1134-geo.geo_unrolled","chck",1623113611221173470,1623113611239907486
39,"build/tests/sizes/cube-2807-asc.mesh","scan",1623113611275186225,1623113611754607147
39,"build/tests/sizes/cube-2807-asc.mesh","chck",1623113611240127830,1623113611754614368
39,"build/tests/sizes/cube-1989-asc.mesh","scan",1623113611755227337,1623113611756973147
39,"build/tests/sizes/cube-1989-asc.mesh","chck",1623113611754615567,1623113611756983700
39,"build/tests/sizes/cube-3889-geo.geo_unrolled","scan",1623113611764610542,1623113611765685689
39,"build/tests/sizes/cube-3889-geo.geo_unrolled","chck",1623113611756984722,1623113611765690810
39,"build/tests/sizes/cube-2987-asc.bdf","scan",1623113611780525699,1623113611840155829
39,"build/tests/sizes/cube-2987-asc.bdf","chck",1623113611765691817,1623113611840162980
39,"build/tests/sizes/cube-3797-asc.bdf","scan",1623113611840857802,1623113612118931086
39,"build/tests/sizes/cube-3797-asc.bdf","chck",1623113611840164284,1623113612118938997
39,"build/tests/sizes/cube-461-stl-bin.geo","scan",1623113612129303288,1623113612289822931
39,"build/tests/sizes/cube-461-stl-bin.geo","chck",1623113612118940205,1623113612289830069
39,"build/tests/sizes/cube-3077-geo.geo_unrolled","scan",1623113612290567337,1623113612291945763
39,"build/tests/sizes/cube-3077-geo.geo_unrolled","chck",1623113612289831231,1623113612291950569
39,"build/tests/sizes/cube-2961-bin.vtk","scan",1623113612292913191,1623113612406104790
39,"build/tests/sizes/cube-2961-bin.vtk","chck",1623113612291951522,1623113612406110966
39,"build/tests/sizes/cube-2591-asc.mesh","scan",1623113612415532387,1623113613375420006
39,"build/tests/sizes/cube-2591-asc.mesh","chck",1623113612406112111,1623113613375425720
39,"build/tests/sizes/cube-1796-asc.msh2","scan",1623113613387784427,1623113614707494262
39,"build/tests/sizes/cube-1796-asc.msh2","chck",1623113613375426862,1623113614707503274
39,"build/tests/sizes/cube-659-asc.bdf","scan",1623113614724637264,1623113616626923241
39,"build/tests/sizes/cube-659-asc.bdf","chck",1623113614707504435,1623113616626929791
39,"build/tests/sizes/cube-3432-bin.vtk","scan",1623113616628587111,1623113616699511347
39,"build/tests/sizes/cube-3432-bin.vtk","chck",1623113616626930929,1623113616699517471
39,"build/tests/sizes/cube-3874-bin.msh2","scan",1623113616700053275,1623113617666501242
39,"build/tests/sizes/cube-3874-bin.msh2","chck",1623113616699518798,1623113617666507923
39,"build/tests/sizes/cube-3671-asc.mesh","scan",1623113617667635565,1623113617670327510
39,"build/tests/sizes/cube-3671-asc.mesh","chck",1623113617666509207,1623113617670332163
39,"build/tests/sizes/cube-2568-asc.msh2","scan",1623113617670850442,1623113617673662493
39,"build/tests/sizes/cube-2568-asc.msh2","chck",1623113617670333231,1623113617673666401
39,"build/tests/sizes/cube-3408-bin.cgns","scan",1623113617676742015,1623113617697268119
39,"build/tests/sizes/cube-3408-bin.cgns","chck",1623113617673667364,1623113617697275106
39,"build/tests/sizes/cube-324-bin.cgns","scan",1623113617716288443,1623113617912740839
39,"build/tests/sizes/cube-324-bin.cgns","chck",1623113617697276222,1623113617912748904
39,"build/tests/sizes/cube-3346-stl-bin.geo","scan",1623113617913498314,1623113617989746098
39,"build/tests/sizes/cube-3346-stl-bin.geo","chck",1623113617912750204,1623113617989753730
39,"build/tests/sizes/cube-489-bin.msh4","scan",1623113618005035248,1623113618030171608
39,"build/tests/sizes/cube-489-bin.msh4","chck",1623113617989754973,1623113618030177515
39,"build/tests/sizes/cube-197-bin.cgns","scan",1623113618049287030,1623113618085187003
39,"build/tests/sizes/cube-197-bin.cgns","chck",1623113618030178595,1623113618085193466
39,"build/tests/sizes/cube-2877-geo.geo","scan",1623113618085793168,1623113618087168321
39,"build/tests/sizes/cube-2877-geo.geo","chck",1623113618085194619,1623113618087172871
39,"build/tests/sizes/cube-2694-asc.mesh","scan",1623113618097803187,1623113624291213260
39,"build/tests/sizes/cube-2694-asc.mesh","chck",1623113618087173873,1623113624291220003
39,"build/tests/sizes/cube-802-stl-bin.geo","scan",1623113624315320620,1623113624548161884
39,"build/tests/sizes/cube-802-stl-bin.geo","chck",1623113624291221140,1623113624548169035
39,"build/tests/sizes/cube-3593-asc.mesh","scan",1623113624548956480,1623113624555595338
39,"build/tests/sizes/cube-3593-asc.mesh","chck",1623113624548170502,1623113624555601560
39,"build/tests/sizes/cube-1737-bin.msh4","scan",1623113624574215154,1623113624596101050
39,"build/tests/sizes/cube-1737-bin.msh4","chck",1623113624555602783,1623113624596106777
39,"build/tests/sizes/cube-2884-bin.msh4","scan",1623113624596621729,1623113624602593619
39,"build/tests/sizes/cube-2884-bin.msh4","chck",1623113624596107941,1623113624602598241
39,"build/tests/sizes/cube-3323-stl-bin.geo","scan",1623113624617465798,1623113624649051171
39,"build/tests/sizes/cube-3323-stl-bin.geo","chck",1623113624602599318,1623113624649056724
39,"build/tests/sizes/cube-2489-bin.cgns","scan",1623113624666531196,1623113624743388021
39,"build/tests/sizes/cube-2489-bin.cgns","chck",1623113624649057843,1623113624743394793
39,"build/tests/sizes/cube-3612-stl-bin.geo","scan",1623113624762012999,1623113624790086412
39,"build/tests/sizes/cube-3612-stl-bin.geo","chck",1623113624743395904,1623113624790092085
39,"build/tests/sizes/cube-3527-geo.geo","scan",1623113624790643849,1623113624791911424
39,"build/tests/sizes/cube-3527-geo.geo","chck",1623113624790093171,1623113624791915165
39,"build/tests/sizes/cube-177-asc.msh2","scan",1623113624807559579,1623113624815147396
39,"build/tests/sizes/cube-177-asc.msh2","chck",1623113624791916169,1623113624815151710
39,"build/tests/sizes/cube-104-geo.geo_unrolled","scan",1623113624829892559,1623113624831106443
39,"build/tests/sizes/cube-104-geo.geo_unrolled","chck",1623113624815152856,1623113624831111541
39,"build/tests/sizes/cube-2236-asc.mesh","scan",1623113624831643571,1623113624835997341
39,"build/tests/sizes/cube-2236-asc.mesh","chck",1623113624831112687,1623113624836001652
39,"build/tests/sizes/cube-2463-geo.geo_unrolled","scan",1623113624859754021,1623113624860929832
39,"build/tests/sizes/cube-2463-geo.geo_unrolled","chck",1623113624836002733,1623113624860936408
39,"build/tests/sizes/cube-3457-bin.msh2","scan",1623113624880854112,1623113625600536106
39,"build/tests/sizes/cube-3457-bin.msh2","chck",1623113624860937497,1623113625600542201
39,"build/tests/sizes/cube-347-bin.cgns","scan",1623113625619715962,1623113625655486091
39,"build/tests/sizes/cube-347-bin.cgns","chck",1623113625600543445,1623113625655491891
39,"build/tests/sizes/cube-2070-bin.msh4","scan",1623113625656643666,1623113625659222987
39,"build/tests/sizes/cube-2070-bin.msh4","chck",1623113625655492985,1623113625659227381
39,"build/tests/sizes/cube-2-bin.msh2","scan",1623113625679247663,1623113625744311870
39,"build/tests/sizes/cube-2-bin.msh2","chck",1623113625659228473,1623113625744317397
39,"build/tests/sizes/cube-1818-bin.msh4","scan",1623113625744955475,1623113626995265622
39,"build/tests/sizes/cube-1818-bin.msh4","chck",1623113625744318565,1623113626995271921
39,"build/tests/sizes/cube-2960-stl-bin.geo","scan",1623113626995990753,1623113627011733207
39,"build/tests/sizes/cube-2960-stl-bin.geo","chck",1623113626995272965,1623113627011738526
39,"build/tests/sizes/cube-198-asc.mesh","scan",1623113627034496082,1623113627074938769
39,"build/tests/sizes/cube-198-asc.mesh","chck",1623113627011739575,1623113627074944551
39,"build/tests/sizes/cube-2536-geo.geo","scan",1623113627075523089,1623113627076815285
39,"build/tests/sizes/cube-2536-geo.geo","chck",1623113627074945653,1623113627076818716
39,"build/tests/sizes/cube-2675-bin.cgns","scan",1623113627086474211,1623113627121283387
39,"build/tests/sizes/cube-2675-bin.cgns","chck",1623113627076819761,1623113627121288959
39,"build/tests/sizes/cube-820-bin.vtk","scan",1623113627182206885,1623113628243882168
39,"build/tests/sizes/cube-820-bin.vtk","chck",1623113627121289906,1623113628243888457
39,"build/tests/sizes/cube-3083-stl-bin.geo","scan",1623113628244680450,1623113628295328345
39,"build/tests/sizes/cube-3083-stl-bin.geo","chck",1623113628243889781,1623113628295334979
39,"build/tests/sizes/cube-2878-asc.msh2","scan",1623113628318767178,1623113628348446412
39,"build/tests/sizes/cube-2878-asc.msh2","chck",1623113628295336411,1623113628348588688
39,"build/tests/sizes/cube-27-asc.mesh","scan",1623113628350139272,1623113629369745617
39,"build/tests/sizes/cube-27-asc.mesh","chck",1623113628348590739,1623113629369752325
39,"build/tests/sizes/cube-3888-asc.msh2","scan",1623113629370577172,1623113629373965616
39,"build/tests/sizes/cube-3888-asc.msh2","chck",1623113629369753474,1623113629373969871
39,"build/tests/sizes/cube-2772-asc.msh2","scan",1623113629386723462,1623113629448467536
39,"build/tests/sizes/cube-2772-asc.msh2","chck",1623113629373970928,1623113629448473790
39,"build/tests/sizes/cube-1403-asc.mesh","scan",1623113629449700382,1623113629451788736
39,"build/tests/sizes/cube-1403-asc.mesh","chck",1623113629448474883,1623113629451792716
39,"build/tests/sizes/cube-943-asc.bdf","scan",1623113629469261664,1623113629775599590
39,"build/tests/sizes/cube-943-asc.bdf","chck",1623113629451793622,1623113629775606007
39,"build/tests/sizes/cube-1986-bin.vtk","scan",1623113629777127315,1623113629790028057
39,"build/tests/sizes/cube-1986-bin.vtk","chck",1623113629775607216,1623113629790033312
39,"build/tests/sizes/cube-3697-bin.msh2","scan",1623113629807066530,1623113629863518702
39,"build/tests/sizes/cube-3697-bin.msh2","chck",1623113629790034376,1623113629863525072
39,"build/tests/sizes/cube-3329-bin.msh2","scan",1623113629873906382,1623113630186255189
39,"build/tests/sizes/cube-3329-bin.msh2","chck",1623113629863526382,1623113630186261279
39,"build/tests/sizes/cube-2837-asc.mesh","scan",1623113630186882886,1623113630401624894
39,"build/tests/sizes/cube-2837-asc.mesh","chck",1623113630186262906,1623113630401631633
39,"build/tests/sizes/cube-455-bin.msh4","scan",1623113630424854608,1623113630451302785
39,"build/tests/sizes/cube-455-bin.msh4","chck",1623113630401632937,1623113630451309891
39,"build/tests/sizes/cube-3697-bin.vtk","scan",1623113630451874593,1623113630453306744
39,"build/tests/sizes/cube-3697-bin.vtk","chck",1623113630451311146,1623113630453311040
39,"build/tests/sizes/cube-3409-geo.geo","scan",1623113630457516485,1623113630458889537
39,"build/tests/sizes/cube-3409-geo.geo","chck",1623113630453312044,1623113630458893509
39,"build/tests/sizes/cube-1164-asc.mesh","scan",1623113630470442274,1623113635410544139
39,"build/tests/sizes/cube-1164-asc.mesh","chck",1623113630458894449,1623113635410550682
39,"build/tests/sizes/cube-3291-asc.bdf","scan",1623113635415069986,1623113636671438214
39,"build/tests/sizes/cube-3291-asc.bdf","chck",1623113635410552151,1623113636671444889
39,"build/tests/sizes/cube-502-bin.msh2","scan",1623113636693141180,1623113639380713424
39,"build/tests/sizes/cube-502-bin.msh2","chck",1623113636671446078,1623113639380718810
39,"build/tests/sizes/cube-349-asc.bdf","scan",1623113639393815001,1623113639516481975
39,"build/tests/sizes/cube-349-asc.bdf","chck",1623113639380719768,1623113639516487170
39,"build/tests/sizes/cube-3613-geo.geo_unrolled","scan",1623113639517289688,1623113639520572821
39,"build/tests/sizes/cube-3613-geo.geo_unrolled","chck",1623113639516488285,1623113639520576862
39,"build/tests/sizes/cube-2716-bin.cgns","scan",1623113639524129967,1623113639542943072
39,"build/tests/sizes/cube-2716-bin.cgns","chck",1623113639520577878,1623113639542946457
39,"build/tests/sizes/cube-2127-bin.msh4","scan",1623113639543562805,1623113639545580380
39,"build/tests/sizes/cube-2127-bin.msh4","chck",1623113639542947493,1623113639545583597
39,"build/tests/sizes/cube-1297-asc.bdf","scan",1623113639559796236,1623113647160771536
39,"build/tests/sizes/cube-1297-asc.bdf","chck",1623113639545584506,1623113647160778438
39,"build/tests/sizes/cube-1630-bin.vtk","scan",1623113647183009334,1623113647184164560
39,"build/tests/sizes/cube-1630-bin.vtk","chck",1623113647160779679,1623113647184171291
39,"build/tests/sizes/cube-3777-geo.geo","scan",1623113647188639823,1623113647188673880
39,"build/tests/sizes/cube-3777-geo.geo","chck",1623113647184172302,1623113647188677858
39,"cube-1297-asc","prep",1623113647270398183,1623113647270400991
39,"cube-1297-asc","zzzz",1623113647270408967,1623113647270490127,0,0,0
39,"cube-1297-asc","post",1623113647270492006,1623113647270543231
39,"cube-3613-geo","mesh",1623113647270561649,1623113647270655632
39,"cube-3613-geo","prep",1623113647271426749,1623113647271427324
39,"cube-3613-geo","zzzz",1623113647271428384,1623113647271483236,0,0,0
39,"cube-3613-geo","post",1623113647271484277,1623113647271633425
39,"cube-2987-asc","prep",1623113647271639919,1623113647273930647
39,"cube-2987-asc","zzzz",1623113647273933986,1623113647389382292,4375,7167,21501
39,"cube-2987-asc","post",1623113647389385132,1623113647389863751
39,"cube-1134-geo","mesh",1623113647389933058,1623113647390006848
39,"cube-1134-geo","prep",1623113647390964278,1623113647390965862
39,"cube-1134-geo","zzzz",1623113647390967174,1623113647391023328,0,0,0
39,"cube-1134-geo","post",1623113647391025148,1623113647391109094
39,"cube-3694-geo","mesh",1623113647391119443,1623113647391160824
39,"cube-3694-geo","prep",1623113647391974328,1623113647391974747
39,"cube-3694-geo","zzzz",1623113647391976060,1623113647392031054,0,0,0
39,"cube-3694-geo","post",1623113647392032476,1623113647392144501
39,"cube-3941-bin","prep",1623113647392151217,1623113647414693024
39,"cube-3941-bin","zzzz",1623113647414700066,1623113649363833370,34489,51058,153174
39,"cube-3941-bin","post",1623113649363849488,1623113649376269695
39,"cube-726-asc","prep",1623113649376303219,1623113649399322236
39,"cube-726-asc","zzzz",1623113649399328591,1623113650555165516,23912,35579,106737
39,"cube-726-asc","post",1623113650555175896,1623113650567514385
39,"cube-3952-stl-bin","mesh",1623113650568038583,1623113650577772747
39,"cube-3952-stl-bin","prep",1623113650584514143,1623113650584529219
39,"cube-3952-stl-bin","zzzz",1623113650584532142,1623113670590441635,0,250220,750660
39,"cube-3952-stl-bin","post",1623113670590450990,1623113670613791480
39,"cube-406-asc","prep",1623113670613821925,1623113670623158337
39,"cube-406-asc","zzzz",1623113670623162838,1623113674166250674,8026,76988,230964
39,"cube-406-asc","post",1623113674166260486,1623113674173000172
39,"cube-1125-stl-bin","mesh",1623113674173038911,1623113674173264645
39,"cube-1125-stl-bin","prep",1623113674174266470,1623113674174279582
39,"cube-1125-stl-bin","zzzz",1623113674174281135,1623113674251975372,0,5428,16284
39,"cube-1125-stl-bin","post",1623113674251984930,1623113674252214252
39,"cube-3001-bin","prep",1623113674252239810,1623113674305364832
39,"cube-3001-bin","zzzz",1623113674305372925,1623113681470360367,86611,124628,373884
39,"cube-3001-bin","post",1623113681470370337,1623113681493131603
39,"cube-2566-geo","mesh",1623113681493168564,1623113681493240828
39,"cube-2566-geo","prep",1623113681494884390,1623113681494886159
39,"cube-2566-geo","zzzz",1623113681494888508,1623113681494946678,0,0,0
39,"cube-2566-geo","post",1623113681494948525,1623113681495041773
39,"cube-2968-asc","prep",1623113681495049362,1623113681495731370
39,"cube-2968-asc","zzzz",1623113681495733094,1623113681516117754,1136,2051,6153
39,"cube-2968-asc","post",1623113681516127463,1623113681517080438
39,"cube-1737-bin","prep",1623113681517105285,1623113681517928491
39,"cube-1737-bin","zzzz",1623113681517930284,1623113681523579112,373,776,2328
39,"cube-1737-bin","post",1623113681523594937,1623113681523890638
39,"cube-2694-asc","prep",1623113681523907118,1623113681536977690
39,"cube-2694-asc","zzzz",1623113681536998188,1623114180226220292,81170,2400770,7202310
39,"cube-2694-asc","post",1623114180226227775,1623114180437534774
39,"cube-2877-geo","mesh",1623114180437574572,1623114180439957363
39,"cube-2877-geo","prep",1623114180441881697,1623114180441883046
39,"cube-2877-geo","zzzz",1623114180441885837,1623114180441943946,0,0,0
39,"cube-2877-geo","post",1623114180441945829,1623114180442075515
39,"cube-802-stl-bin","mesh",1623114180442083449,1623114180445631095
39,"cube-802-stl-bin","prep",1623114180446512860,1623114180446629732
39,"cube-802-stl-bin","zzzz",1623114180446630906,1623114184056211102,0,77988,233964
39,"cube-802-stl-bin","post",1623114184056222204,1623114184059255234
39,"cube-198-asc","prep",1623114184059272077,1623114184060263430
39,"cube-198-asc","zzzz",1623114184060609033,1623114184190630126,1426,7786,23358
39,"cube-198-asc","post",1623114184190640306,1623114184191598133
39,"cube-3593-asc","prep",1623114184191612911,1623114184191893238
39,"cube-3593-asc","zzzz",1623114184191894835,1623114184223503391,728,2855,8565
39,"cube-3593-asc","post",1623114184223513686,1623114184224108716
39,"cube-2884-bin","prep",1623114184224143674,1623114184228021069
39,"cube-2884-bin","zzzz",1623114184228023319,1623114184510206209,8411,13373,40119
39,"cube-2884-bin","post",1623114184510216342,1623114184511359907
39,"cube-274-bin.cgns","prep",1623114184511385954,1623114184553769107
39,"cube-274-bin.cgns","zzzz",1623114184553772333,1623114184673699963,4516,7358,22074
39,"cube-274-bin.cgns","post",1623114184673710091,1623114184673815342
39,"cube-2807-asc","prep",1623114184673882368,1623114184676081003
39,"cube-2807-asc","zzzz",1623114184676082441,1623114195587423330,12428,165885,497655
39,"cube-2807-asc","post",1623114195587437414,1623114195603976738
39,"cube-2236-asc","prep",1623114195604005921,1623114195604205403
39,"cube-2236-asc","zzzz",1623114195604207488,1623114195620423197,418,1726,5178
39,"cube-2236-asc","post",1623114195620433793,1623114195620775267
39,"cube-3172-bin","prep",1623114195620809991,1623114195621646017
39,"cube-3172-bin","zzzz",1623114195621648000,1623114195626804282,345,722,2166
39,"cube-3172-bin","post",1623114195626814566,1623114195627168633
39,"cube-455-bin","prep",1623114195627181523,1623114195627467867
39,"cube-455-bin","zzzz",1623114195627469403,1623114195632747228,356,735,2205
39,"cube-455-bin","post",1623114195632757365,1623114195633016924
39,"cube-3408-bin.cgns","prep",1623114195633051362,1623114195633643337
39,"cube-3408-bin.cgns","zzzz",1623114195633645832,1623114195686533857,2418,4143,12429
39,"cube-3408-bin.cgns","post",1623114195686543947,1623114195686604528
39,"cube-2070-bin","prep",1623114195686654862,1623114195687674494
39,"cube-2070-bin","zzzz",1623114195687676246,1623114195717808436,1517,2754,8262
39,"cube-2070-bin","post",1623114195717818583,1623114195718168272
39,"cube-2489-bin.cgns","prep",1623114195718248478,1623114195744918776
39,"cube-2489-bin.cgns","zzzz",1623114195744921621,1623114198547331278,44485,65533,196599
39,"cube-2489-bin.cgns","post",1623114198547344999,1623114198547425939
39,"cube-2-bin","prep",1623114198547495996,1623114198552551349
39,"cube-2-bin","zzzz",1623114198552554222,1623114198835375759,8433,13394,40182
39,"cube-2-bin","post",1623114198835386632,1623114198837096341
39,"cube-3697-bin","prep",1623114198837281202,1623114198837966152
39,"cube-3697-bin","zzzz",1623114198837968018,1623114199117761529,8264,13294,39882
39,"cube-3697-bin","post",1623114199117771826,1623114199117961936
39,"cube-3797-asc","prep",1623114199117997020,1623114199136372887
39,"cube-3797-asc","zzzz",1623114199136374785,1623114201232234243,36336,53680,161040
39,"cube-3797-asc","post",1623114201232247704,1623114201235606356
39,"cube-2772-asc","prep",1623114201235641944,1623114201237891867
39,"cube-2772-asc","zzzz",1623114201237894799,1623114201383192774,5225,8415,25245
39,"cube-2772-asc","post",1623114201383203596,1623114201383718434
39,"cube-3612-stl-bin","mesh",1623114201383759430,1623114201383827855
39,"cube-3612-stl-bin","prep",1623114201384800428,1623114201384810376
39,"cube-3612-stl-bin","zzzz",1623114201384811617,1623114201389488561,0,676,2028
39,"cube-3612-stl-bin","post",1623114201389492591,1623114201389585903
39,"cube-2463-geo","mesh",1623114201389606616,1623114201389690707
39,"cube-2463-geo","prep",1623114201391216400,1623114201391216939
39,"cube-2463-geo","zzzz",1623114201391217999,1623114201391276290,0,0,0
39,"cube-2463-geo","post",1623114201391277382,1623114201391352871
39,"cube-1818-bin","prep",1623114201391357567,1623114202880380953
39,"cube-1818-bin","zzzz",1623114202880386142,1623114808916168153,2048931,2778775,8336325
39,"cube-1818-bin","post",1623114808916178026,1623114809091434206
39,"cube-347-bin.cgns","prep",1623114809092011720,1623114809095986111
39,"cube-347-bin.cgns","zzzz",1623114809095989565,1623114809097845372,153,340,1020
39,"cube-347-bin.cgns","post",1623114809097846805,1623114809097885751
39,"cube-3432-bin","prep",1623114809097908692,1623114809099067748
39,"cube-3432-bin","zzzz",1623114809099069752,1623114809149495227,2322,4007,12021
39,"cube-3432-bin","post",1623114809149514387,1623114809149764648
39,"cube-3323-stl-bin","mesh",1623114809149913668,1623114809150037388
39,"cube-3323-stl-bin","prep",1623114809151065399,1623114809151076546
39,"cube-3323-stl-bin","zzzz",1623114809151078191,1623114809172729765,0,2148,6444
39,"cube-3323-stl-bin","post",1623114809172745630,1623114809172898572
39,"cube-2399-bin","prep",1623114809172911166,1623114809174980427
39,"cube-2399-bin","zzzz",1623114809174982337,1623114809292183533,4433,7241,21723
39,"cube-2399-bin","post",1623114809292204284,1623114809292723501
39,"cube-2400-bin.cgns","prep",1623114809292814489,1623114809402541411
39,"cube-2400-bin.cgns","zzzz",1623114809402549417,1623115021977241822,925330,1266508,3799524
39,"cube-2400-bin.cgns","post",1623115021977256527,1623115021977332041
39,"cube-27-asc","prep",1623115021977401292,1623115021981770587
39,"cube-27-asc","zzzz",1623115021981772872,1623115067204265837,26384,433065,1299195
39,"cube-27-asc","post",1623115067204280202,1623115067247502385
39,"cube-3888-asc","prep",1623115067247539448,1623115067248395655
39,"cube-3888-asc","zzzz",1623115067248397764,1623115067253591254,349,726,2178
39,"cube-3888-asc","post",1623115067253601773,1623115067253759161
39,"cube-197-bin.cgns","prep",1623115067253773188,1623115067254243756
39,"cube-197-bin.cgns","zzzz",1623115067254246407,1623115067258219008,286,591,1773
39,"cube-197-bin.cgns","post",1623115067258229269,1623115067258293194
39,"cube-489-bin","prep",1623115067258341376,1623115067259043663
39,"cube-489-bin","zzzz",1623115067259045373,1623115067266589171,481,966,2898
39,"cube-489-bin","post",1623115067266599331,1623115067266834080
39,"cube-324-bin.cgns","prep",1623115067266853789,1623115067928698916
39,"cube-324-bin.cgns","zzzz",1623115067928708772,1623115517580830552,1633643,2221447,6664341
39,"cube-324-bin.cgns","post",1623115517580860418,1623115517580940427
39,"cube-3329-bin","prep",1623115517580984614,1623115517612666388
39,"cube-3329-bin","zzzz",1623115517612670653,1623115521728671761,58555,85319,255957
39,"cube-3329-bin","post",1623115521728684064,1623115521734083692
39,"cube-524-bin.cgns","prep",1623115521734121407,1623115521734556788
39,"cube-524-bin.cgns","zzzz",1623115521734558988,1623115521736430405,146,327,981
39,"cube-524-bin.cgns","post",1623115521736440580,1623115521736504534
39,"cube-2675-bin.cgns","prep",1623115521736553340,1623115521737075448
39,"cube-2675-bin.cgns","zzzz",1623115521737077903,1623115521739313160,172,377,1131
39,"cube-2675-bin.cgns","post",1623115521739323288,1623115521739375041
39,"cube-820-bin","prep",1623115521739395627,1623115522115674700
39,"cube-820-bin","zzzz",1623115522115685524,1623115625649201809,545158,751977,2255931
39,"cube-820-bin","post",1623115625649215576,1623115625698349405
39,"cube-808-asc","prep",1623115625698400815,1623115625779072332
39,"cube-808-asc","zzzz",1623115625779078558,1623115638859617720,132275,187685,563055
39,"cube-808-asc","post",1623115638859631640,1623115638881022588
39,"cube-2434-asc","prep",1623115638881062979,1623115638886737873
39,"cube-2434-asc","zzzz",1623115638886741132,1623115638904854110,1040,1875,5625
39,"cube-2434-asc","post",1623115638904864635,1623115638905249100
39,"cube-502-bin","prep",1623115638905439591,1623115639417636932
39,"cube-502-bin","zzzz",1623115639417643058,1623115788973818056,710009,972929,2918787
39,"cube-502-bin","post",1623115788973828361,1623115789055109533
39,"cube-349-asc","prep",1623115789055158777,1623115789069334302
39,"cube-349-asc","zzzz",1623115789069339526,1623115789619127639,13774,21263,63789
39,"cube-349-asc","post",1623115789619137723,1623115789622934762
39,"cube-3289-bin.cgns","prep",1623115789622976450,1623115789655462702
39,"cube-3289-bin.cgns","zzzz",1623115789655468420,1623115789889642523,7404,11743,35229
39,"cube-3289-bin.cgns","post",1623115789889652117,1623115789889713179
39,"cube-3770-geo","mesh",1623115789890046255,1623115789890143973
39,"cube-3770-geo","prep",1623115789891099098,1623115789891100436
39,"cube-3770-geo","zzzz",1623115789891102332,1623115789891159188,0,0,0
39,"cube-3770-geo","post",1623115789891160386,1623115789891251344
39,"cube-3291-asc","prep",1623115789891258354,1623115789976384117
39,"cube-3291-asc","zzzz",1623115789976388111,1623115804687700607,143597,203195,609585
39,"cube-3291-asc","post",1623115804687708149,1623115804700150835
39,"cube-104-geo","mesh",1623115804700192869,1623115804700309664
39,"cube-104-geo","prep",1623115804701244366,1623115804701245708
39,"cube-104-geo","zzzz",1623115804701247567,1623115804701303846,0,0,0
39,"cube-104-geo","post",1623115804701305470,1623115804701384999
39,"cube-3183-bin","prep",1623115804701391167,1623115804701866284
39,"cube-3183-bin","zzzz",1623115804701867634,1623115804712857805,674,1287,3861
39,"cube-3183-bin","post",1623115804712873358,1623115804712963848
39,"cube-2837-asc","prep",1623115804712977277,1623115804714229763
39,"cube-2837-asc","zzzz",1623115804714231341,1623115809540735468,8980,95137,285411
39,"cube-2837-asc","post",1623115809540745952,1623115809550751152
39,"cube-1164-asc","prep",1623115809550768181,1623115809563689844
39,"cube-1164-asc","zzzz",1623115809563691638,1623116185708750699,72804,1943101,5829303
39,"cube-1164-asc","post",1623116185708764868,1623116185910401255
39,"cube-3457-bin","prep",1623116185910442372,1623116186002181815
39,"cube-3457-bin","zzzz",1623116186002189252,1623116203717377438,163135,230408,691224
39,"cube-3457-bin","post",1623116203717391767,1623116203733679533
39,"cube-3077-geo","mesh",1623116203733722031,1623116203734045516
39,"cube-3077-geo","prep",1623116203734972800,1623116203734974008
39,"cube-3077-geo","zzzz",1623116203734975330,1623116203735031172,0,0,0
39,"cube-3077-geo","post",1623116203735032673,1623116203735139386
39,"cube-1227-bin","prep",1623116203735145890,1623116203860786697
39,"cube-1227-bin","zzzz",1623116203860793117,1623116228230759392,203345,285807,857421
39,"cube-1227-bin","post",1623116228230773705,1623116228249080470
39,"cube-3527-geo","mesh",1623116228249131607,1623116228249286195
39,"cube-3527-geo","prep",1623116228250225702,1623116228250226835
39,"cube-3527-geo","zzzz",1623116228250228096,1623116228250284220,0,0,0
39,"cube-3527-geo","post",1623116228250285711,1623116228250386031
39,"cube-943-asc","prep",1623116228250392750,1623116228269156560
39,"cube-943-asc","zzzz",1623116228269160251,1623116230275287019,35242,52045,156135
39,"cube-943-asc","post",1623116230275297545,1623116230278545958
39,"cube-3889-geo","mesh",1623116230278575826,1623116230278693962
39,"cube-3889-geo","prep",1623116230279578715,1623116230279579997
39,"cube-3889-geo","zzzz",1623116230279581192,1623116230279636959,0,0,0
39,"cube-3889-geo","post",1623116230279638232,1623116230279719588
39,"cube-3409-geo","mesh",1623116230279726036,1623116230279773211
39,"cube-3409-geo","prep",1623116230280524310,1623116230280524888
39,"cube-3409-geo","zzzz",1623116230280526000,1623116230280580280,0,0,0
39,"cube-3409-geo","post",1623116230280581333,1623116230280713716
39,"cube-3584-asc","prep",1623116230280719417,1623116230281006608
39,"cube-3584-asc","zzzz",1623116230281007665,1623116230398036942,1354,7233,21699
39,"cube-3584-asc","post",1623116230398047155,1623116230398956230
39,"cube-2716-bin.cgns","prep",1623116230398970409,1623116230399564041
39,"cube-2716-bin.cgns","zzzz",1623116230399566580,1623116230432340515,1622,2934,8802
39,"cube-2716-bin.cgns","post",1623116230432350662,1623116230432406359
39,"cube-1403-asc","prep",1623116230432453805,1623116230432615344
39,"cube-1403-asc","zzzz",1623116230432618766,1623116230435132605,136,413,1239
39,"cube-1403-asc","post",1623116230435142696,1623116230435289960
39,"cube-3346-stl-bin","mesh",1623116230435325124,1623116230437194241
39,"cube-3346-stl-bin","prep",1623116230438073787,1623116230438087043
39,"cube-3346-stl-bin","zzzz",1623116230438088359,1623116231548834599,0,34604,103812
39,"cube-3346-stl-bin","post",1623116231548861820,1623116231551246590
39,"cube-2960-stl-bin","mesh",1623116231551259388,1623116231551503872
39,"cube-2960-stl-bin","prep",1623116231552782618,1623116231552871757
39,"cube-2960-stl-bin","zzzz",1623116231552873499,1623116231710499095,0,8908,26724
39,"cube-2960-stl-bin","post",1623116231710509469,1623116231710848967
39,"cube-807-geo","mesh",1623116231710861222,1623116231710923759
39,"cube-807-geo","prep",1623116231711696745,1623116231711697501
39,"cube-807-geo","zzzz",1623116231711698615,1623116231711754634,0,0,0
39,"cube-807-geo","post",1623116231711755864,1623116231711816960
39,"cube-1211-asc","prep",1623116231711822759,1623116231712372833
39,"cube-1211-asc","zzzz",1623116231712374487,1623116231728220577,950,1696,5088
39,"cube-1211-asc","post",1623116231728230771,1623116231728527739
39,"cube-3671-asc","prep",1623116231728615699,1623116231728743908
39,"cube-3671-asc","zzzz",1623116231728745335,1623116231733556581,224,685,2055
39,"cube-3671-asc","post",1623116231733566709,1623116231733768883
39,"cube-2127-bin","prep",1623116231733802708,1623116231734905593
39,"cube-2127-bin","zzzz",1623116231734907799,1623116231762452216,1427,2574,7722
39,"cube-2127-bin","post",1623116231762462437,1623116231763025432
39,"cube-2084-bin","prep",1623116231763049309,1623116231763453659
39,"cube-2084-bin","zzzz",1623116231763455086,1623116231768348502,339,694,2082
39,"cube-2084-bin","post",1623116231768358741,1623116231768498174
39,"cube-3874-bin","prep",1623116231768511313,1623116231915979818
39,"cube-3874-bin","zzzz",1623116231915986991,1623116260801241858,228404,320449,961347
39,"cube-3874-bin","post",1623116260801252183,1623116260826864620
39,"cube-1796-asc","prep",1623116260826915043,1623116260938503008
39,"cube-1796-asc","zzzz",1623116260938510045,1623116280645508180,175722,247637,742911
39,"cube-1796-asc","post",1623116280645521939,1623116280665568963
39,"cube-177-asc","prep",1623116280665619663,1623116280670462818
39,"cube-177-asc","zzzz",1623116280670466688,1623116280672187828,135,306,918
39,"cube-177-asc","post",1623116280672198238,1623116280672323577
39,"cube-2961-bin","prep",1623116280672362093,1623116280707945008
39,"cube-2961-bin","zzzz",1623116280707949970,1623116284912316366,59550,86592,259776
39,"cube-2961-bin","post",1623116284912330805,1623116284921175782
39,"cube-3757-geo","mesh",1623116284921212593,1623116284922143947
39,"cube-3757-geo","prep",1623116284923103145,1623116284923104335
39,"cube-3757-geo","zzzz",1623116284923105748,1623116284923161837,0,0,0
39,"cube-3757-geo","post",1623116284923163305,1623116284923221359
39,"cube-2959-geo","mesh",1623116284923228406,1623116284923283368
39,"cube-2959-geo","prep",1623116284924031432,1623116284924032031
39,"cube-2959-geo","zzzz",1623116284924033097,1623116284924087540,0,0,0
39,"cube-2959-geo","post",1623116284924088684,1623116284924162299
39,"cube-1017-bin","prep",1623116284924168073,1623116284924758961
39,"cube-1017-bin","zzzz",1623116284924760481,1623116284942882052,1046,1877,5631
39,"cube-1017-bin","post",1623116284942892277,1623116284943092591
39,"cube-3083-stl-bin","mesh",1623116284943128306,1623116284944148199
39,"cube-3083-stl-bin","prep",1623116284945050269,1623116284945139993
39,"cube-3083-stl-bin","zzzz",1623116284945141321,1623116285764800942,0,28044,84132
39,"cube-3083-stl-bin","post",1623116285764811825,1623116285765844149
39,"cube-3605-asc","prep",1623116285765856792,1623116285797250285
39,"cube-3605-asc","zzzz",1623116285797254104,1623116290034422313,59844,87011,261033
39,"cube-3605-asc","post",1623116290034436016,1623116290040350733
39,"cube-2568-asc","prep",1623116290040394205,1623116290040785576
39,"cube-2568-asc","zzzz",1623116290040787772,1623116290044726765,282,587,1761
39,"cube-2568-asc","post",1623116290044736985,1623116290044905095
39,"cube-1280-geo","mesh",1623116290044943032,1623116290045112620
39,"cube-1280-geo","prep",1623116290046262714,1623116290046263514
39,"cube-1280-geo","zzzz",1623116290046264882,1623116290046320541,0,0,0
39,"cube-1280-geo","post",1623116290046321735,1623116290046435002
39,"cube-9-bin","prep",1623116290046442118,1623116290046890042
39,"cube-9-bin","zzzz",1623116290047284475,1623116290052832740,368,771,2313
39,"cube-9-bin","post",1623116290052849044,1623116290053206902
39,"cube-3789-stl-bin","mesh",1623116290053220598,1623116290056022756
39,"cube-3789-stl-bin","prep",1623116290057129667,1623116290057140717
39,"cube-3789-stl-bin","zzzz",1623116290057142177,1623116292376517799,0,57500,172500
39,"cube-3789-stl-bin","post",1623116292376531119,1623116292381065167
39,"cube-1906-asc","prep",1623116292381088982,1623116292383863096
39,"cube-1906-asc","zzzz",1623116292383865933,1623116292487301106,4032,6634,19902
39,"cube-1906-asc","post",1623116292487311632,1623116292488008113
39,"cube-659-asc","prep",1623116292488052904,1623116292624579146
39,"cube-659-asc","zzzz",1623116292624583354,1623116319017927306,215029,301603,904809
39,"cube-659-asc","post",1623116319017940663,1623116319044175129
39,"cube-2666-stl-bin","mesh",1623116319044209634,1623116319057542726
39,"cube-2666-stl-bin","prep",1623116319059358660,1623116319059379180
39,"cube-2666-stl-bin","zzzz",1623116319059382106,1623116351519242058,0,346676,1040028
39,"cube-2666-stl-bin","post",1623116351519249451,1623116351545962094
39,"cube-2591-asc","prep",1623116351545989756,1623116351550393917
39,"cube-2591-asc","zzzz",1623116351550396854,1623116383953897438,22094,346285,1038855
39,"cube-2591-asc","post",1623116383953911171,1623116383990419835
39,"cube-1941-asc","prep",1623116383990464202,1623116384004572328
39,"cube-1941-asc","zzzz",1623116384004575535,1623116997592013832,90092,2804694,8414082
39,"cube-1941-asc","post",1623116997592029224,1623116997851666625
39,"cube-461-stl-bin","mesh",1623116997851704331,1623116997853821719
39,"cube-461-stl-bin","prep",1623116997855039888,1623116997855896380
39,"cube-461-stl-bin","zzzz",1623116997855898773,1623117000353211443,0,60500,181500
39,"cube-461-stl-bin","post",1623117000353222552,1623117000355650463
39,"cube-2878-asc","prep",1623117000355664142,1623117000356296632
39,"cube-2878-asc","zzzz",1623117000356298285,1623117000368677569,760,1407,4221
39,"cube-2878-asc","post",1623117000368687843,1623117000369050981
39,"cube-1928-geo","mesh",1623117000369088017,1623117000369189936
39,"cube-1928-geo","prep",1623117000370536577,1623117000370537319
39,"cube-1928-geo","zzzz",1623117000370538556,1623117000370594640,0,0,0
39,"cube-1928-geo","post",1623117000370595879,1623117000370668376
39,"cube-2227-bin","prep",1623117000370674570,1623117000375415335
39,"cube-2227-bin","zzzz",1623117000375417728,1623117000662656961,8569,13557,40671
39,"cube-2227-bin","post",1623117000662667161,1623117000664197656
39,"cube-3663-bin","prep",1623117000664213606,1623117000666959203
39,"cube-3663-bin","zzzz",1623117000666961593,1623117000824588453,5528,8908,26724
39,"cube-3663-bin","post",1623117000824598494,1623117000825139367
39,"cube-2536-geo","mesh",1623117000825158115,1623117000825195240
39,"cube-2536-geo","prep",1623117000826080263,1623117000826081029
39,"cube-2536-geo","zzzz",1623117000826082305,1623117000826137910,0,0,0
39,"cube-2536-geo","post",1623117000826139275,1623117000826268952
39,"cube-3039-bin","prep",1623117000826275920,1623117001853861461
39,"cube-3039-bin","zzzz",1623117001853869435,1623117360853114179,1377848,1876281,5628843
39,"cube-3039-bin","post",1623117360853127973,1623117360978354173
39,"cube-3428-bin","prep",1623117360978393556,1623117360988307041
39,"cube-3428-bin","zzzz",1623117360988312040,1623117361914564141,20352,30520,91560
39,"cube-3428-bin","post",1623117361914572575,1623117361916572254
39,"cube-675-bin","prep",1623117361916635916,1623117361917149619
39,"cube-675-bin","zzzz",1623117361917151616,1623117361922750077,368,771,2313
39,"cube-675-bin","post",1623117361922764539,1623117361922865846
39,"cube-1212-asc","prep",1623117361922882473,1623117361924749164
39,"cube-1212-asc","zzzz",1623117361924750892,1623117373477553194,12620,172490,517470
39,"cube-1212-asc","post",1623117373477567262,1623117373496156146
39,"cube-1986-bin","prep",1623117373496192800,1623117373496878678
39,"cube-1986-bin","zzzz",1623117373496881169,1623117373512458392,929,1675,5025
39,"cube-1986-bin","post",1623117373512469288,1623117373512624483
39,"cube-2145-geo","mesh",1623117373512677127,1623117373512734162
39,"cube-2145-geo","prep",1623117373513702519,1623117373513703392
39,"cube-2145-geo","zzzz",1623117373513704804,1623117373513760913,0,0,0
39,"cube-2145-geo","post",1623117373513762202,1623117373513847066
39,"cube-2296-bin","prep",1623117373513854112,1623117373623211457
39,"cube-2296-bin","zzzz",1623117373623217587,1623117393356906075,175884,247906,743718
39,"cube-2296-bin","post",1623117393356920074,1623117393375668227
39,"cube-1989-asc","prep",1623117393375730262,1623117393376667912
39,"cube-1989-asc","zzzz",1623117393376670185,1623117393378817699,120,365,1095
39,"cube-1989-asc","post",1623117393378828525,1623117393379009666
39,"cube-3000-bin","prep",1623117393379044493,1623117393379864778
39,"cube-3000-bin","zzzz",1623117393379866683,1623117393403796849,1262,2315,6945
39,"cube-3000-bin","post",1623117393403806947,1623117393404076421
39,"cube-3354-geo","mesh",1623117393404092285,1623117393404151492
39,"cube-3354-geo","prep",1623117393405103855,1623117393405104638
39,"cube-3354-geo","zzzz",1623117393405106101,1623117393405161844,0,0,0
39,"cube-3354-geo","post",1623117393405163096,1623117393405224865
39,"Proc","exit_task",1623113578265258874,1623117393423778953,3805236
