8,"build/tests/sizes/cube-389-geo.geo","scan",1623113600062575891,1623113600065656556
8,"build/tests/sizes/cube-389-geo.geo","chck",1623113600042100836,1623113600065762560
8,"build/tests/sizes/cube-2903-bin.msh4","scan",1623113600068403713,1623113600080821098
8,"build/tests/sizes/cube-2903-bin.msh4","chck",1623113600065764092,1623113600080825173
8,"build/tests/sizes/cube-1960-bin.vtk","scan",1623113600083023883,1623113600087172981
8,"build/tests/sizes/cube-1960-bin.vtk","chck",1623113600080826186,1623113600087176846
8,"build/tests/sizes/cube-1306-bin.msh2","scan",1623113600102738087,1623113600122892331
8,"build/tests/sizes/cube-1306-bin.msh2","chck",1623113600087177992,1623113600122897284
8,"build/tests/sizes/cube-3284-asc.msh2","scan",1623113600123437964,1623113601956326609
8,"build/tests/sizes/cube-3284-asc.msh2","chck",1623113600122898323,1623113601956348752
8,"build/tests/sizes/cube-1301-bin.msh4","scan",1623113601957613131,1623113601963662510
8,"build/tests/sizes/cube-1301-bin.msh4","chck",1623113601956350195,1623113601963668502
8,"build/tests/sizes/cube-3771-geo.geo","scan",1623113601978270946,1623113601979532480
8,"build/tests/sizes/cube-3771-geo.geo","chck",1623113601963669743,1623113601979538223
8,"build/tests/sizes/cube-1686-geo.geo","scan",1623113601980401270,1623113601981494483
8,"build/tests/sizes/cube-1686-geo.geo","chck",1623113601979539489,1623113601981498430
8,"build/tests/sizes/cube-718-asc.bdf","scan",1623113601993329062,1623113603495883886
8,"build/tests/sizes/cube-718-asc.bdf","chck",1623113601981499566,1623113603495904635
8,"build/tests/sizes/cube-1113-stl-bin.geo","scan",1623113603512789388,1623113603592048767
8,"build/tests/sizes/cube-1113-stl-bin.geo","chck",1623113603495906053,1623113603592054770
8,"build/tests/sizes/cube-2583-asc.mesh","scan",1623113603602543469,1623113609423040499
8,"build/tests/sizes/cube-2583-asc.mesh","chck",1623113603592056129,1623113609423065142
8,"build/tests/sizes/cube-1052-stl-bin.geo","scan",1623113609450335342,1623113610488712804
8,"build/tests/sizes/cube-1052-stl-bin.geo","chck",1623113609423066519,1623113610488728906
8,"build/tests/sizes/cube-241-asc.msh2","scan",1623113610492026090,1623113612873485998
8,"build/tests/sizes/cube-241-asc.msh2","chck",1623113610488730510,1623113612873492953
8,"build/tests/sizes/cube-3784-bin.cgns","scan",1623113612904851784,1623113613132519903
8,"build/tests/sizes/cube-3784-bin.cgns","chck",1623113612873494479,1623113613132526244
8,"build/tests/sizes/cube-1084-asc.bdf","scan",1623113613133744919,1623113613147275735
8,"build/tests/sizes/cube-1084-asc.bdf","chck",1623113613132527534,1623113613147281442
8,"build/tests/sizes/cube-3732-bin.vtk","scan",1623113613160542184,1623113613178083950
8,"build/tests/sizes/cube-3732-bin.vtk","chck",1623113613147282632,1623113613178094438
8,"build/tests/sizes/cube-187-bin.cgns","scan",1623113613194618108,1623113613241236732
8,"build/tests/sizes/cube-187-bin.cgns","chck",1623113613178095556,1623113613241247281
8,"build/tests/sizes/cube-2082-geo.geo_unrolled","scan",1623113613242497131,1623113613243861395
8,"build/tests/sizes/cube-2082-geo.geo_unrolled","chck",1623113613241248544,1623113613243866124
8,"build/tests/sizes/cube-1750-geo.geo","scan",1623113613254826919,1623113613256099659
8,"build/tests/sizes/cube-1750-geo.geo","chck",1623113613243867197,1623113613256103844
8,"build/tests/sizes/cube-1891-geo.geo","scan",1623113613256717334,1623113613257955344
8,"build/tests/sizes/cube-1891-geo.geo","chck",1623113613256105061,1623113613257958678
8,"build/tests/sizes/cube-2588-geo.geo","scan",1623113613258511132,1623113613259716822
8,"build/tests/sizes/cube-2588-geo.geo","chck",1623113613257959891,1623113613259720239
8,"build/tests/sizes/cube-1996-geo.geo","scan",1623113613281955606,1623113613286038576
8,"build/tests/sizes/cube-1996-geo.geo","chck",1623113613259721373,1623113613286046554
8,"build/tests/sizes/cube-1061-geo.geo_unrolled","scan",1623113613303035983,1623113613304372552
8,"build/tests/sizes/cube-1061-geo.geo_unrolled","chck",1623113613286048117,1623113613304378460
8,"build/tests/sizes/cube-3923-bin.cgns","scan",1623113613324273224,1623113613362377472
8,"build/tests/sizes/cube-3923-bin.cgns","chck",1623113613304379809,1623113613362389053
8,"build/tests/sizes/cube-2314-geo.geo","scan",1623113613363634963,1623113613365028386
8,"build/tests/sizes/cube-2314-geo.geo","chck",1623113613362390390,1623113613365033128
8,"build/tests/sizes/cube-816-bin.cgns","scan",1623113613378662117,1623113613447563989
8,"build/tests/sizes/cube-816-bin.cgns","chck",1623113613365034342,1623113613447569553
8,"build/tests/sizes/cube-2819-bin.vtk","scan",1623113613477175043,1623113613544501559
8,"build/tests/sizes/cube-2819-bin.vtk","chck",1623113613447570666,1623113613544508614
8,"build/tests/sizes/cube-1699-geo.geo_unrolled","scan",1623113613568147436,1623113613569587708
8,"build/tests/sizes/cube-1699-geo.geo_unrolled","chck",1623113613544510037,1623113613569594446
8,"build/tests/sizes/cube-3075-asc.mesh","scan",1623113613583864363,1623113613614602390
8,"build/tests/sizes/cube-3075-asc.mesh","chck",1623113613569596200,1623113613614608366
8,"build/tests/sizes/cube-2276-bin.cgns","scan",1623113613618036646,1623113613639174813
8,"build/tests/sizes/cube-2276-bin.cgns","chck",1623113613614609959,1623113613639181542
8,"build/tests/sizes/cube-828-bin.msh2","scan",1623113613650257009,1623113613725239771
8,"build/tests/sizes/cube-828-bin.msh2","chck",1623113613639182648,1623113613725245897
8,"build/tests/sizes/cube-298-bin.vtk","scan",1623113613726344064,1623113615757397838
8,"build/tests/sizes/cube-298-bin.vtk","chck",1623113613725247120,1623113615757405507
8,"build/tests/sizes/cube-1394-stl-bin.geo","scan",1623113615772651920,1623113615855782467
8,"build/tests/sizes/cube-1394-stl-bin.geo","chck",1623113615757406836,1623113615855789843
8,"build/tests/sizes/cube-1275-asc.msh2","scan",1623113615857056910,1623113616877692247
8,"build/tests/sizes/cube-1275-asc.msh2","chck",1623113615855791283,1623113616877699836
8,"build/tests/sizes/cube-3098-stl-bin.geo","scan",1623113616894411461,1623113616897373165
8,"build/tests/sizes/cube-3098-stl-bin.geo","chck",1623113616877701188,1623113616897378280
8,"build/tests/sizes/cube-2350-bin.vtk","scan",1623113616915751435,1623113616947065751
8,"build/tests/sizes/cube-2350-bin.vtk","chck",1623113616897379441,1623113616947071463
8,"build/tests/sizes/cube-2501-bin.vtk","scan",1623113616966546837,1623113616984535611
8,"build/tests/sizes/cube-2501-bin.vtk","chck",1623113616947072495,1623113616984541302
8,"build/tests/sizes/cube-1754-stl-bin.geo","scan",1623113616985433330,1623113617152210545
8,"build/tests/sizes/cube-1754-stl-bin.geo","chck",1623113616984542504,1623113617152217498
8,"build/tests/sizes/cube-345-asc.mesh","scan",1623113617171575156,1623113622030847591
8,"build/tests/sizes/cube-345-asc.mesh","chck",1623113617152218752,1623113622030866827
8,"build/tests/sizes/cube-2477-asc.msh2","scan",1623113622031494002,1623113622036232327
8,"build/tests/sizes/cube-2477-asc.msh2","chck",1623113622030868029,1623113622036236974
8,"build/tests/sizes/cube-200-geo.geo_unrolled","scan",1623113622052592628,1623113622054155092
8,"build/tests/sizes/cube-200-geo.geo_unrolled","chck",1623113622036238332,1623113622054159722
8,"build/tests/sizes/cube-584-bin.msh4","scan",1623113622069953584,1623113623496605817
8,"build/tests/sizes/cube-584-bin.msh4","chck",1623113622054160820,1623113623496612351
8,"build/tests/sizes/cube-530-asc.msh2","scan",1623113623514361648,1623113623719003315
8,"build/tests/sizes/cube-530-asc.msh2","chck",1623113623496613671,1623113623719009597
8,"build/tests/sizes/cube-3939-bin.msh2","scan",1623113623734367048,1623113623941771248
8,"build/tests/sizes/cube-3939-bin.msh2","chck",1623113623719010779,1623113623941777180
8,"build/tests/sizes/cube-1281-geo.geo","scan",1623113623959521940,1623113623960684078
8,"build/tests/sizes/cube-1281-geo.geo","chck",1623113623941778410,1623113623960688674
8,"build/tests/sizes/cube-1099-asc.mesh","scan",1623113623976120182,1623113623983130743
8,"build/tests/sizes/cube-1099-asc.mesh","chck",1623113623960689756,1623113623983135535
8,"build/tests/sizes/cube-2944-bin.msh2","scan",1623113623983641284,1623113624157758897
8,"build/tests/sizes/cube-2944-bin.msh2","chck",1623113623983136605,1623113624158070113
8,"build/tests/sizes/cube-3016-asc.bdf","scan",1623113624158613941,1623113624964584838
8,"build/tests/sizes/cube-3016-asc.bdf","chck",1623113624158071672,1623113624964590746
8,"build/tests/sizes/cube-936-asc.mesh","scan",1623113624980365954,1623113631481646409
8,"build/tests/sizes/cube-936-asc.mesh","chck",1623113624964591841,1623113631481652646
8,"build/tests/sizes/cube-580-bin.cgns","scan",1623113631501910655,1623113631582730384
8,"build/tests/sizes/cube-580-bin.cgns","chck",1623113631481654069,1623113631582736744
8,"build/tests/sizes/cube-1335-asc.msh2","scan",1623113631584266992,1623113631618836292
8,"build/tests/sizes/cube-1335-asc.msh2","chck",1623113631582737827,1623113631618849605
8,"build/tests/sizes/cube-1427-bin.cgns","scan",1623113631622950353,1623113631646575081
8,"build/tests/sizes/cube-1427-bin.cgns","chck",1623113631618850901,1623113631646582320
8,"build/tests/sizes/cube-1959-asc.mesh","scan",1623113631647288953,1623113636347093520
8,"build/tests/sizes/cube-1959-asc.mesh","chck",1623113631646583612,1623113636347100151
8,"build/tests/sizes/cube-1417-bin.cgns","scan",1623113636367928130,1623113636438782898
8,"build/tests/sizes/cube-1417-bin.cgns","chck",1623113636347101365,1623113636438790077
8,"build/tests/sizes/cube-3662-asc.msh2","scan",1623113636454815232,1623113636470981989
8,"build/tests/sizes/cube-3662-asc.msh2","chck",1623113636438791248,1623113636470987328
8,"build/tests/sizes/cube-1364-stl-bin.geo","scan",1623113636472029280,1623113636474794350
8,"build/tests/sizes/cube-1364-stl-bin.geo","chck",1623113636470988293,1623113636474798121
8,"build/tests/sizes/cube-3897-geo.geo","scan",1623113636492767407,1623113636494145234
8,"build/tests/sizes/cube-3897-geo.geo","chck",1623113636474799162,1623113636494149583
8,"build/tests/sizes/cube-3665-bin.msh2","scan",1623113636498830690,1623113637306378369
8,"build/tests/sizes/cube-3665-bin.msh2","chck",1623113636494150876,1623113637306385243
8,"build/tests/sizes/cube-3853-stl-bin.geo","scan",1623113637307201193,1623113637439504842
8,"build/tests/sizes/cube-3853-stl-bin.geo","chck",1623113637306386604,1623113637439512211
8,"build/tests/sizes/cube-2469-geo.geo_unrolled","scan",1623113637440383017,1623113637441496930
8,"build/tests/sizes/cube-2469-geo.geo_unrolled","chck",1623113637439513647,1623113637441500862
8,"build/tests/sizes/cube-3846-asc.mesh","scan",1623113637442066881,1623113637485091164
8,"build/tests/sizes/cube-3846-asc.mesh","chck",1623113637441501879,1623113637485097944
8,"build/tests/sizes/cube-3682-asc.msh2","scan",1623113637485736024,1623113637718460009
8,"build/tests/sizes/cube-3682-asc.msh2","chck",1623113637485099369,1623113637718467125
8,"build/tests/sizes/cube-1449-bin.cgns","scan",1623113637740650894,1623113637815394350
8,"build/tests/sizes/cube-1449-bin.cgns","chck",1623113637718468484,1623113637815401576
8,"build/tests/sizes/cube-2607-geo.geo_unrolled","scan",1623113637816141971,1623113637817224177
8,"build/tests/sizes/cube-2607-geo.geo_unrolled","chck",1623113637815402797,1623113637817229402
8,"build/tests/sizes/cube-1455-bin.msh4","scan",1623113637817740450,1623113637819117400
8,"build/tests/sizes/cube-1455-bin.msh4","chck",1623113637817230500,1623113637819121040
8,"build/tests/sizes/cube-2385-asc.msh2","scan",1623113637819630400,1623113637837212382
8,"build/tests/sizes/cube-2385-asc.msh2","chck",1623113637819122170,1623113637837217393
8,"build/tests/sizes/cube-3928-geo.geo","scan",1623113637837771356,1623113637838982135
8,"build/tests/sizes/cube-3928-geo.geo","chck",1623113637837218309,1623113637838986380
8,"build/tests/sizes/cube-344-bin.vtk","scan",1623113637853540920,1623113638091933107
8,"build/tests/sizes/cube-344-bin.vtk","chck",1623113637838987427,1623113638091938661
8,"build/tests/sizes/cube-1074-stl-bin.geo","scan",1623113638111229562,1623113638178266522
8,"build/tests/sizes/cube-1074-stl-bin.geo","chck",1623113638091939748,1623113638178271903
8,"build/tests/sizes/cube-208-bin.msh4","scan",1623113638205756297,1623113638214184431
8,"build/tests/sizes/cube-208-bin.msh4","chck",1623113638178273333,1623113638214190411
8,"build/tests/sizes/cube-587-bin.cgns","scan",1623113638240322608,1623113638275514974
8,"build/tests/sizes/cube-587-bin.cgns","chck",1623113638214191579,1623113638275521666
8,"build/tests/sizes/cube-2816-bin.vtk","scan",1623113638276149980,1623113638548075626
8,"build/tests/sizes/cube-2816-bin.vtk","chck",1623113638275522989,1623113638548082368
8,"build/tests/sizes/cube-2882-asc.bdf","scan",1623113638548745006,1623113638560365158
8,"build/tests/sizes/cube-2882-asc.bdf","chck",1623113638548083804,1623113638560370162
8,"build/tests/sizes/cube-1194-geo.geo_unrolled","scan",1623113638577516860,1623113638578923664
8,"build/tests/sizes/cube-1194-geo.geo_unrolled","chck",1623113638560371271,1623113638578928774
8,"build/tests/sizes/cube-2450-asc.bdf","scan",1623113638585830333,1623113638932912047
8,"build/tests/sizes/cube-2450-asc.bdf","chck",1623113638578929814,1623113638932918068
8,"build/tests/sizes/cube-2460-stl-bin.geo","scan",1623113638933608357,1623113639241628983
8,"build/tests/sizes/cube-2460-stl-bin.geo","chck",1623113638932919412,1623113639241635497
8,"build/tests/sizes/cube-336-asc.msh2","scan",1623113639271535545,1623113639550609129
8,"build/tests/sizes/cube-336-asc.msh2","chck",1623113639241636748,1623113639550615572
8,"build/tests/sizes/cube-3120-geo.geo","scan",1623113639552247904,1623113639553574776
8,"build/tests/sizes/cube-3120-geo.geo","chck",1623113639550616750,1623113639553578934
8,"build/tests/sizes/cube-1653-bin.msh2","scan",1623113639554141103,1623113639559442807
8,"build/tests/sizes/cube-1653-bin.msh2","chck",1623113639553579913,1623113639559446539
8,"build/tests/sizes/cube-2873-asc.msh2","scan",1623113639560082040,1623113639591896263
8,"build/tests/sizes/cube-2873-asc.msh2","chck",1623113639559447550,1623113639591903111
8,"build/tests/sizes/cube-3171-asc.mesh","scan",1623113639592464649,1623113639594562427
8,"build/tests/sizes/cube-3171-asc.mesh","chck",1623113639591904264,1623113639594567346
8,"build/tests/sizes/cube-3772-asc.msh2","scan",1623113639595122217,1623113639597372372
8,"build/tests/sizes/cube-3772-asc.msh2","chck",1623113639594568556,1623113639597376778
8,"build/tests/sizes/cube-1135-asc.msh2","scan",1623113639614114953,1623113639623717916
8,"build/tests/sizes/cube-1135-asc.msh2","chck",1623113639597377970,1623113639623724843
8,"build/tests/sizes/cube-314-bin.msh4","scan",1623113639638967263,1623113639668630102
8,"build/tests/sizes/cube-314-bin.msh4","chck",1623113639623726201,1623113639668636224
8,"build/tests/sizes/cube-2230-bin.cgns","scan",1623113639691156456,1623113639767638913
8,"build/tests/sizes/cube-2230-bin.cgns","chck",1623113639668637566,1623113639767646498
8,"build/tests/sizes/cube-1119-bin.cgns","scan",1623113639785955231,1623113639852623452
8,"build/tests/sizes/cube-1119-bin.cgns","chck",1623113639767647804,1623113639852629710
8,"build/tests/sizes/cube-920-bin.vtk","scan",1623113639872099816,1623113640130205681
8,"build/tests/sizes/cube-920-bin.vtk","chck",1623113639852630822,1623113640130212802
8,"build/tests/sizes/cube-3193-bin.vtk","scan",1623113640151273198,1623113641223343439
8,"build/tests/sizes/cube-3193-bin.vtk","chck",1623113640130214240,1623113641223349940
8,"build/tests/sizes/cube-3475-bin.cgns","scan",1623113641227571079,1623113641246639025
8,"build/tests/sizes/cube-3475-bin.cgns","chck",1623113641223351389,1623113641246644468
8,"build/tests/sizes/cube-73-bin.cgns","scan",1623113641265862622,1623113641365629035
8,"build/tests/sizes/cube-73-bin.cgns","chck",1623113641246645539,1623113641365636392
8,"build/tests/sizes/cube-2550-asc.msh2","scan",1623113641381408369,1623113641447716264
8,"build/tests/sizes/cube-2550-asc.msh2","chck",1623113641365637844,1623113641447722248
8,"build/tests/sizes/cube-2736-bin.msh4","scan",1623113641448367553,1623113641449770955
8,"build/tests/sizes/cube-2736-bin.msh4","chck",1623113641447723485,1623113641449774575
8,"build/tests/sizes/cube-3310-asc.bdf","scan",1623113641450308391,1623113641452834113
8,"build/tests/sizes/cube-3310-asc.bdf","chck",1623113641449775779,1623113641452837430
8,"build/tests/sizes/cube-663-bin.vtk","scan",1623113641470865723,1623113641512917597
8,"build/tests/sizes/cube-663-bin.vtk","chck",1623113641452982805,1623113641512923845
8,"build/tests/sizes/cube-3684-bin.vtk","scan",1623113641523076458,1623113641532066616
8,"build/tests/sizes/cube-3684-bin.vtk","chck",1623113641512925205,1623113641532070105
8,"build/tests/sizes/cube-3956-geo.geo","scan",1623113641543689250,1623113641545037244
8,"build/tests/sizes/cube-3956-geo.geo","chck",1623113641532071192,1623113641545041245
8,"build/tests/sizes/cube-777-bin.msh2","scan",1623113641546057984,1623113641565233171
8,"build/tests/sizes/cube-777-bin.msh2","chck",1623113641545042225,1623113641565236680
8,"build/tests/sizes/cube-1595-asc.bdf","scan",1623113641586998045,1623113641609170502
8,"build/tests/sizes/cube-1595-asc.bdf","chck",1623113641565237662,1623113641609176022
8,"build/tests/sizes/cube-3740-bin.vtk","scan",1623113641609703888,1623113641619145834
8,"build/tests/sizes/cube-3740-bin.vtk","chck",1623113641609177476,1623113641619150345
8,"build/tests/sizes/cube-2484-asc.bdf","scan",1623113641619660192,1623113641679411491
8,"build/tests/sizes/cube-2484-asc.bdf","chck",1623113641619151541,1623113641679416113
8,"build/tests/sizes/cube-1564-asc.msh2","scan",1623113641759033811,1623113647018989665
8,"build/tests/sizes/cube-1564-asc.msh2","chck",1623113641679417275,1623113647018995805
8,"build/tests/sizes/cube-2090-bin.msh4","scan",1623113647042105208,1623113647060605911
8,"build/tests/sizes/cube-2090-bin.msh4","chck",1623113647018997286,1623113647060611316
8,"build/tests/sizes/cube-295-bin.msh4","scan",1623113647073166500,1623113647080883198
8,"build/tests/sizes/cube-295-bin.msh4","chck",1623113647060612491,1623113647080887123
8,"build/tests/sizes/cube-3990-bin.msh2","scan",1623113647081384743,1623113647384878892
8,"build/tests/sizes/cube-3990-bin.msh2","chck",1623113647080888166,1623113647384885610
8,"build/tests/sizes/cube-3059-geo.geo","scan",1623113647386520858,1623113647388239560
8,"build/tests/sizes/cube-3059-geo.geo","chck",1623113647384886858,1623113647388243362
8,"build/tests/sizes/cube-1504-bin.cgns","scan",1623113647395373892,1623113647416090464
8,"build/tests/sizes/cube-1504-bin.cgns","chck",1623113647388244373,1623113647416095023
8,"build/tests/sizes/cube-311-bin.msh4","scan",1623113647435917746,1623113647475338803
8,"build/tests/sizes/cube-311-bin.msh4","chck",1623113647416096301,1623113647475344994
8,"build/tests/sizes/cube-3130-asc.msh2","scan",1623113647476814960,1623113652614951702
8,"build/tests/sizes/cube-3130-asc.msh2","chck",1623113647475346377,1623113652614957775
8,"build/tests/sizes/cube-1649-asc.mesh","scan",1623113652629436882,1623113653734887539
8,"build/tests/sizes/cube-1649-asc.mesh","chck",1623113652614959045,1623113653734894909
8,"build/tests/sizes/cube-1934-bin.msh2","scan",1623113653752811023,1623113653761169759
8,"build/tests/sizes/cube-1934-bin.msh2","chck",1623113653734896219,1623113653761174910
8,"build/tests/sizes/cube-246-geo.geo_unrolled","scan",1623113653781280859,1623113653782455624
8,"build/tests/sizes/cube-246-geo.geo_unrolled","chck",1623113653761176170,1623113653782461409
8,"build/tests/sizes/cube-464-bin.vtk","scan",1623113653789649575,1623113653836505700
8,"build/tests/sizes/cube-464-bin.vtk","chck",1623113653782462659,1623113653836513310
8,"build/tests/sizes/cube-2941-bin.cgns","scan",1623113653842139030,1623113653862952976
8,"build/tests/sizes/cube-2941-bin.cgns","chck",1623113653836514570,1623113653862958955
8,"build/tests/sizes/cube-2653-geo.geo_unrolled","scan",1623113653863785084,1623113653864963427
8,"build/tests/sizes/cube-2653-geo.geo_unrolled","chck",1623113653862960189,1623113653864967700
8,"build/tests/sizes/cube-1826-bin.msh2","scan",1623113653866067976,1623113653868335943
8,"build/tests/sizes/cube-1826-bin.msh2","chck",1623113653864969465,1623113653868339732
8,"cube-1826-bin","prep",1623113653869599658,1623113653869848815
8,"cube-1826-bin","zzzz",1623113653869852668,1623113653872721688,210,465,1395
8,"cube-1826-bin","post",1623113653872723035,1623113653872809645
8,"cube-2653-geo","mesh",1623113653872836030,1623113653878719992
8,"cube-2653-geo","prep",1623113653879606299,1623113653879691827
8,"cube-2653-geo","zzzz",1623113653879693449,1623113653881250871,126,291,873
8,"cube-2653-geo","post",1623113653881252113,1623113653881340380
8,"cube-1335-asc","prep",1623113653881368355,1623113653883201186
8,"cube-1335-asc","zzzz",1623113653883203065,1623113654000286385,4424,7238,21714
8,"cube-1335-asc","post",1623113654000289494,1623113654000688192
8,"cube-344-bin","prep",1623113654000739503,1623113654075943307
8,"cube-344-bin","zzzz",1623113654075951702,1623113665002863567,117032,166080,498240
8,"cube-344-bin","post",1623113665002878520,1623113665012875346
8,"cube-936-asc","prep",1623113665012909988,1623113665026107270
8,"cube-936-asc","zzzz",1623113665026110030,1623114215236576877,88902,2584475,7753425
8,"cube-936-asc","post",1623114215236593408,1623114215401057877
8,"cube-3016-asc","prep",1623114215401098257,1623114215460265028
8,"cube-3016-asc","zzzz",1623114215460270980,1623114224660916209,103547,147780,443340
8,"cube-3016-asc","post",1623114224660929711,1623114224670368091
8,"cube-2090-bin","prep",1623114224670403879,1623114224671274631
8,"cube-2090-bin","zzzz",1623114224671278508,1623114224694895707,1251,2292,6876
8,"cube-2090-bin","post",1623114224694905985,1623114224695314576
8,"cube-2469-geo","mesh",1623114224695451759,1623114228783993250
8,"cube-2469-geo","prep",1623114228846429608,1623114229019455080
8,"cube-2469-geo","zzzz",1623114229019461762,1623114266687721949,273629,383121,1149363
8,"cube-2469-geo","post",1623114266687732109,1623114266747218680
8,"cube-2944-bin","prep",1623114266747263659,1623114266768960068
8,"cube-2944-bin","zzzz",1623114266768966309,1623114269165102986,39789,58853,176559
8,"cube-2944-bin","post",1623114269165112543,1623114269168923683
8,"cube-1099-asc","prep",1623114269168961709,1623114269169069564
8,"cube-1099-asc","zzzz",1623114269169070964,1623114269171004199,120,338,1014
8,"cube-1099-asc","post",1623114269171020083,1623114269171084295
8,"cube-2450-asc","prep",1623114269171097345,1623114269191834782
8,"cube-2450-asc","zzzz",1623114269191837246,1623114271856188208,42979,63255,189765
8,"cube-2450-asc","post",1623114271856197781,1623114271860030961
8,"cube-2477-asc","prep",1623114271860069710,1623114271860270258
8,"cube-2477-asc","zzzz",1623114271860271871,1623114271863517856,242,507,1521
8,"cube-2477-asc","post",1623114271863523177,1623114271863598825
8,"cube-3956-geo","mesh",1623114271863612882,1623114273279809191
8,"cube-3956-geo","prep",1623114273280781532,1623114273373191091
8,"cube-3956-geo","zzzz",1623114273373197276,1623114281787517489,97127,139026,417078
8,"cube-3956-geo","post",1623114281787527551,1623114281805229154
8,"cube-584-bin","prep",1623114281805282075,1623114283135933047
8,"cube-584-bin","zzzz",1623114283135940513,1623114765891936321,1723280,2343014,7029042
8,"cube-584-bin","post",1623114765891960422,1623114766034785117
8,"cube-1754-stl-bin","mesh",1623114766035364658,1623114767624022059
8,"cube-1754-stl-bin","prep",1623114767624981971,1623114767745819375
8,"cube-1754-stl-bin","zzzz",1623114767745826538,1623114783424986845,130043,212130,636390
8,"cube-1754-stl-bin","post",1623114783425000597,1623114783451974283
8,"cube-1306-bin","prep",1623114783452013905,1623114783454325785
8,"cube-1306-bin","zzzz",1623114783454328853,1623114783472308333,1033,1866,5598
8,"cube-1306-bin","post",1623114783472318738,1623114783472781185
8,"cube-1960-bin","prep",1623114783472960342,1623114783473450881
8,"cube-1960-bin","zzzz",1623114783473452503,1623114783489992409,991,1752,5256
8,"cube-1960-bin","post",1623114783490002854,1623114783490352725
8,"cube-336-asc","prep",1623114783490457507,1623114783508619120
8,"cube-336-asc","zzzz",1623114783508622341,1623114785382614744,33580,49678,149034
8,"cube-336-asc","post",1623114785382629335,1623114785389871006
8,"cube-2484-asc","prep",1623114785389898606,1623114785395386668
8,"cube-2484-asc","zzzz",1623114785395389509,1623114785680119217,8479,13457,40371
8,"cube-2484-asc","post",1623114785680129933,1623114785681241830
8,"cube-3732-bin","prep",1623114785681801425,1623114785682697514
8,"cube-3732-bin","zzzz",1623114785682699413,1623114785707316541,1308,2365,7095
8,"cube-3732-bin","post",1623114785707326606,1623114785707747428
8,"cube-1934-bin","prep",1623114785707946064,1623114785708212268
8,"cube-1934-bin","zzzz",1623114785708213910,1623114785715552819,463,946,2838
8,"cube-1934-bin","post",1623114785715563046,1623114785715743701
8,"cube-2607-geo","mesh",1623114785715779469,1623114804313466371
8,"cube-2607-geo","prep",1623114804802690243,1623114805704746595
8,"cube-2607-geo","zzzz",1623114805704751620,1623115103002081814,1193272,1628816,4886448
8,"cube-2607-geo","post",1623115103002098036,1623115103287953113
8,"cube-3171-asc","prep",1623115103288004695,1623115103295116515
8,"cube-3171-asc","zzzz",1623115103295119210,1623115103300311307,240,726,2178
8,"cube-3171-asc","post",1623115103300321698,1623115103300556010
8,"cube-1504-bin.cgns","prep",1623115103300593590,1623115103302585311
8,"cube-1504-bin.cgns","zzzz",1623115103302592465,1623115103310239679,489,976,2928
8,"cube-1504-bin.cgns","post",1623115103310249900,1623115103310586160
8,"cube-3772-asc","prep",1623115103310607539,1623115103310740771
8,"cube-3772-asc","zzzz",1623115103310742052,1623115103312876842,176,363,1089
8,"cube-3772-asc","post",1623115103312887101,1623115103313022123
8,"cube-2550-asc","prep",1623115103313055762,1623115103316631836
8,"cube-2550-asc","zzzz",1623115103316633866,1623115103504575512,6287,10079,30237
8,"cube-2550-asc","post",1623115103504585697,1623115103505670253
8,"cube-3193-bin","prep",1623115103505686171,1623115103923670283
8,"cube-3193-bin","zzzz",1623115103923676969,1623115224652830170,605727,832506,2497518
8,"cube-3193-bin","post",1623115224652871942,1623115224707125193
8,"cube-1649-asc","prep",1623115224707162955,1623115224710696961
8,"cube-1649-asc","zzzz",1623115224710699809,1623115267672139917,26080,418436,1255308
8,"cube-1649-asc","post",1623115267672154302,1623115267734642117
8,"cube-663-bin","prep",1623115267734682752,1623115267752900170
8,"cube-663-bin","zzzz",1623115267752904282,1623115268320746816,14171,21772,65316
8,"cube-663-bin","post",1623115268320757361,1623115268322787292
8,"cube-3939-bin","prep",1623115268322811360,1623115268348515973
8,"cube-3939-bin","zzzz",1623115268348518740,1623115270804271239,40526,59876,179628
8,"cube-3939-bin","post",1623115270804287368,1623115270807529140
8,"cube-2230-bin.cgns","prep",1623115270807556581,1623115270834288612
8,"cube-2230-bin.cgns","zzzz",1623115270834291769,1623115270976103688,5119,8278,24834
8,"cube-2230-bin.cgns","post",1623115270976113981,1623115270976177384
8,"cube-2460-stl-bin","mesh",1623115270976245925,1623115277835007604
8,"cube-2460-stl-bin","prep",1623115278040087219,1623115278378176758
8,"cube-2460-stl-bin","zzzz",1623115278378185143,1623115377826723275,480760,732187,2196561
8,"cube-2460-stl-bin","post",1623115377826742115,1623115377974035527
8,"cube-1061-geo","mesh",1623115377974076360,1623115379910082063
8,"cube-1061-geo","prep",1623115379911196736,1623115380127547044
8,"cube-1061-geo","zzzz",1623115380127553542,1623115391110340090,117470,166675,500025
8,"cube-1061-geo","post",1623115391110354071,1623115391179526296
8,"cube-3682-asc","prep",1623115391184065444,1623115391219363675
8,"cube-3682-asc","zzzz",1623115391219368161,1623115393125113670,34041,50292,150876
8,"cube-3682-asc","post",1623115393125124671,1623115393129589325
8,"cube-3846-asc","prep",1623115393129623161,1623115393140432790
8,"cube-3846-asc","zzzz",1623115393140434514,1623115393701070607,3096,21585,64755
8,"cube-3846-asc","post",1623115393701081212,1623115393703701066
8,"cube-3684-bin","prep",1623115393703725469,1623115393705087577
8,"cube-3684-bin","zzzz",1623115393705089437,1623115393720129257,906,1632,4896
8,"cube-3684-bin","post",1623115393720134206,1623115393720243824
8,"cube-2350-bin","prep",1623115393720285654,1623115393722701959
8,"cube-2350-bin","zzzz",1623115393722704223,1623115393821234069,3858,6412,19236
8,"cube-2350-bin","post",1623115393821244428,1623115393822236819
8,"cube-3059-geo","mesh",1623115393822258098,1623115393830615982
8,"cube-3059-geo","prep",1623115393831644835,1623115393831814277
8,"cube-3059-geo","zzzz",1623115393831816020,1623115393835029673,238,501,1503
8,"cube-3059-geo","post",1623115393835039897,1623115393835368958
8,"cube-208-bin","prep",1623115393835405889,1623115393836132744
8,"cube-208-bin","zzzz",1623115393836134448,1623115393843441482,460,943,2829
8,"cube-208-bin","post",1623115393843451841,1623115393843727398
8,"cube-920-bin","prep",1623115393843740470,1623115393922516664
8,"cube-920-bin","zzzz",1623115393922524372,1623115407322540799,134614,190758,572274
8,"cube-920-bin","post",1623115407322556059,1623115407335177020
8,"cube-1595-asc","prep",1623115407335213292,1623115407335421366
8,"cube-1595-asc","zzzz",1623115407335422590,1623115407338332459,209,464,1392
8,"cube-1595-asc","post",1623115407338342965,1623115407338484112
8,"cube-187-bin.cgns","prep",1623115407338518743,1623115407339266156
8,"cube-187-bin.cgns","zzzz",1623115407339268572,1623115407341398667,176,363,1089
8,"cube-187-bin.cgns","post",1623115407341409010,1623115407341497346
8,"cube-3928-geo","mesh",1623115407341546513,1623115420322167979
8,"cube-3928-geo","prep",1623115420323207014,1623115421187304824
8,"cube-3928-geo","zzzz",1623115421187310659,1623115605156374122,829700,1136411,3409233
8,"cube-3928-geo","post",1623115605156390612,1623115605419050185
8,"cube-1959-asc","prep",1623115605419113598,1623115605448967677
8,"cube-1959-asc","zzzz",1623115605448970724,1623115997314035022,75224,2003693,6011079
8,"cube-1959-asc","post",1623115997314051712,1623115997510326828
8,"cube-3098-stl-bin","mesh",1623115997510366002,1623115997533933337
8,"cube-3098-stl-bin","prep",1623115997534949415,1623115997535232603
8,"cube-3098-stl-bin","zzzz",1623115997535235547,1623115997541812957,263,870,2610
8,"cube-3098-stl-bin","post",1623115997541823451,1623115997542021228
8,"cube-580-bin.cgns","prep",1623115997542055259,1623115997562665171
8,"cube-580-bin.cgns","zzzz",1623115997562668300,1623115997706762072,5190,8367,25101
8,"cube-580-bin.cgns","post",1623115997706767043,1623115997706806500
8,"cube-2276-bin.cgns","prep",1623115997706830537,1623115997710416455
8,"cube-2276-bin.cgns","zzzz",1623115997710419457,1623116000134419990,40250,59340,178020
8,"cube-2276-bin.cgns","post",1623116000134430641,1623116000134479337
8,"cube-2314-geo","mesh",1623116000134534248,1623116000140818272
8,"cube-2314-geo","prep",1623116000141725413,1623116000141896222
8,"cube-2314-geo","zzzz",1623116000141898033,1623116000143611742,134,305,915
8,"cube-2314-geo","post",1623116000143622078,1623116000143792851
8,"cube-73-bin.cgns","prep",1623116000143807343,1623116000163844084
8,"cube-73-bin.cgns","zzzz",1623116000163847331,1623116000268794665,4080,6706,20118
8,"cube-73-bin.cgns","post",1623116000268799593,1623116000268828187
8,"cube-3284-asc","prep",1623116000268858383,1623116000461623879
8,"cube-3284-asc","zzzz",1623116000461630226,1623116041068759987,287508,402918,1208754
8,"cube-3284-asc","post",1623116041068774033,1623116041123063386
8,"cube-345-asc","prep",1623116041123108468,1623116041145527319
8,"cube-345-asc","zzzz",1623116041145530848,1623116392090444588,70374,1844627,5533881
8,"cube-345-asc","post",1623116392090459296,1623116392280911204
8,"cube-777-bin","prep",1623116392280949798,1623116392287002965
8,"cube-777-bin","zzzz",1623116392287007082,1623116392435848694,5314,8560,25680
8,"cube-777-bin","post",1623116392435853733,1623116392436760622
8,"cube-816-bin.cgns","prep",1623116392436780359,1623116392460234894
8,"cube-816-bin.cgns","zzzz",1623116392460238310,1623116392746633480,8516,13516,40548
8,"cube-816-bin.cgns","post",1623116392746643858,1623116392746705525
8,"cube-1455-bin","prep",1623116392746760707,1623116392747239389
8,"cube-1455-bin","zzzz",1623116392747240872,1623116392752897363,372,775,2325
8,"cube-1455-bin","post",1623116392752907578,1623116392753039137
8,"cube-587-bin.cgns","prep",1623116392753053119,1623116392753449413
8,"cube-587-bin.cgns","zzzz",1623116392753451873,1623116392756372389,210,465,1395
8,"cube-587-bin.cgns","post",1623116392756382613,1623116392756431094
8,"cube-311-bin","prep",1623116392756818242,1623116392768930774
8,"cube-311-bin","zzzz",1623116392768933313,1623116393503309323,17079,26025,78075
8,"cube-311-bin","post",1623116393503319674,1623116393508922494
8,"cube-2501-bin","prep",1623116393508953595,1623116393511120730
8,"cube-2501-bin","zzzz",1623116393511123179,1623116393540184344,1481,2688,8064
8,"cube-2501-bin","post",1623116393540194766,1623116393540681246
8,"cube-2941-bin.cgns","prep",1623116393540730367,1623116393541158300
8,"cube-2941-bin.cgns","zzzz",1623116393541160723,1623116393542899880,139,318,954
8,"cube-2941-bin.cgns","post",1623116393542901360,1623116393542921978
8,"cube-1119-bin.cgns","prep",1623116393542941616,1623116393564401253
8,"cube-1119-bin.cgns","zzzz",1623116393564404143,1623116393710045667,5218,8429,25287
8,"cube-1119-bin.cgns","post",1623116393710055998,1623116393710103916
8,"cube-2583-asc","prep",1623116393710152943,1623116393724812439
8,"cube-2583-asc","zzzz",1623116393724814531,1623116841139019015,80186,2213154,6639462
8,"cube-2583-asc","post",1623116841139033475,1623116841375354632
8,"cube-241-asc","prep",1623116841375398048,1623116841611305530
8,"cube-241-asc","zzzz",1623116841611313924,1623116893789405920,342402,476548,1429644
8,"cube-241-asc","post",1623116893789416064,1623116893848337396
8,"cube-3475-bin.cgns","prep",1623116893848377139,1623116893899011254
8,"cube-3475-bin.cgns","zzzz",1623116893899018778,1623116929893929387,265569,371610,1114830
8,"cube-3475-bin.cgns","post",1623116929893937656,1623116929893978445
8,"cube-3923-bin.cgns","prep",1623116929894021137,1623116929895490618
8,"cube-3923-bin.cgns","zzzz",1623116929895494066,1623116929898427387,214,469,1407
8,"cube-3923-bin.cgns","post",1623116929898432321,1623116929898461172
8,"cube-295-bin","prep",1623116929898487613,1623116929898751896
8,"cube-295-bin","zzzz",1623116929898753327,1623116929903530216,330,683,2049
8,"cube-295-bin","post",1623116929903535143,1623116929903684654
8,"cube-3784-bin.cgns","prep",1623116929903698447,1623116930056877806
8,"cube-3784-bin.cgns","zzzz",1623116930056885286,1623116947739291428,162795,230192,690576
8,"cube-3784-bin.cgns","post",1623116947739320070,1623116947739362910
8,"cube-246-geo","mesh",1623116947739410132,1623116965260607481
8,"cube-246-geo","prep",1623116966012117073,1623116966890491101
8,"cube-246-geo","zzzz",1623116966890496123,1623117230312835878,1089589,1487534,4462602
8,"cube-246-geo","post",1623117230312854402,1623117230686918512
8,"cube-718-asc","prep",1623117230686959233,1623117230820145822
8,"cube-718-asc","zzzz",1623117230820152280,1623117248881119822,165486,233511,700533
8,"cube-718-asc","post",1623117248881127659,1623117248913874327
8,"cube-3990-bin","prep",1623117248913912993,1623117248983973556
8,"cube-3990-bin","zzzz",1623117248983978038,1623117253732444871,64820,94098,282294
8,"cube-3990-bin","post",1623117253732460454,1623117253754492759
8,"cube-2736-bin","prep",1623117253754534249,1623117253772791402
8,"cube-2736-bin","zzzz",1623117253772794492,1623117253784242787,707,1326,3978
8,"cube-2736-bin","post",1623117253784253246,1623117253784651501
8,"cube-314-bin","prep",1623117253784688914,1623117253793192216
8,"cube-314-bin","zzzz",1623117253793194639,1623117254034083138,7499,11977,35931
8,"cube-314-bin","post",1623117254034088077,1623117254034827744
8,"cube-3120-geo","mesh",1623117254034924507,1623117254047030794
8,"cube-3120-geo","prep",1623117254048128731,1623117254048427768
8,"cube-3120-geo","zzzz",1623117254048429877,1623117254051756067,248,515,1545
8,"cube-3120-geo","post",1623117254051766316,1623117254052135090
8,"cube-3310-asc","prep",1623117254052170892,1623117254052524474
8,"cube-3310-asc","zzzz",1623117254052525756,1623117254055828138,247,512,1536
8,"cube-3310-asc","post",1623117254055852180,1623117254055989142
8,"cube-3740-bin","prep",1623117254056019992,1623117254059641149
8,"cube-3740-bin","zzzz",1623117254059643322,1623117254283368980,7160,11381,34143
8,"cube-3740-bin","post",1623117254283379289,1623117254284287870
8,"cube-2385-asc","prep",1623117254284302249,1623117254285632580
8,"cube-2385-asc","zzzz",1623117254285634701,1623117254341173667,2495,4288,12864
8,"cube-2385-asc","post",1623117254341184014,1623117254341902379
8,"cube-1084-asc","prep",1623117254341925012,1623117254343103878
8,"cube-1084-asc","zzzz",1623117254343106106,1623117254376046450,1628,2945,8835
8,"cube-1084-asc","post",1623117254376056748,1623117254376895350
8,"cube-1653-bin","prep",1623117254377098036,1623117254378048598
8,"cube-1653-bin","zzzz",1623117254378050830,1623117254403080393,1333,2394,7182
8,"cube-1653-bin","post",1623117254403091592,1623117254403615343
8,"cube-1891-geo","mesh",1623117254403651710,1623117254414768846
8,"cube-1891-geo","prep",1623117254415820871,1623117254416268742
8,"cube-1891-geo","zzzz",1623117254416270910,1623117254421650180,365,746,2238
8,"cube-1891-geo","post",1623117254421660404,1623117254421924631
8,"cube-1074-stl-bin","mesh",1623117254421940766,1623117254792668316
8,"cube-1074-stl-bin","prep",1623117254793783074,1623117254829665770
8,"cube-1074-stl-bin","zzzz",1623117254829672520,1623117256371393835,23678,43425,130275
8,"cube-1074-stl-bin","post",1623117256371408017,1623117256378134857
8,"cube-3853-stl-bin","mesh",1623117256378163173,1623117258643532750
8,"cube-3853-stl-bin","prep",1623117258644655061,1623117258869502032
8,"cube-3853-stl-bin","zzzz",1623117258869509081,1623117278369413817,152014,245907,737721
8,"cube-3853-stl-bin","post",1623117278369427639,1623117278463242679
8,"cube-1417-bin.cgns","prep",1623117278463279639,1623117278518393926
8,"cube-1417-bin.cgns","zzzz",1623117278518398201,1623117278542824981,1288,2351,7053
8,"cube-1417-bin.cgns","post",1623117278542835231,1623117278542909706
8,"cube-3897-geo","mesh",1623117278542961345,1623117278584710079
8,"cube-3897-geo","prep",1623117278585795511,1623117278586266104
8,"cube-3897-geo","zzzz",1623117278586268157,1623117278591880364,367,770,2310
8,"cube-3897-geo","post",1623117278591885168,1623117278592059161
8,"cube-1364-stl-bin","mesh",1623117278592073921,1623117278595418625
8,"cube-1364-stl-bin","prep",1623117278596391743,1623117278596594527
8,"cube-1364-stl-bin","zzzz",1623117278596596515,1623117278600634399,169,598,1794
8,"cube-1364-stl-bin","post",1623117278600644653,1623117278600721045
8,"cube-464-bin","prep",1623117278600732930,1623117278611461999
8,"cube-464-bin","zzzz",1623117278611464271,1623117279496509227,19831,29622,88866
8,"cube-464-bin","post",1623117279496519535,1623117279498251543
8,"cube-2819-bin","prep",1623117279498272198,1623117279499296340
8,"cube-2819-bin","zzzz",1623117279499298440,1623117279531512977,1595,2896,8688
8,"cube-2819-bin","post",1623117279531523733,1623117279531971100
8,"cube-1427-bin.cgns","prep",1623117279532367102,1623117279803548947
8,"cube-1427-bin.cgns","zzzz",1623117279803558179,1623117361096464832,463499,640469,1921407
8,"cube-1427-bin.cgns","post",1623117361096481464,1623117361096544889
8,"cube-200-geo","mesh",1623117361096606756,1623117363497668865
8,"cube-200-geo","prep",1623117363498779554,1623117363715027851
8,"cube-200-geo","zzzz",1623117363715034340,1623117377020409269,133934,189867,569601
8,"cube-200-geo","post",1623117377020424559,1623117377103645597
8,"cube-1281-geo","mesh",1623117377103726553,1623117377172436751
8,"cube-1281-geo","prep",1623117377173526945,1623117377174036553
8,"cube-1281-geo","zzzz",1623117377174039269,1623117377191488367,999,1824,5472
8,"cube-1281-geo","post",1623117377191498791,1623117377192162693
8,"cube-1449-bin.cgns","prep",1623117377192214172,1623117377248485280
8,"cube-1449-bin.cgns","zzzz",1623117377248491133,1623117390164864146,131250,186085,558255
8,"cube-1449-bin.cgns","post",1623117390164879402,1623117390164943365
8,"cube-1750-geo","mesh",1623117390165003733,1623117392406368124
8,"cube-1750-geo","prep",1623117392407518191,1623117392614873002
8,"cube-1750-geo","zzzz",1623117392614879025,1623117404925433041,126970,180114,540342
8,"cube-1750-geo","post",1623117404925447239,1623117405005954403
8,"cube-1135-asc","prep",1623117405006039755,1623117405015397913
8,"cube-1135-asc","zzzz",1623117405015401122,1623117405020296640,337,694,2082
8,"cube-1135-asc","post",1623117405020832229,1623117405021034939
8,"cube-1301-bin","prep",1623117405021050618,1623117405032958631
8,"cube-1301-bin","zzzz",1623117405032961031,1623117405190103446,5521,8906,26718
8,"cube-1301-bin","post",1623117405190107707,1623117405191281382
8,"cube-3665-bin","prep",1623117405191297893,1623117405323634489
8,"cube-3665-bin","zzzz",1623117405323641282,1623117427651694203,191589,269474,808422
8,"cube-3665-bin","post",1623117427651711308,1623117427673938166
8,"cube-1686-geo","mesh",1623117427673987366,1623117427723062649
8,"cube-1686-geo","prep",1623117427724162492,1623117427725445848
8,"cube-1686-geo","zzzz",1623117427725448345,1623117427747583882,1212,2183,6549
8,"cube-1686-geo","post",1623117427747594486,1623117427748150026
8,"cube-3771-geo","mesh",1623117427748334485,1623117430801792624
8,"cube-3771-geo","prep",1623117430802892824,1623117431086352748
8,"cube-3771-geo","zzzz",1623117431086360248,1623117449623112334,167890,237642,712926
8,"cube-3771-geo","post",1623117449623128456,1623117449749621738
8,"cube-2588-geo","mesh",1623117449749675924,1623117464315837151
8,"cube-2588-geo","prep",1623117464316910977,1623117465331844681
8,"cube-2588-geo","zzzz",1623117465331850601,1623117644990021966,814672,1116384,3349152
8,"cube-2588-geo","post",1623117644990077364,1623117645349503206
8,"cube-3130-asc","prep",1623117645349687581,1623117645978898389
8,"cube-3130-asc","zzzz",1623117645978905386,1623117815296696161,778748,1067839,3203517
8,"cube-3130-asc","post",1623117815296713179,1623117815432927671
8,"cube-3662-asc","prep",1623117815432963507,1623117815450317289
8,"cube-3662-asc","zzzz",1623117815450322383,1623117815455229850,340,695,2085
8,"cube-3662-asc","post",1623117815455240411,1623117815455436536
8,"cube-389-geo","mesh",1623117815455522557,1623117823732709446
8,"cube-389-geo","prep",1623117823733772066,1623117824410085093
8,"cube-389-geo","zzzz",1623117824410091694,1623117909616547329,477814,660800,1982400
8,"cube-389-geo","post",1623117909616563608,1623117909861021038
8,"cube-1564-asc","prep",1623117909861108787,1623117910502296276
8,"cube-1564-asc","zzzz",1623117910502303719,1623118092252676620,821540,1126114,3378342
8,"cube-1564-asc","post",1623118092252692926,1623118092382943200
8,"cube-1394-stl-bin","mesh",1623118092382978398,1623118093416705288
8,"cube-1394-stl-bin","prep",1623118093417802942,1623118093508653323
8,"cube-1394-stl-bin","zzzz",1623118093508660445,1623118100638435735,72163,124228,372684
8,"cube-1394-stl-bin","post",1623118100638452271,1623118100679892451
8,"cube-2816-bin","prep",1623118100679927908,1623118100807406650
8,"cube-2816-bin","zzzz",1623118100807413435,1623118120383574674,174958,246579,739737
8,"cube-2816-bin","post",1623118120383590910,1623118120401441685
8,"cube-1996-geo","mesh",1623118120401479588,1623118120426208392
8,"cube-1996-geo","prep",1623118120427293612,1623118120427564588
8,"cube-1996-geo","zzzz",1623118120427566981,1623118120430527491,215,470,1410
8,"cube-1996-geo","post",1623118120430537879,1623118120430798727
8,"cube-2082-geo","mesh",1623118120430832411,1623118120438527457
8,"cube-2082-geo","prep",1623118120439479090,1623118120439643712
8,"cube-2082-geo","zzzz",1623118120439645659,1623118120441456888,140,319,957
8,"cube-2082-geo","post",1623118120441467122,1623118120441601746
8,"cube-1052-stl-bin","mesh",1623118120441615734,1623118147728456585
8,"cube-1052-stl-bin","prep",1623118147729580390,1623118149968342389
8,"cube-1052-stl-bin","zzzz",1623118149968350872,1623118766442860509,1938551,2814592,8443776
8,"cube-1052-stl-bin","post",1623118766442877048,1623118767007082118
8,"cube-530-asc","prep",1623118767007124030,1623118767032502137
8,"cube-530-asc","zzzz",1623118767032507384,1623118768011967852,21164,31774,95322
8,"cube-530-asc","post",1623118768011982993,1623118768013960973
8,"cube-1275-asc","prep",1623118768013999000,1623118768117899704
8,"cube-1275-asc","zzzz",1623118768117907776,1623118782290250122,139989,198162,594486
8,"cube-1275-asc","post",1623118782290265824,1623118782307124351
8,"cube-2882-asc","prep",1623118782307169929,1623118782317595103
8,"cube-2882-asc","zzzz",1623118782317601855,1623118782346448506,1468,2665,7995
8,"cube-2882-asc","post",1623118782346459078,1623118782346896805
8,"cube-1113-stl-bin","mesh",1623118782347061006,1623118782414067623
8,"cube-1113-stl-bin","prep",1623118782415245398,1623118782418873466
8,"cube-1113-stl-bin","zzzz",1623118782418876660,1623118782603525285,4411,9949,29847
8,"cube-1113-stl-bin","post",1623118782603535669,1623118782604669646
8,"cube-2903-bin","prep",1623118782604692220,1623118782612872794
8,"cube-2903-bin","zzzz",1623118782612875221,1623118783166990495,13857,21379,64137
8,"cube-2903-bin","post",1623118783167000738,1623118783168573628
8,"cube-1194-geo","mesh",1623118783168655976,1623118783178874972
8,"cube-1194-geo","prep",1623118783179913218,1623118783180186456
8,"cube-1194-geo","zzzz",1623118783180188434,1623118783184209755,291,596,1788
8,"cube-1194-geo","post",1623118783184219982,1623118783184511519
8,"cube-1699-geo","mesh",1623118783184544561,1623118783206747882
8,"cube-1699-geo","prep",1623118783207839030,1623118783208741110
8,"cube-1699-geo","zzzz",1623118783208743610,1623118783224332913,941,1675,5025
8,"cube-1699-geo","post",1623118783224343244,1623118783224781261
8,"cube-3075-asc","prep",1623118783225066937,1623118783225628442
8,"cube-3075-asc","zzzz",1623118783225630089,1623118783258641440,750,2951,8853
8,"cube-3075-asc","post",1623118783258646354,1623118783259241534
8,"cube-828-bin","prep",1623118783259270302,1623118783265655295
8,"cube-828-bin","zzzz",1623118783265657767,1623118783547156068,8415,13365,40095
8,"cube-828-bin","post",1623118783547166322,1623118783550027471
8,"cube-2873-asc","prep",1623118783550597914,1623118783554252204
8,"cube-2873-asc","zzzz",1623118783554254802,1623118783688209331,4911,7950,23850
8,"cube-2873-asc","post",1623118783688219740,1623118783689606423
8,"cube-298-bin","prep",1623118783689619266,1623118784567609127
8,"cube-298-bin","zzzz",1623118784567616574,1623119057579482738,1118506,1527971,4583913
8,"cube-298-bin","post",1623119057579499869,1623119057697777819
8,"Proc","exit_task",1623113578265279613,1623119057731931820,3792560
