21,"build/tests/sizes/cube-3951-asc.mesh","scan",1623113596945418741,1623113596961341906
21,"build/tests/sizes/cube-3951-asc.mesh","chck",1623113596935027223,1623113596961446847
21,"build/tests/sizes/cube-3407-geo.geo_unrolled","scan",1623113596980373755,1623113596990551379
21,"build/tests/sizes/cube-3407-geo.geo_unrolled","chck",1623113596961448355,1623113596990557688
21,"build/tests/sizes/cube-568-stl-bin.geo","scan",1623113597012496924,1623113597023559401
21,"build/tests/sizes/cube-568-stl-bin.geo","chck",1623113596990558741,1623113597023564399
21,"build/tests/sizes/cube-2573-geo.geo_unrolled","scan",1623113597033088805,1623113597040687842
21,"build/tests/sizes/cube-2573-geo.geo_unrolled","chck",1623113597023565629,1623113597040694314
21,"build/tests/sizes/cube-163-bin.msh2","scan",1623113597061323561,1623113597219240273
21,"build/tests/sizes/cube-163-bin.msh2","chck",1623113597040695424,1623113597219246465
21,"build/tests/sizes/cube-3668-bin.msh2","scan",1623113597228329761,1623113603906384107
21,"build/tests/sizes/cube-3668-bin.msh2","chck",1623113597219247608,1623113603906411253
21,"build/tests/sizes/cube-3774-geo.geo","scan",1623113603928945355,1623113603989908331
21,"build/tests/sizes/cube-3774-geo.geo","chck",1623113603906412462,1623113603989914655
21,"build/tests/sizes/cube-846-stl-bin.geo","scan",1623113604004370867,1623113604023704180
21,"build/tests/sizes/cube-846-stl-bin.geo","chck",1623113603989915684,1623113604023710734
21,"build/tests/sizes/cube-2948-bin.msh2","scan",1623113604024271948,1623113604028074179
21,"build/tests/sizes/cube-2948-bin.msh2","chck",1623113604023712014,1623113604028083857
21,"build/tests/sizes/cube-276-geo.geo_unrolled","scan",1623113604051886514,1623113604053725451
21,"build/tests/sizes/cube-276-geo.geo_unrolled","chck",1623113604028085146,1623113604053731673
21,"build/tests/sizes/cube-2260-asc.mesh","scan",1623113604054336007,1623113604058022437
21,"build/tests/sizes/cube-2260-asc.mesh","chck",1623113604053732794,1623113604058027698
21,"build/tests/sizes/cube-3993-asc.mesh","scan",1623113604075777334,1623113604178249861
21,"build/tests/sizes/cube-3993-asc.mesh","chck",1623113604058028844,1623113604178256380
21,"build/tests/sizes/cube-2406-geo.geo_unrolled","scan",1623113604178929137,1623113604180136017
21,"build/tests/sizes/cube-2406-geo.geo_unrolled","chck",1623113604178257541,1623113604180140702
21,"build/tests/sizes/cube-2205-geo.geo","scan",1623113604180675791,1623113604181829633
21,"build/tests/sizes/cube-2205-geo.geo","chck",1623113604180141757,1623113604181834171
21,"build/tests/sizes/cube-1253-bin.msh4","scan",1623113604182837371,1623113604292708552
21,"build/tests/sizes/cube-1253-bin.msh4","chck",1623113604181835109,1623113604292714908
21,"build/tests/sizes/cube-3665-asc.msh2","scan",1623113604293402108,1623113604332646661
21,"build/tests/sizes/cube-3665-asc.msh2","chck",1623113604292716312,1623113604332653392
21,"build/tests/sizes/cube-2224-stl-bin.geo","scan",1623113604333321397,1623113604338958467
21,"build/tests/sizes/cube-2224-stl-bin.geo","chck",1623113604332654571,1623113604338963788
21,"build/tests/sizes/cube-1470-bin.cgns","scan",1623113604344611809,1623113604370853151
21,"build/tests/sizes/cube-1470-bin.cgns","chck",1623113604338964892,1623113604370860041
21,"build/tests/sizes/cube-858-bin.msh2","scan",1623113604372599243,1623113609076529847
21,"build/tests/sizes/cube-858-bin.msh2","chck",1623113604370861376,1623113609076547822
21,"build/tests/sizes/cube-378-stl-bin.geo","scan",1623113609099424810,1623113609763588393
21,"build/tests/sizes/cube-378-stl-bin.geo","chck",1623113609076549202,1623113609763608484
21,"build/tests/sizes/cube-3443-bin.msh4","scan",1623113609777783027,1623113611115126020
21,"build/tests/sizes/cube-3443-bin.msh4","chck",1623113609763609602,1623113611115141893
21,"build/tests/sizes/cube-2935-bin.msh4","scan",1623113611115792903,1623113611119221674
21,"build/tests/sizes/cube-2935-bin.msh4","chck",1623113611115143164,1623113611119227200
21,"build/tests/sizes/cube-3290-bin.msh4","scan",1623113611145329687,1623113611159204640
21,"build/tests/sizes/cube-3290-bin.msh4","chck",1623113611119228231,1623113611159210563
21,"build/tests/sizes/cube-2080-asc.msh2","scan",1623113611159786643,1623113611163340232
21,"build/tests/sizes/cube-2080-asc.msh2","chck",1623113611159214539,1623113611163344991
21,"build/tests/sizes/cube-3026-asc.mesh","scan",1623113611163860273,1623113612732437783
21,"build/tests/sizes/cube-3026-asc.mesh","chck",1623113611163345854,1623113612732444053
21,"build/tests/sizes/cube-2141-asc.bdf","scan",1623113612733395584,1623113616747450759
21,"build/tests/sizes/cube-2141-asc.bdf","chck",1623113612732445103,1623113616747458388
21,"build/tests/sizes/cube-2474-bin.vtk","scan",1623113616766334216,1623113616879103064
21,"build/tests/sizes/cube-2474-bin.vtk","chck",1623113616747459614,1623113616879108365
21,"build/tests/sizes/cube-3297-bin.msh4","scan",1623113616879611952,1623113617573067990
21,"build/tests/sizes/cube-3297-bin.msh4","chck",1623113616879109526,1623113617573079231
21,"build/tests/sizes/cube-3304-asc.msh2","scan",1623113617573781250,1623113617578858515
21,"build/tests/sizes/cube-3304-asc.msh2","chck",1623113617573080497,1623113617578863580
21,"build/tests/sizes/cube-3820-geo.geo_unrolled","scan",1623113617579432081,1623113617580531211
21,"build/tests/sizes/cube-3820-geo.geo_unrolled","chck",1623113617578864782,1623113617580535849
21,"build/tests/sizes/cube-2368-bin.vtk","scan",1623113617581061310,1623113617614220346
21,"build/tests/sizes/cube-2368-bin.vtk","chck",1623113617580536749,1623113617614227398
21,"build/tests/sizes/cube-2451-bin.msh2","scan",1623113617614848780,1623113620121463505
21,"build/tests/sizes/cube-2451-bin.msh2","chck",1623113617614228743,1623113620121477348
21,"build/tests/sizes/cube-1437-bin.cgns","scan",1623113620124583215,1623113620143400219
21,"build/tests/sizes/cube-1437-bin.cgns","chck",1623113620121478477,1623113620143406011
21,"build/tests/sizes/cube-3052-bin.msh4","scan",1623113620144015480,1623113620364566269
21,"build/tests/sizes/cube-3052-bin.msh4","chck",1623113620143407123,1623113620364572652
21,"build/tests/sizes/cube-1987-asc.msh2","scan",1623113620365685755,1623113621718445005
21,"build/tests/sizes/cube-1987-asc.msh2","chck",1623113620364573717,1623113621718452144
21,"build/tests/sizes/cube-1397-stl-bin.geo","scan",1623113621719211997,1623113622189161077
21,"build/tests/sizes/cube-1397-stl-bin.geo","chck",1623113621718453626,1623113622189167165
21,"build/tests/sizes/cube-3620-bin.vtk","scan",1623113622207748760,1623113622389184686
21,"build/tests/sizes/cube-3620-bin.vtk","chck",1623113622189168136,1623113622389191103
21,"build/tests/sizes/cube-3397-geo.geo","scan",1623113622389952383,1623113622391212101
21,"build/tests/sizes/cube-3397-geo.geo","chck",1623113622389192158,1623113622391217474
21,"build/tests/sizes/cube-2555-asc.bdf","scan",1623113622392065307,1623113622672762374
21,"build/tests/sizes/cube-2555-asc.bdf","chck",1623113622391218444,1623113622672768266
21,"build/tests/sizes/cube-3263-geo.geo_unrolled","scan",1623113622673463289,1623113622686979310
21,"build/tests/sizes/cube-3263-geo.geo_unrolled","chck",1623113622672769282,1623113622686985543
21,"build/tests/sizes/cube-1880-bin.vtk","scan",1623113622705733156,1623113622731742623
21,"build/tests/sizes/cube-1880-bin.vtk","chck",1623113622686986701,1623113622731748529
21,"build/tests/sizes/cube-3198-bin.cgns","scan",1623113622752403444,1623113622858460221
21,"build/tests/sizes/cube-3198-bin.cgns","chck",1623113622731749549,1623113622858466768
21,"build/tests/sizes/cube-539-geo.geo","scan",1623113622859405591,1623113622860689190
21,"build/tests/sizes/cube-539-geo.geo","chck",1623113622858467914,1623113622860694303
21,"build/tests/sizes/cube-2386-bin.msh2","scan",1623113622861597996,1623113622864557562
21,"build/tests/sizes/cube-2386-bin.msh2","chck",1623113622860695308,1623113622864561904
21,"build/tests/sizes/cube-1698-bin.vtk","scan",1623113622865252014,1623113622868157424
21,"build/tests/sizes/cube-1698-bin.vtk","chck",1623113622864562782,1623113622868161425
21,"build/tests/sizes/cube-3708-geo.geo_unrolled","scan",1623113622868712194,1623113622869767181
21,"build/tests/sizes/cube-3708-geo.geo_unrolled","chck",1623113622868162345,1623113622870004443
21,"build/tests/sizes/cube-3335-bin.vtk","scan",1623113622884551703,1623113622911597404
21,"build/tests/sizes/cube-3335-bin.vtk","chck",1623113622870006206,1623113622911603884
21,"build/tests/sizes/cube-2887-bin.msh2","scan",1623113622912185618,1623113622914117006
21,"build/tests/sizes/cube-2887-bin.msh2","chck",1623113622911604999,1623113622914121381
21,"build/tests/sizes/cube-1674-asc.bdf","scan",1623113622923891716,1623113624877112780
21,"build/tests/sizes/cube-1674-asc.bdf","chck",1623113622914122303,1623113624877118672
21,"build/tests/sizes/cube-3585-bin.vtk","scan",1623113624877763578,1623113624953057641
21,"build/tests/sizes/cube-3585-bin.vtk","chck",1623113624877119756,1623113624953063266
21,"build/tests/sizes/cube-589-geo.geo","scan",1623113624956555315,1623113624957839568
21,"build/tests/sizes/cube-589-geo.geo","chck",1623113624953064388,1623113624957850773
21,"build/tests/sizes/cube-1304-bin.msh2","scan",1623113624959009144,1623113624964133319
21,"build/tests/sizes/cube-1304-bin.msh2","chck",1623113624957851978,1623113624964137643
21,"build/tests/sizes/cube-2836-bin.msh4","scan",1623113624964638686,1623113624999668680
21,"build/tests/sizes/cube-2836-bin.msh4","chck",1623113624964138646,1623113624999675017
21,"build/tests/sizes/cube-1576-geo.geo","scan",1623113625017618426,1623113625018907102
21,"build/tests/sizes/cube-1576-geo.geo","chck",1623113624999676136,1623113625018912074
21,"build/tests/sizes/cube-1462-asc.bdf","scan",1623113625035535495,1623113632767699796
21,"build/tests/sizes/cube-1462-asc.bdf","chck",1623113625018912970,1623113632767707345
21,"build/tests/sizes/cube-3004-bin.msh2","scan",1623113632768369656,1623113633298431336
21,"build/tests/sizes/cube-3004-bin.msh2","chck",1623113632767708785,1623113633298437500
21,"build/tests/sizes/cube-2996-stl-bin.geo","scan",1623113633299091532,1623113633343207207
21,"build/tests/sizes/cube-2996-stl-bin.geo","chck",1623113633298438663,1623113633343213612
21,"build/tests/sizes/cube-3540-geo.geo_unrolled","scan",1623113633363279358,1623113633364484355
21,"build/tests/sizes/cube-3540-geo.geo_unrolled","chck",1623113633343214749,1623113633364489451
21,"build/tests/sizes/cube-3627-geo.geo_unrolled","scan",1623113633364998199,1623113633366019547
21,"build/tests/sizes/cube-3627-geo.geo_unrolled","chck",1623113633364490536,1623113633366023371
21,"build/tests/sizes/cube-3296-bin.msh4","scan",1623113633366517842,1623113633370925071
21,"build/tests/sizes/cube-3296-bin.msh4","chck",1623113633366024305,1623113633370929416
21,"build/tests/sizes/cube-961-geo.geo_unrolled","scan",1623113633372063225,1623113633373069249
21,"build/tests/sizes/cube-961-geo.geo_unrolled","chck",1623113633370930306,1623113633373073045
21,"build/tests/sizes/cube-2747-stl-bin.geo","scan",1623113633387010419,1623113633417867540
21,"build/tests/sizes/cube-2747-stl-bin.geo","chck",1623113633373073940,1623113633417873358
21,"build/tests/sizes/cube-745-asc.mesh","scan",1623113633436243346,1623113635650044917
21,"build/tests/sizes/cube-745-asc.mesh","chck",1623113633417874546,1623113635650050771
21,"build/tests/sizes/cube-3109-asc.bdf","scan",1623113635650631370,1623113635655591565
21,"build/tests/sizes/cube-3109-asc.bdf","chck",1623113635650051751,1623113635655596395
21,"build/tests/sizes/cube-1803-asc.bdf","scan",1623113635656104651,1623113635658114320
21,"build/tests/sizes/cube-1803-asc.bdf","chck",1623113635655597411,1623113635658118265
21,"build/tests/sizes/cube-3980-geo.geo_unrolled","scan",1623113635679957370,1623113635681170219
21,"build/tests/sizes/cube-3980-geo.geo_unrolled","chck",1623113635658119173,1623113635681175191
21,"build/tests/sizes/cube-3673-stl-bin.geo","scan",1623113635698709984,1623113635735672751
21,"build/tests/sizes/cube-3673-stl-bin.geo","chck",1623113635681176167,1623113635735678645
21,"build/tests/sizes/cube-2142-bin.msh2","scan",1623113635751215293,1623113637685604093
21,"build/tests/sizes/cube-2142-bin.msh2","chck",1623113635735679693,1623113637685610658
21,"build/tests/sizes/cube-3367-bin.vtk","scan",1623113637686415596,1623113637691491882
21,"build/tests/sizes/cube-3367-bin.vtk","chck",1623113637685611814,1623113637691497633
21,"build/tests/sizes/cube-2327-asc.bdf","scan",1623113637692022955,1623113637701345126
21,"build/tests/sizes/cube-2327-asc.bdf","chck",1623113637691498633,1623113637701349936
21,"build/tests/sizes/cube-3873-bin.cgns","scan",1623113637704619730,1623113637722699060
21,"build/tests/sizes/cube-3873-bin.cgns","chck",1623113637701351037,1623113637722704727
21,"build/tests/sizes/cube-3024-bin.msh4","scan",1623113637744750493,1623113637771194060
21,"build/tests/sizes/cube-3024-bin.msh4","chck",1623113637722705706,1623113637771199788
21,"build/tests/sizes/cube-624-asc.bdf","scan",1623113637791160534,1623113637813675477
21,"build/tests/sizes/cube-624-asc.bdf","chck",1623113637771200966,1623113637813681917
21,"build/tests/sizes/cube-3801-bin.msh4","scan",1623113637831303315,1623113637857632981
21,"build/tests/sizes/cube-3801-bin.msh4","chck",1623113637813683152,1623113637857639227
21,"build/tests/sizes/cube-184-asc.msh2","scan",1623113637872944148,1623113640647411426
21,"build/tests/sizes/cube-184-asc.msh2","chck",1623113637857640354,1623113640647418217
21,"build/tests/sizes/cube-81-geo.geo","scan",1623113640663238084,1623113640664558740
21,"build/tests/sizes/cube-81-geo.geo","chck",1623113640647419304,1623113640664564516
21,"build/tests/sizes/cube-1790-bin.msh2","scan",1623113640679033624,1623113640719382039
21,"build/tests/sizes/cube-1790-bin.msh2","chck",1623113640664565607,1623113640719387527
21,"build/tests/sizes/cube-1108-asc.mesh","scan",1623113640720491438,1623113640726136455
21,"build/tests/sizes/cube-1108-asc.mesh","chck",1623113640719388785,1623113640726140813
21,"build/tests/sizes/cube-3171-stl-bin.geo","scan",1623113640741697017,1623113640758556547
21,"build/tests/sizes/cube-3171-stl-bin.geo","chck",1623113640726141920,1623113640758561897
21,"build/tests/sizes/cube-3722-geo.geo","scan",1623113640759099777,1623113640760302925
21,"build/tests/sizes/cube-3722-geo.geo","chck",1623113640758562990,1623113640760307450
21,"build/tests/sizes/cube-2893-bin.msh4","scan",1623113640775867540,1623113640804979448
21,"build/tests/sizes/cube-2893-bin.msh4","chck",1623113640760308305,1623113640804985426
21,"build/tests/sizes/cube-2630-asc.bdf","scan",1623113640823423062,1623113642114740505
21,"build/tests/sizes/cube-2630-asc.bdf","chck",1623113640804986622,1623113642114748113
21,"build/tests/sizes/cube-1505-asc.mesh","scan",1623113642132183155,1623113642220648157
21,"build/tests/sizes/cube-1505-asc.mesh","chck",1623113642114749255,1623113642220653770
21,"build/tests/sizes/cube-3009-geo.geo_unrolled","scan",1623113642221257514,1623113642222367788
21,"build/tests/sizes/cube-3009-geo.geo_unrolled","chck",1623113642220654971,1623113642222371318
21,"build/tests/sizes/cube-247-asc.bdf","scan",1623113642223634152,1623113642270346489
21,"build/tests/sizes/cube-247-asc.bdf","chck",1623113642222372273,1623113642270352604
21,"build/tests/sizes/cube-2422-asc.msh2","scan",1623113642287499030,1623113642687847115
21,"build/tests/sizes/cube-2422-asc.msh2","chck",1623113642270353732,1623113642687854120
21,"build/tests/sizes/cube-1373-stl-bin.geo","scan",1623113642709399508,1623113642741464069
21,"build/tests/sizes/cube-1373-stl-bin.geo","chck",1623113642687855219,1623113642741470701
21,"build/tests/sizes/cube-1634-bin.msh2","scan",1623113642761407995,1623113642791446417
21,"build/tests/sizes/cube-1634-bin.msh2","chck",1623113642741472036,1623113642791452325
21,"build/tests/sizes/cube-1033-asc.bdf","scan",1623113642809241719,1623113642839171910
21,"build/tests/sizes/cube-1033-asc.bdf","chck",1623113642791453469,1623113642839178211
21,"build/tests/sizes/cube-1525-asc.bdf","scan",1623113642839705581,1623113642852175707
21,"build/tests/sizes/cube-1525-asc.bdf","chck",1623113642839179362,1623113642852182396
21,"build/tests/sizes/cube-3123-bin.msh2","scan",1623113642852711116,1623113643733609669
21,"build/tests/sizes/cube-3123-bin.msh2","chck",1623113642852183704,1623113643733615847
21,"build/tests/sizes/cube-3000-bin.cgns","scan",1623113643737074213,1623113643755519827
21,"build/tests/sizes/cube-3000-bin.cgns","chck",1623113643733617047,1623113643755712349
21,"build/tests/sizes/cube-1654-geo.geo","scan",1623113643756788986,1623113643758094342
21,"build/tests/sizes/cube-1654-geo.geo","chck",1623113643755714764,1623113643758098256
21,"build/tests/sizes/cube-2270-geo.geo_unrolled","scan",1623113643759127624,1623113643760205327
21,"build/tests/sizes/cube-2270-geo.geo_unrolled","chck",1623113643758099098,1623113643760208541
21,"build/tests/sizes/cube-3934-asc.msh2","scan",1623113643760688484,1623113643947383269
21,"build/tests/sizes/cube-3934-asc.msh2","chck",1623113643760209378,1623113643947388836
21,"build/tests/sizes/cube-2726-geo.geo","scan",1623113643948122101,1623113643949472730
21,"build/tests/sizes/cube-2726-geo.geo","chck",1623113643947389923,1623113643949476200
21,"build/tests/sizes/cube-813-asc.mesh","scan",1623113643950688819,1623113644326175659
21,"build/tests/sizes/cube-813-asc.mesh","chck",1623113643949477034,1623113644326181465
21,"build/tests/sizes/cube-85-geo.geo","scan",1623113644341153944,1623113644342607721
21,"build/tests/sizes/cube-85-geo.geo","chck",1623113644326182885,1623113644342612738
21,"build/tests/sizes/cube-3924-geo.geo_unrolled","scan",1623113644362750011,1623113644363989701
21,"build/tests/sizes/cube-3924-geo.geo_unrolled","chck",1623113644342613649,1623113644363994991
21,"build/tests/sizes/cube-1851-bin.msh2","scan",1623113644364478595,1623113644527295316
21,"build/tests/sizes/cube-1851-bin.msh2","chck",1623113644363995933,1623113644527300998
21,"build/tests/sizes/cube-3903-asc.msh2","scan",1623113644529143566,1623113658284836782
21,"build/tests/sizes/cube-3903-asc.msh2","chck",1623113644527301977,1623113658284850847
21,"build/tests/sizes/cube-3937-geo.geo","scan",1623113658328744557,1623113658341228898
21,"build/tests/sizes/cube-3937-geo.geo","chck",1623113658284852118,1623113658341235704
21,"build/tests/sizes/cube-3059-geo.geo_unrolled","scan",1623113658362938551,1623113658364218050
21,"build/tests/sizes/cube-3059-geo.geo_unrolled","chck",1623113658341236833,1623113658364224427
21,"build/tests/sizes/cube-2929-asc.msh2","scan",1623113658364721593,1623113666164489537
21,"build/tests/sizes/cube-2929-asc.msh2","chck",1623113658364225421,1623113666164510827
21,"build/tests/sizes/cube-2980-bin.msh2","scan",1623113666169238735,1623113666335237560
21,"build/tests/sizes/cube-2980-bin.msh2","chck",1623113666164511993,1623113666335243086
21,"build/tests/sizes/cube-3576-geo.geo","scan",1623113666348141823,1623113666349382169
21,"build/tests/sizes/cube-3576-geo.geo","chck",1623113666335244102,1623113666349386040
21,"build/tests/sizes/cube-864-bin.vtk","scan",1623113666369389295,1623113666480705921
21,"build/tests/sizes/cube-864-bin.vtk","chck",1623113666349386950,1623113666480711029
21,"build/tests/sizes/cube-69-stl-bin.geo","scan",1623113666498532211,1623113667136582541
21,"build/tests/sizes/cube-69-stl-bin.geo","chck",1623113666480712458,1623113667136590158
21,"build/tests/sizes/cube-25-bin.cgns","scan",1623113667165758539,1623113667241582559
21,"build/tests/sizes/cube-25-bin.cgns","chck",1623113667136591194,1623113667241587754
21,"build/tests/sizes/cube-1174-bin.vtk","scan",1623113667257604300,1623113667397226799
21,"build/tests/sizes/cube-1174-bin.vtk","chck",1623113667241588973,1623113667397233438
21,"build/tests/sizes/cube-2771-bin.vtk","scan",1623113667422210907,1623113667672885240
21,"build/tests/sizes/cube-2771-bin.vtk","chck",1623113667397234541,1623113667672891692
21,"build/tests/sizes/cube-280-asc.msh2","scan",1623113667690616300,1623113679266475911
21,"build/tests/sizes/cube-280-asc.msh2","chck",1623113667672892789,1623113679267592185
21,"build/tests/sizes/cube-1636-bin.vtk","scan",1623113679273054167,1623113680333419035
21,"build/tests/sizes/cube-1636-bin.vtk","chck",1623113679267594473,1623113680333425468
21,"build/tests/sizes/cube-1643-bin.msh4","scan",1623113680351629333,1623113680384128575
21,"build/tests/sizes/cube-1643-bin.msh4","chck",1623113680333426503,1623113680384134453
21,"cube-280-asc","prep",1623113680385711726,1623113681648218955
21,"cube-280-asc","zzzz",1623113681648239469,1623114149688289013,1683787,2289235,6867705
21,"cube-280-asc","post",1623114149688302262,1623114149841120152
21,"cube-69-stl-bin","mesh",1623114149841805435,1623114165941483622
21,"cube-69-stl-bin","prep",1623114166416099470,1623114167319587428
21,"cube-69-stl-bin","zzzz",1623114167319595638,1623114493563804895,1184424,1746371,5239113
21,"cube-69-stl-bin","post",1623114493563818709,1623114493883650996
21,"cube-864-bin","prep",1623114493884406031,1623114493933178904
21,"cube-864-bin","zzzz",1623114493933184918,1623114497182024280,49469,72544,217632
21,"cube-864-bin","post",1623114497182038067,1623114497199827812
21,"cube-2980-bin","prep",1623114497199869358,1623114497235302046
21,"cube-2980-bin","zzzz",1623114497235306346,1623114498920941502,31106,46143,138429
21,"cube-2980-bin","post",1623114498920952399,1623114498926360930
21,"cube-3059-geo","mesh",1623114498926390290,1623114501547269973
21,"cube-3059-geo","prep",1623114501548232798,1623114501794675204
21,"cube-3059-geo","zzzz",1623114501794681689,1623114519155097025,161050,227292,681876
21,"cube-3059-geo","post",1623114519155108138,1623114519246786397
21,"cube-2887-bin","prep",1623114519246857342,1623114519270997777
21,"cube-2887-bin","zzzz",1623114519271001947,1623114519276047761,337,712,2136
21,"cube-2887-bin","post",1623114519276063630,1623114519276173097
21,"cube-539-geo","mesh",1623114519276218202,1623114519318480512
21,"cube-539-geo","prep",1623114519319407702,1623114519320321113
21,"cube-539-geo","zzzz",1623114519320323199,1623114519338478091,1046,1881,5643
21,"cube-539-geo","post",1623114519338493782,1623114519338821101
21,"cube-1880-bin","prep",1623114519338965290,1623114519342069430
21,"cube-1880-bin","zzzz",1623114519342071637,1623114519528449927,6243,10014,30042
21,"cube-1880-bin","post",1623114519528459943,1623114519529219355
21,"cube-2771-bin","prep",1623114519529254940,1623114519611368199
21,"cube-2771-bin","zzzz",1623114519611371979,1623114535450898565,151199,213597,640791
21,"cube-2771-bin","post",1623114535450911736,1623114535463908801
21,"cube-1674-asc","prep",1623114535463942597,1623114535595090311
21,"cube-1674-asc","zzzz",1623114535595094354,1623114562183268594,216132,303106,909318
21,"cube-1674-asc","post",1623114562183282670,1623114562202087763
21,"cube-2474-bin","prep",1623114562202118334,1623114562202373510
21,"cube-2474-bin","zzzz",1623114562202374830,1623114562207584620,351,728,2184
21,"cube-2474-bin","post",1623114562207595772,1623114562207854307
21,"cube-3397-geo","mesh",1623114562207889694,1623114562351600404
21,"cube-3397-geo","prep",1623114562352502943,1623114562356347455
21,"cube-3397-geo","zzzz",1623114562356349715,1623114562641974784,8493,13487,40461
21,"cube-3397-geo","post",1623114562641990498,1623114562644132702
21,"cube-1397-stl-bin","mesh",1623114562644366440,1623114570717957550
21,"cube-1397-stl-bin","prep",1623114570967131767,1623114571365286496
21,"cube-1397-stl-bin","zzzz",1623114571365294926,1623114691343888093,547401,829067,2487201
21,"cube-1397-stl-bin","post",1623114691343898182,1623114691586162267
21,"cube-589-geo","mesh",1623114691586200621,1623114694453311887
21,"cube-589-geo","prep",1623114694454297316,1623114694716164676
21,"cube-589-geo","zzzz",1623114694716170960,1623114713748679170,171091,241925,725775
21,"cube-589-geo","post",1623114713748692725,1623114713875798661
21,"cube-3673-stl-bin","mesh",1623114713875876292,1623114713974272832
21,"cube-3673-stl-bin","prep",1623114713975231724,1623114713979139756
21,"cube-3673-stl-bin","zzzz",1623114713979143210,1623114714164297505,4430,9968,29904
21,"cube-3673-stl-bin","post",1623114714164307903,1623114714165620496
21,"cube-2893-bin","prep",1623114714165718601,1623114714169407579
21,"cube-2893-bin","zzzz",1623114714169409675,1623114714364140118,6496,10325,30975
21,"cube-2893-bin","post",1623114714364150454,1623114714365467213
21,"cube-2205-geo","mesh",1623114714365491521,1623114714451215183
21,"cube-2205-geo","prep",1623114714452137550,1623114714456557333
21,"cube-2205-geo","zzzz",1623114714456559579,1623114714598827582,5137,8292,24876
21,"cube-2205-geo","post",1623114714599455008,1623114714600986796
21,"cube-1373-stl-bin","mesh",1623114714601145019,1623114714613280381
21,"cube-1373-stl-bin","prep",1623114714614162719,1623114714615100533
21,"cube-1373-stl-bin","zzzz",1623114714615102811,1623114714642407398,972,2557,7671
21,"cube-1373-stl-bin","post",1623114714642417664,1623114714642867876
21,"cube-3171-stl-bin","mesh",1623114714643115992,1623114714646328656
21,"cube-3171-stl-bin","prep",1623114714647152088,1623114714647305373
21,"cube-3171-stl-bin","zzzz",1623114714647307214,1623114714651816222,168,651,1953
21,"cube-3171-stl-bin","post",1623114714651820024,1623114714651886517
21,"cube-163-bin","prep",1623114714651898928,1623114714675763682
21,"cube-163-bin","zzzz",1623114714675767318,1623114717140135597,40758,60008,180024
21,"cube-163-bin","post",1623114717140146668,1623114717147559810
21,"cube-3627-geo","mesh",1623114717147590990,1623114718652831709
21,"cube-3627-geo","prep",1623114718675344949,1623114718736984072
21,"cube-3627-geo","zzzz",1623114718736990050,1623114725871312431,86482,124245,372735
21,"cube-3627-geo","post",1623114725871324701,1623114725917466118
21,"cube-2141-asc","prep",1623114725920479379,1623114726244087782
21,"cube-2141-asc","zzzz",1623114726244092592,1623114808347929480,465931,644703,1934109
21,"cube-2141-asc","post",1623114808347944349,1623114808388705691
21,"cube-1654-geo","mesh",1623114808388748077,1623114808426838548
21,"cube-1654-geo","prep",1623114808427755669,1623114808429498771
21,"cube-1654-geo","zzzz",1623114808429501577,1623114808462606290,1635,2956,8868
21,"cube-1654-geo","post",1623114808462616463,1623114808463211896
21,"cube-3443-bin","prep",1623114808463379508,1623114809585273976
21,"cube-3443-bin","zzzz",1623114809585280583,1623115206644507681,1486443,2023580,6070740
21,"cube-3443-bin","post",1623115206644517702,1623115206818320204
21,"cube-1505-asc","prep",1623115206818771475,1623115206833259424
21,"cube-1505-asc","zzzz",1623115206833262003,1623115206911648871,1084,5465,16395
21,"cube-1505-asc","post",1623115206911650508,1623115206912098697
21,"cube-2080-asc","prep",1623115206912121283,1623115206921246403
21,"cube-2080-asc","zzzz",1623115206921249278,1623115206926035783,331,684,2052
21,"cube-2080-asc","post",1623115206926051224,1623115206926130013
21,"cube-2260-asc","prep",1623115206926145854,1623115206926367412
21,"cube-2260-asc","zzzz",1623115206926368742,1623115206931312179,224,701,2103
21,"cube-2260-asc","post",1623115206931317184,1623115206931582657
21,"cube-2224-stl-bin","mesh",1623115206931597345,1623115206951241688
21,"cube-2224-stl-bin","prep",1623115206952207993,1623115206953590220
21,"cube-2224-stl-bin","zzzz",1623115206953592771,1623115206996808003,1280,3595,10785
21,"cube-2224-stl-bin","post",1623115206996825474,1623115206997202084
21,"cube-1576-geo","mesh",1623115206997364480,1623115207076780184
21,"cube-1576-geo","prep",1623115207077748004,1623115207081966049
21,"cube-1576-geo","zzzz",1623115207081968860,1623115207195824942,4319,7100,21300
21,"cube-1576-geo","post",1623115207195835314,1623115207197668634
21,"cube-3296-bin","prep",1623115207197914042,1623115207203049424
21,"cube-3296-bin","zzzz",1623115207203051861,1623115207486600284,8458,13418,40254
21,"cube-3296-bin","post",1623115207486610780,1623115207487825443
21,"cube-624-asc","prep",1623115207487974873,1623115207488517557
21,"cube-624-asc","zzzz",1623115207488519373,1623115207491436623,212,467,1401
21,"cube-624-asc","post",1623115207491452062,1623115207491509702
21,"cube-3109-asc","prep",1623115207491523731,1623115207491900287
21,"cube-3109-asc","zzzz",1623115207491902017,1623115207502605345,655,1262,3786
21,"cube-3109-asc","post",1623115207502621034,1623115207502713019
21,"cube-3934-asc","prep",1623115207502727162,1623115207517295408
21,"cube-3934-asc","zzzz",1623115207517298333,1623115208909056040,27153,40470,121410
21,"cube-3934-asc","post",1623115208909067109,1623115208911974149
21,"cube-1851-bin","prep",1623115208912013615,1623115208930471528
21,"cube-1851-bin","zzzz",1623115208930475036,1623115210878890063,34450,51001,153003
21,"cube-1851-bin","post",1623115210878904169,1623115210882261277
21,"cube-3024-bin","prep",1623115210882295713,1623115210882954635
21,"cube-3024-bin","zzzz",1623115210882956875,1623115210906093796,1234,2257,6771
21,"cube-3024-bin","post",1623115210906104055,1623115210906537935
21,"cube-2327-asc","prep",1623115210906684758,1623115210907401624
21,"cube-2327-asc","zzzz",1623115210907403008,1623115210931563525,1273,2332,6996
21,"cube-2327-asc","post",1623115210931573655,1623115210931864890
21,"cube-3924-geo","mesh",1623115210931918516,1623115210940634013
21,"cube-3924-geo","prep",1623115210941600751,1623115210941940169
21,"cube-3924-geo","zzzz",1623115210941941987,1623115210945328548,255,522,1566
21,"cube-3924-geo","post",1623115210945338759,1623115210945595840
21,"cube-3304-asc","prep",1623115210945633470,1623115210946432523
21,"cube-3304-asc","zzzz",1623115210946434229,1623115210957379889,669,1282,3846
21,"cube-3304-asc","post",1623115210957389972,1623115210957765466
21,"cube-2406-geo","mesh",1623115210957801120,1623115211164384261
21,"cube-2406-geo","prep",1623115211165311942,1623115211176067395
21,"cube-2406-geo","zzzz",1623115211176070881,1623115211597952632,11338,17691,53073
21,"cube-2406-geo","post",1623115211597966315,1623115211603166280
21,"cube-1698-bin","prep",1623115211603982124,1623115211605790962
21,"cube-1698-bin","zzzz",1623115211605792948,1623115211630797091,1322,2393,7179
21,"cube-1698-bin","post",1623115211630807305,1623115211631234453
21,"cube-3774-geo","mesh",1623115211631362713,1623115220164683995
21,"cube-3774-geo","prep",1623115220165611657,1623115220901109587
21,"cube-3774-geo","zzzz",1623115220901116598,1623115312194700023,500629,691777,2075331
21,"cube-3774-geo","post",1623115312194714144,1623115312489740123
21,"cube-25-bin.cgns","prep",1623115312489936095,1623115312630126987
21,"cube-25-bin.cgns","zzzz",1623115312630132083,1623115312685747907,2504,4295,12885
21,"cube-25-bin.cgns","post",1623115312685752509,1623115312686161870
21,"cube-3198-bin.cgns","prep",1623115312686231078,1623115312783630970
21,"cube-3198-bin.cgns","zzzz",1623115312783636421,1623115317634069427,65825,95467,286401
21,"cube-3198-bin.cgns","post",1623115317634080804,1623115317634151306
21,"cube-1634-bin","prep",1623115317634209942,1623115317651081565
21,"cube-1634-bin","zzzz",1623115317651084015,1623115317704969973,2427,4198,12594
21,"cube-1634-bin","post",1623115317704980428,1623115317705711895
21,"cube-2630-asc","prep",1623115317705808340,1623115317794308475
21,"cube-2630-asc","zzzz",1623115317794313026,1623115333731040464,151903,214519,643557
21,"cube-2630-asc","post",1623115333731055528,1623115333745002312
21,"cube-3951-asc","prep",1623115333745040131,1623115333745172228
21,"cube-3951-asc","zzzz",1623115333745173647,1623115333747174465,120,345,1035
21,"cube-3951-asc","post",1623115333747184935,1623115333747318157
21,"cube-3873-bin.cgns","prep",1623115333747353657,1623115333757327392
21,"cube-3873-bin.cgns","zzzz",1623115333757330337,1623115335645125940,33629,49888,149664
21,"cube-3873-bin.cgns","post",1623115335645136756,1623115335645196750
21,"cube-2142-bin","prep",1623115335645250999,1623115335889725312
21,"cube-2142-bin","zzzz",1623115335889733334,1623115398649030979,388177,539063,1617189
21,"cube-2142-bin","post",1623115398649042419,1623115398683239946
21,"cube-247-asc","prep",1623115398683283321,1623115398686799486
21,"cube-247-asc","zzzz",1623115398686802037,1623115398881498667,6475,10324,30972
21,"cube-247-asc","post",1623115398881508177,1623115398882208094
21,"cube-3000-bin.cgns","prep",1623115398882270109,1623115398882767613
21,"cube-3000-bin.cgns","zzzz",1623115398882771737,1623115398887952498,349,726,2178
21,"cube-3000-bin.cgns","post",1623115398887967802,1623115398888005397
21,"cube-745-asc","prep",1623115398888029994,1623115398894832459
21,"cube-745-asc","zzzz",1623115398894834052,1623115526105313161,39960,861786,2585358
21,"cube-745-asc","post",1623115526105327334,1623115526196118726
21,"cube-3722-geo","mesh",1623115526196153527,1623115526236022683
21,"cube-3722-geo","prep",1623115526236961985,1623115526237703577
21,"cube-3722-geo","zzzz",1623115526238088084,1623115526268817459,1555,2796,8388
21,"cube-3722-geo","post",1623115526268827859,1623115526269431139
21,"cube-2747-stl-bin","mesh",1623115526269652983,1623115526340938464
21,"cube-2747-stl-bin","prep",1623115526341819051,1623115526347081649
21,"cube-2747-stl-bin","zzzz",1623115526347084692,1623115526594728158,5643,12210,36630
21,"cube-2747-stl-bin","post",1623115526594738478,1623115526596338296
21,"cube-2368-bin","prep",1623115526596355933,1623115526608532394
21,"cube-2368-bin","zzzz",1623115526608534889,1623115527780159036,24175,35918,107754
21,"cube-2368-bin","post",1623115527780170293,1623115527782332795
21,"cube-1437-bin.cgns","prep",1623115527782354370,1623115527783065428
21,"cube-1437-bin.cgns","zzzz",1623115527783068358,1623115527861740132,3303,5476,16428
21,"cube-1437-bin.cgns","post",1623115527861750393,1623115527861811622
21,"cube-1470-bin.cgns","prep",1623115527861898043,1623115527863757573
21,"cube-1470-bin.cgns","zzzz",1623115527863764650,1623115527871287945,484,971,2913
21,"cube-1470-bin.cgns","post",1623115527871292392,1623115527871337434
21,"cube-378-stl-bin","mesh",1623115527871378511,1623115542394010918
21,"cube-378-stl-bin","prep",1623115542549187893,1623115543257785535
21,"cube-378-stl-bin","zzzz",1623115543257793398,1623115771813677972,904260,1337277,4011831
21,"cube-378-stl-bin","post",1623115771813691694,1623115772240092983
21,"cube-3903-asc","prep",1623115772240132040,1623115773885288568
21,"cube-3903-asc","zzzz",1623115773885294746,1623116377285885390,2043377,2769703,8309109
21,"cube-3903-asc","post",1623116377285894447,1623116377551014602
21,"cube-2451-bin","prep",1623116377551615751,1623116377968059561
21,"cube-2451-bin","zzzz",1623116377968065971,1623116481475335880,545577,751854,2255562
21,"cube-2451-bin","post",1623116481475350103,1623116481524758028
21,"cube-1462-asc","prep",1623116481524801784,1623116482216928125
21,"cube-1462-asc","zzzz",1623116482216933860,1623116683257526520,887530,1214622,3643866
21,"cube-1462-asc","post",1623116683257540694,1623116683335257939
21,"cube-3980-geo","mesh",1623116683335687871,1623116683449261473
21,"cube-3980-geo","prep",1623116683450349639,1623116683450774894
21,"cube-3980-geo","zzzz",1623116683450776910,1623116683455555542,328,681,2043
21,"cube-3980-geo","post",1623116683455565770,1623116683455962226
21,"cube-3937-geo","mesh",1623116683455977965,1623116687286316301
21,"cube-3937-geo","prep",1623116687287302511,1623116687618818732
21,"cube-3937-geo","zzzz",1623116687618823715,1623116715806964820,224501,315249,945747
21,"cube-3937-geo","post",1623116715806986225,1623116715967736701
21,"cube-1643-bin","prep",1623116715967776127,1623116716002125804
21,"cube-1643-bin","zzzz",1623116716002129749,1623116716708321360,16638,25335,76005
21,"cube-1643-bin","post",1623116716708331605,1623116716710106628
21,"cube-2270-geo","mesh",1623116716710202489,1623116716772267132
21,"cube-2270-geo","prep",1623116716773167364,1623116716773580852
21,"cube-2270-geo","zzzz",1623116716773582827,1623116716778773790,349,726,2178
21,"cube-2270-geo","post",1623116716778783990,1623116716778999485
21,"cube-3585-bin","prep",1623116716779014696,1623116716779488473
21,"cube-3585-bin","zzzz",1623116716779490259,1623116716791561045,743,1380,4140
21,"cube-3585-bin","post",1623116716791571358,1623116716791820983
21,"cube-2996-stl-bin","mesh",1623116716791870752,1623116717294164680
21,"cube-2996-stl-bin","prep",1623116717295075409,1623116717346107984
21,"cube-2996-stl-bin","zzzz",1623116717346114149,1623116720189633266,36749,66120,198360
21,"cube-2996-stl-bin","post",1623116720189644415,1623116720205426432
21,"cube-3576-geo","mesh",1623116720205454632,1623116720932119970
21,"cube-3576-geo","prep",1623116720933032516,1623116720998015202
21,"cube-3576-geo","zzzz",1623116720998021114,1623116723792121844,44327,65329,195987
21,"cube-3576-geo","post",1623116723792138555,1623116723813290004
21,"cube-3367-bin","prep",1623116723813324842,1623116723820183172
21,"cube-3367-bin","zzzz",1623116723820185783,1623116723902715161,3446,5663,16989
21,"cube-3367-bin","post",1623116723902735660,1623116723903295388
21,"cube-3009-geo","mesh",1623116723903311463,1623116723978798194
21,"cube-3009-geo","prep",1623116723979688989,1623116723983324964
21,"cube-3009-geo","zzzz",1623116723983327404,1623116724081900682,3863,6414,19242
21,"cube-3009-geo","post",1623116724081910932,1623116724083692435
21,"cube-846-stl-bin","mesh",1623116724083709620,1623116724089385227
21,"cube-846-stl-bin","prep",1623116724090225396,1623116724090567292
21,"cube-846-stl-bin","zzzz",1623116724090569270,1623116724100657345,346,1205,3615
21,"cube-846-stl-bin","post",1623116724100667461,1623116724101023052
21,"cube-3708-geo","mesh",1623116724101054662,1623116724770535716
21,"cube-3708-geo","prep",1623116724771442533,1623116724826873598
21,"cube-3708-geo","zzzz",1623116724826879224,1623116727179303574,39396,58057,174171
21,"cube-3708-geo","post",1623116727179323080,1623116727205131582
21,"cube-184-asc","prep",1623116727206962364,1623116727467107751
21,"cube-184-asc","zzzz",1623116727467114900,1623116782169005799,354047,491820,1475460
21,"cube-184-asc","post",1623116782169020417,1623116782200344460
21,"cube-3407-geo","mesh",1623116782200384862,1623116793811852726
21,"cube-3407-geo","prep",1623116793812899493,1623116794828160275
21,"cube-3407-geo","zzzz",1623116794828166870,1623116926918861649,644576,886380,2659140
21,"cube-3407-geo","post",1623116926918875004,1623116927345200820
21,"cube-3620-bin","prep",1623116927345289651,1623116927432044465
21,"cube-3620-bin","zzzz",1623116927432050843,1623116933500409193,77017,111265,333795
21,"cube-3620-bin","post",1623116933500420625,1623116933514567484
21,"cube-1790-bin","prep",1623116933514599316,1623116933552087819
21,"cube-1790-bin","zzzz",1623116933552090553,1623116933576791939,1312,2371,7113
21,"cube-1790-bin","post",1623116933576802573,1623116933577276990
21,"cube-961-geo","mesh",1623116933577428494,1623116933754218519
21,"cube-961-geo","prep",1623116933755161427,1623116933755574179
21,"cube-961-geo","zzzz",1623116933755576158,1623116933760729539,345,722,2166
21,"cube-961-geo","post",1623116933760739647,1623116933761116650
21,"cube-2929-asc","prep",1623116933761131585,1623116934640935797
21,"cube-2929-asc","zzzz",1623116934640942705,1623117209143513363,1123077,1534217,4602651
21,"cube-2929-asc","post",1623117209143527788,1623117209397961521
21,"cube-2573-geo","mesh",1623117209397995809,1623117210188669095
21,"cube-2573-geo","prep",1623117210189651490,1623117210253551000
21,"cube-2573-geo","zzzz",1623117210253557409,1623117212996484203,43958,64570,193710
21,"cube-2573-geo","post",1623117212996495723,1623117213014316348
21,"cube-858-bin","prep",1623117213015748152,1623117213978470897
21,"cube-858-bin","zzzz",1623117213978478057,1623117505271994489,1174937,1604078,4812234
21,"cube-858-bin","post",1623117505272008243,1623117505493701364
21,"cube-813-asc","prep",1623117505493739315,1623117505498147777
21,"cube-813-asc","zzzz",1623117505498150319,1623117516559545566,12442,167398,502194
21,"cube-813-asc","post",1623117516561124099,1623117516580638629
21,"cube-568-stl-bin","mesh",1623117516582427341,1623117516646221700
21,"cube-568-stl-bin","prep",1623117516647933736,1623117516648970240
21,"cube-568-stl-bin","zzzz",1623117516648973352,1623117516652633979,146,561,1683
21,"cube-568-stl-bin","post",1623117516652637885,1623117516652752448
21,"cube-3290-bin","prep",1623117516652776576,1623117516653943869
21,"cube-3290-bin","zzzz",1623117516653945246,1623117516668640724,880,1602,4806
21,"cube-3290-bin","post",1623117516668650805,1623117516669021611
21,"cube-1108-asc","prep",1623117516669080118,1623117516669481269
21,"cube-1108-asc","zzzz",1623117516669483032,1623117516693783155,608,2344,7032
21,"cube-1108-asc","post",1623117516693793314,1623117516694306593
21,"cube-3820-geo","mesh",1623117516694337651,1623117516725166677
21,"cube-3820-geo","prep",1623117516726047960,1623117516727210802
21,"cube-3820-geo","zzzz",1623117516727213029,1623117516747389748,1107,2036,6108
21,"cube-3820-geo","post",1623117516747400044,1623117516748096863
21,"cube-3052-bin","prep",1623117516748515521,1623117517007107577
21,"cube-3052-bin","zzzz",1623117517007115022,1623117576364692626,373542,519415,1558245
21,"cube-3052-bin","post",1623117576364716933,1623117576397948782
21,"cube-1033-asc","prep",1623117576398034584,1623117576398909032
21,"cube-1033-asc","zzzz",1623117576398912431,1623117576418940641,1101,2026,6078
21,"cube-1033-asc","post",1623117576418945500,1623117576419100633
21,"cube-3263-geo","mesh",1623117576419290666,1623117576429451300
21,"cube-3263-geo","prep",1623117576430444447,1623117576430772862
21,"cube-3263-geo","zzzz",1623117576430774864,1623117576434412357,263,554,1662
21,"cube-3263-geo","post",1623117576434417341,1623117576434613104
21,"cube-85-geo","mesh",1623117576434627209,1623117608448725056
21,"cube-85-geo","prep",1623117608449833717,1623117611074065974
21,"cube-85-geo","zzzz",1623117611074081479,1623118149196328928,1872848,2541790,7625370
21,"cube-85-geo","post",1623118149196343157,1623118149916607702
21,"cube-2935-bin","prep",1623118149917393967,1623118149964723188
21,"cube-2935-bin","zzzz",1623118149964727742,1623118150156088797,6394,10200,30600
21,"cube-2935-bin","post",1623118150156099394,1623118150156809496
21,"cube-1304-bin","prep",1623118150156862060,1623118150199106397
21,"cube-1304-bin","zzzz",1623118150199108740,1623118150222462426,1238,2273,6819
21,"cube-1304-bin","post",1623118150222472771,1623118150222953821
21,"cube-1987-asc","prep",1623118150223065227,1623118150381004797
21,"cube-1987-asc","zzzz",1623118150381011556,1623118170250140462,176788,249025,747075
21,"cube-1987-asc","post",1623118170250156286,1623118170266247398
21,"cube-3123-bin","prep",1623118170266288409,1623118170440679125
21,"cube-3123-bin","zzzz",1623118170440686511,1623118192488141735,189817,267116,801348
21,"cube-3123-bin","post",1623118192488155930,1623118192506612548
21,"cube-2422-asc","prep",1623118192506654142,1623118192577959588
21,"cube-2422-asc","zzzz",1623118192577965024,1623118195551712381,46353,68260,204780
21,"cube-2422-asc","post",1623118195551728173,1623118195555872306
21,"cube-81-geo","mesh",1623118195555899820,1623118195739588192
21,"cube-81-geo","prep",1623118195740608682,1623118195740984284
21,"cube-81-geo","zzzz",1623118195740986614,1623118195745072486,295,602,1806
21,"cube-81-geo","post",1623118195745082676,1623118195745464509
21,"cube-3993-asc","prep",1623118195745498315,1623118195746173286
21,"cube-3993-asc","zzzz",1623118195746174915,1623118196534366583,3526,27294,81882
21,"cube-3993-asc","post",1623118196534376783,1623118196538949992
21,"cube-2726-geo","mesh",1623118196539001404,1623118196558087418
21,"cube-2726-geo","prep",1623118196559041495,1623118196559728712
21,"cube-2726-geo","zzzz",1623118196559730979,1623118196570916101,683,1303,3909
21,"cube-2726-geo","post",1623118196570926306,1623118196571491276
21,"cube-1253-bin","prep",1623118196571526490,1623118196657333151
21,"cube-1253-bin","zzzz",1623118196657340692,1623118208720660542,125072,177656,532968
21,"cube-1253-bin","post",1623118208720676545,1623118208745067003
21,"cube-3004-bin","prep",1623118208745111375,1623118208793095186
21,"cube-3004-bin","zzzz",1623118208793101393,1623118213835921862,67578,98032,294096
21,"cube-3004-bin","post",1623118213835933783,1623118213844576898
21,"cube-276-geo","mesh",1623118213844615987,1623118218462056535
21,"cube-276-geo","prep",1623118218463127669,1623118218826612616
21,"cube-276-geo","zzzz",1623118218826618473,1623118251395857589,247714,347472,1042416
21,"cube-276-geo","post",1623118251395871962,1623118251608875588
21,"cube-3668-bin","prep",1623118251609078981,1623118253117938205
21,"cube-3668-bin","zzzz",1623118253117945658,1623118774185063737,1826929,2481131,7443393
21,"cube-3668-bin","post",1623118774185078604,1623118774503297307
21,"cube-2555-asc","prep",1623118774503833881,1623118774535283920
21,"cube-2555-asc","zzzz",1623118774535287744,1623118776492271433,34632,51215,153645
21,"cube-2555-asc","post",1623118776492282291,1623118776495417228
21,"cube-3801-bin","prep",1623118776495444018,1623118776508357587
21,"cube-3801-bin","zzzz",1623118776508360180,1623118776596051852,3579,5909,17727
21,"cube-3801-bin","post",1623118776596071204,1623118776596912055
21,"cube-3335-bin","prep",1623118776596954138,1623118776608581993
21,"cube-3335-bin","zzzz",1623118776608584354,1623118776638576405,1509,2744,8232
21,"cube-3335-bin","post",1623118776638586424,1623118776639181931
21,"cube-3665-asc","prep",1623118776639260474,1623118776653422030
21,"cube-3665-asc","zzzz",1623118776653424338,1623118776800785817,5287,8511,25533
21,"cube-3665-asc","post",1623118776800796238,1623118776801803768
21,"cube-2948-bin","prep",1623118776801826226,1623118776813041437
21,"cube-2948-bin","zzzz",1623118776813043646,1623118776817877491,330,685,2055
21,"cube-2948-bin","post",1623118776817881641,1623118776818345000
21,"cube-3540-geo","mesh",1623118776818362358,1623118777922321634
21,"cube-3540-geo","prep",1623118777923373911,1623118778007349562
21,"cube-3540-geo","zzzz",1623118778007354794,1623118782535683025,62767,91088,273264
21,"cube-3540-geo","post",1623118782535698103,1623118782573629564
21,"cube-1174-bin","prep",1623118782575968409,1623118782628139321
21,"cube-1174-bin","zzzz",1623118782628146352,1623118787706009317,67980,98533,295599
21,"cube-1174-bin","post",1623118787706015053,1623118787723876746
21,"cube-3026-asc","prep",1623118787723913772,1623118787734355172
21,"cube-3026-asc","zzzz",1623118787734357467,1623118869280720138,33746,641788,1925364
21,"cube-3026-asc","post",1623118869280735098,1623118869348955328
21,"cube-1803-asc","prep",1623118869348984070,1623118869356240535
21,"cube-1803-asc","zzzz",1623118869356244818,1623118869358264637,160,347,1041
21,"cube-1803-asc","post",1623118869358275287,1623118869358426202
21,"cube-2836-bin","prep",1623118869358443947,1623118869401375627
21,"cube-2836-bin","zzzz",1623118869401380155,1623118874215477462,65454,94989,284967
21,"cube-2836-bin","post",1623118874215490728,1623118874222076692
21,"cube-1525-asc","prep",1623118874222102388,1623118874223376526
21,"cube-1525-asc","zzzz",1623118874223379118,1623118874256691246,1649,2970,8910
21,"cube-1525-asc","post",1623118874256701534,1623118874257270294
21,"cube-2386-bin","prep",1623118874257343061,1623118874257797956
21,"cube-2386-bin","zzzz",1623118874257799534,1623118874261644768,281,576,1728
21,"cube-2386-bin","post",1623118874261654986,1623118874261833382
21,"cube-1636-bin","prep",1623118874261874837,1623118874669401525
21,"cube-1636-bin","zzzz",1623118874669408759,1623118973411066887,528464,728728,2186184
21,"cube-1636-bin","post",1623118973411081713,1623118973513527178
21,"cube-3297-bin","prep",1623118973513557923,1623118974394409405
21,"cube-3297-bin","zzzz",1623118974394416965,1623119247003153340,1117909,1526277,4578831
21,"cube-3297-bin","post",1623119247003168492,1623119247103925159
21,"Proc","exit_task",1623113578265255043,1623119247114980903,5010656
