20,"build/tests/sizes/cube-3929-stl-bin.geo","scan",1623113598533854391,1623113598545643768
20,"build/tests/sizes/cube-3929-stl-bin.geo","chck",1623113598530764311,1623113598545760555
20,"build/tests/sizes/cube-3963-geo.geo_unrolled","scan",1623113598569269123,1623113598572767523
20,"build/tests/sizes/cube-3963-geo.geo_unrolled","chck",1623113598545762082,1623113598572774395
20,"build/tests/sizes/cube-2952-stl-bin.geo","scan",1623113598587097206,1623113598637852894
20,"build/tests/sizes/cube-2952-stl-bin.geo","chck",1623113598572775511,1623113598637858671
20,"build/tests/sizes/cube-2598-asc.bdf","scan",1623113598653339278,1623113598676702048
20,"build/tests/sizes/cube-2598-asc.bdf","chck",1623113598637859574,1623113598676709495
20,"build/tests/sizes/cube-3092-geo.geo_unrolled","scan",1623113598679194108,1623113598682180964
20,"build/tests/sizes/cube-3092-geo.geo_unrolled","chck",1623113598676711102,1623113598682186609
20,"build/tests/sizes/cube-3765-geo.geo_unrolled","scan",1623113598686506766,1623113598689803611
20,"build/tests/sizes/cube-3765-geo.geo_unrolled","chck",1623113598682187964,1623113598689809602
20,"build/tests/sizes/cube-1999-asc.mesh","scan",1623113598692311429,1623113598697814201
20,"build/tests/sizes/cube-1999-asc.mesh","chck",1623113598689811333,1623113598697819246
20,"build/tests/sizes/cube-2452-bin.cgns","scan",1623113598723199546,1623113598764769571
20,"build/tests/sizes/cube-2452-bin.cgns","chck",1623113598697820364,1623113598764776188
20,"build/tests/sizes/cube-1901-asc.bdf","scan",1623113598794878003,1623113602485075237
20,"build/tests/sizes/cube-1901-asc.bdf","chck",1623113598764777223,1623113602485098123
20,"build/tests/sizes/cube-174-stl-bin.geo","scan",1623113602488140434,1623113602548041193
20,"build/tests/sizes/cube-174-stl-bin.geo","chck",1623113602485099320,1623113602548049213
20,"build/tests/sizes/cube-2131-bin.msh4","scan",1623113602548704206,1623113603041799088
20,"build/tests/sizes/cube-2131-bin.msh4","chck",1623113602548050707,1623113603041806928
20,"build/tests/sizes/cube-2037-asc.msh2","scan",1623113603042513325,1623113605231398118
20,"build/tests/sizes/cube-2037-asc.msh2","chck",1623113603041808224,1623113605231418265
20,"build/tests/sizes/cube-889-asc.mesh","scan",1623113605250183395,1623113605274347878
20,"build/tests/sizes/cube-889-asc.mesh","chck",1623113605231419482,1623113605274355339
20,"build/tests/sizes/cube-191-bin.msh2","scan",1623113605290037015,1623113607284770369
20,"build/tests/sizes/cube-191-bin.msh2","chck",1623113605274356479,1623113607284778528
20,"build/tests/sizes/cube-586-geo.geo_unrolled","scan",1623113607304709605,1623113607305961553
20,"build/tests/sizes/cube-586-geo.geo_unrolled","chck",1623113607284779831,1623113607305969063
20,"build/tests/sizes/cube-431-bin.cgns","scan",1623113607313557204,1623113607387700968
20,"build/tests/sizes/cube-431-bin.cgns","chck",1623113607305970108,1623113607387709095
20,"build/tests/sizes/cube-3760-bin.vtk","scan",1623113607388435543,1623113607564309933
20,"build/tests/sizes/cube-3760-bin.vtk","chck",1623113607387710228,1623113607564318024
20,"build/tests/sizes/cube-2600-bin.cgns","scan",1623113607567791175,1623113607590062693
20,"build/tests/sizes/cube-2600-bin.cgns","chck",1623113607564319127,1623113607590070232
20,"build/tests/sizes/cube-303-bin.cgns","scan",1623113607610576748,1623113607688806299
20,"build/tests/sizes/cube-303-bin.cgns","chck",1623113607590071368,1623113607688814055
20,"build/tests/sizes/cube-2289-geo.geo_unrolled","scan",1623113607709708615,1623113607711237736
20,"build/tests/sizes/cube-2289-geo.geo_unrolled","chck",1623113607688815198,1623113607711243577
20,"build/tests/sizes/cube-541-stl-bin.geo","scan",1623113607727754575,1623113607765781199
20,"build/tests/sizes/cube-541-stl-bin.geo","chck",1623113607711244504,1623113607765788091
20,"build/tests/sizes/cube-3371-bin.vtk","scan",1623113607766383060,1623113607767664415
20,"build/tests/sizes/cube-3371-bin.vtk","chck",1623113607765789310,1623113607767668488
20,"build/tests/sizes/cube-1270-bin.vtk","scan",1623113607768834303,1623113607942973290
20,"build/tests/sizes/cube-1270-bin.vtk","chck",1623113607767669457,1623113607942980620
20,"build/tests/sizes/cube-3149-bin.vtk","scan",1623113607955444750,1623113609221009769
20,"build/tests/sizes/cube-3149-bin.vtk","chck",1623113607942988573,1623113609221030234
20,"build/tests/sizes/cube-3626-stl-bin.geo","scan",1623113609221689978,1623113609444599781
20,"build/tests/sizes/cube-3626-stl-bin.geo","chck",1623113609221031559,1623113609444607588
20,"build/tests/sizes/cube-2467-bin.cgns","scan",1623113609471656460,1623113609620429286
20,"build/tests/sizes/cube-2467-bin.cgns","chck",1623113609444608954,1623113609620437210
20,"build/tests/sizes/cube-596-bin.cgns","scan",1623113609670468410,1623113609746283028
20,"build/tests/sizes/cube-596-bin.cgns","chck",1623113609620438435,1623113609746290566
20,"build/tests/sizes/cube-1229-bin.vtk","scan",1623113609748294297,1623113609794337078
20,"build/tests/sizes/cube-1229-bin.vtk","chck",1623113609746291665,1623113609794344732
20,"build/tests/sizes/cube-1973-asc.mesh","scan",1623113609795273485,1623113612148764192
20,"build/tests/sizes/cube-1973-asc.mesh","chck",1623113609794345837,1623113612148781241
20,"build/tests/sizes/cube-1927-bin.cgns","scan",1623113612152747007,1623113612175823122
20,"build/tests/sizes/cube-1927-bin.cgns","chck",1623113612148782944,1623113612175831185
20,"build/tests/sizes/cube-1966-asc.mesh","scan",1623113612176595583,1623113615035977580
20,"build/tests/sizes/cube-1966-asc.mesh","chck",1623113612175832325,1623113615035986243
20,"build/tests/sizes/cube-1203-bin.msh4","scan",1623113615037142562,1623113616240452421
20,"build/tests/sizes/cube-1203-bin.msh4","chck",1623113615035987458,1623113616240466438
20,"build/tests/sizes/cube-55-bin.cgns","scan",1623113616260704827,1623113616384309081
20,"build/tests/sizes/cube-55-bin.cgns","chck",1623113616240467477,1623113616384315785
20,"build/tests/sizes/cube-1554-asc.msh2","scan",1623113616385789116,1623113620460184956
20,"build/tests/sizes/cube-1554-asc.msh2","chck",1623113616384316908,1623113620460192674
20,"build/tests/sizes/cube-2437-asc.bdf","scan",1623113620461436326,1623113620502172870
20,"build/tests/sizes/cube-2437-asc.bdf","chck",1623113620460193861,1623113620502180641
20,"build/tests/sizes/cube-2734-asc.bdf","scan",1623113620502869526,1623113620510325555
20,"build/tests/sizes/cube-2734-asc.bdf","chck",1623113620502181721,1623113620510333827
20,"build/tests/sizes/cube-439-geo.geo","scan",1623113620526885307,1623113620528391908
20,"build/tests/sizes/cube-439-geo.geo","chck",1623113620510335215,1623113620528397518
20,"build/tests/sizes/cube-2589-asc.mesh","scan",1623113620529059273,1623113620534814728
20,"build/tests/sizes/cube-2589-asc.mesh","chck",1623113620528398522,1623113620534820524
20,"build/tests/sizes/cube-1915-asc.bdf","scan",1623113620551753840,1623113620573126173
20,"build/tests/sizes/cube-1915-asc.bdf","chck",1623113620534821533,1623113620573134131
20,"build/tests/sizes/cube-3383-asc.bdf","scan",1623113620573772063,1623113620592805248
20,"build/tests/sizes/cube-3383-asc.bdf","chck",1623113620573135220,1623113620592811721
20,"build/tests/sizes/cube-2114-geo.geo_unrolled","scan",1623113620597070272,1623113620598551204
20,"build/tests/sizes/cube-2114-geo.geo_unrolled","chck",1623113620592812743,1623113620598556711
20,"build/tests/sizes/cube-3090-bin.vtk","scan",1623113620602793157,1623113620676038614
20,"build/tests/sizes/cube-3090-bin.vtk","chck",1623113620598558018,1623113620676045404
20,"build/tests/sizes/cube-2634-asc.msh2","scan",1623113620676733657,1623113621403676561
20,"build/tests/sizes/cube-2634-asc.msh2","chck",1623113620676046355,1623113621403682953
20,"build/tests/sizes/cube-552-bin.msh2","scan",1623113621404800135,1623113621417348151
20,"build/tests/sizes/cube-552-bin.msh2","chck",1623113621403684040,1623113621417354827
20,"build/tests/sizes/cube-1128-stl-bin.geo","scan",1623113621432109738,1623113621436355462
20,"build/tests/sizes/cube-1128-stl-bin.geo","chck",1623113621417355963,1623113621436362991
20,"build/tests/sizes/cube-1042-bin.msh2","scan",1623113621444012748,1623113625506784687
20,"build/tests/sizes/cube-1042-bin.msh2","chck",1623113621436364146,1623113625506792440
20,"build/tests/sizes/cube-3421-asc.mesh","scan",1623113625522031918,1623113625588572826
20,"build/tests/sizes/cube-3421-asc.mesh","chck",1623113625507133909,1623113625588578772
20,"build/tests/sizes/cube-1572-asc.bdf","scan",1623113625589820409,1623113625624981366
20,"build/tests/sizes/cube-1572-asc.bdf","chck",1623113625588579726,1623113625624989580
20,"build/tests/sizes/cube-901-bin.vtk","scan",1623113625634773215,1623113625651390767
20,"build/tests/sizes/cube-901-bin.vtk","chck",1623113625624990683,1623113625651397985
20,"build/tests/sizes/cube-3899-asc.msh2","scan",1623113625655533153,1623113625665895746
20,"build/tests/sizes/cube-3899-asc.msh2","chck",1623113625651399146,1623113625665902140
20,"build/tests/sizes/cube-3223-asc.bdf","scan",1623113625666557731,1623113625677621922
20,"build/tests/sizes/cube-3223-asc.bdf","chck",1623113625665903195,1623113625677628487
20,"build/tests/sizes/cube-1550-bin.vtk","scan",1623113625695127405,1623113627737455991
20,"build/tests/sizes/cube-1550-bin.vtk","chck",1623113625677629637,1623113627737462820
20,"build/tests/sizes/cube-2212-geo.geo_unrolled","scan",1623113627756219692,1623113627757367322
20,"build/tests/sizes/cube-2212-geo.geo_unrolled","chck",1623113627737463847,1623113627757372872
20,"build/tests/sizes/cube-2845-asc.bdf","scan",1623113627767845712,1623113628084822453
20,"build/tests/sizes/cube-2845-asc.bdf","chck",1623113627757373867,1623113628084830402
20,"build/tests/sizes/cube-3365-geo.geo","scan",1623113628096876983,1623113628108814472
20,"build/tests/sizes/cube-3365-geo.geo","chck",1623113628084831663,1623113628108822029
20,"build/tests/sizes/cube-1234-bin.vtk","scan",1623113628123733844,1623113631099566948
20,"build/tests/sizes/cube-1234-bin.vtk","chck",1623113628108823249,1623113631099576722
20,"build/tests/sizes/cube-240-bin.cgns","scan",1623113631113257642,1623113631200086009
20,"build/tests/sizes/cube-240-bin.cgns","chck",1623113631099577862,1623113631200092516
20,"build/tests/sizes/cube-325-bin.cgns","scan",1623113631216298595,1623113631312036119
20,"build/tests/sizes/cube-325-bin.cgns","chck",1623113631200093541,1623113631312042912
20,"build/tests/sizes/cube-2855-bin.cgns","scan",1623113631315824461,1623113631338902801
20,"build/tests/sizes/cube-2855-bin.cgns","chck",1623113631312043962,1623113631338909224
20,"build/tests/sizes/cube-3276-bin.msh4","scan",1623113631339552490,1623113631341928647
20,"build/tests/sizes/cube-3276-bin.msh4","chck",1623113631338910324,1623113631341933286
20,"build/tests/sizes/cube-2458-bin.msh2","scan",1623113631342452861,1623113632509011591
20,"build/tests/sizes/cube-2458-bin.msh2","chck",1623113631341934200,1623113632509019304
20,"build/tests/sizes/cube-875-bin.msh4","scan",1623113632527389307,1623113632534854891
20,"build/tests/sizes/cube-875-bin.msh4","chck",1623113632509020684,1623113632534861626
20,"build/tests/sizes/cube-2376-stl-bin.geo","scan",1623113632535420714,1623113632603167023
20,"build/tests/sizes/cube-2376-stl-bin.geo","chck",1623113632534862758,1623113632603174256
20,"build/tests/sizes/cube-2851-bin.vtk","scan",1623113632603813546,1623113633016145729
20,"build/tests/sizes/cube-2851-bin.vtk","chck",1623113632603175528,1623113633016153636
20,"build/tests/sizes/cube-863-asc.msh2","scan",1623113633037187985,1623113633651794970
20,"build/tests/sizes/cube-863-asc.msh2","chck",1623113633016154734,1623113633651802275
20,"build/tests/sizes/cube-2811-geo.geo_unrolled","scan",1623113633652484393,1623113633653699272
20,"build/tests/sizes/cube-2811-geo.geo_unrolled","chck",1623113633651803283,1623113633653703179
20,"build/tests/sizes/cube-3062-stl-bin.geo","scan",1623113633679214249,1623113633682085077
20,"build/tests/sizes/cube-3062-stl-bin.geo","chck",1623113633653704198,1623113633682089948
20,"build/tests/sizes/cube-1139-asc.mesh","scan",1623113633714159379,1623113633731482967
20,"build/tests/sizes/cube-1139-asc.mesh","chck",1623113633682091054,1623113633731489617
20,"build/tests/sizes/cube-1199-bin.msh2","scan",1623113633733159797,1623113633766708865
20,"build/tests/sizes/cube-1199-bin.msh2","chck",1623113633731490875,1623113633766716424
20,"build/tests/sizes/cube-1001-geo.geo","scan",1623113633770868330,1623113633772159511
20,"build/tests/sizes/cube-1001-geo.geo","chck",1623113633766717941,1623113633772164673
20,"build/tests/sizes/cube-3932-stl-bin.geo","scan",1623113633772696200,1623113633792260302
20,"build/tests/sizes/cube-3932-stl-bin.geo","chck",1623113633772165649,1623113633792266997
20,"build/tests/sizes/cube-3846-bin.msh4","scan",1623113633803926946,1623113634102010971
20,"build/tests/sizes/cube-3846-bin.msh4","chck",1623113633792268128,1623113634102017633
20,"build/tests/sizes/cube-228-bin.cgns","scan",1623113634106453058,1623113634132905917
20,"build/tests/sizes/cube-228-bin.cgns","chck",1623113634102018796,1623113634132913753
20,"build/tests/sizes/cube-13-stl-bin.geo","scan",1623113634152252066,1623113634206468253
20,"build/tests/sizes/cube-13-stl-bin.geo","chck",1623113634132914888,1623113634206473931
20,"build/tests/sizes/cube-3185-asc.mesh","scan",1623113634207067896,1623113634243269534
20,"build/tests/sizes/cube-3185-asc.mesh","chck",1623113634206474934,1623113634243277175
20,"build/tests/sizes/cube-3924-asc.msh2","scan",1623113634243890718,1623113634410996719
20,"build/tests/sizes/cube-3924-asc.msh2","chck",1623113634243278676,1623113634411003928
20,"build/tests/sizes/cube-2258-asc.mesh","scan",1623113634411593082,1623113634415941376
20,"build/tests/sizes/cube-2258-asc.mesh","chck",1623113634411005054,1623113634415945111
20,"build/tests/sizes/cube-3251-geo.geo","scan",1623113634429688122,1623113634431124888
20,"build/tests/sizes/cube-3251-geo.geo","chck",1623113634415945967,1623113634431130720
20,"build/tests/sizes/cube-3312-bin.msh4","scan",1623113634446689145,1623113634499820251
20,"build/tests/sizes/cube-3312-bin.msh4","chck",1623113634431131959,1623113634499827827
20,"build/tests/sizes/cube-2680-asc.bdf","scan",1623113634500478930,1623113634508606522
20,"build/tests/sizes/cube-2680-asc.bdf","chck",1623113634499828935,1623113634508614687
20,"build/tests/sizes/cube-3326-asc.msh2","scan",1623113634509176814,1623113634518701805
20,"build/tests/sizes/cube-3326-asc.msh2","chck",1623113634508615945,1623113634518708996
20,"build/tests/sizes/cube-1172-geo.geo_unrolled","scan",1623113634533334827,1623113634534565806
20,"build/tests/sizes/cube-1172-geo.geo_unrolled","chck",1623113634518710069,1623113634534572943
20,"build/tests/sizes/cube-3459-bin.msh2","scan",1623113634535626380,1623113634540312772
20,"build/tests/sizes/cube-3459-bin.msh2","chck",1623113634534574037,1623113634540318293
20,"build/tests/sizes/cube-3921-bin.cgns","scan",1623113634544271758,1623113634567046918
20,"build/tests/sizes/cube-3921-bin.cgns","chck",1623113634540319300,1623113634567053889
20,"build/tests/sizes/cube-2387-asc.mesh","scan",1623113634581555966,1623113635758640306
20,"build/tests/sizes/cube-2387-asc.mesh","chck",1623113634567055052,1623113635758647809
20,"build/tests/sizes/cube-2725-bin.msh4","scan",1623113635759336185,1623113635761161272
20,"build/tests/sizes/cube-2725-bin.msh4","chck",1623113635758649005,1623113635761167245
20,"build/tests/sizes/cube-2026-asc.bdf","scan",1623113635765548416,1623113635797508280
20,"build/tests/sizes/cube-2026-asc.bdf","chck",1623113635761168147,1623113635797515553
20,"build/tests/sizes/cube-2808-geo.geo","scan",1623113635798176438,1623113635799760036
20,"build/tests/sizes/cube-2808-geo.geo","chck",1623113635797516572,1623113635799763978
20,"build/tests/sizes/cube-1392-bin.cgns","scan",1623113635824920246,1623113635859505090
20,"build/tests/sizes/cube-1392-bin.cgns","chck",1623113635799765104,1623113635859511564
20,"build/tests/sizes/cube-1920-geo.geo","scan",1623113635881991491,1623113635883403820
20,"build/tests/sizes/cube-1920-geo.geo","chck",1623113635859512639,1623113635883410817
20,"build/tests/sizes/cube-1756-asc.bdf","scan",1623113635904805933,1623113636569889423
20,"build/tests/sizes/cube-1756-asc.bdf","chck",1623113635883411967,1623113636569897301
20,"build/tests/sizes/cube-2838-bin.vtk","scan",1623113636581962531,1623113638415154899
20,"build/tests/sizes/cube-2838-bin.vtk","chck",1623113636569898422,1623113638415364290
20,"build/tests/sizes/cube-3407-bin.msh4","scan",1623113638415934683,1623113638417687238
20,"build/tests/sizes/cube-3407-bin.msh4","chck",1623113638415366038,1623113638417692536
20,"build/tests/sizes/cube-3002-stl-bin.geo","scan",1623113638438886065,1623113639348502785
20,"build/tests/sizes/cube-3002-stl-bin.geo","chck",1623113638417693364,1623113639348510201
20,"build/tests/sizes/cube-2284-asc.msh2","scan",1623113639351892973,1623113639656885138
20,"build/tests/sizes/cube-2284-asc.msh2","chck",1623113639348511346,1623113639656892086
20,"build/tests/sizes/cube-857-bin.vtk","scan",1623113639658515216,1623113639662902459
20,"build/tests/sizes/cube-857-bin.vtk","chck",1623113639656893065,1623113639662908196
20,"build/tests/sizes/cube-371-asc.bdf","scan",1623113639676408428,1623113639684873470
20,"build/tests/sizes/cube-371-asc.bdf","chck",1623113639662909156,1623113639684879107
20,"build/tests/sizes/cube-3119-geo.geo_unrolled","scan",1623113639696160873,1623113639697416771
20,"build/tests/sizes/cube-3119-geo.geo_unrolled","chck",1623113639684880317,1623113639697422410
20,"build/tests/sizes/cube-2334-asc.mesh","scan",1623113639712646947,1623113642868732521
20,"build/tests/sizes/cube-2334-asc.mesh","chck",1623113639697423612,1623113642868740469
20,"build/tests/sizes/cube-3441-bin.cgns","scan",1623113642892459621,1623113642957276584
20,"build/tests/sizes/cube-3441-bin.cgns","chck",1623113642868741567,1623113642957284150
20,"build/tests/sizes/cube-313-stl-bin.geo","scan",1623113642979338093,1623113643116829834
20,"build/tests/sizes/cube-313-stl-bin.geo","chck",1623113642957285208,1623113643116845552
20,"build/tests/sizes/cube-351-stl-bin.geo","scan",1623113643138647659,1623113643223231574
20,"build/tests/sizes/cube-351-stl-bin.geo","chck",1623113643116846794,1623113643223239454
20,"build/tests/sizes/cube-686-bin.vtk","scan",1623113643243063155,1623113643301157437
20,"build/tests/sizes/cube-686-bin.vtk","chck",1623113643223240567,1623113643301164510
20,"build/tests/sizes/cube-68-geo.geo","scan",1623113643319168218,1623113643320612704
20,"build/tests/sizes/cube-68-geo.geo","chck",1623113643301165710,1623113643320619075
20,"build/tests/sizes/cube-2499-bin.vtk","scan",1623113643322015331,1623113643345855344
20,"build/tests/sizes/cube-2499-bin.vtk","chck",1623113643320620128,1623113643345862665
20,"build/tests/sizes/cube-639-asc.msh2","scan",1623113643367531570,1623113643415562157
20,"build/tests/sizes/cube-639-asc.msh2","chck",1623113643345863679,1623113643415567664
20,"build/tests/sizes/cube-2900-asc.bdf","scan",1623113643416129340,1623113645135070591
20,"build/tests/sizes/cube-2900-asc.bdf","chck",1623113643415568664,1623113645135077637
20,"build/tests/sizes/cube-1014-bin.msh2","scan",1623113645153155677,1623113645261694716
20,"build/tests/sizes/cube-1014-bin.msh2","chck",1623113645135078823,1623113645261701175
20,"build/tests/sizes/cube-501-stl-bin.geo","scan",1623113645263198561,1623113645278216765
20,"build/tests/sizes/cube-501-stl-bin.geo","chck",1623113645261702284,1623113645278222915
20,"build/tests/sizes/cube-3904-asc.msh2","scan",1623113645278733474,1623113645431684454
20,"build/tests/sizes/cube-3904-asc.msh2","chck",1623113645278223983,1623113645431692040
20,"build/tests/sizes/cube-136-asc.bdf","scan",1623113645446279068,1623113645458944480
20,"build/tests/sizes/cube-136-asc.bdf","chck",1623113645431693125,1623113645458951374
20,"build/tests/sizes/cube-2370-bin.msh2","scan",1623113645472862925,1623113645494656981
20,"build/tests/sizes/cube-2370-bin.msh2","chck",1623113645458952404,1623113645494663642
20,"build/tests/sizes/cube-3024-geo.geo","scan",1623113645495275550,1623113645496638805
20,"build/tests/sizes/cube-3024-geo.geo","chck",1623113645494664614,1623113645496642988
20,"build/tests/sizes/cube-2579-bin.cgns","scan",1623113645502077954,1623113645525896726
20,"build/tests/sizes/cube-2579-bin.cgns","chck",1623113645496643913,1623113645525903680
20,"cube-3024-geo","mesh",1623113645527220028,1623113645555445953
20,"cube-3024-geo","prep",1623113645556770329,1623113645557349867
20,"cube-3024-geo","zzzz",1623113645557355454,1623113645578064168,1143,2081,6243
20,"cube-3024-geo","post",1623113645578068538,1623113645578347458
20,"cube-2387-asc","prep",1623113645578440766,1623113645581341684
20,"cube-2387-asc","zzzz",1623113645581344088,1623113693405822845,27106,449581,1348743
20,"cube-2387-asc","post",1623113693405857207,1623113693432467765
20,"cube-2845-asc","prep",1623113693432505774,1623113693449994497
20,"cube-2845-asc","zzzz",1623113693449998207,1623113695421216954,34786,51406,154218
20,"cube-2845-asc","post",1623113695421228622,1623113695424362883
20,"cube-3326-asc","prep",1623113695424388144,1623113695424896055
20,"cube-3326-asc","zzzz",1623113695424897721,1623113695448649384,1259,2302,6906
20,"cube-3326-asc","post",1623113695448660371,1623113695449022948
20,"cube-3899-asc","prep",1623113695449145461,1623113695449503080
20,"cube-3899-asc","zzzz",1623113695449504891,1623113695457214001,490,982,2946
20,"cube-3899-asc","post",1623113695457225007,1623113695457474296
20,"cube-2212-geo","mesh",1623113695457489242,1623113695467066536
20,"cube-2212-geo","prep",1623113695467985661,1623113695468149170
20,"cube-2212-geo","zzzz",1623113695468150964,1623113695473371408,352,729,2187
20,"cube-2212-geo","post",1623113695473382437,1623113695473645625
20,"cube-2952-stl-bin","mesh",1623113695473687049,1623113695599530624
20,"cube-2952-stl-bin","prep",1623113695600408562,1623113695606518726
20,"cube-2952-stl-bin","zzzz",1623113695606521871,1623113696238647126,11561,23430,70290
20,"cube-2952-stl-bin","post",1623113696238658121,1623113696240249214
20,"cube-901-bin","prep",1623113696240267631,1623113696241069920
20,"cube-901-bin","zzzz",1623113696241072165,1623113696264935300,1267,2310,6930
20,"cube-901-bin","post",1623113696264946269,1623113696265311294
20,"cube-3904-asc","prep",1623113696265404216,1623113696276014525
20,"cube-3904-asc","zzzz",1623113696276017441,1623113697456057678,24281,36090,108270
20,"cube-3904-asc","post",1623113697456068769,1623113697458393669
20,"cube-3421-asc","prep",1623113697458412689,1623113697458856189
20,"cube-3421-asc","zzzz",1623113697458857741,1623113697918825267,2854,18786,56358
20,"cube-3421-asc","post",1623113697918861342,1623113697922020577
20,"cube-1042-bin","prep",1623113697922389837,1623113698671877592
20,"cube-1042-bin","zzzz",1623113698671886262,1623113922942952712,963450,1318411,3955233
20,"cube-1042-bin","post",1623113922942967957,1623113923067673704
20,"cube-1229-bin","prep",1623113923068290646,1623113923092217623
20,"cube-1229-bin","zzzz",1623113923092222526,1623113924255044153,24004,35714,107142
20,"cube-1229-bin","post",1623113924255055795,1623113924258359554
20,"cube-2589-asc","prep",1623113924258385911,1623113924267893607
20,"cube-2589-asc","zzzz",1623113924267895307,1623113924291825364,624,2315,6945
20,"cube-2589-asc","post",1623113924291836496,1623113924292374129
20,"cube-439-geo","mesh",1623113924292394740,1623113925113503600
20,"cube-439-geo","prep",1623113925125992713,1623113925157735241
20,"cube-439-geo","zzzz",1623113925157741711,1623113928779451203,53354,78159,234477
20,"cube-439-geo","post",1623113928779460566,1623113928803531511
20,"cube-3119-geo","mesh",1623113928805403102,1623113929380634399
20,"cube-3119-geo","prep",1623113929381663467,1623113929430790011
20,"cube-3119-geo","zzzz",1623113929430795862,1623113931535930956,36395,53774,161322
20,"cube-3119-geo","post",1623113931535945761,1623113931552281326
20,"cube-552-bin","prep",1623113931553700250,1623113931559716290
20,"cube-552-bin","zzzz",1623113931559719597,1623113931608876425,2267,3935,11805
20,"cube-552-bin","post",1623113931608887604,1623113931610306428
20,"cube-2437-asc","prep",1623113931610372644,1623113931613954932
20,"cube-2437-asc","zzzz",1623113931613957379,1623113931760366977,5248,8460,25380
20,"cube-2437-asc","post",1623113931760378085,1623113931761931170
20,"cube-3932-stl-bin","mesh",1623113931762084436,1623113931893818806
20,"cube-3932-stl-bin","prep",1623113931894811852,1623113931903878894
20,"cube-3932-stl-bin","zzzz",1623113931903882536,1623113932547438376,11711,23717,71151
20,"cube-3932-stl-bin","post",1623113932548011561,1623113932551827434
20,"cube-431-bin.cgns","prep",1623113932551866974,1623113932573954008
20,"cube-431-bin.cgns","zzzz",1623113932573957876,1623113934818889052,38045,56242,168726
20,"cube-431-bin.cgns","post",1623113934818900162,1623113934819315241
20,"cube-2026-asc","prep",1623113934819372760,1623113934819899930
20,"cube-2026-asc","zzzz",1623113934819902080,1623113934838408460,1056,1907,5721
20,"cube-2026-asc","post",1623113934838419416,1623113934838648864
20,"cube-2725-bin","prep",1623113934838692526,1623113934839358009
20,"cube-2725-bin","zzzz",1623113934839359903,1623113934866705751,1413,2560,7680
20,"cube-2725-bin","post",1623113934866716828,1623113934867035688
20,"cube-1920-geo","mesh",1623113934867051167,1623113935416139034
20,"cube-1920-geo","prep",1623113935417127896,1623113935464355538
20,"cube-1920-geo","zzzz",1623113935464361244,1623113937676288895,37711,55678,167034
20,"cube-1920-geo","post",1623113937676301302,1623113937693808495
20,"cube-313-stl-bin","mesh",1623113937695272912,1623113938798092735
20,"cube-313-stl-bin","prep",1623113938799105030,1623113938927819098
20,"cube-313-stl-bin","zzzz",1623113938927827322,1623113947835716658,85737,144532,433596
20,"cube-313-stl-bin","post",1623113947835728751,1623113947872547153
20,"cube-3276-bin","prep",1623113947872579463,1623113947887647864
20,"cube-3276-bin","zzzz",1623113947887650984,1623113947969230206,3394,5617,16851
20,"cube-3276-bin","post",1623113947969241488,1623113947969963613
20,"cube-2734-asc","prep",1623113947970059112,1623113947972599148
20,"cube-2734-asc","zzzz",1623113947972601214,1623113947984585182,734,1373,4119
20,"cube-2734-asc","post",1623113947984596268,1623113947984740799
20,"cube-2284-asc","prep",1623113947984755501,1623113948009657740
20,"cube-2284-asc","zzzz",1623113948009662230,1623113950626271143,42541,62472,187416
20,"cube-2284-asc","post",1623113950626283254,1623113950633989769
20,"cube-686-bin","prep",1623113950634018746,1623113950647623744
20,"cube-686-bin","zzzz",1623113950647626481,1623113951826732841,24034,36080,108240
20,"cube-686-bin","post",1623113951826745214,1623113951830002024
20,"cube-1392-bin.cgns","prep",1623113951830039702,1623113951830911948
20,"cube-1392-bin.cgns","zzzz",1623113951830915789,1623113951832689587,143,322,966
20,"cube-1392-bin.cgns","post",1623113951832691104,1623113951832734347
20,"cube-3924-asc","prep",1623113951832754628,1623113951844806962
20,"cube-3924-asc","zzzz",1623113951844811636,1623113952929690539,22702,34081,102243
20,"cube-3924-asc","post",1623113952929710228,1623113952931854921
20,"cube-1270-bin","prep",1623113952931891984,1623113952976722422
20,"cube-1270-bin","zzzz",1623113952976729769,1623113959155007476,78013,112644,337932
20,"cube-1270-bin","post",1623113959155022939,1623113959174092626
20,"cube-3185-asc","prep",1623113959174126236,1623113959180891826
20,"cube-3185-asc","zzzz",1623113959180895049,1623113959614553644,2714,18040,54120
20,"cube-3185-asc","post",1623113959614566758,1623113959616720759
20,"cube-2680-asc","prep",1623113959616740193,1623113959617397961
20,"cube-2680-asc","zzzz",1623113959617399801,1623113959634014317,1003,1762,5286
20,"cube-2680-asc","post",1623113959634019046,1623113959634342282
20,"cube-371-asc","prep",1623113959634398968,1623113959634566859
20,"cube-371-asc","zzzz",1623113959634567876,1623113959636672770,172,359,1077
20,"cube-371-asc","post",1623113959636683838,1623113959636821728
20,"cube-2114-geo","mesh",1623113959636835755,1623113959695134092
20,"cube-2114-geo","prep",1623113959696112874,1623113959698851034
20,"cube-2114-geo","zzzz",1623113959698853225,1623113959779197563,3360,5557,16671
20,"cube-2114-geo","post",1623113959779208672,1623113959779970162
20,"cube-13-stl-bin","mesh",1623113959780246545,1623113960036068945
20,"cube-13-stl-bin","prep",1623113960037090007,1623113960060466424
20,"cube-13-stl-bin","zzzz",1623113960060472100,1623113961540642040,22483,42223,126669
20,"cube-13-stl-bin","post",1623113961540654162,1623113961545131026
20,"cube-325-bin.cgns","prep",1623113961545160753,1623113961572077218
20,"cube-325-bin.cgns","zzzz",1623113961572080739,1623113963528988299,34585,51172,153516
20,"cube-325-bin.cgns","post",1623113963528999621,1623113963529072100
20,"cube-3062-stl-bin","mesh",1623113963529134122,1623113963532174452
20,"cube-3062-stl-bin","prep",1623113963533191727,1623113963533375331
20,"cube-3062-stl-bin","zzzz",1623113963533377218,1623113963537249147,150,579,1737
20,"cube-3062-stl-bin","post",1623113963537260163,1623113963537379893
20,"cube-1756-asc","prep",1623113963537415106,1623113963578631911
20,"cube-1756-asc","zzzz",1623113963578638809,1623113969865161393,78995,113984,341952
20,"cube-1756-asc","post",1623113969865187075,1623113969871930170
20,"cube-1999-asc","prep",1623113969871966707,1623113969872109917
20,"cube-1999-asc","zzzz",1623113969872111231,1623113969875010636,168,469,1407
20,"cube-1999-asc","post",1623113969875015538,1623113969875158815
20,"cube-3312-bin","prep",1623113969875182229,1623113969895561960
20,"cube-3312-bin","zzzz",1623113969895566020,1623113972185245483,38618,57024,171072
20,"cube-3312-bin","post",1623113972185255714,1623113972189075561
20,"cube-501-stl-bin","mesh",1623113972189120010,1623113972193750107
20,"cube-501-stl-bin","prep",1623113972194817120,1623113972195197581
20,"cube-501-stl-bin","zzzz",1623113972195199907,1623113972204429896,329,1132,3396
20,"cube-501-stl-bin","post",1623113972204431809,1623113972204522831
20,"cube-3459-bin","prep",1623113972204534554,1623113972204967920
20,"cube-3459-bin","zzzz",1623113972204969256,1623113972220507472,943,1676,5028
20,"cube-3459-bin","post",1623113972220510122,1623113972220610475
20,"cube-875-bin","prep",1623113972220648675,1623113972220818029
20,"cube-875-bin","zzzz",1623113972220819054,1623113972223247693,191,404,1212
20,"cube-875-bin","post",1623113972223263959,1623113972223383909
20,"cube-3251-geo","mesh",1623113972223400001,1623113972233639594
20,"cube-3251-geo","prep",1623113972234680784,1623113972235093694
20,"cube-3251-geo","zzzz",1623113972235096101,1623113972240452727,364,745,2235
20,"cube-3251-geo","post",1623113972240468508,1623113972240675960
20,"cube-2452-bin.cgns","prep",1623113972240691917,1623113972241163700
20,"cube-2452-bin.cgns","zzzz",1623113972241166157,1623113972245982090,332,687,2061
20,"cube-2452-bin.cgns","post",1623113972245997949,1623113972246031037
20,"cube-303-bin.cgns","prep",1623113972246049769,1623113972267976662
20,"cube-303-bin.cgns","zzzz",1623113972267980408,1623113972590386184,9273,14673,44019
20,"cube-303-bin.cgns","post",1623113972590401115,1623113972590475029
20,"cube-68-geo","mesh",1623113972590517922,1623113972635289758
20,"cube-68-geo","prep",1623113972636286988,1623113972638477032
20,"cube-68-geo","zzzz",1623113972638479235,1623113972693551274,2483,4268,12804
20,"cube-68-geo","post",1623113972693562357,1623113972694168949
20,"cube-2600-bin.cgns","prep",1623113972694372435,1623113972705457325
20,"cube-2600-bin.cgns","zzzz",1623113972705461095,1623113983586445200,116683,165632,496896
20,"cube-2600-bin.cgns","post",1623113983586460320,1623113983586534293
20,"cube-2855-bin.cgns","prep",1623113983586598962,1623113983590567830
20,"cube-2855-bin.cgns","zzzz",1623113983590571934,1623113985890775806,38756,57221,171663
20,"cube-2855-bin.cgns","post",1623113985890787082,1623113985890875587
20,"cube-1550-bin","prep",1623113985890934367,1623113986685309674
20,"cube-1550-bin","zzzz",1623113986685319269,1623114251286151529,1093197,1492520,4477560
20,"cube-1550-bin","post",1623114251286163377,1623114251429591535
20,"cube-1554-asc","prep",1623114251430018119,1623114251857476356
20,"cube-1554-asc","zzzz",1623114251857484439,1623114365760495412,581289,801056,2403168
20,"cube-1554-asc","post",1623114365760518020,1623114365831306693
20,"cube-2037-asc","prep",1623114365831347076,1623114366052240706
20,"cube-2037-asc","zzzz",1623114366052248292,1623114418743786095,344704,479682,1439046
20,"cube-2037-asc","post",1623114418743801562,1623114418782424040
20,"cube-240-bin.cgns","prep",1623114418782462251,1623114418817557436
20,"cube-240-bin.cgns","zzzz",1623114418817563500,1623114418949139361,4837,7851,23553
20,"cube-240-bin.cgns","post",1623114418949590067,1623114418949633092
20,"cube-2334-asc","prep",1623114418949661649,1623114418959963822
20,"cube-2334-asc","zzzz",1623114418959965644,1623114641764436841,54188,1311955,3935865
20,"cube-2334-asc","post",1623114641764451888,1623114641864232012
20,"cube-55-bin.cgns","prep",1623114641864265368,1623114641899378558
20,"cube-55-bin.cgns","zzzz",1623114641899383625,1623114642583293887,16244,24774,74322
20,"cube-55-bin.cgns","post",1623114642583305027,1623114642583376610
20,"cube-1927-bin.cgns","prep",1623114642583432231,1623114642689166015
20,"cube-1927-bin.cgns","zzzz",1623114642689174855,1623114844050162760,888541,1216066,3648198
20,"cube-1927-bin.cgns","post",1623114844050177716,1623114844050261255
20,"cube-228-bin.cgns","prep",1623114844050335065,1623114844117203459
20,"cube-228-bin.cgns","zzzz",1623114844117211594,1623114885046365861,289184,405069,1215207
20,"cube-228-bin.cgns","post",1623114885046381235,1623114885046453859
20,"cube-3365-geo","mesh",1623114885046514234,1623114886847429825
20,"cube-3365-geo","prep",1623114886848442839,1623114887004948895
20,"cube-3365-geo","zzzz",1623114887004955445,1623114897910663369,116820,165857,497571
20,"cube-3365-geo","post",1623114897910678615,1623114897968430452
20,"cube-1172-geo","mesh",1623114897968478272,1623114901455482360
20,"cube-1172-geo","prep",1623114901456547676,1623114901752075170
20,"cube-1172-geo","zzzz",1623114901752081023,1623114927648727096,212080,297791,893373
20,"cube-1172-geo","post",1623114927648742610,1623114927768609671
20,"cube-136-asc","prep",1623114927768656503,1623114927792029776
20,"cube-136-asc","zzzz",1623114927792034669,1623114927795708899,265,556,1668
20,"cube-136-asc","post",1623114927795720486,1623114927795906235
20,"cube-2579-bin.cgns","prep",1623114927795945679,1623114927829486951
20,"cube-2579-bin.cgns","zzzz",1623114927829490128,1623114927832703740,238,501,1503
20,"cube-2579-bin.cgns","post",1623114927832714732,1623114927832806359
20,"cube-3921-bin.cgns","prep",1623114927832867641,1623114927853775206
20,"cube-3921-bin.cgns","zzzz",1623114927853778158,1623114927856673752,207,462,1386
20,"cube-3921-bin.cgns","post",1623114927856684874,1623114927856735910
20,"cube-2467-bin.cgns","prep",1623114927856781291,1623114927895716817
20,"cube-2467-bin.cgns","zzzz",1623114927895722638,1623114940872610291,131476,186669,560007
20,"cube-2467-bin.cgns","post",1623114940872623419,1623114940872690679
20,"cube-2499-bin","prep",1623114940872751258,1623114940881355922
20,"cube-2499-bin","zzzz",1623114940881359023,1623114941562662850,16150,24673,74019
20,"cube-2499-bin","post",1623114941562674050,1623114941564616507
20,"cube-3929-stl-bin","mesh",1623114941564641127,1623114941569771668
20,"cube-3929-stl-bin","prep",1623114941570769979,1623114941571480635
20,"cube-3929-stl-bin","zzzz",1623114941571483146,1623114941581462964,338,1195,3585
20,"cube-3929-stl-bin","post",1623114941581473946,1623114941581692350
20,"cube-3407-bin","prep",1623114941581727658,1623114941582589130
20,"cube-3407-bin","zzzz",1623114941582590842,1623114941607401610,1310,2379,7137
20,"cube-3407-bin","post",1623114941607412676,1623114941607862679
20,"cube-351-stl-bin","mesh",1623114941608016882,1623114942117985911
20,"cube-351-stl-bin","prep",1623114942119043243,1623114942174804892
20,"cube-351-stl-bin","zzzz",1623114942174811832,1623114945255426954,38977,69947,209841
20,"cube-351-stl-bin","post",1623114945255438841,1623114945277908853
20,"cube-2808-geo","mesh",1623114945277951807,1623114945294126521
20,"cube-2808-geo","prep",1623114945295158396,1623114945295476346
20,"cube-2808-geo","zzzz",1623114945295478436,1623114945297563252,172,359,1077
20,"cube-2808-geo","post",1623114945297568901,1623114945297723051
20,"cube-1014-bin","prep",1623114945297738209,1623114945298934020
20,"cube-1014-bin","zzzz",1623114945298936323,1623114945347470364,2244,3901,11703
20,"cube-1014-bin","post",1623114945347486518,1623114945347685959
20,"cube-174-stl-bin","mesh",1623114945347759706,1623114945411669365
20,"cube-174-stl-bin","prep",1623114945412691172,1623114945418647605
20,"cube-174-stl-bin","zzzz",1623114945418656575,1623114945641446461,5142,11342,34026
20,"cube-174-stl-bin","post",1623114945641458132,1623114945644098364
20,"cube-2838-bin","prep",1623114945644323117,1623114946367165085
20,"cube-2838-bin","zzzz",1623114946367181622,1623115173158113248,972510,1329527,3988581
20,"cube-2838-bin","post",1623115173158121894,1623115173243624066
20,"cube-2376-stl-bin","mesh",1623115173243662125,1623115174048519602
20,"cube-2376-stl-bin","prep",1623115174049578155,1623115174133292953
20,"cube-2376-stl-bin","zzzz",1623115174133300671,1623115179571640782,59456,103213,309639
20,"cube-2376-stl-bin","post",1623115179571656526,1623115179606475733
20,"cube-3441-bin.cgns","prep",1623115179606513057,1623115179639696530
20,"cube-3441-bin.cgns","zzzz",1623115179639700684,1623115179657099197,995,1820,5460
20,"cube-3441-bin.cgns","post",1623115179657110312,1623115179657175783
20,"cube-1001-geo","mesh",1623115179657226596,1623115202406094183
20,"cube-1001-geo","prep",1623115203325499831,1623115204621657606
20,"cube-1001-geo","zzzz",1623115204621662265,1623115608553931417,1505840,2049789,6149367
20,"cube-1001-geo","post",1623115608553947004,1623115609016464276
20,"cube-1139-asc","prep",1623115609017329540,1623115609034428842
20,"cube-1139-asc","zzzz",1623115609034432679,1623115609045755199,368,1315,3945
20,"cube-1139-asc","post",1623115609045766364,1623115609046202443
20,"cube-3149-bin","prep",1623115609046347198,1623115609544007030
20,"cube-3149-bin","zzzz",1623115609544014550,1623115742084729910,646337,888655,2665965
20,"cube-3149-bin","post",1623115742084745112,1623115742146115083
20,"cube-2900-asc","prep",1623115742146153666,1623115742294768191
20,"cube-2900-asc","zzzz",1623115742294776406,1623115770158978274,222633,312835,938505
20,"cube-2900-asc","post",1623115770158994235,1623115770179623158
20,"cube-863-asc","prep",1623115770179664407,1623115770242702922
20,"cube-863-asc","zzzz",1623115770242712302,1623115777486723320,87313,125557,376671
20,"cube-863-asc","post",1623115777486732286,1623115777495262598
20,"cube-857-bin","prep",1623115777495301976,1623115777504845864
20,"cube-857-bin","zzzz",1623115777504850369,1623115777538194544,1652,2972,8916
20,"cube-857-bin","post",1623115777538205312,1623115777538854594
20,"cube-3846-bin","prep",1623115777538891981,1623115777806546651
20,"cube-3846-bin","zzzz",1623115777806553828,1623115837312646559,374210,520279,1560837
20,"cube-3846-bin","post",1623115837312661525,1623115837346506666
20,"cube-2458-bin","prep",1623115837346550330,1623115837536043510
20,"cube-2458-bin","zzzz",1623115837536051802,1623115877013772808,282550,395372,1186116
20,"cube-2458-bin","post",1623115877013789963,1623115877043478049
20,"cube-1234-bin","prep",1623115877043521687,1623115878380255247
20,"cube-1234-bin","zzzz",1623115878380264451,1623116351913721484,1699261,2309362,6928086
20,"cube-1234-bin","post",1623116351913730218,1623116352065508892
20,"cube-1199-bin","prep",1623116352066309373,1623116352075443907
20,"cube-1199-bin","zzzz",1623116352075449930,1623116352364615313,8603,13609,40827
20,"cube-1199-bin","post",1623116352364631609,1623116352365611140
20,"cube-541-stl-bin","mesh",1623116352365738014,1623116352437543079
20,"cube-541-stl-bin","prep",1623116352438714715,1623116352441713130
20,"cube-541-stl-bin","zzzz",1623116352441716389,1623116352661148327,5103,11223,33669
20,"cube-541-stl-bin","post",1623116352661164047,1623116352662649956
20,"cube-3765-geo","mesh",1623116352662675200,1623116376751178476
20,"cube-3765-geo","prep",1623116377690688386,1623116378984225386
20,"cube-3765-geo","zzzz",1623116378984231460,1623116791867317909,1531688,2083763,6251289
20,"cube-3765-geo","post",1623116791867329679,1623116792336521785
20,"cube-3002-stl-bin","mesh",1623116792337557736,1623116817318970821
20,"cube-3002-stl-bin","prep",1623116818086109565,1623116819403682854
20,"cube-3002-stl-bin","zzzz",1623116819403690808,1623117326547638807,1667892,2431235,7293705
20,"cube-3002-stl-bin","post",1623117326547647553,1623117327073303719
20,"cube-2370-bin","prep",1623117327073342744,1623117327101261447
20,"cube-2370-bin","zzzz",1623117327101672075,1623117327124865199,1238,2261,6783
20,"cube-2370-bin","post",1623117327124876843,1623117327125368213
20,"cube-3223-asc","prep",1623117327125390028,1623117327135731693
20,"cube-3223-asc","zzzz",1623117327135734319,1623117327162742755,1393,2536,7608
20,"cube-3223-asc","post",1623117327162753745,1623117327163487239
20,"cube-2289-geo","mesh",1623117327163521927,1623117327308408439
20,"cube-2289-geo","prep",1623117327309489771,1623117327317027750
20,"cube-2289-geo","zzzz",1623117327317030476,1623117327516777069,6620,10510,31530
20,"cube-2289-geo","post",1623117327516788178,1623117327518876604
20,"cube-1572-asc","prep",1623117327519076834,1623117327522496033
20,"cube-1572-asc","zzzz",1623117327522498666,1623117327642217955,4507,7349,22047
20,"cube-1572-asc","post",1623117327642229166,1623117327643317292
20,"cube-2811-geo","mesh",1623117327643334329,1623117327892367307
20,"cube-2811-geo","prep",1623117327893466455,1623117327909639175
20,"cube-2811-geo","zzzz",1623117327909643347,1623117328431619889,13269,20515,61545
20,"cube-2811-geo","post",1623117328431630980,1623117328435845387
20,"cube-1203-bin","prep",1623117328435894089,1623117329696990442
20,"cube-1203-bin","zzzz",1623117329697002816,1623117803944342130,1701250,2311974,6935922
20,"cube-1203-bin","post",1623117803944365771,1623117804091480015
20,"cube-2598-asc","prep",1623117804091584534,1623117804092274837
20,"cube-2598-asc","zzzz",1623117804092277956,1623117804105121967,794,1447,4341
20,"cube-2598-asc","post",1623117804105127433,1623117804105313591
20,"cube-889-asc","prep",1623117804105558137,1623117804105807681
20,"cube-889-asc","zzzz",1623117804105809312,1623117804124104198,482,1892,5676
20,"cube-889-asc","post",1623117804124118605,1623117804126173967
20,"cube-2131-bin","prep",1623117804126188520,1623117804685356344
20,"cube-2131-bin","zzzz",1623117804685364943,1623117965278118793,749186,1026296,3078888
20,"cube-2131-bin","post",1623117965278134297,1623117965345308184
20,"cube-2634-asc","prep",1623117965345467016,1623117965444747270
20,"cube-2634-asc","zzzz",1623117965444755043,1623117973805106802,96813,138438,415314
20,"cube-2634-asc","post",1623117973805121779,1623117973843812339
20,"cube-639-asc","prep",1623117973843853097,1623117973849794207
20,"cube-639-asc","zzzz",1623117973849798749,1623117973933503173,3477,5722,17166
20,"cube-639-asc","post",1623117973933514643,1623117973934233262
20,"cube-2258-asc","prep",1623117973934259990,1623117973934397336
20,"cube-2258-asc","zzzz",1623117973934398545,1623117973953806644,520,1977,5931
20,"cube-2258-asc","post",1623117973953817771,1623117973954372927
20,"cube-2851-bin","prep",1623117973954386679,1623117974130194371
20,"cube-2851-bin","zzzz",1623117974130202437,1623118008092926902,254757,357378,1072134
20,"cube-2851-bin","post",1623118008092943501,1623118008127504496
20,"cube-3626-stl-bin","mesh",1623118008127551977,1623118011748285673
20,"cube-3626-stl-bin","prep",1623118011749428870,1623118012080452161
20,"cube-3626-stl-bin","zzzz",1623118012080461444,1623118050704626169,246554,389596,1168788
20,"cube-3626-stl-bin","post",1623118050704638483,1623118050862998315
20,"cube-3092-geo","mesh",1623118050863038637,1623118051051942856
20,"cube-3092-geo","prep",1623118051053072208,1623118051061890164
20,"cube-3092-geo","zzzz",1623118051061893591,1623118051221680649,5593,8993,26979
20,"cube-3092-geo","post",1623118051221699846,1623118051225443773
20,"cube-3760-bin","prep",1623118051225890912,1623118051283385798
20,"cube-3760-bin","zzzz",1623118051283393263,1623118058212389107,84304,121762,365286
20,"cube-3760-bin","post",1623118058212401955,1623118058232718973
20,"cube-3090-bin","prep",1623118058232757609,1623118058255832697
20,"cube-3090-bin","zzzz",1623118058255842457,1623118059649776575,27167,40476,121428
20,"cube-3090-bin","post",1623118059649788485,1623118059656056212
20,"cube-3371-bin","prep",1623118059656086039,1623118059660805938
20,"cube-3371-bin","zzzz",1623118059660808938,1623118059662926158,176,361,1083
20,"cube-3371-bin","post",1623118059662937329,1623118059663089242
20,"cube-1915-asc","prep",1623118059663124247,1623118059663550525
20,"cube-1915-asc","zzzz",1623118059663552168,1623118059666765302,238,501,1503
20,"cube-1915-asc","post",1623118059666776288,1623118059666988457
20,"cube-586-geo","mesh",1623118059667022202,1623118059686123269
20,"cube-586-geo","prep",1623118059687248213,1623118059688509581
20,"cube-586-geo","zzzz",1623118059688511770,1623118059699884729,699,1321,3963
20,"cube-586-geo","post",1623118059699899258,1623118059700450105
20,"cube-596-bin.cgns","prep",1623118059700484846,1623118059741359013
20,"cube-596-bin.cgns","zzzz",1623118059741367246,1623118059745118709,272,565,1695
20,"cube-596-bin.cgns","post",1623118059745129726,1623118059745258964
20,"cube-191-bin","prep",1623118059745302578,1623118060091571410
20,"cube-191-bin","zzzz",1623118060091578755,1623118143653007256,472494,652282,1956846
20,"cube-191-bin","post",1623118143653023215,1623118143725661189
20,"cube-1973-asc","prep",1623118143725693031,1623118143735271801
20,"cube-1973-asc","zzzz",1623118143735275089,1623118291703244801,43624,965169,2895507
20,"cube-1973-asc","post",1623118291703261979,1623118291809125697
20,"cube-3963-geo","mesh",1623118291809164774,1623118291816858499
20,"cube-3963-geo","prep",1623118291818011453,1623118291818239017
20,"cube-3963-geo","zzzz",1623118291818241330,1623118291820089589,143,324,972
20,"cube-3963-geo","post",1623118291820100501,1623118291820293159
20,"cube-1901-asc","prep",1623118291820308096,1623118292124076862
20,"cube-1901-asc","zzzz",1623118292124082258,1623118364547152618,427650,593072,1779216
20,"cube-1901-asc","post",1623118364547168284,1623118364608221573
20,"cube-3383-asc","prep",1623118364608261746,1623118364612358436
20,"cube-3383-asc","zzzz",1623118364612362436,1623118364662533176,2307,3992,11976
20,"cube-3383-asc","post",1623118364662544955,1623118364663326335
20,"cube-1128-stl-bin","mesh",1623118364663345784,1623118364668865198
20,"cube-1128-stl-bin","prep",1623118364669988927,1623118364670386112
20,"cube-1128-stl-bin","zzzz",1623118364670388460,1623118364680652883,360,1221,3663
20,"cube-1128-stl-bin","post",1623118364680663927,1623118364680936292
20,"cube-1966-asc","prep",1623118364680966179,1623118364689662784
20,"cube-1966-asc","zzzz",1623118364689664659,1623118554053719724,49632,1161319,3483957
20,"cube-1966-asc","post",1623118554053734684,1623118554180846452
20,"Proc","exit_task",1623113578265343911,1623118554205749461,4194136
