22,"build/tests/sizes/cube-1888-geo.geo_unrolled","scan",1623113599543903675,1623113599547334517
22,"build/tests/sizes/cube-1888-geo.geo_unrolled","chck",1623113599538808312,1623113599547449828
22,"build/tests/sizes/cube-618-bin.cgns","scan",1623113599576965759,1623113599634852558
22,"build/tests/sizes/cube-618-bin.cgns","chck",1623113599547451135,1623113599634859019
22,"build/tests/sizes/cube-3394-bin.vtk","scan",1623113599637341712,1623113599641624826
22,"build/tests/sizes/cube-3394-bin.vtk","chck",1623113599634860157,1623113599641629899
22,"build/tests/sizes/cube-2414-asc.bdf","scan",1623113599652028668,1623113602205140321
22,"build/tests/sizes/cube-2414-asc.bdf","chck",1623113599641631127,1623113602205162715
22,"build/tests/sizes/cube-3611-bin.msh4","scan",1623113602206730116,1623113602236350115
22,"build/tests/sizes/cube-3611-bin.msh4","chck",1623113602205163990,1623113602236357189
22,"build/tests/sizes/cube-1044-bin.msh4","scan",1623113602252619904,1623113602295474100
22,"build/tests/sizes/cube-1044-bin.msh4","chck",1623113602236358306,1623113602295481022
22,"build/tests/sizes/cube-1809-geo.geo_unrolled","scan",1623113602318016965,1623113602319124855
22,"build/tests/sizes/cube-1809-geo.geo_unrolled","chck",1623113602295482303,1623113602319131141
22,"build/tests/sizes/cube-3369-asc.bdf","scan",1623113602319677043,1623113604567308570
22,"build/tests/sizes/cube-3369-asc.bdf","chck",1623113602319132344,1623113604567333896
22,"build/tests/sizes/cube-2652-geo.geo","scan",1623113604568588652,1623113604587156705
22,"build/tests/sizes/cube-2652-geo.geo","chck",1623113604567335141,1623113604587163001
22,"build/tests/sizes/cube-3983-geo.geo","scan",1623113604602757525,1623113604604048505
22,"build/tests/sizes/cube-3983-geo.geo","chck",1623113604587164081,1623113604604054360
22,"build/tests/sizes/cube-3023-asc.msh2","scan",1623113604613263336,1623113604669168593
22,"build/tests/sizes/cube-3023-asc.msh2","chck",1623113604604055293,1623113604669173873
22,"build/tests/sizes/cube-2921-bin.msh2","scan",1623113604677150013,1623113605021277790
22,"build/tests/sizes/cube-2921-bin.msh2","chck",1623113604669174840,1623113605021285607
22,"build/tests/sizes/cube-1354-geo.geo_unrolled","scan",1623113605046476067,1623113605047755000
22,"build/tests/sizes/cube-1354-geo.geo_unrolled","chck",1623113605021286828,1623113605047761939
22,"build/tests/sizes/cube-2095-geo.geo_unrolled","scan",1623113605048354772,1623113605049238746
22,"build/tests/sizes/cube-2095-geo.geo_unrolled","chck",1623113605047763207,1623113605049242636
22,"build/tests/sizes/cube-331-stl-bin.geo","scan",1623113605067744645,1623113605107262773
22,"build/tests/sizes/cube-331-stl-bin.geo","chck",1623113605049243571,1623113605107269413
22,"build/tests/sizes/cube-1081-bin.vtk","scan",1623113605124286226,1623113605151128474
22,"build/tests/sizes/cube-1081-bin.vtk","chck",1623113605107270623,1623113605151134797
22,"build/tests/sizes/cube-535-bin.msh4","scan",1623113605169957751,1623113605380127836
22,"build/tests/sizes/cube-535-bin.msh4","chck",1623113605151135973,1623113605380133001
22,"build/tests/sizes/cube-3252-bin.msh2","scan",1623113605380818464,1623113605382647755
22,"build/tests/sizes/cube-3252-bin.msh2","chck",1623113605380133935,1623113605382652843
22,"build/tests/sizes/cube-2627-asc.bdf","scan",1623113605389821829,1623113605634656591
22,"build/tests/sizes/cube-2627-asc.bdf","chck",1623113605382653757,1623113605634663792
22,"build/tests/sizes/cube-1111-asc.msh2","scan",1623113605650636938,1623113606561221713
22,"build/tests/sizes/cube-1111-asc.msh2","chck",1623113605634665068,1623113606561235453
22,"build/tests/sizes/cube-1147-asc.msh2","scan",1623113606562414863,1623113615954674728
22,"build/tests/sizes/cube-1147-asc.msh2","chck",1623113606561236649,1623113615954695671
22,"build/tests/sizes/cube-3701-geo.geo","scan",1623113615978577687,1623113615979904060
22,"build/tests/sizes/cube-3701-geo.geo","chck",1623113615954696922,1623113615979910355
22,"build/tests/sizes/cube-3775-asc.mesh","scan",1623113615980445865,1623113619014541622
22,"build/tests/sizes/cube-3775-asc.mesh","chck",1623113615979911407,1623113619014548397
22,"build/tests/sizes/cube-3714-bin.cgns","scan",1623113619017768765,1623113619036429130
22,"build/tests/sizes/cube-3714-bin.cgns","chck",1623113619014556000,1623113619036436716
22,"build/tests/sizes/cube-697-geo.geo","scan",1623113619056139242,1623113619057420626
22,"build/tests/sizes/cube-697-geo.geo","chck",1623113619036437860,1623113619057426539
22,"build/tests/sizes/cube-1512-asc.mesh","scan",1623113619075795444,1623113619137147268
22,"build/tests/sizes/cube-1512-asc.mesh","chck",1623113619057427634,1623113619137153559
22,"build/tests/sizes/cube-3324-stl-bin.geo","scan",1623113619137727720,1623113619688975947
22,"build/tests/sizes/cube-3324-stl-bin.geo","chck",1623113619137154707,1623113619688989941
22,"build/tests/sizes/cube-3217-asc.bdf","scan",1623113619691544241,1623113619882274782
22,"build/tests/sizes/cube-3217-asc.bdf","chck",1623113619688991072,1623113619882281549
22,"build/tests/sizes/cube-1432-bin.vtk","scan",1623113619901470468,1623113620047289464
22,"build/tests/sizes/cube-1432-bin.vtk","chck",1623113619882282827,1623113620047295462
22,"build/tests/sizes/cube-1336-bin.msh4","scan",1623113620048620844,1623113620050395081
22,"build/tests/sizes/cube-1336-bin.msh4","chck",1623113620047296401,1623113620050399632
22,"build/tests/sizes/cube-2773-bin.vtk","scan",1623113620050891744,1623113620052066091
22,"build/tests/sizes/cube-2773-bin.vtk","chck",1623113620050400691,1623113620052069559
22,"build/tests/sizes/cube-577-bin.vtk","scan",1623113620067130577,1623113621444304290
22,"build/tests/sizes/cube-577-bin.vtk","chck",1623113620052070423,1623113621444317043
22,"build/tests/sizes/cube-806-geo.geo_unrolled","scan",1623113621453680387,1623113621454785140
22,"build/tests/sizes/cube-806-geo.geo_unrolled","chck",1623113621444318236,1623113621454789820
22,"build/tests/sizes/cube-3704-bin.msh4","scan",1623113621455710758,1623113622794406483
22,"build/tests/sizes/cube-3704-bin.msh4","chck",1623113621454790731,1623113622794413657
22,"build/tests/sizes/cube-1528-geo.geo","scan",1623113622795756367,1623113622797331461
22,"build/tests/sizes/cube-1528-geo.geo","chck",1623113622794414794,1623113622797337242
22,"build/tests/sizes/cube-463-asc.bdf","scan",1623113622798444523,1623113623257823312
22,"build/tests/sizes/cube-463-asc.bdf","chck",1623113622797338540,1623113623257828769
22,"build/tests/sizes/cube-1784-geo.geo","scan",1623113623258871260,1623113623270598133
22,"build/tests/sizes/cube-1784-geo.geo","chck",1623113623257829860,1623113623270603925
22,"build/tests/sizes/cube-3940-asc.bdf","scan",1623113623271172754,1623113623275268771
22,"build/tests/sizes/cube-3940-asc.bdf","chck",1623113623270605071,1623113623275272622
22,"build/tests/sizes/cube-883-asc.msh2","scan",1623113623283745541,1623113626355287869
22,"build/tests/sizes/cube-883-asc.msh2","chck",1623113623275273707,1623113626355294064
22,"build/tests/sizes/cube-3972-stl-bin.geo","scan",1623113626356969835,1623113626801568096
22,"build/tests/sizes/cube-3972-stl-bin.geo","chck",1623113626355295122,1623113626801574689
22,"build/tests/sizes/cube-6-bin.cgns","scan",1623113626828612050,1623113626878212766
22,"build/tests/sizes/cube-6-bin.cgns","chck",1623113626801575873,1623113626878218993
22,"build/tests/sizes/cube-894-asc.msh2","scan",1623113626897745440,1623113626932987386
22,"build/tests/sizes/cube-894-asc.msh2","chck",1623113626878220073,1623113626932992702
22,"build/tests/sizes/cube-1514-geo.geo","scan",1623113626933950438,1623113626935173103
22,"build/tests/sizes/cube-1514-geo.geo","chck",1623113626932993737,1623113626935177829
22,"build/tests/sizes/cube-3734-geo.geo","scan",1623113626935698132,1623113626936800304
22,"build/tests/sizes/cube-3734-geo.geo","chck",1623113626935178753,1623113626936803804
22,"build/tests/sizes/cube-1599-bin.vtk","scan",1623113626937814208,1623113626941075773
22,"build/tests/sizes/cube-1599-bin.vtk","chck",1623113626936804805,1623113626941079121
22,"build/tests/sizes/cube-2689-asc.bdf","scan",1623113626958540172,1623113627569624177
22,"build/tests/sizes/cube-2689-asc.bdf","chck",1623113626941080440,1623113627569629297
22,"build/tests/sizes/cube-2751-asc.bdf","scan",1623113627570435670,1623113635963609689
22,"build/tests/sizes/cube-2751-asc.bdf","chck",1623113627569896336,1623113635963617182
22,"build/tests/sizes/cube-3711-asc.msh2","scan",1623113635966769539,1623113635967467189
22,"build/tests/sizes/cube-3711-asc.msh2","chck",1623113635963618515,1623113635967472672
22,"build/tests/sizes/cube-1088-geo.geo","scan",1623113635979298590,1623113635979346323
22,"build/tests/sizes/cube-1088-geo.geo","chck",1623113635967473712,1623113635979350889
22,"build/tests/sizes/cube-3307-bin.msh2","scan",1623113635983183528,1623113635983214470
22,"build/tests/sizes/cube-3307-bin.msh2","chck",1623113635979351712,1623113635983217645
22,"build/tests/sizes/cube-747-bin.vtk","scan",1623113636005813495,1623113636005854551
22,"build/tests/sizes/cube-747-bin.vtk","chck",1623113635983218477,1623113636005858694
22,"build/tests/sizes/cube-3977-bin.msh4","scan",1623113636022862389,1623113636022901522
22,"build/tests/sizes/cube-3977-bin.msh4","chck",1623113636005859651,1623113636022906502
22,"build/tests/sizes/cube-245-asc.mesh","scan",1623113636043911665,1623113636043954190
22,"build/tests/sizes/cube-245-asc.mesh","chck",1623113636022907883,1623113636043959226
22,"build/tests/sizes/cube-2927-bin.msh4","scan",1623113636046577958,1623113636046609708
22,"build/tests/sizes/cube-2927-bin.msh4","chck",1623113636043960246,1623113636046612837
22,"build/tests/sizes/cube-3598-bin.msh2","scan",1623113636049236951,1623113636049262851
22,"build/tests/sizes/cube-3598-bin.msh2","chck",1623113636046613887,1623113636049266078
22,"build/tests/sizes/cube-1641-bin.msh2","scan",1623113636068142807,1623113636068185297
22,"build/tests/sizes/cube-1641-bin.msh2","chck",1623113636049266919,1623113636068191537
22,"build/tests/sizes/cube-2868-bin.msh4","scan",1623113636070882790,1623113636070917089
22,"build/tests/sizes/cube-2868-bin.msh4","chck",1623113636068192775,1623113636070921691
22,"build/tests/sizes/cube-3261-geo.geo","scan",1623113636073502815,1623113636073537146
22,"build/tests/sizes/cube-3261-geo.geo","chck",1623113636070922715,1623113636073541453
22,"build/tests/sizes/cube-74-bin.msh2","scan",1623113636087224336,1623113636087262288
22,"build/tests/sizes/cube-74-bin.msh2","chck",1623113636073542362,1623113636087267754
22,"build/tests/sizes/cube-253-asc.mesh","scan",1623113636101167442,1623113636101203340
22,"build/tests/sizes/cube-253-asc.mesh","chck",1623113636087268556,1623113636101208704
22,"build/tests/sizes/cube-2825-asc.bdf","scan",1623113636103861195,1623113636103890926
22,"build/tests/sizes/cube-2825-asc.bdf","chck",1623113636101209589,1623113636103894523
22,"build/tests/sizes/cube-3313-asc.mesh","scan",1623113636115752846,1623113636115795757
22,"build/tests/sizes/cube-3313-asc.mesh","chck",1623113636103895285,1623113636115801046
22,"build/tests/sizes/cube-3209-geo.geo_unrolled","scan",1623113636118518860,1623113636118550654
22,"build/tests/sizes/cube-3209-geo.geo_unrolled","chck",1623113636115802162,1623113636118554224
22,"build/tests/sizes/cube-1423-bin.vtk","scan",1623113636137907305,1623113636137949153
22,"build/tests/sizes/cube-1423-bin.vtk","chck",1623113636118555235,1623113636137955000
22,"build/tests/sizes/cube-3040-bin.msh4","scan",1623113636140799548,1623113636140831478
22,"build/tests/sizes/cube-3040-bin.msh4","chck",1623113636137955890,1623113636140835050
22,"build/tests/sizes/cube-3996-asc.bdf","scan",1623113636162195114,1623113636162243787
22,"build/tests/sizes/cube-3996-asc.bdf","chck",1623113636140835822,1623113636162248864
22,"build/tests/sizes/cube-1804-asc.msh2","scan",1623113636166536236,1623113636166572666
22,"build/tests/sizes/cube-1804-asc.msh2","chck",1623113636162249740,1623113636166576505
22,"build/tests/sizes/cube-1497-bin.msh2","scan",1623113636171044760,1623113636171071629
22,"build/tests/sizes/cube-1497-bin.msh2","chck",1623113636166577299,1623113636171075042
22,"build/tests/sizes/cube-299-asc.bdf","scan",1623113636184134525,1623113636184166612
22,"build/tests/sizes/cube-299-asc.bdf","chck",1623113636171075742,1623113636184170839
22,"build/tests/sizes/cube-3636-bin.cgns","scan",1623113636276206789,1623113636301384424
22,"build/tests/sizes/cube-3636-bin.cgns","chck",1623113636184171580,1623113636301391060
22,"build/tests/sizes/cube-3070-geo.geo","scan",1623113636302208160,1623113636302235969
22,"build/tests/sizes/cube-3070-geo.geo","chck",1623113636301392280,1623113636302238971
22,"build/tests/sizes/cube-2137-asc.bdf","scan",1623113636302732918,1623113636302749550
22,"build/tests/sizes/cube-2137-asc.bdf","chck",1623113636302239833,1623113636302751810
22,"build/tests/sizes/cube-1793-asc.bdf","scan",1623113636315227215,1623113636315248554
22,"build/tests/sizes/cube-1793-asc.bdf","chck",1623113636302752640,1623113636315252370
22,"build/tests/sizes/cube-1600-geo.geo_unrolled","scan",1623113636337309559,1623113636337331546
22,"build/tests/sizes/cube-1600-geo.geo_unrolled","chck",1623113636315253168,1623113636337336778
22,"build/tests/sizes/cube-690-bin.msh4","scan",1623113636358984707,1623113636359016617
22,"build/tests/sizes/cube-690-bin.msh4","chck",1623113636337337619,1623113636359021427
22,"build/tests/sizes/cube-958-bin.vtk","scan",1623113636360144725,1623113636360163049
22,"build/tests/sizes/cube-958-bin.vtk","chck",1623113636359022398,1623113636360165674
22,"build/tests/sizes/cube-134-stl-bin.geo","scan",1623113636376370174,1623113636376387185
22,"build/tests/sizes/cube-134-stl-bin.geo","chck",1623113636360166517,1623113636376390465
22,"build/tests/sizes/cube-3332-geo.geo","scan",1623113636392915950,1623113636392939136
22,"build/tests/sizes/cube-3332-geo.geo","chck",1623113636376391209,1623113636392943178
22,"build/tests/sizes/cube-2967-asc.bdf","scan",1623113636393434340,1623113636393450111
22,"build/tests/sizes/cube-2967-asc.bdf","chck",1623113636392944103,1623113636393452338
22,"build/tests/sizes/cube-1474-asc.msh2","scan",1623113636394494906,1623113636394513478
22,"build/tests/sizes/cube-1474-asc.msh2","chck",1623113636393453169,1623113636394515838
22,"build/tests/sizes/cube-3181-asc.mesh","scan",1623113636412331680,1623113636412351921
22,"build/tests/sizes/cube-3181-asc.mesh","chck",1623113636394516525,1623113636412355388
22,"build/tests/sizes/cube-1328-bin.msh2","scan",1623113636413709084,1623113636413725314
22,"build/tests/sizes/cube-1328-bin.msh2","chck",1623113636412356112,1623113636413727409
22,"build/tests/sizes/cube-2995-bin.msh4","scan",1623113636414218148,1623113636414233190
22,"build/tests/sizes/cube-2995-bin.msh4","chck",1623113636413728076,1623113636414235110
22,"build/tests/sizes/cube-3334-asc.msh2","scan",1623113636414695269,1623113636414709519
22,"build/tests/sizes/cube-3334-asc.msh2","chck",1623113636414235825,1623113636414711230
22,"build/tests/sizes/cube-77-asc.bdf","scan",1623113636429696195,1623113636429716621
22,"build/tests/sizes/cube-77-asc.bdf","chck",1623113636414711871,1623113636429719249
22,"build/tests/sizes/cube-1365-stl-bin.geo","scan",1623113636430228458,1623113636430242315
22,"build/tests/sizes/cube-1365-stl-bin.geo","chck",1623113636429719909,1623113636430244433
22,"build/tests/sizes/cube-339-asc.mesh","scan",1623113636431541762,1623113636431558623
22,"build/tests/sizes/cube-339-asc.mesh","chck",1623113636430245154,1623113636431560941
22,"build/tests/sizes/cube-2188-geo.geo_unrolled","scan",1623113636450246522,1623113636450273521
22,"build/tests/sizes/cube-2188-geo.geo_unrolled","chck",1623113636431561676,1623113636450277767
22,"build/tests/sizes/cube-3220-bin.msh2","scan",1623113636450763113,1623113636450777171
22,"build/tests/sizes/cube-3220-bin.msh2","chck",1623113636450278597,1623113636450779204
22,"build/tests/sizes/cube-282-asc.msh2","scan",1623113636458113712,1623113636458131517
22,"build/tests/sizes/cube-282-asc.msh2","chck",1623113636450779936,1623113636458133928
22,"build/tests/sizes/cube-2355-geo.geo","scan",1623113636476370151,1623113636476386580
22,"build/tests/sizes/cube-2355-geo.geo","chck",1623113636458134623,1623113636476389742
22,"build/tests/sizes/cube-3956-asc.bdf","scan",1623113636476893255,1623113636476909478
22,"build/tests/sizes/cube-3956-asc.bdf","chck",1623113636476390598,1623113636476911800
22,"build/tests/sizes/cube-426-geo.geo","scan",1623113636494023798,1623113636494042347
22,"build/tests/sizes/cube-426-geo.geo","chck",1623113636477034747,1623113636494045042
22,"build/tests/sizes/cube-1175-bin.msh2","scan",1623113636501800475,1623113636501820363
22,"build/tests/sizes/cube-1175-bin.msh2","chck",1623113636494045870,1623113636501824002
22,"build/tests/sizes/cube-3587-bin.cgns","scan",1623113636513512529,1623113636688547846
22,"build/tests/sizes/cube-3587-bin.cgns","chck",1623113636501824766,1623113636688554679
22,"build/tests/sizes/cube-862-stl-bin.geo","scan",1623113636707660638,1623113636707696034
22,"build/tests/sizes/cube-862-stl-bin.geo","chck",1623113636688555777,1623113636707702504
22,"build/tests/sizes/cube-3430-bin.vtk","scan",1623113636708244742,1623113636708262741
22,"build/tests/sizes/cube-3430-bin.vtk","chck",1623113636707703627,1623113636708265125
22,"build/tests/sizes/cube-3841-geo.geo_unrolled","scan",1623113636734105664,1623113636734132216
22,"build/tests/sizes/cube-3841-geo.geo_unrolled","chck",1623113636708265925,1623113636734137181
22,"build/tests/sizes/cube-3121-bin.cgns","scan",1623113636756032535,1623113636814920492
22,"build/tests/sizes/cube-3121-bin.cgns","chck",1623113636734138014,1623113636814927290
22,"build/tests/sizes/cube-3205-bin.msh4","scan",1623113636826018203,1623113636826053920
22,"build/tests/sizes/cube-3205-bin.msh4","chck",1623113636814928522,1623113636826059505
22,"build/tests/sizes/cube-3969-bin.vtk","scan",1623113636826563901,1623113636826580211
22,"build/tests/sizes/cube-3969-bin.vtk","chck",1623113636826060455,1623113636826582837
22,"build/tests/sizes/cube-1946-geo.geo_unrolled","scan",1623113636840135631,1623113636840152549
22,"build/tests/sizes/cube-1946-geo.geo_unrolled","chck",1623113636826583746,1623113636840155102
22,"build/tests/sizes/cube-764-asc.mesh","scan",1623113636854427192,1623113636854451376
22,"build/tests/sizes/cube-764-asc.mesh","chck",1623113636840155852,1623113636854454470
22,"build/tests/sizes/cube-2783-asc.msh2","scan",1623113636873017346,1623113636873041403
22,"build/tests/sizes/cube-2783-asc.msh2","chck",1623113636854455230,1623113636873044489
22,"build/tests/sizes/cube-737-bin.vtk","scan",1623113636890959778,1623113636890991735
22,"build/tests/sizes/cube-737-bin.vtk","chck",1623113636873045266,1623113636890996559
22,"build/tests/sizes/cube-3991-asc.mesh","scan",1623113636901864286,1623113636901886890
22,"build/tests/sizes/cube-3991-asc.mesh","chck",1623113636890997599,1623113636901890252
22,"build/tests/sizes/cube-1023-asc.msh2","scan",1623113636916789966,1623113636916813503
22,"build/tests/sizes/cube-1023-asc.msh2","chck",1623113636901891017,1623113636916816815
22,"build/tests/sizes/cube-1507-asc.msh2","scan",1623113636939784291,1623113636939814734
22,"build/tests/sizes/cube-1507-asc.msh2","chck",1623113636916817572,1623113636939819507
22,"build/tests/sizes/cube-17-geo.geo_unrolled","scan",1623113636953229990,1623113636953247614
22,"build/tests/sizes/cube-17-geo.geo_unrolled","chck",1623113636939820510,1623113636953250539
22,"build/tests/sizes/cube-3391-bin.vtk","scan",1623113636953755593,1623113636953772446
22,"build/tests/sizes/cube-3391-bin.vtk","chck",1623113636953251348,1623113636953775107
22,"build/tests/sizes/cube-515-asc.mesh","scan",1623113636967633613,1623113636967660327
22,"build/tests/sizes/cube-515-asc.mesh","chck",1623113636953775889,1623113636967664420
22,"build/tests/sizes/cube-2611-bin.vtk","scan",1623113636968182892,1623113636968200073
22,"build/tests/sizes/cube-2611-bin.vtk","chck",1623113636967665933,1623113636968202558
22,"build/tests/sizes/cube-1717-bin.vtk","scan",1623113636968694998,1623113636968709585
22,"build/tests/sizes/cube-1717-bin.vtk","chck",1623113636968203719,1623113636968711885
22,"build/tests/sizes/cube-3207-bin.cgns","scan",1623113636971764809,1623113636989465418
22,"build/tests/sizes/cube-3207-bin.cgns","chck",1623113636968712661,1623113636989470147
22,"cube-2751-asc","prep",1623113636990188878,1623113636990191901
22,"cube-2751-asc","zzzz",1623113636990194927,1623113636990272254,0,0,0
22,"cube-2751-asc","post",1623113636990273700,1623113636990310194
22,"cube-2689-asc","prep",1623113636990322481,1623113637043991286
22,"cube-2689-asc","zzzz",1623113637043994652,1623113642791682415,74390,107240,321720
22,"cube-2689-asc","post",1623113642791691352,1623113642806150650
22,"cube-1514-geo","mesh",1623113642806197169,1623113642811117590
22,"cube-1514-geo","prep",1623113642811587604,1623113642811589012
22,"cube-1514-geo","zzzz",1623113642811590410,1623113642811646883,0,0,0
22,"cube-1514-geo","post",1623113642811648160,1623113642811757555
22,"cube-3217-asc","prep",1623113642811764933,1623113642829052183
22,"cube-3217-asc","zzzz",1623113642829059806,1623113643965517895,23657,35212,105636
22,"cube-3217-asc","post",1623113643965527122,1623113643974758019
22,"cube-535-bin","prep",1623113643975627363,1623113644135221255
22,"cube-535-bin","zzzz",1623113644135227442,1623113667488068390,197694,277763,833289
22,"cube-535-bin","post",1623113667488078230,1623113667505537771
22,"cube-3252-bin","prep",1623113667506216128,1623113667506489256
22,"cube-3252-bin","zzzz",1623113667506491723,1623113667511653579,348,725,2175
22,"cube-3252-bin","post",1623113667511658429,1623113667511757920
22,"cube-2627-asc","prep",1623113667511773932,1623113667528036334
22,"cube-2627-asc","zzzz",1623113667528039385,1623113669131465048,29997,44619,133857
22,"cube-2627-asc","post",1623113669131475509,1623113669134403657
22,"cube-3983-geo","mesh",1623113669134441696,1623113669134532999
22,"cube-3983-geo","prep",1623113669134987104,1623113669134988273
22,"cube-3983-geo","zzzz",1623113669134989568,1623113669135045571,0,0,0
22,"cube-3983-geo","post",1623113669135047016,1623113669135109749
22,"cube-3704-bin","prep",1623113669135115805,1623113670643823831
22,"cube-3704-bin","zzzz",1623113670643828664,1623114247930450755,1974729,2679310,8037930
22,"cube-3704-bin","post",1623114247930459361,1623114248093279251
22,"cube-2095-geo","mesh",1623114248094001622,1623114248094085400
22,"cube-2095-geo","prep",1623114248094505657,1623114248094507123
22,"cube-2095-geo","zzzz",1623114248094508201,1623114248094564235,0,0,0
22,"cube-2095-geo","post",1623114248094565467,1623114248094609675
22,"cube-697-geo","mesh",1623114248094615665,1623114248094650116
22,"cube-697-geo","prep",1623114248094984614,1623114248094985069
22,"cube-697-geo","zzzz",1623114248094986008,1623114248095039571,0,0,0
22,"cube-697-geo","post",1623114248095040602,1623114248095101014
22,"cube-894-asc","prep",1623114248095105683,1623114248096006815
22,"cube-894-asc","zzzz",1623114248096008883,1623114248120750670,1306,2375,7125
22,"cube-894-asc","post",1623114248120760664,1623114248121253450
22,"cube-3714-bin.cgns","prep",1623114248121385350,1623114248135082288
22,"cube-3714-bin.cgns","zzzz",1623114248135087459,1623114263929375572,150712,213259,639777
22,"cube-3714-bin.cgns","post",1623114263929389331,1623114263929500824
22,"cube-618-bin.cgns","prep",1623114263929571694,1623114263952624878
22,"cube-618-bin.cgns","zzzz",1623114263952633521,1623114263959823985,450,931,2793
22,"cube-618-bin.cgns","post",1623114263959833974,1623114263959893452
22,"cube-1354-geo","mesh",1623114263959948407,1623114263960081795
22,"cube-1354-geo","prep",1623114263960787267,1623114263960788090
22,"cube-1354-geo","zzzz",1623114263960789189,1623114263960845846,0,0,0
22,"cube-1354-geo","post",1623114263960846921,1623114263960976551
22,"cube-3207-bin.cgns","prep",1623114263960983244,1623114264003125624
22,"cube-3207-bin.cgns","zzzz",1623114264003133111,1623114327120529538,389769,541141,1623423
22,"cube-3207-bin.cgns","post",1623114327120543785,1623114327120611121
22,"cube-1111-asc","prep",1623114327120681935,1623114327186275757
22,"cube-1111-asc","zzzz",1623114327186282698,1623114338094016333,116916,165881,497643
22,"cube-1111-asc","post",1623114338094027871,1623114338104515567
22,"cube-3940-asc","prep",1623114338104558540,1623114338104851584
22,"cube-3940-asc","zzzz",1623114338104853493,1623114338112217984,467,950,2850
22,"cube-3940-asc","post",1623114338112234191,1623114338112306027
22,"cube-3636-bin.cgns","prep",1623114338112322009,1623114338194737037
22,"cube-3636-bin.cgns","zzzz",1623114338195081865,1623114487640337022,707641,972374,2917122
22,"cube-3636-bin.cgns","post",1623114487640350462,1623114487640408760
22,"cube-6-bin.cgns","prep",1623114487640472181,1623114487655351842
22,"cube-6-bin.cgns","zzzz",1623114487655360282,1623114487673765234,1057,1899,5697
22,"cube-6-bin.cgns","post",1623114487673775273,1623114487673824246
22,"cube-3121-bin.cgns","prep",1623114487673892524,1623114487693858539
22,"cube-3121-bin.cgns","zzzz",1623114487693861434,1623114487718379421,1293,2358,7074
22,"cube-3121-bin.cgns","post",1623114487718389260,1623114487718430793
22,"cube-1147-asc","prep",1623114487718477093,1623114488751511555
22,"cube-1147-asc","zzzz",1623114488751518202,1623114848480728020,1379505,1879139,5637417
22,"cube-1147-asc","post",1623114848480741486,1623114848662024531
22,"cube-1784-geo","mesh",1623114848662059358,1623114848665620232
22,"cube-1784-geo","prep",1623114848721205912,1623114848721207764
22,"cube-1784-geo","zzzz",1623114848721212244,1623114848721270133,0,0,0
22,"cube-1784-geo","post",1623114848721272135,1623114848721359417
22,"cube-331-stl-bin","mesh",1623114848721368381,1623114848721556487
22,"cube-331-stl-bin","prep",1623114848721921031,1623114848721973367
22,"cube-331-stl-bin","zzzz",1623114848721974415,1623114848812347388,0,6036,18108
22,"cube-331-stl-bin","post",1623114848812358418,1623114848812525140
22,"cube-2414-asc","prep",1623114848812535861,1623114849000265068
22,"cube-2414-asc","zzzz",1623114849000268937,1623114889815557424,288643,404313,1212939
22,"cube-2414-asc","post",1623114889815571091,1623114889849994731
22,"cube-1528-geo","mesh",1623114889850035436,1623114889850094089
22,"cube-1528-geo","prep",1623114889850633612,1623114889850634992
22,"cube-1528-geo","zzzz",1623114889850636406,1623114889850693193,0,0,0
22,"cube-1528-geo","post",1623114889850694603,1623114889850774474
22,"cube-2921-bin","prep",1623114889850780192,1623114889899538143
22,"cube-2921-bin","zzzz",1623114889899544886,1623114897517217341,90298,129934,389802
22,"cube-2921-bin","post",1623114897517231308,1623114897525412541
22,"cube-3394-bin","prep",1623114897525449711,1623114897526220637
22,"cube-3394-bin","zzzz",1623114897526223081,1623114897542687075,986,1746,5238
22,"cube-3394-bin","post",1623114897542697550,1623114897543002932
22,"cube-3775-asc","prep",1623114897543105286,1623114897551221511
22,"cube-3775-asc","zzzz",1623114897551223313,1623115089965259632,50466,1175320,3525960
22,"cube-3775-asc","post",1623115089965273012,1623115090128194344
22,"cube-1809-geo","mesh",1623115090128235606,1623115090129042929
22,"cube-1809-geo","prep",1623115090129472676,1623115090129473921
22,"cube-1809-geo","zzzz",1623115090129475184,1623115090129531946,0,0,0
22,"cube-1809-geo","post",1623115090129533844,1623115090129591523
22,"cube-3611-bin","prep",1623115090129597542,1623115090137573292
22,"cube-3611-bin","zzzz",1623115090137576744,1623115090754375743,15004,23029,69087
22,"cube-3611-bin","post",1623115090754385827,1623115090755758536
22,"cube-1081-bin","prep",1623115090755775003,1623115090756553801
22,"cube-1081-bin","zzzz",1623115090756555465,1623115090783391549,1375,2524,7572
22,"cube-1081-bin","post",1623115090783401521,1623115090783854851
22,"cube-1888-geo","mesh",1623115090783872728,1623115090783950665
22,"cube-1888-geo","prep",1623115090784344777,1623115090784345445
22,"cube-1888-geo","zzzz",1623115090784346552,1623115090784402020,0,0,0
22,"cube-1888-geo","post",1623115090784403174,1623115090784437879
22,"cube-3023-asc","prep",1623115090784442897,1623115090787416919
22,"cube-3023-asc","zzzz",1623115090787418786,1623115090980471049,6477,10267,30801
22,"cube-3023-asc","post",1623115090980492991,1623115090981479468
22,"cube-2652-geo","mesh",1623115090981498938,1623115090981559746
22,"cube-2652-geo","prep",1623115090981953341,1623115090981954019
22,"cube-2652-geo","zzzz",1623115090981955093,1623115090982010091,0,0,0
22,"cube-2652-geo","post",1623115090982011247,1623115090982069268
22,"cube-1512-asc","prep",1623115090982074617,1623115090982426144
22,"cube-1512-asc","zzzz",1623115090982427279,1623115091342635177,2560,15865,47595
22,"cube-1512-asc","post",1623115091342645747,1623115091344234551
22,"cube-3324-stl-bin","mesh",1623115091344249098,1623115091352275813
22,"cube-3324-stl-bin","prep",1623115091352695625,1623115091352782057
22,"cube-3324-stl-bin","zzzz",1623115091352783337,1623115108539362431,0,225724,677172
22,"cube-3324-stl-bin","post",1623115108539373405,1623115108550744548
22,"cube-1432-bin","prep",1623115108550767880,1623115108587187755
22,"cube-1432-bin","zzzz",1623115108587194454,1623115113714466196,68447,99157,297471
22,"cube-1432-bin","post",1623115113714478228,1623115113722809839
22,"cube-1044-bin","prep",1623115113722851259,1623115113723755381
22,"cube-1044-bin","zzzz",1623115113723757397,1623115113743011675,1094,1965,5895
22,"cube-1044-bin","post",1623115113743022078,1623115113743399363
22,"cube-3369-asc","prep",1623115113743474826,1623115113917585330
22,"cube-3369-asc","zzzz",1623115113917589714,1623115151422186155,272780,381963,1145889
22,"cube-3369-asc","post",1623115151422199964,1623115151445529335
22,"cube-1336-bin","prep",1623115151445563034,1623115151445834343
22,"cube-1336-bin","zzzz",1623115151445835575,1623115151450583977,325,678,2034
22,"cube-1336-bin","post",1623115151450594307,1623115151450803857
22,"cube-3701-geo","mesh",1623115151450852052,1623115151451002544
22,"cube-3701-geo","prep",1623115151451471580,1623115151451472270
22,"cube-3701-geo","zzzz",1623115151451473451,1623115151451528998,0,0,0
22,"cube-3701-geo","post",1623115151451530067,1623115151451679054
22,"cube-577-bin","prep",1623115151451686049,1623115151915141311
22,"cube-577-bin","zzzz",1623115151915149423,1623115302134870603,712323,976160,2928480
22,"cube-577-bin","post",1623115302134885228,1623115302193283057
22,"cube-3734-geo","mesh",1623115302193323854,1623115302193470198
22,"cube-3734-geo","prep",1623115302193920249,1623115302193921395
22,"cube-3734-geo","zzzz",1623115302193922669,1623115302193979696,0,0,0
22,"cube-3734-geo","post",1623115302193981174,1623115302194073033
22,"cube-2773-bin","prep",1623115302194079053,1623115302194356219
22,"cube-2773-bin","zzzz",1623115302194357140,1623115302199252057,337,694,2082
22,"cube-2773-bin","post",1623115302199262396,1623115302199429896
22,"cube-806-geo","mesh",1623115302199463827,1623115302199544575
22,"cube-806-geo","prep",1623115302199955078,1623115302199955759
22,"cube-806-geo","zzzz",1623115302199956922,1623115302200011923,0,0,0
22,"cube-806-geo","post",1623115302200013089,1623115302200063914
22,"cube-463-asc","prep",1623115302200069317,1623115302228544174
22,"cube-463-asc","zzzz",1623115302228546508,1623115306349286009,58618,85408,256224
22,"cube-463-asc","post",1623115306349302073,1623115306353711306
22,"cube-3587-bin.cgns","prep",1623115306353745837,1623115307210098672
22,"cube-3587-bin.cgns","zzzz",1623115307210107591,1623115994884175431,2258532,3055029,9165087
22,"cube-3587-bin.cgns","post",1623115994884188843,1623115994884246657
22,"cube-1599-bin","prep",1623115994884310940,1623115994885444087
22,"cube-1599-bin","zzzz",1623115994885446753,1623115994902188053,1002,1768,5304
22,"cube-1599-bin","post",1623115994902198251,1623115994902548941
22,"cube-883-asc","prep",1623115994902572366,1623115995154008248
22,"cube-883-asc","zzzz",1623115995154012761,1623116062469372034,407481,564881,1694643
22,"cube-883-asc","post",1623116062469383873,1623116062504013773
22,"cube-3972-stl-bin","mesh",1623116062504060784,1623116062510280766
22,"cube-3972-stl-bin","prep",1623116062510727983,1623116062510791950
22,"cube-3972-stl-bin","zzzz",1623116062510793295,1623116074244076894,0,174308,522924
22,"cube-3972-stl-bin","post",1623116074244090434,1623116074254423293
22,"Proc","exit_task",1623113578265301663,1623116074262038619,2577108
