36,"build/tests/sizes/cube-2115-geo.geo","scan",1623113596542770966,1623113596544487989
36,"build/tests/sizes/cube-2115-geo.geo","chck",1623113596529422827,1623113596544588605
36,"build/tests/sizes/cube-536-asc.bdf","scan",1623113596563675170,1623113596962268921
36,"build/tests/sizes/cube-536-asc.bdf","chck",1623113596544589910,1623113596962273284
36,"build/tests/sizes/cube-1101-stl-bin.geo","scan",1623113596984334925,1623113597587933041
36,"build/tests/sizes/cube-1101-stl-bin.geo","chck",1623113596962274292,1623113597587956647
36,"build/tests/sizes/cube-3352-asc.mesh","scan",1623113597608093720,1623113597634460885
36,"build/tests/sizes/cube-3352-asc.mesh","chck",1623113597587958046,1623113597634466338
36,"build/tests/sizes/cube-2192-asc.msh2","scan",1623113597651223791,1623113597835142866
36,"build/tests/sizes/cube-2192-asc.msh2","chck",1623113597634467369,1623113597835148746
36,"build/tests/sizes/cube-2194-bin.msh2","scan",1623113597836306097,1623113597847807315
36,"build/tests/sizes/cube-2194-bin.msh2","chck",1623113597835149782,1623113597847812871
36,"build/tests/sizes/cube-3831-bin.cgns","scan",1623113597859818595,1623113597879637753
36,"build/tests/sizes/cube-3831-bin.cgns","chck",1623113597847814030,1623113597879643110
36,"build/tests/sizes/cube-1372-stl-bin.geo","scan",1623113597894321176,1623113597909181465
36,"build/tests/sizes/cube-1372-stl-bin.geo","chck",1623113597879644186,1623113597909188114
36,"build/tests/sizes/cube-1163-bin.cgns","scan",1623113597932995875,1623113597983796094
36,"build/tests/sizes/cube-1163-bin.cgns","chck",1623113597909189629,1623113597983802073
36,"build/tests/sizes/cube-1258-bin.vtk","scan",1623113597996273601,1623113598004456483
36,"build/tests/sizes/cube-1258-bin.vtk","chck",1623113597983803098,1623113598004461339
36,"build/tests/sizes/cube-657-asc.bdf","scan",1623113598029654554,1623113598047639319
36,"build/tests/sizes/cube-657-asc.bdf","chck",1623113598004462424,1623113598047644051
36,"build/tests/sizes/cube-1255-stl-bin.geo","scan",1623113598062467777,1623113598071170112
36,"build/tests/sizes/cube-1255-stl-bin.geo","chck",1623113598047645065,1623113598071175238
36,"build/tests/sizes/cube-3567-bin.msh2","scan",1623113598077679374,1623113598091863172
36,"build/tests/sizes/cube-3567-bin.msh2","chck",1623113598071176442,1623113598091868770
36,"build/tests/sizes/cube-284-asc.bdf","scan",1623113598110952399,1623113598119583329
36,"build/tests/sizes/cube-284-asc.bdf","chck",1623113598091869886,1623113598119589151
36,"build/tests/sizes/cube-3097-stl-bin.geo","scan",1623113598123078791,1623113598129969435
36,"build/tests/sizes/cube-3097-stl-bin.geo","chck",1623113598119590322,1623113598129976033
36,"build/tests/sizes/cube-699-stl-bin.geo","scan",1623113598163575699,1623113598251148025
36,"build/tests/sizes/cube-699-stl-bin.geo","chck",1623113598129977128,1623113598251155615
36,"build/tests/sizes/cube-1795-asc.bdf","scan",1623113598255464403,1623113598261146493
36,"build/tests/sizes/cube-1795-asc.bdf","chck",1623113598251156810,1623113598261151818
36,"build/tests/sizes/cube-2273-asc.bdf","scan",1623113598265064435,1623113607081414259
36,"build/tests/sizes/cube-2273-asc.bdf","chck",1623113598261153121,1623113607081428394
36,"build/tests/sizes/cube-999-asc.msh2","scan",1623113607136282817,1623113607137451709
36,"build/tests/sizes/cube-999-asc.msh2","chck",1623113607081429962,1623113607137460027
36,"build/tests/sizes/cube-2606-bin.cgns","scan",1623113607173574297,1623113607218058850
36,"build/tests/sizes/cube-2606-bin.cgns","chck",1623113607137461096,1623113607218065233
36,"build/tests/sizes/cube-1594-bin.cgns","scan",1623113607242435696,1623113607308729850
36,"build/tests/sizes/cube-1594-bin.cgns","chck",1623113607218066390,1623113607308735074
36,"build/tests/sizes/cube-3358-asc.mesh","scan",1623113607309407516,1623113607309433966
36,"build/tests/sizes/cube-3358-asc.mesh","chck",1623113607308736001,1623113607309438054
36,"build/tests/sizes/cube-1273-stl-bin.geo","scan",1623113607320867534,1623113607320894214
36,"build/tests/sizes/cube-1273-stl-bin.geo","chck",1623113607309439075,1623113607320898470
36,"build/tests/sizes/cube-2534-geo.geo","scan",1623113607321914688,1623113607321931967
36,"build/tests/sizes/cube-2534-geo.geo","chck",1623113607320902153,1623113607321934655
36,"build/tests/sizes/cube-494-asc.bdf","scan",1623113607343946482,1623113607343977926
36,"build/tests/sizes/cube-494-asc.bdf","chck",1623113607321935431,1623113607343984037
36,"build/tests/sizes/cube-687-bin.msh4","scan",1623113607344964519,1623113607344982280
36,"build/tests/sizes/cube-687-bin.msh4","chck",1623113607343985142,1623113607344985034
36,"build/tests/sizes/cube-1210-bin.msh4","scan",1623113607360093538,1623113607360135803
36,"build/tests/sizes/cube-1210-bin.msh4","chck",1623113607344985831,1623113607360142301
36,"build/tests/sizes/cube-749-asc.bdf","scan",1623113607374717870,1623113607374755705
36,"build/tests/sizes/cube-749-asc.bdf","chck",1623113607360143443,1623113607374761425
36,"build/tests/sizes/cube-3415-bin.cgns","scan",1623113607381221931,1623113607402757510
36,"build/tests/sizes/cube-3415-bin.cgns","chck",1623113607374762479,1623113607402763372
36,"build/tests/sizes/cube-1370-bin.msh2","scan",1623113607418070696,1623113607418106006
36,"build/tests/sizes/cube-1370-bin.msh2","chck",1623113607402764499,1623113607418121493
36,"build/tests/sizes/cube-1509-stl-bin.geo","scan",1623113607437216725,1623113607437247350
36,"build/tests/sizes/cube-1509-stl-bin.geo","chck",1623113607418122719,1623113607437253597
36,"build/tests/sizes/cube-2883-geo.geo_unrolled","scan",1623113607437837674,1623113607437859106
36,"build/tests/sizes/cube-2883-geo.geo_unrolled","chck",1623113607437254662,1623113607437861778
36,"build/tests/sizes/cube-364-asc.bdf","scan",1623113607450252237,1623113607450288209
36,"build/tests/sizes/cube-364-asc.bdf","chck",1623113607437862674,1623113607450294787
36,"build/tests/sizes/cube-3140-geo.geo_unrolled","scan",1623113607450866033,1623113607450881827
36,"build/tests/sizes/cube-3140-geo.geo_unrolled","chck",1623113607450295839,1623113607450884567
36,"build/tests/sizes/cube-2117-bin.cgns","scan",1623113607454417679,1623113607474297639
36,"build/tests/sizes/cube-2117-bin.cgns","chck",1623113607450885383,1623113607474304945
36,"build/tests/sizes/cube-2201-asc.mesh","scan",1623113607475955708,1623113607475991350
36,"build/tests/sizes/cube-2201-asc.mesh","chck",1623113607474306107,1623113607475996055
36,"build/tests/sizes/cube-3533-asc.msh2","scan",1623113607487319470,1623113607487363190
36,"build/tests/sizes/cube-3533-asc.msh2","chck",1623113607475997127,1623113607487369346
36,"build/tests/sizes/cube-2782-bin.vtk","scan",1623113607488473137,1623113607488493143
36,"build/tests/sizes/cube-2782-bin.vtk","chck",1623113607487370553,1623113607488496934
36,"build/tests/sizes/cube-3188-geo.geo","scan",1623113607489446598,1623113607489461219
36,"build/tests/sizes/cube-3188-geo.geo","chck",1623113607488497952,1623113607489463865
36,"build/tests/sizes/cube-3674-bin.vtk","scan",1623113607489955545,1623113607489971979
36,"build/tests/sizes/cube-3674-bin.vtk","chck",1623113607489464864,1623113607489974352
36,"build/tests/sizes/cube-182-stl-bin.geo","scan",1623113607506694912,1623113607506723460
36,"build/tests/sizes/cube-182-stl-bin.geo","chck",1623113607489975133,1623113607506729484
36,"build/tests/sizes/cube-3280-bin.msh4","scan",1623113607507276830,1623113607507295791
36,"build/tests/sizes/cube-3280-bin.msh4","chck",1623113607506730490,1623113607507298451
36,"build/tests/sizes/cube-1732-bin.vtk","scan",1623113607508399344,1623113607508418506
36,"build/tests/sizes/cube-1732-bin.vtk","chck",1623113607507299303,1623113607508421510
36,"build/tests/sizes/cube-3416-asc.bdf","scan",1623113607508892452,1623113607508909545
36,"build/tests/sizes/cube-3416-asc.bdf","chck",1623113607508422773,1623113607508912030
36,"build/tests/sizes/cube-1451-bin.vtk","scan",1623113607509567090,1623113607509593858
36,"build/tests/sizes/cube-1451-bin.vtk","chck",1623113607508912882,1623113607509596162
36,"build/tests/sizes/cube-1267-stl-bin.geo","scan",1623113607519474609,1623113607519498532
36,"build/tests/sizes/cube-1267-stl-bin.geo","chck",1623113607509596986,1623113607519503342
36,"build/tests/sizes/cube-173-bin.cgns","scan",1623113607548989343,1623113607617494531
36,"build/tests/sizes/cube-173-bin.cgns","chck",1623113607519717312,1623113607617501577
36,"build/tests/sizes/cube-3483-asc.mesh","scan",1623113607618227401,1623113607618258653
36,"build/tests/sizes/cube-3483-asc.mesh","chck",1623113607617502714,1623113607618263621
36,"build/tests/sizes/cube-1591-geo.geo_unrolled","scan",1623113607645029793,1623113607645055496
36,"build/tests/sizes/cube-1591-geo.geo_unrolled","chck",1623113607618264547,1623113607645059706
36,"build/tests/sizes/cube-3889-bin.msh4","scan",1623113607645628875,1623113607645647100
36,"build/tests/sizes/cube-3889-bin.msh4","chck",1623113607645060637,1623113607645650168
36,"build/tests/sizes/cube-2771-asc.mesh","scan",1623113607646151043,1623113607646166632
36,"build/tests/sizes/cube-2771-asc.mesh","chck",1623113607645650937,1623113607646169133
36,"build/tests/sizes/cube-1743-bin.cgns","scan",1623113607666706679,1623113607703016043
36,"build/tests/sizes/cube-1743-bin.cgns","chck",1623113607646169875,1623113607703023283
36,"build/tests/sizes/cube-1725-asc.bdf","scan",1623113607703706734,1623113607703736453
36,"build/tests/sizes/cube-1725-asc.bdf","chck",1623113607703024287,1623113607703739801
36,"build/tests/sizes/cube-2086-bin.vtk","scan",1623113607704248600,1623113607704265782
36,"build/tests/sizes/cube-2086-bin.vtk","chck",1623113607703741045,1623113607704268214
36,"build/tests/sizes/cube-2643-bin.cgns","scan",1623113607708867527,1623113607728728445
36,"build/tests/sizes/cube-2643-bin.cgns","chck",1623113607704269134,1623113607728734286
36,"build/tests/sizes/cube-3724-bin.msh4","scan",1623113607729331478,1623113607729358453
36,"build/tests/sizes/cube-3724-bin.msh4","chck",1623113607728735358,1623113607729361934
36,"build/tests/sizes/cube-1527-asc.msh2","scan",1623113607746244993,1623113607746280114
36,"build/tests/sizes/cube-1527-asc.msh2","chck",1623113607729362779,1623113607746286357
36,"build/tests/sizes/cube-2601-bin.cgns","scan",1623113607750850805,1623113607777694236
36,"build/tests/sizes/cube-2601-bin.cgns","chck",1623113607746287376,1623113607777700803
36,"build/tests/sizes/cube-1574-bin.msh2","scan",1623113607778884367,1623113607778936230
36,"build/tests/sizes/cube-1574-bin.msh2","chck",1623113607777701699,1623113607778940072
36,"build/tests/sizes/cube-1741-bin.msh2","scan",1623113607790707798,1623113607790744777
36,"build/tests/sizes/cube-1741-bin.msh2","chck",1623113607778941026,1623113607790750342
36,"build/tests/sizes/cube-3887-bin.vtk","scan",1623113607791275078,1623113607791297535
36,"build/tests/sizes/cube-3887-bin.vtk","chck",1623113607790751465,1623113607791299818
36,"build/tests/sizes/cube-1124-geo.geo_unrolled","scan",1623113607792168497,1623113607792183964
36,"build/tests/sizes/cube-1124-geo.geo_unrolled","chck",1623113607791300766,1623113607792186124
36,"build/tests/sizes/cube-2403-asc.bdf","scan",1623113607792718241,1623113607792734975
36,"build/tests/sizes/cube-2403-asc.bdf","chck",1623113607792186972,1623113607792737079
36,"build/tests/sizes/cube-3803-geo.geo","scan",1623113607793296022,1623113607793310566
36,"build/tests/sizes/cube-3803-geo.geo","chck",1623113607792737906,1623113607793312536
36,"build/tests/sizes/cube-2633-asc.mesh","scan",1623113607793806705,1623113607793823742
36,"build/tests/sizes/cube-2633-asc.mesh","chck",1623113607793313249,1623113607793825919
36,"build/tests/sizes/cube-1963-bin.vtk","scan",1623113607794320905,1623113607794347135
36,"build/tests/sizes/cube-1963-bin.vtk","chck",1623113607793826677,1623113607794349179
36,"build/tests/sizes/cube-2939-geo.geo","scan",1623113607815395288,1623113607815428446
36,"build/tests/sizes/cube-2939-geo.geo","chck",1623113607794349921,1623113607815434541
36,"build/tests/sizes/cube-2438-bin.vtk","scan",1623113607831905139,1623113607831945366
36,"build/tests/sizes/cube-2438-bin.vtk","chck",1623113607815435540,1623113607831951227
36,"build/tests/sizes/cube-3727-geo.geo","scan",1623113607832482293,1623113607832498217
36,"build/tests/sizes/cube-3727-geo.geo","chck",1623113607831952399,1623113607832500744
36,"build/tests/sizes/cube-2011-asc.bdf","scan",1623113607832992903,1623113607833011779
36,"build/tests/sizes/cube-2011-asc.bdf","chck",1623113607832501595,1623113607833014263
36,"build/tests/sizes/cube-3243-bin.cgns","scan",1623113607850590977,1623113608043533492
36,"build/tests/sizes/cube-3243-bin.cgns","chck",1623113607833015070,1623113608043540528
36,"build/tests/sizes/cube-2654-asc.bdf","scan",1623113608045012094,1623113608045042564
36,"build/tests/sizes/cube-2654-asc.bdf","chck",1623113608043541615,1623113608045046703
36,"build/tests/sizes/cube-444-stl-bin.geo","scan",1623113608095101999,1623113608095161046
36,"build/tests/sizes/cube-444-stl-bin.geo","chck",1623113608045047732,1623113608095176366
36,"build/tests/sizes/cube-2151-asc.mesh","scan",1623113608116761261,1623113608116800518
36,"build/tests/sizes/cube-2151-asc.mesh","chck",1623113608095177632,1623113608116807164
36,"build/tests/sizes/cube-3333-bin.vtk","scan",1623113608117366654,1623113608117387514
36,"build/tests/sizes/cube-3333-bin.vtk","chck",1623113608116808319,1623113608117390162
36,"build/tests/sizes/cube-1243-asc.bdf","scan",1623113608150772263,1623113608150809536
36,"build/tests/sizes/cube-1243-asc.bdf","chck",1623113608117391000,1623113608150816927
36,"build/tests/sizes/cube-2317-bin.cgns","scan",1623113608155085024,1623113608178055782
36,"build/tests/sizes/cube-2317-bin.cgns","chck",1623113608150818100,1623113608178061460
36,"build/tests/sizes/cube-1794-bin.msh2","scan",1623113608192252980,1623113608192286753
36,"build/tests/sizes/cube-1794-bin.msh2","chck",1623113608178062416,1623113608192292711
36,"build/tests/sizes/cube-2934-asc.mesh","scan",1623113608192909845,1623113608192935243
36,"build/tests/sizes/cube-2934-asc.mesh","chck",1623113608192293831,1623113608192938342
36,"build/tests/sizes/cube-143-bin.msh2","scan",1623113608205667726,1623113608205701994
36,"build/tests/sizes/cube-143-bin.msh2","chck",1623113608192939190,1623113608205708024
36,"build/tests/sizes/cube-1586-geo.geo_unrolled","scan",1623113608206889373,1623113608206916288
36,"build/tests/sizes/cube-1586-geo.geo_unrolled","chck",1623113608205709002,1623113608206919009
36,"build/tests/sizes/cube-3527-stl-bin.geo","scan",1623113608222614101,1623113608222641329
36,"build/tests/sizes/cube-3527-stl-bin.geo","chck",1623113608206920039,1623113608222646339
36,"build/tests/sizes/cube-1-stl-bin.geo","scan",1623113608223994502,1623113608224011342
36,"build/tests/sizes/cube-1-stl-bin.geo","chck",1623113608222647451,1623113608224014055
36,"build/tests/sizes/cube-3178-asc.msh2","scan",1623113608224565918,1623113608224585837
36,"build/tests/sizes/cube-3178-asc.msh2","chck",1623113608224014867,1623113608224588767
36,"build/tests/sizes/cube-3006-geo.geo","scan",1623113608225155582,1623113608225171580
36,"build/tests/sizes/cube-3006-geo.geo","chck",1623113608224589604,1623113608225174101
36,"build/tests/sizes/cube-3107-bin.vtk","scan",1623113608242992208,1623113608243025694
36,"build/tests/sizes/cube-3107-bin.vtk","chck",1623113608225174877,1623113608243032211
36,"build/tests/sizes/cube-653-asc.bdf","scan",1623113608259710238,1623113608259748013
36,"build/tests/sizes/cube-653-asc.bdf","chck",1623113608243033583,1623113608259754704
36,"build/tests/sizes/cube-2698-bin.vtk","scan",1623113608260325714,1623113608260343776
36,"build/tests/sizes/cube-2698-bin.vtk","chck",1623113608259755847,1623113608260346666
36,"build/tests/sizes/cube-3141-bin.vtk","scan",1623113608260845434,1623113608260872960
36,"build/tests/sizes/cube-3141-bin.vtk","chck",1623113608260347593,1623113608260875623
36,"build/tests/sizes/cube-3129-bin.msh2","scan",1623113608261380563,1623113608264457079
36,"build/tests/sizes/cube-3129-bin.msh2","chck",1623113608260876535,1623113608264461561
36,"build/tests/sizes/cube-3126-asc.mesh","scan",1623113608265086845,1623113608265106837
36,"build/tests/sizes/cube-3126-asc.mesh","chck",1623113608264462529,1623113608265109444
36,"build/tests/sizes/cube-3472-bin.msh2","scan",1623113608266117292,1623113608266136505
36,"build/tests/sizes/cube-3472-bin.msh2","chck",1623113608265110467,1623113608266139370
36,"build/tests/sizes/cube-3806-asc.mesh","scan",1623113608266671962,1623113608266698134
36,"build/tests/sizes/cube-3806-asc.mesh","chck",1623113608266179101,1623113608266700430
36,"build/tests/sizes/cube-2662-geo.geo","scan",1623113608284160840,1623113608284189797
36,"build/tests/sizes/cube-2662-geo.geo","chck",1623113608266701175,1623113608284194748
36,"build/tests/sizes/cube-1319-stl-bin.geo","scan",1623113608302191866,1623113608302228453
36,"build/tests/sizes/cube-1319-stl-bin.geo","chck",1623113608284195775,1623113608302234955
36,"build/tests/sizes/cube-1157-asc.msh2","scan",1623113608302891439,1623113608302912022
36,"build/tests/sizes/cube-1157-asc.msh2","chck",1623113608302235963,1623113608302915867
36,"build/tests/sizes/cube-2939-bin.vtk","scan",1623113608489337935,1623113608489376751
36,"build/tests/sizes/cube-2939-bin.vtk","chck",1623113608302916775,1623113608489385011
36,"build/tests/sizes/cube-2638-asc.msh2","scan",1623113608490323749,1623113608490347937
36,"build/tests/sizes/cube-2638-asc.msh2","chck",1623113608489386279,1623113608490351592
36,"build/tests/sizes/cube-491-geo.geo_unrolled","scan",1623113608515599303,1623113608515632030
36,"build/tests/sizes/cube-491-geo.geo_unrolled","chck",1623113608490352532,1623113608515638629
36,"build/tests/sizes/cube-2958-asc.bdf","scan",1623113608526568238,1623113608526604244
36,"build/tests/sizes/cube-2958-asc.bdf","chck",1623113608515639636,1623113608526610744
36,"build/tests/sizes/cube-3148-bin.msh4","scan",1623113608527143761,1623113608527165719
36,"build/tests/sizes/cube-3148-bin.msh4","chck",1623113608526611982,1623113608527168605
36,"build/tests/sizes/cube-1434-asc.mesh","scan",1623113608528172626,1623113608528194074
36,"build/tests/sizes/cube-1434-asc.mesh","chck",1623113608527169451,1623113608528196589
36,"build/tests/sizes/cube-1054-bin.cgns","scan",1623113608554443093,1623113608618485654
36,"build/tests/sizes/cube-1054-bin.cgns","chck",1623113608528197443,1623113608618491039
36,"build/tests/sizes/cube-3510-asc.bdf","scan",1623113608619147112,1623113608619173334
36,"build/tests/sizes/cube-3510-asc.bdf","chck",1623113608618492081,1623113608619177259
36,"build/tests/sizes/cube-1454-bin.msh4","scan",1623113608633100042,1623113608633128837
36,"build/tests/sizes/cube-1454-bin.msh4","chck",1623113608619178540,1623113608633134618
36,"build/tests/sizes/cube-3980-asc.msh2","scan",1623113608633683153,1623113608633704115
36,"build/tests/sizes/cube-3980-asc.msh2","chck",1623113608633135602,1623113608633706593
36,"build/tests/sizes/cube-2969-bin.msh4","scan",1623113608634339170,1623113608634356159
36,"build/tests/sizes/cube-2969-bin.msh4","chck",1623113608633707397,1623113608634358428
36,"build/tests/sizes/cube-51-asc.bdf","scan",1623113608635269963,1623113608635290625
36,"build/tests/sizes/cube-51-asc.bdf","chck",1623113608634359224,1623113608635293220
36,"build/tests/sizes/cube-1627-stl-bin.geo","scan",1623113608648076193,1623113608648099764
36,"build/tests/sizes/cube-1627-stl-bin.geo","chck",1623113608635293993,1623113608648104126
36,"build/tests/sizes/cube-2085-bin.cgns","scan",1623113608652360212,1623113608674063093
36,"build/tests/sizes/cube-2085-bin.cgns","chck",1623113608648105246,1623113608674070526
36,"build/tests/sizes/cube-910-geo.geo","scan",1623113608695220264,1623113608695258209
36,"build/tests/sizes/cube-910-geo.geo","chck",1623113608674071715,1623113608695263250
36,"build/tests/sizes/cube-3160-stl-bin.geo","scan",1623113608695886741,1623113608695902610
36,"build/tests/sizes/cube-3160-stl-bin.geo","chck",1623113608695264442,1623113608695904947
36,"build/tests/sizes/cube-3871-asc.msh2","scan",1623113608696414678,1623113608696433087
36,"build/tests/sizes/cube-3871-asc.msh2","chck",1623113608695905778,1623113608696435481
36,"build/tests/sizes/cube-202-asc.mesh","scan",1623113608707594398,1623113608707621363
36,"build/tests/sizes/cube-202-asc.mesh","chck",1623113608696436262,1623113608707625861
36,"cube-2273-asc","prep",1623113608708384538,1623113608708396866
36,"cube-2273-asc","zzzz",1623113608708401712,1623113608708491811,0,0,0
36,"cube-2273-asc","post",1623113608708493352,1623113608708627892
36,"cube-2192-asc","prep",1623113608708644459,1623113608738611462
36,"cube-2192-asc","zzzz",1623113608738619026,1623113609883224316,23743,35387,106161
36,"cube-2192-asc","post",1623113609883234817,1623113609896754768
36,"cube-1101-stl-bin","mesh",1623113609897787807,1623113609916734187
36,"cube-1101-stl-bin","prep",1623113609917170027,1623113609917183946
36,"cube-1101-stl-bin","zzzz",1623113609917185384,1623113630305332366,0,253444,760332
36,"cube-1101-stl-bin","post",1623113630305365156,1623113630326779644
36,"cube-2194-bin","prep",1623113630326837963,1623113630330510872
36,"cube-2194-bin","zzzz",1623113630330515565,1623113630354849377,1296,2343,7029
36,"cube-2194-bin","post",1623113630354859934,1623113630355763437
36,"cube-3097-stl-bin","mesh",1623113630355892663,1623113630356135889
36,"cube-3097-stl-bin","prep",1623113630356552853,1623113630356563928
36,"cube-3097-stl-bin","zzzz",1623113630356565190,1623113630361827692,0,740,2220
36,"cube-3097-stl-bin","post",1623113630361829020,1623113630361909917
36,"cube-3831-bin.cgns","prep",1623113630361918909,1623113630382849590
36,"cube-3831-bin.cgns","zzzz",1623113630382858273,1623113645126529999,143776,203549,610647
36,"cube-3831-bin.cgns","post",1623113645126541332,1623113645126607610
36,"cube-1594-bin.cgns","prep",1623113645126652586,1623113645148303564
36,"cube-1594-bin.cgns","zzzz",1623113645148309896,1623113645205753624,2583,4401,13203
36,"cube-1594-bin.cgns","post",1623113645205762061,1623113645205797042
36,"cube-657-asc","prep",1623113645205849670,1623113645206265644
36,"cube-657-asc","zzzz",1623113645206268508,1623113645214046739,505,996,2988
36,"cube-657-asc","post",1623113645214051647,1623113645214297638
36,"cube-1163-bin.cgns","prep",1623113645214317776,1623113645231229577
36,"cube-1163-bin.cgns","zzzz",1623113645231233650,1623113645243236434,737,1376,4128
36,"cube-1163-bin.cgns","post",1623113645243251979,1623113645243283551
36,"cube-536-asc","prep",1623113645243320551,1623113645274893776
36,"cube-536-asc","zzzz",1623113645274899938,1623113648651510211,50759,74514,223542
36,"cube-536-asc","post",1623113648651518980,1623113648657793265
36,"cube-3352-asc","prep",1623113648657831867,1623113648658876689
36,"cube-3352-asc","zzzz",1623113648658878715,1623113648676016935,418,1800,5400
36,"cube-3352-asc","post",1623113648676033594,1623113648676512334
36,"cube-3243-bin.cgns","prep",1623113648676539458,1623113649118493439
36,"cube-3243-bin.cgns","zzzz",1623113649118500612,1623113862797222761,929195,1271442,3814326
36,"cube-3243-bin.cgns","post",1623113862797232001,1623113862797267356
36,"cube-2643-bin.cgns","prep",1623113862797833221,1623113862798329733
36,"cube-2643-bin.cgns","zzzz",1623113862798332978,1623113862810448459,744,1387,4161
36,"cube-2643-bin.cgns","post",1623113862810464162,1623113862810484127
36,"cube-173-bin.cgns","prep",1623113862810509050,1623113862832170886
36,"cube-173-bin.cgns","zzzz",1623113862832173722,1623113862939240552,4154,6796,20388
36,"cube-173-bin.cgns","post",1623113862939251508,1623113862939285680
36,"cube-2117-bin.cgns","prep",1623113862939324308,1623113862942599233
36,"cube-2117-bin.cgns","zzzz",1623113862942603206,1623113864907559208,34750,51354,154062
36,"cube-2117-bin.cgns","post",1623113864907570272,1623113864907605144
36,"cube-2606-bin.cgns","prep",1623113864907645340,1623113864931156675
36,"cube-2606-bin.cgns","zzzz",1623113864931164663,1623113889094014224,202088,284214,852642
36,"cube-2606-bin.cgns","post",1623113889094028965,1623113889094086727
36,"cube-1372-stl-bin","mesh",1623113889094148333,1623113889094540113
36,"cube-1372-stl-bin","prep",1623113889095015448,1623113889095026831
36,"cube-1372-stl-bin","zzzz",1623113889095028218,1623113889151529721,0,4340,13020
36,"cube-1372-stl-bin","post",1623113889151540357,1623113889151875811
36,"cube-2601-bin.cgns","prep",1623113889151886540,1623113889153454977
36,"cube-2601-bin.cgns","zzzz",1623113889153457649,1623113889185125227,1584,2859,8577
36,"cube-2601-bin.cgns","post",1623113889185135933,1623113889185177648
36,"cube-2317-bin.cgns","prep",1623113889185224789,1623113889185950065
36,"cube-2317-bin.cgns","zzzz",1623113889186160920,1623113889205999964,1089,2010,6030
36,"cube-2317-bin.cgns","post",1623113889206010760,1623113889206048574
36,"cube-2115-geo","mesh",1623113889206092428,1623113889206169047
36,"cube-2115-geo","prep",1623113889206481005,1623113889206481730
36,"cube-2115-geo","zzzz",1623113889206482739,1623113889206538217,0,0,0
36,"cube-2115-geo","post",1623113889206539254,1623113889206613764
36,"cube-1054-bin.cgns","prep",1623113889206619092,1623113889226782394
36,"cube-1054-bin.cgns","zzzz",1623113889226785077,1623113889250644449,1265,2310,6930
36,"cube-1054-bin.cgns","post",1623113889250654423,1623113889250692233
36,"cube-1743-bin.cgns","prep",1623113889250734795,1623113889273036306
36,"cube-1743-bin.cgns","zzzz",1623113889273043899,1623113889278669863,369,772,2316
36,"cube-1743-bin.cgns","post",1623113889278680054,1623113889278717668
36,"cube-2085-bin.cgns","prep",1623113889278758174,1623113889279206321
36,"cube-2085-bin.cgns","zzzz",1623113889279208425,1623113889282144498,212,467,1401
36,"cube-2085-bin.cgns","post",1623113889282154627,1623113889282192151
36,"cube-3415-bin.cgns","prep",1623113889282230583,1623113889302218091
36,"cube-3415-bin.cgns","zzzz",1623113889302224587,1623113913459117109,202082,284160,852480
36,"cube-3415-bin.cgns","post",1623113913459131338,1623113913459190628
36,"cube-1255-stl-bin","mesh",1623113913459259262,1623113913459424412
36,"cube-1255-stl-bin","prep",1623113913459945546,1623113913459955685
36,"cube-1255-stl-bin","zzzz",1623113913459956982,1623113913464688574,0,676,2028
36,"cube-1255-stl-bin","post",1623113913464699259,1623113913464885223
36,"cube-1795-asc","prep",1623113913464896337,1623113913465305628
36,"cube-1795-asc","zzzz",1623113913465307213,1623113913467393589,170,357,1071
36,"cube-1795-asc","post",1623113913467403603,1623113913467649483
36,"cube-1258-bin","prep",1623113913467681710,1623113913468861851
36,"cube-1258-bin","zzzz",1623113913468863905,1623113913502383507,1664,2984,8952
36,"cube-1258-bin","post",1623113913502393668,1623113913502979371
36,"cube-699-stl-bin","mesh",1623113913503403347,1623113913504665565
36,"cube-699-stl-bin","prep",1623113913504961826,1623113913504968770
36,"cube-699-stl-bin","zzzz",1623113913504969897,1623113914250862299,0,26300,78900
36,"cube-699-stl-bin","post",1623113914250872576,1623113914252616016
36,"cube-284-asc","prep",1623113914252626240,1623113914253045954
36,"cube-284-asc","zzzz",1623113914253047702,1623113914255983561,212,467,1401
36,"cube-284-asc","post",1623113914255993652,1623113914256188255
36,"cube-3567-bin","prep",1623113914256220271,1623113914258117422
36,"cube-3567-bin","zzzz",1623113914258119579,1623113914309362189,2361,4052,12156
36,"cube-3567-bin","post",1623113914309372207,1623113914310073673
36,"Proc","exit_task",1623113578265298092,1623113914328936518,625900
