28,"build/tests/sizes/cube-3014-bin.vtk","scan",1623113597815727368,1623113597821714750
28,"build/tests/sizes/cube-3014-bin.vtk","chck",1623113597812282818,1623113597821822760
28,"build/tests/sizes/cube-3021-stl-bin.geo","scan",1623113597827882122,1623113597915022649
28,"build/tests/sizes/cube-3021-stl-bin.geo","chck",1623113597821824644,1623113597915027931
28,"build/tests/sizes/cube-179-bin.msh2","scan",1623113597933917348,1623113597971711198
28,"build/tests/sizes/cube-179-bin.msh2","chck",1623113597915028973,1623113597971717213
28,"build/tests/sizes/cube-2520-geo.geo_unrolled","scan",1623113597984274671,1623113597995657628
28,"build/tests/sizes/cube-2520-geo.geo_unrolled","chck",1623113597971718369,1623113597995664022
28,"build/tests/sizes/cube-3328-asc.mesh","scan",1623113597998872672,1623113598004330765
28,"build/tests/sizes/cube-3328-asc.mesh","chck",1623113597995665074,1623113598004336282
28,"build/tests/sizes/cube-1136-asc.bdf","scan",1623113598028011971,1623113598044578507
28,"build/tests/sizes/cube-1136-asc.bdf","chck",1623113598004337389,1623113598044584728
28,"build/tests/sizes/cube-3402-stl-bin.geo","scan",1623113598045265905,1623113598156126870
28,"build/tests/sizes/cube-3402-stl-bin.geo","chck",1623113598044585807,1623113598156133404
28,"build/tests/sizes/cube-966-asc.msh2","scan",1623113598167211357,1623113605898653024
28,"build/tests/sizes/cube-966-asc.msh2","chck",1623113598156134616,1623113605898676714
28,"build/tests/sizes/cube-2941-geo.geo","scan",1623113605915385676,1623113605918475565
28,"build/tests/sizes/cube-2941-geo.geo","chck",1623113605898678307,1623113605918483189
28,"build/tests/sizes/cube-281-bin.msh2","scan",1623113605934386884,1623113605988630174
28,"build/tests/sizes/cube-281-bin.msh2","chck",1623113605918484201,1623113605988636789
28,"build/tests/sizes/cube-542-asc.mesh","scan",1623113606015764423,1623113607109499418
28,"build/tests/sizes/cube-542-asc.mesh","chck",1623113605988637925,1623113607109506358
28,"build/tests/sizes/cube-3068-geo.geo","scan",1623113607110341821,1623113607111793151
28,"build/tests/sizes/cube-3068-geo.geo","chck",1623113607109507486,1623113607111798247
28,"build/tests/sizes/cube-3138-bin.msh2","scan",1623113607112338367,1623113607114323632
28,"build/tests/sizes/cube-3138-bin.msh2","chck",1623113607111799329,1623113607114328209
28,"build/tests/sizes/cube-159-stl-bin.geo","scan",1623113607129313035,1623113607153737091
28,"build/tests/sizes/cube-159-stl-bin.geo","chck",1623113607114329197,1623113607153744452
28,"build/tests/sizes/cube-2029-asc.mesh","scan",1623113607154314713,1623113607161319753
28,"build/tests/sizes/cube-2029-asc.mesh","chck",1623113607153745663,1623113607161325610
28,"build/tests/sizes/cube-671-bin.msh4","scan",1623113607173876078,1623113607245241894
28,"build/tests/sizes/cube-671-bin.msh4","chck",1623113607161326749,1623113607245249842
28,"build/tests/sizes/cube-743-asc.mesh","scan",1623113607258962991,1623113607377394057
28,"build/tests/sizes/cube-743-asc.mesh","chck",1623113607245251050,1623113607377401394
28,"build/tests/sizes/cube-1608-asc.bdf","scan",1623113607378877716,1623113612473857862
28,"build/tests/sizes/cube-1608-asc.bdf","chck",1623113607377402571,1623113612473880127
28,"build/tests/sizes/cube-570-bin.msh4","scan",1623113612501012071,1623113612648278223
28,"build/tests/sizes/cube-570-bin.msh4","chck",1623113612473881538,1623113612648284763
28,"build/tests/sizes/cube-3438-stl-bin.geo","scan",1623113612648871308,1623113612652935428
28,"build/tests/sizes/cube-3438-stl-bin.geo","chck",1623113612648285999,1623113612652939873
28,"build/tests/sizes/cube-1908-asc.mesh","scan",1623113612666804447,1623113612733215193
28,"build/tests/sizes/cube-1908-asc.mesh","chck",1623113612652941273,1623113612733220641
28,"build/tests/sizes/cube-34-geo.geo","scan",1623113612743336864,1623113612744564973
28,"build/tests/sizes/cube-34-geo.geo","chck",1623113612733221593,1623113612744570324
28,"build/tests/sizes/cube-2886-bin.msh4","scan",1623113612758286744,1623113613212808471
28,"build/tests/sizes/cube-2886-bin.msh4","chck",1623113612744571294,1623113613212814168
28,"build/tests/sizes/cube-3664-bin.vtk","scan",1623113613213438732,1623113613221012763
28,"build/tests/sizes/cube-3664-bin.vtk","chck",1623113613212821512,1623113613221017640
28,"build/tests/sizes/cube-315-asc.msh2","scan",1623113613230173079,1623113613256640941
28,"build/tests/sizes/cube-315-asc.msh2","chck",1623113613221018591,1623113613256646960
28,"build/tests/sizes/cube-2153-bin.cgns","scan",1623113613261994339,1623113613307016881
28,"build/tests/sizes/cube-2153-bin.cgns","chck",1623113613256648211,1623113613307022702
28,"build/tests/sizes/cube-2135-bin.cgns","scan",1623113613310318087,1623113613329023152
28,"build/tests/sizes/cube-2135-bin.cgns","chck",1623113613307023991,1623113613329030213
28,"build/tests/sizes/cube-845-geo.geo","scan",1623113613330688828,1623113613332007897
28,"build/tests/sizes/cube-845-geo.geo","chck",1623113613329031336,1623113613332013394
28,"build/tests/sizes/cube-3777-stl-bin.geo","scan",1623113613345670227,1623113613369077017
28,"build/tests/sizes/cube-3777-stl-bin.geo","chck",1623113613332014470,1623113613369083433
28,"build/tests/sizes/cube-1435-geo.geo","scan",1623113613370212272,1623113613371535023
28,"build/tests/sizes/cube-1435-geo.geo","chck",1623113613369084654,1623113613371540095
28,"build/tests/sizes/cube-3675-asc.mesh","scan",1623113613387161406,1623113613446307602
28,"build/tests/sizes/cube-3675-asc.mesh","chck",1623113613371541220,1623113613446312954
28,"build/tests/sizes/cube-285-stl-bin.geo","scan",1623113613461070517,1623113613492486425
28,"build/tests/sizes/cube-285-stl-bin.geo","chck",1623113613446313983,1623113613492498633
28,"build/tests/sizes/cube-2247-geo.geo","scan",1623113613493072168,1623113613494225927
28,"build/tests/sizes/cube-2247-geo.geo","chck",1623113613492499722,1623113613494230480
28,"build/tests/sizes/cube-732-asc.msh2","scan",1623113613527682497,1623113613569752861
28,"build/tests/sizes/cube-732-asc.msh2","chck",1623113613494231535,1623113613569759390
28,"build/tests/sizes/cube-1488-asc.bdf","scan",1623113613587993897,1623113613715526435
28,"build/tests/sizes/cube-1488-asc.bdf","chck",1623113613569760571,1623113613715531904
28,"build/tests/sizes/cube-505-geo.geo","scan",1623113613736812388,1623113613741559947
28,"build/tests/sizes/cube-505-geo.geo","chck",1623113613715533042,1623113613741565221
28,"build/tests/sizes/cube-1003-geo.geo","scan",1623113613751940536,1623113613753130012
28,"build/tests/sizes/cube-1003-geo.geo","chck",1623113613741566310,1623113613753134515
28,"build/tests/sizes/cube-601-asc.msh2","scan",1623113613757055996,1623113613777084468
28,"build/tests/sizes/cube-601-asc.msh2","chck",1623113613753135519,1623113613777090816
28,"build/tests/sizes/cube-2676-asc.bdf","scan",1623113613777642606,1623113620831430710
28,"build/tests/sizes/cube-2676-asc.bdf","chck",1623113613777091957,1623113620831449309
28,"build/tests/sizes/cube-1387-stl-bin.geo","scan",1623113620843474915,1623113621168332615
28,"build/tests/sizes/cube-1387-stl-bin.geo","chck",1623113620831450440,1623113621168339276
28,"build/tests/sizes/cube-3054-stl-bin.geo","scan",1623113621187836291,1623113621221697826
28,"build/tests/sizes/cube-3054-stl-bin.geo","chck",1623113621168340450,1623113621221704744
28,"build/tests/sizes/cube-1291-asc.msh2","scan",1623113621222269497,1623113624631000532
28,"build/tests/sizes/cube-1291-asc.msh2","chck",1623113621221705792,1623113624631007336
28,"build/tests/sizes/cube-669-bin.msh4","scan",1623113624632459990,1623113624634235806
28,"build/tests/sizes/cube-669-bin.msh4","chck",1623113624631008414,1623113624634240657
28,"build/tests/sizes/cube-1114-bin.cgns","scan",1623113624652767502,1623113624833495342
28,"build/tests/sizes/cube-1114-bin.cgns","chck",1623113624634241590,1623113624833501457
28,"build/tests/sizes/cube-2831-asc.mesh","scan",1623113624834224601,1623113624836042664
28,"build/tests/sizes/cube-2831-asc.mesh","chck",1623113624833502538,1623113624836047167
28,"build/tests/sizes/cube-3448-stl-bin.geo","scan",1623113624836654885,1623113624839105390
28,"build/tests/sizes/cube-3448-stl-bin.geo","chck",1623113624836048204,1623113624839109068
28,"build/tests/sizes/cube-2735-bin.vtk","scan",1623113624839853606,1623113624841036772
28,"build/tests/sizes/cube-2735-bin.vtk","chck",1623113624839330441,1623113624841040094
28,"build/tests/sizes/cube-3445-bin.cgns","scan",1623113624844065833,1623113624863447651
28,"build/tests/sizes/cube-3445-bin.cgns","chck",1623113624841041045,1623113624863452621
28,"build/tests/sizes/cube-1447-geo.geo_unrolled","scan",1623113624864422510,1623113624865480023
28,"build/tests/sizes/cube-1447-geo.geo_unrolled","chck",1623113624863453644,1623113624865484093
28,"build/tests/sizes/cube-2092-asc.mesh","scan",1623113624867086690,1623113624889422154
28,"build/tests/sizes/cube-2092-asc.mesh","chck",1623113624865485142,1623113624889428259
28,"build/tests/sizes/cube-3176-bin.msh2","scan",1623113624889979629,1623113628851964131
28,"build/tests/sizes/cube-3176-bin.msh2","chck",1623113624889429421,1623113628851970269
28,"build/tests/sizes/cube-2390-asc.bdf","scan",1623113628853974172,1623113634204957734
28,"build/tests/sizes/cube-2390-asc.bdf","chck",1623113628851971314,1623113634204963355
28,"build/tests/sizes/cube-3607-asc.mesh","scan",1623113634205630543,1623113634414041344
28,"build/tests/sizes/cube-3607-asc.mesh","chck",1623113634204964482,1623113634414046516
28,"build/tests/sizes/cube-1466-bin.msh2","scan",1623113634415122878,1623113634418795304
28,"build/tests/sizes/cube-1466-bin.msh2","chck",1623113634414047567,1623113634418799099
28,"build/tests/sizes/cube-428-bin.msh4","scan",1623113634419915128,1623113635255875900
28,"build/tests/sizes/cube-428-bin.msh4","chck",1623113634418800373,1623113635255881499
28,"build/tests/sizes/cube-257-asc.mesh","scan",1623113635269487143,1623113635705708680
28,"build/tests/sizes/cube-257-asc.mesh","chck",1623113635255882651,1623113635705715179
28,"build/tests/sizes/cube-593-asc.mesh","scan",1623113635719541466,1623113635727286388
28,"build/tests/sizes/cube-593-asc.mesh","chck",1623113635705716260,1623113635727292414
28,"build/tests/sizes/cube-289-stl-bin.geo","scan",1623113635751441751,1623113635853482454
28,"build/tests/sizes/cube-289-stl-bin.geo","chck",1623113635727293898,1623113635853489218
28,"build/tests/sizes/cube-3103-asc.bdf","scan",1623113635854134484,1623113640371820008
28,"build/tests/sizes/cube-3103-asc.bdf","chck",1623113635853490322,1623113640371826465
28,"build/tests/sizes/cube-3790-asc.bdf","scan",1623113640376242268,1623113640452234621
28,"build/tests/sizes/cube-3790-asc.bdf","chck",1623113640371827405,1623113640452240449
28,"build/tests/sizes/cube-3498-geo.geo_unrolled","scan",1623113640452767187,1623113640453829746
28,"build/tests/sizes/cube-3498-geo.geo_unrolled","chck",1623113640452241681,1623113640453833140
28,"build/tests/sizes/cube-3313-asc.bdf","scan",1623113640454324334,1623113640462112610
28,"build/tests/sizes/cube-3313-asc.bdf","chck",1623113640453834034,1623113640462115897
28,"build/tests/sizes/cube-3572-geo.geo","scan",1623113640463718041,1623113640465163768
28,"build/tests/sizes/cube-3572-geo.geo","chck",1623113640462116800,1623113640465167201
28,"build/tests/sizes/cube-3548-asc.bdf","scan",1623113640476867033,1623113640506801551
28,"build/tests/sizes/cube-3548-asc.bdf","chck",1623113640465168099,1623113640506806060
28,"build/tests/sizes/cube-1522-bin.msh4","scan",1623113640524452384,1623113640553627632
28,"build/tests/sizes/cube-1522-bin.msh4","chck",1623113640506807061,1623113640553633935
28,"build/tests/sizes/cube-1938-asc.mesh","scan",1623113640554171970,1623113640555773518
28,"build/tests/sizes/cube-1938-asc.mesh","chck",1623113640553635031,1623113640555776900
28,"build/tests/sizes/cube-1464-geo.geo_unrolled","scan",1623113640569940316,1623113640571045905
28,"build/tests/sizes/cube-1464-geo.geo_unrolled","chck",1623113640555777764,1623113640571049847
28,"build/tests/sizes/cube-1834-geo.geo","scan",1623113640572092245,1623113640573244588
28,"build/tests/sizes/cube-1834-geo.geo","chck",1623113640571050869,1623113640573247937
28,"build/tests/sizes/cube-199-stl-bin.geo","scan",1623113640584131994,1623113640822133572
28,"build/tests/sizes/cube-199-stl-bin.geo","chck",1623113640573248884,1623113640822140248
28,"build/tests/sizes/cube-3521-bin.msh2","scan",1623113640849977782,1623113640858195834
28,"build/tests/sizes/cube-3521-bin.msh2","chck",1623113640822141384,1623113640858201272
28,"build/tests/sizes/cube-3403-bin.msh4","scan",1623113640858727300,1623113640891728200
28,"build/tests/sizes/cube-3403-bin.msh4","chck",1623113640858202386,1623113640891734874
28,"build/tests/sizes/cube-2790-geo.geo","scan",1623113640892512781,1623113640893813363
28,"build/tests/sizes/cube-2790-geo.geo","chck",1623113640891735907,1623113640893817503
28,"build/tests/sizes/cube-2840-bin.msh4","scan",1623113640894365252,1623113640895463288
28,"build/tests/sizes/cube-2840-bin.msh4","chck",1623113640893818394,1623113640895466211
28,"build/tests/sizes/cube-3537-bin.cgns","scan",1623113640898524365,1623113640916638684
28,"build/tests/sizes/cube-3537-bin.cgns","chck",1623113640895467091,1623113640916642300
28,"build/tests/sizes/cube-2672-stl-bin.geo","scan",1623113640926704865,1623113640946644246
28,"build/tests/sizes/cube-2672-stl-bin.geo","chck",1623113640916643380,1623113640946649344
28,"build/tests/sizes/cube-4000-bin.vtk","scan",1623113640966641274,1623113640992195226
28,"build/tests/sizes/cube-4000-bin.vtk","chck",1623113640946650560,1623113640992201099
28,"build/tests/sizes/cube-3863-stl-bin.geo","scan",1623113640992707131,1623113641313766602
28,"build/tests/sizes/cube-3863-stl-bin.geo","chck",1623113640992202458,1623113641313774007
28,"build/tests/sizes/cube-3650-bin.msh4","scan",1623113641347736520,1623113642080382149
28,"build/tests/sizes/cube-3650-bin.msh4","chck",1623113641313775139,1623113642080389058
28,"build/tests/sizes/cube-1753-asc.mesh","scan",1623113642099053761,1623113642107512760
28,"build/tests/sizes/cube-1753-asc.mesh","chck",1623113642080390144,1623113642107518823
28,"build/tests/sizes/cube-2336-bin.msh4","scan",1623113642108059490,1623113642991577150
28,"build/tests/sizes/cube-2336-bin.msh4","chck",1623113642107519823,1623113642991584224
28,"build/tests/sizes/cube-3865-asc.mesh","scan",1623113643012493525,1623113643331214801
28,"build/tests/sizes/cube-3865-asc.mesh","chck",1623113642991585359,1623113643331220794
28,"build/tests/sizes/cube-1872-asc.bdf","scan",1623113643354553671,1623113643394912304
28,"build/tests/sizes/cube-1872-asc.bdf","chck",1623113643331221968,1623113643394918445
28,"build/tests/sizes/cube-3928-bin.vtk","scan",1623113643399177626,1623113643407180480
28,"build/tests/sizes/cube-3928-bin.vtk","chck",1623113643394919608,1623113643407185840
28,"build/tests/sizes/cube-3942-geo.geo","scan",1623113643407712446,1623113643408948207
28,"build/tests/sizes/cube-3942-geo.geo","chck",1623113643407186909,1623113643408952122
28,"build/tests/sizes/cube-18-bin.msh4","scan",1623113643430935666,1623113643456308177
28,"build/tests/sizes/cube-18-bin.msh4","chck",1623113643408953192,1623113643456313703
28,"build/tests/sizes/cube-3944-asc.msh2","scan",1623113643473229799,1623113643481821733
28,"build/tests/sizes/cube-3944-asc.msh2","chck",1623113643456314810,1623113643481827576
28,"build/tests/sizes/cube-1216-asc.msh2","scan",1623113643503915345,1623113643513038210
28,"build/tests/sizes/cube-1216-asc.msh2","chck",1623113643481828607,1623113643513043705
28,"build/tests/sizes/cube-2419-stl-bin.geo","scan",1623113643514521011,1623113643527278239
28,"build/tests/sizes/cube-2419-stl-bin.geo","chck",1623113643513044724,1623113643527283245
28,"build/tests/sizes/cube-2173-bin.msh2","scan",1623113643527805681,1623113643533690957
28,"build/tests/sizes/cube-2173-bin.msh2","chck",1623113643527284326,1623113643533695405
28,"build/tests/sizes/cube-2480-geo.geo","scan",1623113643534239098,1623113643535600036
28,"build/tests/sizes/cube-2480-geo.geo","chck",1623113643533696306,1623113643535604151
28,"build/tests/sizes/cube-635-bin.vtk","scan",1623113643553336388,1623113646220598078
28,"build/tests/sizes/cube-635-bin.vtk","chck",1623113643535605095,1623113646220604832
28,"build/tests/sizes/cube-886-bin.vtk","scan",1623113646240229983,1623113646259706530
28,"build/tests/sizes/cube-886-bin.vtk","chck",1623113646220606005,1623113646259712366
28,"build/tests/sizes/cube-2471-asc.mesh","scan",1623113646276334945,1623113646303724006
28,"build/tests/sizes/cube-2471-asc.mesh","chck",1623113646259852575,1623113646303730431
28,"build/tests/sizes/cube-2277-bin.msh4","scan",1623113646304265411,1623113646316966536
28,"build/tests/sizes/cube-2277-bin.msh4","chck",1623113646303731568,1623113646316972329
28,"build/tests/sizes/cube-2259-asc.msh2","scan",1623113646335183921,1623113646380711901
28,"build/tests/sizes/cube-2259-asc.msh2","chck",1623113646316973363,1623113646380717961
28,"build/tests/sizes/cube-3755-asc.msh2","scan",1623113646400521245,1623113646408199485
28,"build/tests/sizes/cube-3755-asc.msh2","chck",1623113646380719118,1623113646408206191
28,"build/tests/sizes/cube-475-bin.msh2","scan",1623113646439272345,1623113648792089994
28,"build/tests/sizes/cube-475-bin.msh2","chck",1623113646408207207,1623113648792095841
28,"build/tests/sizes/cube-3902-bin.msh2","scan",1623113648793636850,1623113650679126314
28,"build/tests/sizes/cube-3902-bin.msh2","chck",1623113648792097165,1623113650679132585
28,"build/tests/sizes/cube-1390-geo.geo_unrolled","scan",1623113650695192578,1623113650696429085
28,"build/tests/sizes/cube-1390-geo.geo_unrolled","chck",1623113650679133951,1623113650696433796
28,"build/tests/sizes/cube-137-geo.geo","scan",1623113650716501649,1623113650717961145
28,"build/tests/sizes/cube-137-geo.geo","chck",1623113650696434848,1623113650717965497
28,"build/tests/sizes/cube-2186-bin.msh2","scan",1623113650733350268,1623113650742418619
28,"build/tests/sizes/cube-2186-bin.msh2","chck",1623113650717966415,1623113650742423033
28,"build/tests/sizes/cube-1665-geo.geo_unrolled","scan",1623113650743698142,1623113650744847402
28,"build/tests/sizes/cube-1665-geo.geo_unrolled","chck",1623113650742423893,1623113650744850592
28,"build/tests/sizes/cube-1315-stl-bin.geo","scan",1623113650763740442,1623113651278121754
28,"build/tests/sizes/cube-1315-stl-bin.geo","chck",1623113650744851473,1623113651278129286
28,"build/tests/sizes/cube-984-asc.bdf","scan",1623113651300877292,1623113651333507984
28,"build/tests/sizes/cube-984-asc.bdf","chck",1623113651278130643,1623113651333513685
28,"build/tests/sizes/cube-2933-geo.geo_unrolled","scan",1623113651334115937,1623113651335270191
28,"build/tests/sizes/cube-2933-geo.geo_unrolled","chck",1623113651333514769,1623113651335274695
28,"build/tests/sizes/cube-760-bin.vtk","scan",1623113651357516725,1623113651393163568
28,"build/tests/sizes/cube-760-bin.vtk","chck",1623113651335275652,1623113651393169213
28,"build/tests/sizes/cube-1094-stl-bin.geo","scan",1623113651414354019,1623113651494407758
28,"build/tests/sizes/cube-1094-stl-bin.geo","chck",1623113651393170307,1623113651494413955
28,"build/tests/sizes/cube-722-asc.mesh","scan",1623113651515352366,1623113651565107533
28,"build/tests/sizes/cube-722-asc.mesh","chck",1623113651494415125,1623113651565114141
28,"build/tests/sizes/cube-1144-asc.msh2","scan",1623113651581876181,1623113658350375368
28,"build/tests/sizes/cube-1144-asc.msh2","chck",1623113651565115568,1623113658350381279
28,"build/tests/sizes/cube-3133-bin.msh4","scan",1623113658351129998,1623113658383031445
28,"build/tests/sizes/cube-3133-bin.msh4","chck",1623113658350382419,1623113658383037509
28,"build/tests/sizes/cube-1256-stl-bin.geo","scan",1623113658384686374,1623113658404131207
28,"build/tests/sizes/cube-1256-stl-bin.geo","chck",1623113658383038697,1623113658404136913
28,"build/tests/sizes/cube-3289-bin.msh2","scan",1623113658424835367,1623113658472136003
28,"build/tests/sizes/cube-3289-bin.msh2","chck",1623113658404138256,1623113658472142705
28,"build/tests/sizes/cube-2610-asc.bdf","scan",1623113658488207764,1623113658520977522
28,"build/tests/sizes/cube-2610-asc.bdf","chck",1623113658472143733,1623113658520983814
28,"build/tests/sizes/cube-2269-bin.msh4","scan",1623113658538971935,1623113658741206662
28,"build/tests/sizes/cube-2269-bin.msh4","chck",1623113658520985021,1623113658741212627
28,"cube-2610-asc","prep",1623113658742462315,1623113658743433445
28,"cube-2610-asc","zzzz",1623113658743439996,1623113658766675165,1230,2267,6801
28,"cube-2610-asc","post",1623113658766676936,1623113658766976205
28,"cube-3133-bin","prep",1623113658767136156,1623113658802699094
28,"cube-3133-bin","zzzz",1623113658802705085,1623113662203330901,50981,74814,224442
28,"cube-3133-bin","post",1623113662203340450,1623113662218809761
28,"cube-722-asc","prep",1623113662218850498,1623113662226458762
28,"cube-722-asc","zzzz",1623113662226461588,1623113662468221873,2050,12007,36021
28,"cube-722-asc","post",1623113662468231192,1623113662470881468
28,"cube-1094-stl-bin","mesh",1623113662471243338,1623113663379662597
28,"cube-1094-stl-bin","prep",1623113663380640212,1623113663467045328
28,"cube-1094-stl-bin","zzzz",1623113663467053210,1623113669662265674,65457,112868,338604
28,"cube-1094-stl-bin","post",1623113669662275311,1623113669694799849
28,"cube-2933-geo","mesh",1623113669694837387,1623113669728227032
28,"cube-2933-geo","prep",1623113669729194143,1623113669729936152
28,"cube-2933-geo","zzzz",1623113669729938546,1623113669745003145,906,1633,4899
28,"cube-2933-geo","post",1623113669745021151,1623113669745488044
28,"cube-1315-stl-bin","mesh",1623113669745743786,1623113680987367585
28,"cube-1315-stl-bin","prep",1623113681357473275,1623113681946137239
28,"cube-1315-stl-bin","zzzz",1623113681946143761,1623113859744068514,743813,1107664,3322992
28,"cube-1315-stl-bin","post",1623113859744078293,1623113859939189604
28,"cube-2092-asc","prep",1623113859947211195,1623113859962646752
28,"cube-2092-asc","zzzz",1623113859962649863,1623113860158759828,1744,10376,31128
28,"cube-2092-asc","post",1623113860158770072,1623113860159506669
28,"cube-542-asc","prep",1623113860159576446,1623113860168609381
28,"cube-542-asc","zzzz",1623113860168611625,1623113886230522049,19502,299061,897183
28,"cube-542-asc","post",1623113886230535882,1623113886297461313
28,"cube-3865-asc","prep",1623113886297495815,1623113886307849244
28,"cube-3865-asc","zzzz",1623113886307852283,1623113893623603605,11006,126395,379185
28,"cube-3865-asc","post",1623113893623617442,1623113893631257566
28,"cube-1256-stl-bin","mesh",1623113893631290375,1623113893659904729
28,"cube-1256-stl-bin","prep",1623113893660853295,1623113893661368373
28,"cube-1256-stl-bin","zzzz",1623113893661370909,1623113893675691551,474,1571,4713
28,"cube-1256-stl-bin","post",1623113893675702305,1623113893675977646
28,"cube-2029-asc","prep",1623113893676012198,1623113893676343569
28,"cube-2029-asc","zzzz",1623113893676347077,1623113893692577504,416,1727,5181
28,"cube-2029-asc","post",1623113893692587737,1623113893693085666
28,"cube-3548-asc","prep",1623113893693097518,1623113893693891576
28,"cube-3548-asc","zzzz",1623113893693893149,1623113893724228169,1531,2768,8304
28,"cube-3548-asc","post",1623113893724238247,1623113893724686191
28,"cube-1488-asc","prep",1623113893724835664,1623113893731487926
28,"cube-1488-asc","zzzz",1623113893731490088,1623113894262748259,13456,20763,62289
28,"cube-1488-asc","post",1623113894262758466,1623113894264115526
28,"cube-285-stl-bin","mesh",1623113894264131596,1623113894282890408
28,"cube-285-stl-bin","prep",1623113894283738502,1623113894284999954
28,"cube-285-stl-bin","zzzz",1623113894285002480,1623113894336227355,1458,4051,12153
28,"cube-285-stl-bin","post",1623113894336237674,1623113894336516889
28,"cube-3675-asc","prep",1623113894336641357,1623113894336893853
28,"cube-3675-asc","zzzz",1623113894336895535,1623113894524395888,1740,10056,30168
28,"cube-3675-asc","post",1623113894524406060,1623113894525711238
28,"cube-3790-asc","prep",1623113894525723344,1623113894525879515
28,"cube-3790-asc","zzzz",1623113894525880598,1623113894527930136,174,359,1077
28,"cube-3790-asc","post",1623113894527933554,1623113894528049403
28,"cube-593-asc","prep",1623113894528069940,1623113894528260309
28,"cube-593-asc","zzzz",1623113894528262861,1623113894531189980,168,466,1398
28,"cube-593-asc","post",1623113894531200274,1623113894531373487
28,"cube-3537-bin.cgns","prep",1623113894531406555,1623113894532064462
28,"cube-3537-bin.cgns","zzzz",1623113894532066967,1623113894565200845,1646,2958,8874
28,"cube-3537-bin.cgns","post",1623113894565211022,1623113894565606391
28,"cube-2390-asc","prep",1623113894566134799,1623113894991824914
28,"cube-2390-asc","zzzz",1623113894991829905,1623114015661603756,605420,832223,2496669
28,"cube-2390-asc","post",1623114015661617575,1623114015744291862
28,"cube-3521-bin","prep",1623114015744653412,1623114015759196185
28,"cube-3521-bin","zzzz",1623114015759200051,1623114015762448038,242,505,1515
28,"cube-3521-bin","post",1623114015762458648,1623114015762740969
28,"cube-3402-stl-bin","mesh",1623114015762781727,1623114017899179112
28,"cube-3402-stl-bin","prep",1623114017943523652,1623114018063804665
28,"cube-3402-stl-bin","zzzz",1623114018063812113,1623114037336667357,151275,243977,731931
28,"cube-3402-stl-bin","post",1623114037336685274,1623114037437667022
28,"cube-3448-stl-bin","mesh",1623114037437699231,1623114037471984020
28,"cube-3448-stl-bin","prep",1623114037472936508,1623114037473215333
28,"cube-3448-stl-bin","zzzz",1623114037473217418,1623114037480453665,273,936,2808
28,"cube-3448-stl-bin","post",1623114037480463868,1623114037480650077
28,"cube-1872-asc","prep",1623114037480683132,1623114037482022586
28,"cube-1872-asc","zzzz",1623114037482024846,1623114037531556995,2286,3957,11871
28,"cube-1872-asc","post",1623114037531574342,1623114037531922082
28,"cube-289-stl-bin","mesh",1623114037531943908,1623114038516827702
28,"cube-289-stl-bin","prep",1623114038517794631,1623114038621235052
28,"cube-289-stl-bin","zzzz",1623114038621242942,1623114045119400271,67533,116587,349761
28,"cube-289-stl-bin","post",1623114045119414601,1623114045166708733
28,"cube-199-stl-bin","mesh",1623114045166741404,1623114048812235556
28,"cube-199-stl-bin","prep",1623114048813242168,1623114049192810592
28,"cube-199-stl-bin","zzzz",1623114049192817759,1623114089634222648,254379,401808,1205424
28,"cube-199-stl-bin","post",1623114089634236980,1623114089801865133
28,"cube-3138-bin","prep",1623114089801898421,1623114089839951309
28,"cube-3138-bin","zzzz",1623114089839955083,1623114089842918395,215,470,1410
28,"cube-3138-bin","post",1623114089842929123,1623114089843117639
28,"cube-3103-asc","prep",1623114089843154563,1623114090250437086
28,"cube-3103-asc","zzzz",1623114090250442489,1623114190747891421,534970,737274,2211822
28,"cube-3103-asc","post",1623114190747906105,1623114190793273989
28,"cube-3572-geo","mesh",1623114190793593226,1623114190909727680
28,"cube-3572-geo","prep",1623114190910770676,1623114190912274489
28,"cube-3572-geo","zzzz",1623114190912277386,1623114190987655107,3179,5314,15942
28,"cube-3572-geo","post",1623114190987665435,1623114190988880685
28,"cube-1447-geo","mesh",1623114190988912369,1623114190996547219
28,"cube-1447-geo","prep",1623114190997453814,1623114190997661164
28,"cube-1447-geo","zzzz",1623114190997663028,1623114191000583916,210,465,1395
28,"cube-1447-geo","post",1623114191000594119,1623114191000798650
28,"cube-2153-bin.cgns","prep",1623114191000812077,1623114191066892754
28,"cube-2153-bin.cgns","zzzz",1623114191066900034,1623114230228079884,280938,393228,1179684
28,"cube-2153-bin.cgns","post",1623114230228094308,1623114230228177115
28,"cube-1390-geo","mesh",1623114230228246230,1623114230244714660
28,"cube-1390-geo","prep",1623114230245690842,1623114230246406936
28,"cube-1390-geo","zzzz",1623114230246409107,1623114230256532908,621,1208,3624
28,"cube-1390-geo","post",1623114230256543108,1623114230257016121
28,"cube-2840-bin","prep",1623114230257055668,1623114230257710071
28,"cube-2840-bin","zzzz",1623114230257711402,1623114230261650962,284,587,1761
28,"cube-2840-bin","post",1623114230261661209,1623114230261895620
28,"cube-475-bin","prep",1623114230261929969,1623114230625018816
28,"cube-475-bin","zzzz",1623114230625026044,1623114337765256805,557816,769235,2307705
28,"cube-475-bin","post",1623114337765270852,1623114337820052888
28,"cube-1144-asc","prep",1623114337820094721,1623114338505991173
28,"cube-1144-asc","zzzz",1623114338505999226,1623114564097920166,968414,1324254,3972762
28,"cube-1144-asc","post",1623114564097930158,1623114564205564697
28,"cube-3498-geo","mesh",1623114564205974508,1623114564249623262
28,"cube-3498-geo","prep",1623114564250607139,1623114564250847823
28,"cube-3498-geo","zzzz",1623114564250850235,1623114564255926526,340,715,2145
28,"cube-3498-geo","post",1623114564255942178,1623114564256104227
28,"cube-1834-geo","mesh",1623114564256121398,1623114564501309433
28,"cube-1834-geo","prep",1623114564502257493,1623114564517669008
28,"cube-1834-geo","zzzz",1623114564517674340,1623114565080343058,14034,21630,64890
28,"cube-1834-geo","post",1623114565080353571,1623114565089230213
28,"cube-2735-bin","prep",1623114565090003930,1623114565091917482
28,"cube-2735-bin","zzzz",1623114565091919549,1623114565095868146,285,590,1770
28,"cube-2735-bin","post",1623114565095883688,1623114565095944556
28,"cube-2790-geo","mesh",1623114565095958471,1623114565102777500
28,"cube-2790-geo","prep",1623114565103753411,1623114565103979290
28,"cube-2790-geo","zzzz",1623114565103981323,1623114565106875144,209,464,1392
28,"cube-2790-geo","post",1623114565106880185,1623114565107025451
28,"cube-3054-stl-bin","mesh",1623114565107039979,1623114565168582298
28,"cube-3054-stl-bin","prep",1623114565169517907,1623114565174165729
28,"cube-3054-stl-bin","zzzz",1623114565174168687,1623114565399383965,5223,11428,34284
28,"cube-3054-stl-bin","post",1623114565399393639,1623114565401827761
28,"cube-2259-asc","prep",1623114565401984797,1623114565404309226
28,"cube-2259-asc","zzzz",1623114565404311663,1623114565492434619,3588,5930,17790
28,"cube-2259-asc","post",1623114565492453479,1623114565492834500
28,"cube-1216-asc","prep",1623114565492883379,1623114565493046856
28,"cube-1216-asc","zzzz",1623114565493047989,1623114565496252241,239,502,1506
28,"cube-1216-asc","post",1623114565496267947,1623114565496327019
28,"cube-635-bin","prep",1623114565496340061,1623114566672345127
28,"cube-635-bin","zzzz",1623114566672353458,1623114991860948915,1565432,2130178,6390534
28,"cube-635-bin","post",1623114991860967087,1623114992018792007
28,"cube-2520-geo","mesh",1623114992019428161,1623114992028662843
28,"cube-2520-geo","prep",1623114992029632162,1623114992029934953
28,"cube-2520-geo","zzzz",1623114992029936998,1623114992033274936,249,516,1548
28,"cube-2520-geo","post",1623114992033285251,1623114992033582804
28,"cube-137-geo","mesh",1623114992033598297,1623114992053926307
28,"cube-137-geo","prep",1623114992054715592,1623114992055627136
28,"cube-137-geo","zzzz",1623114992055629256,1623114992071079287,923,1664,4992
28,"cube-137-geo","post",1623114992071089559,1623114992071665354
28,"cube-4000-bin","prep",1623114992071810211,1623114992072062893
28,"cube-4000-bin","zzzz",1623114992072064457,1623114992076878719,330,685,2055
28,"cube-4000-bin","post",1623114992076888873,1623114992077023558
28,"cube-1753-asc","prep",1623114992077057067,1623114992077298479
28,"cube-1753-asc","zzzz",1623114992077301867,1623114992079821240,136,414,1242
28,"cube-1753-asc","post",1623114992079831558,1623114992079999293
28,"cube-3014-bin","prep",1623114992080032292,1623114992080968305
28,"cube-3014-bin","zzzz",1623114992080969851,1623114992097222805,973,1729,5187
28,"cube-3014-bin","post",1623114992097233069,1623114992097493737
28,"cube-2135-bin.cgns","prep",1623114992097528095,1623114992222594841
28,"cube-2135-bin.cgns","zzzz",1623114992222603017,1623115245438829240,1057124,1444095,4332285
28,"cube-2135-bin.cgns","post",1623115245438852143,1623115245438901666
28,"cube-3650-bin","prep",1623115245438946997,1623115246029249172
28,"cube-3650-bin","zzzz",1623115246029256269,1623115424678963156,811336,1111633,3334899
28,"cube-3650-bin","post",1623115424678977970,1623115424754364818
28,"cube-3438-stl-bin","mesh",1623115424754431875,1623115424773154912
28,"cube-3438-stl-bin","prep",1623115424774107205,1623115424774665098
28,"cube-3438-stl-bin","zzzz",1623115424774667988,1623115424807639927,1084,2947,8841
28,"cube-3438-stl-bin","post",1623115424807650207,1623115424808068479
28,"cube-2336-bin","prep",1623115424808191922,1623115425915144124
28,"cube-2336-bin","zzzz",1623115425915151670,1623115839408697968,1536711,2086058,6258174
28,"cube-2336-bin","post",1623115839408711869,1623115839539304573
28,"cube-2672-stl-bin","mesh",1623115839539350724,1623115839546434922
28,"cube-2672-stl-bin","prep",1623115839547863093,1623115839548515458
28,"cube-2672-stl-bin","zzzz",1623115839548518582,1623115839562938448,483,1580,4740
28,"cube-2672-stl-bin","post",1623115839562948872,1623115839563134397
28,"cube-2173-bin","prep",1623115839563148126,1623115839563846501
28,"cube-2173-bin","zzzz",1623115839563848623,1623115839588658543,1310,2379,7137
28,"cube-2173-bin","post",1623115839588668811,1623115839589039725
28,"cube-2471-asc","prep",1623115839589169389,1623115839589290319
28,"cube-2471-asc","zzzz",1623115839589291549,1623115839594471822,240,725,2175
28,"cube-2471-asc","post",1623115839594482088,1623115839594681318
28,"cube-1938-asc","prep",1623115839594714413,1623115839594973565
28,"cube-1938-asc","zzzz",1623115839594976866,1623115839597924215,168,468,1404
28,"cube-1938-asc","post",1623115839597934373,1623115839598080036
28,"cube-3176-bin","prep",1623115839598113621,1623115840237536351
28,"cube-3176-bin","zzzz",1623115840237543147,1623116041299744382,887335,1214721,3644163
28,"cube-3176-bin","post",1623116041299759203,1623116041390427169
28,"cube-1464-geo","mesh",1623116041390462820,1623116061546281380
28,"cube-1464-geo","prep",1623116062188338890,1623116063120757046
28,"cube-1464-geo","zzzz",1623116063120761769,1623116355214046664,1177584,1607386,4822158
28,"cube-1464-geo","post",1623116355214056172,1623116355656080216
28,"cube-1387-stl-bin","mesh",1623116355656131179,1623116360220463034
28,"cube-1387-stl-bin","prep",1623116360221464874,1623116360664053819
28,"cube-1387-stl-bin","zzzz",1623116360664061182,1623116405499176560,273042,430557,1291671
28,"cube-1387-stl-bin","post",1623116405499190887,1623116405689537286
28,"cube-3445-bin.cgns","prep",1623116405689573336,1623116405766048379
28,"cube-3445-bin.cgns","zzzz",1623116405766052637,1623116405768992474,212,467,1401
28,"cube-3445-bin.cgns","post",1623116405769002879,1623116405769097304
28,"cube-2419-stl-bin","mesh",1623116405769149012,1623116405823950364
28,"cube-2419-stl-bin","prep",1623116405824881861,1623116405825256264
28,"cube-2419-stl-bin","zzzz",1623116405825258345,1623116405835345123,346,1205,3615
28,"cube-2419-stl-bin","post",1623116405835355371,1623116405835630992
28,"cube-3902-bin","prep",1623116405835664909,1623116406124367379
28,"cube-3902-bin","zzzz",1623116406124371652,1623116475039578213,413416,573754,1721262
28,"cube-3902-bin","post",1623116475039592730,1623116475109806986
28,"cube-2186-bin","prep",1623116475109852310,1623116475113903557
28,"cube-2186-bin","zzzz",1623116475113907246,1623116475121220568,460,943,2829
28,"cube-2186-bin","post",1623116475121231089,1623116475121496854
28,"cube-2269-bin","prep",1623116475121512603,1623116475256208316
28,"cube-2269-bin","zzzz",1623116475256214947,1623116499840275404,204560,287484,862452
28,"cube-2269-bin","post",1623116499840289076,1623116499881536720
28,"cube-18-bin","prep",1623116499881577432,1623116499883603988
28,"cube-18-bin","zzzz",1623116499883607317,1623116499935717441,2391,4100,12300
28,"cube-18-bin","post",1623116499935727896,1623116499936469480
28,"cube-3928-bin","prep",1623116499936530196,1623116499936701964
28,"cube-3928-bin","zzzz",1623116499936703139,1623116499939121137,188,401,1203
28,"cube-3928-bin","post",1623116499939131391,1623116499939256643
28,"cube-505-geo","mesh",1623116499939291927,1623116499961294631
28,"cube-505-geo","prep",1623116499962258112,1623116499963278907
28,"cube-505-geo","zzzz",1623116499963281192,1623116499980059363,1007,1771,5313
28,"cube-505-geo","post",1623116499980069471,1623116499980549028
28,"cube-3863-stl-bin","mesh",1623116499980580232,1623116507143702713
28,"cube-3863-stl-bin","prep",1623116507404552202,1623116507757543943
28,"cube-3863-stl-bin","zzzz",1623116507757551277,1623116604415452944,470462,718450,2155350
28,"cube-3863-stl-bin","post",1623116604415468225,1623116604653223198
28,"cube-34-geo","mesh",1623116604653263998,1623116606705978153
28,"cube-34-geo","prep",1623116606706975297,1623116606920696823
28,"cube-34-geo","zzzz",1623116606920702427,1623116618563628792,122457,173372,520116
28,"cube-34-geo","post",1623116618563653079,1623116618669027670
28,"cube-3328-asc","prep",1623116618669610003,1623116618675150707
28,"cube-3328-asc","zzzz",1623116618675152678,1623116618680520890,240,745,2235
28,"cube-3328-asc","post",1623116618680531319,1623116618680753979
28,"cube-1114-bin.cgns","prep",1623116618680770038,1623116618911722114
28,"cube-1114-bin.cgns","zzzz",1623116618911730202,1623116650300816376,241870,338934,1016802
28,"cube-1114-bin.cgns","post",1623116650300830870,1623116650300913634
28,"cube-2676-asc","prep",1623116650300983223,1623116650908370273
28,"cube-2676-asc","zzzz",1623116650908374943,1623116832376231761,821370,1124798,3374394
28,"cube-2676-asc","post",1623116832376246623,1623116832447988464
28,"cube-2480-geo","mesh",1623116832448028972,1623116850281657193
28,"cube-2480-geo","prep",1623116851093990576,1623116851959129282
28,"cube-2480-geo","zzzz",1623116851959135437,1623117108966307970,1068209,1460286,4380858
28,"cube-2480-geo","post",1623117108966323079,1623117109374964914
28,"cube-3289-bin","prep",1623117109375007105,1623117109395562646
28,"cube-3289-bin","zzzz",1623117109395566032,1623117109482542306,3547,5875,17625
28,"cube-3289-bin","post",1623117109482552972,1623117109483512634
28,"cube-570-bin","prep",1623117109483531357,1623117109499264880
28,"cube-570-bin","zzzz",1623117109499267069,1623117109614540877,4368,7157,21471
28,"cube-570-bin","post",1623117109614551255,1623117109615440303
28,"cube-671-bin","prep",1623117109615502608,1623117109661441361
28,"cube-671-bin","zzzz",1623117109661447474,1623117112898209631,49342,72372,217116
28,"cube-671-bin","post",1623117112898221048,1623117112916300114
28,"cube-1608-asc","prep",1623117112916338515,1623117113362929503
28,"cube-1608-asc","zzzz",1623117113362934647,1623117227429785024,580913,801819,2405457
28,"cube-1608-asc","post",1623117227429798778,1623117227518371092
28,"cube-743-asc","prep",1623117227518406351,1623117227523697873
28,"cube-743-asc","zzzz",1623117227523699737,1623117228431896970,3514,30124,90372
28,"cube-743-asc","post",1623117228431907294,1623117228440897358
28,"cube-1136-asc","prep",1623117228440921536,1623117228447090692
28,"cube-1136-asc","zzzz",1623117228447092617,1623117228450048688,214,469,1407
28,"cube-1136-asc","post",1623117228450059009,1623117228450267980
28,"cube-3755-asc","prep",1623117228450301820,1623117228456495193
28,"cube-3755-asc","zzzz",1623117228456497262,1623117228458228692,136,307,921
28,"cube-3755-asc","post",1623117228458238814,1623117228458363324
28,"cube-159-stl-bin","mesh",1623117228458380648,1623117228468144573
28,"cube-159-stl-bin","prep",1623117228469156107,1623117228469474745
28,"cube-159-stl-bin","zzzz",1623117228469476872,1623117228476723943,274,937,2811
28,"cube-159-stl-bin","post",1623117228476734288,1623117228476940187
28,"cube-428-bin","prep",1623117228476970683,1623117229363983743
28,"cube-428-bin","zzzz",1623117229363991528,1623117531149935127,1207017,1647218,4941654
28,"cube-428-bin","post",1623117531149991545,1623117531255101310
28,"cube-2886-bin","prep",1623117531255191784,1623117531572551704
28,"cube-2886-bin","zzzz",1623117531572559295,1623117615122943405,471810,652234,1956702
28,"cube-2886-bin","post",1623117615122996572,1623117615164262165
28,"cube-984-asc","prep",1623117615164336941,1623117615165192731
28,"cube-984-asc","zzzz",1623117615165195487,1623117615185970858,1157,2080,6240
28,"cube-984-asc","post",1623117615185981403,1623117615186407904
28,"cube-3068-geo","mesh",1623117615186663288,1623117615246931147
28,"cube-3068-geo","prep",1623117615247941973,1623117615250804173
28,"cube-3068-geo","zzzz",1623117615250806478,1623117615328070767,3242,5407,16221
28,"cube-3068-geo","post",1623117615328081071,1623117615329603172
28,"cube-3403-bin","prep",1623117615329626835,1623117615368583834
28,"cube-3403-bin","zzzz",1623117615368588798,1623117620437384587,67846,98393,295179
28,"cube-3403-bin","post",1623117620437396596,1623117620446187279
28,"cube-1908-asc","prep",1623117620446223097,1623117620447809112
28,"cube-1908-asc","zzzz",1623117620447811462,1623117620877901443,2742,17956,53868
28,"cube-1908-asc","post",1623117620878202573,1623117620879453403
28,"cube-966-asc","prep",1623117620879474268,1623117621719380035
28,"cube-966-asc","zzzz",1623117621719386414,1623117895785498571,1122442,1532388,4597164
28,"cube-966-asc","post",1623117895785513505,1623117895987387461
28,"cube-732-asc","prep",1623117895987424064,1623117895993099454
28,"cube-732-asc","zzzz",1623117895993103282,1623117896046758806,2440,4185,12555
28,"cube-732-asc","post",1623117896046769145,1623117896047549383
28,"cube-3942-geo","mesh",1623117896047566434,1623117896056086620
28,"cube-3942-geo","prep",1623117896057143787,1623117896057551699
28,"cube-3942-geo","zzzz",1623117896057553695,1623117896060824239,243,508,1524
28,"cube-3942-geo","post",1623117896060834605,1623117896061232168
28,"cube-760-bin","prep",1623117896061267312,1623117896064080188
28,"cube-760-bin","zzzz",1623117896064082642,1623117896180372394,4402,7201,21603
28,"cube-760-bin","post",1623117896180382769,1623117896181656083
28,"cube-3607-asc","prep",1623117896181679917,1623117896182164100
28,"cube-3607-asc","zzzz",1623117896182165594,1623117896211210980,682,2680,8040
28,"cube-3607-asc","post",1623117896211225277,1623117896211495777
28,"cube-179-bin","prep",1623117896211507740,1623117896214042014
28,"cube-179-bin","zzzz",1623117896214044261,1623117896303814685,3653,6007,18021
28,"cube-179-bin","post",1623117896303824958,1623117896305093611
28,"cube-1665-geo","mesh",1623117896305109656,1623117898854187826
28,"cube-1665-geo","prep",1623117898855165621,1623117899067907190
28,"cube-1665-geo","zzzz",1623117899067912528,1623117918648079407,174921,246566,739698
28,"cube-1665-geo","post",1623117918648094436,1623117918735046642
28,"cube-2941-geo","mesh",1623117918735179210,1623117918759726370
28,"cube-2941-geo","prep",1623117918760713016,1623117918761025906
28,"cube-2941-geo","zzzz",1623117918761027930,1623117918763494272,194,407,1221
28,"cube-2941-geo","post",1623117918763504587,1623117918763831291
28,"cube-3021-stl-bin","mesh",1623117918763882983,1623117920236365760
28,"cube-3021-stl-bin","prep",1623117920237402658,1623117920381792588
28,"cube-3021-stl-bin","zzzz",1623117920381799645,1623117933823544855,117189,191183,573549
28,"cube-3021-stl-bin","post",1623117933823556512,1623117933884808403
28,"cube-2277-bin","prep",1623117933884844326,1623117933911290937
28,"cube-2277-bin","zzzz",1623117933911295405,1623117935850145673,34372,50890,152670
28,"cube-2277-bin","post",1623117935850157425,1623117935853211361
28,"cube-2247-geo","mesh",1623117935853432777,1623117935875268494
28,"cube-2247-geo","prep",1623117935876282579,1623117935876829974
28,"cube-2247-geo","zzzz",1623117935876832051,1623117935882460576,369,772,2316
28,"cube-2247-geo","post",1623117935882470883,1623117935882811073
28,"cube-281-bin","prep",1623117935882861187,1623117935887835685
28,"cube-281-bin","zzzz",1623117935887838095,1623117936076224070,6350,10089,30267
28,"cube-281-bin","post",1623117936076234250,1623117936077993630
28,"cube-601-asc","prep",1623117936078008290,1623117936079121800
28,"cube-601-asc","zzzz",1623117936079123735,1623117936094921044,945,1692,5076
28,"cube-601-asc","post",1623117936094931074,1623117936095248219
28,"cube-3944-asc","prep",1623117936095315805,1623117936095809924
28,"cube-3944-asc","zzzz",1623117936095814061,1623117936098729117,209,464,1392
28,"cube-3944-asc","post",1623117936098739336,1623117936098875060
28,"cube-1522-bin","prep",1623117936098904153,1623117936099362398
28,"cube-1522-bin","zzzz",1623117936099364091,1623117936109364491,612,1197,3591
28,"cube-1522-bin","post",1623117936109374781,1623117936109708948
28,"cube-3664-bin","prep",1623117936109738677,1623117936112362242
28,"cube-3664-bin","zzzz",1623117936112364726,1623117936257961391,5225,8427,25281
28,"cube-3664-bin","post",1623117936257971641,1623117936258532903
28,"cube-886-bin","prep",1623117936258554369,1623117936259437156
28,"cube-886-bin","zzzz",1623117936259439437,1623117936292276377,1619,2938,8814
28,"cube-886-bin","post",1623117936292286515,1623117936292706549
28,"cube-669-bin","prep",1623117936292720370,1623117936292878574
28,"cube-669-bin","zzzz",1623117936292879945,1623117936294679180,138,317,951
28,"cube-669-bin","post",1623117936294689108,1623117936294895224
28,"cube-1466-bin","prep",1623117936294924964,1623117936295711030
28,"cube-1466-bin","zzzz",1623117936295712729,1623117936306222236,645,1243,3729
28,"cube-1466-bin","post",1623117936306232350,1623117936306522778
28,"cube-1435-geo","mesh",1623117936306553970,1623117950317917421
28,"cube-1435-geo","prep",1623117950776441331,1623117951524372831
28,"cube-1435-geo","zzzz",1623117951524378107,1623118176931522559,967675,1323438,3970314
28,"cube-1435-geo","post",1623118176931536451,1623118177227240344
28,"cube-1003-geo","mesh",1623118177227296450,1623118186328392524
28,"cube-1003-geo","prep",1623118186329416213,1623118187051011643
28,"cube-1003-geo","zzzz",1623118187051017350,1623118305515724902,597725,822136,2466408
28,"cube-1003-geo","post",1623118305515739759,1623118305718228796
28,"cube-315-asc","prep",1623118305718284106,1623118305727517528
28,"cube-315-asc","zzzz",1623118305727520411,1623118305757064059,1487,2712,8136
28,"cube-315-asc","post",1623118305757074381,1623118305757459905
28,"cube-257-asc","prep",1623118305757606142,1623118305763252546
28,"cube-257-asc","zzzz",1623118305763254313,1623118317009674774,12444,169390,508170
28,"cube-257-asc","post",1623118317009681058,1623118317023766152
28,"cube-845-geo","mesh",1623118317023800537,1623118327092750340
28,"cube-845-geo","prep",1623118327093767213,1623118327874904482
28,"cube-845-geo","zzzz",1623118327874911042,1623118465745117249,667146,915329,2745987
28,"cube-845-geo","post",1623118465745132812,1623118465967768783
28,"cube-1291-asc","prep",1623118465967828240,1623118466331074912
28,"cube-1291-asc","zzzz",1623118466331081636,1623118549088117430,468391,648108,1944324
28,"cube-1291-asc","post",1623118549088132484,1623118549136550843
28,"cube-3313-asc","prep",1623118549136580048,1623118549146028011
28,"cube-3313-asc","zzzz",1623118549146031953,1623118549165692548,1097,1996,5988
28,"cube-3313-asc","post",1623118549165702988,1623118549166117596
28,"cube-2831-asc","prep",1623118549166153185,1623118549170982120
28,"cube-2831-asc","zzzz",1623118549170983887,1623118549173919242,168,469,1407
28,"cube-2831-asc","post",1623118549173924290,1623118549173996608
28,"cube-3777-stl-bin","mesh",1623118549174011232,1623118549195828267
28,"cube-3777-stl-bin","prep",1623118549196996779,1623118549198317526
28,"cube-3777-stl-bin","zzzz",1623118549198320184,1623118549241433150,1313,3588,10764
28,"cube-3777-stl-bin","post",1623118549241443445,1623118549241920568
28,"Proc","exit_task",1623113578265315717,1623118549249094723,4049924
