0,"build/tests/sizes/cube-2675-geo.geo_unrolled","scan",1623113600000465555,1623113600003499239
0,"build/tests/sizes/cube-2675-geo.geo_unrolled","chck",1623113599998190699,1623113600003610414
0,"build/tests/sizes/cube-3217-bin.msh4","scan",1623113600005530179,1623113600050938756
0,"build/tests/sizes/cube-3217-bin.msh4","chck",1623113600003611782,1623113600050944059
0,"build/tests/sizes/cube-576-geo.geo_unrolled","scan",1623113600068359115,1623113600070513956
0,"build/tests/sizes/cube-576-geo.geo_unrolled","chck",1623113600050945119,1623113600070518447
0,"build/tests/sizes/cube-110-bin.cgns","scan",1623113600087088404,1623113600145889258
0,"build/tests/sizes/cube-110-bin.cgns","chck",1623113600070519504,1623113600145894981
0,"build/tests/sizes/cube-3071-bin.msh4","scan",1623113600150888127,1623113600233756329
0,"build/tests/sizes/cube-3071-bin.msh4","chck",1623113600145895964,1623113600233761702
0,"build/tests/sizes/cube-2626-geo.geo","scan",1623113600245613455,1623113600247758710
0,"build/tests/sizes/cube-2626-geo.geo","chck",1623113600233762739,1623113600247762892
0,"build/tests/sizes/cube-1104-bin.msh4","scan",1623113600268433350,1623113600329297701
0,"build/tests/sizes/cube-1104-bin.msh4","chck",1623113600247763765,1623113600329303178
0,"build/tests/sizes/cube-3503-asc.bdf","scan",1623113600342119596,1623113611215282788
0,"build/tests/sizes/cube-3503-asc.bdf","chck",1623113600329304143,1623113611215301572
0,"build/tests/sizes/cube-3651-bin.vtk","scan",1623113611265985563,1623113611266069420
0,"build/tests/sizes/cube-3651-bin.vtk","chck",1623113611215304203,1623113611266078221
0,"build/tests/sizes/cube-3270-geo.geo_unrolled","scan",1623113611267665840,1623113611267696089
0,"build/tests/sizes/cube-3270-geo.geo_unrolled","chck",1623113611266079532,1623113611267700853
0,"build/tests/sizes/cube-3158-bin.vtk","scan",1623113611269136877,1623113611269164611
0,"build/tests/sizes/cube-3158-bin.vtk","chck",1623113611267701682,1623113611269169201
0,"build/tests/sizes/cube-3664-bin.cgns","scan",1623113611349269713,1623113611404996403
0,"build/tests/sizes/cube-3664-bin.cgns","chck",1623113611269169971,1623113611405004714
0,"build/tests/sizes/cube-152-bin.msh2","scan",1623113611425591250,1623113611425632436
0,"build/tests/sizes/cube-152-bin.msh2","chck",1623113611405006030,1623113611425639780
0,"build/tests/sizes/cube-3463-geo.geo_unrolled","scan",1623113611426230672,1623113611426247782
0,"build/tests/sizes/cube-3463-geo.geo_unrolled","chck",1623113611425641201,1623113611426250262
0,"build/tests/sizes/cube-3353-stl-bin.geo","scan",1623113611443987930,1623113611444016289
0,"build/tests/sizes/cube-3353-stl-bin.geo","chck",1623113611426251166,1623113611444021877
0,"build/tests/sizes/cube-2642-asc.mesh","scan",1623113611444680778,1623113611444701738
0,"build/tests/sizes/cube-2642-asc.mesh","chck",1623113611444023128,1623113611444705367
0,"build/tests/sizes/cube-3198-asc.mesh","scan",1623113611445226019,1623113611445241743
0,"build/tests/sizes/cube-3198-asc.mesh","chck",1623113611444706382,1623113611445243911
0,"build/tests/sizes/cube-3273-asc.msh2","scan",1623113611456274306,1623113611456310667
0,"build/tests/sizes/cube-3273-asc.msh2","chck",1623113611445244622,1623113611456316958
0,"build/tests/sizes/cube-2950-asc.mesh","scan",1623113611456926219,1623113611456945683
0,"build/tests/sizes/cube-2950-asc.mesh","chck",1623113611456318220,1623113611456949003
0,"build/tests/sizes/cube-3159-asc.bdf","scan",1623113611457539164,1623113611457558339
0,"build/tests/sizes/cube-3159-asc.bdf","chck",1623113611456949945,1623113611457560747
0,"build/tests/sizes/cube-2773-asc.bdf","scan",1623113611472832059,1623113611472871369
0,"build/tests/sizes/cube-2773-asc.bdf","chck",1623113611457561508,1623113611472877746
0,"build/tests/sizes/cube-3520-bin.msh4","scan",1623113611473467514,1623113611473487244
0,"build/tests/sizes/cube-3520-bin.msh4","chck",1623113611472878874,1623113611473490709
0,"build/tests/sizes/cube-3144-bin.vtk","scan",1623113611474076992,1623113611474096005
0,"build/tests/sizes/cube-3144-bin.vtk","chck",1623113611473491548,1623113611474098537
0,"build/tests/sizes/cube-3573-bin.cgns","scan",1623113611477095347,1623113611495402862
0,"build/tests/sizes/cube-3573-bin.cgns","chck",1623113611474101937,1623113611495409087
0,"build/tests/sizes/cube-3739-geo.geo_unrolled","scan",1623113611496728753,1623113611496756912
0,"build/tests/sizes/cube-3739-geo.geo_unrolled","chck",1623113611495410140,1623113611496760105
0,"build/tests/sizes/cube-430-bin.msh2","scan",1623113611517488119,1623113611517520217
0,"build/tests/sizes/cube-430-bin.msh2","chck",1623113611496760959,1623113611517525953
0,"build/tests/sizes/cube-128-bin.msh4","scan",1623113611520921394,1623113611520945179
0,"build/tests/sizes/cube-128-bin.msh4","chck",1623113611517526994,1623113611520948527
0,"build/tests/sizes/cube-3809-stl-bin.geo","scan",1623113611534353271,1623113611534378855
0,"build/tests/sizes/cube-3809-stl-bin.geo","chck",1623113611520949450,1623113611534384259
0,"build/tests/sizes/cube-1200-asc.bdf","scan",1623113611544320111,1623113611544352374
0,"build/tests/sizes/cube-1200-asc.bdf","chck",1623113611534385272,1623113611544357121
0,"build/tests/sizes/cube-2349-bin.vtk","scan",1623113611545003334,1623113611545021756
0,"build/tests/sizes/cube-2349-bin.vtk","chck",1623113611544358031,1623113611545024642
0,"build/tests/sizes/cube-58-bin.msh4","scan",1623113611590220775,1623113611590258201
0,"build/tests/sizes/cube-58-bin.msh4","chck",1623113611545025453,1623113611590265860
0,"build/tests/sizes/cube-3124-asc.bdf","scan",1623113611590785218,1623113611590803017
0,"build/tests/sizes/cube-3124-asc.bdf","chck",1623113611590267106,1623113611590805603
0,"build/tests/sizes/cube-2226-asc.msh2","scan",1623113611591876135,1623113611591896482
0,"build/tests/sizes/cube-2226-asc.msh2","chck",1623113611590806471,1623113611591899315
0,"build/tests/sizes/cube-2986-geo.geo","scan",1623113611592439913,1623113611592454750
0,"build/tests/sizes/cube-2986-geo.geo","chck",1623113611591900148,1623113611592456866
0,"build/tests/sizes/cube-2129-bin.msh2","scan",1623113611607068089,1623113611607101717
0,"build/tests/sizes/cube-2129-bin.msh2","chck",1623113611592457614,1623113611607109366
0,"build/tests/sizes/cube-2904-asc.bdf","scan",1623113611607675706,1623113611607695697
0,"build/tests/sizes/cube-2904-asc.bdf","chck",1623113611607110518,1623113611607699321
0,"build/tests/sizes/cube-1518-bin.cgns","scan",1623113611620697892,1623113611659797603
0,"build/tests/sizes/cube-1518-bin.cgns","chck",1623113611607700121,1623113611659804774
0,"build/tests/sizes/cube-793-stl-bin.geo","scan",1623113611661245533,1623113611661275410
0,"build/tests/sizes/cube-793-stl-bin.geo","chck",1623113611659805781,1623113611661278865
0,"build/tests/sizes/cube-2880-stl-bin.geo","scan",1623113611661834436,1623113611661857014
0,"build/tests/sizes/cube-2880-stl-bin.geo","chck",1623113611661280082,1623113611661859071
0,"build/tests/sizes/cube-1566-bin.vtk","scan",1623113611662877128,1623113611662896578
0,"build/tests/sizes/cube-1566-bin.vtk","chck",1623113611661859876,1623113611662899434
0,"build/tests/sizes/cube-3788-bin.vtk","scan",1623113611663419506,1623113611663443847
0,"build/tests/sizes/cube-3788-bin.vtk","chck",1623113611662900253,1623113611663445947
0,"build/tests/sizes/cube-215-stl-bin.geo","scan",1623113611686660940,1623113611686688009
0,"build/tests/sizes/cube-215-stl-bin.geo","chck",1623113611663446671,1623113611686693399
0,"build/tests/sizes/cube-640-bin.msh4","scan",1623113611696798623,1623113611696831872
0,"build/tests/sizes/cube-640-bin.msh4","chck",1623113611686694542,1623113611696837161
0,"build/tests/sizes/cube-2278-geo.geo","scan",1623113611697891557,1623113611697909303
0,"build/tests/sizes/cube-2278-geo.geo","chck",1623113611696838488,1623113611697911733
0,"build/tests/sizes/cube-3688-bin.msh4","scan",1623113611698441324,1623113611698460159
0,"build/tests/sizes/cube-3688-bin.msh4","chck",1623113611697912435,1623113611698462383
0,"build/tests/sizes/cube-1158-bin.cgns","scan",1623113611722806307,1623113611817907738
0,"build/tests/sizes/cube-1158-bin.cgns","chck",1623113611698463130,1623113611817914399
0,"build/tests/sizes/cube-2308-geo.geo_unrolled","scan",1623113611829885880,1623113611829920539
0,"build/tests/sizes/cube-2308-geo.geo_unrolled","chck",1623113611817915534,1623113611830163656
0,"build/tests/sizes/cube-2324-asc.mesh","scan",1623113611830711064,1623113611830730851
0,"build/tests/sizes/cube-2324-asc.mesh","chck",1623113611830165511,1623113611830733604
0,"build/tests/sizes/cube-3434-bin.cgns","scan",1623113611834112026,1623113611852618976
0,"build/tests/sizes/cube-3434-bin.cgns","chck",1623113611830734452,1623113611852625545
0,"build/tests/sizes/cube-2949-geo.geo_unrolled","scan",1623113611853350612,1623113611853378003
0,"build/tests/sizes/cube-2949-geo.geo_unrolled","chck",1623113611852626594,1623113611853381716
0,"build/tests/sizes/cube-3636-bin.msh2","scan",1623113611874251305,1623113611874287202
0,"build/tests/sizes/cube-3636-bin.msh2","chck",1623113611853382623,1623113611874293939
0,"build/tests/sizes/cube-2025-asc.mesh","scan",1623113611874898406,1623113611874919099
0,"build/tests/sizes/cube-2025-asc.mesh","chck",1623113611874295104,1623113611874922217
0,"build/tests/sizes/cube-3038-stl-bin.geo","scan",1623113611899936468,1623113611899959386
0,"build/tests/sizes/cube-3038-stl-bin.geo","chck",1623113611874923197,1623113611899963513
0,"build/tests/sizes/cube-2050-geo.geo_unrolled","scan",1623113611918090104,1623113611918110925
0,"build/tests/sizes/cube-2050-geo.geo_unrolled","chck",1623113611899964417,1623113611918114943
0,"build/tests/sizes/cube-45-bin.msh2","scan",1623113611936101694,1623113611936127797
0,"build/tests/sizes/cube-45-bin.msh2","chck",1623113611918115798,1623113611936131241
0,"build/tests/sizes/cube-1706-bin.msh4","scan",1623113611947357530,1623113611947387491
0,"build/tests/sizes/cube-1706-bin.msh4","chck",1623113611936132073,1623113611947392308
0,"build/tests/sizes/cube-3375-stl-bin.geo","scan",1623113611949207519,1623113611949226506
0,"build/tests/sizes/cube-3375-stl-bin.geo","chck",1623113611947393385,1623113611949229817
0,"build/tests/sizes/cube-1619-bin.cgns","scan",1623113611953210891,1623113611979993047
0,"build/tests/sizes/cube-1619-bin.cgns","chck",1623113611949230677,1623113611979998483
0,"build/tests/sizes/cube-496-asc.bdf","scan",1623113611999350192,1623113611999386851
0,"build/tests/sizes/cube-496-asc.bdf","chck",1623113611979999406,1623113611999393551
0,"build/tests/sizes/cube-2977-stl-bin.geo","scan",1623113612000013737,1623113612000031786
0,"build/tests/sizes/cube-2977-stl-bin.geo","chck",1623113611999394789,1623113612000034977
0,"build/tests/sizes/cube-1377-geo.geo_unrolled","scan",1623113612013047402,1623113612013071710
0,"build/tests/sizes/cube-1377-geo.geo_unrolled","chck",1623113612000035737,1623113612013077162
0,"build/tests/sizes/cube-2461-bin.msh2","scan",1623113612014010255,1623113612014029344
0,"build/tests/sizes/cube-2461-bin.msh2","chck",1623113612013078150,1623113612014031930
0,"build/tests/sizes/cube-2207-geo.geo","scan",1623113612014557961,1623113612014572869
0,"build/tests/sizes/cube-2207-geo.geo","chck",1623113612014032703,1623113612014574984
0,"build/tests/sizes/cube-3012-bin.vtk","scan",1623113612015072862,1623113612015089168
0,"build/tests/sizes/cube-3012-bin.vtk","chck",1623113612014575741,1623113612015091241
0,"build/tests/sizes/cube-3703-bin.cgns","scan",1623113612018645390,1623113612037085631
0,"build/tests/sizes/cube-3703-bin.cgns","chck",1623113612015092017,1623113612037090905
0,"build/tests/sizes/cube-2409-asc.bdf","scan",1623113612038279173,1623113612038307560
0,"build/tests/sizes/cube-2409-asc.bdf","chck",1623113612037091734,1623113612038312955
0,"build/tests/sizes/cube-21-asc.msh2","scan",1623113612056459091,1623113612056495840
0,"build/tests/sizes/cube-21-asc.msh2","chck",1623113612038314098,1623113612056502852
0,"build/tests/sizes/cube-1524-bin.msh4","scan",1623113612057604519,1623113612057625253
0,"build/tests/sizes/cube-1524-bin.msh4","chck",1623113612056504175,1623113612057628530
0,"build/tests/sizes/cube-1002-bin.cgns","scan",1623113612077369606,1623113612184965119
0,"build/tests/sizes/cube-1002-bin.cgns","chck",1623113612057629308,1623113612184970669
0,"build/tests/sizes/cube-2637-stl-bin.geo","scan",1623113612185724227,1623113612185753665
0,"build/tests/sizes/cube-2637-stl-bin.geo","chck",1623113612184971992,1623113612185757253
0,"build/tests/sizes/cube-3025-bin.msh4","scan",1623113612186288441,1623113612186306466
0,"build/tests/sizes/cube-3025-bin.msh4","chck",1623113612185758093,1623113612186309320
0,"build/tests/sizes/cube-1631-bin.msh4","scan",1623113612199003546,1623113612199034858
0,"build/tests/sizes/cube-1631-bin.msh4","chck",1623113612186310183,1623113612199038270
0,"build/tests/sizes/cube-2793-asc.mesh","scan",1623113612199555104,1623113612199570454
0,"build/tests/sizes/cube-2793-asc.mesh","chck",1623113612199039209,1623113612199572862
0,"build/tests/sizes/cube-2665-geo.geo","scan",1623113612200097252,1623113612200111728
0,"build/tests/sizes/cube-2665-geo.geo","chck",1623113612199573581,1623113612200113698
0,"build/tests/sizes/cube-113-bin.msh4","scan",1623113612201106469,1623113612201122581
0,"build/tests/sizes/cube-113-bin.msh4","chck",1623113612200114464,1623113612201124696
0,"build/tests/sizes/cube-1848-bin.msh2","scan",1623113612221548475,1623113612221575473
0,"build/tests/sizes/cube-1848-bin.msh2","chck",1623113612201125503,1623113612221579272
0,"build/tests/sizes/cube-973-bin.msh4","scan",1623113612232858240,1623113612232892214
0,"build/tests/sizes/cube-973-bin.msh4","chck",1623113612221580117,1623113612232898032
0,"build/tests/sizes/cube-1967-stl-bin.geo","scan",1623113612233506513,1623113612233522293
0,"build/tests/sizes/cube-1967-stl-bin.geo","chck",1623113612232899220,1623113612233525240
0,"build/tests/sizes/cube-460-bin.cgns","scan",1623113612253022265,1623113612437503413
0,"build/tests/sizes/cube-460-bin.cgns","chck",1623113612233525970,1623113612437515653
0,"build/tests/sizes/cube-302-bin.cgns","scan",1623113612461281076,1623113612499931347
0,"build/tests/sizes/cube-302-bin.cgns","chck",1623113612437516798,1623113612499938014
0,"build/tests/sizes/cube-968-asc.bdf","scan",1623113612512999182,1623113612513035102
0,"build/tests/sizes/cube-968-asc.bdf","chck",1623113612499939080,1623113612513041214
0,"build/tests/sizes/cube-678-asc.msh2","scan",1623113612522737462,1623113612522773979
0,"build/tests/sizes/cube-678-asc.msh2","chck",1623113612513042275,1623113612522780842
0,"build/tests/sizes/cube-3507-bin.msh2","scan",1623113612535253487,1623113612535289960
0,"build/tests/sizes/cube-3507-bin.msh2","chck",1623113612522781803,1623113612535296678
0,"build/tests/sizes/cube-3432-stl-bin.geo","scan",1623113612548877540,1623113612548902070
0,"build/tests/sizes/cube-3432-stl-bin.geo","chck",1623113612535297995,1623113612548907157
0,"build/tests/sizes/cube-3451-bin.msh4","scan",1623113612549447877,1623113612549470694
0,"build/tests/sizes/cube-3451-bin.msh4","chck",1623113612548908263,1623113612549474397
0,"build/tests/sizes/cube-443-asc.bdf","scan",1623113612569460924,1623113612569488935
0,"build/tests/sizes/cube-443-asc.bdf","chck",1623113612549475369,1623113612569493144
0,"build/tests/sizes/cube-1078-bin.vtk","scan",1623113612581432005,1623113612581454800
0,"build/tests/sizes/cube-1078-bin.vtk","chck",1623113612569494122,1623113612581457561
0,"build/tests/sizes/cube-1138-asc.msh2","scan",1623113612601381926,1623113612601408870
0,"build/tests/sizes/cube-1138-asc.msh2","chck",1623113612581458632,1623113612601413542
0,"build/tests/sizes/cube-2819-bin.msh4","scan",1623113612616212348,1623113612616243005
0,"build/tests/sizes/cube-2819-bin.msh4","chck",1623113612601414744,1623113612616248588
0,"build/tests/sizes/cube-2512-bin.cgns","scan",1623113612638569195,1623113612722372833
0,"build/tests/sizes/cube-2512-bin.cgns","chck",1623113612616249716,1623113612722379798
0,"build/tests/sizes/cube-2103-bin.cgns","scan",1623113612744233727,1623113612878299870
0,"build/tests/sizes/cube-2103-bin.cgns","chck",1623113612722380864,1623113612878305359
0,"build/tests/sizes/cube-2379-bin.cgns","scan",1623113612904067548,1623113613012190210
0,"build/tests/sizes/cube-2379-bin.cgns","chck",1623113612878306294,1623113613012196986
0,"build/tests/sizes/cube-3716-asc.mesh","scan",1623113613023432030,1623113613023472485
0,"build/tests/sizes/cube-3716-asc.mesh","chck",1623113613012198067,1623113613023640316
0,"build/tests/sizes/cube-1036-asc.msh2","scan",1623113613043607639,1623113613043636800
0,"build/tests/sizes/cube-1036-asc.msh2","chck",1623113613023642364,1623113613043641272
0,"build/tests/sizes/cube-1182-stl-bin.geo","scan",1623113613044657180,1623113613044673466
0,"build/tests/sizes/cube-1182-stl-bin.geo","chck",1623113613043642499,1623113613044676022
0,"build/tests/sizes/cube-815-bin.cgns","scan",1623113613062255849,1623113613175973418
0,"build/tests/sizes/cube-815-bin.cgns","chck",1623113613044676838,1623113613175979799
0,"build/tests/sizes/cube-167-bin.cgns","scan",1623113613199252999,1623113613423472048
0,"build/tests/sizes/cube-167-bin.cgns","chck",1623113613175980806,1623113613423477967
0,"build/tests/sizes/cube-2435-bin.msh4","scan",1623113613431877991,1623113613431915950
0,"build/tests/sizes/cube-2435-bin.msh4","chck",1623113613423478925,1623113613431922416
0,"build/tests/sizes/cube-3713-geo.geo_unrolled","scan",1623113613442180320,1623113613442200749
0,"build/tests/sizes/cube-3713-geo.geo_unrolled","chck",1623113613431923515,1623113613442203626
0,"build/tests/sizes/cube-2912-geo.geo_unrolled","scan",1623113613457006713,1623113613457036149
0,"build/tests/sizes/cube-2912-geo.geo_unrolled","chck",1623113613442204450,1623113613457040766
0,"build/tests/sizes/cube-2761-asc.bdf","scan",1623113613458408499,1623113613458431126
0,"build/tests/sizes/cube-2761-asc.bdf","chck",1623113613457041798,1623113613458434540
0,"build/tests/sizes/cube-2826-asc.msh2","scan",1623113613458988306,1623113613459005364
0,"build/tests/sizes/cube-2826-asc.msh2","chck",1623113613458435270,1623113613459007886
0,"build/tests/sizes/cube-3757-bin.msh4","scan",1623113613479213920,1623113613479244982
0,"build/tests/sizes/cube-3757-bin.msh4","chck",1623113613459008685,1623113613479250829
0,"build/tests/sizes/cube-2629-asc.mesh","scan",1623113613479789149,1623113613479807324
0,"build/tests/sizes/cube-2629-asc.mesh","chck",1623113613479251918,1623113613479809773
0,"build/tests/sizes/cube-2523-asc.msh2","scan",1623113613480563745,1623113613480585666
0,"build/tests/sizes/cube-2523-asc.msh2","chck",1623113613479810505,1623113613480589367
0,"build/tests/sizes/cube-2300-stl-bin.geo","scan",1623113613481130082,1623113613481145624
0,"build/tests/sizes/cube-2300-stl-bin.geo","chck",1623113613480590303,1623113613481147854
0,"build/tests/sizes/cube-2268-geo.geo","scan",1623113613485566938,1623113613485585742
0,"build/tests/sizes/cube-2268-geo.geo","chck",1623113613481148579,1623113613485588600
0,"build/tests/sizes/cube-1742-bin.msh4","scan",1623113613494477689,1623113613494500993
0,"build/tests/sizes/cube-1742-bin.msh4","chck",1623113613485589323,1623113613494504502
0,"build/tests/sizes/cube-3859-bin.msh4","scan",1623113613509252293,1623113613509280198
0,"build/tests/sizes/cube-3859-bin.msh4","chck",1623113613494505455,1623113613509285679
0,"build/tests/sizes/cube-93-asc.mesh","scan",1623113613510600961,1623113613510619495
0,"build/tests/sizes/cube-93-asc.mesh","chck",1623113613509286618,1623113613510622447
0,"build/tests/sizes/cube-610-bin.cgns","scan",1623113613531519675,1623113613587129061
0,"build/tests/sizes/cube-610-bin.cgns","chck",1623113613510623203,1623113613587136110
0,"build/tests/sizes/cube-3067-bin.msh2","scan",1623113613588040134,1623113613588071461
0,"build/tests/sizes/cube-3067-bin.msh2","chck",1623113613587137180,1623113613588075451
0,"build/tests/sizes/cube-1588-asc.bdf","scan",1623113613603619154,1623113613603654154
0,"build/tests/sizes/cube-1588-asc.bdf","chck",1623113613588076297,1623113613603659347
0,"build/tests/sizes/cube-3187-bin.msh4","scan",1623113613604239068,1623113613604261250
0,"build/tests/sizes/cube-3187-bin.msh4","chck",1623113613603660233,1623113613604264995
0,"build/tests/sizes/cube-3881-bin.msh4","scan",1623113613604865063,1623113613604883020
0,"build/tests/sizes/cube-3881-bin.msh4","chck",1623113613604266077,1623113613604885370
0,"cube-1518-bin.cgns","prep",1623113613605528350,1623113613605932692
0,"cube-1518-bin.cgns","zzzz",1623113613605937655,1623113613610633929,325,678,2034
0,"cube-1518-bin.cgns","post",1623113613610638222,1623113613610683735
0,"cube-3503-asc","prep",1623113613610730131,1623113613610731250
0,"cube-3503-asc","zzzz",1623113613610732393,1623113613610787428,0,0,0
0,"cube-3503-asc","post",1623113613610788585,1623113613610844420
0,"cube-3664-bin.cgns","prep",1623113613610857073,1623113613612437762
0,"cube-3664-bin.cgns","zzzz",1623113613612447944,1623113613617200456,333,686,2058
0,"cube-3664-bin.cgns","post",1623113613617204926,1623113613617234671
0,"cube-2103-bin.cgns","prep",1623113613617288290,1623113613991856905
0,"cube-2103-bin.cgns","zzzz",1623113613991865981,1623113719093749847,551084,759521,2278563
0,"cube-2103-bin.cgns","post",1623113719093765384,1623113719093822726
0,"cube-610-bin.cgns","prep",1623113719094850187,1623113719112613591
0,"cube-610-bin.cgns","zzzz",1623113719112621151,1623113719136738844,1293,2328,6984
0,"cube-610-bin.cgns","post",1623113719136749394,1623113719136792182
0,"cube-1002-bin.cgns","prep",1623113719136876446,1623113719150573748
0,"cube-1002-bin.cgns","zzzz",1623113719150576486,1623113719182922425,1599,2905,8715
0,"cube-1002-bin.cgns","post",1623113719182932751,1623113719182970597
0,"cube-576-geo","mesh",1623113719183053462,1623113719183270044
0,"cube-576-geo","prep",1623113719183968879,1623113719183969646
0,"cube-576-geo","zzzz",1623113719183970658,1623113719184026313,0,0,0
0,"cube-576-geo","post",1623113719184027501,1623113719184190629
0,"cube-2675-geo","mesh",1623113719184201418,1623113719184232351
0,"cube-2675-geo","prep",1623113719184464977,1623113719184465495
0,"cube-2675-geo","zzzz",1623113719184466380,1623113719184520827,0,0,0
0,"cube-2675-geo","post",1623113719184521815,1623113719184564692
0,"cube-302-bin.cgns","prep",1623113719184573429,1623113719184828498
0,"cube-302-bin.cgns","zzzz",1623113719184830090,1623113719188056032,240,503,1509
0,"cube-302-bin.cgns","post",1623113719188066586,1623113719188103495
0,"cube-3703-bin.cgns","prep",1623113719188164686,1623113719209127121
0,"cube-3703-bin.cgns","zzzz",1623113719209134436,1623113736544941637,160899,227129,681387
0,"cube-3703-bin.cgns","post",1623113736544957044,1623113736545013318
0,"cube-1158-bin.cgns","prep",1623113736545103347,1623113736565668206
0,"cube-1158-bin.cgns","zzzz",1623113736565672362,1623113738333217510,32221,47749,143247
0,"cube-1158-bin.cgns","post",1623113738333228286,1623113738333274417
0,"cube-1619-bin.cgns","prep",1623113738333347958,1623113738340388959
0,"cube-1619-bin.cgns","zzzz",1623113738340392302,1623113743222996689,66172,95920,287760
0,"cube-1619-bin.cgns","post",1623113743223011866,1623113743223057950
0,"cube-3573-bin.cgns","prep",1623113743223156707,1623113743229597365
0,"cube-3573-bin.cgns","zzzz",1623113743229601791,1623113748924535169,73867,106567,319701
0,"cube-3573-bin.cgns","post",1623113748924549955,1623113748924603559
0,"cube-3217-bin","prep",1623113748924695174,1623113748968128833
0,"cube-3217-bin","zzzz",1623113748968136084,1623113754991005655,76800,110718,332154
0,"cube-3217-bin","post",1623113754991024290,1623113754997989640
0,"cube-110-bin.cgns","prep",1623113754998409952,1623113755020919801
0,"cube-110-bin.cgns","zzzz",1623113755020923119,1623113756450617046,27620,41257,123771
0,"cube-110-bin.cgns","post",1623113756450632675,1623113756450657914
0,"cube-460-bin.cgns","prep",1623113756450689564,1623113756568754406
0,"cube-460-bin.cgns","zzzz",1623113756568761316,1623113774525061161,164773,232596,697788
0,"cube-460-bin.cgns","post",1623113774525075451,1623113774525130061
0,"cube-2379-bin.cgns","prep",1623113774525214305,1623113774552936291
0,"cube-2379-bin.cgns","zzzz",1623113774552939945,1623113775438485051,19687,29633,88899
0,"cube-2379-bin.cgns","post",1623113775438495557,1623113775438538448
0,"cube-2512-bin.cgns","prep",1623113775438610863,1623113775461170300
0,"cube-2512-bin.cgns","zzzz",1623113775461173443,1623113776620116118,23970,35674,107022
0,"cube-2512-bin.cgns","post",1623113776620128027,1623113776620170773
0,"cube-815-bin.cgns","prep",1623113776620251892,1623113776646106805
0,"cube-815-bin.cgns","zzzz",1623113776646111803,1623113782275035619,73038,105720,317160
0,"cube-815-bin.cgns","post",1623113782275568312,1623113782275589731
0,"cube-167-bin.cgns","prep",1623113782275628383,1623113782390377310
0,"cube-167-bin.cgns","zzzz",1623113782390384953,1623113809380360828,217833,306218,918654
0,"cube-167-bin.cgns","post",1623113809380374921,1623113809380430312
0,"cube-2626-geo","mesh",1623113809380524873,1623113809380691080
0,"cube-2626-geo","prep",1623113809381095901,1623113809381097268
0,"cube-2626-geo","zzzz",1623113809381098473,1623113809381154980,0,0,0
0,"cube-2626-geo","post",1623113809381156124,1623113809381296361
0,"cube-3071-bin","prep",1623113809381307853,1623113809423591684
0,"cube-3071-bin","zzzz",1623113809423598704,1623113815373019277,75851,109789,329367
0,"cube-3071-bin","post",1623113815373034518,1623113815380617673
0,"cube-3434-bin.cgns","prep",1623113815381043404,1623113815381701057
0,"cube-3434-bin.cgns","zzzz",1623113815381703988,1623113815464494178,3443,5682,17046
0,"cube-3434-bin.cgns","post",1623113815464504786,1623113815464552276
0,"cube-1104-bin","prep",1623113815464633459,1623113815484277095
0,"cube-1104-bin","zzzz",1623113815484280004,1623113817691736648,37691,55646,166938
0,"cube-1104-bin","post",1623113817691748115,1623113817695165229
0,"Proc","exit_task",1623113578265282340,1623113817714847372,702280
