26,"build/tests/sizes/cube-3804-geo.geo","scan",1623113595664036583,1623113595689002478
26,"build/tests/sizes/cube-3804-geo.geo","chck",1623113595634969682,1623113595689110521
26,"build/tests/sizes/cube-3736-bin.msh4","scan",1623113595711456610,1623113595741323420
26,"build/tests/sizes/cube-3736-bin.msh4","chck",1623113595689112031,1623113595741326885
26,"build/tests/sizes/cube-330-asc.bdf","scan",1623113595757419428,1623113596123476721
26,"build/tests/sizes/cube-330-asc.bdf","chck",1623113595741327830,1623113596123482273
26,"build/tests/sizes/cube-15-bin.msh2","scan",1623113596146301082,1623113596222288015
26,"build/tests/sizes/cube-15-bin.msh2","chck",1623113596123483454,1623113596222294335
26,"build/tests/sizes/cube-1473-geo.geo_unrolled","scan",1623113596233221154,1623113596242410194
26,"build/tests/sizes/cube-1473-geo.geo_unrolled","chck",1623113596222295496,1623113596242416011
26,"build/tests/sizes/cube-3764-stl-bin.geo","scan",1623113596263555510,1623113596351738356
26,"build/tests/sizes/cube-3764-stl-bin.geo","chck",1623113596242417070,1623113596351752325
26,"build/tests/sizes/cube-1838-bin.cgns","scan",1623113596364170230,1623113596388278364
26,"build/tests/sizes/cube-1838-bin.cgns","chck",1623113596351753677,1623113596388282708
26,"build/tests/sizes/cube-3225-asc.msh2","scan",1623113596405731686,1623113596447101336
26,"build/tests/sizes/cube-3225-asc.msh2","chck",1623113596388283736,1623113596447106366
26,"build/tests/sizes/cube-61-geo.geo_unrolled","scan",1623113596471456892,1623113596487694313
26,"build/tests/sizes/cube-61-geo.geo_unrolled","chck",1623113596447107534,1623113596487701265
26,"build/tests/sizes/cube-1921-geo.geo","scan",1623113596507017660,1623113596508267089
26,"build/tests/sizes/cube-1921-geo.geo","chck",1623113596487702300,1623113596508272370
26,"build/tests/sizes/cube-3617-bin.vtk","scan",1623113596542081415,1623113596672513329
26,"build/tests/sizes/cube-3617-bin.vtk","chck",1623113596508273389,1623113596672519318
26,"build/tests/sizes/cube-1705-bin.vtk","scan",1623113596702746151,1623113597134354019
26,"build/tests/sizes/cube-1705-bin.vtk","chck",1623113596672520294,1623113597134377292
26,"build/tests/sizes/cube-3857-bin.cgns","scan",1623113597145581915,1623113597163961766
26,"build/tests/sizes/cube-3857-bin.cgns","chck",1623113597134378747,1623113597163967153
26,"build/tests/sizes/cube-3104-stl-bin.geo","scan",1623113597175888575,1623113597227764184
26,"build/tests/sizes/cube-3104-stl-bin.geo","chck",1623113597163968290,1623113597227769272
26,"build/tests/sizes/cube-1222-asc.msh2","scan",1623113597248266895,1623113597268200844
26,"build/tests/sizes/cube-1222-asc.msh2","chck",1623113597227770270,1623113597268206129
26,"build/tests/sizes/cube-2197-asc.msh2","scan",1623113597272865762,1623113597356943487
26,"build/tests/sizes/cube-2197-asc.msh2","chck",1623113597268207148,1623113597356954561
26,"build/tests/sizes/cube-616-bin.cgns","scan",1623113597381614818,1623113597464950919
26,"build/tests/sizes/cube-616-bin.cgns","chck",1623113597356955723,1623113597464957522
26,"build/tests/sizes/cube-561-bin.vtk","scan",1623113597487688334,1623113597503360977
26,"build/tests/sizes/cube-561-bin.vtk","chck",1623113597464958671,1623113597503367923
26,"build/tests/sizes/cube-3811-stl-bin.geo","scan",1623113597504008465,1623113597875532568
26,"build/tests/sizes/cube-3811-stl-bin.geo","chck",1623113597503369234,1623113597875538412
26,"build/tests/sizes/cube-332-bin.vtk","scan",1623113597888136436,1623113598334292047
26,"build/tests/sizes/cube-332-bin.vtk","chck",1623113597875539527,1623113598334298287
26,"build/tests/sizes/cube-1782-asc.bdf","scan",1623113598351427925,1623113598363930323
26,"build/tests/sizes/cube-1782-asc.bdf","chck",1623113598334299364,1623113598363937278
26,"build/tests/sizes/cube-3164-bin.msh4","scan",1623113598367354006,1623113598383519537
26,"build/tests/sizes/cube-3164-bin.msh4","chck",1623113598363938527,1623113598383526549
26,"build/tests/sizes/cube-779-asc.mesh","scan",1623113598397797973,1623113598408270297
26,"build/tests/sizes/cube-779-asc.mesh","chck",1623113598383527765,1623113598408276135
26,"build/tests/sizes/cube-2225-stl-bin.geo","scan",1623113598411789403,1623113598423693314
26,"build/tests/sizes/cube-2225-stl-bin.geo","chck",1623113598408280510,1623113598423699062
26,"build/tests/sizes/cube-1485-bin.vtk","scan",1623113598430088157,1623113598483682562
26,"build/tests/sizes/cube-1485-bin.vtk","chck",1623113598423700122,1623113598483688484
26,"build/tests/sizes/cube-3546-asc.bdf","scan",1623113598489374827,1623113598522881541
26,"build/tests/sizes/cube-3546-asc.bdf","chck",1623113598483689344,1623113598522887657
26,"build/tests/sizes/cube-3588-bin.msh4","scan",1623113598523476649,1623113598527784334
26,"build/tests/sizes/cube-3588-bin.msh4","chck",1623113598522888837,1623113598527789449
26,"build/tests/sizes/cube-3764-geo.geo_unrolled","scan",1623113598530763277,1623113598534171356
26,"build/tests/sizes/cube-3764-geo.geo_unrolled","chck",1623113598527790645,1623113598534175170
26,"build/tests/sizes/cube-1663-geo.geo_unrolled","scan",1623113598538341449,1623113598541582822
26,"build/tests/sizes/cube-1663-geo.geo_unrolled","chck",1623113598534176068,1623113598541587189
26,"build/tests/sizes/cube-3903-geo.geo","scan",1623113598544255418,1623113598547849782
26,"build/tests/sizes/cube-3903-geo.geo","chck",1623113598541588147,1623113598547853833
26,"build/tests/sizes/cube-2423-asc.mesh","scan",1623113598574901822,1623113598584206935
26,"build/tests/sizes/cube-2423-asc.mesh","chck",1623113598547854787,1623113598584212634
26,"build/tests/sizes/cube-3479-bin.msh4","scan",1623113598601155571,1623113598635137148
26,"build/tests/sizes/cube-3479-bin.msh4","chck",1623113598584213595,1623113598635143970
26,"build/tests/sizes/cube-1909-bin.msh4","scan",1623113598638294634,1623113598639876907
26,"build/tests/sizes/cube-1909-bin.msh4","chck",1623113598635144983,1623113598639880949
26,"build/tests/sizes/cube-441-bin.cgns","scan",1623113598662392357,1623113598730769792
26,"build/tests/sizes/cube-441-bin.cgns","chck",1623113598639881949,1623113598730776803
26,"build/tests/sizes/cube-3642-asc.msh2","scan",1623113598733187163,1623113598738387579
26,"build/tests/sizes/cube-3642-asc.msh2","chck",1623113598730777899,1623113598738392160
26,"build/tests/sizes/cube-3314-geo.geo","scan",1623113598759881722,1623113598763295196
26,"build/tests/sizes/cube-3314-geo.geo","chck",1623113598738393248,1623113598763301333
26,"build/tests/sizes/cube-3030-asc.mesh","scan",1623113598785011231,1623113600008809840
26,"build/tests/sizes/cube-3030-asc.mesh","chck",1623113598763302423,1623113600008836669
26,"build/tests/sizes/cube-520-bin.msh2","scan",1623113600022525322,1623113600050702853
26,"build/tests/sizes/cube-520-bin.msh2","chck",1623113600008838130,1623113600050709785
26,"build/tests/sizes/cube-1953-bin.vtk","scan",1623113600053016818,1623113600056152861
26,"build/tests/sizes/cube-1953-bin.vtk","chck",1623113600050711022,1623113600056158665
26,"build/tests/sizes/cube-1947-geo.geo_unrolled","scan",1623113600070053519,1623113600072850912
26,"build/tests/sizes/cube-1947-geo.geo_unrolled","chck",1623113600056159929,1623113600072856388
26,"build/tests/sizes/cube-172-bin.vtk","scan",1623113600090368107,1623113600100961227
26,"build/tests/sizes/cube-172-bin.vtk","chck",1623113600072857532,1623113600100967839
26,"build/tests/sizes/cube-2613-asc.bdf","scan",1623113600102755846,1623113603159241376
26,"build/tests/sizes/cube-2613-asc.bdf","chck",1623113600100969059,1623113603159248205
26,"build/tests/sizes/cube-3975-geo.geo_unrolled","scan",1623113603173753584,1623113603222620282
26,"build/tests/sizes/cube-3975-geo.geo_unrolled","chck",1623113603159249443,1623113603222634514
26,"build/tests/sizes/cube-3797-geo.geo_unrolled","scan",1623113603240753698,1623113603241995137
26,"build/tests/sizes/cube-3797-geo.geo_unrolled","chck",1623113603222635930,1623113603242001834
26,"build/tests/sizes/cube-1975-geo.geo","scan",1623113603242563861,1623113603243889232
26,"build/tests/sizes/cube-1975-geo.geo","chck",1623113603242002943,1623113603243893966
26,"build/tests/sizes/cube-3247-geo.geo","scan",1623113603244435008,1623113603245685038
26,"build/tests/sizes/cube-3247-geo.geo","chck",1623113603243894948,1623113603245689007
26,"build/tests/sizes/cube-101-asc.mesh","scan",1623113603253199461,1623113605127548816
26,"build/tests/sizes/cube-101-asc.mesh","chck",1623113603245930346,1623113605127555689
26,"build/tests/sizes/cube-3195-bin.vtk","scan",1623113605128252461,1623113605132173970
26,"build/tests/sizes/cube-3195-bin.vtk","chck",1623113605127557074,1623113605132179849
26,"build/tests/sizes/cube-1022-bin.cgns","scan",1623113605156884063,1623113605363901945
26,"build/tests/sizes/cube-1022-bin.cgns","chck",1623113605132180944,1623113605363908718
26,"build/tests/sizes/cube-3597-asc.bdf","scan",1623113605364609667,1623113605417786495
26,"build/tests/sizes/cube-3597-asc.bdf","chck",1623113605363909873,1623113605417792713
26,"build/tests/sizes/cube-3197-asc.msh2","scan",1623113605418415335,1623113605427134815
26,"build/tests/sizes/cube-3197-asc.msh2","chck",1623113605417793892,1623113605427140979
26,"build/tests/sizes/cube-3769-asc.mesh","scan",1623113605443236840,1623113605556794967
26,"build/tests/sizes/cube-3769-asc.mesh","chck",1623113605427142079,1623113605556800410
26,"build/tests/sizes/cube-893-asc.msh2","scan",1623113605571705137,1623113605603251205
26,"build/tests/sizes/cube-893-asc.msh2","chck",1623113605556801347,1623113605603257621
26,"build/tests/sizes/cube-2152-bin.vtk","scan",1623113605614454418,1623113605670760240
26,"build/tests/sizes/cube-2152-bin.vtk","chck",1623113605603259189,1623113605670767433
26,"build/tests/sizes/cube-3314-geo.geo_unrolled","scan",1623113605671362259,1623113605672463304
26,"build/tests/sizes/cube-3314-geo.geo_unrolled","chck",1623113605670768602,1623113605672467642
26,"build/tests/sizes/cube-2497-bin.cgns","scan",1623113605675726306,1623113605695431556
26,"build/tests/sizes/cube-2497-bin.cgns","chck",1623113605672468772,1623113605695438031
26,"build/tests/sizes/cube-2801-bin.msh4","scan",1623113605697042402,1623113605702072990
26,"build/tests/sizes/cube-2801-bin.msh4","chck",1623113605695439136,1623113605702078051
26,"build/tests/sizes/cube-2130-asc.bdf","scan",1623113605721822795,1623113605730462047
26,"build/tests/sizes/cube-2130-asc.bdf","chck",1623113605702079446,1623113605730468230
26,"build/tests/sizes/cube-2890-bin.msh2","scan",1623113605750502346,1623113605919103823
26,"build/tests/sizes/cube-2890-bin.msh2","chck",1623113605730469448,1623113605919109477
26,"build/tests/sizes/cube-517-stl-bin.geo","scan",1623113605934706202,1623113606038703671
26,"build/tests/sizes/cube-517-stl-bin.geo","chck",1623113605919110498,1623113606038710029
26,"build/tests/sizes/cube-3417-asc.msh2","scan",1623113606039331508,1623113607324780650
26,"build/tests/sizes/cube-3417-asc.msh2","chck",1623113606038711289,1623113607324786528
26,"build/tests/sizes/cube-2730-geo.geo","scan",1623113607326100792,1623113607327500187
26,"build/tests/sizes/cube-2730-geo.geo","chck",1623113607324787606,1623113607327505372
26,"build/tests/sizes/cube-2202-stl-bin.geo","scan",1623113607331651892,1623113607335727048
26,"build/tests/sizes/cube-2202-stl-bin.geo","chck",1623113607327506301,1623113607335731325
26,"build/tests/sizes/cube-3322-stl-bin.geo","scan",1623113607336281982,1623113607642879206
26,"build/tests/sizes/cube-3322-stl-bin.geo","chck",1623113607335732500,1623113607643514247
26,"build/tests/sizes/cube-2804-asc.bdf","scan",1623113607645277284,1623113608458217600
26,"build/tests/sizes/cube-2804-asc.bdf","chck",1623113607643515737,1623113608458233596
26,"build/tests/sizes/cube-3822-bin.cgns","scan",1623113608504649942,1623113608538053379
26,"build/tests/sizes/cube-3822-bin.cgns","chck",1623113608458234933,1623113608538058783
26,"build/tests/sizes/cube-206-bin.msh2","scan",1623113608553321268,1623113608829926484
26,"build/tests/sizes/cube-206-bin.msh2","chck",1623113608538059878,1623113608829933383
26,"build/tests/sizes/cube-3290-bin.msh2","scan",1623113608838408176,1623113613109001314
26,"build/tests/sizes/cube-3290-bin.msh2","chck",1623113608829934631,1623113613109017920
26,"build/tests/sizes/cube-1343-geo.geo_unrolled","scan",1623113613110234022,1623113613111510855
26,"build/tests/sizes/cube-1343-geo.geo_unrolled","chck",1623113613109019269,1623113613111515751
26,"build/tests/sizes/cube-814-bin.msh4","scan",1623113613112465385,1623113613115632635
26,"build/tests/sizes/cube-814-bin.msh4","chck",1623113613111516807,1623113613115637071
26,"build/tests/sizes/cube-121-bin.msh4","scan",1623113613127822199,1623113613163703189
26,"build/tests/sizes/cube-121-bin.msh4","chck",1623113613115638034,1623113613163708113
26,"build/tests/sizes/cube-1645-asc.msh2","scan",1623113613164246538,1623113613188356248
26,"build/tests/sizes/cube-1645-asc.msh2","chck",1623113613163709105,1623113613188362014
26,"build/tests/sizes/cube-2507-bin.msh4","scan",1623113613189336878,1623113613191570239
26,"build/tests/sizes/cube-2507-bin.msh4","chck",1623113613188362903,1623113613191574577
26,"build/tests/sizes/cube-3283-asc.msh2","scan",1623113613192163378,1623113613199590419
26,"build/tests/sizes/cube-3283-asc.msh2","chck",1623113613191575596,1623113613199596117
26,"build/tests/sizes/cube-3808-asc.msh2","scan",1623113613207709127,1623113619938111519
26,"build/tests/sizes/cube-3808-asc.msh2","chck",1623113613199597340,1623113619938125226
26,"build/tests/sizes/cube-388-asc.bdf","scan",1623113619947707239,1623113619977326259
26,"build/tests/sizes/cube-388-asc.bdf","chck",1623113619938126437,1623113619977331757
26,"build/tests/sizes/cube-3096-asc.mesh","scan",1623113619977870094,1623113623052642625
26,"build/tests/sizes/cube-3096-asc.mesh","chck",1623113619977332819,1623113623052649160
26,"build/tests/sizes/cube-3794-stl-bin.geo","scan",1623113623064382327,1623113623082806934
26,"build/tests/sizes/cube-3794-stl-bin.geo","chck",1623113623052650409,1623113623082813315
26,"build/tests/sizes/cube-1517-bin.cgns","scan",1623113623086463425,1623113623106174881
26,"build/tests/sizes/cube-1517-bin.cgns","chck",1623113623082814571,1623113623106181023
26,"build/tests/sizes/cube-852-stl-bin.geo","scan",1623113623107142269,1623113623137695943
26,"build/tests/sizes/cube-852-stl-bin.geo","chck",1623113623106182237,1623113623137707366
26,"build/tests/sizes/cube-1815-bin.vtk","scan",1623113623138275254,1623113623142527648
26,"build/tests/sizes/cube-1815-bin.vtk","chck",1623113623137708545,1623113623142533392
26,"build/tests/sizes/cube-3947-bin.msh4","scan",1623113623143104405,1623113623144392503
26,"build/tests/sizes/cube-3947-bin.msh4","chck",1623113623142534353,1623113623144397227
26,"build/tests/sizes/cube-3518-asc.mesh","scan",1623113623144906687,1623113623149910568
26,"build/tests/sizes/cube-3518-asc.mesh","chck",1623113623144398194,1623113623149914913
26,"build/tests/sizes/cube-2832-stl-bin.geo","scan",1623113623150837694,1623113623174970640
26,"build/tests/sizes/cube-2832-stl-bin.geo","chck",1623113623149915801,1623113623174976703
26,"build/tests/sizes/cube-227-stl-bin.geo","scan",1623113623178485300,1623113623217323665
26,"build/tests/sizes/cube-227-stl-bin.geo","chck",1623113623174978433,1623113623217330129
26,"build/tests/sizes/cube-1716-stl-bin.geo","scan",1623113623226349306,1623113623246477578
26,"build/tests/sizes/cube-1716-stl-bin.geo","chck",1623113623217331196,1623113623246484065
26,"build/tests/sizes/cube-2954-stl-bin.geo","scan",1623113623247102636,1623113623255970532
26,"build/tests/sizes/cube-2954-stl-bin.geo","chck",1623113623246485219,1623113623255977109
26,"build/tests/sizes/cube-1197-geo.geo_unrolled","scan",1623113623256603504,1623113623257685361
26,"build/tests/sizes/cube-1197-geo.geo_unrolled","chck",1623113623255978173,1623113623257690027
26,"build/tests/sizes/cube-1735-geo.geo_unrolled","scan",1623113623258239393,1623113623259300542
26,"build/tests/sizes/cube-1735-geo.geo_unrolled","chck",1623113623257691018,1623113623259304425
26,"build/tests/sizes/cube-2466-stl-bin.geo","scan",1623113623260176793,1623113623296664338
26,"build/tests/sizes/cube-2466-stl-bin.geo","chck",1623113623259305353,1623113623296669986
26,"build/tests/sizes/cube-1543-asc.mesh","scan",1623113623305920997,1623113623332276093
26,"build/tests/sizes/cube-1543-asc.mesh","chck",1623113623296671097,1623113623332281360
26,"build/tests/sizes/cube-692-bin.msh4","scan",1623113623351137236,1623113623382585425
26,"build/tests/sizes/cube-692-bin.msh4","chck",1623113623332282502,1623113623382819470
26,"build/tests/sizes/cube-1115-geo.geo_unrolled","scan",1623113623392883522,1623113623394086980
26,"build/tests/sizes/cube-1115-geo.geo_unrolled","chck",1623113623382821078,1623113623394091718
26,"build/tests/sizes/cube-1313-stl-bin.geo","scan",1623113623395196508,1623113623419287827
26,"build/tests/sizes/cube-1313-stl-bin.geo","chck",1623113623394092849,1623113623419293995
26,"build/tests/sizes/cube-3335-bin.cgns","scan",1623113623423616210,1623113623443764466
26,"build/tests/sizes/cube-3335-bin.cgns","chck",1623113623419295220,1623113623443770475
26,"build/tests/sizes/cube-3888-asc.bdf","scan",1623113623463662886,1623113623731213817
26,"build/tests/sizes/cube-3888-asc.bdf","chck",1623113623443771567,1623113623731220792
26,"build/tests/sizes/cube-2341-asc.mesh","scan",1623113623732808841,1623113625004269725
26,"build/tests/sizes/cube-2341-asc.mesh","chck",1623113623731222002,1623113625004283612
26,"build/tests/sizes/cube-1710-stl-bin.geo","scan",1623113625023736219,1623113625049250074
26,"build/tests/sizes/cube-1710-stl-bin.geo","chck",1623113625004284962,1623113625049256293
26,"build/tests/sizes/cube-1859-stl-bin.geo","scan",1623113625050229907,1623113625109315674
26,"build/tests/sizes/cube-1859-stl-bin.geo","chck",1623113625049257488,1623113625109322091
26,"build/tests/sizes/cube-1039-stl-bin.geo","scan",1623113625125679191,1623113625278100273
26,"build/tests/sizes/cube-1039-stl-bin.geo","chck",1623113625109323238,1623113625278106247
26,"build/tests/sizes/cube-3988-stl-bin.geo","scan",1623113625278790222,1623113625289709847
26,"build/tests/sizes/cube-3988-stl-bin.geo","chck",1623113625278107444,1623113625289716114
26,"build/tests/sizes/cube-3500-asc.msh2","scan",1623113625290264784,1623113626777463012
26,"build/tests/sizes/cube-3500-asc.msh2","chck",1623113625289717349,1623113626777468972
26,"build/tests/sizes/cube-2034-geo.geo_unrolled","scan",1623113626778804580,1623113626779971846
26,"build/tests/sizes/cube-2034-geo.geo_unrolled","chck",1623113626777470206,1623113626779975636
26,"build/tests/sizes/cube-1286-bin.vtk","scan",1623113626792246297,1623113627238423091
26,"build/tests/sizes/cube-1286-bin.vtk","chck",1623113626779976582,1623113627238429114
26,"build/tests/sizes/cube-714-geo.geo","scan",1623113627258448791,1623113627259855372
26,"build/tests/sizes/cube-714-geo.geo","chck",1623113627238430257,1623113627259860991
26,"build/tests/sizes/cube-1043-asc.msh2","scan",1623113627276666727,1623113634082443503
26,"build/tests/sizes/cube-1043-asc.msh2","chck",1623113627259862086,1623113634082450147
26,"build/tests/sizes/cube-1494-bin.msh4","scan",1623113634095801353,1623113634107903772
26,"build/tests/sizes/cube-1494-bin.msh4","chck",1623113634082451187,1623113634107909347
26,"build/tests/sizes/cube-654-asc.msh2","scan",1623113634124741304,1623113634133650992
26,"build/tests/sizes/cube-654-asc.msh2","chck",1623113634107910563,1623113634133655865
26,"build/tests/sizes/cube-1358-bin.msh4","scan",1623113634152000805,1623113634160007179
26,"build/tests/sizes/cube-1358-bin.msh4","chck",1623113634133656889,1623113634160012323
26,"build/tests/sizes/cube-3145-asc.bdf","scan",1623113634160958303,1623113634800521734
26,"build/tests/sizes/cube-3145-asc.bdf","chck",1623113634160013422,1623113634800527935
26,"build/tests/sizes/cube-1446-asc.mesh","scan",1623113634802072294,1623113634830872145
26,"build/tests/sizes/cube-1446-asc.mesh","chck",1623113634800529049,1623113634830877967
26,"build/tests/sizes/cube-3248-geo.geo","scan",1623113634831438427,1623113634832740774
26,"build/tests/sizes/cube-3248-geo.geo","chck",1623113634830879148,1623113634832745528
26,"build/tests/sizes/cube-1429-bin.msh4","scan",1623113634833837414,1623113634835756211
26,"build/tests/sizes/cube-1429-bin.msh4","chck",1623113634832746428,1623113634835759451
26,"build/tests/sizes/cube-2416-asc.bdf","scan",1623113634836277717,1623113635104619949
26,"build/tests/sizes/cube-2416-asc.bdf","chck",1623113634835760514,1623113635104626564
26,"cube-2416-asc","prep",1623113635116679165,1623113635146292125
26,"cube-2416-asc","zzzz",1623113635146304242,1623113637018148765,33593,49676,149028
26,"cube-2416-asc","post",1623113637018159638,1623113637036519858
26,"cube-1429-bin","prep",1623113637036585515,1623113637043001975
26,"cube-1429-bin","zzzz",1623113637043005350,1623113637046235568,245,510,1530
26,"cube-1429-bin","post",1623113637046237647,1623113637046361228
26,"cube-1446-asc","prep",1623113637046398278,1623113637046495350
26,"cube-1446-asc","zzzz",1623113637046496211,1623113637049724910,168,505,1515
26,"cube-1446-asc","post",1623113637049741425,1623113637049846547
26,"cube-1358-bin","prep",1623113637049862700,1623113637050121537
26,"cube-1358-bin","zzzz",1623113637050122812,1623113637054209093,297,604,1812
26,"cube-1358-bin","post",1623113637054213445,1623113637054325714
26,"cube-3769-asc","prep",1623113637054341404,1623113637054977963
26,"cube-3769-asc","zzzz",1623113637054979494,1623113638187257544,4118,35119,105357
26,"cube-3769-asc","post",1623113638187267212,1623113638189879334
26,"cube-2466-stl-bin","mesh",1623113638189926911,1623113638257224619
26,"cube-2466-stl-bin","prep",1623113638258263790,1623113638262845158
26,"cube-2466-stl-bin","zzzz",1623113638262850007,1623113638479013505,5054,11126,33378
26,"cube-2466-stl-bin","post",1623113638479024354,1623113638482238544
26,"cube-3247-geo","mesh",1623113638482477229,1623113652602651026
26,"cube-3247-geo","prep",1623113652603697173,1623113653680869351
26,"cube-3247-geo","zzzz",1623113653680876471,1623113832339941164,812012,1111717,3335151
26,"cube-3247-geo","post",1623113832339956215,1623113832530731623
26,"cube-1975-geo","mesh",1623113832534341012,1623113834316315119
26,"cube-1975-geo","prep",1623113834317287453,1623113834443816130
26,"cube-1975-geo","zzzz",1623113834443821836,1623113845378961552,117090,166161,498483
26,"cube-1975-geo","post",1623113845378975031,1623113845430399107
26,"cube-172-bin","prep",1623113845430447905,1623113845440786837
26,"cube-172-bin","zzzz",1623113845440790321,1623113845446419285,369,772,2316
26,"cube-172-bin","post",1623113845446429643,1623113845446659727
26,"cube-779-asc","prep",1623113845446686240,1623113845446780294
26,"cube-779-asc","zzzz",1623113845446781485,1623113845449983868,168,500,1500
26,"cube-779-asc","post",1623113845449994008,1623113845450176332
26,"cube-1947-geo","mesh",1623113845450209946,1623113866331609723
26,"cube-1947-geo","prep",1623113867211447212,1623113868284793869
26,"cube-1947-geo","zzzz",1623113868284800090,1623114219236694177,1353908,1844628,5533884
26,"cube-1947-geo","post",1623114219236708141,1623114219553074960
26,"cube-61-geo","mesh",1623114219556963941,1623114221395124440
26,"cube-61-geo","prep",1623114221396135722,1623114221529729481
26,"cube-61-geo","zzzz",1623114221529749973,1623114233216806789,122475,173849,521547
26,"cube-61-geo","post",1623114233216820579,1623114233277013427
26,"cube-1953-bin","prep",1623114233277088047,1623114233287407439
26,"cube-1953-bin","zzzz",1623114233287410817,1623114233290617358,237,500,1500
26,"cube-1953-bin","post",1623114233290627817,1623114233290798661
26,"cube-3764-geo","mesh",1623114233290878785,1623114233652503409
26,"cube-3764-geo","prep",1623114233653477119,1623114233677993777
26,"cube-3764-geo","zzzz",1623114233677998449,1623114234833445265,23942,35602,106806
26,"cube-3764-geo","post",1623114234833459078,1623114234846588664
26,"cube-520-bin","prep",1623114234847522110,1623114234850727409
26,"cube-520-bin","zzzz",1623114234850729713,1623114234899600986,2257,3919,11757
26,"cube-520-bin","post",1623114234899611608,1623114234899882464
26,"cube-3642-asc","prep",1623114234900003475,1623114234900236941
26,"cube-3642-asc","zzzz",1623114234900238450,1623114234905543336,359,738,2214
26,"cube-3642-asc","post",1623114234905553484,1623114234905646662
26,"cube-3290-bin","prep",1623114234905658535,1623114235698795385
26,"cube-3290-bin","zzzz",1623114235698802452,1623114500060424065,1092215,1491512,4474536
26,"cube-3290-bin","post",1623114500060434567,1623114500219618530
26,"cube-3322-stl-bin","mesh",1623114500219658299,1623114505036147068
26,"cube-3322-stl-bin","prep",1623114505219916391,1623114505468637047
26,"cube-3322-stl-bin","zzzz",1623114505468645200,1623114562613114426,324092,506385,1519155
26,"cube-3322-stl-bin","post",1623114562613128169,1623114562761576668
26,"cube-1645-asc","prep",1623114562761616888,1623114562790002856
26,"cube-1645-asc","zzzz",1623114562790007468,1623114562873058518,3449,5688,17064
26,"cube-1645-asc","post",1623114562873067966,1623114562874136296
26,"cube-206-bin","prep",1623114562874258417,1623114562919479954
26,"cube-206-bin","zzzz",1623114562919486791,1623114566167160571,49444,72492,217476
26,"cube-206-bin","post",1623114566167171218,1623114566171901619
26,"cube-3283-asc","prep",1623114566171937766,1623114566175015437
26,"cube-3283-asc","zzzz",1623114566175018337,1623114566191597836,997,1756,5268
26,"cube-3283-asc","post",1623114566191614243,1623114566191954572
26,"cube-1039-stl-bin","mesh",1623114566191985059,1623114567831587951
26,"cube-1039-stl-bin","prep",1623114567832588719,1623114568031950351
26,"cube-1039-stl-bin","zzzz",1623114568031959145,1623114581550253675,117322,191894,575682
26,"cube-1039-stl-bin","post",1623114581550267648,1623114581635706464
26,"cube-1343-geo","mesh",1623114581635742183,1623114581677709142
26,"cube-1343-geo","prep",1623114581678659570,1623114581678776445
26,"cube-1343-geo","zzzz",1623114581678778360,1623114581680628102,147,324,972
26,"cube-1343-geo","post",1623114581680638226,1623114581680918262
26,"cube-1313-stl-bin","mesh",1623114581680933708,1623114581698697023
26,"cube-1313-stl-bin","prep",1623114581699516270,1623114581700837639
26,"cube-1313-stl-bin","zzzz",1623114581700844718,1623114581744503895,1299,3620,10860
26,"cube-1313-stl-bin","post",1623114581744514214,1623114581744888999
26,"cube-2730-geo","mesh",1623114581745023720,1623114581777988005
26,"cube-2730-geo","prep",1623114581778796419,1623114581780173073
26,"cube-2730-geo","zzzz",1623114581780175216,1623114581812064295,1573,2874,8622
26,"cube-2730-geo","post",1623114581812074415,1623114581812883884
26,"cube-616-bin.cgns","prep",1623114581813267131,1623114581847507745
26,"cube-616-bin.cgns","zzzz",1623114581847513564,1623114593635835147,123215,174860,524580
26,"cube-616-bin.cgns","post",1623114593635865907,1623114593636152356
26,"cube-121-bin","prep",1623114593636192856,1623114593649143369
26,"cube-121-bin","zzzz",1623114593649146815,1623114594828305881,24247,36060,108180
26,"cube-121-bin","post",1623114594828317269,1623114594832801164
26,"cube-3947-bin","prep",1623114594832850981,1623114594833458396
26,"cube-3947-bin","zzzz",1623114594833460255,1623114594835273008,140,319,957
26,"cube-3947-bin","post",1623114594835283273,1623114594835507371
26,"cube-1716-stl-bin","mesh",1623114594835544459,1623114594839141083
26,"cube-1716-stl-bin","prep",1623114594840138775,1623114594840323251
26,"cube-1716-stl-bin","zzzz",1623114594840324916,1623114594844385425,174,601,1803
26,"cube-1716-stl-bin","post",1623114594844395494,1623114594844531658
26,"cube-227-stl-bin","mesh",1623114594844565666,1623114594883964037
26,"cube-227-stl-bin","prep",1623114594884876877,1623114594887933938
26,"cube-227-stl-bin","zzzz",1623114594887936572,1623114595018411027,3390,7805,23415
26,"cube-227-stl-bin","post",1623114595018421050,1623114595019749522
26,"cube-1197-geo","mesh",1623114595020123539,1623114605239049998
26,"cube-1197-geo","prep",1623114605334907799,1623114605807546560
26,"cube-1197-geo","zzzz",1623114605807551350,1623114730294051013,618024,849530,2548590
26,"cube-1197-geo","post",1623114730294074237,1623114730566156049
26,"cube-692-bin","prep",1623114730566214852,1623114730599288118
26,"cube-692-bin","zzzz",1623114730599292501,1623114731024946839,11418,17801,53403
26,"cube-692-bin","post",1623114731024957184,1623114731026495270
26,"cube-1043-asc","prep",1623114731026577744,1623114731746371409
26,"cube-1043-asc","zzzz",1623114731746379445,1623114944421270973,925766,1266925,3800775
26,"cube-1043-asc","post",1623114944421284692,1623114944519786879
26,"cube-1543-asc","prep",1623114944520447190,1623114944525471265
26,"cube-1543-asc","zzzz",1623114944525474037,1623114944544438340,480,1943,5829
26,"cube-1543-asc","post",1623114944544448805,1623114944544961021
26,"cube-3794-stl-bin","mesh",1623114944545000465,1623114944559647045
26,"cube-3794-stl-bin","prep",1623114944560740315,1623114944561037904
26,"cube-3794-stl-bin","zzzz",1623114944561039865,1623114944566978585,212,805,2415
26,"cube-3794-stl-bin","post",1623114944566988715,1623114944567222338
26,"cube-1517-bin.cgns","prep",1623114944567234699,1623114944567661412
26,"cube-1517-bin.cgns","zzzz",1623114944567663882,1623114944571023704,252,519,1557
26,"cube-1517-bin.cgns","post",1623114944571033792,1623114944571108542
26,"cube-1735-geo","mesh",1623114944571155348,1623114954911487071
26,"cube-1735-geo","prep",1623114954912491520,1623114955800845267
26,"cube-1735-geo","zzzz",1623114955800851983,1623115085725008094,637369,875458,2626374
26,"cube-1735-geo","post",1623115085725022847,1623115086006511658
26,"cube-1815-bin","prep",1623115086006567044,1623115086047266737
26,"cube-1815-bin","zzzz",1623115086047271082,1623115086100925004,2430,4185,12555
26,"cube-1815-bin","post",1623115086100935378,1623115086101819822
26,"cube-1838-bin.cgns","prep",1623115086101848857,1623115086184391866
26,"cube-1838-bin.cgns","zzzz",1623115086184395217,1623115088110533849,34302,50611,151833
26,"cube-1838-bin.cgns","post",1623115088110544491,1623115088110612562
26,"cube-1022-bin.cgns","prep",1623115088110669889,1623115088284316044
26,"cube-1022-bin.cgns","zzzz",1623115088284324003,1623115127730317045,281975,395115,1185345
26,"cube-1022-bin.cgns","post",1623115127730331656,1623115127730411189
26,"cube-1115-geo","mesh",1623115127730478038,1623115127975131678
26,"cube-1115-geo","prep",1623115127977835490,1623115127993348675
26,"cube-1115-geo","zzzz",1623115127993352276,1623115128548671939,13886,21411,64233
26,"cube-1115-geo","post",1623115128548682301,1623115128553301629
26,"cube-3888-asc","prep",1623115128553643736,1623115128570144775
26,"cube-3888-asc","zzzz",1623115128570146728,1623115130277641152,31416,46562,139686
26,"cube-3888-asc","post",1623115130277651719,1623115130279983902
26,"cube-3335-bin.cgns","prep",1623115130280008099,1623115130390250430
26,"cube-3335-bin.cgns","zzzz",1623115130390258365,1623115355731412378,967048,1323120,3969360
26,"cube-3335-bin.cgns","post",1623115355731426146,1623115355731505961
26,"cube-2832-stl-bin","mesh",1623115355731575060,1623115355736213793
26,"cube-2832-stl-bin","prep",1623115355737368169,1623115355737686319
26,"cube-2832-stl-bin","zzzz",1623115355737688332,1623115355744078389,248,853,2559
26,"cube-2832-stl-bin","post",1623115355744083303,1623115355744216695
26,"cube-3096-asc","prep",1623115355744228186,1623115355751137932
26,"cube-3096-asc","zzzz",1623115355751139476,1623115557630947205,51304,1218407,3655221
26,"cube-3096-asc","post",1623115557630961373,1623115557802405382
26,"cube-3822-bin.cgns","prep",1623115557802441731,1623115557828677955
26,"cube-3822-bin.cgns","zzzz",1623115557828682442,1623115557833398192,321,674,2022
26,"cube-3822-bin.cgns","post",1623115557833408296,1623115557833478393
26,"cube-1782-asc","prep",1623115557833527396,1623115557833979590
26,"cube-1782-asc","zzzz",1623115557833983950,1623115557836900117,209,464,1392
26,"cube-1782-asc","post",1623115557836910330,1623115557837077469
26,"cube-1222-asc","prep",1623115557837109576,1623115557837632738
26,"cube-1222-asc","zzzz",1623115557837634011,1623115557840830922,236,499,1497
26,"cube-1222-asc","post",1623115557840854906,1623115557840983556
26,"cube-2507-bin","prep",1623115557840995115,1623115557841551183
26,"cube-2507-bin","zzzz",1623115557841552806,1623115557857308573,942,1689,5067
26,"cube-2507-bin","post",1623115557857318664,1623115557857674370
26,"cube-714-geo","mesh",1623115557857698551,1623115557867217027
26,"cube-714-geo","prep",1623115557868364108,1623115557868657592
26,"cube-714-geo","zzzz",1623115557868659464,1623115557872644745,287,592,1776
26,"cube-714-geo","post",1623115557872654859,1623115557872836267
26,"cube-2202-stl-bin","mesh",1623115557872856519,1623115557878136872
26,"cube-2202-stl-bin","prep",1623115557879210422,1623115557879556964
26,"cube-2202-stl-bin","zzzz",1623115557880134736,1623115557890266732,350,1209,3627
26,"cube-2202-stl-bin","post",1623115557890276836,1623115557890541603
26,"cube-2423-asc","prep",1623115557890573146,1623115557890728674
26,"cube-2423-asc","zzzz",1623115557890729978,1623115557895902587,240,724,2172
26,"cube-2423-asc","post",1623115557895912751,1623115557896123489
26,"cube-3903-geo","mesh",1623115557896155162,1623115570214011936
26,"cube-3903-geo","prep",1623115570215010803,1623115571133454196
26,"cube-3903-geo","zzzz",1623115571133460415,1623115731558480627,748546,1025462,3076386
26,"cube-3903-geo","post",1623115731558499111,1623115731904133307
26,"cube-1485-bin","prep",1623115731904185195,1623115731955320281
26,"cube-1485-bin","zzzz",1623115731955324164,1623115733938643623,34945,51646,154938
26,"cube-1485-bin","post",1623115733938655421,1623115733942081255
26,"cube-332-bin","prep",1623115733942110069,1623115734116016988
26,"cube-332-bin","zzzz",1623115734116023815,1623115760426951851,214512,300938,902814
26,"cube-332-bin","post",1623115760426966321,1623115760458214973
26,"cube-441-bin.cgns","prep",1623115760459822228,1623115760524928251
26,"cube-441-bin.cgns","zzzz",1623115760524932165,1623115760536218469,695,1312,3936
26,"cube-441-bin.cgns","post",1623115760536228626,1623115760536297240
26,"cube-3518-asc","prep",1623115760536343935,1623115760536587520
26,"cube-3518-asc","zzzz",1623115760536588853,1623115760551928880,410,1655,4965
26,"cube-3518-asc","post",1623115760551938890,1623115760552367069
26,"cube-1494-bin","prep",1623115760552398394,1623115760552875735
26,"cube-1494-bin","zzzz",1623115760552877697,1623115760558502664,369,772,2316
26,"cube-1494-bin","post",1623115760558512793,1623115760559086430
26,"cube-2034-geo","mesh",1623115760559120165,1623115760610160994
26,"cube-2034-geo","prep",1623115760612103175,1623115760613202030
26,"cube-2034-geo","zzzz",1623115760613204151,1623115760663264773,2305,3986,11958
26,"cube-2034-geo","post",1623115760663275061,1623115760664204677
26,"cube-3500-asc","prep",1623115760664490657,1623115760789639035
26,"cube-3500-asc","zzzz",1623115760789647266,1623115785500053066,205354,288525,865575
26,"cube-3500-asc","post",1623115785500062498,1623115785520231397
26,"cube-1286-bin","prep",1623115785520272341,1623115785655195483
26,"cube-1286-bin","zzzz",1623115785655202283,1623115811710945885,213031,298986,896958
26,"cube-1286-bin","post",1623115811710959664,1623115811730727757
26,"cube-1705-bin","prep",1623115811730762996,1623115811857964343
26,"cube-1705-bin","zzzz",1623115811857970922,1623115836587148924,205462,288610,865830
26,"cube-1705-bin","post",1623115836587163245,1623115836606448417
26,"cube-3546-asc","prep",1623115836606481092,1623115836608699020
26,"cube-3546-asc","zzzz",1623115836608702424,1623115836725499644,4419,7223,21669
26,"cube-3546-asc","post",1623115836725510531,1623115836726273986
26,"cube-2341-asc","prep",1623115836726329057,1623115836729647282
26,"cube-2341-asc","zzzz",1623115836729648882,1623115894789896207,28946,511816,1535448
26,"cube-2341-asc","post",1623115894789910552,1623115894840493191
26,"cube-1710-stl-bin","mesh",1623115894840520767,1623115894856307802
26,"cube-1710-stl-bin","prep",1623115894858068784,1623115894859112972
26,"cube-1710-stl-bin","zzzz",1623115894859115656,1623115894890695822,1060,2853,8559
26,"cube-1710-stl-bin","post",1623115894890705969,1623115894891500926
26,"cube-3248-geo","mesh",1623115894891535348,1623115899658021137
26,"cube-3248-geo","prep",1623115899659042115,1623115900133773615
26,"cube-3248-geo","zzzz",1623115900133779524,1623115937715431015,273671,382525,1147575
26,"cube-3248-geo","post",1623115937715446127,1623115937944845674
26,"cube-852-stl-bin","mesh",1623115937944887634,1623115938101772676
26,"cube-852-stl-bin","prep",1623115938104978449,1623115938109680752
26,"cube-852-stl-bin","zzzz",1623115938109683609,1623115938333884055,5211,11392,34176
26,"cube-852-stl-bin","post",1623115938333894393,1623115938335691104
26,"cube-1663-geo","mesh",1623115938335715251,1623115939586184253
26,"cube-1663-geo","prep",1623115939589073660,1623115939713234943
26,"cube-1663-geo","zzzz",1623115939713241022,1623115945469669799,74412,107307,321921
26,"cube-1663-geo","post",1623115945469682139,1623115945521023839
26,"cube-3030-asc","prep",1623115945523658667,1623115945539082136
26,"cube-3030-asc","zzzz",1623115945539084329,1623115990567076341,26394,431806,1295418
26,"cube-3030-asc","post",1623115990567091755,1623115990611861147
26,"cube-3417-asc","prep",1623115990611898989,1623115990737237656
26,"cube-3417-asc","zzzz",1623115990737244623,1623116013896681466,196495,276191,828573
26,"cube-3417-asc","post",1623116013896695473,1623116013917678818
26,"cube-517-stl-bin","mesh",1623116013917715123,1623116013922483218
26,"cube-517-stl-bin","prep",1623116013923613054,1623116013923850161
26,"cube-517-stl-bin","zzzz",1623116013923852361,1623116013929753688,208,801,2403
26,"cube-517-stl-bin","post",1623116013929763926,1623116013929978141
26,"cube-2130-asc","prep",1623116013930009431,1623116013930394595
26,"cube-2130-asc","zzzz",1623116013930398513,1623116013932123152,135,306,918
26,"cube-2130-asc","post",1623116013932133228,1623116013932239740
26,"cube-101-asc","prep",1623116013932270403,1623116013937573571
26,"cube-101-asc","zzzz",1623116013937575182,1623116100461191253,33488,667563,2002689
26,"cube-101-asc","post",1623116100461201873,1623116100529402788
26,"cube-2152-bin","prep",1623116100529444292,1623116100529999448
26,"cube-2152-bin","zzzz",1623116100530001580,1623116100546119471,967,1720,5160
26,"cube-2152-bin","post",1623116100546135678,1623116100546267019
26,"cube-3145-asc","prep",1623116100546285784,1623116100609608907
26,"cube-3145-asc","zzzz",1623116100609613626,1623116106433846361,75078,108161,324483
26,"cube-3145-asc","post",1623116106433857231,1623116106463894097
26,"cube-3988-stl-bin","mesh",1623116106463936730,1623116106531877785
26,"cube-3988-stl-bin","prep",1623116106533109200,1623116106538346760
26,"cube-3988-stl-bin","zzzz",1623116106538351071,1623116106764352144,5240,11463,34389
26,"cube-3988-stl-bin","post",1623116106764361310,1623116106768374165
26,"cube-2801-bin","prep",1623116106768406568,1623116106770461571
26,"cube-2801-bin","zzzz",1623116106770464575,1623116106820515040,2309,3986,11958
26,"cube-2801-bin","post",1623116106820534302,1623116106820834950
26,"cube-893-asc","prep",1623116106820991715,1623116106822089233
26,"cube-893-asc","zzzz",1623116106822091691,1623116106876343294,2443,4218,12654
26,"cube-893-asc","post",1623116106876352052,1623116106876588959
26,"cube-3195-bin","prep",1623116106876736104,1623116106877837304
26,"cube-3195-bin","zzzz",1623116106877844371,1623116106921489891,2061,3620,10860
26,"cube-3195-bin","post",1623116106921507942,1623116106921798665
26,"cube-2954-stl-bin","mesh",1623116106921821062,1623116106968366981
26,"cube-2954-stl-bin","prep",1623116106969625253,1623116106972969745
26,"cube-2954-stl-bin","zzzz",1623116106972972994,1623116107113966872,3600,8240,24720
26,"cube-2954-stl-bin","post",1623116107113977984,1623116107115771102
26,"cube-2197-asc","prep",1623116107116848716,1623116107124817038
26,"cube-2197-asc","zzzz",1623116107124820004,1623116107695600061,14182,21823,65469
26,"cube-2197-asc","post",1623116107695610901,1623116107698204742
26,"cube-3197-asc","prep",1623116107698664290,1623116107700130006
26,"cube-3197-asc","zzzz",1623116107700132143,1623116107725682859,1354,2433,7299
26,"cube-3197-asc","post",1623116107725699827,1623116107725932868
26,"cube-561-bin","prep",1623116107725983912,1623116107726142280
26,"cube-561-bin","zzzz",1623116107726143625,1623116107728228408,172,359,1077
26,"cube-561-bin","post",1623116107728244188,1623116107728290134
26,"cube-15-bin","prep",1623116107728302167,1623116107734399292
26,"cube-15-bin","zzzz",1623116107734401523,1623116108162597294,11468,17903,53709
26,"cube-15-bin","post",1623116108162607072,1623116108163793126
26,"cube-2804-asc","prep",1623116108163893881,1623116108223683524
26,"cube-2804-asc","zzzz",1623116108223688368,1623116116828824735,98784,141205,423615
26,"cube-2804-asc","post",1623116116828833524,1623116116846194113
26,"cube-3811-stl-bin","mesh",1623116116846491913,1623116126893939261
26,"cube-3811-stl-bin","prep",1623116127256728876,1623116127779225703
26,"cube-3811-stl-bin","zzzz",1623116127779233820,1623116275342969832,641960,963163,2889489
26,"cube-3811-stl-bin","post",1623116275342984073,1623116275680866255
26,"cube-3104-stl-bin","mesh",1623116275680903878,1623116276317383989
26,"cube-3104-stl-bin","prep",1623116276318444557,1623116276376633853
26,"cube-3104-stl-bin","zzzz",1623116276376640771,1623116279684527650,40881,73355,220065
26,"cube-3104-stl-bin","post",1623116279684538295,1623116279705020253
26,"cube-3164-bin","prep",1623116279705047060,1623116279724877848
26,"cube-3164-bin","zzzz",1623116279724881103,1623116281104699346,26988,40223,120669
26,"cube-3164-bin","post",1623116281104713420,1623116281107395115
26,"cube-3857-bin.cgns","prep",1623116281107595916,1623116281153071605
26,"cube-3857-bin.cgns","zzzz",1623116281153079440,1623116340075229791,371647,516861,1550583
26,"cube-3857-bin.cgns","post",1623116340075243643,1623116340075331723
26,"cube-330-asc","prep",1623116340075394946,1623116340102176626
26,"cube-330-asc","zzzz",1623116340102181322,1623116343209215853,47774,70365,211095
26,"cube-330-asc","post",1623116343209227363,1623116343216532292
26,"cube-1473-geo","mesh",1623116343216562358,1623116344297559011
26,"cube-1473-geo","prep",1623116344298591164,1623116344403610360
26,"cube-1473-geo","zzzz",1623116344403615822,1623116349146124874,64705,94017,282051
26,"cube-1473-geo","post",1623116349146138503,1623116349202613490
26,"cube-3804-geo","mesh",1623116349202646198,1623116349235714571
26,"cube-3804-geo","prep",1623116349236738218,1623116349238135809
26,"cube-3804-geo","zzzz",1623116349238138693,1623116349254432275,978,1732,5196
26,"cube-3804-geo","post",1623116349254442443,1623116349255085907
26,"cube-3764-stl-bin","mesh",1623116349255392442,1623116349770055553
26,"cube-3764-stl-bin","prep",1623116349771077223,1623116349824427810
26,"cube-3764-stl-bin","zzzz",1623116349824435263,1623116352913912664,39081,70104,210312
26,"cube-3764-stl-bin","post",1623116352913931585,1623116352945778447
26,"cube-1859-stl-bin","mesh",1623116352945807447,1623116353554426596
26,"cube-1859-stl-bin","prep",1623116353555467091,1623116353624086210
26,"cube-1859-stl-bin","zzzz",1623116353624093317,1623116357313984910,44156,79157,237471
26,"cube-1859-stl-bin","post",1623116357314005066,1623116357351708754
26,"cube-3588-bin","prep",1623116357351745448,1623116357360178911
26,"cube-3588-bin","zzzz",1623116357360182666,1623116357365026703,333,690,2070
26,"cube-3588-bin","post",1623116357365042425,1623116357365181335
26,"cube-3808-asc","prep",1623116357365200967,1623116358111573251
26,"cube-3808-asc","zzzz",1623116358111580599,1623116576722523349,945654,1293383,3880149
26,"cube-3808-asc","post",1623116576722530987,1623116576907932261
26,"cube-2497-bin.cgns","prep",1623116576907962546,1623116576910692696
26,"cube-2497-bin.cgns","zzzz",1623116576910697007,1623116577196067328,8497,13478,40434
26,"cube-2497-bin.cgns","post",1623116577196077624,1623116577196132819
26,"cube-814-bin","prep",1623116577196184434,1623116577197323239
26,"cube-814-bin","zzzz",1623116577197325384,1623116577225198663,1424,2597,7791
26,"cube-814-bin","post",1623116577225208831,1623116577225865333
26,"cube-3975-geo","mesh",1623116577225879558,1623116577501330106
26,"cube-3975-geo","prep",1623116577502345068,1623116577517197534
26,"cube-3975-geo","zzzz",1623116577517201157,1623116578235833874,16853,25602,76806
26,"cube-3975-geo","post",1623116578235866758,1623116578240422718
26,"cube-3597-asc","prep",1623116578240944514,1623116578246278558
26,"cube-3597-asc","zzzz",1623116578246280942,1623116578475294195,7282,11562,34686
26,"cube-3597-asc","post",1623116578475304430,1623116578476033799
26,"cube-1921-geo","mesh",1623116578476055190,1623116591654897078
26,"cube-1921-geo","prep",1623116591655885881,1623116592691868957
26,"cube-1921-geo","zzzz",1623116592691874628,1623116794595710773,890489,1218521,3655563
26,"cube-1921-geo","post",1623116794595721606,1623116794841760476
26,"cube-3225-asc","prep",1623116794841822036,1623116794877564938
26,"cube-3225-asc","zzzz",1623116794877570365,1623116794895560196,1033,1868,5604
26,"cube-3225-asc","post",1623116794895576255,1623116794895905081
26,"cube-388-asc","prep",1623116794896169344,1623116794902534501
26,"cube-388-asc","zzzz",1623116794902536876,1623116794929854779,1406,2559,7677
26,"cube-388-asc","post",1623116794929870986,1623116794930372027
26,"cube-654-asc","prep",1623116794930389173,1623116794930877767
26,"cube-654-asc","zzzz",1623116794930879251,1623116794933129601,176,381,1143
26,"cube-654-asc","post",1623116794933134583,1623116794933237046
26,"cube-1909-bin","prep",1623116794933249627,1623116794933490097
26,"cube-1909-bin","zzzz",1623116794933491533,1623116794938740789,355,734,2202
26,"cube-1909-bin","post",1623116794938745671,1623116794938862854
26,"cube-2225-stl-bin","mesh",1623116794938877149,1623116794989611483
26,"cube-2225-stl-bin","prep",1623116794990655202,1623116794994006710
26,"cube-2225-stl-bin","zzzz",1623116794994009403,1623116795161347670,4080,9288,27864
26,"cube-2225-stl-bin","post",1623116795161358457,1623116795163774059
26,"cube-3736-bin","prep",1623116795163809933,1623116795180377149
26,"cube-3736-bin","zzzz",1623116795180382497,1623116796557471025,26918,40138,120414
26,"cube-3736-bin","post",1623116796557482147,1623116796560118755
26,"cube-2613-asc","prep",1623116796560308392,1623116796825647519
26,"cube-2613-asc","zzzz",1623116796825652577,1623116855715698964,371947,516643,1549929
26,"cube-2613-asc","post",1623116855715713057,1623116855762406050
26,"cube-3617-bin","prep",1623116855762451727,1623116855791279708
26,"cube-3617-bin","zzzz",1623116855791285827,1623116859167137362,50705,74404,223212
26,"cube-3617-bin","post",1623116859167151085,1623116859172963602
26,"cube-3314-geo","mesh",1623116859172991805,1623116860541515844
26,"cube-3314-geo","prep",1623116860542509625,1623116860643536785
26,"cube-3314-geo","zzzz",1623116860643543388,1623116868548455387,92834,133208,399624
26,"cube-3314-geo","post",1623116868548475664,1623116868599751508
26,"cube-2890-bin","prep",1623116868602986248,1623116868633055496
26,"cube-2890-bin","zzzz",1623116868633060271,1623116870943253924,38852,57329,171987
26,"cube-2890-bin","post",1623116870943266062,1623116870947412961
26,"cube-3797-geo","mesh",1623116870947448597,1623116870953647369
26,"cube-3797-geo","prep",1623116870954670109,1623116870954934877
26,"cube-3797-geo","zzzz",1623116870954936882,1623116870956625418,133,301,903
26,"cube-3797-geo","post",1623116870956635817,1623116870956907270
26,"cube-3479-bin","prep",1623116870956942274,1623116870959893297
26,"cube-3479-bin","zzzz",1623116870959895586,1623116871108513499,5319,8549,25647
26,"cube-3479-bin","post",1623116871108523623,1623116871109376915
26,"Proc","exit_task",1623113578265304540,1623116871121910587,2776448
