14,"build/tests/sizes/cube-1132-asc.msh2","scan",1623113598545372006,1623113600728831110
14,"build/tests/sizes/cube-1132-asc.msh2","chck",1623113598529290028,1623113600729094551
14,"build/tests/sizes/cube-3485-bin.msh2","scan",1623113600747994395,1623113608695139650
14,"build/tests/sizes/cube-3485-bin.msh2","chck",1623113600729096266,1623113608695174945
14,"build/tests/sizes/cube-3544-asc.msh2","scan",1623113608710075848,1623113608855422657
14,"build/tests/sizes/cube-3544-asc.msh2","chck",1623113608695176163,1623113608855429008
14,"build/tests/sizes/cube-2843-stl-bin.geo","scan",1623113608872563145,1623113608999687730
14,"build/tests/sizes/cube-2843-stl-bin.geo","chck",1623113608855430014,1623113608999696571
14,"build/tests/sizes/cube-2185-geo.geo","scan",1623113609000349179,1623113609001821706
14,"build/tests/sizes/cube-2185-geo.geo","chck",1623113608999697645,1623113609001826629
14,"build/tests/sizes/cube-2688-bin.cgns","scan",1623113609006754543,1623113609026052594
14,"build/tests/sizes/cube-2688-bin.cgns","chck",1623113609001827880,1623113609026058223
14,"build/tests/sizes/cube-1565-bin.vtk","scan",1623113609026822071,1623113609042420074
14,"build/tests/sizes/cube-1565-bin.vtk","chck",1623113609026059400,1623113609042426167
14,"build/tests/sizes/cube-817-bin.vtk","scan",1623113609062612918,1623113609183540997
14,"build/tests/sizes/cube-817-bin.vtk","chck",1623113609042427216,1623113609183546798
14,"build/tests/sizes/cube-1149-bin.cgns","scan",1623113609211778419,1623113609345953957
14,"build/tests/sizes/cube-1149-bin.cgns","chck",1623113609183547957,1623113609345961499
14,"build/tests/sizes/cube-506-bin.msh4","scan",1623113609368815284,1623113609498140048
14,"build/tests/sizes/cube-506-bin.msh4","chck",1623113609345962679,1623113609498146859
14,"build/tests/sizes/cube-3815-asc.msh2","scan",1623113609498808084,1623113609503766600
14,"build/tests/sizes/cube-3815-asc.msh2","chck",1623113609498148441,1623113609503773127
14,"build/tests/sizes/cube-1045-asc.mesh","scan",1623113609518083125,1623113609552086736
14,"build/tests/sizes/cube-1045-asc.mesh","chck",1623113609503774240,1623113609552093627
14,"build/tests/sizes/cube-3972-geo.geo_unrolled","scan",1623113609552716941,1623113609553811630
14,"build/tests/sizes/cube-3972-geo.geo_unrolled","chck",1623113609552094990,1623113609553817005
14,"build/tests/sizes/cube-450-geo.geo_unrolled","scan",1623113609575640057,1623113609576839004
14,"build/tests/sizes/cube-450-geo.geo_unrolled","chck",1623113609553818235,1623113609576852013
14,"build/tests/sizes/cube-1230-asc.mesh","scan",1623113609594939027,1623113609603251333
14,"build/tests/sizes/cube-1230-asc.mesh","chck",1623113609576853234,1623113609603258643
14,"build/tests/sizes/cube-210-bin.cgns","scan",1623113609607379530,1623113609628071335
14,"build/tests/sizes/cube-210-bin.cgns","chck",1623113609603259949,1623113609628085688
14,"build/tests/sizes/cube-3205-asc.mesh","scan",1623113609629016302,1623113609680290290
14,"build/tests/sizes/cube-3205-asc.mesh","chck",1623113609628086967,1623113609680297487
14,"build/tests/sizes/cube-3287-bin.vtk","scan",1623113609698421711,1623113609704226394
14,"build/tests/sizes/cube-3287-bin.vtk","chck",1623113609680298889,1623113609704232687
14,"build/tests/sizes/cube-1552-asc.msh2","scan",1623113609707598821,1623113609790497638
14,"build/tests/sizes/cube-1552-asc.msh2","chck",1623113609704234090,1623113609790503914
14,"build/tests/sizes/cube-1067-asc.msh2","scan",1623113609795020803,1623113610350721931
14,"build/tests/sizes/cube-1067-asc.msh2","chck",1623113609790505171,1623113610350738607
14,"build/tests/sizes/cube-3226-geo.geo","scan",1623113610352587379,1623113610353880938
14,"build/tests/sizes/cube-3226-geo.geo","chck",1623113610350740043,1623113610353887063
14,"build/tests/sizes/cube-2850-bin.vtk","scan",1623113610375907017,1623113610408380711
14,"build/tests/sizes/cube-2850-bin.vtk","chck",1623113610353888292,1623113610408388069
14,"build/tests/sizes/cube-146-asc.msh2","scan",1623113610414399164,1623113621754699478
14,"build/tests/sizes/cube-146-asc.msh2","chck",1623113610408389476,1623113621754712672
14,"build/tests/sizes/cube-778-asc.bdf","scan",1623113621771236284,1623113621949984359
14,"build/tests/sizes/cube-778-asc.bdf","chck",1623113621754717419,1623113621949989646
14,"build/tests/sizes/cube-3411-geo.geo_unrolled","scan",1623113621970357178,1623113621973718387
14,"build/tests/sizes/cube-3411-geo.geo_unrolled","chck",1623113621949990491,1623113621973724515
14,"build/tests/sizes/cube-3221-stl-bin.geo","scan",1623113621974288892,1623113622958057100
14,"build/tests/sizes/cube-3221-stl-bin.geo","chck",1623113621973725870,1623113622958062946
14,"build/tests/sizes/cube-342-stl-bin.geo","scan",1623113622982504879,1623113623089989887
14,"build/tests/sizes/cube-342-stl-bin.geo","chck",1623113622958063800,1623113623089995990
14,"build/tests/sizes/cube-3321-bin.cgns","scan",1623113623094247814,1623113623118589149
14,"build/tests/sizes/cube-3321-bin.cgns","chck",1623113623089997029,1623113623118594367
14,"build/tests/sizes/cube-996-asc.mesh","scan",1623113623135402353,1623113623153533827
14,"build/tests/sizes/cube-996-asc.mesh","chck",1623113623118595416,1623113623153539295
14,"build/tests/sizes/cube-3253-geo.geo_unrolled","scan",1623113623154117362,1623113623155245608
14,"build/tests/sizes/cube-3253-geo.geo_unrolled","chck",1623113623153540227,1623113623155250523
14,"build/tests/sizes/cube-2953-asc.bdf","scan",1623113623155874157,1623113623183251562
14,"build/tests/sizes/cube-2953-asc.bdf","chck",1623113623155251466,1623113623183256680
14,"build/tests/sizes/cube-3377-geo.geo_unrolled","scan",1623113623193421410,1623113623195565249
14,"build/tests/sizes/cube-3377-geo.geo_unrolled","chck",1623113623183258077,1623113623195577032
14,"build/tests/sizes/cube-633-bin.cgns","scan",1623113623218166126,1623113623254987027
14,"build/tests/sizes/cube-633-bin.cgns","chck",1623113623195578198,1623113623254992659
14,"build/tests/sizes/cube-323-bin.cgns","scan",1623113623277851866,1623113623347577005
14,"build/tests/sizes/cube-323-bin.cgns","chck",1623113623254994047,1623113623347583570
14,"build/tests/sizes/cube-1053-bin.cgns","scan",1623113623367131019,1623113623441476286
14,"build/tests/sizes/cube-1053-bin.cgns","chck",1623113623347584837,1623113623441482923
14,"build/tests/sizes/cube-1097-geo.geo_unrolled","scan",1623113623447173488,1623113623448338907
14,"build/tests/sizes/cube-1097-geo.geo_unrolled","chck",1623113623441484191,1623113623448344382
14,"build/tests/sizes/cube-2756-geo.geo","scan",1623113623448939221,1623113623451098767
14,"build/tests/sizes/cube-2756-geo.geo","chck",1623113623448345500,1623113623451102811
14,"build/tests/sizes/cube-2157-asc.mesh","scan",1623113623451661786,1623113623605136930
14,"build/tests/sizes/cube-2157-asc.mesh","chck",1623113623451103727,1623113623605143705
14,"build/tests/sizes/cube-2888-geo.geo_unrolled","scan",1623113623605937398,1623113623607061914
14,"build/tests/sizes/cube-2888-geo.geo_unrolled","chck",1623113623605145043,1623113623607066339
14,"build/tests/sizes/cube-750-bin.msh4","scan",1623113623622742727,1623113623668836359
14,"build/tests/sizes/cube-750-bin.msh4","chck",1623113623607067157,1623113623668847767
14,"build/tests/sizes/cube-2245-stl-bin.geo","scan",1623113623669468638,1623113623770342089
14,"build/tests/sizes/cube-2245-stl-bin.geo","chck",1623113623668848973,1623113623770348435
14,"build/tests/sizes/cube-1398-asc.bdf","scan",1623113623783193868,1623113623803480823
14,"build/tests/sizes/cube-1398-asc.bdf","chck",1623113623770349899,1623113623803486369
14,"build/tests/sizes/cube-3752-bin.cgns","scan",1623113623822288398,1623113623982269986
14,"build/tests/sizes/cube-3752-bin.cgns","chck",1623113623803487662,1623113623982275786
14,"build/tests/sizes/cube-2216-bin.cgns","scan",1623113623986042772,1623113624006837139
14,"build/tests/sizes/cube-2216-bin.cgns","chck",1623113623982276940,1623113624006846827
14,"build/tests/sizes/cube-3578-bin.cgns","scan",1623113624030743952,1623113624081691198
14,"build/tests/sizes/cube-3578-bin.cgns","chck",1623113624006847865,1623113624081697528
14,"build/tests/sizes/cube-486-bin.cgns","scan",1623113624087221928,1623113624109030701
14,"build/tests/sizes/cube-486-bin.cgns","chck",1623113624081698887,1623113624109036879
14,"build/tests/sizes/cube-2299-geo.geo_unrolled","scan",1623113624113775251,1623113624114940126
14,"build/tests/sizes/cube-2299-geo.geo_unrolled","chck",1623113624109483530,1623113624114945395
14,"build/tests/sizes/cube-1861-asc.bdf","scan",1623113624118987107,1623113624672559889
14,"build/tests/sizes/cube-1861-asc.bdf","chck",1623113624114946372,1623113624672577227
14,"build/tests/sizes/cube-317-asc.msh2","scan",1623113624689544409,1623113636218933161
14,"build/tests/sizes/cube-317-asc.msh2","chck",1623113624672578526,1623113636218941390
14,"build/tests/sizes/cube-1853-bin.msh2","scan",1623113636223647200,1623113636470038980
14,"build/tests/sizes/cube-1853-bin.msh2","chck",1623113636218942616,1623113636470044838
14,"build/tests/sizes/cube-3906-asc.msh2","scan",1623113636493988297,1623113636503887682
14,"build/tests/sizes/cube-3906-asc.msh2","chck",1623113636470046327,1623113636503892789
14,"build/tests/sizes/cube-2312-stl-bin.geo","scan",1623113636516477093,1623113636537426488
14,"build/tests/sizes/cube-2312-stl-bin.geo","chck",1623113636503893736,1623113636537433088
14,"build/tests/sizes/cube-3943-geo.geo_unrolled","scan",1623113636538016192,1623113636539206489
14,"build/tests/sizes/cube-3943-geo.geo_unrolled","chck",1623113636537434231,1623113636539210832
14,"build/tests/sizes/cube-928-bin.msh4","scan",1623113636553166005,1623113637255980312
14,"build/tests/sizes/cube-928-bin.msh4","chck",1623113636539211789,1623113637255986598
14,"build/tests/sizes/cube-2318-bin.msh4","scan",1623113637273572400,1623113637347242747
14,"build/tests/sizes/cube-2318-bin.msh4","chck",1623113637255987754,1623113637347249158
14,"build/tests/sizes/cube-318-asc.bdf","scan",1623113637360868931,1623113637390994154
14,"build/tests/sizes/cube-318-asc.bdf","chck",1623113637347250330,1623113637391001051
14,"build/tests/sizes/cube-2723-stl-bin.geo","scan",1623113637391636069,1623113637841222412
14,"build/tests/sizes/cube-2723-stl-bin.geo","chck",1623113637391002428,1623113637841227913
14,"build/tests/sizes/cube-3437-geo.geo","scan",1623113637856459120,1623113637857729623
14,"build/tests/sizes/cube-3437-geo.geo","chck",1623113637841228866,1623113637857734975
14,"build/tests/sizes/cube-940-bin.msh4","scan",1623113637876884418,1623113637900552537
14,"build/tests/sizes/cube-940-bin.msh4","chck",1623113637857735940,1623113637900557746
14,"build/tests/sizes/cube-645-bin.cgns","scan",1623113637925654430,1623113637982117914
14,"build/tests/sizes/cube-645-bin.cgns","chck",1623113637900558828,1623113637982124313
14,"build/tests/sizes/cube-462-stl-bin.geo","scan",1623113637991359749,1623113638031928856
14,"build/tests/sizes/cube-462-stl-bin.geo","chck",1623113637982125393,1623113638031934975
14,"build/tests/sizes/cube-1842-geo.geo_unrolled","scan",1623113638046695196,1623113638047781233
14,"build/tests/sizes/cube-1842-geo.geo_unrolled","chck",1623113638031936531,1623113638047787267
14,"build/tests/sizes/cube-2143-bin.msh4","scan",1623113638067517331,1623113638087550067
14,"build/tests/sizes/cube-2143-bin.msh4","chck",1623113638047788597,1623113638087555676
14,"build/tests/sizes/cube-3633-geo.geo_unrolled","scan",1623113638088147754,1623113638089212980
14,"build/tests/sizes/cube-3633-geo.geo_unrolled","chck",1623113638087556778,1623113638089217874
14,"build/tests/sizes/cube-1031-bin.vtk","scan",1623113638108126896,1623113639833736307
14,"build/tests/sizes/cube-1031-bin.vtk","chck",1623113638089218994,1623113639833743746
14,"build/tests/sizes/cube-1800-asc.bdf","scan",1623113639835600969,1623113639966219466
14,"build/tests/sizes/cube-1800-asc.bdf","chck",1623113639833745145,1623113639966225588
14,"build/tests/sizes/cube-2541-geo.geo","scan",1623113639967682103,1623113639972831533
14,"build/tests/sizes/cube-2541-geo.geo","chck",1623113639966226711,1623113639972836301
14,"build/tests/sizes/cube-782-geo.geo","scan",1623113639995622853,1623113639996898924
14,"build/tests/sizes/cube-782-geo.geo","chck",1623113639972837309,1623113639996904565
14,"build/tests/sizes/cube-420-bin.vtk","scan",1623113640010635854,1623113641476482707
14,"build/tests/sizes/cube-420-bin.vtk","chck",1623113639996905577,1623113641476489305
14,"build/tests/sizes/cube-2283-bin.msh2","scan",1623113641477207846,1623113641479433621
14,"build/tests/sizes/cube-2283-bin.msh2","chck",1623113641476490644,1623113641479437796
14,"build/tests/sizes/cube-1616-bin.cgns","scan",1623113641496590895,1623113641677761379
14,"build/tests/sizes/cube-1616-bin.cgns","chck",1623113641479438658,1623113641677767597
14,"build/tests/sizes/cube-1332-asc.mesh","scan",1623113641699973204,1623113641723243533
14,"build/tests/sizes/cube-1332-asc.mesh","chck",1623113641677768710,1623113641723249605
14,"build/tests/sizes/cube-2822-bin.cgns","scan",1623113641728157732,1623113641752134682
14,"build/tests/sizes/cube-2822-bin.cgns","chck",1623113641723250836,1623113641752139661
14,"build/tests/sizes/cube-1386-asc.mesh","scan",1623113641773209448,1623113641915379788
14,"build/tests/sizes/cube-1386-asc.mesh","chck",1623113641752140807,1623113641915386096
14,"build/tests/sizes/cube-3457-bin.vtk","scan",1623113641916063904,1623113643479795464
14,"build/tests/sizes/cube-3457-bin.vtk","chck",1623113641915387384,1623113643479801736
14,"build/tests/sizes/cube-3480-geo.geo_unrolled","scan",1623113643480534416,1623113643481898661
14,"build/tests/sizes/cube-3480-geo.geo_unrolled","chck",1623113643479802839,1623113643481903411
14,"build/tests/sizes/cube-76-bin.msh4","scan",1623113643498657630,1623113643540642654
14,"build/tests/sizes/cube-76-bin.msh4","chck",1623113643481904299,1623113643540649033
14,"build/tests/sizes/cube-3116-geo.geo_unrolled","scan",1623113643541342442,1623113643542541130
14,"build/tests/sizes/cube-3116-geo.geo_unrolled","chck",1623113643540650177,1623113643542545330
14,"build/tests/sizes/cube-3781-asc.mesh","scan",1623113643557917780,1623113643708563351
14,"build/tests/sizes/cube-3781-asc.mesh","chck",1623113643542546373,1623113643708570364
14,"build/tests/sizes/cube-1148-asc.bdf","scan",1623113643730741295,1623113643754748830
14,"build/tests/sizes/cube-1148-asc.bdf","chck",1623113643708571591,1623113643754755408
14,"build/tests/sizes/cube-3865-geo.geo_unrolled","scan",1623113643755362356,1623113643756576893
14,"build/tests/sizes/cube-3865-geo.geo_unrolled","chck",1623113643754756643,1623113643756580561
14,"build/tests/sizes/cube-3736-bin.msh2","scan",1623113643766844484,1623113645148634344
14,"build/tests/sizes/cube-3736-bin.msh2","chck",1623113643756581484,1623113645148640703
14,"build/tests/sizes/cube-1583-bin.msh4","scan",1623113645156311207,1623113645185562125
14,"build/tests/sizes/cube-1583-bin.msh4","chck",1623113645148641829,1623113645185567382
14,"build/tests/sizes/cube-454-asc.bdf","scan",1623113645199283789,1623113655183752330
14,"build/tests/sizes/cube-454-asc.bdf","chck",1623113645185568427,1623113655183761645
14,"build/tests/sizes/cube-1825-stl-bin.geo","scan",1623113655206217404,1623113655207266044
14,"build/tests/sizes/cube-1825-stl-bin.geo","chck",1623113655183763236,1623113655207271127
14,"build/tests/sizes/cube-2891-bin.vtk","scan",1623113655211532199,1623113655211573488
14,"build/tests/sizes/cube-2891-bin.vtk","chck",1623113655207272130,1623113655211577099
14,"build/tests/sizes/cube-825-asc.bdf","scan",1623113655234399665,1623113655234439030
14,"build/tests/sizes/cube-825-asc.bdf","chck",1623113655211577934,1623113655234444309
14,"build/tests/sizes/cube-3841-stl-bin.geo","scan",1623113655252337262,1623113655252369407
14,"build/tests/sizes/cube-3841-stl-bin.geo","chck",1623113655234445358,1623113655252373853
14,"build/tests/sizes/cube-3377-bin.msh4","scan",1623113655256743848,1623113655256769709
14,"build/tests/sizes/cube-3377-bin.msh4","chck",1623113655252374677,1623113655256772744
14,"build/tests/sizes/cube-1009-stl-bin.geo","scan",1623113655282448859,1623113655282479643
14,"build/tests/sizes/cube-1009-stl-bin.geo","chck",1623113655256773533,1623113655282483697
14,"build/tests/sizes/cube-689-bin.vtk","scan",1623113655295714525,1623113655295743774
14,"build/tests/sizes/cube-689-bin.vtk","chck",1623113655282484625,1623113655295747632
14,"build/tests/sizes/cube-2249-asc.msh2","scan",1623113655315812462,1623113655315847062
14,"build/tests/sizes/cube-2249-asc.msh2","chck",1623113655295748538,1623113655316067229
14,"build/tests/sizes/cube-1968-geo.geo_unrolled","scan",1623113655320860331,1623113655320884175
14,"build/tests/sizes/cube-1968-geo.geo_unrolled","chck",1623113655316068671,1623113655320887479
14,"build/tests/sizes/cube-1413-asc.bdf","scan",1623113655325129377,1623113655325157037
14,"build/tests/sizes/cube-1413-asc.bdf","chck",1623113655320888233,1623113655325160244
14,"build/tests/sizes/cube-2006-geo.geo_unrolled","scan",1623113655329568285,1623113655329597227
14,"build/tests/sizes/cube-2006-geo.geo_unrolled","chck",1623113655325161302,1623113655329600610
14,"build/tests/sizes/cube-2964-bin.msh4","scan",1623113655333648543,1623113655333674895
14,"build/tests/sizes/cube-2964-bin.msh4","chck",1623113655329601440,1623113655333677833
14,"build/tests/sizes/cube-3507-bin.cgns","scan",1623113655448741758,1623113655569348840
14,"build/tests/sizes/cube-3507-bin.cgns","chck",1623113655333678591,1623113655569355348
14,"build/tests/sizes/cube-2047-bin.msh2","scan",1623113655570096251,1623113655570127053
14,"build/tests/sizes/cube-2047-bin.msh2","chck",1623113655569356473,1623113655570131144
14,"build/tests/sizes/cube-3819-bin.msh4","scan",1623113655571232766,1623113655571255772
14,"build/tests/sizes/cube-3819-bin.msh4","chck",1623113655570132048,1623113655571258880
14,"build/tests/sizes/cube-414-asc.mesh","scan",1623113655583093069,1623113655583116406
14,"build/tests/sizes/cube-414-asc.mesh","chck",1623113655571259656,1623113655583120005
14,"build/tests/sizes/cube-2506-asc.mesh","scan",1623113655584284578,1623113655584300746
14,"build/tests/sizes/cube-2506-asc.mesh","chck",1623113655583120880,1623113655584303391
14,"build/tests/sizes/cube-3239-bin.msh2","scan",1623113655584796804,1623113655584810891
14,"build/tests/sizes/cube-3239-bin.msh2","chck",1623113655584304167,1623113655584812999
14,"build/tests/sizes/cube-1065-geo.geo","scan",1623113655585798014,1623113655585810878
14,"build/tests/sizes/cube-1065-geo.geo","chck",1623113655584813750,1623113655585813353
14,"build/tests/sizes/cube-2749-bin.msh2","scan",1623113655586316628,1623113655586330738
14,"build/tests/sizes/cube-2749-bin.msh2","chck",1623113655585814017,1623113655586332931
14,"build/tests/sizes/cube-1440-asc.mesh","scan",1623113655613167348,1623113655613183119
14,"build/tests/sizes/cube-1440-asc.mesh","chck",1623113655586333675,1623113655613185319
14,"build/tests/sizes/cube-448-bin.cgns","scan",1623113655617836507,1623113655637975843
14,"build/tests/sizes/cube-448-bin.cgns","chck",1623113655613186017,1623113655637978864
14,"build/tests/sizes/cube-2221-bin.cgns","scan",1623113655659868691,1623113655720723115
14,"build/tests/sizes/cube-2221-bin.cgns","chck",1623113655637979732,1623113655720727768
14,"build/tests/sizes/cube-518-bin.msh2","scan",1623113655732709027,1623113655732739804
14,"build/tests/sizes/cube-518-bin.msh2","chck",1623113655720728733,1623113655732743674
14,"build/tests/sizes/cube-2088-bin.msh4","scan",1623113655733259138,1623113655733274889
14,"build/tests/sizes/cube-2088-bin.msh4","chck",1623113655732744569,1623113655733277180
14,"build/tests/sizes/cube-881-stl-bin.geo","scan",1623113655739172783,1623113655739190302
14,"build/tests/sizes/cube-881-stl-bin.geo","chck",1623113655733277896,1623113655739193132
14,"build/tests/sizes/cube-1334-bin.msh2","scan",1623113655755919745,1623113655755936819
14,"build/tests/sizes/cube-1334-bin.msh2","chck",1623113655739193942,1623113655755942620
14,"build/tests/sizes/cube-1837-geo.geo_unrolled","scan",1623113655756459334,1623113655756472354
14,"build/tests/sizes/cube-1837-geo.geo_unrolled","chck",1623113655755943385,1623113655756474320
14,"build/tests/sizes/cube-1083-bin.msh4","scan",1623113655768076758,1623113655768127356
14,"build/tests/sizes/cube-1083-bin.msh4","chck",1623113655756475110,1623113655768134155
14,"build/tests/sizes/cube-822-geo.geo","scan",1623113655787157065,1623113655787172843
14,"build/tests/sizes/cube-822-geo.geo","chck",1623113655768136410,1623113655787175459
14,"cube-3781-asc","prep",1623113655788312304,1623113655788794085
14,"cube-3781-asc","zzzz",1623113655788797968,1623113658043095224,6236,56401,169203
14,"cube-3781-asc","post",1623113658043107543,1623113658046482556
14,"cube-3480-geo","mesh",1623113658046534965,1623113658046623177
14,"cube-3480-geo","prep",1623113658047456459,1623113658047458069
14,"cube-3480-geo","zzzz",1623113658047460079,1623113658047516216,0,0,0
14,"cube-3480-geo","post",1623113658047517497,1623113658047644896
14,"cube-3865-geo","mesh",1623113658047651782,1623113658047675616
14,"cube-3865-geo","prep",1623113658048304350,1623113658048304965
14,"cube-3865-geo","zzzz",1623113658048305968,1623113658048360225,0,0,0
14,"cube-3865-geo","post",1623113658048361307,1623113658048496907
14,"cube-76-bin","prep",1623113658048503401,1623113658060996117
14,"cube-76-bin","zzzz",1623113658061001828,1623113659460506407,27277,40623,121869
14,"cube-76-bin","post",1623113659460520481,1623113659463146392
14,"cube-3457-bin","prep",1623113659463372754,1623113660168674121
14,"cube-3457-bin","zzzz",1623113660168683862,1623113895104456460,998082,1365169,4095507
14,"cube-3457-bin","post",1623113895104471029,1623113895189854233
14,"cube-2283-bin","prep",1623113895190421319,1623113895190644253
14,"cube-2283-bin","zzzz",1623113895190647117,1623113895195954540,364,745,2235
14,"cube-2283-bin","post",1623113895195956036,1623113895196019099
14,"cube-782-geo","mesh",1623113895196029213,1623113895196074374
14,"cube-782-geo","prep",1623113895196871739,1623113895196872407
14,"cube-782-geo","zzzz",1623113895196873542,1623113895196928009,0,0,0
14,"cube-782-geo","post",1623113895196929120,1623113895197022455
14,"cube-1031-bin","prep",1623113895197028238,1623113895824548216
14,"cube-1031-bin","zzzz",1623113895824555943,1623114109912669250,930580,1273268,3819804
14,"cube-1031-bin","post",1623114109912689984,1623114109997820922
14,"cube-3633-geo","mesh",1623114109998146993,1623114110000324198
14,"cube-3633-geo","prep",1623114110001137878,1623114110001139280
14,"cube-3633-geo","zzzz",1623114110001140643,1623114110001196435,0,0,0
14,"cube-3633-geo","post",1623114110001197954,1623114110001276034
14,"cube-2143-bin","prep",1623114110001282823,1623114110001455199
14,"cube-2143-bin","zzzz",1623114110001456156,1623114110004343283,208,463,1389
14,"cube-2143-bin","post",1623114110004348309,1623114110004469721
14,"cube-462-stl-bin","mesh",1623114110004482989,1623114110004669172
14,"cube-462-stl-bin","prep",1623114110005352947,1623114110005415538
14,"cube-462-stl-bin","zzzz",1623114110005416836,1623114110061917712,0,4340,13020
14,"cube-462-stl-bin","post",1623114110061936843,1623114110062177805
14,"cube-1332-asc","prep",1623114110062189096,1623114110062376949
14,"cube-1332-asc","zzzz",1623114110062378270,1623114110078590942,414,1725,5175
14,"cube-1332-asc","post",1623114110078601317,1623114110078895583
14,"cube-940-bin","prep",1623114110078923332,1623114110079079000
14,"cube-940-bin","zzzz",1623114110079080374,1623114110081056372,154,341,1023
14,"cube-940-bin","post",1623114110081061320,1623114110081165361
14,"cube-1132-asc","prep",1623114110081178110,1623114110284099058
14,"cube-1132-asc","zzzz",1623114110284107283,1623114154089730231,302988,423897,1271691
14,"cube-1132-asc","post",1623114154089747179,1623114154140134176
14,"cube-3226-geo","mesh",1623114154140186943,1623114154144952341
14,"cube-3226-geo","prep",1623114154154215406,1623114154154217596
14,"cube-3226-geo","zzzz",1623114154154220694,1623114154154278036,0,0,0
14,"cube-3226-geo","post",1623114154154280110,1623114154154389078
14,"cube-1552-asc","prep",1623114154154397579,1623114154162135502
14,"cube-1552-asc","zzzz",1623114154162139591,1623114154446322412,8460,13439,40317
14,"cube-1552-asc","post",1623114154446333140,1623114154448135275
14,"cube-3485-bin","prep",1623114154448292343,1623114156141266383
14,"cube-3485-bin","zzzz",1623114156141274677,1623114764305117101,2055572,2786059,8358177
14,"cube-3485-bin","post",1623114764305134453,1623114764601482815
14,"cube-996-asc","prep",1623114764602230863,1623114764610468400
14,"cube-996-asc","zzzz",1623114764610937580,1623114764614169938,168,511,1533
14,"cube-996-asc","post",1623114764614177141,1623114764614485770
14,"cube-450-geo","mesh",1623114764614533068,1623114764617330271
14,"cube-450-geo","prep",1623114764659473884,1623114764659475120
14,"cube-450-geo","zzzz",1623114764659478590,1623114764659535998,0,0,0
14,"cube-450-geo","post",1623114764659537683,1623114764659616547
14,"cube-2541-geo","mesh",1623114764659625925,1623114764660229238
14,"cube-2541-geo","prep",1623114764660993925,1623114764660994899
14,"cube-2541-geo","zzzz",1623114764660996189,1623114764661051850,0,0,0
14,"cube-2541-geo","post",1623114764661053150,1623114764661140905
14,"cube-2843-stl-bin","mesh",1623114764661150054,1623114764662418248
14,"cube-2843-stl-bin","prep",1623114764663162263,1623114764663457951
14,"cube-2843-stl-bin","zzzz",1623114764663459694,1623114765939628162,0,38084,114252
14,"cube-2843-stl-bin","post",1623114765939644085,1623114765941634627
14,"cube-1386-asc","prep",1623114765941648200,1623114765942657184
14,"cube-1386-asc","zzzz",1623114765942658867,1623114768087985841,5898,54553,163659
14,"cube-1386-asc","post",1623114768088000790,1623114768092003256
14,"cube-2185-geo","mesh",1623114768092041885,1623114768092120278
14,"cube-2185-geo","prep",1623114768092999001,1623114768093000320
14,"cube-2185-geo","zzzz",1623114768093001631,1623114768093067753,0,0,0
14,"cube-2185-geo","post",1623114768093072184,1623114768093284032
14,"cube-3116-geo","mesh",1623114768093304407,1623114768093433996
14,"cube-3116-geo","prep",1623114768094624306,1623114768094624922
14,"cube-3116-geo","zzzz",1623114768094626007,1623114768094680978,0,0,0
14,"cube-3116-geo","post",1623114768094682144,1623114768094786707
14,"cube-1853-bin","prep",1623114768094792274,1623114768124464163
14,"cube-1853-bin","zzzz",1623114768124467614,1623114769270495939,23740,35388,106164
14,"cube-1853-bin","post",1623114769270509932,1623114769279604079
14,"cube-1045-asc","prep",1623114769279646062,1623114769281741667
14,"cube-1045-asc","zzzz",1623114769281744454,1623114769398125708,1352,7205,21615
14,"cube-1045-asc","post",1623114769398136511,1623114769399299385
14,"cube-1148-asc","prep",1623114769399316169,1623114769400785090
14,"cube-1148-asc","zzzz",1623114769400787077,1623114769405940814,345,722,2166
14,"cube-1148-asc","post",1623114769405951090,1623114769406199344
14,"cube-1067-asc","prep",1623114769406233822,1623114769456804544
14,"cube-1067-asc","zzzz",1623114769456810794,1623114774968962511,71841,104184,312552
14,"cube-1067-asc","post",1623114774968978041,1623114774988070601
14,"cube-420-bin","prep",1623114774988116449,1623114775550355483
14,"cube-420-bin","zzzz",1623114775550362857,1623114964054462801,844946,1157358,3472074
14,"cube-420-bin","post",1623114964054473805,1623114964126585906
14,"cube-1398-asc","prep",1623114964127079949,1623114964129149461
14,"cube-1398-asc","zzzz",1623114964129153077,1623114964134734355,372,775,2325
14,"cube-1398-asc","post",1623114964134735926,1623114964134878179
14,"cube-3544-asc","prep",1623114964134891749,1623114964135716204
14,"cube-3544-asc","zzzz",1623114964135718853,1623114964151863866,969,1722,5166
14,"cube-3544-asc","post",1623114964151879618,1623114964152690273
14,"cube-3205-asc","prep",1623114964152706635,1623114964153584875
14,"cube-3205-asc","zzzz",1623114964153586449,1623114964717246601,3114,21660,64980
14,"cube-3205-asc","post",1623114964717258600,1623114964720998526
14,"cube-778-asc","prep",1623114964721321688,1623114964727919604
14,"cube-778-asc","zzzz",1623114964727923001,1623114964958413641,7338,11614,34842
14,"cube-778-asc","post",1623114964958425082,1623114964961326477
14,"cube-928-bin","prep",1623114964961369904,1623114965588467099
14,"cube-928-bin","zzzz",1623114965588475925,1623115154944901600,847879,1161257,3483771
14,"cube-928-bin","post",1623115154944917899,1623115155061410724
14,"cube-2221-bin.cgns","prep",1623115155061456691,1623115155101215271
14,"cube-2221-bin.cgns","zzzz",1623115155101220140,1623115155112036559,664,1275,3825
14,"cube-2221-bin.cgns","post",1623115155112040761,1623115155112140647
14,"cube-454-asc","prep",1623115155112189262,1623115155112191227
14,"cube-454-asc","zzzz",1623115155112193444,1623115155112249605,0,0,0
14,"cube-454-asc","post",1623115155112250754,1623115155112290325
14,"cube-1583-bin","prep",1623115155112294022,1623115155121492253
14,"cube-1583-bin","zzzz",1623115155121495737,1623115155366554256,7610,12121,36363
14,"cube-1583-bin","post",1623115155366564670,1623115155367599224
14,"cube-633-bin.cgns","prep",1623115155367698530,1623115155371423932
14,"cube-633-bin.cgns","zzzz",1623115155371426717,1623115155373521478,171,358,1074
14,"cube-633-bin.cgns","post",1623115155373531811,1623115155373571603
14,"cube-750-bin","prep",1623115155373595103,1623115155374229314
14,"cube-750-bin","zzzz",1623115155374231331,1623115155390495899,976,1730,5190
14,"cube-750-bin","post",1623115155390506210,1623115155390797783
14,"cube-318-asc","prep",1623115155390902695,1623115155391692783
14,"cube-318-asc","zzzz",1623115155391694565,1623115155422291062,1537,2786,8358
14,"cube-318-asc","post",1623115155422301307,1623115155422740714
14,"cube-3321-bin.cgns","prep",1623115155422905955,1623115155468760812
14,"cube-3321-bin.cgns","zzzz",1623115155468767692,1623115177107963932,187570,263836,791508
14,"cube-3321-bin.cgns","post",1623115177107973677,1623115177108013514
14,"cube-1800-asc","prep",1623115177108057418,1623115177115927529
14,"cube-1800-asc","zzzz",1623115177115930805,1623115177818526440,16543,25205,75615
14,"cube-1800-asc","post",1623115177818531499,1623115177819853233
14,"cube-2822-bin.cgns","prep",1623115177819876205,1623115177865216241
14,"cube-2822-bin.cgns","zzzz",1623115177865223129,1623115199415866093,186743,263092,789276
14,"cube-2822-bin.cgns","post",1623115199415880878,1623115199415935240
14,"cube-1053-bin.cgns","prep",1623115199415978504,1623115199433703919
14,"cube-1053-bin.cgns","zzzz",1623115199433712624,1623115199466765853,1636,2953,8859
14,"cube-1053-bin.cgns","post",1623115199466776052,1623115199466817018
14,"cube-3943-geo","mesh",1623115199466850324,1623115199466909150
14,"cube-3943-geo","prep",1623115199467802458,1623115199467803369
14,"cube-3943-geo","zzzz",1623115199467804841,1623115199467862068,0,0,0
14,"cube-3943-geo","post",1623115199467863422,1623115199467951288
14,"cube-3736-bin","prep",1623115199467958410,1623115199643977222
14,"cube-3736-bin","zzzz",1623115199643985578,1623115242735688113,299725,419257,1257771
14,"cube-3736-bin","post",1623115242735704798,1623115242762021304
14,"cube-645-bin.cgns","prep",1623115242762065635,1623115242762548212
14,"cube-645-bin.cgns","zzzz",1623115242762551124,1623115242765814278,242,507,1521
14,"cube-645-bin.cgns","post",1623115242765824823,1623115242765882591
14,"cube-146-asc","prep",1623115242765903583,1623115243988371298
14,"cube-146-asc","zzzz",1623115243988380151,1623115693045239677,1632102,2219243,6657729
14,"cube-146-asc","post",1623115693045249730,1623115693313221893
14,"cube-323-bin.cgns","prep",1623115693313263926,1623115693348331111
14,"cube-323-bin.cgns","zzzz",1623115693348336538,1623115693378650123,1525,2767,8301
14,"cube-323-bin.cgns","post",1623115693378655663,1623115693378699132
14,"cube-2723-stl-bin","mesh",1623115693378736222,1623115693388065274
14,"cube-2723-stl-bin","prep",1623115693388952003,1623115693389734641
14,"cube-2723-stl-bin","zzzz",1623115693389736634,1623115705384458767,0,176940,530820
14,"cube-2723-stl-bin","post",1623115705384474013,1623115705393983692
14,"cube-210-bin.cgns","prep",1623115705394010133,1623115705439818849
14,"cube-210-bin.cgns","zzzz",1623115705439824426,1623115705473421819,1662,2989,8967
14,"cube-210-bin.cgns","post",1623115705473432184,1623115705473490593
14,"cube-817-bin","prep",1623115705473548029,1623115705508420935
14,"cube-817-bin","zzzz",1623115705508425469,1623115708465750499,46120,67952,203856
14,"cube-817-bin","post",1623115708465761002,1623115708473815232
14,"cube-1149-bin.cgns","prep",1623115708473854948,1623115709175711250
14,"cube-1149-bin.cgns","zzzz",1623115709175721067,1623116242824498334,1862435,2525927,7577781
14,"cube-1149-bin.cgns","post",1623116242824508706,1623116242824548513
14,"cube-2850-bin","prep",1623116242825603112,1623116242827954211
14,"cube-2850-bin","zzzz",1623116242827957463,1623116242927170617,3898,6444,19332
14,"cube-2850-bin","post",1623116242927179119,1623116242928175681
14,"cube-486-bin.cgns","prep",1623116242928215773,1623116242928819152
14,"cube-486-bin.cgns","zzzz",1623116242928821682,1623116242932097554,249,516,1548
14,"cube-486-bin.cgns","post",1623116242932098838,1623116242932126592
14,"cube-3578-bin.cgns","prep",1623116242932148046,1623116242944039063
14,"cube-3578-bin.cgns","zzzz",1623116242944042804,1623116242967707397,1246,2297,6891
14,"cube-3578-bin.cgns","post",1623116242967721678,1623116242967741458
14,"cube-2953-asc","prep",1623116242967768952,1623116242970262959
14,"cube-2953-asc","zzzz",1623116242970265236,1623116243048761280,3293,5468,16404
14,"cube-2953-asc","post",1623116243048777692,1623116243049927413
14,"cube-2216-bin.cgns","prep",1623116243052128689,1623116243056638753
14,"cube-2216-bin.cgns","zzzz",1623116243056642175,1623116245339455171,38511,56911,170733
14,"cube-2216-bin.cgns","post",1623116245339470637,1623116245339535331
14,"cube-2312-stl-bin","mesh",1623116245339607715,1623116245339743423
14,"cube-2312-stl-bin","prep",1623116245340634165,1623116245340648095
14,"cube-2312-stl-bin","zzzz",1623116245340649966,1623116245350909223,0,1220,3660
14,"cube-2312-stl-bin","post",1623116245350920019,1623116245351096303
14,"cube-3906-asc","prep",1623116245351108825,1623116245351575620
14,"cube-3906-asc","zzzz",1623116245351577514,1623116245356418349,333,688,2064
14,"cube-3906-asc","post",1623116245356428665,1623116245356642419
14,"cube-1230-asc","prep",1623116245356657766,1623116245356857630
14,"cube-1230-asc","zzzz",1623116245356858942,1623116245362554411,256,779,2337
14,"cube-1230-asc","post",1623116245362564854,1623116245362745564
14,"cube-3507-bin.cgns","prep",1623116245362780042,1623116245408743745
14,"cube-3507-bin.cgns","zzzz",1623116245408747423,1623116247379002494,34783,51425,154275
14,"cube-3507-bin.cgns","post",1623116247379017469,1623116247379079760
14,"cube-3752-bin.cgns","prep",1623116247379158425,1623116247561941611
14,"cube-3752-bin.cgns","zzzz",1623116247561949934,1623116300221305051,344569,479484,1438452
14,"cube-3752-bin.cgns","post",1623116300221319015,1623116300221384249
14,"cube-3437-geo","mesh",1623116300221455004,1623116300221583344
14,"cube-3437-geo","prep",1623116300222616781,1623116300222618552
14,"cube-3437-geo","zzzz",1623116300222620643,1623116300222677604,0,0,0
14,"cube-3437-geo","post",1623116300222679169,1623116300222809691
14,"cube-506-bin","prep",1623116300222818248,1623116300284770675
14,"cube-506-bin","zzzz",1623116300284776131,1623116308697647948,97126,139048,417144
14,"cube-506-bin","post",1623116308697662282,1623116308713848151
14,"cube-3972-geo","mesh",1623116308713912083,1623116308714712904
14,"cube-3972-geo","prep",1623116308715603769,1623116308715605293
14,"cube-3972-geo","zzzz",1623116308715606839,1623116308715663365,0,0,0
14,"cube-3972-geo","post",1623116308715664993,1623116308715747454
14,"cube-2688-bin.cgns","prep",1623116308715754438,1623116308716249501
14,"cube-2688-bin.cgns","zzzz",1623116308716252041,1623116308719203543,214,469,1407
14,"cube-2688-bin.cgns","post",1623116308719214004,1623116308719266961
14,"cube-1861-asc","prep",1623116308719314448,1623116308764112737
14,"cube-1861-asc","zzzz",1623116308764116124,1623116312979734988,59597,86734,260202
14,"cube-1861-asc","post",1623116312979749529,1623116313002766290
14,"cube-448-bin.cgns","prep",1623116313002814366,1623116313010847903
14,"cube-448-bin.cgns","zzzz",1623116313010852205,1623116313012803232,151,338,1014
14,"cube-448-bin.cgns","post",1623116313012813511,1623116313012883954
14,"cube-2299-geo","mesh",1623116313012936886,1623116313013058890
14,"cube-2299-geo","prep",1623116313014024134,1623116313014025106
14,"cube-2299-geo","zzzz",1623116313014026654,1623116313014082609,0,0,0
14,"cube-2299-geo","post",1623116313014083978,1623116313014168039
14,"cube-1097-geo","mesh",1623116313014175648,1623116313014212329
14,"cube-1097-geo","prep",1623116313014961735,1623116313014962360
14,"cube-1097-geo","zzzz",1623116313014963579,1623116313015018556,0,0,0
14,"cube-1097-geo","post",1623116313015019835,1623116313015096411
14,"cube-2756-geo","mesh",1623116313015102631,1623116313015138556
14,"cube-2756-geo","prep",1623116313015854406,1623116313015854811
14,"cube-2756-geo","zzzz",1623116313015855914,1623116313015910831,0,0,0
14,"cube-2756-geo","post",1623116313015911977,1623116313016019197
14,"cube-2157-asc","prep",1623116313016024616,1623116313017913786
14,"cube-2157-asc","zzzz",1623116313017915454,1623116315474140997,6416,59863,179589
14,"cube-2157-asc","post",1623116315474156919,1623116315513734968
14,"cube-3377-geo","mesh",1623116315513788059,1623116315513857346
14,"cube-3377-geo","prep",1623116315514744698,1623116315514746120
14,"cube-3377-geo","zzzz",1623116315514747710,1623116315514804307,0,0,0
14,"cube-3377-geo","post",1623116315514805902,1623116315514883890
14,"cube-1616-bin.cgns","prep",1623116315514890337,1623116315840976570
14,"cube-1616-bin.cgns","zzzz",1623116315840984738,1623116456970493228,679474,931516,2794548
14,"cube-1616-bin.cgns","post",1623116456970508539,1623116456970567734
14,"cube-3253-geo","mesh",1623116456970636891,1623116456970768434
14,"cube-3253-geo","prep",1623116456971891756,1623116456971893410
14,"cube-3253-geo","zzzz",1623116456971895862,1623116456971953070,0,0,0
14,"cube-3253-geo","post",1623116456971954658,1623116456972061672
14,"cube-3221-stl-bin","mesh",1623116456972070690,1623116456986236007
14,"cube-3221-stl-bin","prep",1623116456987050784,1623116456987125317
14,"cube-3221-stl-bin","zzzz",1623116456987126686,1623116483684671494,0,303964,911892
14,"cube-3221-stl-bin","post",1623116483684685503,1623116483744546367
14,"cube-1842-geo","mesh",1623116483744576242,1623116483746470550
14,"cube-1842-geo","prep",1623116483747353142,1623116483747354600
14,"cube-1842-geo","zzzz",1623116483747356018,1623116483747412715,0,0,0
14,"cube-1842-geo","post",1623116483747414412,1623116483747490370
14,"cube-2888-geo","mesh",1623116483747497821,1623116483753522043
14,"cube-2888-geo","prep",1623116483754362563,1623116483754363374
14,"cube-2888-geo","zzzz",1623116483754364776,1623116483754420540,0,0,0
14,"cube-2888-geo","post",1623116483754421810,1623116483754595925
14,"cube-342-stl-bin","mesh",1623116483754604016,1623116483755605738
14,"cube-342-stl-bin","prep",1623116483756419020,1623116483757244270
14,"cube-342-stl-bin","zzzz",1623116483757246534,1623116484296793977,0,20996,62988
14,"cube-342-stl-bin","post",1623116484296804640,1623116484300893792
14,"cube-2318-bin","prep",1623116484300906522,1623116484348823154
14,"cube-2318-bin","zzzz",1623116484348829347,1623116489388453401,67565,98023,294069
14,"cube-2318-bin","post",1623116489388468230,1623116489395185099
14,"cube-3815-asc","prep",1623116489395578113,1623116489398365532
14,"cube-3815-asc","zzzz",1623116489398367953,1623116489408572107,622,1216,3648
14,"cube-3815-asc","post",1623116489408577238,1623116489408721794
14,"cube-317-asc","prep",1623116489408738208,1623116490572507283
14,"cube-317-asc","zzzz",1623116490572513946,1623116915918062996,1565855,2130735,6392205
14,"cube-317-asc","post",1623116915918078383,1623116916120816534
14,"cube-3411-geo","mesh",1623116916120860389,1623116916123227401
14,"cube-3411-geo","prep",1623116916124093890,1623116916124095539
14,"cube-3411-geo","zzzz",1623116916124097956,1623116916124154968,0,0,0
14,"cube-3411-geo","post",1623116916124156714,1623116916124245796
14,"cube-2245-stl-bin","mesh",1623116916124254105,1623116916125980724
14,"cube-2245-stl-bin","prep",1623116916126820965,1623116916127074758
14,"cube-2245-stl-bin","zzzz",1623116916127076285,1623116917529774236,0,40668,122004
14,"cube-2245-stl-bin","post",1623116917529784896,1623116917533630462
14,"cube-3287-bin","prep",1623116917533643024,1623116917534476145
14,"cube-3287-bin","zzzz",1623116917534478245,1623116917537755708,244,509,1527
14,"cube-3287-bin","post",1623116917537766034,1623116917537940438
14,"cube-1565-bin","prep",1623116917537975181,1623116917542886127
14,"cube-1565-bin","zzzz",1623116917542888705,1623116917806961216,8069,12769,38307
14,"cube-1565-bin","post",1623116917807306654,1623116917809210060
14,"Proc","exit_task",1623113578265290689,1623116917838211099,3477480
