10,"build/tests/sizes/cube-3066-asc.mesh","scan",1623113600482711145,1623113600488676058
10,"build/tests/sizes/cube-3066-asc.mesh","chck",1623113600480317488,1623113600488789706
10,"build/tests/sizes/cube-2065-bin.vtk","scan",1623113600489487144,1623113600493074130
10,"build/tests/sizes/cube-2065-bin.vtk","chck",1623113600488791311,1623113600493077599
10,"build/tests/sizes/cube-2581-bin.msh2","scan",1623113600503327571,1623113600537860105
10,"build/tests/sizes/cube-2581-bin.msh2","chck",1623113600493078403,1623113600537865119
10,"build/tests/sizes/cube-1439-asc.msh2","scan",1623113600538923121,1623113603851666035
10,"build/tests/sizes/cube-1439-asc.msh2","chck",1623113600537866123,1623113603851688869
10,"build/tests/sizes/cube-2982-geo.geo_unrolled","scan",1623113603871800869,1623113603873469918
10,"build/tests/sizes/cube-2982-geo.geo_unrolled","chck",1623113603851690095,1623113603873476774
10,"build/tests/sizes/cube-800-geo.geo_unrolled","scan",1623113603887205749,1623113603888320904
10,"build/tests/sizes/cube-800-geo.geo_unrolled","chck",1623113603873477893,1623113603888326195
10,"build/tests/sizes/cube-2917-stl-bin.geo","scan",1623113603902451390,1623113604569094138
10,"build/tests/sizes/cube-2917-stl-bin.geo","chck",1623113603888327233,1623113604569101954
10,"build/tests/sizes/cube-1813-stl-bin.geo","scan",1623113604572244159,1623113605369540905
10,"build/tests/sizes/cube-1813-stl-bin.geo","chck",1623113604569103149,1623113605369549014
10,"build/tests/sizes/cube-3830-bin.cgns","scan",1623113605384523738,1623113605404021398
10,"build/tests/sizes/cube-3830-bin.cgns","chck",1623113605369550416,1623113605404027599
10,"build/tests/sizes/cube-823-asc.msh2","scan",1623113605421723131,1623113605433973331
10,"build/tests/sizes/cube-823-asc.msh2","chck",1623113605404028770,1623113605433980345
10,"build/tests/sizes/cube-1219-bin.msh4","scan",1623113605445121560,1623113605503071653
10,"build/tests/sizes/cube-1219-bin.msh4","chck",1623113605433981571,1623113605503077810
10,"build/tests/sizes/cube-2987-asc.msh2","scan",1623113605504177790,1623113605508134416
10,"build/tests/sizes/cube-2987-asc.msh2","chck",1623113605503078961,1623113605508139355
10,"build/tests/sizes/cube-2943-bin.msh4","scan",1623113605522413549,1623113605654321317
10,"build/tests/sizes/cube-2943-bin.msh4","chck",1623113605508140510,1623113605654328003
10,"build/tests/sizes/cube-3858-stl-bin.geo","scan",1623113605654998280,1623113606087192823
10,"build/tests/sizes/cube-3858-stl-bin.geo","chck",1623113605654329370,1623113606087200055
10,"build/tests/sizes/cube-877-stl-bin.geo","scan",1623113606097266067,1623113606116697451
10,"build/tests/sizes/cube-877-stl-bin.geo","chck",1623113606087201604,1623113606116703875
10,"build/tests/sizes/cube-481-asc.bdf","scan",1623113606125197393,1623113606379568740
10,"build/tests/sizes/cube-481-asc.bdf","chck",1623113606116705143,1623113606379576115
10,"build/tests/sizes/cube-3983-geo.geo_unrolled","scan",1623113606380373833,1623113606388470576
10,"build/tests/sizes/cube-3983-geo.geo_unrolled","chck",1623113606379577649,1623113606388476627
10,"build/tests/sizes/cube-3545-geo.geo","scan",1623113606410775279,1623113606412314281
10,"build/tests/sizes/cube-3545-geo.geo","chck",1623113606388477614,1623113606412320915
10,"build/tests/sizes/cube-3935-geo.geo","scan",1623113606412889616,1623113606414103599
10,"build/tests/sizes/cube-3935-geo.geo","chck",1623113606412322235,1623113606414108319
10,"build/tests/sizes/cube-398-geo.geo_unrolled","scan",1623113606418046941,1623113606419052229
10,"build/tests/sizes/cube-398-geo.geo_unrolled","chck",1623113606414109310,1623113606419056234
10,"build/tests/sizes/cube-742-stl-bin.geo","scan",1623113606436888878,1623113606463170293
10,"build/tests/sizes/cube-742-stl-bin.geo","chck",1623113606419057136,1623113606463177816
10,"build/tests/sizes/cube-2727-bin.msh4","scan",1623113606463734767,1623113606465489258
10,"build/tests/sizes/cube-2727-bin.msh4","chck",1623113606463179195,1623113606465493032
10,"build/tests/sizes/cube-250-geo.geo_unrolled","scan",1623113606477807931,1623113606478917198
10,"build/tests/sizes/cube-250-geo.geo_unrolled","chck",1623113606465494011,1623113606478923138
10,"build/tests/sizes/cube-1593-bin.msh2","scan",1623113606479999429,1623113607008809675
10,"build/tests/sizes/cube-1593-bin.msh2","chck",1623113606478927367,1623113607008816450
10,"build/tests/sizes/cube-627-geo.geo","scan",1623113607010679142,1623113607012419272
10,"build/tests/sizes/cube-627-geo.geo","chck",1623113607008817767,1623113607012425596
10,"build/tests/sizes/cube-2820-bin.msh2","scan",1623113607012976482,1623113607016892642
10,"build/tests/sizes/cube-2820-bin.msh2","chck",1623113607012426859,1623113607016897657
10,"build/tests/sizes/cube-744-bin.msh2","scan",1623113607028338613,1623113607120135381
10,"build/tests/sizes/cube-744-bin.msh2","chck",1623113607016898573,1623113607120151991
10,"build/tests/sizes/cube-3413-geo.geo","scan",1623113607134884823,1623113607136678870
10,"build/tests/sizes/cube-3413-geo.geo","chck",1623113607120153186,1623113607136685334
10,"build/tests/sizes/cube-401-geo.geo","scan",1623113607148908507,1623113607150632991
10,"build/tests/sizes/cube-401-geo.geo","chck",1623113607136686665,1623113607150639040
10,"build/tests/sizes/cube-3167-asc.mesh","scan",1623113607151226766,1623113607153457306
10,"build/tests/sizes/cube-3167-asc.mesh","chck",1623113607150640162,1623113607153462146
10,"build/tests/sizes/cube-3782-asc.mesh","scan",1623113607167508979,1623113607506491444
10,"build/tests/sizes/cube-3782-asc.mesh","chck",1623113607153463094,1623113607506497955
10,"build/tests/sizes/cube-1940-bin.cgns","scan",1623113607510958758,1623113607535832913
10,"build/tests/sizes/cube-1940-bin.cgns","chck",1623113607506499087,1623113607535846885
10,"build/tests/sizes/cube-1810-asc.bdf","scan",1623113607548446063,1623113607837198029
10,"build/tests/sizes/cube-1810-asc.bdf","chck",1623113607535848153,1623113607837205117
10,"build/tests/sizes/cube-3419-asc.bdf","scan",1623113607853577508,1623113607925096660
10,"build/tests/sizes/cube-3419-asc.bdf","chck",1623113607837206147,1623113607925101764
10,"build/tests/sizes/cube-2705-geo.geo","scan",1623113607925640957,1623113607927649112
10,"build/tests/sizes/cube-2705-geo.geo","chck",1623113607925102705,1623113607927653332
10,"build/tests/sizes/cube-3161-geo.geo","scan",1623113607928556439,1623113607929784076
10,"build/tests/sizes/cube-3161-geo.geo","chck",1623113607927654271,1623113607929788071
10,"build/tests/sizes/cube-3632-asc.bdf","scan",1623113607942160626,1623113607976142380
10,"build/tests/sizes/cube-3632-asc.bdf","chck",1623113607929789058,1623113607976148371
10,"build/tests/sizes/cube-369-bin.msh4","scan",1623113607985508266,1623113608004649360
10,"build/tests/sizes/cube-369-bin.msh4","chck",1623113607976149570,1623113608004655053
10,"build/tests/sizes/cube-3305-asc.bdf","scan",1623113608005219819,1623113614405892064
10,"build/tests/sizes/cube-3305-asc.bdf","chck",1623113608004656177,1623113614405914786
10,"build/tests/sizes/cube-1383-bin.msh4","scan",1623113614417964045,1623113614645639361
10,"build/tests/sizes/cube-1383-bin.msh4","chck",1623113614405916229,1623113614645645563
10,"build/tests/sizes/cube-3798-asc.msh2","scan",1623113614646706980,1623113614682914419
10,"build/tests/sizes/cube-3798-asc.msh2","chck",1623113614645646703,1623113614682921131
10,"build/tests/sizes/cube-1603-geo.geo_unrolled","scan",1623113614683788174,1623113614684854123
10,"build/tests/sizes/cube-1603-geo.geo_unrolled","chck",1623113614682922733,1623113614684858330
10,"build/tests/sizes/cube-3599-stl-bin.geo","scan",1623113614685381754,1623113614688105960
10,"build/tests/sizes/cube-3599-stl-bin.geo","chck",1623113614684859358,1623113614688109565
10,"build/tests/sizes/cube-755-geo.geo","scan",1623113614725771028,1623113614727030314
10,"build/tests/sizes/cube-755-geo.geo","chck",1623113614688110477,1623113614727035916
10,"build/tests/sizes/cube-1467-bin.msh2","scan",1623113614730791833,1623113614973377735
10,"build/tests/sizes/cube-1467-bin.msh2","chck",1623113614727036922,1623113614973384062
10,"build/tests/sizes/cube-1866-geo.geo_unrolled","scan",1623113614974561275,1623113614975669374
10,"build/tests/sizes/cube-1866-geo.geo_unrolled","chck",1623113614973385242,1623113614975674104
10,"build/tests/sizes/cube-1402-geo.geo_unrolled","scan",1623113614992648277,1623113614993788421
10,"build/tests/sizes/cube-1402-geo.geo_unrolled","chck",1623113614975928957,1623113614993793579
10,"build/tests/sizes/cube-981-bin.vtk","scan",1623113615006734118,1623113615030150405
10,"build/tests/sizes/cube-981-bin.vtk","chck",1623113614993794809,1623113615030162094
10,"build/tests/sizes/cube-2587-bin.msh4","scan",1623113615049228866,1623113615090086195
10,"build/tests/sizes/cube-2587-bin.msh4","chck",1623113615030163447,1623113615090091714
10,"build/tests/sizes/cube-951-bin.cgns","scan",1623113615104407223,1623113615141711532
10,"build/tests/sizes/cube-951-bin.cgns","chck",1623113615090092677,1623113615141718096
10,"build/tests/sizes/cube-3360-geo.geo_unrolled","scan",1623113615143880674,1623113615145022786
10,"build/tests/sizes/cube-3360-geo.geo_unrolled","chck",1623113615141719266,1623113615145027544
10,"build/tests/sizes/cube-953-asc.bdf","scan",1623113615146089706,1623113618621618610
10,"build/tests/sizes/cube-953-asc.bdf","chck",1623113615145028685,1623113618621635183
10,"build/tests/sizes/cube-2824-asc.bdf","scan",1623113618622413901,1623113620787745819
10,"build/tests/sizes/cube-2824-asc.bdf","chck",1623113618621636543,1623113620787751320
10,"build/tests/sizes/cube-3469-bin.vtk","scan",1623113620788329202,1623113621255591772
10,"build/tests/sizes/cube-3469-bin.vtk","chck",1623113620787752471,1623113621255598294
10,"build/tests/sizes/cube-1560-asc.bdf","scan",1623113621277535183,1623113621286919515
10,"build/tests/sizes/cube-1560-asc.bdf","chck",1623113621255599648,1623113621286925216
10,"build/tests/sizes/cube-955-geo.geo_unrolled","scan",1623113621288058862,1623113621289272362
10,"build/tests/sizes/cube-955-geo.geo_unrolled","chck",1623113621286926494,1623113621289276262
10,"build/tests/sizes/cube-1932-geo.geo","scan",1623113621312657773,1623113621314055305
10,"build/tests/sizes/cube-1932-geo.geo","chck",1623113621289277280,1623113621314060130
10,"build/tests/sizes/cube-1658-bin.cgns","scan",1623113621317343203,1623113621337341350
10,"build/tests/sizes/cube-1658-bin.cgns","chck",1623113621314061129,1623113621337346564
10,"build/tests/sizes/cube-3762-bin.msh4","scan",1623113621338079003,1623113621339274606
10,"build/tests/sizes/cube-3762-bin.msh4","chck",1623113621337347638,1623113621339278933
10,"build/tests/sizes/cube-3732-asc.mesh","scan",1623113621339764481,1623113621360370736
10,"build/tests/sizes/cube-3732-asc.mesh","chck",1623113621339279929,1623113621360376530
10,"build/tests/sizes/cube-872-geo.geo","scan",1623113621381551656,1623113621382929698
10,"build/tests/sizes/cube-872-geo.geo","chck",1623113621360377508,1623113621382935854
10,"build/tests/sizes/cube-1531-bin.msh2","scan",1623113621384004665,1623113622330263081
10,"build/tests/sizes/cube-1531-bin.msh2","chck",1623113621382937180,1623113622330269763
10,"build/tests/sizes/cube-1651-asc.bdf","scan",1623113622330976565,1623113622333811807
10,"build/tests/sizes/cube-1651-asc.bdf","chck",1623113622330270972,1623113622333817061
10,"build/tests/sizes/cube-838-asc.bdf","scan",1623113622345538361,1623113622364898400
10,"build/tests/sizes/cube-838-asc.bdf","chck",1623113622333818295,1623113622364905491
10,"build/tests/sizes/cube-3329-bin.msh4","scan",1623113622365452913,1623113622425436933
10,"build/tests/sizes/cube-3329-bin.msh4","chck",1623113622364906686,1623113622425443467
10,"build/tests/sizes/cube-19-bin.msh2","scan",1623113622436728761,1623113623200060874
10,"build/tests/sizes/cube-19-bin.msh2","chck",1623113622425444817,1623113623200066654
10,"build/tests/sizes/cube-2936-asc.bdf","scan",1623113623200784343,1623113623234605846
10,"build/tests/sizes/cube-2936-asc.bdf","chck",1623113623200067653,1623113623234611387
10,"build/tests/sizes/cube-338-bin.vtk","scan",1623113623247026003,1623113623749153842
10,"build/tests/sizes/cube-338-bin.vtk","chck",1623113623234612367,1623113623749161227
10,"build/tests/sizes/cube-2651-bin.vtk","scan",1623113623749957858,1623113624200287207
10,"build/tests/sizes/cube-2651-bin.vtk","chck",1623113623749162843,1623113624200294172
10,"build/tests/sizes/cube-3051-stl-bin.geo","scan",1623113624220206728,1623113624234589344
10,"build/tests/sizes/cube-3051-stl-bin.geo","chck",1623113624200295292,1623113624234594862
10,"build/tests/sizes/cube-2916-stl-bin.geo","scan",1623113624235142553,1623113624243418636
10,"build/tests/sizes/cube-2916-stl-bin.geo","chck",1623113624234595914,1623113624243424573
10,"build/tests/sizes/cube-1506-asc.mesh","scan",1623113624244543399,1623113624249121221
10,"build/tests/sizes/cube-1506-asc.mesh","chck",1623113624243425749,1623113624249127242
10,"build/tests/sizes/cube-3127-bin.msh2","scan",1623113624249646225,1623113624251853868
10,"build/tests/sizes/cube-3127-bin.msh2","chck",1623113624249128409,1623113624251858484
10,"build/tests/sizes/cube-1224-asc.mesh","scan",1623113624266193151,1623113624289591676
10,"build/tests/sizes/cube-1224-asc.mesh","chck",1623113624251859448,1623113624289596620
10,"build/tests/sizes/cube-2111-asc.mesh","scan",1623113624308198562,1623113624353113224
10,"build/tests/sizes/cube-2111-asc.mesh","chck",1623113624289597549,1623113624353119485
10,"build/tests/sizes/cube-1070-bin.vtk","scan",1623113624367330988,1623113624448178675
10,"build/tests/sizes/cube-1070-bin.vtk","chck",1623113624353120976,1623113624448185769
10,"build/tests/sizes/cube-2113-stl-bin.geo","scan",1623113624468657672,1623113624509384586
10,"build/tests/sizes/cube-2113-stl-bin.geo","chck",1623113624448186987,1623113624509390843
10,"build/tests/sizes/cube-2597-bin.vtk","scan",1623113624510011242,1623113624511281381
10,"build/tests/sizes/cube-2597-bin.vtk","chck",1623113624509392123,1623113624511284568
10,"build/tests/sizes/cube-2975-stl-bin.geo","scan",1623113624511846776,1623113624514449240
10,"build/tests/sizes/cube-2975-stl-bin.geo","chck",1623113624511285510,1623113624514452270
10,"build/tests/sizes/cube-422-bin.cgns","scan",1623113624536730149,1623113624702710471
10,"build/tests/sizes/cube-422-bin.cgns","chck",1623113624514453296,1623113624702716748
10,"build/tests/sizes/cube-1201-bin.msh4","scan",1623113624722338627,1623113624750992762
10,"build/tests/sizes/cube-1201-bin.msh4","chck",1623113624702717759,1623113624750998817
10,"build/tests/sizes/cube-2028-bin.msh2","scan",1623113624752106982,1623113624762121700
10,"build/tests/sizes/cube-2028-bin.msh2","chck",1623113624750999973,1623113624762126736
10,"build/tests/sizes/cube-3155-bin.msh2","scan",1623113624762670241,1623113624764267272
10,"build/tests/sizes/cube-3155-bin.msh2","chck",1623113624762128025,1623113624764271563
10,"build/tests/sizes/cube-3637-bin.vtk","scan",1623113624764818254,1623113624844523176
10,"build/tests/sizes/cube-3637-bin.vtk","chck",1623113624764272507,1623113624844529270
10,"build/tests/sizes/cube-3884-bin.msh4","scan",1623113624848908375,1623113624857068014
10,"build/tests/sizes/cube-3884-bin.msh4","chck",1623113624844530504,1623113624857072614
10,"build/tests/sizes/cube-3410-bin.cgns","scan",1623113624861089753,1623113624883399680
10,"build/tests/sizes/cube-3410-bin.cgns","chck",1623113624857073532,1623113624883405334
10,"build/tests/sizes/cube-1764-asc.msh2","scan",1623113624884050908,1623113631916864340
10,"build/tests/sizes/cube-1764-asc.msh2","chck",1623113624883406284,1623113631916871397
10,"build/tests/sizes/cube-1558-geo.geo_unrolled","scan",1623113631932312120,1623113631933609486
10,"build/tests/sizes/cube-1558-geo.geo_unrolled","chck",1623113631916872797,1623113631933616246
10,"build/tests/sizes/cube-1523-asc.msh2","scan",1623113631934654013,1623113631940166443
10,"build/tests/sizes/cube-1523-asc.msh2","chck",1623113631933617301,1623113631940171168
10,"build/tests/sizes/cube-412-geo.geo_unrolled","scan",1623113631954323744,1623113631955497508
10,"build/tests/sizes/cube-412-geo.geo_unrolled","chck",1623113631940172227,1623113631955502605
10,"build/tests/sizes/cube-468-bin.vtk","scan",1623113631973904739,1623113632009657234
10,"build/tests/sizes/cube-468-bin.vtk","chck",1623113631955503614,1623113632009663505
10,"build/tests/sizes/cube-2196-asc.bdf","scan",1623113632010210565,1623113632040663701
10,"build/tests/sizes/cube-2196-asc.bdf","chck",1623113632009664502,1623113632040818810
10,"build/tests/sizes/cube-2237-bin.msh2","scan",1623113632041374982,1623113632043778680
10,"build/tests/sizes/cube-2237-bin.msh2","chck",1623113632040820231,1623113632043782736
10,"build/tests/sizes/cube-3491-bin.msh2","scan",1623113632044293101,1623113632048922526
10,"build/tests/sizes/cube-3491-bin.msh2","chck",1623113632043783583,1623113632048926050
10,"build/tests/sizes/cube-1487-bin.msh2","scan",1623113632049878977,1623113632052822114
10,"build/tests/sizes/cube-1487-bin.msh2","chck",1623113632048926901,1623113632052825722
10,"build/tests/sizes/cube-2100-bin.msh4","scan",1623113632053936016,1623113632091240693
10,"build/tests/sizes/cube-2100-bin.msh4","chck",1623113632052826692,1623113632091248127
10,"build/tests/sizes/cube-483-asc.mesh","scan",1623113632092871185,1623113632095456849
10,"build/tests/sizes/cube-483-asc.mesh","chck",1623113632091249351,1623113632095462010
10,"build/tests/sizes/cube-3199-geo.geo_unrolled","scan",1623113632096009475,1623113632097154318
10,"build/tests/sizes/cube-3199-geo.geo_unrolled","chck",1623113632095462950,1623113632097158267
10,"build/tests/sizes/cube-1785-geo.geo_unrolled","scan",1623113632098048019,1623113632099145813
10,"build/tests/sizes/cube-1785-geo.geo_unrolled","chck",1623113632097159260,1623113632099149082
10,"build/tests/sizes/cube-1293-asc.mesh","scan",1623113632100103665,1623113634567647439
10,"build/tests/sizes/cube-1293-asc.mesh","chck",1623113632099150051,1623113634567653839
10,"build/tests/sizes/cube-3387-stl-bin.geo","scan",1623113634588354936,1623113634714108018
10,"build/tests/sizes/cube-3387-stl-bin.geo","chck",1623113634567655037,1623113634714114197
10,"build/tests/sizes/cube-756-geo.geo","scan",1623113634729484061,1623113634730845838
10,"build/tests/sizes/cube-756-geo.geo","chck",1623113634714115458,1623113634730850574
10,"build/tests/sizes/cube-268-geo.geo","scan",1623113634734803283,1623113634736112225
10,"build/tests/sizes/cube-268-geo.geo","chck",1623113634730851576,1623113634736116502
10,"build/tests/sizes/cube-3808-asc.bdf","scan",1623113634736645742,1623113634805661941
10,"build/tests/sizes/cube-3808-asc.bdf","chck",1623113634736117617,1623113634805667555
10,"build/tests/sizes/cube-3528-stl-bin.geo","scan",1623113634806344458,1623113634911613174
10,"build/tests/sizes/cube-3528-stl-bin.geo","chck",1623113634805668751,1623113634911620501
10,"build/tests/sizes/cube-3045-geo.geo_unrolled","scan",1623113634912389510,1623113634913522532
10,"build/tests/sizes/cube-3045-geo.geo_unrolled","chck",1623113634911622123,1623113634913526218
10,"build/tests/sizes/cube-3325-bin.msh4","scan",1623113634928725452,1623113634936866068
10,"build/tests/sizes/cube-3325-bin.msh4","chck",1623113634913527563,1623113634936870198
10,"build/tests/sizes/cube-220-bin.msh2","scan",1623113634954760657,1623113637823114002
10,"build/tests/sizes/cube-220-bin.msh2","chck",1623113634936871300,1623113637823119902
10,"build/tests/sizes/cube-3350-geo.geo_unrolled","scan",1623113637823817003,1623113637825081569
10,"build/tests/sizes/cube-3350-geo.geo_unrolled","chck",1623113637823120933,1623113637825087241
10,"build/tests/sizes/cube-3184-bin.msh4","scan",1623113637825627332,1623113637827255008
10,"build/tests/sizes/cube-3184-bin.msh4","chck",1623113637825088268,1623113637827257895
10,"build/tests/sizes/cube-1223-asc.bdf","scan",1623113637841933019,1623113637849718025
10,"build/tests/sizes/cube-1223-asc.bdf","chck",1623113637827258809,1623113637849721846
10,"build/tests/sizes/cube-3826-geo.geo_unrolled","scan",1623113637850282422,1623113637851506092
10,"build/tests/sizes/cube-3826-geo.geo_unrolled","chck",1623113637849722686,1623113637851510244
10,"build/tests/sizes/cube-3556-asc.bdf","scan",1623113637852038733,1623113647819095867
10,"build/tests/sizes/cube-3556-asc.bdf","chck",1623113637851511252,1623113647819101413
10,"build/tests/sizes/cube-604-geo.geo","scan",1623113648029606126,1623113648030298887
10,"build/tests/sizes/cube-604-geo.geo","chck",1623113647819102795,1623113648030307451
10,"cube-3556-asc","prep",1623113648220005094,1623113648220008383
10,"cube-3556-asc","zzzz",1623113648220017597,1623113648220098332,0,0,0
10,"cube-3556-asc","post",1623113648220100027,1623113648220138859
10,"cube-3826-geo","mesh",1623113648220158982,1623113648220236660
10,"cube-3826-geo","prep",1623113648220993139,1623113648220993679
10,"cube-3826-geo","zzzz",1623113648220994806,1623113648221049218,0,0,0
10,"cube-3826-geo","post",1623113648221050291,1623113648221173964
10,"cube-1223-asc","prep",1623113648221180425,1623113648221433067
10,"cube-1223-asc","zzzz",1623113648221434150,1623113648223465779,173,358,1074
10,"cube-1223-asc","post",1623113648223466858,1623113648223513558
10,"cube-3184-bin","prep",1623113648223525011,1623113648224051849
10,"cube-3184-bin","zzzz",1623113648224054138,1623113648247443085,1243,2280,6840
10,"cube-3184-bin","post",1623113648247444306,1623113648247606402
10,"cube-3350-geo","mesh",1623113648247665003,1623113648247714251
10,"cube-3350-geo","prep",1623113648248562111,1623113648248563067
10,"cube-3350-geo","zzzz",1623113648248564364,1623113648248619937,0,0,0
10,"cube-3350-geo","post",1623113648248621264,1623113648248704614
10,"cube-220-bin","prep",1623113648248711603,1623113648709698751
10,"cube-220-bin","zzzz",1623113648709707287,1623113774082224591,620852,853525,2560575
10,"cube-220-bin","post",1623113774082240815,1623113774134928181
10,"cube-3325-bin","prep",1623113774135329959,1623113774136415181
10,"cube-3325-bin","zzzz",1623113774136417687,1623113774139247258,206,461,1383
10,"cube-3325-bin","post",1623113774139251525,1623113774139462808
10,"cube-3528-stl-bin","mesh",1623113774139490474,1623113774140782984
10,"cube-3528-stl-bin","prep",1623113774141667248,1623113774141740610
10,"cube-3528-stl-bin","zzzz",1623113774141741859,1623113776014384117,0,49668,149004
10,"cube-3528-stl-bin","post",1623113776014395575,1623113776016830099
10,"cube-3808-asc","prep",1623113776016847083,1623113776021149067
10,"cube-3808-asc","zzzz",1623113776021151072,1623113776307371423,8517,13506,40518
10,"cube-3808-asc","post",1623113776307381613,1623113776308967983
10,"cube-981-bin","prep",1623113776308985200,1623113776309647563
10,"cube-981-bin","zzzz",1623113776309649143,1623113776315255929,367,770,2310
10,"cube-981-bin","post",1623113776315266229,1623113776315454494
10,"cube-3161-geo","mesh",1623113776315488703,1623113776315626768
10,"cube-3161-geo","prep",1623113776316747390,1623113776316748143
10,"cube-3161-geo","zzzz",1623113776316749365,1623113776316804560,0,0,0
10,"cube-3161-geo","post",1623113776316805944,1623113776316929361
10,"cube-369-bin","prep",1623113776316935656,1623113776317320929
10,"cube-369-bin","zzzz",1623113776317321871,1623113776328245147,669,1280,3840
10,"cube-369-bin","post",1623113776328255347,1623113776328585801
10,"cube-3491-bin","prep",1623113776328618853,1623113776329352977
10,"cube-3491-bin","zzzz",1623113776329354745,1623113776345582271,979,1727,5181
10,"cube-3491-bin","post",1623113776345592465,1623113776345960101
10,"cube-3782-asc","prep",1623113776346072788,1623113776347416546
10,"cube-3782-asc","zzzz",1623113776347418009,1623113783428744033,10850,123638,370914
10,"cube-3782-asc","post",1623113783428760703,1623113783440836038
10,"cube-3413-geo","mesh",1623113783440876473,1623113783440962344
10,"cube-3413-geo","prep",1623113783441837887,1623113783441843843
10,"cube-3413-geo","zzzz",1623113783441845128,1623113783441901348,0,0,0
10,"cube-3413-geo","post",1623113783441902733,1623113783442023764
10,"cube-872-geo","mesh",1623113783442030340,1623113783442068075
10,"cube-872-geo","prep",1623113783442775282,1623113783442775723
10,"cube-872-geo","zzzz",1623113783442776729,1623113783442831185,0,0,0
10,"cube-872-geo","post",1623113783442832301,1623113783442951186
10,"cube-1560-asc","prep",1623113783442956191,1623113783443183553
10,"cube-1560-asc","zzzz",1623113783443184517,1623113783446412259,240,503,1509
10,"cube-1560-asc","post",1623113783446422815,1623113783446574202
10,"cube-955-geo","mesh",1623113783446609636,1623113783446720877
10,"cube-955-geo","prep",1623113783447771378,1623113783447772142
10,"cube-955-geo","zzzz",1623113783448042520,1623113783448097784,0,0,0
10,"cube-955-geo","post",1623113783448099429,1623113783448196843
10,"cube-1658-bin.cgns","prep",1623113783448214336,1623113783448791032
10,"cube-1658-bin.cgns","zzzz",1623113783448793392,1623113783473688097,1312,2385,7155
10,"cube-1658-bin.cgns","post",1623113783473698182,1623113783473802406
10,"cube-3732-asc","prep",1623113783473867083,1623113783474334882
10,"cube-3732-asc","zzzz",1623113783474336270,1623113783668763984,1744,10314,30942
10,"cube-3732-asc","post",1623113783668774290,1623113783670225154
10,"cube-1651-asc","prep",1623113783670267730,1623113783670463261
10,"cube-1651-asc","zzzz",1623113783670464291,1623113783674379253,281,584,1752
10,"cube-1651-asc","post",1623113783674389504,1623113783674665415
10,"cube-2943-bin","prep",1623113783674695984,1623113783741200460
10,"cube-2943-bin","zzzz",1623113783741206929,1623113794674128010,117055,166121,498363
10,"cube-2943-bin","post",1623113794674142178,1623113794688549968
10,"cube-1506-asc","prep",1623113794688591540,1623113794690326998
10,"cube-1506-asc","zzzz",1623113794690329126,1623113794706160507,416,1695,5085
10,"cube-1506-asc","post",1623113794706170970,1623113794706611165
10,"cube-756-geo","mesh",1623113794706647577,1623113794706751746
10,"cube-756-geo","prep",1623113794707731066,1623113794707731806
10,"cube-756-geo","zzzz",1623113794707733159,1623113794707788562,0,0,0
10,"cube-756-geo","post",1623113794707789713,1623113794707880847
10,"cube-1293-asc","prep",1623113794707887228,1623113794714518497
10,"cube-1293-asc","zzzz",1623113794714519907,1623113946018667898,42414,981428,2944284
10,"cube-1293-asc","post",1623113946018678005,1623113946145863338
10,"cube-3051-stl-bin","mesh",1623113946145905826,1623113946145982415
10,"cube-3051-stl-bin","prep",1623113946172955210,1623113946172971782
10,"cube-3051-stl-bin","zzzz",1623113946172975283,1623113946177692320,0,676,2028
10,"cube-3051-stl-bin","post",1623113946177698048,1623113946177778837
10,"cube-1932-geo","mesh",1623113946177797330,1623113946177863395
10,"cube-1932-geo","prep",1623113946178622719,1623113946178623525
10,"cube-1932-geo","zzzz",1623113946178625027,1623113946178680829,0,0,0
10,"cube-1932-geo","post",1623113946178682320,1623113946178810492
10,"cube-755-geo","mesh",1623113946178817478,1623113946178856721
10,"cube-755-geo","prep",1623113946179574922,1623113946179575525
10,"cube-755-geo","zzzz",1623113946179576560,1623113946179631409,0,0,0
10,"cube-755-geo","post",1623113946179632581,1623113946179736715
10,"cube-3830-bin.cgns","prep",1623113946179741966,1623113946180277018
10,"cube-3830-bin.cgns","zzzz",1623113946180279108,1623113946185888484,369,772,2316
10,"cube-3830-bin.cgns","post",1623113946185893558,1623113946185938330
10,"cube-951-bin.cgns","prep",1623113946185958454,1623113946186279252
10,"cube-951-bin.cgns","zzzz",1623113946186281454,1623113946187985625,135,306,918
10,"cube-951-bin.cgns","post",1623113946187990578,1623113946188024353
10,"cube-1487-bin","prep",1623113946188042905,1623113946188301912
10,"cube-1487-bin","zzzz",1623113946188303363,1623113946193468301,348,725,2175
10,"cube-1487-bin","post",1623113946193473285,1623113946193580146
10,"cube-3127-bin","prep",1623113946193592777,1623113946193827616
10,"cube-3127-bin","zzzz",1623113946193828891,1623113946198634302,333,686,2058
10,"cube-3127-bin","post",1623113946198639278,1623113946198726344
10,"cube-3884-bin","prep",1623113946198739231,1623113946198951016
10,"cube-3884-bin","zzzz",1623113946198952486,1623113946204098628,346,723,2169
10,"cube-3884-bin","post",1623113946204114206,1623113946204239288
10,"cube-3762-bin","prep",1623113946204252724,1623113946204389393
10,"cube-3762-bin","zzzz",1623113946204390635,1623113946206469458,171,358,1074
10,"cube-3762-bin","post",1623113946206474551,1623113946206570601
10,"cube-268-geo","mesh",1623113946206584146,1623113946206619670
10,"cube-268-geo","prep",1623113946207385720,1623113946207386477
10,"cube-268-geo","zzzz",1623113946207387606,1623113946207442767,0,0,0
10,"cube-268-geo","post",1623113946207443982,1623113946207533301
10,"cube-2705-geo","mesh",1623113946207539534,1623113946207577797
10,"cube-2705-geo","prep",1623113946208294662,1623113946208295170
10,"cube-2705-geo","zzzz",1623113946208296265,1623113946208350749,0,0,0
10,"cube-2705-geo","post",1623113946208351853,1623113946208463968
10,"cube-3410-bin.cgns","prep",1623113946208469400,1623113946210448272
10,"cube-3410-bin.cgns","zzzz",1623113946210451237,1623113946409714977,6605,10493,31479
10,"cube-3410-bin.cgns","post",1623113946409724809,1623113946409771933
10,"cube-823-asc","prep",1623113946409816107,1623113946410491276
10,"cube-823-asc","zzzz",1623113946410494318,1623113946422854727,759,1407,4221
10,"cube-823-asc","post",1623113946422860385,1623113946423151170
10,"cube-838-asc","prep",1623113946423168020,1623113946423574952
10,"cube-838-asc","zzzz",1623113946423576519,1623113946428740992,348,725,2175
10,"cube-838-asc","post",1623113946428756447,1623113946428890909
10,"cube-422-bin.cgns","prep",1623113946428904346,1623113946646486646
10,"cube-422-bin.cgns","zzzz",1623113946646495784,1623114000804631951,351566,488573,1465719
10,"cube-422-bin.cgns","post",1623114000804650893,1623114000804697692
10,"cube-483-asc","prep",1623114000804743378,1623114000804872350
10,"cube-483-asc","zzzz",1623114000804874347,1623114000808857109,192,592,1776
10,"cube-483-asc","post",1623114000808862355,1623114000808993107
10,"cube-1224-asc","prep",1623114000809008563,1623114000809147852
10,"cube-1224-asc","zzzz",1623114000809149054,1623114000812048697,168,465,1395
10,"cube-1224-asc","post",1623114000812053697,1623114000812152196
10,"cube-2237-bin","prep",1623114000812165122,1623114000812363944
10,"cube-2237-bin","zzzz",1623114000812365205,1623114000815265913,210,465,1395
10,"cube-2237-bin","post",1623114000815281675,1623114000815365526
10,"cube-1940-bin.cgns","prep",1623114000815378907,1623114000816730339
10,"cube-1940-bin.cgns","zzzz",1623114000816733220,1623114000849087322,1602,2914,8742
10,"cube-1940-bin.cgns","post",1623114000849097480,1623114000849149567
10,"cube-3387-stl-bin","mesh",1623114000849201684,1623114000851392637
10,"cube-3387-stl-bin","prep",1623114000852288585,1623114000852296543
10,"cube-3387-stl-bin","zzzz",1623114000852297763,1623114003260610233,0,58988,176964
10,"cube-3387-stl-bin","post",1623114003260624056,1623114003263910086
10,"cube-2727-bin","prep",1623114003263935510,1623114003264509945
10,"cube-2727-bin","zzzz",1623114003264511730,1623114003280555957,963,1712,5136
10,"cube-2727-bin","post",1623114003280566316,1623114003280986268
10,"cube-468-bin","prep",1623114003281153300,1623114003284662496
10,"cube-468-bin","zzzz",1623114003284664945,1623114003431147358,5248,8463,25389
10,"cube-468-bin","post",1623114003431157671,1623114003432416510
10,"cube-412-geo","mesh",1623114003432530858,1623114003432929864
10,"cube-412-geo","prep",1623114003433823969,1623114003433824809
10,"cube-412-geo","zzzz",1623114003433826182,1623114003433881912,0,0,0
10,"cube-412-geo","post",1623114003433883115,1623114003433973241
10,"cube-3329-bin","prep",1623114003433979490,1623114003499684600
10,"cube-3329-bin","zzzz",1623114003499691309,1623114013244298962,107953,153649,460947
10,"cube-3329-bin","post",1623114013244313945,1623114013254859457
10,"cube-2597-bin","prep",1623114013254907831,1623114013256341711
10,"cube-2597-bin","zzzz",1623114013256344057,1623114013259664240,247,514,1542
10,"cube-2597-bin","post",1623114013259674755,1623114013259888826
10,"cube-2587-bin","prep",1623114013259923557,1623114013263194475
10,"cube-2587-bin","zzzz",1623114013263196622,1623114013423589074,5618,9017,27051
10,"cube-2587-bin","post",1623114013423599424,1623114013424214415
10,"cube-3199-geo","mesh",1623114013424269545,1623114013424337735
10,"cube-3199-geo","prep",1623114013425243625,1623114013425244409
10,"cube-3199-geo","zzzz",1623114013425245611,1623114013425301197,0,0,0
10,"cube-3199-geo","post",1623114013425302369,1623114013425393587
10,"cube-800-geo","mesh",1623114013425400176,1623114013425442749
10,"cube-800-geo","prep",1623114013426169128,1623114013426169645
10,"cube-800-geo","zzzz",1623114013426170747,1623114013426225153,0,0,0
10,"cube-800-geo","post",1623114013426643138,1623114013426758327
10,"cube-2651-bin","prep",1623114013426765622,1623114013607900817
10,"cube-2651-bin","zzzz",1623114013607907206,1623114052032298809,277505,388261,1164783
10,"cube-2651-bin","post",1623114052032313756,1623114052057559271
10,"cube-1523-asc","prep",1623114052057596665,1623114052058058888
10,"cube-1523-asc","zzzz",1623114052058060726,1623114052065813167,495,986,2958
10,"cube-1523-asc","post",1623114052065835065,1623114052066069992
10,"cube-2028-bin","prep",1623114052066083257,1623114052067640645
10,"cube-2028-bin","zzzz",1623114052067642846,1623114052122979539,2494,4277,12831
10,"cube-2028-bin","post",1623114052122989849,1623114052123300906
10,"cube-2196-asc","prep",1623114052123386197,1623114052126453081
10,"cube-2196-asc","zzzz",1623114052126455402,1623114052244343546,4452,7270,21810
10,"cube-2196-asc","post",1623114052244353953,1623114052245784109
10,"cube-1558-geo","mesh",1623114052245803873,1623114052246181888
10,"cube-1558-geo","prep",1623114052247084055,1623114052247084862
10,"cube-1558-geo","zzzz",1623114052247086169,1623114052247141624,0,0,0
10,"cube-1558-geo","post",1623114052247142801,1623114052247230366
10,"cube-3983-geo","mesh",1623114052247236520,1623114052247274172
10,"cube-3983-geo","prep",1623114052247997450,1623114052247997932
10,"cube-3983-geo","zzzz",1623114052247998919,1623114052248053357,0,0,0
10,"cube-3983-geo","post",1623114052248054506,1623114052248170332
10,"cube-1070-bin","prep",1623114052248175282,1623114052271226211
10,"cube-1070-bin","zzzz",1623114052271229582,1623114054951492017,43163,63502,190506
10,"cube-1070-bin","post",1623114054951505774,1623114054955668890
10,"cube-1813-stl-bin","mesh",1623114054955702824,1623114054966819804
10,"cube-1813-stl-bin","prep",1623114054967748488,1623114054967759603
10,"cube-1813-stl-bin","zzzz",1623114054967761024,1623114073418583496,0,236884,710652
10,"cube-1813-stl-bin","post",1623114073418597191,1623114073457896102
10,"cube-2113-stl-bin","mesh",1623114073457921773,1623114073458189703
10,"cube-2113-stl-bin","prep",1623114073467636307,1623114073467655929
10,"cube-2113-stl-bin","zzzz",1623114073467658747,1623114073644678798,0,9660,28980
10,"cube-2113-stl-bin","post",1623114073644693413,1623114073645335520
10,"cube-1531-bin","prep",1623114073645352790,1623114073784424623
10,"cube-1531-bin","zzzz",1623114073784430755,1623114100788189156,217877,306322,918966
10,"cube-1531-bin","post",1623114100788206116,1623114100808087266
10,"cube-3637-bin","prep",1623114100808124854,1623114100840386352
10,"cube-3637-bin","zzzz",1623114100840391940,1623114105043857031,59511,86560,259680
10,"cube-3637-bin","post",1623114105043870798,1623114105049596192
10,"cube-338-bin","prep",1623114105049630219,1623114105217488544
10,"cube-338-bin","zzzz",1623114105217497023,1623114140751909691,263175,368423,1105269
10,"cube-338-bin","post",1623114140751923679,1623114140775998199
10,"cube-953-asc","prep",1623114140776033686,1623114141053803486
10,"cube-953-asc","zzzz",1623114141053807966,1623114208534592426,407739,565801,1697403
10,"cube-953-asc","post",1623114208534603249,1623114208570572341
10,"cube-3155-bin","prep",1623114208570614681,1623114208570788342
10,"cube-3155-bin","zzzz",1623114208570789575,1623114208572995953,175,380,1140
10,"cube-3155-bin","post",1623114208573000003,1623114208573137610
10,"cube-1201-bin","prep",1623114208573156557,1623114208573581874
10,"cube-1201-bin","zzzz",1623114208573584595,1623114208576856171,243,508,1524
10,"cube-1201-bin","post",1623114208576866651,1623114208577102302
10,"cube-2916-stl-bin","mesh",1623114208577137110,1623114208577430821
10,"cube-2916-stl-bin","prep",1623114208578735675,1623114208578853697
10,"cube-2916-stl-bin","zzzz",1623114208578855165,1623114208636855133,0,4420,13260
10,"cube-2916-stl-bin","post",1623114208636865692,1623114208637155766
10,"cube-2975-stl-bin","mesh",1623114208637187649,1623114208637288677
10,"cube-2975-stl-bin","prep",1623114208638573879,1623114208638638712
10,"cube-2975-stl-bin","zzzz",1623114208638640244,1623114208643964347,0,740,2220
10,"cube-2975-stl-bin","post",1623114208643974666,1623114208644050989
10,"cube-3469-bin","prep",1623114208644061912,1623114208804778848
10,"cube-3469-bin","zzzz",1623114208804785221,1623114242100810815,251459,352642,1057926
10,"cube-3469-bin","post",1623114242100825548,1623114242123733925
10,"cube-3360-geo","mesh",1623114242123768683,1623114242123858631
10,"cube-3360-geo","prep",1623114242124759535,1623114242124760573
10,"cube-3360-geo","zzzz",1623114242124761973,1623114242124818912,0,0,0
10,"cube-3360-geo","post",1623114242124820221,1623114242124898106
10,"cube-1593-bin","prep",1623114242124903724,1623114242193944896
10,"cube-1593-bin","zzzz",1623114242193951189,1623114252645242207,113463,161153,483459
10,"cube-1593-bin","post",1623114252645259313,1623114252656497794
10,"cube-250-geo","mesh",1623114252656537959,1623114252656973490
10,"cube-250-geo","prep",1623114252657889014,1623114252657890359
10,"cube-250-geo","zzzz",1623114252657891702,1623114252657947743,0,0,0
10,"cube-250-geo","post",1623114252657949057,1623114252658035672
10,"cube-3045-geo","mesh",1623114252658042086,1623114252658078237
10,"cube-3045-geo","prep",1623114252658810973,1623114252658811501
10,"cube-3045-geo","zzzz",1623114252658812674,1623114252658867456,0,0,0
10,"cube-3045-geo","post",1623114252658868668,1623114252658970165
10,"cube-3858-stl-bin","mesh",1623114252658975758,1623114252666923099
10,"cube-3858-stl-bin","prep",1623114252667801129,1623114252667997418
10,"cube-3858-stl-bin","zzzz",1623114252667998737,1623114263875061148,0,168964,506892
10,"cube-3858-stl-bin","post",1623114263875076682,1623114263883479454
10,"cube-3167-asc","prep",1623114263883503965,1623114263884889482
10,"cube-3167-asc","zzzz",1623114263884891587,1623114263889972812,240,714,2142
10,"cube-3167-asc","post",1623114263889983414,1623114263890212830
10,"cube-3935-geo","mesh",1623114263890249260,1623114263890385893
10,"cube-3935-geo","prep",1623114263891588591,1623114263891589465
10,"cube-3935-geo","zzzz",1623114263891590800,1623114263891646085,0,0,0
10,"cube-3935-geo","post",1623114263891647528,1623114263891765443
10,"cube-1764-asc","prep",1623114263891772116,1623114264692804871
10,"cube-1764-asc","zzzz",1623114264692812198,1623114523741630471,1074513,1468974,4406922
10,"cube-1764-asc","post",1623114523741647250,1623114523867020583
10,"cube-877-stl-bin","mesh",1623114523867523057,1623114523867620338
10,"cube-877-stl-bin","prep",1623114523876202286,1623114523876218337
10,"cube-877-stl-bin","zzzz",1623114523876221211,1623114523883746028,0,964,2892
10,"cube-877-stl-bin","post",1623114523883756548,1623114523883986766
10,"cube-2936-asc","prep",1623114523884029818,1623114523886458773
10,"cube-2936-asc","zzzz",1623114523886461184,1623114524005392855,4488,7315,21945
10,"cube-2936-asc","post",1623114524005405700,1623114524006020327
10,"cube-742-stl-bin","mesh",1623114524006046859,1623114524006123631
10,"cube-742-stl-bin","prep",1623114524007030173,1623114524007039761
10,"cube-742-stl-bin","zzzz",1623114524007041166,1623114524015226808,0,1028,3084
10,"cube-742-stl-bin","post",1623114524015237130,1623114524015357646
10,"cube-2100-bin","prep",1623114524015369062,1623114524048068908
10,"cube-2100-bin","zzzz",1623114524048075171,1623114527281591625,49255,72259,216777
10,"cube-2100-bin","post",1623114527281602324,1623114527293410602
10,"cube-3632-asc","prep",1623114527293442408,1623114527294138146
10,"cube-3632-asc","zzzz",1623114527294139758,1623114527318907628,1311,2376,7128
10,"cube-3632-asc","post",1623114527318917842,1623114527319274281
10,"cube-3798-asc","prep",1623114527319332215,1623114527321910236
10,"cube-3798-asc","zzzz",1623114527321912321,1623114527464302728,5141,8297,24891
10,"cube-3798-asc","post",1623114527464313014,1623114527465125989
10,"cube-3305-asc","prep",1623114527465165637,1623114527984911103
10,"cube-3305-asc","zzzz",1623114527984915587,1623114685239140905,735924,1010247,3030741
10,"cube-3305-asc","post",1623114685239151526,1623114685306667365
10,"cube-1785-geo","mesh",1623114685306710539,1623114685306901318
10,"cube-1785-geo","prep",1623114685307798604,1623114685307800017
10,"cube-1785-geo","zzzz",1623114685308303562,1623114685308359549,0,0,0
10,"cube-1785-geo","post",1623114685308361631,1623114685308484685
10,"cube-1467-bin","prep",1623114685308493491,1623114685334500476
10,"cube-1467-bin","zzzz",1623114685334505408,1623114688665600352,50248,73810,221430
10,"cube-1467-bin","post",1623114688665614706,1623114688670498879
10,"cube-744-bin","prep",1623114688670537988,1623114688675017022
10,"cube-744-bin","zzzz",1623114688675020492,1623114688957485559,8429,13387,40161
10,"cube-744-bin","post",1623114688957490159,1623114688958221624
10,"cube-1219-bin","prep",1623114688958288542,1623114688980399510
10,"cube-1219-bin","zzzz",1623114688980402680,1623114690632386375,30734,45538,136614
10,"cube-1219-bin","post",1623114690632404984,1623114690657196191
10,"cube-19-bin","prep",1623114690657260184,1623114690766992009
10,"cube-19-bin","zzzz",1623114690766999077,1623114708309077142,162450,228867,686601
10,"cube-19-bin","post",1623114708309092519,1623114708323825715
10,"cube-1439-asc","prep",1623114708323875249,1623114708665358549
10,"cube-1439-asc","zzzz",1623114708665365778,1623114798394920097,494664,683866,2051598
10,"cube-1439-asc","post",1623114798394929837,1623114798481970759
10,"cube-401-geo","mesh",1623114798482010484,1623114798482778331
10,"cube-401-geo","prep",1623114798492531463,1623114798492533594
10,"cube-401-geo","zzzz",1623114798492536585,1623114798492594448,0,0,0
10,"cube-401-geo","post",1623114798492596662,1623114798492719314
10,"cube-1866-geo","mesh",1623114798492729285,1623114798492764599
10,"cube-1866-geo","prep",1623114798495674991,1623114798495675939
10,"cube-1866-geo","zzzz",1623114798495678525,1623114798495734943,0,0,0
10,"cube-1866-geo","post",1623114798495736815,1623114798495946188
10,"cube-627-geo","mesh",1623114798495954921,1623114798495994857
10,"cube-627-geo","prep",1623114798497930868,1623114798497931544
10,"cube-627-geo","zzzz",1623114798497934043,1623114798497989731,0,0,0
10,"cube-627-geo","post",1623114798497991265,1623114798498168542
10,"cube-2982-geo","mesh",1623114798498177315,1623114798498215655
10,"cube-2982-geo","prep",1623114798499044756,1623114798499045337
10,"cube-2982-geo","zzzz",1623114798499046543,1623114798499101671,0,0,0
10,"cube-2982-geo","post",1623114798499102864,1623114798499161861
10,"cube-3545-geo","mesh",1623114798499168240,1623114798499202537
10,"cube-3545-geo","prep",1623114798500046370,1623114798500046847
10,"cube-3545-geo","zzzz",1623114798500047991,1623114798500102742,0,0,0
10,"cube-3545-geo","post",1623114798500103870,1623114798500206506
10,"cube-1603-geo","mesh",1623114798500212661,1623114798500237590
10,"cube-1603-geo","prep",1623114798501039172,1623114798501039659
10,"cube-1603-geo","zzzz",1623114798501040771,1623114798501095470,0,0,0
10,"cube-1603-geo","post",1623114798501096741,1623114798501308477
10,"cube-2065-bin","prep",1623114798501315129,1623114798502226956
10,"cube-2065-bin","zzzz",1623114798502228902,1623114798533760540,1577,2854,8562
10,"cube-2065-bin","post",1623114798533761697,1623114798533917413
10,"cube-3419-asc","prep",1623114798533972357,1623114798536919494
10,"cube-3419-asc","zzzz",1623114798536921833,1623114798698783394,5661,9077,27231
10,"cube-3419-asc","post",1623114798698785438,1623114798699369045
10,"cube-2111-asc","prep",1623114798699410894,1623114798699736153
10,"cube-2111-asc","zzzz",1623114798699737345,1623114798891525149,1712,10219,30657
10,"cube-2111-asc","post",1623114798891535541,1623114798892570476
10,"cube-2987-asc","prep",1623114798892601723,1623114798892959287
10,"cube-2987-asc","zzzz",1623114798892962063,1623114798898108060,346,723,2169
10,"cube-2987-asc","post",1623114798898113457,1623114798898235663
10,"cube-3066-asc","prep",1623114798898252147,1623114798898513104
10,"cube-3066-asc","zzzz",1623114798898514400,1623114798923738376,608,2410,7230
10,"cube-3066-asc","post",1623114798923755699,1623114798923966541
10,"cube-3599-stl-bin","mesh",1623114798923985661,1623114798924047121
10,"cube-3599-stl-bin","prep",1623114798925017606,1623114798925096195
10,"cube-3599-stl-bin","zzzz",1623114798925097955,1623114798932606343,0,964,2892
10,"cube-3599-stl-bin","post",1623114798932611397,1623114798932699782
10,"cube-2824-asc","prep",1623114798932712663,1623114799103812363
10,"cube-2824-asc","zzzz",1623114799103816435,1623114832730078309,252897,355006,1065018
10,"cube-2824-asc","post",1623114832730093427,1623114832752671236
10,"cube-1402-geo","mesh",1623114832752704103,1623114832752761877
10,"cube-1402-geo","prep",1623114832753726308,1623114832753727455
10,"cube-1402-geo","zzzz",1623114832753728878,1623114832753785345,0,0,0
10,"cube-1402-geo","post",1623114832753786725,1623114832753898237
10,"cube-398-geo","mesh",1623114832753905917,1623114832753940822
10,"cube-398-geo","prep",1623114832754769758,1623114832754770450
10,"cube-398-geo","zzzz",1623114832754771653,1623114832754826674,0,0,0
10,"cube-398-geo","post",1623114832754827999,1623114832754919083
10,"cube-481-asc","prep",1623114832754924992,1623114832770209909
10,"cube-481-asc","zzzz",1623114832770212770,1623114833939022254,24095,35841,107523
10,"cube-481-asc","post",1623114833939032908,1623114833944436472
10,"cube-2917-stl-bin","mesh",1623114833944470649,1623114833953810374
10,"cube-2917-stl-bin","prep",1623114833954719617,1623114833954779621
10,"cube-2917-stl-bin","zzzz",1623114833954781022,1623114848586394768,0,202484,607452
10,"cube-2917-stl-bin","post",1623114848586408746,1623114848617994664
10,"cube-1810-asc","prep",1623114848618023392,1623114848637097964
10,"cube-1810-asc","zzzz",1623114848637102030,1623114850336765998,31339,46463,139389
10,"cube-1810-asc","post",1623114850336777410,1623114850339387745
10,"cube-1383-bin","prep",1623114850339427386,1623114850373713963
10,"cube-1383-bin","zzzz",1623114850373718239,1623114854995712370,63686,92371,277113
10,"cube-1383-bin","post",1623114854995726691,1623114855001644472
10,"cube-2581-bin","prep",1623114855001672978,1623114855004213949
10,"cube-2581-bin","zzzz",1623114855004217958,1623114855120300567,4399,7192,21576
10,"cube-2581-bin","post",1623114855120311111,1623114855121545999
10,"cube-2820-bin","prep",1623114855121565113,1623114855122168189
10,"cube-2820-bin","zzzz",1623114855122169574,1623114855137266463,907,1635,4905
10,"cube-2820-bin","post",1623114855137270515,1623114855137422075
10,"Proc","exit_task",1623113578265279692,1623114855147408311,2359028
