18,"build/tests/sizes/cube-2444-asc.mesh","scan",1623113599543107036,1623113600169322700
18,"build/tests/sizes/cube-2444-asc.mesh","chck",1623113599537941536,1623113600169467578
18,"build/tests/sizes/cube-2640-bin.cgns","scan",1623113600175076393,1623113600193097989
18,"build/tests/sizes/cube-2640-bin.cgns","chck",1623113600169469230,1623113600193105730
18,"build/tests/sizes/cube-328-stl-bin.geo","scan",1623113600203265431,1623113600255907669
18,"build/tests/sizes/cube-328-stl-bin.geo","chck",1623113600193106816,1623113600255912541
18,"build/tests/sizes/cube-3793-asc.mesh","scan",1623113600270157536,1623113600307187048
18,"build/tests/sizes/cube-3793-asc.mesh","chck",1623113600255913546,1623113600307192071
18,"build/tests/sizes/cube-1721-stl-bin.geo","scan",1623113600330777732,1623113600389132894
18,"build/tests/sizes/cube-1721-stl-bin.geo","chck",1623113600307193113,1623113600389137961
18,"build/tests/sizes/cube-346-geo.geo","scan",1623113600410179691,1623113600411574209
18,"build/tests/sizes/cube-346-geo.geo","chck",1623113600389139025,1623113600411579349
18,"build/tests/sizes/cube-3168-bin.vtk","scan",1623113600412556750,1623113600497375226
18,"build/tests/sizes/cube-3168-bin.vtk","chck",1623113600411580308,1623113600497380448
18,"build/tests/sizes/cube-2102-asc.msh2","scan",1623113600512393648,1623113600547254906
18,"build/tests/sizes/cube-2102-asc.msh2","chck",1623113600497381470,1623113600547260540
18,"build/tests/sizes/cube-3875-bin.vtk","scan",1623113600547857628,1623113601071233354
18,"build/tests/sizes/cube-3875-bin.vtk","chck",1623113600547261458,1623113601071240515
18,"build/tests/sizes/cube-3580-bin.msh2","scan",1623113601072133570,1623113601131187206
18,"build/tests/sizes/cube-3580-bin.msh2","chck",1623113601071241996,1623113601131193626
18,"build/tests/sizes/cube-3699-asc.msh2","scan",1623113601143352243,1623113605418215359
18,"build/tests/sizes/cube-3699-asc.msh2","chck",1623113601131194962,1623113605418237713
18,"build/tests/sizes/cube-3165-bin.cgns","scan",1623113605421434427,1623113605439975546
18,"build/tests/sizes/cube-3165-bin.cgns","chck",1623113605418238972,1623113605439982332
18,"build/tests/sizes/cube-1308-asc.msh2","scan",1623113605463546813,1623113605496047977
18,"build/tests/sizes/cube-1308-asc.msh2","chck",1623113605439983525,1623113605496055054
18,"build/tests/sizes/cube-2217-asc.mesh","scan",1623113605496676952,1623113605501868525
18,"build/tests/sizes/cube-2217-asc.mesh","chck",1623113605496056479,1623113605501874793
18,"build/tests/sizes/cube-2704-asc.bdf","scan",1623113605502456387,1623113608475313684
18,"build/tests/sizes/cube-2704-asc.bdf","chck",1623113605501876299,1623113608475338994
18,"build/tests/sizes/cube-3670-asc.mesh","scan",1623113608476094556,1623113610382039915
18,"build/tests/sizes/cube-3670-asc.mesh","chck",1623113608475340285,1623113610382057243
18,"build/tests/sizes/cube-3978-stl-bin.geo","scan",1623113610382679102,1623113610390375977
18,"build/tests/sizes/cube-3978-stl-bin.geo","chck",1623113610382059155,1623113610390383228
18,"build/tests/sizes/cube-271-bin.msh4","scan",1623113610402937178,1623113610420248166
18,"build/tests/sizes/cube-271-bin.msh4","chck",1623113610390384394,1623113610420255003
18,"build/tests/sizes/cube-1478-stl-bin.geo","scan",1623113610437038228,1623113610467002011
18,"build/tests/sizes/cube-1478-stl-bin.geo","chck",1623113610420256259,1623113610467008724
18,"build/tests/sizes/cube-3201-asc.msh2","scan",1623113610473764424,1623113610809913275
18,"build/tests/sizes/cube-3201-asc.msh2","chck",1623113610467009952,1623113610809920183
18,"build/tests/sizes/cube-1448-geo.geo_unrolled","scan",1623113610825686314,1623113610826734753
18,"build/tests/sizes/cube-1448-geo.geo_unrolled","chck",1623113610809921380,1623113610826740369
18,"build/tests/sizes/cube-3649-bin.vtk","scan",1623113610827271306,1623113611098519722
18,"build/tests/sizes/cube-3649-bin.vtk","chck",1623113610826741652,1623113611098525883
18,"build/tests/sizes/cube-2083-bin.vtk","scan",1623113611099433777,1623113611100514311
18,"build/tests/sizes/cube-2083-bin.vtk","chck",1623113611098527422,1623113611100519303
18,"build/tests/sizes/cube-2795-stl-bin.geo","scan",1623113611101657541,1623113611142090197
18,"build/tests/sizes/cube-2795-stl-bin.geo","chck",1623113611100522597,1623113611142097655
18,"build/tests/sizes/cube-3327-asc.msh2","scan",1623113611142689616,1623113611457380825
18,"build/tests/sizes/cube-3327-asc.msh2","chck",1623113611142098942,1623113611457389520
18,"build/tests/sizes/cube-3893-asc.bdf","scan",1623113611458024579,1623113612372792477
18,"build/tests/sizes/cube-3893-asc.bdf","chck",1623113611457390646,1623113612372799148
18,"build/tests/sizes/cube-529-asc.msh2","scan",1623113612385235539,1623113612424855914
18,"build/tests/sizes/cube-529-asc.msh2","chck",1623113612372800270,1623113612424861155
18,"build/tests/sizes/cube-44-bin.msh2","scan",1623113612441636599,1623113612448896721
18,"build/tests/sizes/cube-44-bin.msh2","chck",1623113612424862346,1623113612448901560
18,"build/tests/sizes/cube-2619-asc.mesh","scan",1623113612449729436,1623113612454659690
18,"build/tests/sizes/cube-2619-asc.mesh","chck",1623113612448902526,1623113612454664068
18,"build/tests/sizes/cube-67-geo.geo_unrolled","scan",1623113612464440618,1623113612465556969
18,"build/tests/sizes/cube-67-geo.geo_unrolled","chck",1623113612454665174,1623113612465562213
18,"build/tests/sizes/cube-2783-stl-bin.geo","scan",1623113612466472071,1623113613345018224
18,"build/tests/sizes/cube-2783-stl-bin.geo","chck",1623113612465563229,1623113613345025502
18,"build/tests/sizes/cube-1549-bin.msh4","scan",1623113613348766298,1623113613360644939
18,"build/tests/sizes/cube-1549-bin.msh4","chck",1623113613345026758,1623113613360652156
18,"build/tests/sizes/cube-516-asc.bdf","scan",1623113613367402065,1623113617700613669
18,"build/tests/sizes/cube-516-asc.bdf","chck",1623113613360653428,1623113617700629832
18,"build/tests/sizes/cube-3524-geo.geo","scan",1623113617733644539,1623113617781083586
18,"build/tests/sizes/cube-3524-geo.geo","chck",1623113617700631155,1623113617781091085
18,"build/tests/sizes/cube-2531-asc.msh2","scan",1623113617781680527,1623113620984464285
18,"build/tests/sizes/cube-2531-asc.msh2","chck",1623113617781092712,1623113620984469871
18,"build/tests/sizes/cube-3456-geo.geo_unrolled","scan",1623113620988499404,1623113620989593357
18,"build/tests/sizes/cube-3456-geo.geo_unrolled","chck",1623113620984470979,1623113620989598488
18,"build/tests/sizes/cube-1736-asc.msh2","scan",1623113620990109968,1623113621006775668
18,"build/tests/sizes/cube-1736-asc.msh2","chck",1623113620989599705,1623113621006781185
18,"build/tests/sizes/cube-1727-geo.geo","scan",1623113621007995779,1623113621009221292
18,"build/tests/sizes/cube-1727-geo.geo","chck",1623113621006782199,1623113621009226337
18,"build/tests/sizes/cube-316-bin.cgns","scan",1623113621030233512,1623113621228916279
18,"build/tests/sizes/cube-316-bin.cgns","chck",1623113621009227327,1623113621228922616
18,"build/tests/sizes/cube-2294-bin.vtk","scan",1623113621242914077,1623113621250324966
18,"build/tests/sizes/cube-2294-bin.vtk","chck",1623113621228923681,1623113621250330214
18,"build/tests/sizes/cube-3031-asc.mesh","scan",1623113621250882438,1623113621257959503
18,"build/tests/sizes/cube-3031-asc.mesh","chck",1623113621250331523,1623113621257964430
18,"build/tests/sizes/cube-3048-asc.msh2","scan",1623113621258495009,1623113621296101608
18,"build/tests/sizes/cube-3048-asc.msh2","chck",1623113621257965554,1623113621296106809
18,"build/tests/sizes/cube-2261-bin.vtk","scan",1623113621317612802,1623113621345449402
18,"build/tests/sizes/cube-2261-bin.vtk","chck",1623113621296107798,1623113621345454259
18,"build/tests/sizes/cube-3486-geo.geo","scan",1623113621346032189,1623113621347258055
18,"build/tests/sizes/cube-3486-geo.geo","chck",1623113621345455527,1623113621347263028
18,"build/tests/sizes/cube-3558-bin.cgns","scan",1623113621362869791,1623113621537034841
18,"build/tests/sizes/cube-3558-bin.cgns","chck",1623113621347263996,1623113621537042004
18,"build/tests/sizes/cube-2019-stl-bin.geo","scan",1623113621590686354,1623113621614640989
18,"build/tests/sizes/cube-2019-stl-bin.geo","chck",1623113621537043375,1623113621614648352
18,"build/tests/sizes/cube-2570-asc.msh2","scan",1623113621667603410,1623113621678914642
18,"build/tests/sizes/cube-2570-asc.msh2","chck",1623113621614907380,1623113621678920013
18,"build/tests/sizes/cube-994-bin.vtk","scan",1623113621708681266,1623113624286091061
18,"build/tests/sizes/cube-994-bin.vtk","chck",1623113621678920966,1623113624286105495
18,"build/tests/sizes/cube-1475-bin.msh4","scan",1623113624308596778,1623113624315605715
18,"build/tests/sizes/cube-1475-bin.msh4","chck",1623113624286106994,1623113624315611175
18,"build/tests/sizes/cube-1789-bin.msh2","scan",1623113624316458660,1623113630030483588
18,"build/tests/sizes/cube-1789-bin.msh2","chck",1623113624315612151,1623113630030490558
18,"build/tests/sizes/cube-2091-bin.msh2","scan",1623113630035455080,1623113630089408257
18,"build/tests/sizes/cube-2091-bin.msh2","chck",1623113630030492026,1623113630089413439
18,"build/tests/sizes/cube-3583-bin.msh4","scan",1623113630089975489,1623113630092163631
18,"build/tests/sizes/cube-3583-bin.msh4","chck",1623113630089414584,1623113630092167821
18,"build/tests/sizes/cube-3384-bin.msh4","scan",1623113630092679845,1623113630851689883
18,"build/tests/sizes/cube-3384-bin.msh4","chck",1623113630092168729,1623113630851695860
18,"build/tests/sizes/cube-2014-geo.geo","scan",1623113630869647731,1623113630870965410
18,"build/tests/sizes/cube-2014-geo.geo","chck",1623113630851697369,1623113630870971809
18,"build/tests/sizes/cube-826-bin.msh4","scan",1623113630891867149,1623113630899916603
18,"build/tests/sizes/cube-826-bin.msh4","chck",1623113630870972857,1623113630899921474
18,"build/tests/sizes/cube-370-bin.msh2","scan",1623113630907491900,1623113630915248660
18,"build/tests/sizes/cube-370-bin.msh2","chck",1623113630899922466,1623113630915253712
18,"build/tests/sizes/cube-291-asc.bdf","scan",1623113630926356246,1623113631978116870
18,"build/tests/sizes/cube-291-asc.bdf","chck",1623113630915255084,1623113631978123913
18,"build/tests/sizes/cube-3726-bin.msh2","scan",1623113631982719538,1623113632687444991
18,"build/tests/sizes/cube-3726-bin.msh2","chck",1623113631978124885,1623113632687451756
18,"build/tests/sizes/cube-3017-bin.msh2","scan",1623113632688116327,1623113632689693011
18,"build/tests/sizes/cube-3017-bin.msh2","chck",1623113632687452949,1623113632689698277
18,"build/tests/sizes/cube-2177-stl-bin.geo","scan",1623113632690249526,1623113632693822718
18,"build/tests/sizes/cube-2177-stl-bin.geo","chck",1623113632689699353,1623113632693826438
18,"build/tests/sizes/cube-2592-asc.bdf","scan",1623113632715347859,1623113632748267346
18,"build/tests/sizes/cube-2592-asc.bdf","chck",1623113632693827491,1623113632748272975
18,"build/tests/sizes/cube-2973-geo.geo","scan",1623113632748816251,1623113632750145619
18,"build/tests/sizes/cube-2973-geo.geo","chck",1623113632748273934,1623113632750149288
18,"build/tests/sizes/cube-267-stl-bin.geo","scan",1623113632763481782,1623113632787980081
18,"build/tests/sizes/cube-267-stl-bin.geo","chck",1623113632750150162,1623113632787985311
18,"build/tests/sizes/cube-3842-geo.geo_unrolled","scan",1623113632806730523,1623113632807775441
18,"build/tests/sizes/cube-3842-geo.geo_unrolled","chck",1623113632787986283,1623113632807780046
18,"build/tests/sizes/cube-3821-asc.bdf","scan",1623113632827701986,1623113632851033485
18,"build/tests/sizes/cube-3821-asc.bdf","chck",1623113632807780983,1623113632851038283
18,"build/tests/sizes/cube-1656-bin.vtk","scan",1623113632851605734,1623113632910430140
18,"build/tests/sizes/cube-1656-bin.vtk","chck",1623113632851039188,1623113632910435933
18,"build/tests/sizes/cube-1170-geo.geo_unrolled","scan",1623113632932385093,1623113632933496982
18,"build/tests/sizes/cube-1170-geo.geo_unrolled","chck",1623113632910437009,1623113632933500854
18,"build/tests/sizes/cube-1391-stl-bin.geo","scan",1623113632952157881,1623113633000009876
18,"build/tests/sizes/cube-1391-stl-bin.geo","chck",1623113632933501814,1623113633000014681
18,"build/tests/sizes/cube-2795-bin.cgns","scan",1623113633007772263,1623113633026532729
18,"build/tests/sizes/cube-2795-bin.cgns","chck",1623113633000015701,1623113633026537060
18,"build/tests/sizes/cube-1929-asc.msh2","scan",1623113633028130189,1623113633992648423
18,"build/tests/sizes/cube-1929-asc.msh2","chck",1623113633026537901,1623113633992655355
18,"build/tests/sizes/cube-1279-stl-bin.geo","scan",1623113634010608896,1623113634045493315
18,"build/tests/sizes/cube-1279-stl-bin.geo","chck",1623113633992656682,1623113634045499669
18,"build/tests/sizes/cube-1786-bin.msh4","scan",1623113634046612091,1623113634236857061
18,"build/tests/sizes/cube-1786-bin.msh4","chck",1623113634045500888,1623113634236863810
18,"build/tests/sizes/cube-2074-bin.vtk","scan",1623113634238212618,1623113634239853524
18,"build/tests/sizes/cube-2074-bin.vtk","chck",1623113634236865409,1623113634239859561
18,"build/tests/sizes/cube-2753-asc.msh2","scan",1623113634240404660,1623113634242998764
18,"build/tests/sizes/cube-2753-asc.msh2","chck",1623113634239861004,1623113634243004567
18,"build/tests/sizes/cube-3904-asc.bdf","scan",1623113634265764439,1623113634304529157
18,"build/tests/sizes/cube-3904-asc.bdf","chck",1623113634243005534,1623113634304537232
18,"build/tests/sizes/cube-3533-bin.msh4","scan",1623113634305184659,1623113634308658421
18,"build/tests/sizes/cube-3533-bin.msh4","chck",1623113634304538784,1623113634308663438
18,"build/tests/sizes/cube-1411-asc.mesh","scan",1623113634309275139,1623113634354943568
18,"build/tests/sizes/cube-1411-asc.mesh","chck",1623113634308664469,1623113634354950119
18,"build/tests/sizes/cube-3268-stl-bin.geo","scan",1623113634355632675,1623113634360986528
18,"build/tests/sizes/cube-3268-stl-bin.geo","chck",1623113634354951608,1623113634360991206
18,"build/tests/sizes/cube-590-bin.msh2","scan",1623113634362161469,1623113634364981378
18,"build/tests/sizes/cube-590-bin.msh2","chck",1623113634360992566,1623113634364985594
18,"build/tests/sizes/cube-434-asc.bdf","scan",1623113634377979179,1623113634396190321
18,"build/tests/sizes/cube-434-asc.bdf","chck",1623113634364986503,1623113634396196911
18,"build/tests/sizes/cube-2691-bin.cgns","scan",1623113634399642571,1623113634419046964
18,"build/tests/sizes/cube-2691-bin.cgns","chck",1623113634396198272,1623113634419053240
18,"build/tests/sizes/cube-1490-geo.geo","scan",1623113634433521050,1623113634434918530
18,"build/tests/sizes/cube-1490-geo.geo","chck",1623113634419054426,1623113634434924181
18,"build/tests/sizes/cube-3058-asc.bdf","scan",1623113634435453667,1623113635065658923
18,"build/tests/sizes/cube-3058-asc.bdf","chck",1623113634434925210,1623113635065665910
18,"build/tests/sizes/cube-2560-bin.msh4","scan",1623113635066400480,1623113635391072187
18,"build/tests/sizes/cube-2560-bin.msh4","chck",1623113635065667370,1623113635391079122
18,"build/tests/sizes/cube-3449-bin.vtk","scan",1623113635391940786,1623113635397585666
18,"build/tests/sizes/cube-3449-bin.vtk","chck",1623113635391080434,1623113635397591339
18,"build/tests/sizes/cube-1763-bin.cgns","scan",1623113635401212854,1623113635419941370
18,"build/tests/sizes/cube-1763-bin.cgns","chck",1623113635397592423,1623113635419947574
18,"build/tests/sizes/cube-3747-stl-bin.geo","scan",1623113635420652293,1623113635663000946
18,"build/tests/sizes/cube-3747-stl-bin.geo","chck",1623113635419948843,1623113635663007734
18,"build/tests/sizes/cube-1186-stl-bin.geo","scan",1623113635676977218,1623113635754001766
18,"build/tests/sizes/cube-1186-stl-bin.geo","chck",1623113635663009182,1623113635754008400
18,"build/tests/sizes/cube-2496-bin.msh2","scan",1623113635755215888,1623113640009668079
18,"build/tests/sizes/cube-2496-bin.msh2","chck",1623113635754009547,1623113640009674662
18,"build/tests/sizes/cube-1040-bin.msh4","scan",1623113640011018762,1623113640057869174
18,"build/tests/sizes/cube-1040-bin.msh4","chck",1623113640009675758,1623113640057875538
18,"build/tests/sizes/cube-641-asc.bdf","scan",1623113640078971452,1623113644967521616
18,"build/tests/sizes/cube-641-asc.bdf","chck",1623113640057876801,1623113644967529020
18,"build/tests/sizes/cube-1091-bin.msh4","scan",1623113644969007974,1623113645135211215
18,"build/tests/sizes/cube-1091-bin.msh4","chck",1623113644967530348,1623113645135217039
18,"build/tests/sizes/cube-3435-geo.geo_unrolled","scan",1623113645156177293,1623113645157353509
18,"build/tests/sizes/cube-3435-geo.geo_unrolled","chck",1623113645135364801,1623113645157358984
18,"build/tests/sizes/cube-2670-bin.cgns","scan",1623113645161160191,1623113645183059234
18,"build/tests/sizes/cube-2670-bin.cgns","chck",1623113645157360006,1623113645183065716
18,"build/tests/sizes/cube-1159-bin.msh2","scan",1623113645204260390,1623113645212600708
18,"build/tests/sizes/cube-1159-bin.msh2","chck",1623113645183066768,1623113645212605318
18,"build/tests/sizes/cube-890-geo.geo_unrolled","scan",1623113645222098184,1623113645223148283
18,"build/tests/sizes/cube-890-geo.geo_unrolled","chck",1623113645212606231,1623113645223151966
18,"build/tests/sizes/cube-2913-asc.mesh","scan",1623113645223649992,1623113645335284543
18,"build/tests/sizes/cube-2913-asc.mesh","chck",1623113645223153320,1623113645335290709
18,"build/tests/sizes/cube-2958-bin.msh2","scan",1623113645360177366,1623113646325619748
18,"build/tests/sizes/cube-2958-bin.msh2","chck",1623113645335291936,1623113646325627804
18,"build/tests/sizes/cube-2013-geo.geo_unrolled","scan",1623113646326520976,1623113646328461128
18,"build/tests/sizes/cube-2013-geo.geo_unrolled","chck",1623113646325629237,1623113646328466423
18,"build/tests/sizes/cube-48-stl-bin.geo","scan",1623113646349889864,1623113646369538818
18,"build/tests/sizes/cube-48-stl-bin.geo","chck",1623113646328467383,1623113646369544493
18,"build/tests/sizes/cube-3592-bin.vtk","scan",1623113646387164155,1623113646408732889
18,"build/tests/sizes/cube-3592-bin.vtk","chck",1623113646369545765,1623113646408738080
18,"build/tests/sizes/cube-2110-asc.bdf","scan",1623113646409769581,1623113646442855058
18,"build/tests/sizes/cube-2110-asc.bdf","chck",1623113646408739049,1623113646442859856
18,"build/tests/sizes/cube-2335-bin.msh2","scan",1623113646443432954,1623113646827493536
18,"build/tests/sizes/cube-2335-bin.msh2","chck",1623113646442860861,1623113646827500274
18,"build/tests/sizes/cube-3557-bin.msh4","scan",1623113646828306833,1623113646833735469
18,"build/tests/sizes/cube-3557-bin.msh4","chck",1623113646827501579,1623113646833740783
18,"build/tests/sizes/cube-842-asc.msh2","scan",1623113646855554221,1623113646864371780
18,"build/tests/sizes/cube-842-asc.msh2","chck",1623113646833741955,1623113646864377157
18,"build/tests/sizes/cube-3374-bin.cgns","scan",1623113646867881330,1623113646887082754
18,"build/tests/sizes/cube-3374-bin.cgns","chck",1623113646864378233,1623113646887088958
18,"build/tests/sizes/cube-1666-stl-bin.geo","scan",1623113646913431076,1623113646938740279
18,"build/tests/sizes/cube-1666-stl-bin.geo","chck",1623113646887090120,1623113646938745400
18,"build/tests/sizes/cube-2914-geo.geo","scan",1623113646939288009,1623113646940537996
18,"build/tests/sizes/cube-2914-geo.geo","chck",1623113646938746415,1623113646940542729
18,"build/tests/sizes/cube-1438-bin.msh4","scan",1623113646956194570,1623113646992385943
18,"build/tests/sizes/cube-1438-bin.msh4","chck",1623113646940543643,1623113646992392750
18,"build/tests/sizes/cube-64-bin.msh2","scan",1623113647004940997,1623113647038870941
18,"build/tests/sizes/cube-64-bin.msh2","chck",1623113646992394064,1623113647038875753
18,"build/tests/sizes/cube-3274-bin.cgns","scan",1623113647042188208,1623113647061049729
18,"build/tests/sizes/cube-3274-bin.cgns","chck",1623113647038876901,1623113647061054096
18,"build/tests/sizes/cube-185-geo.geo","scan",1623113647076132026,1623113647077458375
18,"build/tests/sizes/cube-185-geo.geo","chck",1623113647061055087,1623113647077463495
18,"build/tests/sizes/cube-2867-asc.bdf","scan",1623113647096059908,1623113647129803739
18,"build/tests/sizes/cube-2867-asc.bdf","chck",1623113647077464525,1623113647129811294
18,"build/tests/sizes/cube-1713-stl-bin.geo","scan",1623113647149581201,1623113647187603424
18,"build/tests/sizes/cube-1713-stl-bin.geo","chck",1623113647129812563,1623113647187609781
18,"cube-64-bin","prep",1623113647188938458,1623113647189707380
18,"cube-64-bin","zzzz",1623113647189712916,1623113647219118531,1514,2703,8109
18,"cube-64-bin","post",1623113647219127689,1623113647219351929
18,"cube-2914-geo","mesh",1623113647219468935,1623113649985819106
18,"cube-2914-geo","prep",1623113650003629892,1623113650130757818
18,"cube-2914-geo","zzzz",1623113650130764686,1623113668519536770,167651,236344,709032
18,"cube-2914-geo","post",1623113668519550021,1623113668550072986
18,"cube-1666-stl-bin","mesh",1623113668550123550,1623113668565267524
18,"cube-1666-stl-bin","prep",1623113668566214090,1623113668567083587
18,"cube-1666-stl-bin","zzzz",1623113668567086632,1623113668603558801,1169,3184,9552
18,"cube-1666-stl-bin","post",1623113668603568729,1623113668603904384
18,"cube-1789-bin","prep",1623113668604080329,1623113669753194289
18,"cube-1789-bin","zzzz",1623113669753200533,1623114077108283833,1515908,2062807,6188421
18,"cube-1789-bin","post",1623114077108297332,1623114077294811480
18,"cube-2014-geo","mesh",1623114077295560419,1623114077841199558
18,"cube-2014-geo","prep",1623114077842191380,1623114077884831336
18,"cube-2014-geo","zzzz",1623114077884836632,1623114079787296468,33945,50169,150507
18,"cube-2014-geo","post",1623114079787310467,1623114079801177582
18,"cube-3486-geo","mesh",1623114079802430621,1623114079885279586
18,"cube-3486-geo","prep",1623114079886265354,1623114079889941483
18,"cube-3486-geo","zzzz",1623114079889944075,1623114080020489230,4813,7808,23424
18,"cube-3486-geo","post",1623114080020499394,1623114080021321369
18,"cube-3048-asc","prep",1623114080021428943,1623114080025167110
18,"cube-3048-asc","zzzz",1623114080025169525,1623114080171369160,5241,8451,25353
18,"cube-3048-asc","post",1623114080171379323,1623114080172651684
18,"cube-3580-bin","prep",1623114080172784216,1623114080184761520
18,"cube-3580-bin","zzzz",1623114080184765024,1623114081215704172,21761,32883,98649
18,"cube-3580-bin","post",1623114081215714445,1623114081219311443
18,"cube-3031-asc","prep",1623114081219335322,1623114081219974548
18,"cube-3031-asc","zzzz",1623114081219976079,1623114081252485972,750,2916,8748
18,"cube-3031-asc","post",1623114081252496230,1623114081253077916
18,"cube-3524-geo","mesh",1623114081253113630,1623114081268502188
18,"cube-3524-geo","prep",1623114081269446342,1623114081269984656
18,"cube-3524-geo","zzzz",1623114081269986862,1623114081280183924,626,1215,3645
18,"cube-3524-geo","post",1623114081280194195,1623114081280571033
18,"cube-1411-asc","prep",1623114081280607896,1623114081281057685
18,"cube-1411-asc","zzzz",1623114081281059182,1623114081855607226,3118,21923,65769
18,"cube-1411-asc","post",1623114081855617495,1623114081857234958
18,"cube-67-geo","mesh",1623114081857252845,1623114082151393931
18,"cube-67-geo","prep",1623114082152740587,1623114082161657684
18,"cube-67-geo","zzzz",1623114082161661404,1623114082994272855,18859,28350,85050
18,"cube-67-geo","post",1623114082994283300,1623114082997853876
18,"cube-2294-bin","prep",1623114082998195594,1623114082999779115
18,"cube-2294-bin","zzzz",1623114082999780899,1623114083004961309,348,725,2175
18,"cube-2294-bin","post",1623114083004971537,1623114083005130688
18,"cube-1308-asc","prep",1623114083005165278,1623114083006032996
18,"cube-1308-asc","zzzz",1623114083006035160,1623114083021864827,953,1694,5082
18,"cube-1308-asc","post",1623114083021875139,1623114083022183343
18,"cube-3875-bin","prep",1623114083022381118,1623114083218876256
18,"cube-3875-bin","zzzz",1623114083218882840,1623114126112978772,298707,417990,1253970
18,"cube-3875-bin","post",1623114126112994891,1623114126140327959
18,"cube-2570-asc","prep",1623114126140363037,1623114126140849162
18,"cube-2570-asc","zzzz",1623114126140851680,1623114126151606764,658,1265,3795
18,"cube-2570-asc","post",1623114126151617270,1623114126151976885
18,"cube-1929-asc","prep",1623114126152014004,1623114126223479500
18,"cube-1929-asc","zzzz",1623114126223485979,1623114139474070512,133516,189276,567828
18,"cube-1929-asc","post",1623114139474085321,1623114139486457540
18,"cube-2013-geo","mesh",1623114139486498493,1623114139498801456
18,"cube-2013-geo","prep",1623114139499787761,1623114139500178505
18,"cube-2013-geo","zzzz",1623114139500526965,1623114139506143166,368,771,2313
18,"cube-2013-geo","post",1623114139506153899,1623114139506320381
18,"cube-2177-stl-bin","mesh",1623114139506338407,1623114139512713642
18,"cube-2177-stl-bin","prep",1623114139513597934,1623114139514029585
18,"cube-2177-stl-bin","zzzz",1623114139514031814,1623114139528398261,480,1575,4725
18,"cube-2177-stl-bin","post",1623114139528408350,1623114139528610617
18,"cube-3670-asc","prep",1623114139528623413,1623114139534534635
18,"cube-3670-asc","zzzz",1623114139534536168,1623114242320641901,36988,748379,2245137
18,"cube-3670-asc","post",1623114242320649722,1623114242401876765
18,"cube-267-stl-bin","mesh",1623114242401913908,1623114242406252419
18,"cube-267-stl-bin","prep",1623114242407224035,1623114242407455463
18,"cube-267-stl-bin","zzzz",1623114242407457487,1623114242413379285,210,803,2409
18,"cube-267-stl-bin","post",1623114242413389363,1623114242413505867
18,"cube-1091-bin","prep",1623114242413518575,1623114242414949383
18,"cube-1091-bin","zzzz",1623114242414951180,1623114242494117150,3323,5500,16500
18,"cube-1091-bin","post",1623114242494127306,1623114242494767638
18,"cube-2592-asc","prep",1623114242494867837,1623114242495483981
18,"cube-2592-asc","zzzz",1623114242495485511,1623114242522520442,1405,2538,7614
18,"cube-2592-asc","post",1623114242522541463,1623114242522669999
18,"cube-2444-asc","prep",1623114242522729909,1623114242525268477
18,"cube-2444-asc","zzzz",1623114242525270150,1623114264535251158,18030,266808,800424
18,"cube-2444-asc","post",1623114264535262098,1623114264563763840
18,"cube-2783-stl-bin","mesh",1623114264563803950,1623114288212676789
18,"cube-2783-stl-bin","prep",1623114288935038772,1623114290263827461
18,"cube-2783-stl-bin","zzzz",1623114290263836197,1623114800913788642,1677875,2443829,7331487
18,"cube-2783-stl-bin","post",1623114800913799984,1623114801336701622
18,"cube-1656-bin","prep",1623114801337612958,1623114801385112131
18,"cube-1656-bin","zzzz",1623114801385118997,1623114803684503406,38744,57184,171552
18,"cube-1656-bin","post",1623114803684513369,1623114803688244309
18,"cube-2973-geo","mesh",1623114803688283709,1623114805612912354
18,"cube-2973-geo","prep",1623114805613927901,1623114805809229177
18,"cube-2973-geo","zzzz",1623114805809234681,1623114816716553464,116884,165887,497661
18,"cube-2973-geo","post",1623114816716563186,1623114816783709407
18,"cube-3533-bin","prep",1623114816783760325,1623114816795912302
18,"cube-3533-bin","zzzz",1623114816795916320,1623114816942412352,5252,8464,25392
18,"cube-3533-bin","post",1623114816942432351,1623114816943034438
18,"cube-3904-asc","prep",1623114816943101375,1623114816959083422
18,"cube-3904-asc","zzzz",1623114816959086541,1623114817013308970,2446,4217,12651
18,"cube-3904-asc","post",1623114817013327842,1623114817013646045
18,"cube-3449-bin","prep",1623114817013676404,1623114817029429521
18,"cube-3449-bin","zzzz",1623114817029432489,1623114817125414215,3786,6296,18888
18,"cube-3449-bin","post",1623114817125433965,1623114817125852465
18,"cube-2110-asc","prep",1623114817125884732,1623114817127738569
18,"cube-2110-asc","zzzz",1623114817127740649,1623114817244119936,4404,7205,21615
18,"cube-2110-asc","post",1623114817244129136,1623114817244606650
18,"cube-3374-bin.cgns","prep",1623114817244688740,1623114817245501866
18,"cube-3374-bin.cgns","zzzz",1623114817245505700,1623114817343475651,3855,6387,19161
18,"cube-3374-bin.cgns","post",1623114817343495951,1623114817343709047
18,"cube-516-asc","prep",1623114817343753861,1623114817697649015
18,"cube-516-asc","zzzz",1623114817697652960,1623114909077393934,500911,692211,2076633
18,"cube-516-asc","post",1623114909077409626,1623114909142088922
18,"cube-291-asc","prep",1623114909142131002,1623114909215239060
18,"cube-291-asc","zzzz",1623114909215252759,1623114920080855216,116488,165374,496122
18,"cube-291-asc","post",1623114920080868828,1623114920091249528
18,"cube-1763-bin.cgns","prep",1623114920091298208,1623114920095195416
18,"cube-1763-bin.cgns","zzzz",1623114920095199677,1623114920112515038,994,1815,5445
18,"cube-1763-bin.cgns","post",1623114920112531020,1623114920112582356
18,"cube-1786-bin","prep",1623114920112615331,1623114920284184098
18,"cube-1786-bin","zzzz",1623114920284190732,1623114957798938695,272842,382062,1146186
18,"cube-1786-bin","post",1623114957798958996,1623114957822783331
18,"cube-3456-geo","mesh",1623114957822845261,1623114957888970667
18,"cube-3456-geo","prep",1623114957889962045,1623114957892981926
18,"cube-3456-geo","zzzz",1623114957892984629,1623114957974663307,3411,5622,16866
18,"cube-3456-geo","post",1623114957974673576,1623114957975688227
18,"cube-1448-geo","mesh",1623114957976062448,1623114969519674470
18,"cube-1448-geo","prep",1623114969520769540,1623114970352032727
18,"cube-1448-geo","zzzz",1623114970352040084,1623115116754349507,698079,957497,2872491
18,"cube-1448-geo","post",1623115116754363546,1623115117037574401
18,"cube-3201-asc","prep",1623115117038136611,1623115117095760511
18,"cube-3201-asc","zzzz",1623115117095765867,1623115120470181151,50737,74415,223245
18,"cube-3201-asc","post",1623115120470191773,1623115120474557557
18,"cube-1736-asc","prep",1623115120474589743,1623115120499158642
18,"cube-1736-asc","zzzz",1623115120499160778,1623115120548347299,2272,3937,11811
18,"cube-1736-asc","post",1623115120548357688,1623115120549129417
18,"cube-3558-bin.cgns","prep",1623115120549803033,1623115121437500077
18,"cube-3558-bin.cgns","zzzz",1623115121437508595,1623115695367610205,1965679,2667590,8002770
18,"cube-3558-bin.cgns","post",1623115695367620709,1623115695367678257
18,"cube-2795-bin.cgns","prep",1623115695369287605,1623115695377172630
18,"cube-2795-bin.cgns","zzzz",1623115695377176308,1623115695666470121,8607,13607,40821
18,"cube-2795-bin.cgns","post",1623115695666480217,1623115695666528869
18,"cube-3557-bin","prep",1623115695666574035,1623115695673072266
18,"cube-3557-bin","zzzz",1623115695673076193,1623115696114344625,11757,18267,54801
18,"cube-3557-bin","post",1623115696114354725,1623115696115972175
18,"cube-3649-bin","prep",1623115696116005497,1623115696221708230
18,"cube-3649-bin","zzzz",1623115696221714556,1623115713427345586,160027,225959,677877
18,"cube-3649-bin","post",1623115713427365713,1623115713442281753
18,"cube-3842-geo","mesh",1623115713442319493,1623115713641359648
18,"cube-3842-geo","prep",1623115713642381523,1623115713652400221
18,"cube-3842-geo","zzzz",1623115713652403879,1623115714003337816,9841,15565,46695
18,"cube-3842-geo","post",1623115714003357406,1623115714010022465
18,"cube-590-bin","prep",1623115714010588228,1623115714012158812
18,"cube-590-bin","zzzz",1623115714012160994,1623115714017847469,376,779,2337
18,"cube-590-bin","post",1623115714017852596,1623115714017988224
18,"cube-1713-stl-bin","mesh",1623115714018004016,1623115714446092665
18,"cube-1713-stl-bin","prep",1623115714447128906,1623115714493462604
18,"cube-1713-stl-bin","zzzz",1623115714493469058,1623115716768417562,31319,56797,170391
18,"cube-1713-stl-bin","post",1623115716768437103,1623115716792115728
18,"cube-1438-bin","prep",1623115716792151782,1623115716807123924
18,"cube-1438-bin","zzzz",1623115716807128579,1623115717548319893,17287,26156,78468
18,"cube-1438-bin","post",1623115717548329398,1623115717550228909
18,"cube-2691-bin.cgns","prep",1623115717550269141,1623115717554848432
18,"cube-2691-bin.cgns","zzzz",1623115717554852669,1623115720936434845,50823,74566,223698
18,"cube-2691-bin.cgns","post",1623115720936444982,1623115720936491212
18,"cube-842-asc","prep",1623115720936537487,1623115720936721375
18,"cube-842-asc","zzzz",1623115720936724304,1623115720938812530,171,358,1074
18,"cube-842-asc","post",1623115720938818575,1623115720938908326
18,"cube-3793-asc","prep",1623115720938925934,1623115720939215787
18,"cube-3793-asc","zzzz",1623115720939217203,1623115721020806209,1088,5618,16854
18,"cube-3793-asc","post",1623115721020811960,1623115721021422915
18,"cube-3747-stl-bin","mesh",1623115721021440437,1623115725991601853
18,"cube-3747-stl-bin","prep",1623115725992603545,1623115726503795145
18,"cube-3747-stl-bin","zzzz",1623115726503802669,1623115785907863826,333869,519671,1559013
18,"cube-3747-stl-bin","post",1623115785907881833,1623115786128660014
18,"cube-2640-bin.cgns","prep",1623115786129028283,1623115786212673899
18,"cube-2640-bin.cgns","zzzz",1623115786212678338,1623115786402241745,6335,10133,30399
18,"cube-2640-bin.cgns","post",1623115786402245857,1623115786402283445
18,"cube-3165-bin.cgns","prep",1623115786402314743,1623115786444021156
18,"cube-3165-bin.cgns","zzzz",1623115786444024174,1623115786885873199,11758,18269,54807
18,"cube-3165-bin.cgns","post",1623115786885883243,1623115786885949111
18,"cube-2958-bin","prep",1623115786886001028,1623115787014447496
18,"cube-2958-bin","zzzz",1623115787014455160,1623115810234648085,196871,276663,829989
18,"cube-2958-bin","post",1623115810234663064,1623115810253020486
18,"cube-370-bin","prep",1623115810253061320,1623115810253293732
18,"cube-370-bin","zzzz",1623115810253295589,1623115810256510889,239,502,1506
18,"cube-370-bin","post",1623115810256516121,1623115810256591567
18,"cube-1170-geo","mesh",1623115810256606234,1623115810569250897
18,"cube-1170-geo","prep",1623115810571360585,1623115810581685179
18,"cube-1170-geo","zzzz",1623115810581688980,1623115811433579561,19238,28842,86526
18,"cube-1170-geo","post",1623115811433590269,1623115811439465688
18,"cube-2913-asc","prep",1623115811439906244,1623115811442173157
18,"cube-2913-asc","zzzz",1623115811442174758,1623115813741679047,6234,57179,171537
18,"cube-2913-asc","post",1623115813741689442,1623115813746818822
18,"cube-3017-bin","prep",1623115813746846123,1623115813747080977
18,"cube-3017-bin","zzzz",1623115813747082260,1623115813749184019,174,359,1077
18,"cube-3017-bin","post",1623115813749194203,1623115813749308416
18,"cube-826-bin","prep",1623115813749321109,1623115813749533748
18,"cube-826-bin","zzzz",1623115813749535029,1623115813754617427,339,714,2142
18,"cube-826-bin","post",1623115813754627560,1623115813754867982
18,"cube-890-geo","mesh",1623115813754903383,1623115813777456458
18,"cube-890-geo","prep",1623115813778440703,1623115813779414997
18,"cube-890-geo","zzzz",1623115813779417194,1623115813795823179,987,1741,5223
18,"cube-890-geo","post",1623115813795827093,1623115813796129622
18,"cube-1475-bin","prep",1623115813796262358,1623115813796459566
18,"cube-1475-bin","zzzz",1623115813796461124,1623115813799373582,209,464,1392
18,"cube-1475-bin","post",1623115813799383767,1623115813799543161
18,"cube-1490-geo","mesh",1623115813799556090,1623115813858948785
18,"cube-1490-geo","prep",1623115813859867461,1623115813863002243
18,"cube-1490-geo","zzzz",1623115813863004336,1623115813941944232,3300,5489,16467
18,"cube-1490-geo","post",1623115813941954486,1623115813943313783
18,"cube-2335-bin","prep",1623115813943796965,1623115813995821949
18,"cube-2335-bin","zzzz",1623115813995828046,1623115821258556485,87462,125777,377331
18,"cube-2335-bin","post",1623115821258571900,1623115821267235478
18,"cube-1040-bin","prep",1623115821267276277,1623115821321987626
18,"cube-1040-bin","zzzz",1623115821321994554,1623115828292455088,85057,122221,366663
18,"cube-1040-bin","post",1623115828292470038,1623115828308987861
18,"cube-641-asc","prep",1623115828309173176,1623115828749736018
18,"cube-641-asc","zzzz",1623115828749742911,1623115942593931743,581014,800758,2402274
18,"cube-641-asc","post",1623115942593947156,1623115942666913682
18,"cube-3592-bin","prep",1623115942666949210,1623115942674708502
18,"cube-3592-bin","zzzz",1623115942674712594,1623115942729867562,2483,4267,12801
18,"cube-3592-bin","post",1623115942729878143,1623115942730263541
18,"cube-185-geo","mesh",1623115942730288116,1623115942768545187
18,"cube-185-geo","prep",1623115942769562528,1623115942771057596
18,"cube-185-geo","zzzz",1623115942771059821,1623115942798446832,1414,2563,7689
18,"cube-185-geo","post",1623115942798456941,1623115942799160166
18,"cube-48-stl-bin","mesh",1623115942799347083,1623115942804426559
18,"cube-48-stl-bin","prep",1623115942805325240,1623115942805654248
18,"cube-48-stl-bin","zzzz",1623115942805656473,1623115942815788236,350,1209,3627
18,"cube-48-stl-bin","post",1623115942815798371,1623115942815953409
18,"cube-3274-bin.cgns","prep",1623115942815966582,1623115942819083409
18,"cube-3274-bin.cgns","zzzz",1623115942819086763,1623115944585069258,32188,47691,143073
18,"cube-3274-bin.cgns","post",1623115944585074357,1623115944585114764
18,"cube-3058-asc","prep",1623115944585135393,1623115944635102692
18,"cube-3058-asc","zzzz",1623115944635107527,1623115951958132732,87930,126464,379392
18,"cube-3058-asc","post",1623115951958147046,1623115951966375859
18,"cube-2074-bin","prep",1623115951966415952,1623115951966597784
18,"cube-2074-bin","zzzz",1623115951966599039,1623115951968858709,175,380,1140
18,"cube-2074-bin","post",1623115951968869164,1623115951968967223
18,"cube-2704-asc","prep",1623115951969000814,1623115952204291964
18,"cube-2704-asc","zzzz",1623115952204295988,1623116005384994642,346823,482655,1447965
18,"cube-2704-asc","post",1623116005385015704,1623116005464470929
18,"cube-346-geo","mesh",1623116005464518280,1623116006930258551
18,"cube-346-geo","prep",1623116006931308388,1623116007075827071
18,"cube-346-geo","zzzz",1623116007075833242,1623116014338282677,87340,125744,377232
18,"cube-346-geo","post",1623116014338293643,1623116014398410242
18,"cube-316-bin.cgns","prep",1623116014401448200,1623116014863049473
18,"cube-316-bin.cgns","zzzz",1623116014863057954,1623116271481552066,1066827,1458621,4375863
18,"cube-316-bin.cgns","post",1623116271481565628,1623116271481628013
18,"cube-1186-stl-bin","mesh",1623116271481694532,1623116272067383503
18,"cube-1186-stl-bin","prep",1623116272068418007,1623116272131856735
18,"cube-1186-stl-bin","zzzz",1623116272131863172,1623116275663694441,43040,76841,230523
18,"cube-1186-stl-bin","post",1623116275663710552,1623116275698242126
18,"cube-44-bin","prep",1623116275698282403,1623116275703277104
18,"cube-44-bin","zzzz",1623116275703280234,1623116275705002833,135,306,918
18,"cube-44-bin","post",1623116275705013073,1623116275705146320
18,"cube-434-asc","prep",1623116275705180237,1623116275706588262
18,"cube-434-asc","zzzz",1623116275706589937,1623116275708691953,172,359,1077
18,"cube-434-asc","post",1623116275708702172,1623116275708819589
18,"cube-2102-asc","prep",1623116275708867026,1623116275709926266
18,"cube-2102-asc","zzzz",1623116275709928140,1623116275743167235,1647,2965,8895
18,"cube-2102-asc","post",1623116275743177693,1623116275743633571
18,"cube-1159-bin","prep",1623116275743674574,1623116275743894654
18,"cube-1159-bin","zzzz",1623116275743895878,1623116275748680908,327,682,2046
18,"cube-1159-bin","post",1623116275748691093,1623116275748833004
18,"cube-2753-asc","prep",1623116275748880965,1623116275749357476
18,"cube-2753-asc","zzzz",1623116275749358754,1623116275752683924,248,515,1545
18,"cube-2753-asc","post",1623116275752694081,1623116275752830569
18,"cube-1279-stl-bin","mesh",1623116275752879079,1623116275772419025
18,"cube-1279-stl-bin","prep",1623116275773413767,1623116275774658425
18,"cube-1279-stl-bin","zzzz",1623116275774660898,1623116275817753401,1318,3587,10761
18,"cube-1279-stl-bin","post",1623116275817763620,1623116275818609037
18,"cube-3384-bin","prep",1623116275818644639,1623116276816181445
18,"cube-3384-bin","zzzz",1623116276816188821,1623116602364616470,1278310,1743556,5230668
18,"cube-3384-bin","post",1623116602364640861,1623116602565385682
18,"cube-2560-bin","prep",1623116602566113609,1623116602938373421
18,"cube-2560-bin","zzzz",1623116602938380513,1623116705908277596,543247,749266,2247798
18,"cube-2560-bin","post",1623116705908293378,1623116705955619470
18,"cube-1391-stl-bin","mesh",1623116705955668382,1623116706040422290
18,"cube-1391-stl-bin","prep",1623116706041503142,1623116706048568067
18,"cube-1391-stl-bin","zzzz",1623116706048571682,1623116706339679389,6309,13666,40998
18,"cube-1391-stl-bin","post",1623116706339693759,1623116706343402845
18,"cube-3583-bin","prep",1623116706343718467,1623116706345878005
18,"cube-3583-bin","zzzz",1623116706345880520,1623116706395464254,2288,3959,11877
18,"cube-3583-bin","post",1623116706395474573,1623116706396121441
18,"cube-3435-geo","mesh",1623116706396140486,1623116706903958637
18,"cube-3435-geo","prep",1623116706904982836,1623116706943549521
18,"cube-3435-geo","zzzz",1623116706943554775,1623116708692616633,32004,47373,142119
18,"cube-3435-geo","post",1623116708693164451,1623116708703384618
18,"cube-3268-stl-bin","mesh",1623116708704398652,1623116708728011448
18,"cube-3268-stl-bin","prep",1623116708729020993,1623116708730317284
18,"cube-3268-stl-bin","zzzz",1623116708730320006,1623116708779544268,1452,3939,11817
18,"cube-3268-stl-bin","post",1623116708779554722,1623116708780287787
18,"cube-2083-bin","prep",1623116708780303363,1623116708780551609
18,"cube-2083-bin","zzzz",1623116708780552963,1623116708782691264,177,364,1092
18,"cube-2083-bin","post",1623116708782701519,1623116708782802921
18,"cube-2619-asc","prep",1623116708782836783,1623116708783048044
18,"cube-2619-asc","zzzz",1623116708783049278,1623116708801449641,480,1899,5697
18,"cube-2619-asc","post",1623116708801459902,1623116708801921004
18,"cube-2795-stl-bin","mesh",1623116708801956454,1623116709007202438
18,"cube-2795-stl-bin","prep",1623116709008224610,1623116709022640631
18,"cube-2795-stl-bin","zzzz",1623116709022644852,1623116710010433769,16589,31913,95739
18,"cube-2795-stl-bin","post",1623116710010444013,1623116710014796744
18,"cube-1478-stl-bin","mesh",1623116710014824015,1623116710031448892
18,"cube-1478-stl-bin","prep",1623116710032443351,1623116710033357719
18,"cube-1478-stl-bin","zzzz",1623116710033360369,1623116710067868688,1061,3050,9150
18,"cube-1478-stl-bin","post",1623116710067878757,1623116710068450537
18,"cube-271-bin","prep",1623116710068468613,1623116710069214882
18,"cube-271-bin","zzzz",1623116710069216846,1623116710088110189,1078,1937,5811
18,"cube-271-bin","post",1623116710088120318,1623116710088604388
18,"cube-2217-asc","prep",1623116710088651518,1623116710089020598
18,"cube-2217-asc","zzzz",1623116710089024068,1623116710108969512,520,2018,6054
18,"cube-2217-asc","post",1623116710108979712,1623116710109476791
18,"cube-2091-bin","prep",1623116710109490228,1623116710109855189
18,"cube-2091-bin","zzzz",1623116710109856823,1623116710114724285,334,691,2073
18,"cube-2091-bin","post",1623116710114734428,1623116710115147523
18,"cube-3726-bin","prep",1623116710115183184,1623116710207837343
18,"cube-3726-bin","zzzz",1623116710207848449,1623116726135227143,151647,214444,643332
18,"cube-3726-bin","post",1623116726135242341,1623116726149222817
18,"cube-2531-asc","prep",1623116726149262606,1623116726465451138
18,"cube-2531-asc","zzzz",1623116726465458565,1623116808125405092,464310,642373,1927119
18,"cube-2531-asc","post",1623116808125422995,1623116808171184745
18,"cube-328-stl-bin","mesh",1623116808171223256,1623116808262563868
18,"cube-328-stl-bin","prep",1623116808263594263,1623116808269580809
18,"cube-328-stl-bin","zzzz",1623116808269584170,1623116808617440541,7307,15494,46482
18,"cube-328-stl-bin","post",1623116808617450811,1623116808619562680
18,"cube-3327-asc","prep",1623116808619581445,1623116808643035594
18,"cube-3327-asc","zzzz",1623116808643039606,1623116811305210769,42941,63194,189582
18,"cube-3327-asc","post",1623116811305221153,1623116811309122478
18,"cube-3978-stl-bin","mesh",1623116811309152179,1623116811350934693
18,"cube-3978-stl-bin","prep",1623116811351948764,1623116811354804406
18,"cube-3978-stl-bin","zzzz",1623116811354807278,1623116811483717278,3371,7746,23238
18,"cube-3978-stl-bin","post",1623116811483727556,1623116811484731136
18,"cube-3168-bin","prep",1623116811484747366,1623116811513891781
18,"cube-3168-bin","zzzz",1623116811513896787,1623116814952217072,51446,75348,226044
18,"cube-3168-bin","post",1623116814952227780,1623116814957796268
18,"cube-2670-bin.cgns","prep",1623116814957826480,1623116814961945023
18,"cube-2670-bin.cgns","zzzz",1623116814961948156,1623116815906509939,20686,30936,92808
18,"cube-2670-bin.cgns","post",1623116815906523815,1623116815906577513
18,"cube-3821-asc","prep",1623116815906638751,1623116815907578582
18,"cube-3821-asc","zzzz",1623116815907580740,1623116815923128269,938,1672,5016
18,"cube-3821-asc","post",1623116815923138417,1623116815923319516
18,"cube-994-bin","prep",1623116815923380239,1623116816961797508
18,"cube-994-bin","zzzz",1623116816961806330,1623117178421854695,1384645,1885923,5657769
18,"cube-994-bin","post",1623117178421875199,1623117178551727344
18,"cube-1549-bin","prep",1623117178552255357,1623117178553121965
18,"cube-1549-bin","zzzz",1623117178553125596,1623117178554791058,136,307,921
18,"cube-1549-bin","post",1623117178554792551,1623117178554985057
18,"cube-1727-geo","mesh",1623117178554997550,1623117182884846346
18,"cube-1727-geo","prep",1623117182885886793,1623117183253335968
18,"cube-1727-geo","zzzz",1623117183253342606,1623117217566654602,256623,359855,1079565
18,"cube-1727-geo","post",1623117217566670500,1623117217696508601
18,"cube-1721-stl-bin","mesh",1623117217696569834,1623117218260404509
18,"cube-1721-stl-bin","prep",1623117218261656269,1623117218315797215
18,"cube-1721-stl-bin","zzzz",1623117218315803889,1623117220949244492,34816,62796,188388
18,"cube-1721-stl-bin","post",1623117220949267301,1623117220973473687
18,"cube-3893-asc","prep",1623117220973513385,1623117221049386890
18,"cube-3893-asc","zzzz",1623117221049391440,1623117231847990735,116033,164777,494331
18,"cube-3893-asc","post",1623117231848004815,1623117231858808011
18,"cube-2867-asc","prep",1623117231858846514,1623117231859607868
18,"cube-2867-asc","zzzz",1623117231859610452,1623117231883495736,1268,2313,6939
18,"cube-2867-asc","post",1623117231883501191,1623117231883642548
18,"cube-2496-bin","prep",1623117231883704258,1623117232632344870
18,"cube-2496-bin","zzzz",1623117232632352246,1623117472119386499,1013173,1384931,4154793
18,"cube-2496-bin","post",1623117472119403702,1623117472228454412
18,"cube-529-asc","prep",1623117472228499743,1623117472230322544
18,"cube-529-asc","zzzz",1623117472230325335,1623117472237665397,463,946,2838
18,"cube-529-asc","post",1623117472237675674,1623117472237904618
18,"cube-2261-bin","prep",1623117472237920431,1623117472239166916
18,"cube-2261-bin","zzzz",1623117472239169207,1623117472272301214,1637,2958,8874
18,"cube-2261-bin","post",1623117472272311304,1623117472273131120
18,"cube-3699-asc","prep",1623117472273153962,1623117472735662553
18,"cube-3699-asc","zzzz",1623117472735669207,1623117600668054817,629998,865384,2596152
18,"cube-3699-asc","post",1623117600668077625,1623117600781919231
18,"cube-2019-stl-bin","mesh",1623117600782011132,1623117600803847893
18,"cube-2019-stl-bin","prep",1623117600805086721,1623117600806423084
18,"cube-2019-stl-bin","zzzz",1623117600806426338,1623117600848408747,1264,3525,10575
18,"cube-2019-stl-bin","post",1623117600848410445,1623117600848740535
18,"Proc","exit_task",1623113578265326988,1623117600894376856,3441240
