27,"build/tests/sizes/cube-90-stl-bin.geo","scan",1623113596771720843,1623113596797201808
27,"build/tests/sizes/cube-90-stl-bin.geo","chck",1623113596739619179,1623113596797333167
27,"build/tests/sizes/cube-3758-bin.cgns","scan",1623113596809726805,1623113596827516358
27,"build/tests/sizes/cube-3758-bin.cgns","chck",1623113596797334777,1623113596827521954
27,"build/tests/sizes/cube-2647-bin.vtk","scan",1623113596839271084,1623113597247358196
27,"build/tests/sizes/cube-2647-bin.vtk","chck",1623113596827523100,1623113597247363569
27,"build/tests/sizes/cube-2059-bin.msh4","scan",1623113597248521900,1623113597261299604
27,"build/tests/sizes/cube-2059-bin.msh4","chck",1623113597247364763,1623113597261304753
27,"build/tests/sizes/cube-3203-bin.msh4","scan",1623113597282833536,1623113597330260997
27,"build/tests/sizes/cube-3203-bin.msh4","chck",1623113597261305961,1623113597330267415
27,"build/tests/sizes/cube-2027-stl-bin.geo","scan",1623113597355991988,1623113597407215932
27,"build/tests/sizes/cube-2027-stl-bin.geo","chck",1623113597330268452,1623113597407223263
27,"build/tests/sizes/cube-682-bin.msh4","scan",1623113597416352211,1623113597535688866
27,"build/tests/sizes/cube-682-bin.msh4","chck",1623113597407224430,1623113597535695301
27,"build/tests/sizes/cube-3747-asc.mesh","scan",1623113597557496075,1623113598574963430
27,"build/tests/sizes/cube-3747-asc.mesh","chck",1623113597535696516,1623113598574986738
27,"build/tests/sizes/cube-233-bin.cgns","scan",1623113598597939668,1623113598792112687
27,"build/tests/sizes/cube-233-bin.cgns","chck",1623113598574987806,1623113598792118991
27,"build/tests/sizes/cube-656-asc.msh2","scan",1623113598801501551,1623113598885332460
27,"build/tests/sizes/cube-656-asc.msh2","chck",1623113598792120105,1623113598885338148
27,"build/tests/sizes/cube-3311-asc.bdf","scan",1623113598887873063,1623113598915958035
27,"build/tests/sizes/cube-3311-asc.bdf","chck",1623113598885339079,1623113598915963848
27,"build/tests/sizes/cube-2620-asc.msh2","scan",1623113598919753625,1623113599020165749
27,"build/tests/sizes/cube-2620-asc.msh2","chck",1623113598915965122,1623113599020171992
27,"build/tests/sizes/cube-2764-bin.msh4","scan",1623113599022973887,1623113599028951506
27,"build/tests/sizes/cube-2764-bin.msh4","chck",1623113599020173028,1623113599028956403
27,"build/tests/sizes/cube-2380-stl-bin.geo","scan",1623113599031387362,1623113599034179477
27,"build/tests/sizes/cube-2380-stl-bin.geo","chck",1623113599028957429,1623113599034184206
27,"build/tests/sizes/cube-429-bin.cgns","scan",1623113599067642175,1623113599145225489
27,"build/tests/sizes/cube-429-bin.cgns","chck",1623113599034185179,1623113599145231533
27,"build/tests/sizes/cube-1691-bin.msh4","scan",1623113599147847298,1623113599165978278
27,"build/tests/sizes/cube-1691-bin.msh4","chck",1623113599145232473,1623113599165985512
27,"build/tests/sizes/cube-2067-asc.msh2","scan",1623113599185012704,1623113599195653093
27,"build/tests/sizes/cube-2067-asc.msh2","chck",1623113599165986854,1623113599195659493
27,"build/tests/sizes/cube-1936-asc.bdf","scan",1623113599198201125,1623113599202902522
27,"build/tests/sizes/cube-1936-asc.bdf","chck",1623113599195660589,1623113599202907535
27,"build/tests/sizes/cube-538-bin.vtk","scan",1623113599222620714,1623113599231937263
27,"build/tests/sizes/cube-538-bin.vtk","chck",1623113599202908711,1623113599231944419
27,"build/tests/sizes/cube-537-bin.cgns","scan",1623113599268672226,1623113599380011039
27,"build/tests/sizes/cube-537-bin.cgns","chck",1623113599231945491,1623113599380017490
27,"build/tests/sizes/cube-3965-stl-bin.geo","scan",1623113599382499146,1623113599462189685
27,"build/tests/sizes/cube-3965-stl-bin.geo","chck",1623113599380018606,1623113599462196207
27,"build/tests/sizes/cube-2565-asc.mesh","scan",1623113599464875281,1623113599468221744
27,"build/tests/sizes/cube-2565-asc.mesh","chck",1623113599462197353,1623113599468226257
27,"build/tests/sizes/cube-2802-stl-bin.geo","scan",1623113599470648334,1623113599541618011
27,"build/tests/sizes/cube-2802-stl-bin.geo","chck",1623113599468227363,1623113599541623688
27,"build/tests/sizes/cube-3894-bin.cgns","scan",1623113599568065790,1623113599604777101
27,"build/tests/sizes/cube-3894-bin.cgns","chck",1623113599541631417,1623113599604783068
27,"build/tests/sizes/cube-2817-bin.msh2","scan",1623113599607478437,1623113599764783173
27,"build/tests/sizes/cube-2817-bin.msh2","chck",1623113599604784279,1623113599764800825
27,"build/tests/sizes/cube-1890-geo.geo_unrolled","scan",1623113599780421398,1623113599783338968
27,"build/tests/sizes/cube-1890-geo.geo_unrolled","chck",1623113599764802197,1623113599783344251
27,"build/tests/sizes/cube-775-asc.mesh","scan",1623113599805732390,1623113599858996215
27,"build/tests/sizes/cube-775-asc.mesh","chck",1623113599783345588,1623113599859001982
27,"build/tests/sizes/cube-249-asc.msh2","scan",1623113599861522006,1623113600312454108
27,"build/tests/sizes/cube-249-asc.msh2","chck",1623113599859003134,1623113600312460124
27,"build/tests/sizes/cube-1263-bin.cgns","scan",1623113600326237140,1623113600405359182
27,"build/tests/sizes/cube-1263-bin.cgns","chck",1623113600312461251,1623113600405364893
27,"build/tests/sizes/cube-3753-asc.mesh","scan",1623113600406581888,1623113601266735866
27,"build/tests/sizes/cube-3753-asc.mesh","chck",1623113600405365862,1623113601266756615
27,"build/tests/sizes/cube-3661-bin.msh4","scan",1623113601267472674,1623113601269236315
27,"build/tests/sizes/cube-3661-bin.msh4","chck",1623113601266758128,1623113601269240827
27,"build/tests/sizes/cube-3269-bin.msh2","scan",1623113601270188559,1623113601274583408
27,"build/tests/sizes/cube-3269-bin.msh2","chck",1623113601269241728,1623113601274588882
27,"build/tests/sizes/cube-2568-bin.vtk","scan",1623113601292296311,1623113601298316764
27,"build/tests/sizes/cube-2568-bin.vtk","chck",1623113601274589823,1623113601298322530
27,"build/tests/sizes/cube-2420-bin.cgns","scan",1623113601303928833,1623113601324764749
27,"build/tests/sizes/cube-2420-bin.cgns","chck",1623113601298323644,1623113601324771567
27,"build/tests/sizes/cube-3076-geo.geo","scan",1623113601325736838,1623113601328170439
27,"build/tests/sizes/cube-3076-geo.geo","chck",1623113601324773007,1623113601328176904
27,"build/tests/sizes/cube-3780-geo.geo","scan",1623113601353806961,1623113601355117537
27,"build/tests/sizes/cube-3780-geo.geo","chck",1623113601328177851,1623113601355123787
27,"build/tests/sizes/cube-1071-asc.bdf","scan",1623113601368306345,1623113602887022282
27,"build/tests/sizes/cube-1071-asc.bdf","chck",1623113601355125022,1623113602887035222
27,"build/tests/sizes/cube-3647-bin.vtk","scan",1623113602889535597,1623113602907871825
27,"build/tests/sizes/cube-3647-bin.vtk","chck",1623113602887036451,1623113602907877653
27,"build/tests/sizes/cube-2845-bin.cgns","scan",1623113602911502250,1623113602930932304
27,"build/tests/sizes/cube-2845-bin.cgns","chck",1623113602907878647,1623113602930939288
27,"build/tests/sizes/cube-824-stl-bin.geo","scan",1623113602947296317,1623113602973512779
27,"build/tests/sizes/cube-824-stl-bin.geo","chck",1623113602930940562,1623113602973519451
27,"build/tests/sizes/cube-3574-bin.msh4","scan",1623113602974178344,1623113602986106874
27,"build/tests/sizes/cube-3574-bin.msh4","chck",1623113602973520856,1623113602986113539
27,"build/tests/sizes/cube-3572-stl-bin.geo","scan",1623113602986800236,1623113603275904615
27,"build/tests/sizes/cube-3572-stl-bin.geo","chck",1623113602986114663,1623113603275910735
27,"build/tests/sizes/cube-602-bin.msh4","scan",1623113603297047076,1623113603316555770
27,"build/tests/sizes/cube-602-bin.msh4","chck",1623113603275911809,1623113603316561790
27,"build/tests/sizes/cube-1426-asc.bdf","scan",1623113603346289315,1623113603355578958
27,"build/tests/sizes/cube-1426-asc.bdf","chck",1623113603316562903,1623113603355585959
27,"build/tests/sizes/cube-2020-geo.geo_unrolled","scan",1623113603356455653,1623113603357688046
27,"build/tests/sizes/cube-2020-geo.geo_unrolled","chck",1623113603355587219,1623113603357692916
27,"build/tests/sizes/cube-3825-geo.geo_unrolled","scan",1623113603358246386,1623113603359312524
27,"build/tests/sizes/cube-3825-geo.geo_unrolled","chck",1623113603357693858,1623113603359316729
27,"build/tests/sizes/cube-1832-geo.geo","scan",1623113603376955171,1623113603380441160
27,"build/tests/sizes/cube-1832-geo.geo","chck",1623113603359548852,1623113603380448294
27,"build/tests/sizes/cube-1300-bin.cgns","scan",1623113603384734615,1623113603406351573
27,"build/tests/sizes/cube-1300-bin.cgns","chck",1623113603380449393,1623113603406358899
27,"build/tests/sizes/cube-1294-asc.mesh","scan",1623113603417190305,1623113603436286690
27,"build/tests/sizes/cube-1294-asc.mesh","chck",1623113603406359990,1623113603436293207
27,"build/tests/sizes/cube-2576-geo.geo","scan",1623113603436924973,1623113603438324567
27,"build/tests/sizes/cube-2576-geo.geo","chck",1623113603436294543,1623113603438329141
27,"build/tests/sizes/cube-2425-asc.mesh","scan",1623113603438879623,1623113603449801297
27,"build/tests/sizes/cube-2425-asc.mesh","chck",1623113603438330217,1623113603449805818
27,"build/tests/sizes/cube-1585-asc.mesh","scan",1623113603461308968,1623113604514767191
27,"build/tests/sizes/cube-1585-asc.mesh","chck",1623113603449807268,1623113604514774162
27,"build/tests/sizes/cube-405-bin.msh4","scan",1623113604530295008,1623113604538058814
27,"build/tests/sizes/cube-405-bin.msh4","chck",1623113604514775490,1623113604538064230
27,"build/tests/sizes/cube-2007-geo.geo_unrolled","scan",1623113604538718027,1623113604539854143
27,"build/tests/sizes/cube-2007-geo.geo_unrolled","chck",1623113604538065468,1623113604539858866
27,"build/tests/sizes/cube-272-geo.geo","scan",1623113604560202465,1623113604561587854
27,"build/tests/sizes/cube-272-geo.geo","chck",1623113604539859840,1623113604561594315
27,"build/tests/sizes/cube-1320-bin.msh4","scan",1623113604587652634,1623113604616786247
27,"build/tests/sizes/cube-1320-bin.msh4","chck",1623113604561595391,1623113604616792857
27,"build/tests/sizes/cube-2081-bin.vtk","scan",1623113604633613943,1623113604997258993
27,"build/tests/sizes/cube-2081-bin.vtk","chck",1623113604616793991,1623113604997267039
27,"build/tests/sizes/cube-3236-asc.mesh","scan",1623113604998092880,1623113610461751101
27,"build/tests/sizes/cube-3236-asc.mesh","chck",1623113604997268270,1623113610461780254
27,"build/tests/sizes/cube-1722-bin.cgns","scan",1623113610487101998,1623113610522633962
27,"build/tests/sizes/cube-1722-bin.cgns","chck",1623113610461781533,1623113610522640578
27,"build/tests/sizes/cube-3984-geo.geo","scan",1623113610537448084,1623113610539152260
27,"build/tests/sizes/cube-3984-geo.geo","chck",1623113610522641887,1623113610539158465
27,"build/tests/sizes/cube-1777-bin.msh2","scan",1623113610539992147,1623113610966142361
27,"build/tests/sizes/cube-1777-bin.msh2","chck",1623113610539159605,1623113610966148495
27,"build/tests/sizes/cube-2677-geo.geo_unrolled","scan",1623113610983942921,1623113610985139704
27,"build/tests/sizes/cube-2677-geo.geo_unrolled","chck",1623113610966149801,1623113610985145789
27,"build/tests/sizes/cube-2561-bin.msh4","scan",1623113610997941167,1623113611005950498
27,"build/tests/sizes/cube-2561-bin.msh4","chck",1623113610985146883,1623113611005956204
27,"build/tests/sizes/cube-3688-asc.mesh","scan",1623113611019688507,1623113614565426426
27,"build/tests/sizes/cube-3688-asc.mesh","chck",1623113611005957252,1623113614565441723
27,"build/tests/sizes/cube-903-bin.msh4","scan",1623113614573901952,1623113614581995752
27,"build/tests/sizes/cube-903-bin.msh4","chck",1623113614565442902,1623113614582000779
27,"build/tests/sizes/cube-1058-stl-bin.geo","scan",1623113614597998962,1623113614607783625
27,"build/tests/sizes/cube-1058-stl-bin.geo","chck",1623113614582002194,1623113614607789062
27,"build/tests/sizes/cube-1481-geo.geo","scan",1623113614622878058,1623113614624219834
27,"build/tests/sizes/cube-1481-geo.geo","chck",1623113614607790158,1623113614624225073
27,"build/tests/sizes/cube-490-stl-bin.geo","scan",1623113614644045793,1623113614861918323
27,"build/tests/sizes/cube-490-stl-bin.geo","chck",1623113614624226302,1623113614861925035
27,"build/tests/sizes/cube-1957-geo.geo","scan",1623113614862597346,1623113614863953338
27,"build/tests/sizes/cube-1957-geo.geo","chck",1623113614861926219,1623113614863958304
27,"build/tests/sizes/cube-925-bin.vtk","scan",1623113614879350858,1623113615097187511
27,"build/tests/sizes/cube-925-bin.vtk","chck",1623113614863959310,1623113615097193970
27,"build/tests/sizes/cube-3266-asc.msh2","scan",1623113615097886978,1623113615102022616
27,"build/tests/sizes/cube-3266-asc.msh2","chck",1623113615097195137,1623113615102028830
27,"build/tests/sizes/cube-2003-asc.bdf","scan",1623113615102555506,1623113615340433374
27,"build/tests/sizes/cube-2003-asc.bdf","chck",1623113615102029922,1623113615340440577
27,"build/tests/sizes/cube-385-bin.cgns","scan",1623113615361853420,1623113615482165652
27,"build/tests/sizes/cube-385-bin.cgns","chck",1623113615340441797,1623113615482172782
27,"build/tests/sizes/cube-3267-bin.msh4","scan",1623113615482886113,1623113615549879594
27,"build/tests/sizes/cube-3267-bin.msh4","chck",1623113615482173874,1623113615549885991
27,"build/tests/sizes/cube-1858-stl-bin.geo","scan",1623113615550592868,1623113615728070755
27,"build/tests/sizes/cube-1858-stl-bin.geo","chck",1623113615549887067,1623113615728078450
27,"build/tests/sizes/cube-1907-bin.msh4","scan",1623113615750733141,1623113615759132947
27,"build/tests/sizes/cube-1907-bin.msh4","chck",1623113615728079534,1623113615759138421
27,"build/tests/sizes/cube-1882-geo.geo","scan",1623113615768779880,1623113615770116669
27,"build/tests/sizes/cube-1882-geo.geo","chck",1623113615759139641,1623113615770121966
27,"build/tests/sizes/cube-3755-geo.geo","scan",1623113615770659017,1623113615771854635
27,"build/tests/sizes/cube-3755-geo.geo","chck",1623113615770122964,1623113615771858257
27,"build/tests/sizes/cube-3581-asc.bdf","scan",1623113615772353301,1623113616065405594
27,"build/tests/sizes/cube-3581-asc.bdf","chck",1623113615771859176,1623113616065412863
27,"build/tests/sizes/cube-2930-geo.geo_unrolled","scan",1623113616081710742,1623113616093062768
27,"build/tests/sizes/cube-2930-geo.geo_unrolled","chck",1623113616065414408,1623113616093069656
27,"build/tests/sizes/cube-2401-bin.msh4","scan",1623113616094173592,1623113616114152829
27,"build/tests/sizes/cube-2401-bin.msh4","chck",1623113616093070790,1623113616114159684
27,"build/tests/sizes/cube-3206-stl-bin.geo","scan",1623113616114864459,1623113616215835912
27,"build/tests/sizes/cube-3206-stl-bin.geo","chck",1623113616114161155,1623113616215849919
27,"build/tests/sizes/cube-3945-bin.cgns","scan",1623113616219582900,1623113616239211490
27,"build/tests/sizes/cube-3945-bin.cgns","chck",1623113616215851288,1623113616239218152
27,"build/tests/sizes/cube-1026-stl-bin.geo","scan",1623113616260732804,1623113616677931343
27,"build/tests/sizes/cube-1026-stl-bin.geo","chck",1623113616239219214,1623113616677938159
27,"build/tests/sizes/cube-1849-bin.vtk","scan",1623113616679591264,1623113618158403702
27,"build/tests/sizes/cube-1849-bin.vtk","chck",1623113616677939499,1623113618158410549
27,"build/tests/sizes/cube-427-asc.mesh","scan",1623113618159481737,1623113618165814604
27,"build/tests/sizes/cube-427-asc.mesh","chck",1623113618158411926,1623113618165820366
27,"build/tests/sizes/cube-3737-geo.geo","scan",1623113618166371576,1623113618167783572
27,"build/tests/sizes/cube-3737-geo.geo","chck",1623113618165821538,1623113618167787559
27,"build/tests/sizes/cube-667-asc.bdf","scan",1623113618185755750,1623113618211925481
27,"build/tests/sizes/cube-667-asc.bdf","chck",1623113618167788512,1623113618211932324
27,"build/tests/sizes/cube-3359-asc.bdf","scan",1623113618229896240,1623113618311901516
27,"build/tests/sizes/cube-3359-asc.bdf","chck",1623113618211933490,1623113618311908255
27,"build/tests/sizes/cube-2008-bin.cgns","scan",1623113618345225855,1623113618525609910
27,"build/tests/sizes/cube-2008-bin.cgns","chck",1623113618311909501,1623113618525616783
27,"build/tests/sizes/cube-2404-asc.bdf","scan",1623113618526403953,1623113619945906533
27,"build/tests/sizes/cube-2404-asc.bdf","chck",1623113618525617961,1623113619945912980
27,"build/tests/sizes/cube-1863-bin.msh2","scan",1623113619950202264,1623113619996185486
27,"build/tests/sizes/cube-1863-bin.msh2","chck",1623113619945913930,1623113619996191662
27,"build/tests/sizes/cube-37-asc.bdf","scan",1623113620010541024,1623113620038629271
27,"build/tests/sizes/cube-37-asc.bdf","chck",1623113619996323761,1623113620038636807
27,"build/tests/sizes/cube-3623-geo.geo_unrolled","scan",1623113620039236238,1623113620040483962
27,"build/tests/sizes/cube-3623-geo.geo_unrolled","chck",1623113620038638016,1623113620040488508
27,"build/tests/sizes/cube-3236-stl-bin.geo","scan",1623113620049560626,1623113620071965542
27,"build/tests/sizes/cube-3236-stl-bin.geo","chck",1623113620040489480,1623113620071970761
27,"build/tests/sizes/cube-1396-bin.vtk","scan",1623113620091180039,1623113620098345271
27,"build/tests/sizes/cube-1396-bin.vtk","chck",1623113620071971906,1623113620098352601
27,"build/tests/sizes/cube-2920-bin.msh4","scan",1623113620098909883,1623113620100674476
27,"build/tests/sizes/cube-2920-bin.msh4","chck",1623113620098353749,1623113620100679640
27,"build/tests/sizes/cube-1642-geo.geo_unrolled","scan",1623113620102007404,1623113620103221104
27,"build/tests/sizes/cube-1642-geo.geo_unrolled","chck",1623113620100680671,1623113620103225701
27,"build/tests/sizes/cube-2099-bin.vtk","scan",1623113620117283691,1623113620180484250
27,"build/tests/sizes/cube-2099-bin.vtk","chck",1623113620103226883,1623113620180491248
27,"build/tests/sizes/cube-243-asc.mesh","scan",1623113620189893882,1623113620514460053
27,"build/tests/sizes/cube-243-asc.mesh","chck",1623113620180492373,1623113620514466628
27,"build/tests/sizes/cube-3912-geo.geo","scan",1623113620526873505,1623113620528269077
27,"build/tests/sizes/cube-3912-geo.geo","chck",1623113620514467901,1623113620528274683
27,"build/tests/sizes/cube-3942-stl-bin.geo","scan",1623113620548126783,1623113620589878469
27,"build/tests/sizes/cube-3942-stl-bin.geo","chck",1623113620528275763,1623113620589883988
27,"build/tests/sizes/cube-611-bin.vtk","scan",1623113620603365037,1623113620610440693
27,"build/tests/sizes/cube-611-bin.vtk","chck",1623113620589885009,1623113620610445483
27,"build/tests/sizes/cube-3685-bin.msh2","scan",1623113620610994641,1623113620722224374
27,"build/tests/sizes/cube-3685-bin.msh2","chck",1623113620610446407,1623113620722230424
27,"build/tests/sizes/cube-2938-asc.bdf","scan",1623113620722873724,1623113620727142466
27,"build/tests/sizes/cube-2938-asc.bdf","chck",1623113620722231504,1623113620727148516
27,"build/tests/sizes/cube-3939-asc.msh2","scan",1623113620750190456,1623113620763218379
27,"build/tests/sizes/cube-3939-asc.msh2","chck",1623113620727149779,1623113620763223471
27,"build/tests/sizes/cube-2045-asc.msh2","scan",1623113620763801332,1623113620773069297
27,"build/tests/sizes/cube-2045-asc.msh2","chck",1623113620763224546,1623113620773075461
27,"build/tests/sizes/cube-2650-geo.geo","scan",1623113620794665932,1623113620796070309
27,"build/tests/sizes/cube-2650-geo.geo","chck",1623113620773076545,1623113620796076292
27,"build/tests/sizes/cube-1544-bin.msh4","scan",1623113620810205980,1623113620818166205
27,"build/tests/sizes/cube-1544-bin.msh4","chck",1623113620796077359,1623113620818173028
27,"build/tests/sizes/cube-2891-geo.geo_unrolled","scan",1623113620819276443,1623113620820486645
27,"build/tests/sizes/cube-2891-geo.geo_unrolled","chck",1623113620818174201,1623113620820491451
27,"build/tests/sizes/cube-3063-bin.msh2","scan",1623113620830202710,1623113620927290920
27,"build/tests/sizes/cube-3063-bin.msh2","chck",1623113620820492504,1623113620927297768
27,"build/tests/sizes/cube-2375-bin.vtk","scan",1623113620927936015,1623113621052662936
27,"build/tests/sizes/cube-2375-bin.vtk","chck",1623113620927298929,1623113621052669682
27,"build/tests/sizes/cube-3339-geo.geo","scan",1623113621068057176,1623113621069549894
27,"build/tests/sizes/cube-3339-geo.geo","chck",1623113621052670758,1623113621069555680
27,"build/tests/sizes/cube-400-geo.geo","scan",1623113621081428858,1623113621082853976
27,"build/tests/sizes/cube-400-geo.geo","chck",1623113621069556818,1623113621082858623
27,"cube-400-geo","mesh",1623113621084268997,1623113621099336072
27,"cube-400-geo","prep",1623113621100387709,1623113621100748197
27,"cube-400-geo","zzzz",1623113621100752065,1623113621108410907,494,983,2949
27,"cube-400-geo","post",1623113621108414314,1623113621108611730
27,"cube-3339-geo","mesh",1623113621108679699,1623113621128140091
27,"cube-3339-geo","prep",1623113621129174257,1623113621129952116
27,"cube-3339-geo","zzzz",1623113621129955225,1623113621145853384,950,1701,5103
27,"cube-3339-geo","post",1623113621145862751,1623113621146175690
27,"cube-2375-bin","prep",1623113621146246674,1623113621204493528
27,"cube-2375-bin","zzzz",1623113621204500308,1623113627537043616,79445,114577,343731
27,"cube-2375-bin","post",1623113627537054229,1623113627545030123
27,"cube-3063-bin","prep",1623113627545066161,1623113627557462553
27,"cube-3063-bin","zzzz",1623113627557466669,1623113628481269107,20349,30515,91545
27,"cube-3063-bin","post",1623113628481279248,1623113628483923666
27,"cube-1585-asc","prep",1623113628483958220,1623113628488446115
27,"cube-1585-asc","zzzz",1623113628488449122,1623113662286553984,22680,356228,1068684
27,"cube-1585-asc","post",1623113662286563669,1623113662325652882
27,"cube-2401-bin","prep",1623113662325686412,1623113662336865805
27,"cube-2401-bin","zzzz",1623113662336870758,1623113663281738315,20706,30964,92892
27,"cube-2401-bin","post",1623113663281748268,1623113663283655184
27,"cube-2576-geo","mesh",1623113663283823789,1623113663314261945
27,"cube-2576-geo","prep",1623113663315252249,1623113663316501842
27,"cube-2576-geo","zzzz",1623113663316504162,1623113663343702788,1403,2549,7647
27,"cube-2576-geo","post",1623113663343711524,1623113663344206647
27,"cube-3574-bin","prep",1623113663344500568,1623113663355307222
27,"cube-3574-bin","zzzz",1623113663355311466,1623113664249253964,19831,29800,89400
27,"cube-3574-bin","post",1623113664249260714,1623113664251212475
27,"cube-611-bin","prep",1623113664251372759,1623113664251617013
27,"cube-611-bin","zzzz",1623113664251618632,1623113664256405414,329,684,2052
27,"cube-611-bin","post",1623113664256420784,1623113664256511599
27,"cube-2620-asc","prep",1623113664256524521,1623113664265479811
27,"cube-2620-asc","zzzz",1623113664265482380,1623113665042413581,17851,27055,81165
27,"cube-2620-asc","post",1623113665042423250,1623113665044898126
27,"cube-1426-asc","prep",1623113665044933332,1623113665045641896
27,"cube-1426-asc","zzzz",1623113665045643912,1623113665048983316,250,517,1551
27,"cube-1426-asc","post",1623113665048987246,1623113665049115745
27,"cube-2067-asc","prep",1623113665049128765,1623113665049318928
27,"cube-2067-asc","zzzz",1623113665049320238,1623113665052258266,214,469,1407
27,"cube-2067-asc","post",1623113665052273553,1623113665052338305
27,"cube-3753-asc","prep",1623113665052351269,1623113665055781757
27,"cube-3753-asc","zzzz",1623113665055783359,1623113697484399941,22152,346453,1039359
27,"cube-3753-asc","post",1623113697484413338,1623113697522047688
27,"cube-1071-asc","prep",1623113697522081537,1623113697622012306
27,"cube-1071-asc","zzzz",1623113697622016047,1623113716542381874,170291,240875,722625
27,"cube-1071-asc","post",1623113716542396459,1623113716559331258
27,"cube-1863-bin","prep",1623113716559366633,1623113716559687979
27,"cube-1863-bin","zzzz",1623113716559689408,1623113716565356026,373,776,2328
27,"cube-1863-bin","post",1623113716565366557,1623113716565539138
27,"cube-1832-geo","mesh",1623113716565574128,1623113716575357666
27,"cube-1832-geo","prep",1623113716576272420,1623113716576554074
27,"cube-1832-geo","zzzz",1623113716576555809,1623113716581324833,327,680,2040
27,"cube-1832-geo","post",1623113716581334823,1623113716581665577
27,"cube-2920-bin","prep",1623113716581678793,1623113716582279623
27,"cube-2920-bin","zzzz",1623113716582281668,1623113716606418471,1281,2330,6990
27,"cube-2920-bin","post",1623113716606428382,1623113716606734031
27,"cube-903-bin","prep",1623113716606791546,1623113716606971416
27,"cube-903-bin","zzzz",1623113716606972607,1623113716611812543,334,687,2061
27,"cube-903-bin","post",1623113716611822730,1623113716612046881
27,"cube-3737-geo","mesh",1623113716612080507,1623113716621266979
27,"cube-3737-geo","prep",1623113716622077853,1623113716622351797
27,"cube-3737-geo","zzzz",1623113716622715273,1623113716628036980,361,740,2220
27,"cube-3737-geo","post",1623113716628046964,1623113716628354206
27,"cube-37-asc","prep",1623113716628391717,1623113716629086641
27,"cube-37-asc","zzzz",1623113716629088152,1623113716640327720,691,1308,3924
27,"cube-37-asc","post",1623113716640337738,1623113716640558203
27,"cube-602-bin","prep",1623113716640590616,1623113716641535903
27,"cube-602-bin","zzzz",1623113716641537643,1623113716661864348,1122,2047,6141
27,"cube-602-bin","post",1623113716661874417,1623113716662414725
27,"cube-1396-bin","prep",1623113716662614179,1623113716662803400
27,"cube-1396-bin","zzzz",1623113716662804827,1623113716666470890,264,555,1665
27,"cube-1396-bin","post",1623113716666490735,1623113716666537996
27,"cube-2003-asc","prep",1623113716666549463,1623113716680644626
27,"cube-2003-asc","zzzz",1623113716680647193,1623113718440831287,32087,47558,142674
27,"cube-2003-asc","post",1623113718440864206,1623113718443857055
27,"cube-2891-geo","mesh",1623113718443876268,1623113724539281910
27,"cube-2891-geo","prep",1623113724540261646,1623113725047403565
27,"cube-2891-geo","zzzz",1623113725047410110,1623113808288102191,470686,650585,1951755
27,"cube-2891-geo","post",1623113808288115684,1623113808404604286
27,"cube-3267-bin","prep",1623113808404913347,1623113808477368442
27,"cube-3267-bin","zzzz",1623113808477374226,1623113819427737598,117168,166274,498822
27,"cube-3267-bin","post",1623113819427748323,1623113819438041581
27,"cube-682-bin","prep",1623113819438087122,1623113819504181981
27,"cube-682-bin","zzzz",1623113819504189406,1623113830896300643,120127,170824,512472
27,"cube-682-bin","post",1623113830896311312,1623113830906975191
27,"cube-667-asc","prep",1623113830907021393,1623113830907462538
27,"cube-667-asc","zzzz",1623113830907463864,1623113830912853426,365,746,2238
27,"cube-667-asc","post",1623113830912863801,1623113830913044616
27,"cube-3359-asc","prep",1623113830913077820,1623113830916747916
27,"cube-3359-asc","zzzz",1623113830916750071,1623113831151408362,7417,11760,35280
27,"cube-3359-asc","post",1623113831151418613,1623113831152867383
27,"cube-2764-bin","prep",1623113831152915485,1623113831155730026
27,"cube-2764-bin","zzzz",1623113831155732121,1623113831301227464,5218,8423,25269
27,"cube-2764-bin","post",1623113831301237593,1623113831302535404
27,"cube-1849-bin","prep",1623113831302553383,1623113831894568428
27,"cube-1849-bin","zzzz",1623113831894582811,1623114011049775103,813276,1114039,3342117
27,"cube-1849-bin","post",1623114011049789073,1623114011126303014
27,"cube-3647-bin","prep",1623114011126867333,1623114011133735983
27,"cube-3647-bin","zzzz",1623114011133739775,1623114011490086183,9948,15747,47241
27,"cube-3647-bin","post",1623114011490096576,1623114011490954857
27,"cube-3076-geo","mesh",1623114011490976228,1623114012301578013
27,"cube-3076-geo","prep",1623114012302498429,1623114012368818762
27,"cube-3076-geo","zzzz",1623114012368825211,1623114016537412836,59043,85958,257874
27,"cube-3076-geo","post",1623114016537422555,1623114016563393396
27,"cube-2930-geo","mesh",1623114016565139640,1623114016638991039
27,"cube-2930-geo","prep",1623114016640095813,1623114016641754485
27,"cube-2930-geo","zzzz",1623114016641756939,1623114016734208203,3746,6132,18396
27,"cube-2930-geo","post",1623114016734217190,1623114016735146508
27,"cube-3661-bin","prep",1623114016735699788,1623114016736706252
27,"cube-3661-bin","zzzz",1623114016736708304,1623114016761124547,1299,2352,7056
27,"cube-3661-bin","post",1623114016761140493,1623114016761360341
27,"cube-2404-asc","prep",1623114016761375596,1623114016866046758
27,"cube-2404-asc","zzzz",1623114016866050761,1623114036555861219,175595,247458,742374
27,"cube-2404-asc","post",1623114036555875028,1623114036571158590
27,"cube-2099-bin","prep",1623114036571199621,1623114036581262980
27,"cube-2099-bin","zzzz",1623114036581266318,1623114037511665826,20435,30623,91869
27,"cube-2099-bin","post",1623114037511678958,1623114037513894926
27,"cube-3894-bin.cgns","prep",1623114037513917777,1623114037514415082
27,"cube-3894-bin.cgns","zzzz",1623114037514420276,1623114037516558544,177,364,1092
27,"cube-3894-bin.cgns","post",1623114037516568618,1623114037516994597
27,"cube-537-bin.cgns","prep",1623114037517041074,1623114037924176061
27,"cube-537-bin.cgns","zzzz",1623114037924184664,1623114208976200418,785116,1076030,3228090
27,"cube-537-bin.cgns","post",1623114208976215390,1623114208976295589
27,"cube-1263-bin.cgns","prep",1623114208976364669,1623114208998110381
27,"cube-1263-bin.cgns","zzzz",1623114208998114267,1623114209055854812,2588,4406,13218
27,"cube-1263-bin.cgns","post",1623114209055865116,1623114209055920408
27,"cube-1722-bin.cgns","prep",1623114209055977045,1623114209056294929
27,"cube-1722-bin.cgns","zzzz",1623114209056297065,1623114209060375265,296,603,1809
27,"cube-1722-bin.cgns","post",1623114209060385337,1623114209060433995
27,"cube-3206-stl-bin","mesh",1623114209060479747,1623114210070479651
27,"cube-3206-stl-bin","prep",1623114210071397716,1623114210168800762
27,"cube-3206-stl-bin","zzzz",1623114210168807718,1623114219330743135,87009,147294,441882
27,"cube-3206-stl-bin","post",1623114219330751490,1623114219368231205
27,"cube-3984-geo","mesh",1623114219368272667,1623114219535274832
27,"cube-3984-geo","prep",1623114219537320441,1623114219541769545
27,"cube-3984-geo","zzzz",1623114219541773337,1623114219865617965,9302,14719,44157
27,"cube-3984-geo","post",1623114219865637426,1623114219870719902
27,"cube-2845-bin.cgns","prep",1623114219871293780,1623114219897775582
27,"cube-2845-bin.cgns","zzzz",1623114219897783107,1623114247723913399,222642,312522,937566
27,"cube-2845-bin.cgns","post",1623114247723927530,1623114247724006475
27,"cube-1957-geo","mesh",1623114247724076923,1623114248025557698
27,"cube-1957-geo","prep",1623114248026501366,1623114248055330216
27,"cube-1957-geo","zzzz",1623114248055337024,1623114249009988364,20737,31201,93603
27,"cube-1957-geo","post",1623114249010001692,1623114249022004138
27,"cube-3685-bin","prep",1623114249023020118,1623114249040251148
27,"cube-3685-bin","zzzz",1623114249040254500,1623114250659514656,30258,44883,134649
27,"cube-3685-bin","post",1623114250659525527,1623114250662359673
27,"cube-2020-geo","mesh",1623114250662388404,1623114250730656907
27,"cube-2020-geo","prep",1623114250731555231,1623114250734522555
27,"cube-2020-geo","zzzz",1623114250734525097,1623114250838137997,4038,6642,19926
27,"cube-2020-geo","post",1623114250838148130,1623114250839134031
27,"cube-2565-asc","prep",1623114250839580167,1623114250840089399
27,"cube-2565-asc","zzzz",1623114250840090969,1623114250843032141,168,468,1404
27,"cube-2565-asc","post",1623114250843042129,1623114250843230594
27,"cube-3236-stl-bin","mesh",1623114250843266153,1623114250846531080
27,"cube-3236-stl-bin","prep",1623114250847405532,1623114250847597617
27,"cube-3236-stl-bin","zzzz",1623114250847599435,1623114250853879263,239,840,2520
27,"cube-3236-stl-bin","post",1623114250853889558,1623114250854058794
27,"cube-2561-bin","prep",1623114250854091509,1623114250854457923
27,"cube-2561-bin","zzzz",1623114250854459309,1623114250857697264,241,504,1512
27,"cube-2561-bin","post",1623114250857707302,1623114250857935485
27,"cube-3945-bin.cgns","prep",1623114250857969293,1623114250858699937
27,"cube-3945-bin.cgns","zzzz",1623114250858702093,1623114250862349313,264,553,1659
27,"cube-3945-bin.cgns","post",1623114250862359632,1623114250862417109
27,"cube-3572-stl-bin","mesh",1623114250862465224,1623114255950857955
27,"cube-3572-stl-bin","prep",1623114255951956337,1623114256373981244
27,"cube-3572-stl-bin","zzzz",1623114256373989036,1623114336003022263,410519,631682,1895046
27,"cube-3572-stl-bin","post",1623114336003037114,1623114336118981199
27,"cube-2008-bin.cgns","prep",1623114336119245603,1623114336253414827
27,"cube-2008-bin.cgns","zzzz",1623114336253422330,1623114355914785896,175378,247239,741717
27,"cube-2008-bin.cgns","post",1623114355914799354,1623114355914892671
27,"cube-3755-geo","mesh",1623114355914964161,1623114355958532855
27,"cube-3755-geo","prep",1623114355959472032,1623114355961402831
27,"cube-3755-geo","zzzz",1623114355961405371,1623114356016264932,2471,4251,12753
27,"cube-3755-geo","post",1623114356016726341,1623114356017512055
27,"cube-2059-bin","prep",1623114356017857499,1623114356020592325
27,"cube-2059-bin","zzzz",1623114356020594588,1623114356166483661,5236,8439,25317
27,"cube-2059-bin","post",1623114356166493904,1623114356167015017
27,"cube-3942-stl-bin","mesh",1623114356167052868,1623114356251425084
27,"cube-3942-stl-bin","prep",1623114356252343963,1623114356257936010
27,"cube-3942-stl-bin","zzzz",1623114356257938493,1623114356648751094,7961,16775,50325
27,"cube-3942-stl-bin","post",1623114356648761138,1623114356651204431
27,"cube-429-bin.cgns","prep",1623114356651223246,1623114356677370425
27,"cube-429-bin.cgns","zzzz",1623114356677373459,1623114358460357212,32403,47984,143952
27,"cube-429-bin.cgns","post",1623114358460373174,1623114358460404704
27,"cube-2420-bin.cgns","prep",1623114358460427918,1623114358755257800
27,"cube-2420-bin.cgns","zzzz",1623114358755265582,1623114964551241322,2048255,2777938,8333814
27,"cube-2420-bin.cgns","post",1623114964551251450,1623114964551294769
27,"cube-1544-bin","prep",1623114964551967274,1623114964552155529
27,"cube-1544-bin","zzzz",1623114964552158246,1623114964555001628,209,464,1392
27,"cube-1544-bin","post",1623114964555003107,1623114964555119808
27,"cube-3266-asc","prep",1623114964555133678,1623114964555453401
27,"cube-3266-asc","zzzz",1623114964555454568,1623114964563101233,489,978,2934
27,"cube-3266-asc","post",1623114964563116538,1623114964563211606
27,"cube-3688-asc","prep",1623114964563225382,1623114964571832806
27,"cube-3688-asc","zzzz",1623114964571834582,1623115200942155089,56754,1371428,4114284
27,"cube-3688-asc","post",1623115200942165028,1623115201084747131
27,"cube-1858-stl-bin","mesh",1623115201084792835,1623115204077942805
27,"cube-1858-stl-bin","prep",1623115204175634121,1623115204340353021
27,"cube-1858-stl-bin","zzzz",1623115204340360970,1623115237987698523,224159,355164,1065492
27,"cube-1858-stl-bin","post",1623115237987718176,1623115238066605529
27,"cube-2045-asc","prep",1623115238066646256,1623115238079994837
27,"cube-2045-asc","zzzz",1623115238079999028,1623115238104245270,1285,2338,7014
27,"cube-2045-asc","post",1623115238104254505,1623115238104568679
27,"cube-1907-bin","prep",1623115238104689075,1623115238109101048
27,"cube-1907-bin","zzzz",1623115238109103569,1623115238114240225,345,722,2166
27,"cube-1907-bin","post",1623115238114255789,1623115238114401067
27,"cube-3758-bin.cgns","prep",1623115238114421818,1623115238115190137
27,"cube-3758-bin.cgns","zzzz",1623115238115192707,1623115238164451861,2269,3941,11823
27,"cube-3758-bin.cgns","post",1623115238164462192,1623115238164502537
27,"cube-233-bin.cgns","prep",1623115238164540784,1623115238427381424
27,"cube-233-bin.cgns","zzzz",1623115238427390305,1623115320423642130,466220,644097,1932291
27,"cube-233-bin.cgns","post",1623115320423655910,1623115320423729078
27,"cube-243-asc","prep",1623115320423793778,1623115320425373120
27,"cube-243-asc","zzzz",1623115320425375009,1623115327407444425,10626,122373,367119
27,"cube-243-asc","post",1623115327407460534,1623115327419868465
27,"cube-3939-asc","prep",1623115327419904219,1623115327420237151
27,"cube-3939-asc","zzzz",1623115327420238353,1623115327427694054,471,959,2877
27,"cube-3939-asc","post",1623115327427709695,1623115327427800734
27,"cube-2817-bin","prep",1623115327427815209,1623115327457543293
27,"cube-2817-bin","zzzz",1623115327457547484,1623115330426101056,46240,68115,204345
27,"cube-2817-bin","post",1623115330426112770,1623115330433356180
27,"cube-1481-geo","mesh",1623115330433388882,1623115333374520277
27,"cube-1481-geo","prep",1623115333375487557,1623115333621549166
27,"cube-1481-geo","zzzz",1623115333621555380,1623115360215732092,216211,303118,909354
27,"cube-1481-geo","post",1623115360215745594,1623115360294940667
27,"cube-2802-stl-bin","mesh",1623115360294990140,1623115360948637796
27,"cube-2802-stl-bin","prep",1623115360949614961,1623115361008056503
27,"cube-2802-stl-bin","zzzz",1623115361008064210,1623115365730987223,53016,93716,281148
27,"cube-2802-stl-bin","post",1623115365731005731,1623115365756642640
27,"cube-2938-asc","prep",1623115365756674479,1623115365763490021
27,"cube-2938-asc","zzzz",1623115365763492562,1623115365768297805,329,684,2052
27,"cube-2938-asc","post",1623115365768308621,1623115365768542320
27,"cube-3912-geo","mesh",1623115365768587635,1623115365800376949
27,"cube-3912-geo","prep",1623115365801315541,1623115365802290136
27,"cube-3912-geo","zzzz",1623115365802292239,1623115365825091979,1213,2232,6696
27,"cube-3912-geo","post",1623115365825102076,1623115365825582130
27,"cube-3581-asc","prep",1623115365825598360,1623115365845164090
27,"cube-3581-asc","zzzz",1623115365845166151,1623115368101969496,38190,56436,169308
27,"cube-3581-asc","post",1623115368101981419,1623115368107014734
27,"cube-2650-geo","mesh",1623115368107036922,1623115368320793789
27,"cube-2650-geo","prep",1623115368323002554,1623115368329539971
27,"cube-2650-geo","zzzz",1623115368329543470,1623115368888855090,13983,21544,64632
27,"cube-2650-geo","post",1623115368888865185,1623115368893318647
27,"cube-2568-bin","prep",1623115368893357943,1623115368894828298
27,"cube-2568-bin","zzzz",1623115368894830166,1623115368898918374,297,604,1812
27,"cube-2568-bin","post",1623115368898928519,1623115368899090815
27,"cube-2425-asc","prep",1623115368899124269,1623115368899523811
27,"cube-2425-asc","zzzz",1623115368899525176,1623115368951452836,904,4090,12270
27,"cube-2425-asc","post",1623115368951463017,1623115368953011490
27,"cube-2081-bin","prep",1623115368953024722,1623115369058913483
27,"cube-2081-bin","zzzz",1623115369058919725,1623115388738990690,175565,247371,742113
27,"cube-2081-bin","post",1623115388739004188,1623115388755561125
27,"cube-1058-stl-bin","mesh",1623115388755606905,1623115388759882255
27,"cube-1058-stl-bin","prep",1623115388760845689,1623115388761148609
27,"cube-1058-stl-bin","zzzz",1623115388761150781,1623115388768551765,287,952,2856
27,"cube-1058-stl-bin","post",1623115388768570891,1623115388768698133
27,"cube-775-asc","prep",1623115388768710803,1623115388768993513
27,"cube-775-asc","zzzz",1623115388768995032,1623115388956208088,1736,10054,30162
27,"cube-775-asc","post",1623115388956218296,1623115388957939294
27,"cube-1936-asc","prep",1623115388957952610,1623115388958490112
27,"cube-1936-asc","zzzz",1623115388958491647,1623115388962497932,287,592,1776
27,"cube-1936-asc","post",1623115388962502818,1623115388962565874
27,"cube-1691-bin","prep",1623115388962578013,1623115388977393882
27,"cube-1691-bin","zzzz",1623115388977396551,1623115390356379648,26936,40176,120528
27,"cube-1691-bin","post",1623115390356390253,1623115390358587309
27,"cube-538-bin","prep",1623115390358849259,1623115390359144296
27,"cube-538-bin","zzzz",1623115390359146031,1623115390364034966,338,693,2079
27,"cube-538-bin","post",1623115390364045437,1623115390364193594
27,"cube-405-bin","prep",1623115390364227760,1623115390364738014
27,"cube-405-bin","zzzz",1623115390364739455,1623115390370345568,367,770,2310
27,"cube-405-bin","post",1623115390370355655,1623115390370575128
27,"cube-3203-bin","prep",1623115390370588353,1623115390390825310
27,"cube-3203-bin","zzzz",1623115390390828059,1623115392608274258,37774,55732,167196
27,"cube-3203-bin","post",1623115392608285060,1623115392611483975
27,"cube-1026-stl-bin","mesh",1623115392611657906,1623115399967013013
27,"cube-1026-stl-bin","prep",1623115399968030124,1623115400573413611
27,"cube-1026-stl-bin","zzzz",1623115400573421151,1623115530666417644,579255,876310,2628930
27,"cube-1026-stl-bin","post",1623115530666428206,1623115530842253472
27,"cube-385-bin.cgns","prep",1623115530842292598,1623115530880847765
27,"cube-385-bin.cgns","zzzz",1623115530880853286,1623115530995963780,4359,7150,21450
27,"cube-385-bin.cgns","post",1623115530995971677,1623115530996009122
27,"cube-1882-geo","mesh",1623115530996052509,1623115538296359348
27,"cube-1882-geo","prep",1623115538297338937,1623115538876392106
27,"cube-1882-geo","zzzz",1623115538876397969,1623115629849881659,499318,690152,2070456
27,"cube-1882-geo","post",1623115629849895789,1623115629999611721
27,"cube-2677-geo","mesh",1623115629999664957,1623115632140151939
27,"cube-2677-geo","prep",1623115632141433162,1623115632323758510
27,"cube-2677-geo","zzzz",1623115632323765185,1623115647003792572,143302,202897,608691
27,"cube-2677-geo","post",1623115647003806059,1623115647072046533
27,"cube-1890-geo","mesh",1623115647072109988,1623115647501603126
27,"cube-1890-geo","prep",1623115647502549192,1623115647527320245
27,"cube-1890-geo","zzzz",1623115647527325245,1623115648913287024,27065,40356,121068
27,"cube-1890-geo","post",1623115648913298446,1623115648922278425
27,"cube-3269-bin","prep",1623115648922330391,1623115648925084286
27,"cube-3269-bin","zzzz",1623115648925086401,1623115648935163383,617,1204,3612
27,"cube-3269-bin","post",1623115648935173769,1623115648935394949
27,"cube-925-bin","prep",1623115648935430216,1623115648989677138
27,"cube-925-bin","zzzz",1623115648989684332,1623115657099311295,94675,135609,406827
27,"cube-925-bin","post",1623115657099323542,1623115657110519102
27,"cube-3965-stl-bin","mesh",1623115657110551117,1623115658167355089
27,"cube-3965-stl-bin","prep",1623115658168320312,1623115658267464658
27,"cube-3965-stl-bin","zzzz",1623115658267472056,1623115666978086083,84534,142308,426924
27,"cube-3965-stl-bin","post",1623115666978098256,1623115667020968848
27,"cube-656-asc","prep",1623115667021002134,1623115667034723919
27,"cube-656-asc","zzzz",1623115667034726534,1623115667463588701,11490,17894,53682
27,"cube-656-asc","post",1623115667463598985,1623115667465599636
27,"cube-2380-stl-bin","mesh",1623115667465621599,1623115667485129272
27,"cube-2380-stl-bin","prep",1623115667486061693,1623115667486381816
27,"cube-2380-stl-bin","zzzz",1623115667486383725,1623115667496515796,350,1209,3627
27,"cube-2380-stl-bin","post",1623115667496525895,1623115667496734539
27,"cube-2027-stl-bin","mesh",1623115667496748097,1623115667578836659
27,"cube-2027-stl-bin","prep",1623115667579731507,1623115667584940080
27,"cube-2027-stl-bin","zzzz",1623115667584942730,1623115667935030937,7395,15539,46617
27,"cube-2027-stl-bin","post",1623115667935041147,1623115667936938775
27,"cube-272-geo","mesh",1623115667936958927,1623115668391760508
27,"cube-272-geo","prep",1623115668392709371,1623115668421849280
27,"cube-272-geo","zzzz",1623115668421854656,1623115670130627698,31458,46593,139779
27,"cube-272-geo","post",1623115670130639350,1623115670141398766
27,"cube-1642-geo","mesh",1623115670141437759,1623115675501050381
27,"cube-1642-geo","prep",1623115675502011596,1623115675937645717
27,"cube-1642-geo","zzzz",1623115675937651948,1623115734138411120,368532,512622,1537866
27,"cube-1642-geo","post",1623115734138425668,1623115734274929348
27,"cube-3747-asc","prep",1623115734274996040,1623115734290019529
27,"cube-3747-asc","zzzz",1623115734290022089,1623115770207900599,24140,371052,1113156
27,"cube-3747-asc","post",1623115770207909700,1623115770245611145
27,"cube-1777-bin","prep",1623115770245661893,1623115770323174328
27,"cube-1777-bin","zzzz",1623115770323181678,1623115781159202516,116354,165162,495486
27,"cube-1777-bin","post",1623115781159213063,1623115781172647954
27,"cube-490-stl-bin","mesh",1623115781172695212,1623115783839603452
27,"cube-490-stl-bin","prep",1623115783840539744,1623115784057575709
27,"cube-490-stl-bin","zzzz",1623115784057583791,1623115813271575459,202756,322972,968916
27,"cube-490-stl-bin","post",1623115813271588645,1623115813364681026
27,"cube-3236-asc","prep",1623115813364721262,1623115813386531301
27,"cube-3236-asc","zzzz",1623115813386535018,1623116253143661367,77480,2184679,6554037
27,"cube-3236-asc","post",1623116253143671189,1623116253368711755
27,"cube-2007-geo","mesh",1623116253368765811,1623116253394412654
27,"cube-2007-geo","prep",1623116253395362484,1623116253395678963
27,"cube-2007-geo","zzzz",1623116253395681202,1623116253400487236,333,686,2058
27,"cube-2007-geo","post",1623116253400502761,1623116253400694731
27,"cube-3623-geo","mesh",1623116253400709239,1623116261818242007
27,"cube-3623-geo","prep",1623116261819231646,1623116262472129690
27,"cube-3623-geo","zzzz",1623116262472134807,1623116376679590669,581386,802471,2407413
27,"cube-3623-geo","post",1623116376679611670,1623116376870740054
27,"cube-1300-bin.cgns","prep",1623116376870810203,1623116376918254391
27,"cube-1300-bin.cgns","zzzz",1623116376918259814,1623116376946657616,1452,2635,7905
27,"cube-1300-bin.cgns","post",1623116376946674003,1623116376946716802
27,"cube-90-stl-bin","mesh",1623116376946751077,1623116376951560088
27,"cube-90-stl-bin","prep",1623116376952502428,1623116376952843801
27,"cube-90-stl-bin","zzzz",1623116376952846244,1623116376962843455,341,1198,3594
27,"cube-90-stl-bin","post",1623116376962858246,1623116376962975622
27,"cube-3311-asc","prep",1623116376962988524,1623116376965460558
27,"cube-3311-asc","zzzz",1623116376965462217,1623116377084179329,4485,7306,21918
27,"cube-3311-asc","post",1623116377084190674,1623116377085452411
27,"cube-427-asc","prep",1623116377085484082,1623116377085846204
27,"cube-427-asc","zzzz",1623116377085847859,1623116377113023682,664,2549,7647
27,"cube-427-asc","post",1623116377113041084,1623116377113304133
27,"cube-2647-bin","prep",1623116377113322734,1623116377270262064
27,"cube-2647-bin","zzzz",1623116377270269598,1623116407213216600,234125,328325,984975
27,"cube-2647-bin","post",1623116407213230166,1623116407234413253
27,"cube-1320-bin","prep",1623116407234449480,1623116407242999032
27,"cube-1320-bin","zzzz",1623116407243002521,1623116407948825566,16598,25285,75855
27,"cube-1320-bin","post",1623116407948836050,1623116407950343196
27,"cube-1294-asc","prep",1623116407950465342,1623116407950697679
27,"cube-1294-asc","zzzz",1623116407950699180,1623116407968426000,456,1846,5538
27,"cube-1294-asc","post",1623116407968436033,1623116407969526666
27,"cube-249-asc","prep",1623116407969539352,1623116408010021117
27,"cube-249-asc","zzzz",1623116408010027249,1623116413245226150,69511,100589,301767
27,"cube-249-asc","post",1623116413245242000,1623116413255549704
27,"cube-824-stl-bin","mesh",1623116413255594050,1623116413275415438
27,"cube-824-stl-bin","prep",1623116413276362662,1623116413277535085
27,"cube-824-stl-bin","zzzz",1623116413277537650,1623116413327223922,1428,3965,11895
27,"cube-824-stl-bin","post",1623116413327234095,1623116413327794439
27,"cube-3825-geo","mesh",1623116413327958183,1623116416999102172
27,"cube-3825-geo","prep",1623116417000047161,1623116417297827565
27,"cube-3825-geo","zzzz",1623116417297834606,1623116449932928164,248362,347923,1043769
27,"cube-3825-geo","post",1623116449932941543,1623116450026582192
27,"cube-3780-geo","mesh",1623116450026625221,1623116450063224350
27,"cube-3780-geo","prep",1623116450064160458,1623116450065030423
27,"cube-3780-geo","zzzz",1623116450065032830,1623116450085479319,1123,2056,6168
27,"cube-3780-geo","post",1623116450085489453,1623116450085926076
27,"Proc","exit_task",1623113578265284516,1623116450105060283,1828540
