13,"build/tests/sizes/cube-1251-bin.msh2","scan",1623113600524483382,1623113601583969239
13,"build/tests/sizes/cube-1251-bin.msh2","chck",1623113600523849810,1623113601584207580
13,"build/tests/sizes/cube-3953-asc.mesh","scan",1623113601584796619,1623113601724396497
13,"build/tests/sizes/cube-3953-asc.mesh","chck",1623113601584209369,1623113601724409720
13,"build/tests/sizes/cube-3481-geo.geo","scan",1623113601726734078,1623113601728591171
13,"build/tests/sizes/cube-3481-geo.geo","chck",1623113601724411120,1623113601728597326
13,"build/tests/sizes/cube-3744-stl-bin.geo","scan",1623113601735617379,1623113602462223111
13,"build/tests/sizes/cube-3744-stl-bin.geo","chck",1623113601728598414,1623113602462229789
13,"build/tests/sizes/cube-1913-bin.msh4","scan",1623113602463752366,1623113602495440165
13,"build/tests/sizes/cube-1913-bin.msh4","chck",1623113602462231191,1623113602495447101
13,"build/tests/sizes/cube-2838-geo.geo_unrolled","scan",1623113602518346879,1623113602519536894
13,"build/tests/sizes/cube-2838-geo.geo_unrolled","chck",1623113602495448413,1623113602519542687
13,"build/tests/sizes/cube-2585-asc.msh2","scan",1623113602520090026,1623113603411555672
13,"build/tests/sizes/cube-2585-asc.msh2","chck",1623113602519543795,1623113603411577258
13,"build/tests/sizes/cube-2745-asc.msh2","scan",1623113603412319969,1623113603415580200
13,"build/tests/sizes/cube-2745-asc.msh2","chck",1623113603411578681,1623113603415585922
13,"build/tests/sizes/cube-1530-asc.bdf","scan",1623113603427090054,1623113603596600509
13,"build/tests/sizes/cube-1530-asc.bdf","chck",1623113603415587258,1623113603596606920
13,"build/tests/sizes/cube-2381-asc.msh2","scan",1623113603609971090,1623113603673539474
13,"build/tests/sizes/cube-2381-asc.msh2","chck",1623113603596608099,1623113603673546518
13,"build/tests/sizes/cube-1751-bin.cgns","scan",1623113603692956294,1623113603781288692
13,"build/tests/sizes/cube-1751-bin.cgns","chck",1623113603673547795,1623113603781296954
13,"build/tests/sizes/cube-1237-geo.geo","scan",1623113603782014047,1623113603783414458
13,"build/tests/sizes/cube-1237-geo.geo","chck",1623113603781298226,1623113603783420558
13,"build/tests/sizes/cube-3867-asc.bdf","scan",1623113603802871592,1623113603811408537
13,"build/tests/sizes/cube-3867-asc.bdf","chck",1623113603783421896,1623113603811414776
13,"build/tests/sizes/cube-789-bin.msh2","scan",1623113603828049931,1623113603837846195
13,"build/tests/sizes/cube-789-bin.msh2","chck",1623113603811415917,1623113603837852765
13,"build/tests/sizes/cube-2094-geo.geo_unrolled","scan",1623113603839128208,1623113603840197875
13,"build/tests/sizes/cube-2094-geo.geo_unrolled","chck",1623113603837853985,1623113603840202343
13,"build/tests/sizes/cube-1694-bin.msh4","scan",1623113603851769825,1623113603883139813
13,"build/tests/sizes/cube-1694-bin.msh4","chck",1623113603840203397,1623113603883146802
13,"build/tests/sizes/cube-2391-geo.geo_unrolled","scan",1623113603884467729,1623113603886879661
13,"build/tests/sizes/cube-2391-geo.geo_unrolled","chck",1623113603883148111,1623113603886885872
13,"build/tests/sizes/cube-3821-bin.msh4","scan",1623113603887506570,1623113603996869159
13,"build/tests/sizes/cube-3821-bin.msh4","chck",1623113603886887053,1623113603996875912
13,"build/tests/sizes/cube-221-geo.geo_unrolled","scan",1623113604001547054,1623113604002747867
13,"build/tests/sizes/cube-221-geo.geo_unrolled","chck",1623113603996877045,1623113604002753547
13,"build/tests/sizes/cube-477-asc.bdf","scan",1623113604022124951,1623113604034531841
13,"build/tests/sizes/cube-477-asc.bdf","chck",1623113604002754598,1623113604034539275
13,"build/tests/sizes/cube-360-geo.geo_unrolled","scan",1623113604053372057,1623113604054634232
13,"build/tests/sizes/cube-360-geo.geo_unrolled","chck",1623113604034540550,1623113604054640328
13,"build/tests/sizes/cube-2511-bin.cgns","scan",1623113604058214351,1623113604080602987
13,"build/tests/sizes/cube-2511-bin.cgns","chck",1623113604054641831,1623113604080608591
13,"build/tests/sizes/cube-1520-bin.msh4","scan",1623113604099324610,1623113605089802802
13,"build/tests/sizes/cube-1520-bin.msh4","chck",1623113604080609779,1623113605089810512
13,"build/tests/sizes/cube-3452-asc.bdf","scan",1623113605098068055,1623113607550533088
13,"build/tests/sizes/cube-3452-asc.bdf","chck",1623113605089816904,1623113607550548670
13,"build/tests/sizes/cube-2687-bin.msh4","scan",1623113607551205146,1623113607989182578
13,"build/tests/sizes/cube-2687-bin.msh4","chck",1623113607550550185,1623113607989188914
13,"build/tests/sizes/cube-3469-bin.cgns","scan",1623113607996499800,1623113608017672939
13,"build/tests/sizes/cube-3469-bin.cgns","chck",1623113607989190091,1623113608017677990
13,"build/tests/sizes/cube-367-asc.msh2","scan",1623113608027165741,1623113608055749240
13,"build/tests/sizes/cube-367-asc.msh2","chck",1623113608017678935,1623113608055755319
13,"build/tests/sizes/cube-3886-bin.vtk","scan",1623113608056303936,1623113608057894111
13,"build/tests/sizes/cube-3886-bin.vtk","chck",1623113608055756471,1623113608057897878
13,"build/tests/sizes/cube-3163-bin.msh2","scan",1623113608058439223,1623113608616360856
13,"build/tests/sizes/cube-3163-bin.msh2","chck",1623113608057899066,1623113608616376590
13,"build/tests/sizes/cube-1184-bin.msh2","scan",1623113608617900420,1623113608623176630
13,"build/tests/sizes/cube-1184-bin.msh2","chck",1623113608616378052,1623113608623182285
13,"build/tests/sizes/cube-2369-asc.msh2","scan",1623113608624186927,1623113610749043210
13,"build/tests/sizes/cube-2369-asc.msh2","chck",1623113608623183275,1623113610749059162
13,"build/tests/sizes/cube-3578-asc.bdf","scan",1623113610749696576,1623113610916992542
13,"build/tests/sizes/cube-3578-asc.bdf","chck",1623113610749060531,1623113610917006118
13,"build/tests/sizes/cube-2108-geo.geo_unrolled","scan",1623113610938602771,1623113610947745312
13,"build/tests/sizes/cube-2108-geo.geo_unrolled","chck",1623113610917007557,1623113610947752700
13,"build/tests/sizes/cube-2164-geo.geo_unrolled","scan",1623113610948316554,1623113610949278287
13,"build/tests/sizes/cube-2164-geo.geo_unrolled","chck",1623113610947753931,1623113610949283062
13,"build/tests/sizes/cube-2344-asc.mesh","scan",1623113610949807985,1623113611093899051
13,"build/tests/sizes/cube-2344-asc.mesh","chck",1623113610949284088,1623113611093906889
13,"build/tests/sizes/cube-1189-bin.msh4","scan",1623113611104981695,1623113612945616093
13,"build/tests/sizes/cube-1189-bin.msh4","chck",1623113611093908296,1623113612945623056
13,"build/tests/sizes/cube-3852-geo.geo","scan",1623113612963096009,1623113612964524772
13,"build/tests/sizes/cube-3852-geo.geo","chck",1623113612945624541,1623113612964530900
13,"build/tests/sizes/cube-3723-geo.geo_unrolled","scan",1623113612980765403,1623113612981943027
13,"build/tests/sizes/cube-3723-geo.geo_unrolled","chck",1623113612964531972,1623113612981948906
13,"build/tests/sizes/cube-3140-bin.msh2","scan",1623113612994175293,1623113613067105608
13,"build/tests/sizes/cube-3140-bin.msh2","chck",1623113612981950006,1623113613067111743
13,"build/tests/sizes/cube-3029-bin.msh4","scan",1623113613067813879,1623113613069195606
13,"build/tests/sizes/cube-3029-bin.msh4","chck",1623113613067112765,1623113613069198887
13,"build/tests/sizes/cube-72-bin.msh4","scan",1623113613082606398,1623113613156882473
13,"build/tests/sizes/cube-72-bin.msh4","chck",1623113613069199792,1623113613156888959
13,"build/tests/sizes/cube-939-bin.msh4","scan",1623113613171777388,1623113613180044247
13,"build/tests/sizes/cube-939-bin.msh4","chck",1623113613156890195,1623113613180049296
13,"build/tests/sizes/cube-310-bin.msh2","scan",1623113613189044969,1623113613397869408
13,"build/tests/sizes/cube-310-bin.msh2","chck",1623113613180050221,1623113613397875897
13,"build/tests/sizes/cube-2848-bin.msh4","scan",1623113613398492417,1623113613898818114
13,"build/tests/sizes/cube-2848-bin.msh4","chck",1623113613397877141,1623113613898823535
13,"build/tests/sizes/cube-3169-bin.msh2","scan",1623113613899492439,1623113613901264870
13,"build/tests/sizes/cube-3169-bin.msh2","chck",1623113613898824567,1623113613901270689
13,"build/tests/sizes/cube-729-bin.msh4","scan",1623113613902334907,1623113613904017305
13,"build/tests/sizes/cube-729-bin.msh4","chck",1623113613901271697,1623113613904250424
13,"build/tests/sizes/cube-3288-bin.msh2","scan",1623113613925800144,1623113614172322437
13,"build/tests/sizes/cube-3288-bin.msh2","chck",1623113613904252044,1623113614172329488
13,"build/tests/sizes/cube-1118-asc.msh2","scan",1623113614197994195,1623113614253469365
13,"build/tests/sizes/cube-1118-asc.msh2","chck",1623113614172330718,1623113614253475645
13,"build/tests/sizes/cube-3523-asc.bdf","scan",1623113614254043853,1623113619446381810
13,"build/tests/sizes/cube-3523-asc.bdf","chck",1623113614253476707,1623113619446387239
13,"build/tests/sizes/cube-3292-bin.msh2","scan",1623113619447010956,1623113619576017164
13,"build/tests/sizes/cube-3292-bin.msh2","chck",1623113619446388336,1623113619576022869
13,"build/tests/sizes/cube-3094-bin.msh2","scan",1623113619576639825,1623113619581151323
13,"build/tests/sizes/cube-3094-bin.msh2","chck",1623113619576024049,1623113619581156088
13,"build/tests/sizes/cube-488-asc.mesh","scan",1623113619586764150,1623113619607560912
13,"build/tests/sizes/cube-488-asc.mesh","chck",1623113619581157227,1623113619607566104
13,"build/tests/sizes/cube-3917-geo.geo","scan",1623113619625019945,1623113619626322604
13,"build/tests/sizes/cube-3917-geo.geo","chck",1623113619607567129,1623113619626328011
13,"build/tests/sizes/cube-255-stl-bin.geo","scan",1623113619649551912,1623113619719819565
13,"build/tests/sizes/cube-255-stl-bin.geo","chck",1623113619626329306,1623113619719825508
13,"build/tests/sizes/cube-2863-geo.geo_unrolled","scan",1623113619721114982,1623113619722166215
13,"build/tests/sizes/cube-2863-geo.geo_unrolled","chck",1623113619719826511,1623113619722170642
13,"build/tests/sizes/cube-1433-stl-bin.geo","scan",1623113619735107294,1623113619777378117
13,"build/tests/sizes/cube-1433-stl-bin.geo","chck",1623113619722171711,1623113619777384654
13,"build/tests/sizes/cube-2759-stl-bin.geo","scan",1623113619778016940,1623113620555359696
13,"build/tests/sizes/cube-2759-stl-bin.geo","chck",1623113619777385634,1623113620555366887
13,"build/tests/sizes/cube-3617-asc.msh2","scan",1623113620558046013,1623113620629700713
13,"build/tests/sizes/cube-3617-asc.msh2","chck",1623113620555368238,1623113620629706339
13,"build/tests/sizes/cube-3525-asc.msh2","scan",1623113620630254056,1623113620633192768
13,"build/tests/sizes/cube-3525-asc.msh2","chck",1623113620629707324,1623113620633196922
13,"build/tests/sizes/cube-3689-stl-bin.geo","scan",1623113620656895385,1623113621118151680
13,"build/tests/sizes/cube-3689-stl-bin.geo","chck",1623113620633197817,1623113621118157542
13,"build/tests/sizes/cube-3723-asc.msh2","scan",1623113621120430650,1623113621133590154
13,"build/tests/sizes/cube-3723-asc.msh2","chck",1623113621118158655,1623113621133595967
13,"build/tests/sizes/cube-3630-asc.bdf","scan",1623113621151232655,1623113621667064746
13,"build/tests/sizes/cube-3630-asc.bdf","chck",1623113621133597004,1623113621667071541
13,"build/tests/sizes/cube-1010-geo.geo_unrolled","scan",1623113621677927316,1623113621688642770
13,"build/tests/sizes/cube-1010-geo.geo_unrolled","chck",1623113621667072728,1623113621688648674
13,"build/tests/sizes/cube-2663-bin.msh4","scan",1623113621689551566,1623113621726513575
13,"build/tests/sizes/cube-2663-bin.msh4","chck",1623113621688649765,1623113621726520707
13,"build/tests/sizes/cube-3315-asc.bdf","scan",1623113621756898346,1623113622007256695
13,"build/tests/sizes/cube-3315-asc.bdf","chck",1623113621726521719,1623113622007262698
13,"build/tests/sizes/cube-35-bin.cgns","scan",1623113622013489791,1623113622036481001
13,"build/tests/sizes/cube-35-bin.cgns","chck",1623113622007263984,1623113622036486556
13,"build/tests/sizes/cube-1821-asc.mesh","scan",1623113622037597800,1623113622043834515
13,"build/tests/sizes/cube-1821-asc.mesh","chck",1623113622036487562,1623113622043848384
13,"build/tests/sizes/cube-998-bin.msh4","scan",1623113622044757827,1623113622066873297
13,"build/tests/sizes/cube-998-bin.msh4","chck",1623113622043849481,1623113622066878641
13,"build/tests/sizes/cube-3995-bin.cgns","scan",1623113622069971453,1623113622089656705
13,"build/tests/sizes/cube-3995-bin.cgns","chck",1623113622066879766,1623113622089663861
13,"build/tests/sizes/cube-3911-bin.msh2","scan",1623113622091149066,1623113622118942950
13,"build/tests/sizes/cube-3911-bin.msh2","chck",1623113622089665042,1623113622118949302
13,"build/tests/sizes/cube-977-asc.mesh","scan",1623113622135218873,1623113622855822197
13,"build/tests/sizes/cube-977-asc.mesh","chck",1623113622118950599,1623113622855828363
13,"build/tests/sizes/cube-503-asc.bdf","scan",1623113622856910506,1623113622864714985
13,"build/tests/sizes/cube-503-asc.bdf","chck",1623113622855829732,1623113622864720280
13,"build/tests/sizes/cube-2529-geo.geo_unrolled","scan",1623113622881395380,1623113622882559150
13,"build/tests/sizes/cube-2529-geo.geo_unrolled","chck",1623113622864721510,1623113622882564920
13,"build/tests/sizes/cube-3779-bin.cgns","scan",1623113622886573934,1623113622908275276
13,"build/tests/sizes/cube-3779-bin.cgns","chck",1623113622882566095,1623113622908280345
13,"build/tests/sizes/cube-133-stl-bin.geo","scan",1623113622922895138,1623113622976485439
13,"build/tests/sizes/cube-133-stl-bin.geo","chck",1623113622908281311,1623113622976490566
13,"build/tests/sizes/cube-3255-bin.cgns","scan",1623113622979939398,1623113622999810315
13,"build/tests/sizes/cube-3255-bin.cgns","chck",1623113622976491504,1623113622999816404
13,"build/tests/sizes/cube-3705-bin.msh2","scan",1623113623000389752,1623113623405141984
13,"build/tests/sizes/cube-3705-bin.msh2","chck",1623113622999817508,1623113623405148325
13,"build/tests/sizes/cube-386-bin.cgns","scan",1623113623430755162,1623113623531611546
13,"build/tests/sizes/cube-386-bin.cgns","chck",1623113623405149964,1623113623531618031
13,"build/tests/sizes/cube-1102-asc.mesh","scan",1623113623533010467,1623113623707015651
13,"build/tests/sizes/cube-1102-asc.mesh","chck",1623113623531619275,1623113623707021627
13,"build/tests/sizes/cube-3293-geo.geo","scan",1623113623719573951,1623113623720925297
13,"build/tests/sizes/cube-3293-geo.geo","chck",1623113623707022807,1623113623720931096
13,"build/tests/sizes/cube-376-bin.msh2","scan",1623113623742362002,1623113623766655036
13,"build/tests/sizes/cube-376-bin.msh2","chck",1623113623720932097,1623113623766662440
13,"build/tests/sizes/cube-3349-asc.msh2","scan",1623113623767217733,1623113624523978619
13,"build/tests/sizes/cube-3349-asc.msh2","chck",1623113623766663692,1623113624523984017
13,"build/tests/sizes/cube-3373-bin.msh4","scan",1623113624524615824,1623113624526154072
13,"build/tests/sizes/cube-3373-bin.msh4","chck",1623113624523985100,1623113624526157508
13,"build/tests/sizes/cube-3891-asc.msh2","scan",1623113624526642566,1623113630293342650
13,"build/tests/sizes/cube-3891-asc.msh2","chck",1623113624526158484,1623113630293350227
13,"build/tests/sizes/cube-2602-bin.vtk","scan",1623113630294164502,1623113630371125743
13,"build/tests/sizes/cube-2602-bin.vtk","chck",1623113630293351532,1623113630371132243
13,"build/tests/sizes/cube-1563-bin.vtk","scan",1623113630372494354,1623113630375187938
13,"build/tests/sizes/cube-1563-bin.vtk","chck",1623113630371133635,1623113630375192141
13,"build/tests/sizes/cube-3246-asc.bdf","scan",1623113630375723150,1623113630377925744
13,"build/tests/sizes/cube-3246-asc.bdf","chck",1623113630375193000,1623113630377929450
13,"build/tests/sizes/cube-2364-geo.geo","scan",1623113630405235025,1623113630406652418
13,"build/tests/sizes/cube-2364-geo.geo","chck",1623113630377930336,1623113630406657544
13,"build/tests/sizes/cube-3027-asc.bdf","scan",1623113630407783797,1623113634796166471
13,"build/tests/sizes/cube-3027-asc.bdf","chck",1623113630406658635,1623113634796173912
13,"build/tests/sizes/cube-3852-bin.msh4","scan",1623113634797047888,1623113634941191862
13,"build/tests/sizes/cube-3852-bin.msh4","chck",1623113634796175267,1623113634941196802
13,"build/tests/sizes/cube-3101-bin.cgns","scan",1623113634944715417,1623113634964003038
13,"build/tests/sizes/cube-3101-bin.cgns","chck",1623113634941198030,1623113634964008694
13,"build/tests/sizes/cube-2677-bin.msh2","scan",1623113634964632647,1623113638628726863
13,"build/tests/sizes/cube-2677-bin.msh2","chck",1623113634964009736,1623113638629003794
13,"build/tests/sizes/cube-2441-asc.bdf","scan",1623113638647195512,1623113638659726108
13,"build/tests/sizes/cube-2441-asc.bdf","chck",1623113638629005873,1623113638659732064
13,"build/tests/sizes/cube-2693-bin.vtk","scan",1623113638660263329,1623113638669484279
13,"build/tests/sizes/cube-2693-bin.vtk","chck",1623113638659733411,1623113638669490027
13,"build/tests/sizes/cube-3735-asc.msh2","scan",1623113638670034099,1623113640973444826
13,"build/tests/sizes/cube-3735-asc.msh2","chck",1623113638669491169,1623113640973451633
13,"build/tests/sizes/cube-2717-bin.msh4","scan",1623113640974204965,1623113640990209086
13,"build/tests/sizes/cube-2717-bin.msh4","chck",1623113640973452806,1623113640990216135
13,"build/tests/sizes/cube-3173-asc.msh2","scan",1623113640990817796,1623113643615250182
13,"build/tests/sizes/cube-3173-asc.msh2","chck",1623113640990217336,1623113643615262897
13,"build/tests/sizes/cube-2415-bin.msh4","scan",1623113643616080382,1623113644383645606
13,"build/tests/sizes/cube-2415-bin.msh4","chck",1623113643615264171,1623113644383651642
13,"build/tests/sizes/cube-2343-bin.cgns","scan",1623113644409066098,1623113644476452364
13,"build/tests/sizes/cube-2343-bin.cgns","chck",1623113644383652859,1623113644476458676
13,"build/tests/sizes/cube-3818-bin.msh4","scan",1623113644481124900,1623113644634281031
13,"build/tests/sizes/cube-3818-bin.msh4","chck",1623113644476459817,1623113644634287467
13,"build/tests/sizes/cube-1668-bin.vtk","scan",1623113644656068881,1623113644679992820
13,"build/tests/sizes/cube-1668-bin.vtk","chck",1623113644634288854,1623113644679998986
13,"build/tests/sizes/cube-3923-geo.geo_unrolled","scan",1623113644680553269,1623113644681639418
13,"build/tests/sizes/cube-3923-geo.geo_unrolled","chck",1623113644680000300,1623113644681642527
13,"build/tests/sizes/cube-3194-stl-bin.geo","scan",1623113644701088179,1623113644708053037
13,"build/tests/sizes/cube-3194-stl-bin.geo","chck",1623113644681643414,1623113644708056973
13,"build/tests/sizes/cube-3575-bin.cgns","scan",1623113644729314784,1623113644807406823
13,"build/tests/sizes/cube-3575-bin.cgns","chck",1623113644708057846,1623113644807413848
13,"build/tests/sizes/cube-265-bin.msh4","scan",1623113644825060242,1623113645172621534
13,"build/tests/sizes/cube-265-bin.msh4","chck",1623113644807415111,1623113645172628056
13,"build/tests/sizes/cube-2496-stl-bin.geo","scan",1623113645173403137,1623113645714802237
13,"build/tests/sizes/cube-2496-stl-bin.geo","chck",1623113645172629279,1623113645714809623
13,"build/tests/sizes/cube-1309-bin.msh4","scan",1623113645736606257,1623113645770592336
13,"build/tests/sizes/cube-1309-bin.msh4","chck",1623113645714810881,1623113645770598819
13,"build/tests/sizes/cube-3887-asc.msh2","scan",1623113645781889772,1623113646152213571
13,"build/tests/sizes/cube-3887-asc.msh2","chck",1623113645770600032,1623113646152220124
13,"build/tests/sizes/cube-2879-bin.msh2","scan",1623113646153892029,1623113650781000584
13,"build/tests/sizes/cube-2879-bin.msh2","chck",1623113646152221372,1623113650781016624
13,"build/tests/sizes/cube-2154-bin.msh4","scan",1623113650784936890,1623113651951361940
13,"build/tests/sizes/cube-2154-bin.msh4","chck",1623113650781017923,1623113651951369090
13,"build/tests/sizes/cube-3218-bin.cgns","scan",1623113651979556059,1623113652031659125
13,"build/tests/sizes/cube-3218-bin.cgns","chck",1623113651951370534,1623113652031665904
13,"build/tests/sizes/cube-3242-bin.cgns","scan",1623113652036735979,1623113652057772467
13,"build/tests/sizes/cube-3242-bin.cgns","chck",1623113652031667264,1623113652057778813
13,"build/tests/sizes/cube-1161-bin.msh4","scan",1623113652073213496,1623113653387329058
13,"build/tests/sizes/cube-1161-bin.msh4","chck",1623113652057780211,1623113653387335668
13,"build/tests/sizes/cube-1846-geo.geo_unrolled","scan",1623113653389303807,1623113653390783080
13,"build/tests/sizes/cube-1846-geo.geo_unrolled","chck",1623113653387336923,1623113653390787401
13,"cube-1846-geo","mesh",1623113653392326723,1623113653406300701
13,"cube-1846-geo","prep",1623113653407335286,1623113653407587838
13,"cube-1846-geo","zzzz",1623113653407592154,1623113653414813665,458,939,2817
13,"cube-1846-geo","post",1623113653414814890,1623113653414938495
13,"cube-1161-bin","prep",1623113653414986359,1623113654683711384
13,"cube-1161-bin","zzzz",1623113654683721108,1623114133667879328,1713801,2329265,6987795
13,"cube-1161-bin","post",1623114133667893318,1623114133817981724
13,"cube-2154-bin","prep",1623114133818665962,1623114135178020608
13,"cube-2154-bin","zzzz",1623114135178027893,1623114664383784765,1847960,2510114,7530342
13,"cube-2154-bin","post",1623114664383799367,1623114664590387878
13,"cube-2879-bin","prep",1623114664590875919,1623114665407026517
13,"cube-2879-bin","zzzz",1623114665407032475,1623114940200129425,1124740,1535401,4606203
13,"cube-2879-bin","post",1623114940200144340,1623114940317609322
13,"cube-3292-bin","prep",1623114940317648041,1623114940317823618
13,"cube-3292-bin","zzzz",1623114940317825054,1623114940319686535,144,325,975
13,"cube-3292-bin","post",1623114940319696690,1623114940319881926
13,"cube-3523-asc","prep",1623114940319914593,1623114940749824764
13,"cube-3523-asc","zzzz",1623114940749829116,1623115065451863941,618719,850516,2551548
13,"cube-3523-asc","post",1623115065451872350,1623115065517133503
13,"cube-1118-asc","prep",1623115065517168904,1623115065520415357
13,"cube-1118-asc","zzzz",1623115065520419059,1623115065637865306,4440,7251,21753
13,"cube-1118-asc","post",1623115065637884879,1623115065638596119
13,"cube-3852-geo","mesh",1623115065638629970,1623115065708983009
13,"cube-3852-geo","prep",1623115065709940932,1623115065713236240
13,"cube-3852-geo","zzzz",1623115065713239187,1623115065818261480,4085,6705,20115
13,"cube-3852-geo","post",1623115065818280233,1623115065819507716
13,"cube-3452-asc","prep",1623115065819641936,1623115066009266403
13,"cube-3452-asc","zzzz",1623115066009273261,1623115103664127392,273589,383040,1149120
13,"cube-3452-asc","post",1623115103664146724,1623115103688586050
13,"cube-977-asc","prep",1623115103688622262,1623115103691180635
13,"cube-977-asc","zzzz",1623115103691184340,1623115125943682456,18036,268858,806574
13,"cube-977-asc","post",1623115125943692749,1623115125972068847
13,"cube-265-bin","prep",1623115125972106625,1623115126216248766
13,"cube-265-bin","zzzz",1623115126216254947,1623115192231113310,401802,557578,1672734
13,"cube-265-bin","post",1623115192231127905,1623115192265415290
13,"cube-2848-bin","prep",1623115192265468342,1623115192843430933
13,"cube-2848-bin","zzzz",1623115192843438989,1623115376099964081,827066,1133105,3399315
13,"cube-2848-bin","post",1623115376099980795,1623115376170684938
13,"cube-72-bin","prep",1623115376170744696,1623115376187926409
13,"cube-72-bin","zzzz",1623115376187932213,1623115377984059059,32579,48252,144756
13,"cube-72-bin","post",1623115377984076133,1623115377987257067
13,"cube-2369-asc","prep",1623115377987490242,1623115378186992197
13,"cube-2369-asc","zzzz",1623115378186999832,1623115419782989304,292695,409449,1228347
13,"cube-2369-asc","post",1623115419783008651,1623115419818208408
13,"cube-3140-bin","prep",1623115419818248585,1623115419834443452
13,"cube-3140-bin","zzzz",1623115419834447749,1623115420256471017,11349,17695,53085
13,"cube-3140-bin","post",1623115420256482306,1623115420257766382
13,"cube-310-bin","prep",1623115420257806628,1623115420279755226
13,"cube-310-bin","zzzz",1623115420279761731,1623115422520020651,38094,56171,168513
13,"cube-310-bin","post",1623115422520033988,1623115422523619659
13,"cube-1102-asc","prep",1623115422523654702,1623115422524810178
13,"cube-1102-asc","zzzz",1623115422524812701,1623115426142232601,8010,78105,234315
13,"cube-1102-asc","post",1623115426142244800,1623115426150389859
13,"cube-2164-geo","mesh",1623115426150420777,1623115426281282059
13,"cube-2164-geo","prep",1623115426282259202,1623115426285614117
13,"cube-2164-geo","zzzz",1623115426285616583,1623115426531895933,7630,12163,36489
13,"cube-2164-geo","post",1623115426531906142,1623115426533434953
13,"cube-3735-asc","prep",1623115426533553510,1623115426780599920
13,"cube-3735-asc","zzzz",1623115426781124070,1623115479456754191,344356,479593,1438779
13,"cube-3735-asc","post",1623115479456769772,1623115479524776688
13,"cube-376-bin","prep",1623115479524819166,1623115479538420829
13,"cube-376-bin","zzzz",1623115479538424994,1623115479563127399,1308,2371,7113
13,"cube-376-bin","post",1623115479563137554,1623115479563574720
13,"cube-3578-asc","prep",1623115479563709825,1623115479588145231
13,"cube-3578-asc","zzzz",1623115479588148698,1623115480460954081,19604,29317,87951
13,"cube-3578-asc","post",1623115480460964356,1623115480467460617
13,"cube-3246-asc","prep",1623115480467488913,1623115480476352593
13,"cube-3246-asc","zzzz",1623115480476354668,1623115480478606736,174,379,1137
13,"cube-3246-asc","post",1623115480478616770,1623115480478769835
13,"cube-2381-asc","prep",1623115480478808977,1623115480481582843
13,"cube-2381-asc","zzzz",1623115480481584748,1623115480612127373,4826,7815,23445
13,"cube-2381-asc","post",1623115480612137412,1623115480612951826
13,"cube-3630-asc","prep",1623115480612998808,1623115480649805357
13,"cube-3630-asc","zzzz",1623115480649808040,1623115484884994023,59857,87026,261078
13,"cube-3630-asc","post",1623115484885009195,1623115484895506455
13,"cube-1309-bin","prep",1623115484895544074,1623115484904584087
13,"cube-1309-bin","zzzz",1623115484904587767,1623115485427765813,13277,20556,61668
13,"cube-1309-bin","post",1623115485427775846,1623115485429977219
13,"cube-3481-geo","mesh",1623115485430011235,1623115485451611369
13,"cube-3481-geo","prep",1623115485452584126,1623115485453517173
13,"cube-3481-geo","zzzz",1623115485453519391,1623115485470304674,1009,1773,5319
13,"cube-3481-geo","post",1623115485470309494,1623115485470592148
13,"cube-3852-bin","prep",1623115485470708286,1623115485470867989
13,"cube-3852-bin","zzzz",1623115485470869483,1623115485473136341,176,381,1143
13,"cube-3852-bin","post",1623115485473146385,1623115485473350341
13,"cube-3575-bin.cgns","prep",1623115485473385230,1623115485499458437
13,"cube-3575-bin.cgns","zzzz",1623115485499461565,1623115486889273207,27141,40442,121326
13,"cube-3575-bin.cgns","post",1623115486889283621,1623115486889671568
13,"cube-35-bin.cgns","prep",1623115486889715434,1623115486924285743
13,"cube-35-bin.cgns","zzzz",1623115486924292374,1623115501259650568,141156,199703,599109
13,"cube-35-bin.cgns","post",1623115501259660469,1623115501259707410
13,"cube-3995-bin.cgns","prep",1623115501259749344,1623115501260225884
13,"cube-3995-bin.cgns","zzzz",1623115501260229402,1623115501265608543,367,748,2244
13,"cube-3995-bin.cgns","post",1623115501265613598,1623115501265653598
13,"cube-2677-bin","prep",1623115501265678410,1623115501875982446
13,"cube-2677-bin","zzzz",1623115501875989309,1623115707461968595,901380,1235156,3705468
13,"cube-2677-bin","post",1623115707461983236,1623115707552675206
13,"cube-3469-bin.cgns","prep",1623115707552717003,1623115707557406183
13,"cube-3469-bin.cgns","zzzz",1623115707557410288,1623115707636576619,3323,5500,16500
13,"cube-3469-bin.cgns","post",1623115707636586808,1623115707636657818
13,"cube-2496-stl-bin","mesh",1623115707636716925,1623115721712503093
13,"cube-2496-stl-bin","prep",1623115722144138139,1623115722866593220
13,"cube-2496-stl-bin","zzzz",1623115722866601391,1623115975233578632,973399,1440468,4321404
13,"cube-2496-stl-bin","post",1623115975233595489,1623115975505669722
13,"cube-3373-bin","prep",1623115975505715278,1623115975525515779
13,"cube-3373-bin","zzzz",1623115975525520342,1623115975543241957,1010,1847,5541
13,"cube-3373-bin","post",1623115975543256463,1623115975543439488
13,"cube-386-bin.cgns","prep",1623115975543518880,1623115975605107309
13,"cube-386-bin.cgns","zzzz",1623115975605110234,1623115975738120540,4895,7917,23751
13,"cube-386-bin.cgns","post",1623115975738130676,1623115975738195162
13,"cube-477-asc","prep",1623115975738245904,1623115975738712777
13,"cube-477-asc","zzzz",1623115975738714065,1623115975741647429,212,467,1401
13,"cube-477-asc","post",1623115975741657509,1623115975741869308
13,"cube-1010-geo","mesh",1623115975741904150,1623115991958942539
13,"cube-1010-geo","prep",1623115992388030644,1623115993140583415
13,"cube-1010-geo","zzzz",1623115993140589338,1623116227603573488,996507,1363118,4089354
13,"cube-1010-geo","post",1623116227603587658,1623116227897255325
13,"cube-3705-bin","prep",1623116227897320110,1623116227977125867
13,"cube-3705-bin","zzzz",1623116227977132675,1623116236828836612,100858,143937,431811
13,"cube-3705-bin","post",1623116236828868086,1623116236838807102
13,"cube-3288-bin","prep",1623116236838850975,1623116236879023197
13,"cube-3288-bin","zzzz",1623116236879027899,1623116240124565606,49416,72498,217494
13,"cube-3288-bin","post",1623116240124579445,1623116240130157287
13,"cube-3255-bin.cgns","prep",1623116240130196634,1623116240132422132
13,"cube-3255-bin.cgns","zzzz",1623116240132426694,1623116240158014092,1354,2435,7305
13,"cube-3255-bin.cgns","post",1623116240158024119,1623116240158092853
13,"cube-998-bin","prep",1623116240158149264,1623116240174795281
13,"cube-998-bin","zzzz",1623116240174797871,1623116241809888651,30527,45248,135744
13,"cube-998-bin","post",1623116241809899328,1623116241812555264
13,"cube-3917-geo","mesh",1623116241812718872,1623116244183708496
13,"cube-3917-geo","prep",1623116244184704042,1623116244402359430
13,"cube-3917-geo","zzzz",1623116244402365983,1623116260653080204,153630,217410,652230
13,"cube-3917-geo","post",1623116260653090543,1623116260740621550
13,"cube-3886-bin","prep",1623116260740684988,1623116260765538614
13,"cube-3886-bin","zzzz",1623116260765543739,1623116260772978378,472,957,2871
13,"cube-3886-bin","post",1623116260772992496,1623116260773094301
13,"cube-3349-asc","prep",1623116260773116395,1623116260863031636
13,"cube-3349-asc","zzzz",1623116260863040156,1623116271260765711,113059,160596,481788
13,"cube-3349-asc","post",1623116271260780312,1623116271271803076
13,"cube-2343-bin.cgns","prep",1623116271271847313,1623116271298658700
13,"cube-2343-bin.cgns","zzzz",1623116271298663955,1623116271323600590,1315,2388,7164
13,"cube-2343-bin.cgns","post",1623116271323610615,1623116271323663562
13,"cube-1237-geo","mesh",1623116271323694946,1623116271354055113
13,"cube-1237-geo","prep",1623116271355005080,1623116271356130824
13,"cube-1237-geo","zzzz",1623116271356133033,1623116271379458907,1238,2271,6813
13,"cube-1237-geo","post",1623116271379469012,1623116271379911686
13,"cube-1530-asc","prep",1623116271380051897,1623116271389233205
13,"cube-1530-asc","zzzz",1623116271389235275,1623116272109196317,16928,25676,77028
13,"cube-1530-asc","post",1623116272109205886,1623116272110986641
13,"cube-1668-bin","prep",1623116272111022310,1623116272111720679
13,"cube-1668-bin","zzzz",1623116272111722972,1623116272138552677,1396,2523,7569
13,"cube-1668-bin","post",1623116272138564147,1623116272138932589
13,"cube-729-bin","prep",1623116272139017552,1623116272139249717
13,"cube-729-bin","zzzz",1623116272139251398,1623116272143003647,273,566,1698
13,"cube-729-bin","post",1623116272143008825,1623116272143132540
13,"cube-2529-geo","mesh",1623116272143146969,1623116272154497332
13,"cube-2529-geo","prep",1623116272155470299,1623116272155869884
13,"cube-2529-geo","zzzz",1623116272155871861,1623116272161052695,348,725,2175
13,"cube-2529-geo","post",1623116272161063048,1623116272161353740
13,"cube-255-stl-bin","mesh",1623116272161392308,1623116272469136304
13,"cube-255-stl-bin","prep",1623116272470121118,1623116272498109283
13,"cube-255-stl-bin","zzzz",1623116272498115120,1623116274095853190,24421,44530,133590
13,"cube-255-stl-bin","post",1623116274095864859,1623116274102289913
13,"cube-133-stl-bin","mesh",1623116274102323196,1623116274268612200
13,"cube-133-stl-bin","prep",1623116274269577656,1623116274281610116
13,"cube-133-stl-bin","zzzz",1623116274281613872,1623116275037932944,13245,26525,79575
13,"cube-133-stl-bin","post",1623116275037938298,1623116275041034794
13,"cube-3779-bin.cgns","prep",1623116275041064885,1623116275064716862
13,"cube-3779-bin.cgns","zzzz",1623116275064719894,1623116275080651828,955,1704,5112
13,"cube-3779-bin.cgns","post",1623116275080661917,1623116275080720973
13,"cube-2663-bin","prep",1623116275080771442,1623116275109689686
13,"cube-2663-bin","zzzz",1623116275110146361,1623116278518377216,51155,74995,224985
13,"cube-2663-bin","post",1623116278518391370,1623116278523967820
13,"cube-2441-asc","prep",1623116278524001703,1623116278524361741
13,"cube-2441-asc","zzzz",1623116278524363684,1623116278530004492,369,772,2316
13,"cube-2441-asc","post",1623116278530014800,1623116278530291793
13,"cube-2585-asc","prep",1623116278530305262,1623116278604416421
13,"cube-2585-asc","zzzz",1623116278604423514,1623116290434908037,123536,175307,525921
13,"cube-2585-asc","post",1623116290434922451,1623116290448881961
13,"cube-3293-geo","mesh",1623116290448920471,1623116290512028610
13,"cube-3293-geo","prep",1623116290513001332,1623116290515972158
13,"cube-3293-geo","zzzz",1623116290515974792,1623116290594721021,3294,5485,16455
13,"cube-3293-geo","post",1623116290594731302,1623116290595677327
13,"cube-3887-asc","prep",1623116290595696564,1623116290621915218
13,"cube-3887-asc","zzzz",1623116290621919655,1623116293775802997,48364,71109,213327
13,"cube-3887-asc","post",1623116293775815286,1623116293784381318
13,"cube-3923-geo","mesh",1623116293784410036,1623116294246606143
13,"cube-3923-geo","prep",1623116294247599718,1623116294281154714
13,"cube-3923-geo","zzzz",1623116294281160191,1623116295721005903,27731,41417,124251
13,"cube-3923-geo","post",1623116295721021279,1623116295730976344
13,"cube-3173-asc","prep",1623116295731026293,1623116295968181119
13,"cube-3173-asc","zzzz",1623116295968187788,1623116354283058134,369421,513300,1539900
13,"cube-3173-asc","post",1623116354283065982,1623116354321748932
13,"cube-503-asc","prep",1623116354321795675,1623116354322367116
13,"cube-503-asc","zzzz",1623116354322369245,1623116354337913433,933,1673,5019
13,"cube-503-asc","post",1623116354337927624,1623116354338067564
13,"cube-2602-bin","prep",1623116354338082356,1623116354363044795
13,"cube-2602-bin","zzzz",1623116354363048939,1623116356609692854,38206,56316,168948
13,"cube-2602-bin","post",1623116356609709965,1623116356620743988
13,"cube-2687-bin","prep",1623116356620785611,1623116357079847183
13,"cube-2687-bin","zzzz",1623116357079856184,1623116481997485282,620123,851490,2554470
13,"cube-2687-bin","post",1623116481997499725,1623116482050657645
13,"cube-3953-asc","prep",1623116482050729482,1623116482051825954
13,"cube-3953-asc","zzzz",1623116482051829275,1623116484494367399,6438,59621,178863
13,"cube-3953-asc","post",1623116484494381643,1623116484506870176
13,"cube-1251-bin","prep",1623116484506923406,1623116484722408361
13,"cube-1251-bin","zzzz",1623116484722415868,1623116529056386912,305370,427338,1282014
13,"cube-1251-bin","post",1623116529056402318,1623116529108545909
13,"cube-1563-bin","prep",1623116529108588706,1623116529118048047
13,"cube-1563-bin","zzzz",1623116529118051559,1623116529129394301,698,1317,3951
13,"cube-1563-bin","post",1623116529129405050,1623116529129824877
13,"cube-3818-bin","prep",1623116529129879317,1623116529223609420
13,"cube-3818-bin","zzzz",1623116529223616946,1623116548446160851,172868,243526,730578
13,"cube-3818-bin","post",1623116548446176368,1623116548461496897
13,"cube-367-asc","prep",1623116548461554131,1623116548462013649
13,"cube-367-asc","zzzz",1623116548462015977,1623116548473078329,679,1292,3876
13,"cube-367-asc","post",1623116548473088745,1623116548473318695
13,"cube-3027-asc","prep",1623116548473331670,1623116548830065175
13,"cube-3027-asc","zzzz",1623116548830069449,1623116640338796174,501820,692859,2078577
13,"cube-3027-asc","post",1623116640338811112,1623116640439782718
13,"cube-1821-asc","prep",1623116640439816515,1623116640442886292
13,"cube-1821-asc","zzzz",1623116640442889608,1623116640467672280,624,2377,7131
13,"cube-1821-asc","post",1623116640467682764,1623116640468250215
13,"cube-3094-bin","prep",1623116640468289185,1623116640473880150
13,"cube-3094-bin","zzzz",1623116640473882487,1623116640492271379,1071,1898,5694
13,"cube-3094-bin","post",1623116640492281703,1623116640492800503
13,"cube-2511-bin.cgns","prep",1623116640492861123,1623116640510470717
13,"cube-2511-bin.cgns","zzzz",1623116640510474383,1623116640834090459,9301,14715,44145
13,"cube-2511-bin.cgns","post",1623116640834100703,1623116640834156596
13,"cube-3315-asc","prep",1623116640834216409,1623116640851729028
13,"cube-3315-asc","zzzz",1623116640851731511,1623116642560448493,31420,46581,139743
13,"cube-3315-asc","post",1623116642560460137,1623116642563763217
13,"cube-3723-asc","prep",1623116642563809986,1623116642565065178
13,"cube-3723-asc","zzzz",1623116642565068239,1623116642598217302,1639,2959,8877
13,"cube-3723-asc","post",1623116642598221235,1623116642598730869
13,"cube-3689-stl-bin","mesh",1623116642598753262,1623116650157186981
13,"cube-3689-stl-bin","prep",1623116650158146023,1623116650832172056
13,"cube-3689-stl-bin","zzzz",1623116650832182436,1623116756419903942,500395,761840,2285520
13,"cube-3689-stl-bin","post",1623116756419918126,1623116756658109046
13,"cube-3525-asc","prep",1623116756658151932,1623116756687446221
13,"cube-3525-asc","zzzz",1623116756687449491,1623116756691237754,276,569,1707
13,"cube-3525-asc","post",1623116756691248258,1623116756691456140
13,"cube-3617-asc","prep",1623116756691494997,1623116756712933438
13,"cube-3617-asc","zzzz",1623116756712935695,1623116756994348275,8404,13358,40074
13,"cube-3617-asc","post",1623116756994358507,1623116756996325928
13,"cube-1433-stl-bin","mesh",1623116756996538643,1623116757203357039
13,"cube-1433-stl-bin","prep",1623116757204336212,1623116757213511316
13,"cube-1433-stl-bin","zzzz",1623116757213515167,1623116757842911530,11511,23354,70062
13,"cube-1433-stl-bin","post",1623116757842921694,1623116757846200286
13,"cube-2094-geo","mesh",1623116757846229816,1623116758905737158
13,"cube-2094-geo","prep",1623116758914271447,1623116758959772609
13,"cube-2094-geo","zzzz",1623116758959778136,1623116763522022771,63140,91545,274635
13,"cube-2094-geo","post",1623116763522033727,1623116763548935661
13,"cube-488-asc","prep",1623116763550833404,1623116763553351726
13,"cube-488-asc","zzzz",1623116763553353447,1623116763555768375,136,398,1194
13,"cube-488-asc","post",1623116763555778529,1623116763555945282
13,"cube-3101-bin.cgns","prep",1623116763555981347,1623116763570570550
13,"cube-3101-bin.cgns","zzzz",1623116763570574483,1623116770839975620,87536,125868,377604
13,"cube-3101-bin.cgns","post",1623116770839990747,1623116770840052791
13,"cube-1520-bin","prep",1623116770840117539,1623116771646929517
13,"cube-1520-bin","zzzz",1623116771646936304,1623117041251213451,1106916,1513645,4540935
13,"cube-1520-bin","post",1623117041251229954,1623117041347847929
13,"cube-2415-bin","prep",1623117041347903607,1623117042379758118
13,"cube-2415-bin","zzzz",1623117042379765630,1623117397583539928,1365960,1861390,5584170
13,"cube-2415-bin","post",1623117397583555920,1623117397706361662
13,"cube-3029-bin","prep",1623117397706396947,1623117397706904043
13,"cube-3029-bin","zzzz",1623117397706905916,1623117397718354285,703,1326,3978
13,"cube-3029-bin","post",1623117397718364724,1623117397718757530
13,"cube-3891-asc","prep",1623117397718792693,1623117398384630370
13,"cube-3891-asc","zzzz",1623117398384636976,1623117600517555491,891340,1219562,3658686
13,"cube-3891-asc","post",1623117600517612924,1623117600648647089
13,"cube-2863-geo","mesh",1623117600648748217,1623117600656562259
13,"cube-2863-geo","prep",1623117600657623204,1623117600657865625
13,"cube-2863-geo","zzzz",1623117600657867768,1623117600659821998,153,340,1020
13,"cube-2863-geo","post",1623117600659836086,1623117600659964378
13,"cube-2344-asc","prep",1623117600659979106,1623117600661199676
13,"cube-2344-asc","zzzz",1623117600661201377,1623117602929454215,6218,56667,170001
13,"cube-2344-asc","post",1623117602929468389,1623117602944347605
13,"cube-2759-stl-bin","mesh",1623117602944384283,1623117622631298903
13,"cube-2759-stl-bin","prep",1623117622632397919,1623117624221534556
13,"cube-2759-stl-bin","zzzz",1623117624221552618,1623118036688593484,1422010,2082194,6246582
13,"cube-2759-stl-bin","post",1623118036688608464,1623118037130686241
13,"cube-221-geo","mesh",1623118037130749968,1623118037185740863
13,"cube-221-geo","prep",1623118037186769525,1623118037187054229
13,"cube-221-geo","zzzz",1623118037187599483,1623118037190908026,247,512,1536
13,"cube-221-geo","post",1623118037190918456,1623118037191157680
13,"cube-1694-bin","prep",1623118037191175504,1623118037196057918
13,"cube-1694-bin","zzzz",1623118037196060306,1623118037481491106,8477,13480,40440
13,"cube-1694-bin","post",1623118037481501224,1623118037482314105
13,"cube-360-geo","mesh",1623118037482388117,1623118037504382712
13,"cube-360-geo","prep",1623118037505375674,1623118037506133565
13,"cube-360-geo","zzzz",1623118037506135833,1623118037522238529,971,1717,5151
13,"cube-360-geo","post",1623118037522248759,1623118037522607218
13,"cube-3911-bin","prep",1623118037522729115,1623118037527092856
13,"cube-3911-bin","zzzz",1623118037527094988,1623118037780645953,7810,12413,37239
13,"cube-3911-bin","post",1623118037780650829,1623118037781408509
13,"cube-3218-bin.cgns","prep",1623118037781432272,1623118037805215484
13,"cube-3218-bin.cgns","zzzz",1623118037805223352,1623118037808471802,240,505,1515
13,"cube-3218-bin.cgns","post",1623118037808481950,1623118037808604576
13,"cube-789-bin","prep",1623118037808644944,1623118037809420175
13,"cube-789-bin","zzzz",1623118037809421937,1623118037820695903,694,1311,3933
13,"cube-789-bin","post",1623118037820706150,1623118037820948672
13,"cube-1189-bin","prep",1623118037820977615,1623118039425405454
13,"cube-1189-bin","zzzz",1623118039425413030,1623118644255147431,2047987,2774619,8323857
13,"cube-1189-bin","post",1623118644255164014,1623118644439406285
13,"cube-2693-bin","prep",1623118644439453979,1623118644443633802
13,"cube-2693-bin","zzzz",1623118644443637108,1623118644615008776,5875,9454,28362
13,"cube-2693-bin","post",1623118644615020319,1623118644615937295
13,"cube-3821-bin","prep",1623118644615955107,1623118644713999628
13,"cube-3821-bin","zzzz",1623118644714007419,1623118664509252985,176382,248430,745290
13,"cube-3821-bin","post",1623118664509269673,1623118664524772818
13,"cube-3744-stl-bin","mesh",1623118664524815047,1623118679005652780
13,"cube-3744-stl-bin","prep",1623118679006724698,1623118680166040391
13,"cube-3744-stl-bin","zzzz",1623118680166049116,1623118968905071050,1077812,1593521,4780563
13,"cube-3744-stl-bin","post",1623118968905087750,1623118969210563279
13,"cube-1913-bin","prep",1623118969210601355,1623118969240893456
13,"cube-1913-bin","zzzz",1623118969240899501,1623118971161336470,34226,50521,151563
13,"cube-1913-bin","post",1623118971161347368,1623118971169905092
13,"cube-3867-asc","prep",1623118971169942659,1623118971178445008
13,"cube-3867-asc","zzzz",1623118971178446987,1623118971181382832,212,467,1401
13,"cube-3867-asc","post",1623118971181393032,1623118971181525589
13,"cube-2717-bin","prep",1623118971181585269,1623118971210685541
13,"cube-2717-bin","zzzz",1623118971210689589,1623118973021587661,32759,48503,145509
13,"cube-2717-bin","post",1623118973021598183,1623118973026999500
13,"cube-3723-geo","mesh",1623118973027025763,1623118973050470209
13,"cube-3723-geo","prep",1623118973051481912,1623118973051774140
13,"cube-3723-geo","zzzz",1623118973051776177,1623118973055441052,264,555,1665
13,"cube-3723-geo","post",1623118973055451326,1623118973055630839
13,"cube-3242-bin.cgns","prep",1623118973055643789,1623118973099703099
13,"cube-3242-bin.cgns","zzzz",1623118973099706245,1623118973179076923,3318,5519,16557
13,"cube-3242-bin.cgns","post",1623118973179087124,1623118973179135412
13,"cube-3169-bin","prep",1623118973179178114,1623118973179584295
13,"cube-3169-bin","zzzz",1623118973179587997,1623118973182787826,236,499,1497
13,"cube-3169-bin","post",1623118973182797966,1623118973182933352
13,"cube-1751-bin.cgns","prep",1623118973182960668,1623118973216180754
13,"cube-1751-bin.cgns","zzzz",1623118973216184710,1623118975461778931,38181,56306,168918
13,"cube-1751-bin.cgns","post",1623118975461789219,1623118975461833266
13,"cube-2364-geo","mesh",1623118975461896314,1623118975553905621
13,"cube-2364-geo","prep",1623118975554922193,1623118975558632110
13,"cube-2364-geo","zzzz",1623118975558634449,1623118975702027176,5172,8345,25035
13,"cube-2364-geo","post",1623118975702032061,1623118975703239907
13,"cube-2838-geo","mesh",1623118975703257952,1623118984420344032
13,"cube-2838-geo","prep",1623118984421377273,1623118985067577226
13,"cube-2838-geo","zzzz",1623118985067583399,1623119102682644717,593555,818239,2454717
13,"cube-2838-geo","post",1623119102682658824,1623119102863212587
13,"cube-2745-asc","prep",1623119102863288257,1623119102871398504
13,"cube-2745-asc","zzzz",1623119102871401729,1623119102876616249,350,727,2181
13,"cube-2745-asc","post",1623119102876620791,1623119102876717928
13,"cube-3194-stl-bin","mesh",1623119102876734718,1623119102914477920
13,"cube-3194-stl-bin","prep",1623119102915502841,1623119102916699491
13,"cube-3194-stl-bin","zzzz",1623119102916702224,1623119102975208104,1619,4447,13341
13,"cube-3194-stl-bin","post",1623119102975218277,1623119102975654561
13,"cube-2108-geo","mesh",1623119102975923042,1623119102990539794
13,"cube-2108-geo","prep",1623119102991474949,1623119102991855539
13,"cube-2108-geo","zzzz",1623119102991857855,1623119102999575866,491,983,2949
13,"cube-2108-geo","post",1623119102999586058,1623119102999950396
13,"cube-2391-geo","mesh",1623119102999983089,1623119103007441467
13,"cube-2391-geo","prep",1623119103008345853,1623119103008530269
13,"cube-2391-geo","zzzz",1623119103008532013,1623119103011456228,210,465,1395
13,"cube-2391-geo","post",1623119103011466315,1623119103011684046
13,"cube-1184-bin","prep",1623119103011715449,1623119103012693970
13,"cube-1184-bin","zzzz",1623119103012695549,1623119103037089349,1284,2349,7047
13,"cube-1184-bin","post",1623119103037099478,1623119103037503409
13,"cube-939-bin","prep",1623119103037584877,1623119103038170422
13,"cube-939-bin","zzzz",1623119103038171761,1623119103043352427,348,725,2175
13,"cube-939-bin","post",1623119103043362672,1623119103043534058
13,"cube-3163-bin","prep",1623119103043562025,1623119103107961228
13,"cube-3163-bin","zzzz",1623119103107968718,1623119114359709957,119042,169447,508341
13,"cube-3163-bin","post",1623119114359721072,1623119114370342601
13,"Proc","exit_task",1623113578265330804,1623119114386691376,5046808
