23,"build/tests/sizes/cube-3108-geo.geo","scan",1623113596527472652,1623113596541385906
23,"build/tests/sizes/cube-3108-geo.geo","chck",1623113596518127810,1623113596541510821
23,"build/tests/sizes/cube-95-bin.vtk","scan",1623113596554452004,1623113596926665289
23,"build/tests/sizes/cube-95-bin.vtk","chck",1623113596541512547,1623113596926671292
23,"build/tests/sizes/cube-2000-asc.mesh","scan",1623113596927307181,1623113603926765003
23,"build/tests/sizes/cube-2000-asc.mesh","chck",1623113596926672337,1623113603926786465
23,"build/tests/sizes/cube-3242-asc.bdf","scan",1623113603927486970,1623113603954134289
23,"build/tests/sizes/cube-3242-asc.bdf","chck",1623113603926787779,1623113603954140686
23,"build/tests/sizes/cube-3909-bin.cgns","scan",1623113603958804303,1623113603976628505
23,"build/tests/sizes/cube-3909-bin.cgns","chck",1623113603954141997,1623113603976635009
23,"build/tests/sizes/cube-2895-asc.msh2","scan",1623113603977306655,1623113603999534830
23,"build/tests/sizes/cube-2895-asc.msh2","chck",1623113603976635946,1623113603999541167
23,"build/tests/sizes/cube-3541-asc.msh2","scan",1623113604000100471,1623113610269572709
23,"build/tests/sizes/cube-3541-asc.msh2","chck",1623113603999542425,1623113610269588628
23,"build/tests/sizes/cube-606-bin.vtk","scan",1623113610279113304,1623113610743892074
23,"build/tests/sizes/cube-606-bin.vtk","chck",1623113610269590018,1623113610743898118
23,"build/tests/sizes/cube-1802-bin.msh4","scan",1623113610745340195,1623113610748729032
23,"build/tests/sizes/cube-1802-bin.msh4","chck",1623113610743899256,1623113610748734168
23,"build/tests/sizes/cube-211-bin.msh4","scan",1623113610770094621,1623113610830782054
23,"build/tests/sizes/cube-211-bin.msh4","chck",1623113610748735231,1623113610830787773
23,"build/tests/sizes/cube-2455-asc.mesh","scan",1623113610831392772,1623113610839312805
23,"build/tests/sizes/cube-2455-asc.mesh","chck",1623113610830788983,1623113610839319221
23,"build/tests/sizes/cube-1590-geo.geo_unrolled","scan",1623113610868259526,1623113610869493547
23,"build/tests/sizes/cube-1590-geo.geo_unrolled","chck",1623113610839320379,1623113610869500559
23,"build/tests/sizes/cube-307-asc.mesh","scan",1623113610876038074,1623113611675829069
23,"build/tests/sizes/cube-307-asc.mesh","chck",1623113610869501916,1623113611675836109
23,"build/tests/sizes/cube-2685-stl-bin.geo","scan",1623113611676495475,1623113611729068759
23,"build/tests/sizes/cube-2685-stl-bin.geo","chck",1623113611675837356,1623113611729076586
23,"build/tests/sizes/cube-433-bin.msh2","scan",1623113611760924267,1623113611770820608
23,"build/tests/sizes/cube-433-bin.msh2","chck",1623113611729077786,1623113611770826581
23,"build/tests/sizes/cube-3041-geo.geo_unrolled","scan",1623113611771684049,1623113611772651675
23,"build/tests/sizes/cube-3041-geo.geo_unrolled","chck",1623113611770827654,1623113611772660913
23,"build/tests/sizes/cube-3464-asc.mesh","scan",1623113611773153004,1623113614808944572
23,"build/tests/sizes/cube-3464-asc.mesh","chck",1623113611772661940,1623113614808950941
23,"build/tests/sizes/cube-3840-asc.bdf","scan",1623113614826897472,1623113615679620913
23,"build/tests/sizes/cube-3840-asc.bdf","chck",1623113614808952358,1623113615679627061
23,"build/tests/sizes/cube-1060-asc.msh2","scan",1623113615689706461,1623113615948359147
23,"build/tests/sizes/cube-1060-asc.msh2","chck",1623113615679628327,1623113615948366091
23,"build/tests/sizes/cube-2682-stl-bin.geo","scan",1623113615949183315,1623113615952635792
23,"build/tests/sizes/cube-2682-stl-bin.geo","chck",1623113615948367320,1623113615952641600
23,"build/tests/sizes/cube-3277-asc.msh2","scan",1623113615964781157,1623113615998401928
23,"build/tests/sizes/cube-3277-asc.msh2","chck",1623113615952642613,1623113615998408571
23,"build/tests/sizes/cube-2859-bin.vtk","scan",1623113616022175805,1623113616109713938
23,"build/tests/sizes/cube-2859-bin.vtk","chck",1623113615998409680,1623113616109720820
23,"build/tests/sizes/cube-2001-bin.vtk","scan",1623113616127407630,1623113617068454384
23,"build/tests/sizes/cube-2001-bin.vtk","chck",1623113616109721954,1623113617068461228
23,"build/tests/sizes/cube-2763-bin.msh4","scan",1623113617069233100,1623113618019431802
23,"build/tests/sizes/cube-2763-bin.msh4","chck",1623113617068469637,1623113618019439061
23,"build/tests/sizes/cube-1400-bin.msh4","scan",1623113618041227876,1623113618062854806
23,"build/tests/sizes/cube-1400-bin.msh4","chck",1623113618019440254,1623113618062862209
23,"build/tests/sizes/cube-514-asc.mesh","scan",1623113618083209878,1623113618118345854
23,"build/tests/sizes/cube-514-asc.mesh","chck",1623113618062863379,1623113618118351885
23,"build/tests/sizes/cube-1844-stl-bin.geo","scan",1623113618118922899,1623113618121420084
23,"build/tests/sizes/cube-1844-stl-bin.geo","chck",1623113618118353109,1623113618121424933
23,"build/tests/sizes/cube-3511-bin.vtk","scan",1623113618121933713,1623113618398463137
23,"build/tests/sizes/cube-3511-bin.vtk","chck",1623113618121425951,1623113618398468974
23,"build/tests/sizes/cube-2472-asc.bdf","scan",1623113618410461677,1623113620044683582
23,"build/tests/sizes/cube-2472-asc.bdf","chck",1623113618398469926,1623113620044689143
23,"build/tests/sizes/cube-3969-bin.msh4","scan",1623113620065183925,1623113620114108868
23,"build/tests/sizes/cube-3969-bin.msh4","chck",1623113620044690171,1623113620114114972
23,"build/tests/sizes/cube-1539-bin.cgns","scan",1623113620130528285,1623113620182340996
23,"build/tests/sizes/cube-1539-bin.cgns","chck",1623113620114116133,1623113620182347232
23,"build/tests/sizes/cube-2493-bin.cgns","scan",1623113620185373421,1623113620203943582
23,"build/tests/sizes/cube-2493-bin.cgns","chck",1623113620182348257,1623113620203949991
23,"build/tests/sizes/cube-3901-asc.bdf","scan",1623113620204726598,1623113620237052104
23,"build/tests/sizes/cube-3901-asc.bdf","chck",1623113620203951127,1623113620237058636
23,"build/tests/sizes/cube-3974-bin.cgns","scan",1623113620241569197,1623113620260859125
23,"build/tests/sizes/cube-3974-bin.cgns","chck",1623113620237059822,1623113620260865930
23,"build/tests/sizes/cube-3659-geo.geo_unrolled","scan",1623113620297044862,1623113620298286047
23,"build/tests/sizes/cube-3659-geo.geo_unrolled","chck",1623113620260866964,1623113620298292088
23,"build/tests/sizes/cube-853-asc.msh2","scan",1623113620307938075,1623113620334978420
23,"build/tests/sizes/cube-853-asc.msh2","chck",1623113620298293229,1623113620334983985
23,"build/tests/sizes/cube-3565-asc.msh2","scan",1623113620335484067,1623113620584666685
23,"build/tests/sizes/cube-3565-asc.msh2","chck",1623113620334985304,1623113620584673454
23,"build/tests/sizes/cube-1845-asc.msh2","scan",1623113620585195010,1623113620595768815
23,"build/tests/sizes/cube-1845-asc.msh2","chck",1623113620584674767,1623113620595774075
23,"build/tests/sizes/cube-139-bin.vtk","scan",1623113620617141616,1623113620626837807
23,"build/tests/sizes/cube-139-bin.vtk","chck",1623113620595775126,1623113620626850558
23,"build/tests/sizes/cube-2012-geo.geo","scan",1623113620627759515,1623113620629037614
23,"build/tests/sizes/cube-2012-geo.geo","chck",1623113620626851814,1623113620629042561
23,"build/tests/sizes/cube-3599-bin.vtk","scan",1623113620646144993,1623113620666431404
23,"build/tests/sizes/cube-3599-bin.vtk","chck",1623113620629043570,1623113620666436824
23,"build/tests/sizes/cube-832-stl-bin.geo","scan",1623113620685286405,1623113621206390256
23,"build/tests/sizes/cube-832-stl-bin.geo","chck",1623113620666437753,1623113621206396519
23,"build/tests/sizes/cube-3336-stl-bin.geo","scan",1623113621228735844,1623113622165141719
23,"build/tests/sizes/cube-3336-stl-bin.geo","chck",1623113621206397616,1623113622165147416
23,"build/tests/sizes/cube-2481-geo.geo","scan",1623113622188312716,1623113622198205991
23,"build/tests/sizes/cube-2481-geo.geo","chck",1623113622165148436,1623113622198211990
23,"build/tests/sizes/cube-3275-geo.geo","scan",1623113622198786631,1623113622199949769
23,"build/tests/sizes/cube-3275-geo.geo","chck",1623113622198213004,1623113622199953812
23,"build/tests/sizes/cube-870-asc.mesh","scan",1623113622214364257,1623113624092439275
23,"build/tests/sizes/cube-870-asc.mesh","chck",1623113622199955153,1623113624092445825
23,"build/tests/sizes/cube-3701-bin.vtk","scan",1623113624093413149,1623113624095275361
23,"build/tests/sizes/cube-3701-bin.vtk","chck",1623113624092858662,1623113624095280489
23,"build/tests/sizes/cube-1073-asc.mesh","scan",1623113624116514659,1623113624134987277
23,"build/tests/sizes/cube-1073-asc.mesh","chck",1623113624095281478,1623113624134993566
23,"build/tests/sizes/cube-2424-stl-bin.geo","scan",1623113624135543975,1623113624139362547
23,"build/tests/sizes/cube-2424-stl-bin.geo","chck",1623113624134994695,1623113624139367836
23,"build/tests/sizes/cube-2627-bin.vtk","scan",1623113624149580193,1623113626676834136
23,"build/tests/sizes/cube-2627-bin.vtk","chck",1623113624139368991,1623113626676845132
23,"build/tests/sizes/cube-1366-stl-bin.geo","scan",1623113626677959502,1623113626683824889
23,"build/tests/sizes/cube-1366-stl-bin.geo","chck",1623113626676846254,1623113626683830079
23,"build/tests/sizes/cube-706-bin.msh4","scan",1623113626700148405,1623113626720120272
23,"build/tests/sizes/cube-706-bin.msh4","chck",1623113626683831155,1623113626720128195
23,"build/tests/sizes/cube-3712-bin.msh4","scan",1623113626721168818,1623113626725415381
23,"build/tests/sizes/cube-3712-bin.msh4","chck",1623113626720129368,1623113626725420736
23,"build/tests/sizes/cube-1972-bin.vtk","scan",1623113626726464026,1623113626728026690
23,"build/tests/sizes/cube-1972-bin.vtk","chck",1623113626725421649,1623113626728029888
23,"build/tests/sizes/cube-3471-geo.geo","scan",1623113626728529799,1623113626729696753
23,"build/tests/sizes/cube-3471-geo.geo","chck",1623113626728030821,1623113626729700430
23,"build/tests/sizes/cube-3107-asc.msh2","scan",1623113626730181630,1623113626892374998
23,"build/tests/sizes/cube-3107-asc.msh2","chck",1623113626729701384,1623113626892380466
23,"build/tests/sizes/cube-1801-bin.msh4","scan",1623113626893637665,1623113626898166227
23,"build/tests/sizes/cube-1801-bin.msh4","chck",1623113626892381525,1623113626898170436
23,"build/tests/sizes/cube-2719-geo.geo","scan",1623113626898747475,1623113626900008382
23,"build/tests/sizes/cube-2719-geo.geo","chck",1623113626898171432,1623113626900012498
23,"build/tests/sizes/cube-1323-stl-bin.geo","scan",1623113626905268707,1623113627551796451
23,"build/tests/sizes/cube-1323-stl-bin.geo","chck",1623113626900013480,1623113627551802809
23,"build/tests/sizes/cube-2915-geo.geo","scan",1623113627575461106,1623113627579307231
23,"build/tests/sizes/cube-2915-geo.geo","chck",1623113627551803837,1623113627579312997
23,"build/tests/sizes/cube-2586-geo.geo","scan",1623113627592947742,1623113627594243156
23,"build/tests/sizes/cube-2586-geo.geo","chck",1623113627579314037,1623113627594248505
23,"build/tests/sizes/cube-746-bin.cgns","scan",1623113627619910071,1623113627704403935
23,"build/tests/sizes/cube-746-bin.cgns","chck",1623113627594249478,1623113627704410962
23,"build/tests/sizes/cube-288-bin.msh4","scan",1623113627719487143,1623113627751952751
23,"build/tests/sizes/cube-288-bin.msh4","chck",1623113627704412061,1623113627751959022
23,"build/tests/sizes/cube-3506-asc.bdf","scan",1623113627770518156,1623113629305772040
23,"build/tests/sizes/cube-3506-asc.bdf","chck",1623113627751960218,1623113629305779991
23,"build/tests/sizes/cube-3030-bin.vtk","scan",1623113629306546268,1623113629516995255
23,"build/tests/sizes/cube-3030-bin.vtk","chck",1623113629305781186,1623113629517002407
23,"build/tests/sizes/cube-2454-bin.msh4","scan",1623113629538891624,1623113629565561537
23,"build/tests/sizes/cube-2454-bin.msh4","chck",1623113629517004208,1623113629565569421
23,"build/tests/sizes/cube-3006-stl-bin.geo","scan",1623113629588728654,1623113629751921709
23,"build/tests/sizes/cube-3006-stl-bin.geo","chck",1623113629565570582,1623113629751928758
23,"build/tests/sizes/cube-2410-bin.vtk","scan",1623113629756947406,1623113629764114175
23,"build/tests/sizes/cube-2410-bin.vtk","chck",1623113629751929997,1623113629764119967
23,"build/tests/sizes/cube-290-bin.msh2","scan",1623113629782003645,1623113629920442264
23,"build/tests/sizes/cube-290-bin.msh2","chck",1623113629764121157,1623113629920448990
23,"build/tests/sizes/cube-3435-asc.bdf","scan",1623113629921157737,1623113638967598243
23,"build/tests/sizes/cube-3435-asc.bdf","chck",1623113629920450116,1623113638967604265
23,"build/tests/sizes/cube-1623-asc.bdf","scan",1623113639115682162,1623113639116373077
23,"build/tests/sizes/cube-1623-asc.bdf","chck",1623113638967605327,1623113639116381245
23,"build/tests/sizes/cube-164-bin.msh4","scan",1623113639120034528,1623113639120068229
23,"build/tests/sizes/cube-164-bin.msh4","chck",1623113639116382362,1623113639120072717
23,"build/tests/sizes/cube-1342-bin.cgns","scan",1623113639217310351,1623113639330822767
23,"build/tests/sizes/cube-1342-bin.cgns","chck",1623113639120073604,1623113639330832206
23,"build/tests/sizes/cube-2538-bin.cgns","scan",1623113639334158605,1623113639352472890
23,"build/tests/sizes/cube-2538-bin.cgns","chck",1623113639330833433,1623113639352478793
23,"build/tests/sizes/cube-2337-asc.msh2","scan",1623113639353274130,1623113639353325360
23,"build/tests/sizes/cube-2337-asc.msh2","chck",1623113639352479814,1623113639353328373
23,"build/tests/sizes/cube-1247-bin.msh4","scan",1623113639373215252,1623113639373250337
23,"build/tests/sizes/cube-1247-bin.msh4","chck",1623113639353329404,1623113639373256711
23,"build/tests/sizes/cube-1092-asc.bdf","scan",1623113639377738440,1623113639377759080
23,"build/tests/sizes/cube-1092-asc.bdf","chck",1623113639373257802,1623113639377779416
23,"build/tests/sizes/cube-3606-bin.msh2","scan",1623113639399537846,1623113639399560718
23,"build/tests/sizes/cube-3606-bin.msh2","chck",1623113639377780273,1623113639399565152
23,"build/tests/sizes/cube-2713-bin.msh2","scan",1623113639400058799,1623113639400075465
23,"build/tests/sizes/cube-2713-bin.msh2","chck",1623113639399566004,1623113639400077805
23,"build/tests/sizes/cube-866-bin.msh2","scan",1623113639420426461,1623113639420450425
23,"build/tests/sizes/cube-866-bin.msh2","chck",1623113639400078494,1623113639420453284
23,"build/tests/sizes/cube-3530-bin.msh2","scan",1623113639438020334,1623113639438045468
23,"build/tests/sizes/cube-3530-bin.msh2","chck",1623113639420454222,1623113639438048455
23,"build/tests/sizes/cube-3570-geo.geo","scan",1623113639439335061,1623113639439350548
23,"build/tests/sizes/cube-3570-geo.geo","chck",1623113639438049256,1623113639439352814
23,"build/tests/sizes/cube-1359-geo.geo","scan",1623113639456925185,1623113639456945086
23,"build/tests/sizes/cube-1359-geo.geo","chck",1623113639439353580,1623113639456947907
23,"build/tests/sizes/cube-1020-bin.msh4","scan",1623113639478793852,1623113639478814975
23,"build/tests/sizes/cube-1020-bin.msh4","chck",1623113639456948549,1623113639478817923
23,"build/tests/sizes/cube-703-stl-bin.geo","scan",1623113639480152928,1623113639480168087
23,"build/tests/sizes/cube-703-stl-bin.geo","chck",1623113639478818631,1623113639480170161
23,"build/tests/sizes/cube-2616-asc.bdf","scan",1623113639480660201,1623113639480676606
23,"build/tests/sizes/cube-2616-asc.bdf","chck",1623113639480170905,1623113639480678669
23,"build/tests/sizes/cube-3397-asc.mesh","scan",1623113639494786522,1623113639494812359
23,"build/tests/sizes/cube-3397-asc.mesh","chck",1623113639480679360,1623113639494816064
23,"build/tests/sizes/cube-3396-bin.msh2","scan",1623113639495315254,1623113639495330985
23,"build/tests/sizes/cube-3396-bin.msh2","chck",1623113639494817069,1623113639495333339
23,"build/tests/sizes/cube-2608-stl-bin.geo","scan",1623113639495852983,1623113639495866427
23,"build/tests/sizes/cube-2608-stl-bin.geo","chck",1623113639495334023,1623113639495868551
23,"build/tests/sizes/cube-2748-asc.mesh","scan",1623113639496353414,1623113639496368007
23,"build/tests/sizes/cube-2748-asc.mesh","chck",1623113639495869235,1623113639496370176
23,"build/tests/sizes/cube-3629-bin.msh4","scan",1623113639519649000,1623113639519668555
23,"build/tests/sizes/cube-3629-bin.msh4","chck",1623113639496370871,1623113639519671101
23,"build/tests/sizes/cube-2558-asc.msh2","scan",1623113639536935259,1623113639536963856
23,"build/tests/sizes/cube-2558-asc.msh2","chck",1623113639519671941,1623113639536968539
23,"build/tests/sizes/cube-1589-asc.msh2","scan",1623113639538194194,1623113639538212040
23,"build/tests/sizes/cube-1589-asc.msh2","chck",1623113639537105282,1623113639538214983
23,"build/tests/sizes/cube-1441-bin.vtk","scan",1623113639539333266,1623113639539350566
23,"build/tests/sizes/cube-1441-bin.vtk","chck",1623113639538215789,1623113639539352982
23,"build/tests/sizes/cube-3733-geo.geo_unrolled","scan",1623113639560409677,1623113639560426944
23,"build/tests/sizes/cube-3733-geo.geo_unrolled","chck",1623113639539353839,1623113639560429251
23,"build/tests/sizes/cube-1598-bin.msh2","scan",1623113639571371717,1623113639571389208
23,"build/tests/sizes/cube-1598-bin.msh2","chck",1623113639560429953,1623113639571391500
23,"build/tests/sizes/cube-445-stl-bin.geo","scan",1623113639590950817,1623113639590977269
23,"build/tests/sizes/cube-445-stl-bin.geo","chck",1623113639571392225,1623113639590982028
23,"build/tests/sizes/cube-3589-geo.geo_unrolled","scan",1623113639591523471,1623113639591539257
23,"build/tests/sizes/cube-3589-geo.geo_unrolled","chck",1623113639590982812,1623113639591541692
23,"build/tests/sizes/cube-1121-asc.bdf","scan",1623113639610079207,1623113639610106445
23,"build/tests/sizes/cube-1121-asc.bdf","chck",1623113639591542409,1623113639610111302
23,"build/tests/sizes/cube-3473-geo.geo_unrolled","scan",1623113639610623424,1623113639610637084
23,"build/tests/sizes/cube-3473-geo.geo_unrolled","chck",1623113639610112110,1623113639610639873
23,"build/tests/sizes/cube-3931-stl-bin.geo","scan",1623113639611152416,1623113639611165625
23,"build/tests/sizes/cube-3931-stl-bin.geo","chck",1623113639610640626,1623113639611167764
23,"build/tests/sizes/cube-1166-bin.msh2","scan",1623113639614632960,1623113639614653048
23,"build/tests/sizes/cube-1166-bin.msh2","chck",1623113639611168402,1623113639614655939
23,"build/tests/sizes/cube-3875-bin.msh2","scan",1623113639618672580,1623113639618690810
23,"build/tests/sizes/cube-3875-bin.msh2","chck",1623113639614656687,1623113639618693308
23,"build/tests/sizes/cube-763-bin.cgns","scan",1623113639643383864,1623113639843517842
23,"build/tests/sizes/cube-763-bin.cgns","chck",1623113639618694008,1623113639843524864
23,"build/tests/sizes/cube-2242-bin.msh4","scan",1623113639863010221,1623113639863055061
23,"build/tests/sizes/cube-2242-bin.msh4","chck",1623113639843525982,1623113639863061756
23,"build/tests/sizes/cube-263-geo.geo","scan",1623113639883003678,1623113639883039320
23,"build/tests/sizes/cube-263-geo.geo","chck",1623113639863062918,1623113639883045813
23,"build/tests/sizes/cube-482-asc.bdf","scan",1623113639915242612,1623113639915301616
23,"build/tests/sizes/cube-482-asc.bdf","chck",1623113639883046990,1623113639915308680
23,"build/tests/sizes/cube-1120-asc.bdf","scan",1623113639934165461,1623113639934200733
23,"build/tests/sizes/cube-1120-asc.bdf","chck",1623113639915310023,1623113639934206986
23,"build/tests/sizes/cube-3785-stl-bin.geo","scan",1623113639954692241,1623113639954718557
23,"build/tests/sizes/cube-3785-stl-bin.geo","chck",1623113639934208027,1623113639954724264
23,"build/tests/sizes/cube-1024-bin.msh2","scan",1623113639965146628,1623113639965167267
23,"build/tests/sizes/cube-1024-bin.msh2","chck",1623113639954725386,1623113639965170596
23,"build/tests/sizes/cube-354-asc.msh2","scan",1623113639983422167,1623113639983443683
23,"build/tests/sizes/cube-354-asc.msh2","chck",1623113639965171447,1623113639983447357
23,"build/tests/sizes/cube-3648-geo.geo","scan",1623113639998719142,1623113639998736359
23,"build/tests/sizes/cube-3648-geo.geo","chck",1623113639983448362,1623113639998739612
23,"build/tests/sizes/cube-967-bin.cgns","scan",1623113640002431416,1623113640026688184
23,"build/tests/sizes/cube-967-bin.cgns","chck",1623113639998740708,1623113640026693296
23,"build/tests/sizes/cube-1894-asc.mesh","scan",1623113640036978680,1623113640037011908
23,"build/tests/sizes/cube-1894-asc.mesh","chck",1623113640026694398,1623113640037015973
23,"cube-3435-asc","prep",1623113640037953711,1623113640037956251
23,"cube-3435-asc","zzzz",1623113640037959603,1623113640038035432,0,0,0
23,"cube-3435-asc","post",1623113640038036938,1623113640038086164
23,"cube-290-bin","prep",1623113640038093328,1623113640056762218
23,"cube-290-bin","zzzz",1623113640056768793,1623113641424423561,26847,40014,120042
23,"cube-290-bin","post",1623113641424431948,1623113641429423683
23,"cube-3006-stl-bin","mesh",1623113641429468520,1623113641431380875
23,"cube-3006-stl-bin","prep",1623113641432358467,1623113641432370110
23,"cube-3006-stl-bin","zzzz",1623113641432371899,1623113643929405906,0,60564,181692
23,"cube-3006-stl-bin","post",1623113643929416164,1623113643932418444
23,"cube-2454-bin","prep",1623113643932448010,1623113643935651015
23,"cube-2454-bin","zzzz",1623113643935654321,1623113644126086001,6388,10171,30513
23,"cube-2454-bin","post",1623113644126095278,1623113644126942820
23,"cube-288-bin","prep",1623113644126985741,1623113644132909203
23,"cube-288-bin","zzzz",1623113644132916046,1623113644321461414,6342,10107,30321
23,"cube-288-bin","post",1623113644321472248,1623113644324461743
23,"cube-2915-geo","mesh",1623113644324503284,1623113644325527649
23,"cube-2915-geo","prep",1623113644326198939,1623113644326200294
23,"cube-2915-geo","zzzz",1623113644326201687,1623113644326258937,0,0,0
23,"cube-2915-geo","post",1623113644326260337,1623113644326391603
23,"cube-1801-bin","prep",1623113644326399506,1623113644329050973
23,"cube-1801-bin","zzzz",1623113644329054009,1623113644472151914,5154,8335,25005
23,"cube-1801-bin","post",1623113644472161284,1623113644472816425
23,"cube-3107-asc","prep",1623113644472915658,1623113644486546660
23,"cube-3107-asc","zzzz",1623113644486553467,1623113645613475417,23390,35000,105000
23,"cube-3107-asc","post",1623113645613484502,1623113645615798382
23,"cube-3471-geo","mesh",1623113645615833022,1623113645615910697
23,"cube-3471-geo","prep",1623113645616585366,1623113645616586385
23,"cube-3471-geo","zzzz",1623113645616587519,1623113645616644026,0,0,0
23,"cube-3471-geo","post",1623113645616645492,1623113645616759612
23,"cube-3712-bin","prep",1623113645616766372,1623113645619420987
23,"cube-3712-bin","zzzz",1623113645619423621,1623113645763266301,5186,8368,25104
23,"cube-3712-bin","post",1623113645763276802,1623113645763979384
23,"cube-706-bin","prep",1623113645764067594,1623113645764289834
23,"cube-706-bin","zzzz",1623113645764291297,1623113645767142900,209,464,1392
23,"cube-706-bin","post",1623113645767144092,1623113645767245413
23,"cube-3277-asc","prep",1623113645767254312,1623113645767710255
23,"cube-3277-asc","zzzz",1623113645767711184,1623113645783541531,944,1695,5085
23,"cube-3277-asc","post",1623113645783550137,1623113645783702550
23,"cube-2682-stl-bin","mesh",1623113645783798821,1623113645783900714
23,"cube-2682-stl-bin","prep",1623113645784582956,1623113645784592529
23,"cube-2682-stl-bin","zzzz",1623113645784593752,1623113645798144126,0,1508,4524
23,"cube-2682-stl-bin","post",1623113645798162795,1623113645798259714
23,"cube-1060-asc","prep",1623113645798278258,1623113645814381454
23,"cube-1060-asc","zzzz",1623113645814386712,1623113647537686756,31675,46918,140754
23,"cube-1060-asc","post",1623113647537695831,1623113647540510199
23,"cube-1323-stl-bin","mesh",1623113647540547054,1623113647551251990
23,"cube-1323-stl-bin","prep",1623113647551947652,1623113647551959294
23,"cube-1323-stl-bin","zzzz",1623113647551960538,1623113667570770137,0,250332,750996
23,"cube-1323-stl-bin","post",1623113667570778422,1623113667585616821
23,"cube-1400-bin","prep",1623113667585644855,1623113667588478209
23,"cube-1400-bin","zzzz",1623113667588481471,1623113667612757070,1279,2340,7020
23,"cube-1400-bin","post",1623113667612766863,1623113667612976310
23,"cube-2586-geo","mesh",1623113667613103325,1623113667613186312
23,"cube-2586-geo","prep",1623113667613901851,1623113667613902985
23,"cube-2586-geo","zzzz",1623113667613904701,1623113667613961096,0,0,0
23,"cube-2586-geo","post",1623113667613962546,1623113667614082123
23,"cube-3041-geo","mesh",1623113667614089581,1623113667614123479
23,"cube-3041-geo","prep",1623113667614670697,1623113667614671315
23,"cube-3041-geo","zzzz",1623113667614672391,1623113667614727324,0,0,0
23,"cube-3041-geo","post",1623113667615188185,1623113667615271287
23,"cube-2455-asc","prep",1623113667615279761,1623113667615580203
23,"cube-2455-asc","zzzz",1623113667615581284,1623113667649356509,752,3002,9006
23,"cube-2455-asc","post",1623113667649366595,1623113667649844975
23,"cube-3242-asc","prep",1623113667649873328,1623113667652512264
23,"cube-3242-asc","zzzz",1623113667652514698,1623113667755409042,4010,6614,19842
23,"cube-3242-asc","post",1623113667755418615,1623113667755831353
23,"cube-606-bin","prep",1623113667756119283,1623113667882514146
23,"cube-606-bin","zzzz",1623113667882522125,1623113685189898599,160674,226867,680601
23,"cube-606-bin","post",1623113685189908563,1623113685235403918
23,"cube-3511-bin","prep",1623113685235440237,1623113685343433127
23,"cube-3511-bin","zzzz",1623113685343440674,1623113703772987693,167906,236682,710046
23,"cube-3511-bin","post",1623113703773002173,1623113703787494963
23,"cube-2895-asc","prep",1623113703788237124,1623113703801412180
23,"cube-2895-asc","zzzz",1623113703801415283,1623113703919557550,4464,7281,21843
23,"cube-2895-asc","post",1623113703919568055,1623113703920634070
23,"cube-307-asc","prep",1623113703920675165,1623113703923258024
23,"cube-307-asc","zzzz",1623113703923259512,1623113725619667299,17696,264281,792843
23,"cube-307-asc","post",1623113725619681369,1623113725666376054
23,"cube-2859-bin","prep",1623113725666409884,1623113725693920619
23,"cube-2859-bin","zzzz",1623113725693925174,1623113727616456644,34247,50556,151668
23,"cube-2859-bin","post",1623113727616467634,1623113727619371130
23,"cube-2481-geo","mesh",1623113727619398282,1623113727621632890
23,"cube-2481-geo","prep",1623113727622383999,1623113727622385049
23,"cube-2481-geo","zzzz",1623113727622386564,1623113727622442034,0,0,0
23,"cube-2481-geo","post",1623113727622443165,1623113727622564124
23,"cube-3974-bin.cgns","prep",1623113727622570633,1623113727759206356
23,"cube-3974-bin.cgns","zzzz",1623113727759215470,1623113929216869323,888354,1216505,3649515
23,"cube-3974-bin.cgns","post",1623113929216879026,1623113929216949718
23,"cube-2012-geo","mesh",1623113929217900834,1623113929217979601
23,"cube-2012-geo","prep",1623113929218662789,1623113929218664238
23,"cube-2012-geo","zzzz",1623113929218665590,1623113929218721618,0,0,0
23,"cube-2012-geo","post",1623113929218722739,1623113929218825469
23,"cube-2472-asc","prep",1623113929218831828,1623113929343076977
23,"cube-2472-asc","zzzz",1623113929343084874,1623113951317453048,189359,266523,799569
23,"cube-2472-asc","post",1623113951317466531,1623113951333730899
23,"cube-853-asc","prep",1623113951333765206,1623113951334549579
23,"cube-853-asc","zzzz",1623113951334551734,1623113951367018227,1605,2913,8739
23,"cube-853-asc","post",1623113951367028857,1623113951367517387
23,"cube-2763-bin","prep",1623113951367659065,1623113952556212547
23,"cube-2763-bin","zzzz",1623113952556220036,1623114384875453338,1585902,2156914,6470742
23,"cube-2763-bin","post",1623114384875467632,1623114385004529307
23,"cube-2493-bin.cgns","prep",1623114385005310410,1623114385011558735
23,"cube-2493-bin.cgns","zzzz",1623114385011563579,1623114390044712885,67507,97939,293817
23,"cube-2493-bin.cgns","post",1623114390044726838,1623114390044793957
23,"cube-2719-geo","mesh",1623114390044874231,1623114390045006174
23,"cube-2719-geo","prep",1623114390045778832,1623114390045779873
23,"cube-2719-geo","zzzz",1623114390045781326,1623114390045840955,0,0,0
23,"cube-2719-geo","post",1623114390045842273,1623114390045956356
23,"cube-1366-stl-bin","mesh",1623114390045963527,1623114390046042170
23,"cube-1366-stl-bin","prep",1623114390046605206,1623114390046675824
23,"cube-1366-stl-bin","zzzz",1623114390046676967,1623114390073176704,0,2500,7500
23,"cube-1366-stl-bin","post",1623114390073187009,1623114390073377814
23,"cube-1845-asc","prep",1623114390073407671,1623114390074779833
23,"cube-1845-asc","zzzz",1623114390074781541,1623114390107366158,1608,2921,8763
23,"cube-1845-asc","post",1623114390107376554,1623114390107647445
23,"cube-1539-bin.cgns","prep",1623114390107698167,1623114390108089508
23,"cube-1539-bin.cgns","zzzz",1623114390108091861,1623114390112162742,295,602,1806
23,"cube-1539-bin.cgns","post",1623114390112172902,1623114390112217914
23,"cube-139-bin","prep",1623114390112263312,1623114390112629632
23,"cube-139-bin","zzzz",1623114390112631021,1623114390123340391,654,1261,3783
23,"cube-139-bin","post",1623114390123350513,1623114390123627776
23,"cube-746-bin.cgns","prep",1623114390123661655,1623114390145189617
23,"cube-746-bin.cgns","zzzz",1623114390145192533,1623114390701443417,13892,21436,64308
23,"cube-746-bin.cgns","post",1623114390701454049,1623114390701494856
23,"cube-2424-stl-bin","mesh",1623114390701537470,1623114390701677569
23,"cube-2424-stl-bin","prep",1623114390702394247,1623114390702407397
23,"cube-2424-stl-bin","zzzz",1623114390702409327,1623114390717894622,0,1668,5004
23,"cube-2424-stl-bin","post",1623114390717910562,1623114390718002462
23,"cube-3336-stl-bin","mesh",1623114390718016669,1623114390732939774
23,"cube-3336-stl-bin","prep",1623114390733615452,1623114390733674222
23,"cube-3336-stl-bin","zzzz",1623114390733675532,1623114419272072364,0,317932,953796
23,"cube-3336-stl-bin","post",1623114419272086160,1623114419298070721
23,"cube-2001-bin","prep",1623114419298096155,1623114419609490754
23,"cube-2001-bin","zzzz",1623114419609497926,1623114502620109322,469509,649415,1948245
23,"cube-2001-bin","post",1623114502620118759,1623114502660813408
23,"cube-95-bin","prep",1623114502660850481,1623114502780055394
23,"cube-95-bin","zzzz",1623114502780062307,1623114524711574134,189050,266148,798444
23,"cube-95-bin","post",1623114524711583573,1623114524728467666
23,"cube-3030-bin","prep",1623114524728502456,1623114524800574211
23,"cube-3030-bin","zzzz",1623114524800580727,1623114536656378452,123710,175546,526638
23,"cube-3030-bin","post",1623114536656392204,1623114536668135548
23,"cube-1342-bin.cgns","prep",1623114536668174272,1623114536668569160
23,"cube-1342-bin.cgns","zzzz",1623114536668571475,1623114536671499807,211,466,1398
23,"cube-1342-bin.cgns","post",1623114536671510122,1623114536671567793
23,"cube-2685-stl-bin","mesh",1623114536671613021,1623114536672958387
23,"cube-2685-stl-bin","prep",1623114536673607499,1623114536673618367
23,"cube-2685-stl-bin","zzzz",1623114536673619548,1623114537250594731,0,22004,66012
23,"cube-2685-stl-bin","post",1623114537250604931,1623114537256006775
23,"cube-870-asc","prep",1623114537256017885,1623114537262396507
23,"cube-870-asc","zzzz",1623114537262397981,1623114627857579280,35336,688242,2064726
23,"cube-870-asc","post",1623114627857598270,1623114627941097257
23,"cube-1972-bin","prep",1623114627941134185,1623114627942555049
23,"cube-1972-bin","zzzz",1623114627942557941,1623114627945502936,213,468,1404
23,"cube-1972-bin","post",1623114627945513204,1623114627945634068
23,"cube-3909-bin.cgns","prep",1623114627945669401,1623114628169454895
23,"cube-3909-bin.cgns","zzzz",1623114628169462848,1623115169926904285,1881471,2554650,7663950
23,"cube-3909-bin.cgns","post",1623115169926919102,1623115169926982962
23,"cube-3599-bin","prep",1623115169927051010,1623115169927675296
23,"cube-3599-bin","zzzz",1623115169927677054,1623115169932860221,348,725,2175
23,"cube-3599-bin","post",1623115169932870640,1623115169933037899
23,"cube-3840-asc","prep",1623115169933074258,1623115169983307864
23,"cube-3840-asc","zzzz",1623115169983311537,1623115178151399853,95037,136277,408831
23,"cube-3840-asc","post",1623115178151413424,1623115178159866782
23,"cube-2538-bin.cgns","prep",1623115178159899585,1623115178211507611
23,"cube-2538-bin.cgns","zzzz",1623115178211515479,1623115261733319195,471088,652072,1956216
23,"cube-2538-bin.cgns","post",1623115261733333201,1623115261733394344
23,"cube-3565-asc","prep",1623115261733460772,1623115261753583500
23,"cube-3565-asc","zzzz",1623115261753587701,1623115263967930602,37785,55750,167250
23,"cube-3565-asc","post",1623115263967941893,1623115263971411839
23,"cube-3659-geo","mesh",1623115263971436841,1623115263971535823
23,"cube-3659-geo","prep",1623115263972214751,1623115263972215712
23,"cube-3659-geo","zzzz",1623115263972216964,1623115263972272320,0,0,0
23,"cube-3659-geo","post",1623115263972273991,1623115263972335618
23,"cube-1073-asc","prep",1623115263972825411,1623115263973154994
23,"cube-1073-asc","zzzz",1623115263973158453,1623115263989910338,416,1769,5307
23,"cube-1073-asc","post",1623115263989920461,1623115263990283972
23,"cube-3901-asc","prep",1623115263990297422,1623115263992646650
23,"cube-3901-asc","zzzz",1623115263992648685,1623115264114745997,4566,7451,22353
23,"cube-3901-asc","post",1623115264114756191,1623115264115937952
23,"cube-1844-stl-bin","mesh",1623115264115983714,1623115264116034907
23,"cube-1844-stl-bin","prep",1623115264116713071,1623115264116721172
23,"cube-1844-stl-bin","zzzz",1623115264116722286,1623115264121451354,0,676,2028
23,"cube-1844-stl-bin","post",1623115264121461581,1623115264121569652
23,"cube-3464-asc","prep",1623115264121599803,1623115264129088164
23,"cube-3464-asc","zzzz",1623115264129089747,1623115464608604174,51970,1212035,3636105
23,"cube-3464-asc","post",1623115464608618651,1623115464713901195
23,"cube-763-bin.cgns","prep",1623115464713937123,1623115465155400375
23,"cube-763-bin.cgns","zzzz",1623115465155408973,1623115700862880950,1000572,1368538,4105614
23,"cube-763-bin.cgns","post",1623115700862890876,1623115700862928194
23,"cube-1590-geo","mesh",1623115700862971360,1623115700863050809
23,"cube-1590-geo","prep",1623115700863720233,1623115700863721768
23,"cube-1590-geo","zzzz",1623115700863723812,1623115700863782052,0,0,0
23,"cube-1590-geo","post",1623115700863783545,1623115700863875771
23,"cube-3541-asc","prep",1623115700863883386,1623115701569611625
23,"cube-3541-asc","zzzz",1623115701569619441,1623115924841743554,960080,1314028,3942084
23,"cube-3541-asc","post",1623115924841758925,1623115924972506734
23,"cube-433-bin","prep",1623115924972542826,1623115924978193066
23,"cube-433-bin","zzzz",1623115924978196944,1623115924980463505,176,381,1143
23,"cube-433-bin","post",1623115924980474111,1623115924980647026
23,"cube-3969-bin","prep",1623115924980684030,1623115924982920746
23,"cube-3969-bin","zzzz",1623115924982922872,1623115924986836014,281,584,1752
23,"cube-3969-bin","post",1623115924986857214,1623115924987109735
23,"cube-2627-bin","prep",1623115924987147061,1623115926005611193
23,"cube-2627-bin","zzzz",1623115926005623575,1623116285937580794,1380116,1879935,5639805
23,"cube-2627-bin","post",1623116285937594608,1623116286060108645
23,"cube-832-stl-bin","mesh",1623116286060158571,1623116286067098758
23,"cube-832-stl-bin","prep",1623116286067791738,1623116286067859867
23,"cube-832-stl-bin","zzzz",1623116286067861368,1623116299614904266,0,192124,576372
23,"cube-832-stl-bin","post",1623116299614911827,1623116299625630956
23,"cube-211-bin","prep",1623116299625655696,1623116299648720551
23,"cube-211-bin","zzzz",1623116299648725974,1623116301570896342,34242,50555,151665
23,"cube-211-bin","post",1623116301570906989,1623116301577567681
23,"cube-3275-geo","mesh",1623116301577602165,1623116301578407775
23,"cube-3275-geo","prep",1623116301579051640,1623116301579052911
23,"cube-3275-geo","zzzz",1623116301579054360,1623116301579110056,0,0,0
23,"cube-3275-geo","post",1623116301579111288,1623116301579202060
23,"cube-967-bin.cgns","prep",1623116301579208473,1623116301603115142
23,"cube-967-bin.cgns","zzzz",1623116301603118278,1623116303347715979,31943,47261,141783
23,"cube-967-bin.cgns","post",1623116303347726249,1623116303347775651
23,"cube-2410-bin","prep",1623116303347827705,1623116303348049208
23,"cube-2410-bin","zzzz",1623116303348050590,1623116303350980714,211,466,1398
23,"cube-2410-bin","post",1623116303350990891,1623116303351141186
23,"cube-1802-bin","prep",1623116303351174820,1623116303352795790
23,"cube-1802-bin","zzzz",1623116303352797794,1623116303385766570,1629,2947,8841
23,"cube-1802-bin","post",1623116303385776684,1623116303386395135
23,"cube-514-asc","prep",1623116303386410757,1623116303386591745
23,"cube-514-asc","zzzz",1623116303386593281,1623116303411691402,624,2400,7200
23,"cube-514-asc","post",1623116303411701690,1623116303412055644
23,"cube-3108-geo","mesh",1623116303412090347,1623116303412219112
23,"cube-3108-geo","prep",1623116303412834143,1623116303412834890
23,"cube-3108-geo","zzzz",1623116303412835953,1623116303412845139,0,0,0
23,"cube-3108-geo","post",1623116303412846137,1623116303412898616
23,"cube-3506-asc","prep",1623116303412904628,1623116303517189715
23,"cube-3506-asc","zzzz",1623116303517193584,1623116323690140087,178743,251588,754764
23,"cube-3506-asc","post",1623116323690153648,1623116323714721787
23,"cube-2000-asc","prep",1623116323714752728,1623116323731161795
23,"cube-2000-asc","zzzz",1623116323731164851,1623116923717493905,89932,2757944,8273832
23,"cube-2000-asc","post",1623116923717504258,1623116924010792084
23,"cube-3701-bin","prep",1623116924010823348,1623116924011350359
23,"cube-3701-bin","zzzz",1623116924011352055,1623116924022474814,688,1303,3909
23,"cube-3701-bin","post",1623116924022476193,1623116924022594551
23,"Proc","exit_task",1623113578265320313,1623116924033988166,3227460
