34,"build/tests/sizes/cube-2320-bin.cgns","scan",1623113596132867524,1623113596150466743
34,"build/tests/sizes/cube-2320-bin.cgns","chck",1623113596119872600,1623113596150588455
34,"build/tests/sizes/cube-1816-asc.mesh","scan",1623113596151177149,1623113596280202867
34,"build/tests/sizes/cube-1816-asc.mesh","chck",1623113596150590404,1623113596280207398
34,"build/tests/sizes/cube-3085-asc.bdf","scan",1623113596280774458,1623113596302237093
34,"build/tests/sizes/cube-3085-asc.bdf","chck",1623113596280208487,1623113596302250429
34,"build/tests/sizes/cube-873-stl-bin.geo","scan",1623113596322347282,1623113596411480059
34,"build/tests/sizes/cube-873-stl-bin.geo","chck",1623113596302251506,1623113596411485066
34,"build/tests/sizes/cube-3995-asc.msh2","scan",1623113596442421090,1623113596458229443
34,"build/tests/sizes/cube-3995-asc.msh2","chck",1623113596411486173,1623113596458234401
34,"build/tests/sizes/cube-771-asc.bdf","scan",1623113596488509412,1623113596577414536
34,"build/tests/sizes/cube-771-asc.bdf","chck",1623113596458235407,1623113596577419637
34,"build/tests/sizes/cube-3958-bin.vtk","scan",1623113596578073359,1623113597077251044
34,"build/tests/sizes/cube-3958-bin.vtk","chck",1623113596577420734,1623113597077272551
34,"build/tests/sizes/cube-3297-asc.bdf","scan",1623113597082998146,1623113597114252529
34,"build/tests/sizes/cube-3297-asc.bdf","chck",1623113597077273991,1623113597114258678
34,"build/tests/sizes/cube-3985-bin.cgns","scan",1623113597126762570,1623113597144972874
34,"build/tests/sizes/cube-3985-bin.cgns","chck",1623113597114260199,1623113597144978882
34,"build/tests/sizes/cube-3558-asc.mesh","scan",1623113597154141807,1623113597175336467
34,"build/tests/sizes/cube-3558-asc.mesh","chck",1623113597144979956,1623113597175341912
34,"build/tests/sizes/cube-2500-asc.msh2","scan",1623113597175883373,1623113597516308752
34,"build/tests/sizes/cube-2500-asc.msh2","chck",1623113597175343114,1623113597516314623
34,"build/tests/sizes/cube-3027-bin.cgns","scan",1623113597540755201,1623113597655775343
34,"build/tests/sizes/cube-3027-bin.cgns","chck",1623113597516315756,1623113597655781743
34,"build/tests/sizes/cube-1176-geo.geo_unrolled","scan",1623113597663769874,1623113597667744787
34,"build/tests/sizes/cube-1176-geo.geo_unrolled","chck",1623113597655782809,1623113597667750287
34,"build/tests/sizes/cube-5-bin.msh4","scan",1623113597680750095,1623113597863162163
34,"build/tests/sizes/cube-5-bin.msh4","chck",1623113597667751315,1623113597863168250
34,"build/tests/sizes/cube-1005-bin.cgns","scan",1623113597885213606,1623113598014723888
34,"build/tests/sizes/cube-1005-bin.cgns","chck",1623113597863169327,1623113598014730083
34,"build/tests/sizes/cube-2062-stl-bin.geo","scan",1623113598038319323,1623113598071099331
34,"build/tests/sizes/cube-2062-stl-bin.geo","chck",1623113598014731220,1623113598071111374
34,"build/tests/sizes/cube-3450-geo.geo","scan",1623113598097251750,1623113598101351541
34,"build/tests/sizes/cube-3450-geo.geo","chck",1623113598071112545,1623113598101357597
34,"build/tests/sizes/cube-3581-asc.mesh","scan",1623113598118889054,1623113598137404380
34,"build/tests/sizes/cube-3581-asc.mesh","chck",1623113598101358712,1623113598137410396
34,"build/tests/sizes/cube-1087-bin.vtk","scan",1623113598156321014,1623113599779349394
34,"build/tests/sizes/cube-1087-bin.vtk","chck",1623113598137411349,1623113599779364249
34,"build/tests/sizes/cube-2128-bin.msh2","scan",1623113599779999266,1623113602884562194
34,"build/tests/sizes/cube-2128-bin.msh2","chck",1623113599779365384,1623113602884568902
34,"build/tests/sizes/cube-145-bin.msh2","scan",1623113602898587464,1623113602907042646
34,"build/tests/sizes/cube-145-bin.msh2","chck",1623113602884570172,1623113602907049078
34,"build/tests/sizes/cube-3082-geo.geo_unrolled","scan",1623113602907650181,1623113602908736477
34,"build/tests/sizes/cube-3082-geo.geo_unrolled","chck",1623113602907050242,1623113602908740533
34,"build/tests/sizes/cube-3460-bin.msh4","scan",1623113602909286706,1623113602910717649
34,"build/tests/sizes/cube-3460-bin.msh4","chck",1623113602908741494,1623113602910721127
34,"build/tests/sizes/cube-1416-geo.geo_unrolled","scan",1623113602912206625,1623113602913208619
34,"build/tests/sizes/cube-1416-geo.geo_unrolled","chck",1623113602910724703,1623113602913211813
34,"build/tests/sizes/cube-3370-bin.msh2","scan",1623113602933519653,1623113602965263230
34,"build/tests/sizes/cube-3370-bin.msh2","chck",1623113602913212753,1623113602965269551
34,"build/tests/sizes/cube-3232-bin.vtk","scan",1623113603018177188,1623113603026306221
34,"build/tests/sizes/cube-3232-bin.vtk","chck",1623113602965270633,1623113603026313514
34,"build/tests/sizes/cube-597-asc.msh2","scan",1623113603041473237,1623113616151562788
34,"build/tests/sizes/cube-597-asc.msh2","chck",1623113603026314684,1623113616151596161
34,"build/tests/sizes/cube-3943-bin.vtk","scan",1623113616176393535,1623113616258115465
34,"build/tests/sizes/cube-3943-bin.vtk","chck",1623113616151597947,1623113616258122659
34,"build/tests/sizes/cube-3930-asc.msh2","scan",1623113616259166604,1623113618397335316
34,"build/tests/sizes/cube-3930-asc.msh2","chck",1623113616258123717,1623113618397347545
34,"build/tests/sizes/cube-3037-bin.vtk","scan",1623113618412564938,1623113618873830291
34,"build/tests/sizes/cube-3037-bin.vtk","chck",1623113618397348779,1623113618873837200
34,"build/tests/sizes/cube-1231-asc.bdf","scan",1623113618891963518,1623113619181511330
34,"build/tests/sizes/cube-1231-asc.bdf","chck",1623113618873838311,1623113619181517568
34,"build/tests/sizes/cube-3191-asc.bdf","scan",1623113619186090037,1623113619202663501
34,"build/tests/sizes/cube-3191-asc.bdf","chck",1623113619181518712,1623113619202675270
34,"build/tests/sizes/cube-3211-bin.vtk","scan",1623113619203247776,1623113619781679586
34,"build/tests/sizes/cube-3211-bin.vtk","chck",1623113619202676484,1623113619781686635
34,"build/tests/sizes/cube-3692-bin.cgns","scan",1623113619801182683,1623113619882279362
34,"build/tests/sizes/cube-3692-bin.cgns","chck",1623113619781687724,1623113619882285615
34,"build/tests/sizes/cube-2442-stl-bin.geo","scan",1623113619900371551,1623113619939173710
34,"build/tests/sizes/cube-2442-stl-bin.geo","chck",1623113619882286651,1623113619939179409
34,"build/tests/sizes/cube-2132-geo.geo","scan",1623113619945349997,1623113619946578479
34,"build/tests/sizes/cube-2132-geo.geo","chck",1623113619939180429,1623113619946583549
34,"build/tests/sizes/cube-978-bin.cgns","scan",1623113619950300485,1623113619974248898
34,"build/tests/sizes/cube-978-bin.cgns","chck",1623113619946584623,1623113619974254926
34,"build/tests/sizes/cube-3462-bin.vtk","scan",1623113619975403736,1623113619977000703
34,"build/tests/sizes/cube-3462-bin.vtk","chck",1623113619974255955,1623113619977005488
34,"build/tests/sizes/cube-3015-geo.geo_unrolled","scan",1623113619977562390,1623113619978623942
34,"build/tests/sizes/cube-3015-geo.geo_unrolled","chck",1623113619977006465,1623113619978627688
34,"build/tests/sizes/cube-3944-geo.geo","scan",1623113619979154119,1623113619980272593
34,"build/tests/sizes/cube-3944-geo.geo","chck",1623113619978628659,1623113619980276152
34,"build/tests/sizes/cube-533-asc.mesh","scan",1623113619993190755,1623113620719562375
34,"build/tests/sizes/cube-533-asc.mesh","chck",1623113619980277033,1623113620719569268
34,"build/tests/sizes/cube-1152-geo.geo","scan",1623113620729634970,1623113620730932501
34,"build/tests/sizes/cube-1152-geo.geo","chck",1623113620719570475,1623113620730937739
34,"build/tests/sizes/cube-3843-geo.geo_unrolled","scan",1623113620731463859,1623113620732496513
34,"build/tests/sizes/cube-3843-geo.geo_unrolled","chck",1623113620730938777,1623113620732500209
34,"build/tests/sizes/cube-558-asc.msh2","scan",1623113620752375414,1623113620761666410
34,"build/tests/sizes/cube-558-asc.msh2","chck",1623113620732501194,1623113620761671136
34,"build/tests/sizes/cube-108-bin.cgns","scan",1623113620786744953,1623113620971292612
34,"build/tests/sizes/cube-108-bin.cgns","chck",1623113620761672288,1623113620971299232
34,"build/tests/sizes/cube-3704-asc.bdf","scan",1623113620971939013,1623113621027271534
34,"build/tests/sizes/cube-3704-asc.bdf","chck",1623113620971300484,1623113621027278090
34,"build/tests/sizes/cube-3150-stl-bin.geo","scan",1623113621051925722,1623113621114453563
34,"build/tests/sizes/cube-3150-stl-bin.geo","chck",1623113621027543446,1623113621114459757
34,"build/tests/sizes/cube-3271-bin.msh4","scan",1623113621115043010,1623113621233260502
34,"build/tests/sizes/cube-3271-bin.msh4","chck",1623113621114460980,1623113621233266747
34,"build/tests/sizes/cube-3952-geo.geo","scan",1623113621234134213,1623113621235393891
34,"build/tests/sizes/cube-3952-geo.geo","chck",1623113621233267742,1623113621235399096
34,"build/tests/sizes/cube-3869-geo.geo","scan",1623113621235917558,1623113621237060966
34,"build/tests/sizes/cube-3869-geo.geo","chck",1623113621235400092,1623113621237064295
34,"build/tests/sizes/cube-1282-geo.geo","scan",1623113621259176688,1623113621260496538
34,"build/tests/sizes/cube-1282-geo.geo","chck",1623113621237065228,1623113621260501533
34,"build/tests/sizes/cube-2470-bin.vtk","scan",1623113621278824980,1623113621313768098
34,"build/tests/sizes/cube-2470-bin.vtk","chck",1623113621260502782,1623113621313775004
34,"build/tests/sizes/cube-212-asc.bdf","scan",1623113621328051023,1623113621337016322
34,"build/tests/sizes/cube-212-asc.bdf","chck",1623113621313776417,1623113621337023012
34,"build/tests/sizes/cube-2963-geo.geo_unrolled","scan",1623113621354366263,1623113621355550947
34,"build/tests/sizes/cube-2963-geo.geo_unrolled","chck",1623113621337024208,1623113621355556336
34,"build/tests/sizes/cube-1730-bin.msh4","scan",1623113621373578839,1623113621393272648
34,"build/tests/sizes/cube-1730-bin.msh4","chck",1623113621355557347,1623113621393279210
34,"build/tests/sizes/cube-2628-asc.mesh","scan",1623113621393886166,1623113621395528154
34,"build/tests/sizes/cube-2628-asc.mesh","chck",1623113621393280349,1623113621395531819
34,"build/tests/sizes/cube-3882-bin.msh4","scan",1623113621396048503,1623113621644368561
34,"build/tests/sizes/cube-3882-bin.msh4","chck",1623113621395532841,1623113621644375585
34,"build/tests/sizes/cube-2604-geo.geo","scan",1623113621645218224,1623113621646615059
34,"build/tests/sizes/cube-2604-geo.geo","chck",1623113621644376917,1623113621646619995
34,"build/tests/sizes/cube-1269-bin.vtk","scan",1623113621648377538,1623113621650131098
34,"build/tests/sizes/cube-1269-bin.vtk","chck",1623113621646621055,1623113621650135585
34,"build/tests/sizes/cube-2945-bin.msh2","scan",1623113621662569785,1623113622248909756
34,"build/tests/sizes/cube-2945-bin.msh2","chck",1623113621650136541,1623113622248914690
34,"build/tests/sizes/cube-442-bin.msh4","scan",1623113622267741391,1623113622299776293
34,"build/tests/sizes/cube-442-bin.msh4","chck",1623113622248915729,1623113622299782406
34,"build/tests/sizes/cube-2966-geo.geo_unrolled","scan",1623113622300379617,1623113622301526159
34,"build/tests/sizes/cube-2966-geo.geo_unrolled","chck",1623113622299783835,1623113622301530959
34,"build/tests/sizes/cube-166-geo.geo","scan",1623113622304188404,1623113622305554905
34,"build/tests/sizes/cube-166-geo.geo","chck",1623113622301532146,1623113622305559379
34,"build/tests/sizes/cube-728-geo.geo_unrolled","scan",1623113622306355992,1623113622307369907
34,"build/tests/sizes/cube-728-geo.geo_unrolled","chck",1623113622305560404,1623113622307373791
34,"build/tests/sizes/cube-658-geo.geo_unrolled","scan",1623113622319316886,1623113622320428817
34,"build/tests/sizes/cube-658-geo.geo_unrolled","chck",1623113622307374729,1623113622320433444
34,"build/tests/sizes/cube-1601-bin.vtk","scan",1623113622334706885,1623113624160971076
34,"build/tests/sizes/cube-1601-bin.vtk","chck",1623113622320434593,1623113624160977176
34,"build/tests/sizes/cube-932-geo.geo_unrolled","scan",1623113624185385800,1623113624186665389
34,"build/tests/sizes/cube-932-geo.geo_unrolled","chck",1623113624160978362,1623113624186671552
34,"build/tests/sizes/cube-934-asc.msh2","scan",1623113624197313341,1623113624205065083
34,"build/tests/sizes/cube-934-asc.msh2","chck",1623113624186672678,1623113624205071013
34,"build/tests/sizes/cube-3122-asc.msh2","scan",1623113624205639725,1623113624208921240
34,"build/tests/sizes/cube-3122-asc.msh2","chck",1623113624205072116,1623113624208925510
34,"build/tests/sizes/cube-549-bin.cgns","scan",1623113624233615417,1623113624307193609
34,"build/tests/sizes/cube-549-bin.cgns","chck",1623113624208926556,1623113624307200235
34,"build/tests/sizes/cube-3099-geo.geo_unrolled","scan",1623113624322034223,1623113624323128613
34,"build/tests/sizes/cube-3099-geo.geo_unrolled","chck",1623113624307201670,1623113624323133875
34,"build/tests/sizes/cube-3620-geo.geo_unrolled","scan",1623113624323624828,1623113624324591390
34,"build/tests/sizes/cube-3620-geo.geo_unrolled","chck",1623113624323134927,1623113624324594461
34,"build/tests/sizes/cube-2664-asc.mesh","scan",1623113624345098033,1623113624370112816
34,"build/tests/sizes/cube-2664-asc.mesh","chck",1623113624324595443,1623113624370118192
34,"build/tests/sizes/cube-2015-stl-bin.geo","scan",1623113624370632685,1623113624452566305
34,"build/tests/sizes/cube-2015-stl-bin.geo","chck",1623113624370119286,1623113624452572024
34,"build/tests/sizes/cube-3993-bin.cgns","scan",1623113624456362709,1623113624475910326
34,"build/tests/sizes/cube-3993-bin.cgns","chck",1623113624452573464,1623113624475917825
34,"build/tests/sizes/cube-2796-asc.mesh","scan",1623113624476573377,1623113624499628124
34,"build/tests/sizes/cube-2796-asc.mesh","chck",1623113624475919067,1623113624499634752
34,"build/tests/sizes/cube-293-geo.geo_unrolled","scan",1623113624512134672,1623113624513297318
34,"build/tests/sizes/cube-293-geo.geo_unrolled","chck",1623113624499636026,1623113624513302932
34,"build/tests/sizes/cube-2686-asc.mesh","scan",1623113624513785727,1623113625910837516
34,"build/tests/sizes/cube-2686-asc.mesh","chck",1623113624513304079,1623113625910848651
34,"build/tests/sizes/cube-785-stl-bin.geo","scan",1623113625922992571,1623113625999061984
34,"build/tests/sizes/cube-785-stl-bin.geo","chck",1623113625910849875,1623113625999067792
34,"build/tests/sizes/cube-1711-asc.msh2","scan",1623113626015961695,1623113626079493206
34,"build/tests/sizes/cube-1711-asc.msh2","chck",1623113625999069015,1623113626079499448
34,"build/tests/sizes/cube-1168-bin.msh4","scan",1623113626098588808,1623113626193066703
34,"build/tests/sizes/cube-1168-bin.msh4","chck",1623113626079500372,1623113626193071944
34,"build/tests/sizes/cube-1221-asc.msh2","scan",1623113626210289331,1623113626220027903
34,"build/tests/sizes/cube-1221-asc.msh2","chck",1623113626193073052,1623113626220033430
34,"build/tests/sizes/cube-1486-asc.msh2","scan",1623113626231736928,1623113633881678548
34,"build/tests/sizes/cube-1486-asc.msh2","chck",1623113626220034516,1623113633881686823
34,"build/tests/sizes/cube-2842-asc.mesh","scan",1623113633886318593,1623113633983858659
34,"build/tests/sizes/cube-2842-asc.mesh","chck",1623113633881687908,1623113633983864366
34,"build/tests/sizes/cube-972-geo.geo","scan",1623113634006658042,1623113634008070476
34,"build/tests/sizes/cube-972-geo.geo","chck",1623113633983865432,1623113634008075593
34,"build/tests/sizes/cube-2976-asc.bdf","scan",1623113634008593143,1623113634043975529
34,"build/tests/sizes/cube-2976-asc.bdf","chck",1623113634008076762,1623113634043981777
34,"build/tests/sizes/cube-2928-geo.geo_unrolled","scan",1623113634044520603,1623113634046851094
34,"build/tests/sizes/cube-2928-geo.geo_unrolled","chck",1623113634043982986,1623113634046855145
34,"build/tests/sizes/cube-1765-bin.vtk","scan",1623113634047417970,1623113634050402802
34,"build/tests/sizes/cube-1765-bin.vtk","chck",1623113634046856268,1623113634050406336
34,"build/tests/sizes/cube-1933-geo.geo","scan",1623113634050952439,1623113634052162295
34,"build/tests/sizes/cube-1933-geo.geo","chck",1623113634050407250,1623113634052165548
34,"build/tests/sizes/cube-2688-geo.geo_unrolled","scan",1623113634067692131,1623113634068797363
34,"build/tests/sizes/cube-2688-geo.geo_unrolled","chck",1623113634052166472,1623113634068802025
34,"build/tests/sizes/cube-3235-geo.geo","scan",1623113634069335856,1623113634070526096
34,"build/tests/sizes/cube-3235-geo.geo","chck",1623113634068802922,1623113634070529525
34,"build/tests/sizes/cube-3906-bin.msh4","scan",1623113634071050959,1623113634073192428
34,"build/tests/sizes/cube-3906-bin.msh4","chck",1623113634070530373,1623113634073331844
34,"build/tests/sizes/cube-908-bin.msh2","scan",1623113634074450417,1623113634081655036
34,"build/tests/sizes/cube-908-bin.msh2","chck",1623113634073333423,1623113634081658508
34,"build/tests/sizes/cube-2331-bin.msh4","scan",1623113634082197349,1623113634083387746
34,"build/tests/sizes/cube-2331-bin.msh4","chck",1623113634081659497,1623113634083390612
34,"build/tests/sizes/cube-251-bin.cgns","scan",1623113634108320558,1623113634200157071
34,"build/tests/sizes/cube-251-bin.cgns","chck",1623113634083391537,1623113634200164727
34,"build/tests/sizes/cube-1937-asc.bdf","scan",1623113634201307594,1623113634204929844
34,"build/tests/sizes/cube-1937-asc.bdf","chck",1623113634200166045,1623113634204935549
34,"build/tests/sizes/cube-1640-bin.cgns","scan",1623113634228633036,1623113634319605079
34,"build/tests/sizes/cube-1640-bin.cgns","chck",1623113634204936689,1623113634319611923
34,"build/tests/sizes/cube-770-bin.cgns","scan",1623113634335876394,1623113634369140366
34,"build/tests/sizes/cube-770-bin.cgns","chck",1623113634319613066,1623113634369146971
34,"build/tests/sizes/cube-1096-asc.bdf","scan",1623113634390605233,1623113637179973144
34,"build/tests/sizes/cube-1096-asc.bdf","chck",1623113634369148003,1623113637179979774
34,"build/tests/sizes/cube-1896-geo.geo_unrolled","scan",1623113637180772106,1623113637280649783
34,"build/tests/sizes/cube-1896-geo.geo_unrolled","chck",1623113637179980829,1623113637280656899
34,"build/tests/sizes/cube-1681-bin.cgns","scan",1623113637298678738,1623113637350272841
34,"build/tests/sizes/cube-1681-bin.cgns","chck",1623113637280657940,1623113637350279489
34,"build/tests/sizes/cube-1077-stl-bin.geo","scan",1623113637366338582,1623113637549573451
34,"build/tests/sizes/cube-1077-stl-bin.geo","chck",1623113637350280613,1623113637549579799
34,"build/tests/sizes/cube-1086-asc.mesh","scan",1623113637551378703,1623113637603915100
34,"build/tests/sizes/cube-1086-asc.mesh","chck",1623113637549581071,1623113637603921908
34,"build/tests/sizes/cube-3925-stl-bin.geo","scan",1623113637626242558,1623113637753742911
34,"build/tests/sizes/cube-3925-stl-bin.geo","chck",1623113637603922978,1623113637753750213
34,"build/tests/sizes/cube-3305-geo.geo","scan",1623113637773561216,1623113637774927734
34,"build/tests/sizes/cube-3305-geo.geo","chck",1623113637753751675,1623113637774933551
34,"build/tests/sizes/cube-3320-geo.geo","scan",1623113637775449348,1623113637776591731
34,"build/tests/sizes/cube-3320-geo.geo","chck",1623113637774934492,1623113637776595085
34,"build/tests/sizes/cube-1679-asc.msh2","scan",1623113637777771909,1623113638030811478
34,"build/tests/sizes/cube-1679-asc.msh2","chck",1623113637776596033,1623113638030817659
34,"build/tests/sizes/cube-526-asc.mesh","scan",1623113638045579322,1623113638071389847
34,"build/tests/sizes/cube-526-asc.mesh","chck",1623113638030818740,1623113638071395634
34,"build/tests/sizes/cube-3262-stl-bin.geo","scan",1623113638082696174,1623113638093635800
34,"build/tests/sizes/cube-3262-stl-bin.geo","chck",1623113638071396783,1623113638093641595
34,"build/tests/sizes/cube-3110-bin.msh4","scan",1623113638094260161,1623113638299323810
34,"build/tests/sizes/cube-3110-bin.msh4","chck",1623113638093642611,1623113638299330364
34,"build/tests/sizes/cube-2397-bin.msh2","scan",1623113638300197218,1623113638355715297
34,"build/tests/sizes/cube-2397-bin.msh2","chck",1623113638299331494,1623113638355722136
34,"build/tests/sizes/cube-142-asc.mesh","scan",1623113638370300866,1623113638399170013
34,"build/tests/sizes/cube-142-asc.mesh","chck",1623113638355723184,1623113638399176460
34,"build/tests/sizes/cube-3698-bin.msh4","scan",1623113638399700539,1623113638424665427
34,"build/tests/sizes/cube-3698-bin.msh4","chck",1623113638399177658,1623113638424671217
34,"build/tests/sizes/cube-3410-bin.msh4","scan",1623113638439786319,1623113638868563920
34,"build/tests/sizes/cube-3410-bin.msh4","chck",1623113638424672236,1623113638868570627
34,"cube-3698-bin","prep",1623113638869818454,1623113638893767743
34,"cube-3698-bin","zzzz",1623113638893781130,1623113641513412438,42445,62578,187734
34,"cube-3698-bin","post",1623113641513423326,1623113641517589709
34,"cube-142-asc","prep",1623113641517641940,1623113641517732595
34,"cube-142-asc","zzzz",1623113641517733764,1623113641519386899,112,305,915
34,"cube-142-asc","post",1623113641519388042,1623113641519424170
34,"cube-2470-bin","prep",1623113641519431675,1623113641523141527
34,"cube-2470-bin","zzzz",1623113641523145244,1623113641750604041,7242,11509,34527
34,"cube-2470-bin","post",1623113641750614227,1623113641751413242
34,"cube-2397-bin","prep",1623113641751446913,1623113641758273720
34,"cube-2397-bin","zzzz",1623113641758276684,1623113642327883991,14179,21826,65478
34,"cube-2397-bin","post",1623113642327893265,1623113642329352079
34,"cube-1282-geo","mesh",1623113642329397758,1623113642349484708
34,"cube-1282-geo","prep",1623113642350473277,1623113642351070916
34,"cube-1282-geo","zzzz",1623113642351073831,1623113642368106202,1022,1791,5373
34,"cube-1282-geo","post",1623113642368116798,1623113642368387330
34,"cube-558-asc","prep",1623113642368550858,1623113642368783027
34,"cube-558-asc","zzzz",1623113642368784742,1623113642373977536,349,726,2178
34,"cube-558-asc","post",1623113642373998282,1623113642374110414
34,"cube-212-asc","prep",1623113642374139109,1623113642374348629
34,"cube-212-asc","zzzz",1623113642374350230,1623113642377267063,210,465,1395
34,"cube-212-asc","post",1623113642377285981,1623113642377384222
34,"cube-3952-geo","mesh",1623113642377408823,1623113642394537266
34,"cube-3952-geo","prep",1623113642395500829,1623113642396115837
34,"cube-3952-geo","zzzz",1623113642396118692,1623113642408385075,754,1397,4191
34,"cube-3952-geo","post",1623113642408395361,1623113642408653021
34,"cube-3869-geo","mesh",1623113642408817523,1623113668015581087
34,"cube-3869-geo","prep",1623113669082665688,1623113670392890343
34,"cube-3869-geo","zzzz",1623113670392895875,1623114107863756250,1601209,2176156,6528468
34,"cube-3869-geo","post",1623114107863765903,1623114108174870125
34,"cube-3150-stl-bin","mesh",1623114108181989308,1623114108271957170
34,"cube-3150-stl-bin","prep",1623114108272876207,1623114108279255446
34,"cube-3150-stl-bin","zzzz",1623114108279258813,1623114108709534513,8495,17935,53805
34,"cube-3150-stl-bin","post",1623114108709544974,1623114108710878557
34,"cube-1168-bin","prep",1623114108710906538,1623114108757417988
34,"cube-1168-bin","zzzz",1623114108757425281,1623114115765706535,85395,122766,368298
34,"cube-1168-bin","post",1623114115765720934,1623114115773811752
34,"cube-3704-asc","prep",1623114115774244791,1623114115777457852
34,"cube-3704-asc","zzzz",1623114115777460324,1623114116002990871,7210,11439,34317
34,"cube-3704-asc","post",1623114116003001246,1623114116003770258
34,"cube-3410-bin","prep",1623114116003813481,1623114116307674880
34,"cube-3410-bin","zzzz",1623114116307681668,1623114200210951169,472933,654056,1962168
34,"cube-3410-bin","post",1623114200210965383,1623114200249815612
34,"cube-2686-asc","prep",1623114200249874666,1623114200254552835
34,"cube-2686-asc","zzzz",1623114200254555411,1623114272658040810,32398,592968,1778904
34,"cube-2686-asc","post",1623114272658054945,1623114272714443788
34,"cube-3843-geo","mesh",1623114272714481278,1623114272891335550
34,"cube-3843-geo","prep",1623114272892229870,1623114272900544262
34,"cube-3843-geo","zzzz",1623114272900547423,1623114273331511283,11536,17955,53865
34,"cube-3843-geo","post",1623114273331521571,1623114273332986163
34,"cube-1152-geo","mesh",1623114273333018343,1623114273341230077
34,"cube-1152-geo","prep",1623114273342080782,1623114273342352277
34,"cube-1152-geo","zzzz",1623114273342354124,1623114273347535713,348,725,2175
34,"cube-1152-geo","post",1623114273347546012,1623114273347833102
34,"cube-442-bin","prep",1623114273347882764,1623114273348547841
34,"cube-442-bin","zzzz",1623114273348549328,1623114273373058324,1294,2357,7071
34,"cube-442-bin","post",1623114273373068580,1623114273373376609
34,"cube-3122-asc","prep",1623114273373430871,1623114273373626381
34,"cube-3122-asc","zzzz",1623114273374032419,1623114273379570164,367,770,2310
34,"cube-3122-asc","post",1623114273379576035,1623114273379763572
34,"cube-1601-bin","prep",1623114273379790943,1623114274054622546
34,"cube-1601-bin","zzzz",1623114274054629796,1623114500854371521,972485,1329562,3988686
34,"cube-1601-bin","post",1623114500854380688,1623114500940481616
34,"cube-2664-asc","prep",1623114500940515936,1623114500940650482
34,"cube-2664-asc","zzzz",1623114500940651454,1623114500948224014,304,970,2910
34,"cube-2664-asc","post",1623114500948229831,1623114500948344361
34,"cube-3944-geo","mesh",1623114500948359751,1623114500955429139
34,"cube-3944-geo","prep",1623114500956351384,1623114500956531339
34,"cube-3944-geo","zzzz",1623114500956533064,1623114500958608586,170,357,1071
34,"cube-3944-geo","post",1623114500958613580,1623114500958756699
34,"cube-785-stl-bin","mesh",1623114500958771522,1623114501346221526
34,"cube-785-stl-bin","prep",1623114501347150784,1623114501371983888
34,"cube-785-stl-bin","zzzz",1623114501371990227,1623114503700551138,31910,57692,173076
34,"cube-785-stl-bin","post",1623114503700561233,1623114503706266428
34,"cube-1933-geo","mesh",1623114503706298096,1623114528274932516
34,"cube-1933-geo","prep",1623114528933849564,1623114530149386218
34,"cube-1933-geo","zzzz",1623114530149391708,1623114966042151026,1595346,2170267,6510801
34,"cube-1933-geo","post",1623114966042161532,1623114966394069380
34,"cube-1486-asc","prep",1623114966394555082,1623114967160865971
34,"cube-1486-asc","zzzz",1623114967160873689,1623115211461966930,1028816,1405797,4217391
34,"cube-1486-asc","post",1623115211461980637,1623115211549954931
34,"cube-1937-asc","prep",1623115211549994172,1623115211550217963
34,"cube-1937-asc","zzzz",1623115211550219072,1623115211554167599,283,588,1764
34,"cube-1937-asc","post",1623115211554178139,1623115211554353882
34,"cube-771-asc","prep",1623115211554392744,1623115211558872015
34,"cube-771-asc","zzzz",1623115211558873702,1623115211808816860,7691,12289,36867
34,"cube-771-asc","post",1623115211808823788,1623115211810605669
34,"cube-3985-bin.cgns","prep",1623115211810739662,1623115211811968851
34,"cube-3985-bin.cgns","zzzz",1623115211811971952,1623115211942515876,4803,7808,23424
34,"cube-3985-bin.cgns","post",1623115211942522412,1623115211942734106
34,"cube-2928-geo","mesh",1623115211942771225,1623115212010606989
34,"cube-2928-geo","prep",1623115212011531735,1623115212014731137
34,"cube-2928-geo","zzzz",1623115212014733400,1623115212103892596,3617,5979,17937
34,"cube-2928-geo","post",1623115212103908776,1623115212104508670
34,"cube-1896-geo","mesh",1623115212104910699,1623115244201153697
34,"cube-1896-geo","prep",1623115244549909256,1623115246174235893
34,"cube-1896-geo","zzzz",1623115246174242138,1623115850201021950,2046222,2771861,8315583
34,"cube-1896-geo","post",1623115850201036238,1623115850652501604
34,"cube-293-geo","mesh",1623115850653364677,1623115857213293547
34,"cube-293-geo","prep",1623115857214239192,1623115857664551543
34,"cube-293-geo","zzzz",1623115857664556333,1623115926299683113,412218,572230,1716690
34,"cube-293-geo","post",1623115926299701691,1623115926386375106
34,"cube-1681-bin.cgns","prep",1623115926387484480,1623115926406028364
34,"cube-1681-bin.cgns","zzzz",1623115926406032798,1623115926439134179,1646,2960,8880
34,"cube-1681-bin.cgns","post",1623115926439135567,1623115926439184615
34,"cube-932-geo","mesh",1623115926439208276,1623115928874334852
34,"cube-932-geo","prep",1623115928875279120,1623115929090594168
34,"cube-932-geo","zzzz",1623115929090600142,1623115946691639204,162708,229471,688413
34,"cube-932-geo","post",1623115946691652791,1623115946723920687
34,"cube-1730-bin","prep",1623115946723966875,1623115946726212835
34,"cube-1730-bin","zzzz",1623115946726215614,1623115946750050322,1253,2308,6924
34,"cube-1730-bin","post",1623115946750060713,1623115946750313397
34,"cube-3450-geo","mesh",1623115946750375073,1623115947239689458
34,"cube-3450-geo","prep",1623115947240593657,1623115947272940775
34,"cube-3450-geo","zzzz",1623115947272946075,1623115949229434962,34588,51168,153504
34,"cube-3450-geo","post",1623115949229456713,1623115949234966848
34,"cube-2128-bin","prep",1623115949234999143,1623115949915980760
34,"cube-2128-bin","zzzz",1623115949915988256,1623116151877249912,890593,1218790,3656370
34,"cube-2128-bin","post",1623116151877271074,1623116152029011691
34,"cube-3262-stl-bin","mesh",1623116152029054162,1623116152117013120
34,"cube-3262-stl-bin","prep",1623116152117988171,1623116152122338532
34,"cube-3262-stl-bin","zzzz",1623116152122341859,1623116152341826224,5107,11240,33720
34,"cube-3262-stl-bin","post",1623116152341836809,1623116152343801736
34,"cube-1711-asc","prep",1623116152344034242,1623116152346719178
34,"cube-1711-asc","zzzz",1623116152346721734,1623116152449360640,3998,6598,19794
34,"cube-1711-asc","post",1623116152449370106,1623116152450563736
34,"cube-1005-bin.cgns","prep",1623116152450726784,1623116152612264125
34,"cube-1005-bin.cgns","zzzz",1623116152612273195,1623116206105038042,348238,484550,1453650
34,"cube-1005-bin.cgns","post",1623116206105051695,1623116206105128241
34,"cube-3692-bin.cgns","prep",1623116206105196213,1623116206125143985
34,"cube-3692-bin.cgns","zzzz",1623116206125148005,1623116206680699327,13909,21442,64326
34,"cube-3692-bin.cgns","post",1623116206680709556,1623116206680771476
34,"cube-3558-asc","prep",1623116206680826401,1623116206681365525
34,"cube-3558-asc","zzzz",1623116206681369340,1623116206734200137,932,4146,12438
34,"cube-3558-asc","post",1623116206734210491,1623116206735049554
34,"cube-3211-bin","prep",1623116206735064232,1623116206935960791
34,"cube-3211-bin","zzzz",1623116206935965465,1623116250095660400,300026,419727,1259181
34,"cube-3211-bin","post",1623116250095674447,1623116250161424272
34,"cube-166-geo","mesh",1623116250161459223,1623116250207278435
34,"cube-166-geo","prep",1623116250208214972,1623116250209398522
34,"cube-166-geo","zzzz",1623116250209400851,1623116250233538689,1281,2330,6990
34,"cube-166-geo","post",1623116250233548893,1623116250234077931
34,"cube-1077-stl-bin","mesh",1623116250234307091,1623116253427702463
34,"cube-1077-stl-bin","prep",1623116253428630022,1623116253769902165
34,"cube-1077-stl-bin","zzzz",1623116253769910066,1623116287979094972,226998,359136,1077408
34,"cube-1077-stl-bin","post",1623116287979109016,1623116288083823410
34,"cube-549-bin.cgns","prep",1623116288083858910,1623116288181931141
34,"cube-549-bin.cgns","zzzz",1623116288181936218,1623116288621947488,11713,18216,54648
34,"cube-549-bin.cgns","post",1623116288621957831,1623116288622027663
34,"cube-1640-bin.cgns","prep",1623116288622078811,1623116288655104882
34,"cube-1640-bin.cgns","zzzz",1623116288655108086,1623116290377037792,31651,46853,140559
34,"cube-1640-bin.cgns","post",1623116290377050126,1623116290377115631
34,"cube-108-bin.cgns","prep",1623116290377166251,1623116290538908635
34,"cube-108-bin.cgns","zzzz",1623116290538916202,1623116319114925248,226950,318213,954639
34,"cube-108-bin.cgns","post",1623116319114938777,1623116319115014396
34,"cube-2015-stl-bin","mesh",1623116319115079172,1623116320012937774
34,"cube-2015-stl-bin","prep",1623116320013893563,1623116320117824361
34,"cube-2015-stl-bin","zzzz",1623116320117831616,1623116326690632968,68301,117486,352458
34,"cube-2015-stl-bin","post",1623116326690646527,1623116326738491447
34,"cube-526-asc","prep",1623116326738524772,1623116326751664754
34,"cube-526-asc","zzzz",1623116326751668004,1623116326780530462,680,2666,7998
34,"cube-526-asc","post",1623116326780541011,1623116326780895664
34,"cube-2796-asc","prep",1623116326780910209,1623116326782950523
34,"cube-2796-asc","zzzz",1623116326782952246,1623116326976155039,1744,10283,30849
34,"cube-2796-asc","post",1623116326976165459,1623116326977915308
34,"cube-533-asc","prep",1623116326977929351,1623116326980593304
34,"cube-533-asc","zzzz",1623116326980594968,1623116346776162995,16990,248414,745242
34,"cube-533-asc","post",1623116346776176989,1623116346801721509
34,"cube-3037-bin","prep",1623116346801755497,1623116346947168920
34,"cube-3037-bin","zzzz",1623116346947174740,1623116369646209232,193643,272470,817410
34,"cube-3037-bin","post",1623116369646220914,1623116369703110038
34,"cube-3460-bin","prep",1623116369703459486,1623116369715848900
34,"cube-3460-bin","zzzz",1623116369715852776,1623116369718783460,213,468,1404
34,"cube-3460-bin","post",1623116369718799891,1623116369719029568
34,"cube-978-bin.cgns","prep",1623116369719048010,1623116369751092410
34,"cube-978-bin.cgns","zzzz",1623116369751096022,1623116370926404457,24238,35987,107961
34,"cube-978-bin.cgns","post",1623116370926415824,1623116370926461326
34,"cube-2132-geo","mesh",1623116370926504501,1623116370936211643
34,"cube-2132-geo","prep",1623116370937206115,1623116370937420825
34,"cube-2132-geo","zzzz",1623116370937423261,1623116370941277922,276,579,1737
34,"cube-2132-geo","post",1623116370941293917,1623116370941459795
34,"cube-3305-geo","mesh",1623116370941474769,1623116371050417185
34,"cube-3305-geo","prep",1623116371051380054,1623116371057111115
34,"cube-3305-geo","zzzz",1623116371057113860,1623116371250066831,6457,10262,30786
34,"cube-3305-geo","post",1623116371250077790,1623116371253945075
34,"cube-3027-bin.cgns","prep",1623116371254342743,1623116371301158941
34,"cube-3027-bin.cgns","zzzz",1623116371301166160,1623116382547762717,119570,169384,508152
34,"cube-3027-bin.cgns","post",1623116382547776925,1623116382547873595
34,"cube-2688-geo","mesh",1623116382547939568,1623116382556281026
34,"cube-2688-geo","prep",1623116382557267942,1623116382557536436
34,"cube-2688-geo","zzzz",1623116382557538629,1623116382560440867,208,463,1389
34,"cube-2688-geo","post",1623116382560451396,1623116382560684020
34,"cube-2320-bin.cgns","prep",1623116382560719133,1623116382589530275
34,"cube-2320-bin.cgns","zzzz",1623116382589535961,1623116395827298739,133397,189194,567582
34,"cube-2320-bin.cgns","post",1623116395827312567,1623116395827381811
34,"cube-2966-geo","mesh",1623116395827448653,1623116396286744548
34,"cube-2966-geo","prep",1623116396290060140,1623116396305651127
34,"cube-2966-geo","zzzz",1623116396305655718,1623116397718771766,27485,40881,122643
34,"cube-2966-geo","post",1623116397718782732,1623116397726658512
34,"cube-873-stl-bin","mesh",1623116397727459405,1623116398348762843
34,"cube-873-stl-bin","prep",1623116398349706737,1623116398414825581
34,"cube-873-stl-bin","zzzz",1623116398414834598,1623116402360877104,46346,82904,248712
34,"cube-873-stl-bin","post",1623116402360891170,1623116402384811811
34,"cube-770-bin.cgns","prep",1623116402384843991,1623116402392903462
34,"cube-770-bin.cgns","zzzz",1623116402392907110,1623116402396938320,290,597,1791
34,"cube-770-bin.cgns","post",1623116402396948654,1623116402397013295
34,"cube-1087-bin","prep",1623116402397056979,1623116402978238259
34,"cube-1087-bin","zzzz",1623116402978245392,1623116581260619387,810066,1109963,3329889
34,"cube-1087-bin","post",1623116581260630367,1623116581332504782
34,"cube-3925-stl-bin","mesh",1623116581332542212,1623116582577140118
34,"cube-3925-stl-bin","prep",1623116582578117659,1623116582719694354
34,"cube-3925-stl-bin","zzzz",1623116582719702035,1623116591950457500,87628,148108,444324
34,"cube-3925-stl-bin","post",1623116591950468964,1623116592011615972
34,"cube-3110-bin","prep",1623116592011648311,1623116592292881253
34,"cube-3110-bin","zzzz",1623116592292889218,1623116646171520811,349191,486885,1460655
34,"cube-3110-bin","post",1623116646171536318,1623116646202599063
34,"cube-3320-geo","mesh",1623116646202640594,1623116646224017278
34,"cube-3320-geo","prep",1623116646224963974,1623116646225352693
34,"cube-3320-geo","zzzz",1623116646225355343,1623116646230573982,352,729,2187
34,"cube-3320-geo","post",1623116646230584362,1623116646230953907
34,"cube-2842-asc","prep",1623116646230991111,1623116646231338669
34,"cube-2842-asc","zzzz",1623116646231340162,1623116646255805447,608,2354,7062
34,"cube-2842-asc","post",1623116646255815761,1623116646256175073
34,"cube-3235-geo","mesh",1623116646256188820,1623116647626942102
34,"cube-3235-geo","prep",1623116647627919473,1623116647770283305
34,"cube-3235-geo","zzzz",1623116647770290295,1623116654821495597,85773,123272,369816
34,"cube-3235-geo","post",1623116654821503103,1623116654879628002
34,"cube-728-geo","mesh",1623116654879666487,1623116654906492978
34,"cube-728-geo","prep",1623116654907450652,1623116654907829842
34,"cube-728-geo","zzzz",1623116654907832001,1623116654913158656,361,740,2220
34,"cube-728-geo","post",1623116654913169069,1623116654913528682
34,"cube-2442-stl-bin","mesh",1623116654913567831,1623116654933041326
34,"cube-2442-stl-bin","prep",1623116654933886323,1623116654935333461
34,"cube-2442-stl-bin","zzzz",1623116654935336009,1623116654992003684,1556,4352,13056
34,"cube-2442-stl-bin","post",1623116654992014011,1623116654992697117
34,"cube-1765-bin","prep",1623116654993034381,1623116654993893635
34,"cube-1765-bin","zzzz",1623116654993895809,1623116655025311876,1551,2842,8526
34,"cube-1765-bin","post",1623116655025322181,1623116655025746263
34,"cube-3930-asc","prep",1623116655025800805,1623116655246519419
34,"cube-3930-asc","zzzz",1623116655246526908,1623116692233661736,270208,378463,1135389
34,"cube-3930-asc","post",1623116692233677133,1623116692349156584
34,"cube-1269-bin","prep",1623116692349198730,1623116692361209896
34,"cube-1269-bin","zzzz",1623116692361213913,1623116692366297669,339,714,2142
34,"cube-1269-bin","post",1623116692366308564,1623116692366450604
34,"cube-1221-asc","prep",1623116692366488498,1623116692378438410
34,"cube-1221-asc","zzzz",1623116692378440925,1623116692383632403,349,726,2178
34,"cube-1221-asc","post",1623116692383642913,1623116692383764475
34,"cube-2945-bin","prep",1623116692383781469,1623116692466374269
34,"cube-2945-bin","zzzz",1623116692466381760,1623116703472187785,117684,166919,500757
34,"cube-2945-bin","post",1623116703472199376,1623116703483472196
34,"cube-2604-geo","mesh",1623116703483508101,1623116703607146063
34,"cube-2604-geo","prep",1623116703608075009,1623116703614122332
34,"cube-2604-geo","zzzz",1623116703614125142,1623116703843832140,7310,11596,34788
34,"cube-2604-geo","post",1623116703843935942,1623116703846481907
34,"cube-5-bin","prep",1623116703846752420,1623116703970604483
34,"cube-5-bin","zzzz",1623116703970612496,1623116725888816013,189047,266121,798363
34,"cube-5-bin","post",1623116725888830843,1623116725909983745
34,"cube-3191-asc","prep",1623116725910019679,1623116725913022983
34,"cube-3191-asc","zzzz",1623116725913025648,1623116725917751461,324,675,2025
34,"cube-3191-asc","post",1623116725917762020,1623116725917923728
34,"cube-3082-geo","mesh",1623116725917937787,1623116725948642361
34,"cube-3082-geo","prep",1623116725949569137,1623116725950704898
34,"cube-3082-geo","zzzz",1623116725950707203,1623116725974062461,1238,2273,6819
34,"cube-3082-geo","post",1623116725974072776,1623116725974815716
34,"cube-1086-asc","prep",1623116725975206887,1623116725975998411
34,"cube-1086-asc","zzzz",1623116725976000068,1623116726596002198,3228,23123,69369
34,"cube-1086-asc","post",1623116726596012536,1623116726600748584
34,"cube-934-asc","prep",1623116726600767689,1623116726601736523
34,"cube-934-asc","zzzz",1623116726601738188,1623116726603463436,135,306,918
34,"cube-934-asc","post",1623116726603473707,1623116726603584324
34,"cube-251-bin.cgns","prep",1623116726603616205,1623116726625810201
34,"cube-251-bin.cgns","zzzz",1623116726625813451,1623116726768644278,5157,8315,24945
34,"cube-251-bin.cgns","post",1623116726768654596,1623116726768708976
34,"cube-597-asc","prep",1623116726768758175,1623116728309970232
34,"cube-597-asc","zzzz",1623116728309977727,1623117297056015867,1951973,2649525,7948575
34,"cube-597-asc","post",1623117297056031098,1623117297395088478
34,"cube-2062-stl-bin","mesh",1623117297395576344,1623117297411246052
34,"cube-2062-stl-bin","prep",1623117297412210704,1623117297412658951
34,"cube-2062-stl-bin","zzzz",1623117297412661163,1623117297423687552,372,1289,3867
34,"cube-2062-stl-bin","post",1623117297423697830,1623117297423933236
34,"cube-972-geo","mesh",1623117297423963914,1623117297432254180
34,"cube-972-geo","prep",1623117297433106259,1623117297433359803
34,"cube-972-geo","zzzz",1623117297433361938,1623117297436798186,259,528,1584
34,"cube-972-geo","post",1623117297436808515,1623117297437196825
34,"cube-2976-asc","prep",1623117297437230561,1623117297440050738
34,"cube-2976-asc","zzzz",1623117297440438980,1623117297568820275,4745,7717,23151
34,"cube-2976-asc","post",1623117297568830650,1623117297569746367
34,"cube-3232-bin","prep",1623117297569761082,1623117297569993447
34,"cube-3232-bin","zzzz",1623117297569994941,1623117297572910155,208,463,1389
34,"cube-3232-bin","post",1623117297572920518,1623117297573060002
34,"cube-2331-bin","prep",1623117297573089961,1623117297573608692
34,"cube-2331-bin","zzzz",1623117297573610127,1623117297576821380,238,501,1503
34,"cube-2331-bin","post",1623117297576831716,1623117297577064114
34,"cube-1416-geo","mesh",1623117297577076356,1623117305451629337
34,"cube-1416-geo","prep",1623117305452613323,1623117306074179220
34,"cube-1416-geo","zzzz",1623117306074186562,1623117408755462861,542069,747871,2243613
34,"cube-1416-geo","post",1623117408755476935,1623117408920678189
34,"cube-3958-bin","prep",1623117408920719709,1623117409117120292
34,"cube-3958-bin","zzzz",1623117409117127002,1623117446562318727,272472,381602,1144806
34,"cube-3958-bin","post",1623117446562333190,1623117446588302353
34,"cube-3099-geo","mesh",1623117446588338975,1623117446850855945
34,"cube-3099-geo","prep",1623117446851827925,1623117446863933071
34,"cube-3099-geo","zzzz",1623117446863936453,1623117447502878893,15448,23633,70899
34,"cube-3099-geo","post",1623117447502890214,1623117447506696934
34,"cube-3995-asc","prep",1623117447507092234,1623117447508646025
34,"cube-3995-asc","zzzz",1623117447508648003,1623117447510777490,177,362,1086
34,"cube-3995-asc","post",1623117447510787914,1623117447510948632
34,"cube-1816-asc","prep",1623117447510960753,1623117447511909733
34,"cube-1816-asc","zzzz",1623117447511911390,1623117449802595765,6210,57058,171174
34,"cube-1816-asc","post",1623117449802606887,1623117449808531148
34,"cube-3085-asc","prep",1623117449808548990,1623117449809440000
34,"cube-3085-asc","zzzz",1623117449809441889,1623117449833498377,1275,2324,6972
34,"cube-3085-asc","post",1623117449833508594,1623117449833704663
34,"cube-2628-asc","prep",1623117449833875216,1623117449834086298
34,"cube-2628-asc","zzzz",1623117449834087939,1623117449837000537,168,464,1392
34,"cube-2628-asc","post",1623117449837010757,1623117449837138118
34,"cube-908-bin","prep",1623117449837165884,1623117449838415968
34,"cube-908-bin","zzzz",1623117449838418123,1623117449870456673,1584,2884,8652
34,"cube-908-bin","post",1623117449870466864,1623117449870907790
34,"cube-3993-bin.cgns","prep",1623117449870925837,1623117449880232109
34,"cube-3993-bin.cgns","zzzz",1623117449880235370,1623117451568948718,31271,46265,138795
34,"cube-3993-bin.cgns","post",1623117451568959253,1623117451569010331
34,"cube-1679-asc","prep",1623117451569054684,1623117451588890063
34,"cube-1679-asc","zzzz",1623117451588892894,1623117453535244983,34448,51024,153072
34,"cube-1679-asc","post",1623117453535255729,1623117453539215158
34,"cube-3882-bin","prep",1623117453539232258,1623117453828259866
34,"cube-3882-bin","zzzz",1623117453828267241,1623117520906983164,406475,563559,1690677
34,"cube-3882-bin","post",1623117520907032343,1623117520943186442
34,"cube-2500-asc","prep",1623117520943251250,1623117520978370622
34,"cube-2500-asc","zzzz",1623117520978376213,1623117525199997713,59698,86819,260457
34,"cube-2500-asc","post",1623117525200010413,1623117525208622454
34,"cube-1096-asc","prep",1623117525208660650,1623117525405968894
34,"cube-1096-asc","zzzz",1623117525405974019,1623117570557275365,309411,432598,1297794
34,"cube-1096-asc","post",1623117570557301050,1623117570584365105
34,"cube-3297-asc","prep",1623117570584439598,1623117570586429561
34,"cube-3297-asc","zzzz",1623117570586434070,1623117570664951449,3291,5468,16404
34,"cube-3297-asc","post",1623117570664962043,1623117570665690538
34,"cube-145-bin","prep",1623117570665782940,1623117570666176480
34,"cube-145-bin","zzzz",1623117570666178084,1623117570670270421,297,604,1812
34,"cube-145-bin","post",1623117570670280694,1623117570670588799
34,"cube-3462-bin","prep",1623117570670600709,1623117570671120978
34,"cube-3462-bin","zzzz",1623117570671122540,1623117570673226302,172,359,1077
34,"cube-3462-bin","post",1623117570673236531,1623117570673349500
34,"cube-3370-bin","prep",1623117570673378699,1623117570673771101
34,"cube-3370-bin","zzzz",1623117570673772666,1623117570677474774,268,559,1677
34,"cube-3370-bin","post",1623117570677485149,1623117570677633257
34,"cube-2963-geo","mesh",1623117570677655579,1623117594543867876
34,"cube-2963-geo","prep",1623117595325631599,1623117596669525156
34,"cube-2963-geo","zzzz",1623117596669532063,1623118050503427165,1645572,2236924,6710772
34,"cube-2963-geo","post",1623118050503470524,1623118050966444104
34,"cube-3906-bin","prep",1623118050966518832,1623118050987232755
34,"cube-3906-bin","zzzz",1623118050987237599,1623118051065956155,3287,5478,16434
34,"cube-3906-bin","post",1623118051065973644,1623118051066401599
34,"cube-3581-asc","prep",1623118051066462555,1623118051066749093
34,"cube-3581-asc","zzzz",1623118051066750793,1623118051081065717,410,1571,4713
34,"cube-3581-asc","post",1623118051081071245,1623118051081222019
34,"cube-3271-bin","prep",1623118051081234193,1623118051205964142
34,"cube-3271-bin","zzzz",1623118051205971179,1623118073730496265,192825,271065,813195
34,"cube-3271-bin","post",1623118073730511206,1623118073748749357
34,"cube-3620-geo","mesh",1623118073748807569,1623118074814907856
34,"cube-3620-geo","prep",1623118074816090940,1623118074892463691
34,"cube-3620-geo","zzzz",1623118074892469421,1623118080235997491,70338,101995,305985
34,"cube-3620-geo","post",1623118080236009733,1623118080263871381
34,"cube-3943-bin","prep",1623118080266525858,1623118080271930706
34,"cube-3943-bin","zzzz",1623118080271933271,1623118080287314309,927,1658,4974
34,"cube-3943-bin","post",1623118080287324758,1623118080287980402
34,"cube-658-geo","mesh",1623118080287996470,1623118087442443464
34,"cube-658-geo","prep",1623118087443468612,1623118087992370384
34,"cube-658-geo","zzzz",1623118087992376291,1623118175452914699,486299,672357,2017071
34,"cube-658-geo","post",1623118175452929130,1623118175628800188
34,"cube-1176-geo","mesh",1623118175628905544,1623118175717339060
34,"cube-1176-geo","prep",1623118175718352152,1623118175721384423
34,"cube-1176-geo","zzzz",1623118175721387269,1623118175822101521,3948,6522,19566
34,"cube-1176-geo","post",1623118175822116276,1623118175822612764
34,"cube-1231-asc","prep",1623118175822987849,1623118175847369901
34,"cube-1231-asc","zzzz",1623118175847373062,1623118177550685311,31388,46512,139536
34,"cube-1231-asc","post",1623118177550705178,1623118177561796299
34,"cube-3015-geo","mesh",1623118177561826629,1623118177570835986
34,"cube-3015-geo","prep",1623118177571898859,1623118177572152147
34,"cube-3015-geo","zzzz",1623118177572154282,1623118177575078410,211,466,1398
34,"cube-3015-geo","post",1623118177575083405,1623118177575246150
34,"Proc","exit_task",1623113578265350398,1623118177593495073,3639968
