12,"build/tests/sizes/cube-3244-bin.msh2","scan",1623113600350785803,1623113600367363721
12,"build/tests/sizes/cube-3244-bin.msh2","chck",1623113600349409070,1623113600367480926
12,"build/tests/sizes/cube-3277-bin.cgns","scan",1623113600372808684,1623113600391120433
12,"build/tests/sizes/cube-3277-bin.cgns","chck",1623113600367482248,1623113600391125361
12,"build/tests/sizes/cube-2993-asc.mesh","scan",1623113600410991778,1623113602399233871
12,"build/tests/sizes/cube-2993-asc.mesh","chck",1623113600391126294,1623113602399258259
12,"build/tests/sizes/cube-2526-bin.msh4","scan",1623113602400065730,1623113602403421979
12,"build/tests/sizes/cube-2526-bin.msh4","chck",1623113602399259748,1623113602403427268
12,"build/tests/sizes/cube-2736-asc.msh2","scan",1623113602419870045,1623113602579497417
12,"build/tests/sizes/cube-2736-asc.msh2","chck",1623113602403428730,1623113602579504522
12,"build/tests/sizes/cube-2262-asc.mesh","scan",1623113602590873571,1623113602612932673
12,"build/tests/sizes/cube-2262-asc.mesh","chck",1623113602579506052,1623113602612939889
12,"build/tests/sizes/cube-1262-stl-bin.geo","scan",1623113602629316112,1623113602680853537
12,"build/tests/sizes/cube-1262-stl-bin.geo","chck",1623113602612941301,1623113602680859259
12,"build/tests/sizes/cube-1854-bin.msh4","scan",1623113602681917643,1623113602683695628
12,"build/tests/sizes/cube-1854-bin.msh4","chck",1623113602680860368,1623113602683699972
12,"build/tests/sizes/cube-3971-stl-bin.geo","scan",1623113602684265206,1623113602777615887
12,"build/tests/sizes/cube-3971-stl-bin.geo","chck",1623113602683701096,1623113602777623455
12,"build/tests/sizes/cube-3157-geo.geo","scan",1623113602778465833,1623113602779829550
12,"build/tests/sizes/cube-3157-geo.geo","chck",1623113602777624834,1623113602779834517
12,"build/tests/sizes/cube-3279-asc.msh2","scan",1623113602780375795,1623113603173515897
12,"build/tests/sizes/cube-3279-asc.msh2","chck",1623113602779835543,1623113603173523267
12,"build/tests/sizes/cube-397-asc.mesh","scan",1623113603184226770,1623113604439477961
12,"build/tests/sizes/cube-397-asc.mesh","chck",1623113603173525002,1623113604439505153
12,"build/tests/sizes/cube-2815-geo.geo","scan",1623113604440553662,1623113604442172443
12,"build/tests/sizes/cube-2815-geo.geo","chck",1623113604439506640,1623113604442179059
12,"build/tests/sizes/cube-3042-bin.msh2","scan",1623113604442755701,1623113604445367314
12,"build/tests/sizes/cube-3042-bin.msh2","chck",1623113604442180514,1623113604445373002
12,"build/tests/sizes/cube-2453-bin.msh4","scan",1623113604445977063,1623113604448011241
12,"build/tests/sizes/cube-2453-bin.msh4","chck",1623113604445374216,1623113604448017124
12,"build/tests/sizes/cube-1126-asc.msh2","scan",1623113604466920260,1623113605316328522
12,"build/tests/sizes/cube-1126-asc.msh2","chck",1623113604448018834,1623113605316335782
12,"build/tests/sizes/cube-2280-asc.mesh","scan",1623113605317165915,1623113605327491822
12,"build/tests/sizes/cube-2280-asc.mesh","chck",1623113605316337136,1623113605327499099
12,"build/tests/sizes/cube-2244-geo.geo","scan",1623113605328324331,1623113605329542566
12,"build/tests/sizes/cube-2244-geo.geo","chck",1623113605327500422,1623113605329546703
12,"build/tests/sizes/cube-707-asc.msh2","scan",1623113605336876396,1623113605400489709
12,"build/tests/sizes/cube-707-asc.msh2","chck",1623113605329547961,1623113605400496924
12,"build/tests/sizes/cube-286-bin.vtk","scan",1623113605418897333,1623113605467691083
12,"build/tests/sizes/cube-286-bin.vtk","chck",1623113605400498150,1623113605467698083
12,"build/tests/sizes/cube-2799-bin.vtk","scan",1623113605468281498,1623113605469668537
12,"build/tests/sizes/cube-2799-bin.vtk","chck",1623113605467699491,1623113605469672174
12,"build/tests/sizes/cube-1944-stl-bin.geo","scan",1623113605470529357,1623113605608020597
12,"build/tests/sizes/cube-1944-stl-bin.geo","chck",1623113605469673157,1623113605608027298
12,"build/tests/sizes/cube-3317-geo.geo","scan",1623113605608745605,1623113605609961347
12,"build/tests/sizes/cube-3317-geo.geo","chck",1623113605608028655,1623113605609966734
12,"build/tests/sizes/cube-2563-asc.msh2","scan",1623113605610491167,1623113605620312224
12,"build/tests/sizes/cube-2563-asc.msh2","chck",1623113605609968065,1623113605620321429
12,"build/tests/sizes/cube-3424-geo.geo","scan",1623113605620900170,1623113605622090264
12,"build/tests/sizes/cube-3424-geo.geo","chck",1623113605620322719,1623113605622094917
12,"build/tests/sizes/cube-1000-bin.vtk","scan",1623113605639032219,1623113605811757572
12,"build/tests/sizes/cube-1000-bin.vtk","chck",1623113605622095846,1623113605811764766
12,"build/tests/sizes/cube-1766-asc.mesh","scan",1623113605825962475,1623113605856148631
12,"build/tests/sizes/cube-1766-asc.mesh","chck",1623113605811766093,1623113605856155428
12,"build/tests/sizes/cube-2965-asc.mesh","scan",1623113605856740415,1623113605885316412
12,"build/tests/sizes/cube-2965-asc.mesh","chck",1623113605856156656,1623113605885323111
12,"build/tests/sizes/cube-1664-geo.geo","scan",1623113605890059833,1623113605891555456
12,"build/tests/sizes/cube-1664-geo.geo","chck",1623113605885324316,1623113605891562256
12,"build/tests/sizes/cube-3253-stl-bin.geo","scan",1623113605909307932,1623113605942987712
12,"build/tests/sizes/cube-3253-stl-bin.geo","chck",1623113605891563370,1623113605942993919
12,"build/tests/sizes/cube-3672-asc.mesh","scan",1623113605952621229,1623113612575023094
12,"build/tests/sizes/cube-3672-asc.mesh","chck",1623113605942995217,1623113612575051298
12,"build/tests/sizes/cube-3192-asc.mesh","scan",1623113612606226238,1623113612723183647
12,"build/tests/sizes/cube-3192-asc.mesh","chck",1623113612575052562,1623113612723195000
12,"build/tests/sizes/cube-3152-asc.mesh","scan",1623113612731844958,1623113612758296077
12,"build/tests/sizes/cube-3152-asc.mesh","chck",1623113612723196098,1623113612758301981
12,"build/tests/sizes/cube-1628-asc.mesh","scan",1623113612764676405,1623113615137369922
12,"build/tests/sizes/cube-1628-asc.mesh","chck",1623113612758303103,1623113615137375971
12,"build/tests/sizes/cube-1260-asc.msh2","scan",1623113615149849563,1623113616090439581
12,"build/tests/sizes/cube-1260-asc.msh2","chck",1623113615137377111,1623113616090446455
12,"build/tests/sizes/cube-997-asc.bdf","scan",1623113616109099311,1623113616119292876
12,"build/tests/sizes/cube-997-asc.bdf","chck",1623113616090447915,1623113616119299182
12,"build/tests/sizes/cube-2162-asc.bdf","scan",1623113616143159734,1623113616174024573
12,"build/tests/sizes/cube-2162-asc.bdf","chck",1623113616119300531,1623113616174030852
12,"build/tests/sizes/cube-1150-geo.geo","scan",1623113616193725218,1623113616195450579
12,"build/tests/sizes/cube-1150-geo.geo","chck",1623113616174032079,1623113616195456457
12,"build/tests/sizes/cube-629-bin.msh2","scan",1623113616196630674,1623113616199538085
12,"build/tests/sizes/cube-629-bin.msh2","chck",1623113616195457657,1623113616199542276
12,"build/tests/sizes/cube-3696-geo.geo","scan",1623113616200091606,1623113616201215845
12,"build/tests/sizes/cube-3696-geo.geo","chck",1623113616199543360,1623113616201219553
12,"build/tests/sizes/cube-1862-bin.cgns","scan",1623113616228070577,1623113616291334513
12,"build/tests/sizes/cube-1862-bin.cgns","chck",1623113616201220503,1623113616291342165
12,"build/tests/sizes/cube-42-stl-bin.geo","scan",1623113616307292978,1623113616357562042
12,"build/tests/sizes/cube-42-stl-bin.geo","chck",1623113616291343375,1623113616357568806
12,"build/tests/sizes/cube-3421-geo.geo_unrolled","scan",1623113616374016041,1623113616375179779
12,"build/tests/sizes/cube-3421-geo.geo_unrolled","chck",1623113616357570060,1623113616375185394
12,"build/tests/sizes/cube-3216-geo.geo","scan",1623113616376182125,1623113616377376252
12,"build/tests/sizes/cube-3216-geo.geo","chck",1623113616375186670,1623113616377380973
12,"build/tests/sizes/cube-2780-geo.geo","scan",1623113616377937376,1623113616379113361
12,"build/tests/sizes/cube-2780-geo.geo","chck",1623113616377382014,1623113616379117576
12,"build/tests/sizes/cube-3020-asc.mesh","scan",1623113616379643822,1623113616449377218
12,"build/tests/sizes/cube-3020-asc.mesh","chck",1623113616379118776,1623113616449382419
12,"build/tests/sizes/cube-3434-bin.msh2","scan",1623113616467503534,1623113616708935700
12,"build/tests/sizes/cube-3434-bin.msh2","chck",1623113616449383384,1623113616709186357
12,"build/tests/sizes/cube-899-asc.bdf","scan",1623113616721327234,1623113616862057325
12,"build/tests/sizes/cube-899-asc.bdf","chck",1623113616709187897,1623113616862064413
12,"build/tests/sizes/cube-2829-bin.cgns","scan",1623113616868552939,1623113616887347354
12,"build/tests/sizes/cube-2829-bin.cgns","chck",1623113616862065786,1623113616887354061
12,"build/tests/sizes/cube-2155-asc.mesh","scan",1623113616901641760,1623113616925001051
12,"build/tests/sizes/cube-2155-asc.mesh","chck",1623113616887355254,1623113616925007861
12,"build/tests/sizes/cube-2542-bin.vtk","scan",1623113616941217332,1623113616969618336
12,"build/tests/sizes/cube-2542-bin.vtk","chck",1623113616925009306,1623113616969624499
12,"build/tests/sizes/cube-1089-bin.cgns","scan",1623113616972945709,1623113616994365507
12,"build/tests/sizes/cube-1089-bin.cgns","chck",1623113616969625540,1623113616994370566
12,"build/tests/sizes/cube-3659-bin.cgns","scan",1623113617018949748,1623113617090445626
12,"build/tests/sizes/cube-3659-bin.cgns","chck",1623113616994371591,1623113617090453791
12,"build/tests/sizes/cube-1317-asc.bdf","scan",1623113617091252481,1623113618286299641
12,"build/tests/sizes/cube-1317-asc.bdf","chck",1623113617090455314,1623113618286311916
12,"build/tests/sizes/cube-3905-asc.bdf","scan",1623113618294144489,1623113620362512848
12,"build/tests/sizes/cube-3905-asc.bdf","chck",1623113618286313262,1623113620362519450
12,"build/tests/sizes/cube-1007-bin.msh2","scan",1623113620388814118,1623113623795942049
12,"build/tests/sizes/cube-1007-bin.msh2","chck",1623113620362520652,1623113623795959403
12,"build/tests/sizes/cube-40-asc.mesh","scan",1623113623812264300,1623113623820823465
12,"build/tests/sizes/cube-40-asc.mesh","chck",1623113623795960775,1623113623820830008
12,"build/tests/sizes/cube-3208-stl-bin.geo","scan",1623113623821409748,1623113623878193460
12,"build/tests/sizes/cube-3208-stl-bin.geo","chck",1623113623820831451,1623113623878200550
12,"build/tests/sizes/cube-3683-asc.msh2","scan",1623113623896583568,1623113623922968646
12,"build/tests/sizes/cube-3683-asc.msh2","chck",1623113623878201718,1623113623922974930
12,"build/tests/sizes/cube-3193-geo.geo","scan",1623113623923532184,1623113623924791372
12,"build/tests/sizes/cube-3193-geo.geo","chck",1623113623922976175,1623113623924795481
12,"build/tests/sizes/cube-3603-bin.msh2","scan",1623113623937890972,1623113623946672171
12,"build/tests/sizes/cube-3603-bin.msh2","chck",1623113623924796450,1623113623946676882
12,"build/tests/sizes/cube-1873-bin.msh4","scan",1623113623966096744,1623113623986554935
12,"build/tests/sizes/cube-1873-bin.msh4","chck",1623113623946677852,1623113623986559278
12,"build/tests/sizes/cube-1546-stl-bin.geo","scan",1623113623990752883,1623113623998692715
12,"build/tests/sizes/cube-1546-stl-bin.geo","chck",1623113623986560359,1623113623998697332
12,"build/tests/sizes/cube-2659-bin.vtk","scan",1623113623999672796,1623113624153531923
12,"build/tests/sizes/cube-2659-bin.vtk","chck",1623113623998698278,1623113624153539121
12,"build/tests/sizes/cube-3047-asc.mesh","scan",1623113624170182121,1623113624178235445
12,"build/tests/sizes/cube-3047-asc.mesh","chck",1623113624153540346,1623113624178242260
12,"build/tests/sizes/cube-3868-asc.bdf","scan",1623113624178756059,1623113632477045923
12,"build/tests/sizes/cube-3868-asc.bdf","chck",1623113624178243195,1623113632477053057
12,"build/tests/sizes/cube-3989-asc.msh2","scan",1623113632482047959,1623113632483088518
12,"build/tests/sizes/cube-3989-asc.msh2","chck",1623113632477054469,1623113632483093249
12,"build/tests/sizes/cube-3401-asc.bdf","scan",1623113632487945474,1623113632487975569
12,"build/tests/sizes/cube-3401-asc.bdf","chck",1623113632483094126,1623113632487979389
12,"build/tests/sizes/cube-392-bin.msh4","scan",1623113632511602635,1623113632511637726
12,"build/tests/sizes/cube-392-bin.msh4","chck",1623113632487980144,1623113632511641984
12,"build/tests/sizes/cube-1625-geo.geo_unrolled","scan",1623113632535325517,1623113632535361356
12,"build/tests/sizes/cube-1625-geo.geo_unrolled","chck",1623113632511642842,1623113632535369192
12,"build/tests/sizes/cube-3750-asc.mesh","scan",1623113632537752025,1623113632537781691
12,"build/tests/sizes/cube-3750-asc.mesh","chck",1623113632535370272,1623113632537785654
12,"build/tests/sizes/cube-1209-bin.msh4","scan",1623113632540859789,1623113632540888545
12,"build/tests/sizes/cube-1209-bin.msh4","chck",1623113632537786606,1623113632540891899
12,"build/tests/sizes/cube-3842-bin.cgns","scan",1623113632611261069,1623113632653805133
12,"build/tests/sizes/cube-3842-bin.cgns","chck",1623113632540892796,1623113632653811654
12,"build/tests/sizes/cube-748-stl-bin.geo","scan",1623113632673323728,1623113632673361492
12,"build/tests/sizes/cube-748-stl-bin.geo","chck",1623113632653812799,1623113632673368334
12,"build/tests/sizes/cube-2055-bin.msh2","scan",1623113632673975894,1623113632673995429
12,"build/tests/sizes/cube-2055-bin.msh2","chck",1623113632673369662,1623113632673998780
12,"build/tests/sizes/cube-1798-asc.msh2","scan",1623113632690622998,1623113632690648028
12,"build/tests/sizes/cube-1798-asc.msh2","chck",1623113632673999710,1623113632690651814
12,"build/tests/sizes/cube-3531-bin.msh2","scan",1623113632691199204,1623113632691217814
12,"build/tests/sizes/cube-3531-bin.msh2","chck",1623113632690652811,1623113632691220526
12,"build/tests/sizes/cube-1568-bin.vtk","scan",1623113632704904038,1623113632704926135
12,"build/tests/sizes/cube-1568-bin.vtk","chck",1623113632691221392,1623113632704929197
12,"build/tests/sizes/cube-508-asc.msh2","scan",1623113632714216630,1623113632714236333
12,"build/tests/sizes/cube-508-asc.msh2","chck",1623113632704930030,1623113632714239271
12,"build/tests/sizes/cube-3927-stl-bin.geo","scan",1623113632714755166,1623113632714769303
12,"build/tests/sizes/cube-3927-stl-bin.geo","chck",1623113632714239982,1623113632714771194
12,"build/tests/sizes/cube-3530-asc.mesh","scan",1623113632731373923,1623113632731399224
12,"build/tests/sizes/cube-3530-asc.mesh","chck",1623113632714771937,1623113632731402819
12,"build/tests/sizes/cube-3771-bin.cgns","scan",1623113632734504537,1623113632753661868
12,"build/tests/sizes/cube-3771-bin.cgns","chck",1623113632731403846,1623113632753666200
12,"build/tests/sizes/cube-2702-asc.msh2","scan",1623113632771055987,1623113632771086678
12,"build/tests/sizes/cube-2702-asc.msh2","chck",1623113632753667234,1623113632771090931
12,"build/tests/sizes/cube-3486-bin.msh4","scan",1623113632779636634,1623113632779659921
12,"build/tests/sizes/cube-3486-bin.msh4","chck",1623113632771091876,1623113632779663449
12,"build/tests/sizes/cube-751-bin.vtk","scan",1623113632787684054,1623113632787703549
12,"build/tests/sizes/cube-751-bin.vtk","chck",1623113632779664296,1623113632787706402
12,"build/tests/sizes/cube-2255-stl-bin.geo","scan",1623113632788312755,1623113632788327587
12,"build/tests/sizes/cube-2255-stl-bin.geo","chck",1623113632787707296,1623113632788329623
12,"build/tests/sizes/cube-116-asc.msh2","scan",1623113632798747302,1623113632798767202
12,"build/tests/sizes/cube-116-asc.msh2","chck",1623113632788330413,1623113632798769941
12,"build/tests/sizes/cube-2911-geo.geo_unrolled","scan",1623113632799998129,1623113632800012828
12,"build/tests/sizes/cube-2911-geo.geo_unrolled","chck",1623113632798770768,1623113632800014836
12,"build/tests/sizes/cube-3571-asc.mesh","scan",1623113632801318577,1623113632801334818
12,"build/tests/sizes/cube-3571-asc.mesh","chck",1623113632800015601,1623113632801336963
12,"build/tests/sizes/cube-3742-bin.vtk","scan",1623113632802408245,1623113632802423966
12,"build/tests/sizes/cube-3742-bin.vtk","chck",1623113632801337654,1623113632802426215
12,"build/tests/sizes/cube-3409-geo.geo_unrolled","scan",1623113632802938361,1623113632802951946
12,"build/tests/sizes/cube-3409-geo.geo_unrolled","chck",1623113632802427047,1623113632802953767
12,"build/tests/sizes/cube-2885-bin.msh4","scan",1623113632803431554,1623113632803447210
12,"build/tests/sizes/cube-2885-bin.msh4","chck",1623113632802954547,1623113632803449174
12,"build/tests/sizes/cube-1190-stl-bin.geo","scan",1623113632833254140,1623113632833271674
12,"build/tests/sizes/cube-1190-stl-bin.geo","chck",1623113632803569372,1623113632833274294
12,"build/tests/sizes/cube-2204-asc.bdf","scan",1623113632833787171,1623113632833802420
12,"build/tests/sizes/cube-2204-asc.bdf","chck",1623113632833274991,1623113632833804412
12,"build/tests/sizes/cube-2046-bin.msh4","scan",1623113632834343912,1623113632834360184
12,"build/tests/sizes/cube-2046-bin.msh4","chck",1623113632833805359,1623113632834362218
12,"build/tests/sizes/cube-776-geo.geo","scan",1623113632850910520,1623113632850926714
12,"build/tests/sizes/cube-776-geo.geo","chck",1623113632834362906,1623113632850929154
12,"build/tests/sizes/cube-572-bin.msh2","scan",1623113632863012675,1623113632863030501
12,"build/tests/sizes/cube-572-bin.msh2","chck",1623113632850929898,1623113632863032985
12,"build/tests/sizes/cube-41-asc.mesh","scan",1623113632876257159,1623113632876274996
12,"build/tests/sizes/cube-41-asc.mesh","chck",1623113632863033639,1623113632876277766
12,"build/tests/sizes/cube-3050-asc.bdf","scan",1623113632890871938,1623113632890891796
12,"build/tests/sizes/cube-3050-asc.bdf","chck",1623113632876278522,1623113632890895287
12,"build/tests/sizes/cube-3442-asc.msh2","scan",1623113632891417330,1623113632891433295
12,"build/tests/sizes/cube-3442-asc.msh2","chck",1623113632890895972,1623113632891435591
12,"build/tests/sizes/cube-2359-bin.cgns","scan",1623113632894678534,1623113632913919199
12,"build/tests/sizes/cube-2359-bin.cgns","chck",1623113632891436287,1623113632913923438
12,"build/tests/sizes/cube-3769-geo.geo","scan",1623113632914659179,1623113632914681059
12,"build/tests/sizes/cube-3769-geo.geo","chck",1623113632913924409,1623113632914683527
12,"build/tests/sizes/cube-2210-geo.geo","scan",1623113632927221337,1623113632927238323
12,"build/tests/sizes/cube-2210-geo.geo","chck",1623113632914684373,1623113632927240988
12,"build/tests/sizes/cube-2981-bin.msh4","scan",1623113632952119320,1623113632952139270
12,"build/tests/sizes/cube-2981-bin.msh4","chck",1623113632927241771,1623113632952141895
12,"build/tests/sizes/cube-1140-bin.msh4","scan",1623113632970700228,1623113632970720512
12,"build/tests/sizes/cube-1140-bin.msh4","chck",1623113632952142666,1623113632970723421
12,"build/tests/sizes/cube-2170-bin.cgns","scan",1623113632993602534,1623113633060439009
12,"build/tests/sizes/cube-2170-bin.cgns","chck",1623113632970724173,1623113633060444608
12,"build/tests/sizes/cube-3258-asc.mesh","scan",1623113633061152333,1623113633061178704
12,"build/tests/sizes/cube-3258-asc.mesh","chck",1623113633060445588,1623113633061181791
12,"build/tests/sizes/cube-2316-geo.geo","scan",1623113633061693005,1623113633061707590
12,"build/tests/sizes/cube-2316-geo.geo","chck",1623113633061182643,1623113633061709729
12,"build/tests/sizes/cube-2520-asc.mesh","scan",1623113633062194334,1623113633062210041
12,"build/tests/sizes/cube-2520-asc.mesh","chck",1623113633061710485,1623113633062212142
12,"build/tests/sizes/cube-738-bin.cgns","scan",1623113633081595241,1623113633331661294
12,"build/tests/sizes/cube-738-bin.cgns","chck",1623113633062212903,1623113633331667650
12,"build/tests/sizes/cube-985-geo.geo_unrolled","scan",1623113633333361035,1623113633333391317
12,"build/tests/sizes/cube-985-geo.geo_unrolled","chck",1623113633331668932,1623113633333394921
12,"build/tests/sizes/cube-3657-geo.geo","scan",1623113633334548003,1623113633334565627
12,"build/tests/sizes/cube-3657-geo.geo","chck",1623113633333395920,1623113633334568036
12,"build/tests/sizes/cube-193-bin.msh2","scan",1623113633367494741,1623113633367535111
12,"build/tests/sizes/cube-193-bin.msh2","chck",1623113633334568849,1623113633367541323
12,"build/tests/sizes/cube-2323-bin.msh2","scan",1623113633368060433,1623113633368078263
12,"build/tests/sizes/cube-2323-bin.msh2","chck",1623113633367542438,1623113633368080731
12,"cube-3047-asc","prep",1623113633369096545,1623113633369227309
12,"cube-3047-asc","zzzz",1623113633369230703,1623113633371260585,120,356,1068
12,"cube-3047-asc","post",1623113633371262002,1623113633371373214
12,"cube-2659-bin","prep",1623113633371391808,1623113633428778903
12,"cube-2659-bin","zzzz",1623113633428786605,1623113639340163182,75662,109317,327951
12,"cube-2659-bin","post",1623113639340173468,1623113639355546108
12,"cube-1873-bin","prep",1623113639355584408,1623113639363348366
12,"cube-1873-bin","zzzz",1623113639363352528,1623113639374417993,684,1297,3891
12,"cube-1873-bin","post",1623113639374428464,1623113639374823953
12,"cube-3193-geo","mesh",1623113639375075468,1623113639375224638
12,"cube-3193-geo","prep",1623113639375873132,1623113639375874715
12,"cube-3193-geo","zzzz",1623113639375876412,1623113639375932341,0,0,0
12,"cube-3193-geo","post",1623113639375933848,1623113639376042953
12,"cube-40-asc","prep",1623113639376050325,1623113639376181402
12,"cube-40-asc","zzzz",1623113639376182490,1623113639380190486,192,602,1806
12,"cube-40-asc","post",1623113639380192405,1623113639380431328
12,"cube-1007-bin","prep",1623113639380442156,1623113640107870791
12,"cube-1007-bin","zzzz",1623113640107879738,1623113841487947472,888112,1216151,3648453
12,"cube-1007-bin","post",1623113841487962352,1623113841587406236
12,"cube-3905-asc","prep",1623113841587902984,1623113841751775651
12,"cube-3905-asc","zzzz",1623113841751780684,1623113872598358742,238871,335010,1005030
12,"cube-3905-asc","post",1623113872598366230,1623113872619202360
12,"cube-1317-asc","prep",1623113872619980572,1623113872701235921
12,"cube-1317-asc","zzzz",1623113872701242244,1623113888489462837,150633,213152,639456
12,"cube-1317-asc","post",1623113888489477812,1623113888502548689
12,"cube-2542-bin","prep",1623113888502582953,1623113888504833834
12,"cube-2542-bin","zzzz",1623113888504837394,1623113888621716500,4422,7231,21693
12,"cube-2542-bin","post",1623113888621727370,1623113888622713529
12,"cube-3208-stl-bin","mesh",1623113888622737183,1623113888623848791
12,"cube-3208-stl-bin","prep",1623113888624470627,1623113888624479563
12,"cube-3208-stl-bin","zzzz",1623113888624480705,1623113889442989077,0,28052,84156
12,"cube-3208-stl-bin","post",1623113889442999400,1623113889444602651
12,"cube-2799-bin","prep",1623113889444614539,1623113889445118356
12,"cube-2799-bin","zzzz",1623113889445120244,1623113889450311641,349,726,2178
12,"cube-2799-bin","post",1623113889450321826,1623113889450495482
12,"cube-3696-geo","mesh",1623113889450529517,1623113889450646901
12,"cube-3696-geo","prep",1623113889451645421,1623113889451646111
12,"cube-3696-geo","zzzz",1623113889451647258,1623113889451702451,0,0,0
12,"cube-3696-geo","post",1623113889451703593,1623113889451789837
12,"cube-2563-asc","prep",1623113889451795290,1623113889452706575
12,"cube-2563-asc","zzzz",1623113889452708353,1623113889476815206,1279,2328,6984
12,"cube-2563-asc","post",1623113889476825284,1623113889477432693
12,"cube-2244-geo","mesh",1623113889477587342,1623113889477708606
12,"cube-2244-geo","prep",1623113889478236828,1623113889478237581
12,"cube-2244-geo","zzzz",1623113889478238744,1623113889478294080,0,0,0
12,"cube-2244-geo","post",1623113889478295328,1623113889478401295
12,"cube-1126-asc","prep",1623113889478407456,1623113889547528571
12,"cube-1126-asc","zzzz",1623113889547535890,1623113900469619500,116964,166062,498186
12,"cube-1126-asc","post",1623113900469633206,1623113900485317338
12,"cube-2453-bin","prep",1623113900485353091,1623113900489857588
12,"cube-2453-bin","zzzz",1623113900489860920,1623113900541905087,2352,4097,12291
12,"cube-2453-bin","post",1623113900541921030,1623113900542211061
12,"cube-3244-bin","prep",1623113900542254887,1623113900545932374
12,"cube-3244-bin","zzzz",1623113900545934710,1623113900738899298,6460,10260,30780
12,"cube-3244-bin","post",1623113900738909563,1623113900740149900
12,"cube-3279-asc","prep",1623113900740245455,1623113900777014883
12,"cube-3279-asc","zzzz",1623113900777021005,1623113905416450757,63871,92585,277755
12,"cube-3279-asc","post",1623113905416465144,1623113905427018967
12,"cube-3603-bin","prep",1623113905427055571,1623113905430177754
12,"cube-3603-bin","zzzz",1623113905430180046,1623113905435362624,348,725,2175
12,"cube-3603-bin","post",1623113905435861534,1623113905435984707
12,"cube-3152-asc","prep",1623113905435998863,1623113905436258008
12,"cube-3152-asc","zzzz",1623113905436259365,1623113905461212580,624,2390,7170
12,"cube-3152-asc","post",1623113905461222872,1623113905461541933
12,"cube-3020-asc","prep",1623113905461554927,1623113905462264056
12,"cube-3020-asc","zzzz",1623113905462265649,1623113906355798802,3504,29770,89310
12,"cube-3020-asc","post",1623113906355809031,1623113906363304168
12,"cube-2815-geo","mesh",1623113906363326579,1623113906365128048
12,"cube-2815-geo","prep",1623113906365757075,1623113906365758059
12,"cube-2815-geo","zzzz",1623113906365759390,1623113906365815288,0,0,0
12,"cube-2815-geo","post",1623113906365816558,1623113906365927248
12,"cube-707-asc","prep",1623113906365933503,1623113906370114489
12,"cube-707-asc","zzzz",1623113906370116646,1623113906560126984,6358,10160,30480
12,"cube-707-asc","post",1623113906560143151,1623113906561613404
12,"cube-2993-asc","prep",1623113906561863413,1623113906568893054
12,"cube-2993-asc","zzzz",1623113906568894711,1623114005808048005,37300,731152,2193456
12,"cube-2993-asc","post",1623114005808065552,1623114005884222405
12,"cube-997-asc","prep",1623114005884265033,1623114005884620556
12,"cube-997-asc","zzzz",1623114005884622366,1623114005889723120,341,716,2148
12,"cube-997-asc","post",1623114005889733763,1623114005889855025
12,"cube-629-bin","prep",1623114005889869867,1623114005890158635
12,"cube-629-bin","zzzz",1623114005890160047,1623114005895785818,369,772,2316
12,"cube-629-bin","post",1623114005895796118,1623114005895991729
12,"cube-1664-geo","mesh",1623114005896027465,1623114005896177466
12,"cube-1664-geo","prep",1623114005896816094,1623114005896816768
12,"cube-1664-geo","zzzz",1623114005896817833,1623114005896873608,0,0,0
12,"cube-1664-geo","post",1623114005896874751,1623114005896984347
12,"cube-3842-bin.cgns","prep",1623114005896990317,1623114005932715978
12,"cube-3842-bin.cgns","zzzz",1623114005932723360,1623114054219062497,324343,452463,1357389
12,"cube-3842-bin.cgns","post",1623114054219078465,1623114054219187008
12,"cube-1628-asc","prep",1623114054219255371,1623114054226815082
12,"cube-1628-asc","zzzz",1623114054226817515,1623114188762074188,41264,898674,2696022
12,"cube-1628-asc","post",1623114188762088492,1623114188854637962
12,"cube-2965-asc","prep",1623114188854675295,1623114188855071106
12,"cube-2965-asc","zzzz",1623114188855073422,1623114189147202275,2250,13700,41100
12,"cube-2965-asc","post",1623114189147218197,1623114189148540517
12,"cube-3434-bin","prep",1623114189148556768,1623114189172170195
12,"cube-3434-bin","zzzz",1623114189172173142,1623114191854918445,43201,63543,190629
12,"cube-3434-bin","post",1623114191854931897,1623114191862303339
12,"cube-899-asc","prep",1623114191862336145,1623114191870561762
12,"cube-899-asc","zzzz",1623114191870564848,1623114192433743172,14041,21621,64863
12,"cube-899-asc","post",1623114192433753717,1623114192435341418
12,"cube-286-bin","prep",1623114192435360255,1623114192438918019
12,"cube-286-bin","zzzz",1623114192438920177,1623114192605167934,5791,9256,27768
12,"cube-286-bin","post",1623114192605178212,1623114192606813849
12,"cube-3421-geo","mesh",1623114192606836476,1623114192606901180
12,"cube-3421-geo","prep",1623114192607545713,1623114192607546560
12,"cube-3421-geo","zzzz",1623114192607547626,1623114192607603129,0,0,0
12,"cube-3421-geo","post",1623114192607604384,1623114192607671540
12,"cube-3771-bin.cgns","prep",1623114192607677026,1623114192609164334
12,"cube-3771-bin.cgns","zzzz",1623114192609166990,1623114192752590949,5162,8339,25017
12,"cube-3771-bin.cgns","post",1623114192752601102,1623114192752652564
12,"cube-3659-bin.cgns","prep",1623114192752704227,1623114192773235999
12,"cube-3659-bin.cgns","zzzz",1623114192773238968,1623114192823708593,2328,4009,12027
12,"cube-3659-bin.cgns","post",1623114192823718790,1623114192823760913
12,"cube-2359-bin.cgns","prep",1623114192823811353,1623114192824727793
12,"cube-2359-bin.cgns","zzzz",1623114192824730260,1623114192942894105,4457,7282,21846
12,"cube-2359-bin.cgns","post",1623114192942904366,1623114192942945758
12,"cube-2829-bin.cgns","prep",1623114192942994637,1623114192943910293
12,"cube-2829-bin.cgns","zzzz",1623114192943912828,1623114193023097231,3318,5501,16503
12,"cube-2829-bin.cgns","post",1623114193023107418,1623114193023148820
12,"cube-2280-asc","prep",1623114193023196429,1623114193023579877
12,"cube-2280-asc","zzzz",1623114193023583882,1623114193078131456,948,4234,12702
12,"cube-2280-asc","post",1623114193078141804,1623114193079377020
12,"cube-1089-bin.cgns","prep",1623114193079389908,1623114193301119631
12,"cube-1089-bin.cgns","zzzz",1623114193301128943,1623114446383646623,1056482,1443512,4330536
12,"cube-1089-bin.cgns","post",1623114446383660388,1623114446383713327
12,"cube-1150-geo","mesh",1623114446383775877,1623114446383932831
12,"cube-1150-geo","prep",1623114446384744916,1623114446384745743
12,"cube-1150-geo","zzzz",1623114446384747197,1623114446384803619,0,0,0
12,"cube-1150-geo","post",1623114446384804976,1623114446384914850
12,"cube-1944-stl-bin","mesh",1623114446384922008,1623114446386602121
12,"cube-1944-stl-bin","prep",1623114446387220437,1623114446387344580
12,"cube-1944-stl-bin","zzzz",1623114446387346134,1623114447724155364,0,39324,117972
12,"cube-1944-stl-bin","post",1623114447724165880,1623114447727875446
12,"cube-3277-bin.cgns","prep",1623114447727887547,1623114447730767832
12,"cube-3277-bin.cgns","zzzz",1623114447730770616,1623114448893382451,24012,35743,107229
12,"cube-3277-bin.cgns","post",1623114448893392861,1623114448893435779
12,"cube-738-bin.cgns","prep",1623114448893481785,1623114449144955803
12,"cube-738-bin.cgns","zzzz",1623114449144964211,1623114466693794226,162303,228968,686904
12,"cube-738-bin.cgns","post",1623114466693807839,1623114466693888811
12,"cube-3216-geo","mesh",1623114466693956348,1623114466694112053
12,"cube-3216-geo","prep",1623114466695289054,1623114466695290457
12,"cube-3216-geo","zzzz",1623114466695292337,1623114466695349097,0,0,0
12,"cube-3216-geo","post",1623114466695350518,1623114466695474954
12,"cube-2526-bin","prep",1623114466695482510,1623114466698833040
12,"cube-2526-bin","zzzz",1623114466698835729,1623114466889684688,6430,10181,30543
12,"cube-2526-bin","post",1623114466889695307,1623114466890760348
12,"cube-1260-asc","prep",1623114466890776585,1623114466966307803
12,"cube-1260-asc","zzzz",1623114466966315362,1623114480152894780,132953,188631,565893
12,"cube-1260-asc","post",1623114480152909132,1623114480169075585
12,"cube-2162-asc","prep",1623114480169105292,1623114480170954339
12,"cube-2162-asc","zzzz",1623114480170956353,1623114480198732100,1439,2590,7770
12,"cube-2162-asc","post",1623114480198742389,1623114480199113929
12,"cube-2155-asc","prep",1623114480199137285,1623114480199315372
12,"cube-2155-asc","zzzz",1623114480199316623,1623114480223627257,624,2343,7029
12,"cube-2155-asc","post",1623114480223637345,1623114480224175237
12,"cube-3042-bin","prep",1623114480224209601,1623114480224545905
12,"cube-3042-bin","zzzz",1623114480224547308,1623114480229370565,331,688,2064
12,"cube-3042-bin","post",1623114480229375450,1623114480229526327
12,"cube-1766-asc","prep",1623114480229559352,1623114480229901497
12,"cube-1766-asc","zzzz",1623114480229905139,1623114480250852922,520,2093,6279
12,"cube-1766-asc","post",1623114480250863042,1623114480251160709
12,"cube-2170-bin.cgns","prep",1623114480251174760,1623114480265271479
12,"cube-2170-bin.cgns","zzzz",1623114480265274429,1623114480295608743,1533,2768,8304
12,"cube-2170-bin.cgns","post",1623114480295618847,1623114480295668579
12,"cube-3192-asc","prep",1623114480295718237,1623114480296789333
12,"cube-3192-asc","zzzz",1623114480296790787,1623114481704502417,4710,40808,122424
12,"cube-3192-asc","post",1623114481704512794,1623114481708147618
12,"cube-2780-geo","mesh",1623114481708171505,1623114481708254409
12,"cube-2780-geo","prep",1623114481708877223,1623114481708877948
12,"cube-2780-geo","zzzz",1623114481708879069,1623114481708934313,0,0,0
12,"cube-2780-geo","post",1623114481708935511,1623114481709057886
12,"cube-2262-asc","prep",1623114481709063804,1623114481709229667
12,"cube-2262-asc","zzzz",1623114481709548929,1623114481734836696,624,2415,7245
12,"cube-2262-asc","post",1623114481734859669,1623114481735393687
12,"cube-42-stl-bin","mesh",1623114481735429418,1623114481736005641
12,"cube-42-stl-bin","prep",1623114481736599303,1623114481736765073
12,"cube-42-stl-bin","zzzz",1623114481736766681,1623114481990254858,0,12412,37236
12,"cube-42-stl-bin","post",1623114481990259118,1623114481990986609
12,"cube-1000-bin","prep",1623114481990996763,1623114482033470367
12,"cube-1000-bin","zzzz",1623114482033475988,1623114487903270294,75525,108759,326277
12,"cube-1000-bin","post",1623114487903297514,1623114487912692210
12,"cube-3424-geo","mesh",1623114487912726229,1623114487913189873
12,"cube-3424-geo","prep",1623114487913822946,1623114487913824429
12,"cube-3424-geo","zzzz",1623114487913825772,1623114487913882341,0,0,0
12,"cube-3424-geo","post",1623114487913883785,1623114487914003920
12,"cube-3253-stl-bin","mesh",1623114487914011675,1623114487914299808
12,"cube-3253-stl-bin","prep",1623114487914895948,1623114487914981872
12,"cube-3253-stl-bin","zzzz",1623114487914983090,1623114488005029064,0,6020,18060
12,"cube-3253-stl-bin","post",1623114488005039499,1623114488005469681
12,"cube-3157-geo","mesh",1623114488005481181,1623114488005567278
12,"cube-3157-geo","prep",1623114488006118486,1623114488006119183
12,"cube-3157-geo","zzzz",1623114488006120389,1623114488006175619,0,0,0
12,"cube-3157-geo","post",1623114488006176804,1623114488006277676
12,"cube-397-asc","prep",1623114488006283439,1623114488010405612
12,"cube-397-asc","zzzz",1623114488010407070,1623114532935902834,26754,431149,1293447
12,"cube-397-asc","post",1623114532935916631,1623114532982980436
12,"cube-3868-asc","prep",1623114532983014277,1623114532983015817
12,"cube-3868-asc","zzzz",1623114532983016721,1623114532983075123,0,0,0
12,"cube-3868-asc","post",1623114532983076545,1623114532983093161
12,"cube-3971-stl-bin","mesh",1623114532983098062,1623114532984878166
12,"cube-3971-stl-bin","prep",1623114532985527785,1623114532985854874
12,"cube-3971-stl-bin","zzzz",1623114532985857057,1623114534659462941,0,45916,137748
12,"cube-3971-stl-bin","post",1623114534659476176,1623114534662264892
12,"cube-1862-bin.cgns","prep",1623114534662283111,1623114534684178138
12,"cube-1862-bin.cgns","zzzz",1623114534684181762,1623114534969305872,8483,13470,40410
12,"cube-1862-bin.cgns","post",1623114534969316116,1623114534969363921
12,"cube-1262-stl-bin","mesh",1623114534969417272,1623114534970844524
12,"cube-1262-stl-bin","prep",1623114534971457686,1623114534971465827
12,"cube-1262-stl-bin","zzzz",1623114534971466925,1623114535745780579,0,26972,80916
12,"cube-1262-stl-bin","post",1623114535745790869,1623114535747465276
12,"cube-1854-bin","prep",1623114535747476323,1623114535747995020
12,"cube-1854-bin","zzzz",1623114535747996903,1623114535751284668,245,510,1530
12,"cube-1854-bin","post",1623114535751288602,1623114535751371144
12,"cube-3683-asc","prep",1623114535751384790,1623114535752068865
12,"cube-3683-asc","zzzz",1623114535752070999,1623114535767137391,909,1637,4911
12,"cube-3683-asc","post",1623114535767141305,1623114535767522756
12,"cube-3317-geo","mesh",1623114535767546137,1623114535767676085
12,"cube-3317-geo","prep",1623114535768231880,1623114535768232548
12,"cube-3317-geo","zzzz",1623114535768233898,1623114535768289667,0,0,0
12,"cube-3317-geo","post",1623114535768290886,1623114535768378142
12,"cube-2736-asc","prep",1623114535768384090,1623114535780726499
12,"cube-2736-asc","zzzz",1623114535780729318,1623114536920377276,23686,35253,105759
12,"cube-2736-asc","post",1623114536920387639,1623114536923082723
12,"cube-3672-asc","prep",1623114536923102505,1623114536938668714
12,"cube-3672-asc","zzzz",1623114536938671078,1623115062863409253,86108,2498449,7495347
12,"cube-3672-asc","post",1623115062863423003,1623115063121361595
12,"cube-1546-stl-bin","mesh",1623115063121406240,1623115063121559467
12,"cube-1546-stl-bin","prep",1623115063122232138,1623115063122359503
12,"cube-1546-stl-bin","zzzz",1623115063122361067,1623115063156183486,0,3004,9012
12,"cube-1546-stl-bin","post",1623115063156194286,1623115063156520669
12,"Proc","exit_task",1623113578265320925,1623115063170227833,1974460
