35,"build/tests/sizes/cube-1808-asc.mesh","scan",1623113596226707308,1623113596242731097
35,"build/tests/sizes/cube-1808-asc.mesh","chck",1623113596198481742,1623113596242844684
35,"build/tests/sizes/cube-92-bin.msh2","scan",1623113596267997653,1623113600089526017
35,"build/tests/sizes/cube-92-bin.msh2","chck",1623113596242846104,1623113600089555122
35,"build/tests/sizes/cube-1420-bin.vtk","scan",1623113600093048420,1623113600107401294
35,"build/tests/sizes/cube-1420-bin.vtk","chck",1623113600089556501,1623113600107407191
35,"build/tests/sizes/cube-1533-asc.msh2","scan",1623113600109154445,1623113600200411648
35,"build/tests/sizes/cube-1533-asc.msh2","chck",1623113600107408359,1623113600200417597
35,"build/tests/sizes/cube-2596-asc.mesh","scan",1623113600202374886,1623113603077120778
35,"build/tests/sizes/cube-2596-asc.mesh","chck",1623113600200418591,1623113603077133308
35,"build/tests/sizes/cube-2794-asc.bdf","scan",1623113603077826371,1623113603245142010
35,"build/tests/sizes/cube-2794-asc.bdf","chck",1623113603077134628,1623113603245148036
35,"build/tests/sizes/cube-480-bin.vtk","scan",1623113603257160727,1623113603815989838
35,"build/tests/sizes/cube-480-bin.vtk","chck",1623113603245149012,1623113603815997350
35,"build/tests/sizes/cube-2616-bin.msh4","scan",1623113603827341445,1623113603842762980
35,"build/tests/sizes/cube-2616-bin.msh4","chck",1623113603815998901,1623113603842770041
35,"build/tests/sizes/cube-11-asc.mesh","scan",1623113603860504871,1623113604650375055
35,"build/tests/sizes/cube-11-asc.mesh","chck",1623113603842771725,1623113604650382210
35,"build/tests/sizes/cube-1602-asc.mesh","scan",1623113604669018020,1623113604676540845
35,"build/tests/sizes/cube-1602-asc.mesh","chck",1623113604650383339,1623113604676546322
35,"build/tests/sizes/cube-3175-bin.cgns","scan",1623113604681376892,1623113604699931017
35,"build/tests/sizes/cube-3175-bin.cgns","chck",1623113604676547324,1623113604699936942
35,"build/tests/sizes/cube-2182-asc.mesh","scan",1623113604701621570,1623113604703629719
35,"build/tests/sizes/cube-2182-asc.mesh","chck",1623113604699938096,1623113604703634270
35,"build/tests/sizes/cube-3996-geo.geo","scan",1623113604704215377,1623113604705776880
35,"build/tests/sizes/cube-3996-geo.geo","chck",1623113604703635213,1623113604705780158
35,"build/tests/sizes/cube-1771-asc.bdf","scan",1623113604706330218,1623113605379061885
35,"build/tests/sizes/cube-1771-asc.bdf","chck",1623113604705781008,1623113605379078248
35,"build/tests/sizes/cube-2187-bin.cgns","scan",1623113605412462996,1623113605474187043
35,"build/tests/sizes/cube-2187-bin.cgns","chck",1623113605379079535,1623113605474193396
35,"build/tests/sizes/cube-242-bin.cgns","scan",1623113605489933349,1623113605571268585
35,"build/tests/sizes/cube-242-bin.cgns","chck",1623113605474194501,1623113605571280913
35,"build/tests/sizes/cube-2963-bin.vtk","scan",1623113605572006663,1623113605581008352
35,"build/tests/sizes/cube-2963-bin.vtk","chck",1623113605571282115,1623113605581014758
35,"build/tests/sizes/cube-1850-bin.msh2","scan",1623113605599807703,1623113606017862545
35,"build/tests/sizes/cube-1850-bin.msh2","chck",1623113605581015843,1623113606017869261
35,"build/tests/sizes/cube-947-bin.msh2","scan",1623113606019116715,1623113606021579992
35,"build/tests/sizes/cube-947-bin.msh2","chck",1623113606017870463,1623113606021584295
35,"build/tests/sizes/cube-3560-geo.geo","scan",1623113606022149504,1623113606023311008
35,"build/tests/sizes/cube-3560-geo.geo","chck",1623113606021585322,1623113606023314609
35,"build/tests/sizes/cube-96-asc.mesh","scan",1623113606034767227,1623113613408260061
35,"build/tests/sizes/cube-96-asc.mesh","chck",1623113606023315626,1623113613408275699
35,"build/tests/sizes/cube-3495-stl-bin.geo","scan",1623113613409079686,1623113613412467136
35,"build/tests/sizes/cube-3495-stl-bin.geo","chck",1623113613408277213,1623113613412472401
35,"build/tests/sizes/cube-3743-asc.mesh","scan",1623113613413062020,1623113613414863249
35,"build/tests/sizes/cube-3743-asc.mesh","chck",1623113613412473330,1623113613414867644
35,"build/tests/sizes/cube-3667-asc.mesh","scan",1623113613415409636,1623113613416689886
35,"build/tests/sizes/cube-3667-asc.mesh","chck",1623113613414868702,1623113613416696052
35,"build/tests/sizes/cube-3916-geo.geo","scan",1623113613417253950,1623113613418556070
35,"build/tests/sizes/cube-3916-geo.geo","chck",1623113613416696999,1623113613418559141
35,"build/tests/sizes/cube-1153-bin.vtk","scan",1623113613430614637,1623113613444057495
35,"build/tests/sizes/cube-1153-bin.vtk","chck",1623113613418560061,1623113613444062068
35,"build/tests/sizes/cube-3192-bin.vtk","scan",1623113613445250745,1623113613447083510
35,"build/tests/sizes/cube-3192-bin.vtk","chck",1623113613444063039,1623113613447087486
35,"build/tests/sizes/cube-3751-bin.cgns","scan",1623113613451054505,1623113613470689282
35,"build/tests/sizes/cube-3751-bin.cgns","chck",1623113613447088399,1623113613470695306
35,"build/tests/sizes/cube-1277-geo.geo","scan",1623113613471439324,1623113613472795657
35,"build/tests/sizes/cube-1277-geo.geo","chck",1623113613470696354,1623113613472799841
35,"build/tests/sizes/cube-2789-geo.geo_unrolled","scan",1623113613474775586,1623113613475867654
35,"build/tests/sizes/cube-2789-geo.geo_unrolled","chck",1623113613472800884,1623113613475871290
35,"build/tests/sizes/cube-3204-bin.msh4","scan",1623113613476443455,1623113613497286711
35,"build/tests/sizes/cube-3204-bin.msh4","chck",1623113613475872321,1623113613497292100
35,"build/tests/sizes/cube-3264-bin.cgns","scan",1623113613515869537,1623113613608563320
35,"build/tests/sizes/cube-3264-bin.cgns","chck",1623113613497293063,1623113613608576370
35,"build/tests/sizes/cube-2615-asc.mesh","scan",1623113613609337537,1623113616161545228
35,"build/tests/sizes/cube-2615-asc.mesh","chck",1623113613608577671,1623113616161553125
35,"build/tests/sizes/cube-2491-geo.geo_unrolled","scan",1623113616162277791,1623113616163405576
35,"build/tests/sizes/cube-2491-geo.geo_unrolled","chck",1623113616161554293,1623113616163410212
35,"build/tests/sizes/cube-62-geo.geo_unrolled","scan",1623113616185151109,1623113616186196398
35,"build/tests/sizes/cube-62-geo.geo_unrolled","chck",1623113616163411243,1623113616186201658
35,"build/tests/sizes/cube-1105-bin.msh4","scan",1623113616187097057,1623113616189096239
35,"build/tests/sizes/cube-1105-bin.msh4","chck",1623113616186202760,1623113616189100543
35,"build/tests/sizes/cube-2956-bin.cgns","scan",1623113616192213771,1623113616211823965
35,"build/tests/sizes/cube-2956-bin.cgns","chck",1623113616189101507,1623113616211830830
35,"build/tests/sizes/cube-3637-bin.cgns","scan",1623113616225399607,1623113616260093674
35,"build/tests/sizes/cube-3637-bin.cgns","chck",1623113616211831929,1623113616260100177
35,"build/tests/sizes/cube-1375-bin.msh2","scan",1623113616270878609,1623113616339087780
35,"build/tests/sizes/cube-1375-bin.msh2","chck",1623113616260101228,1623113616339094692
35,"build/tests/sizes/cube-2165-asc.mesh","scan",1623113616339634445,1623113616449032213
35,"build/tests/sizes/cube-2165-asc.mesh","chck",1623113616339095922,1623113616449039116
35,"build/tests/sizes/cube-3049-bin.msh4","scan",1623113616449654056,1623113616451080918
35,"build/tests/sizes/cube-3049-bin.msh4","chck",1623113616449040172,1623113616451085112
35,"build/tests/sizes/cube-2648-bin.cgns","scan",1623113616454498011,1623113616473903229
35,"build/tests/sizes/cube-2648-bin.cgns","chck",1623113616451086110,1623113616473909740
35,"build/tests/sizes/cube-3212-bin.msh4","scan",1623113616474567634,1623113616476956976
35,"build/tests/sizes/cube-3212-bin.msh4","chck",1623113616473910813,1623113616476961537
35,"build/tests/sizes/cube-3423-geo.geo","scan",1623113616477475476,1623113616478679559
35,"build/tests/sizes/cube-3423-geo.geo","chck",1623113616476962650,1623113616478683178
35,"build/tests/sizes/cube-3725-asc.msh2","scan",1623113616488361045,1623113616773159235
35,"build/tests/sizes/cube-3725-asc.msh2","chck",1623113616478684154,1623113616773165815
35,"build/tests/sizes/cube-2231-asc.bdf","scan",1623113616788188498,1623113616838761262
35,"build/tests/sizes/cube-2231-asc.bdf","chck",1623113616773166924,1623113616838768622
35,"build/tests/sizes/cube-3269-bin.vtk","scan",1623113616840492681,1623113616872262965
35,"build/tests/sizes/cube-3269-bin.vtk","chck",1623113616839949629,1623113616872270422
35,"build/tests/sizes/cube-2575-bin.vtk","scan",1623113616872978544,1623113617107340126
35,"build/tests/sizes/cube-2575-bin.vtk","chck",1623113616872271657,1623113617107347187
35,"build/tests/sizes/cube-588-bin.msh2","scan",1623113617121197298,1623113617194278835
35,"build/tests/sizes/cube-588-bin.msh2","chck",1623113617107348438,1623113617194285692
35,"build/tests/sizes/cube-677-asc.bdf","scan",1623113617205143472,1623113617655036108
35,"build/tests/sizes/cube-677-asc.bdf","chck",1623113617194286938,1623113617655042980
35,"build/tests/sizes/cube-3502-asc.mesh","scan",1623113617656762607,1623113617669033518
35,"build/tests/sizes/cube-3502-asc.mesh","chck",1623113617655044104,1623113617669039232
35,"build/tests/sizes/cube-674-bin.cgns","scan",1623113617691143579,1623113617795813561
35,"build/tests/sizes/cube-674-bin.cgns","chck",1623113617669040310,1623113617795821060
35,"build/tests/sizes/cube-2901-stl-bin.geo","scan",1623113617796991556,1623113617820870414
35,"build/tests/sizes/cube-2901-stl-bin.geo","chck",1623113617795822249,1623113617820875769
35,"build/tests/sizes/cube-811-bin.msh4","scan",1623113617836997094,1623113619523343552
35,"build/tests/sizes/cube-811-bin.msh4","chck",1623113617820876870,1623113619523350268
35,"build/tests/sizes/cube-1405-bin.vtk","scan",1623113619524084398,1623113619527389726
35,"build/tests/sizes/cube-1405-bin.vtk","chck",1623113619523351368,1623113619527394337
35,"build/tests/sizes/cube-855-asc.mesh","scan",1623113619542054128,1623113619712589386
35,"build/tests/sizes/cube-855-asc.mesh","chck",1623113619527395481,1623113619712596083
35,"build/tests/sizes/cube-1238-bin.vtk","scan",1623113619724220394,1623113619781755897
35,"build/tests/sizes/cube-1238-bin.vtk","chck",1623113619712597167,1623113619781761905
35,"build/tests/sizes/cube-2395-bin.cgns","scan",1623113619785736430,1623113619807305720
35,"build/tests/sizes/cube-2395-bin.cgns","chck",1623113619781762982,1623113619807311622
35,"build/tests/sizes/cube-1836-bin.msh4","scan",1623113619808275803,1623113619812019545
35,"build/tests/sizes/cube-1836-bin.msh4","chck",1623113619807312773,1623113619812024228
35,"build/tests/sizes/cube-3635-bin.msh2","scan",1623113619812616518,1623113620821548270
35,"build/tests/sizes/cube-3635-bin.msh2","chck",1623113619812025252,1623113620821554365
35,"build/tests/sizes/cube-2701-bin.msh2","scan",1623113620835996506,1623113620862602126
35,"build/tests/sizes/cube-2701-bin.msh2","chck",1623113620821555445,1623113620862607884
35,"build/tests/sizes/cube-1329-bin.vtk","scan",1623113620864462021,1623113620866702821
35,"build/tests/sizes/cube-1329-bin.vtk","chck",1623113620862609024,1623113620866708260
35,"build/tests/sizes/cube-1431-asc.bdf","scan",1623113620879046526,1623113621184503144
35,"build/tests/sizes/cube-1431-asc.bdf","chck",1623113620866709359,1623113621184510235
35,"build/tests/sizes/cube-2621-geo.geo","scan",1623113621185972588,1623113621194949591
35,"build/tests/sizes/cube-2621-geo.geo","chck",1623113621184511564,1623113621194956397
35,"build/tests/sizes/cube-3633-bin.msh2","scan",1623113621205305022,1623113623361974624
35,"build/tests/sizes/cube-3633-bin.msh2","chck",1623113621194957803,1623113623361980841
35,"build/tests/sizes/cube-4-asc.bdf","scan",1623113623380763443,1623113623406633330
35,"build/tests/sizes/cube-4-asc.bdf","chck",1623113623361982052,1623113623406639513
35,"build/tests/sizes/cube-3847-bin.msh2","scan",1623113623407219994,1623113623493413514
35,"build/tests/sizes/cube-3847-bin.msh2","chck",1623113623406640506,1623113623493420314
35,"build/tests/sizes/cube-24-bin.msh4","scan",1623113623495154830,1623113623498230494
35,"build/tests/sizes/cube-24-bin.msh4","chck",1623113623493421396,1623113623498236171
35,"build/tests/sizes/cube-1421-asc.mesh","scan",1623113623511995804,1623113623543384288
35,"build/tests/sizes/cube-1421-asc.mesh","chck",1623113623498237168,1623113623543389556
35,"build/tests/sizes/cube-3010-bin.msh2","scan",1623113623560632738,1623113626974278258
35,"build/tests/sizes/cube-3010-bin.msh2","chck",1623113623543390557,1623113626974286632
35,"build/tests/sizes/cube-1875-asc.bdf","scan",1623113626984625620,1623113627039715815
35,"build/tests/sizes/cube-1875-asc.bdf","chck",1623113626974287881,1623113627039722099
35,"build/tests/sizes/cube-837-bin.msh4","scan",1623113627057687460,1623113627116229217
35,"build/tests/sizes/cube-837-bin.msh4","chck",1623113627039723136,1623113627116234736
35,"build/tests/sizes/cube-2468-bin.cgns","scan",1623113627119843467,1623113627140043403
35,"build/tests/sizes/cube-2468-bin.cgns","chck",1623113627116235651,1623113627140049378
35,"build/tests/sizes/cube-754-bin.msh2","scan",1623113627155967672,1623113627724299828
35,"build/tests/sizes/cube-754-bin.msh2","chck",1623113627140050438,1623113627724306654
35,"build/tests/sizes/cube-1769-asc.bdf","scan",1623113627735127653,1623113627794622796
35,"build/tests/sizes/cube-1769-asc.bdf","chck",1623113627724307771,1623113627794629630
35,"build/tests/sizes/cube-3644-bin.vtk","scan",1623113627812881247,1623113627837361507
35,"build/tests/sizes/cube-3644-bin.vtk","chck",1623113627794631038,1623113627837368373
35,"build/tests/sizes/cube-3395-bin.msh4","scan",1623113627837935926,1623113627839216533
35,"build/tests/sizes/cube-3395-bin.msh4","chck",1623113627837369500,1623113627839221068
35,"build/tests/sizes/cube-3433-geo.geo","scan",1623113627839723684,1623113627840995161
35,"build/tests/sizes/cube-3433-geo.geo","chck",1623113627839222092,1623113627840999120
35,"build/tests/sizes/cube-3239-geo.geo_unrolled","scan",1623113627855641282,1623113627856855650
35,"build/tests/sizes/cube-3239-geo.geo_unrolled","chck",1623113627841000059,1623113627856861263
35,"build/tests/sizes/cube-3156-bin.cgns","scan",1623113627860623422,1623113627880684685
35,"build/tests/sizes/cube-3156-bin.cgns","chck",1623113627856862427,1623113627880692598
35,"build/tests/sizes/cube-1177-geo.geo_unrolled","scan",1623113627902092100,1623113627903471600
35,"build/tests/sizes/cube-1177-geo.geo_unrolled","chck",1623113627880693745,1623113627903477229
35,"build/tests/sizes/cube-2805-stl-bin.geo","scan",1623113627904053931,1623113627978911018
35,"build/tests/sizes/cube-2805-stl-bin.geo","chck",1623113627903478400,1623113627978917977
35,"build/tests/sizes/cube-3487-bin.msh4","scan",1623113627979693082,1623113627982129388
35,"build/tests/sizes/cube-3487-bin.msh4","chck",1623113627978919035,1623113627982133136
35,"build/tests/sizes/cube-2993-geo.geo_unrolled","scan",1623113627982712400,1623113627983856573
35,"build/tests/sizes/cube-2993-geo.geo_unrolled","chck",1623113627982134264,1623113627983860390
35,"build/tests/sizes/cube-2254-bin.cgns","scan",1623113627988134591,1623113628009243409
35,"build/tests/sizes/cube-2254-bin.cgns","chck",1623113627983861356,1623113628009249617
35,"build/tests/sizes/cube-1191-bin.cgns","scan",1623113628031105885,1623113628240915790
35,"build/tests/sizes/cube-1191-bin.cgns","chck",1623113628009250646,1623113628240922526
35,"build/tests/sizes/cube-32-geo.geo_unrolled","scan",1623113628264063610,1623113628265254944
35,"build/tests/sizes/cube-32-geo.geo_unrolled","chck",1623113628240923707,1623113628265261124
35,"build/tests/sizes/cube-3404-stl-bin.geo","scan",1623113628273228011,1623113628317039090
35,"build/tests/sizes/cube-3404-stl-bin.geo","chck",1623113628265262306,1623113628317045698
35,"build/tests/sizes/cube-3640-bin.cgns","scan",1623113628325240634,1623113628406570076
35,"build/tests/sizes/cube-3640-bin.cgns","chck",1623113628317046810,1623113628406577053
35,"build/tests/sizes/cube-2357-bin.msh2","scan",1623113628407399207,1623113628428623992
35,"build/tests/sizes/cube-2357-bin.msh2","chck",1623113628406578225,1623113628428630647
35,"build/tests/sizes/cube-3254-asc.bdf","scan",1623113628429221495,1623113634086511073
35,"build/tests/sizes/cube-3254-asc.bdf","chck",1623113628428631788,1623113634086517844
35,"build/tests/sizes/cube-2721-bin.msh2","scan",1623113634104906991,1623113634231528524
35,"build/tests/sizes/cube-2721-bin.msh2","chck",1623113634086518870,1623113634231534613
35,"build/tests/sizes/cube-1805-asc.bdf","scan",1623113634232220608,1623113634713010274
35,"build/tests/sizes/cube-1805-asc.bdf","chck",1623113634231699659,1623113634713016859
35,"build/tests/sizes/cube-1903-asc.mesh","scan",1623113634747395648,1623113636004980445
35,"build/tests/sizes/cube-1903-asc.mesh","chck",1623113634713018003,1623113636004988363
35,"build/tests/sizes/cube-3828-bin.msh4","scan",1623113636005750719,1623113636204678152
35,"build/tests/sizes/cube-3828-bin.msh4","chck",1623113636004989613,1623113636204684520
35,"build/tests/sizes/cube-2952-geo.geo","scan",1623113636216536425,1623113636217943566
35,"build/tests/sizes/cube-2952-geo.geo","chck",1623113636204685600,1623113636217949508
35,"build/tests/sizes/cube-3814-stl-bin.geo","scan",1623113636218499227,1623113636270854498
35,"build/tests/sizes/cube-3814-stl-bin.geo","chck",1623113636217950721,1623113636270861631
35,"build/tests/sizes/cube-89-stl-bin.geo","scan",1623113636275885542,1623113636305921553
35,"build/tests/sizes/cube-89-stl-bin.geo","chck",1623113636270863080,1623113636305926403
35,"build/tests/sizes/cube-615-bin.vtk","scan",1623113636322428114,1623113638411098795
35,"build/tests/sizes/cube-615-bin.vtk","chck",1623113636305927432,1623113638411105993
35,"build/tests/sizes/cube-3167-bin.vtk","scan",1623113638412628128,1623113638442327402
35,"build/tests/sizes/cube-3167-bin.vtk","chck",1623113638411107335,1623113638442334137
35,"build/tests/sizes/cube-2101-asc.mesh","scan",1623113638443404443,1623113638550883357
35,"build/tests/sizes/cube-2101-asc.mesh","chck",1623113638442335103,1623113638550889689
35,"build/tests/sizes/cube-120-bin.cgns","scan",1623113638573415158,1623113638645663369
35,"build/tests/sizes/cube-120-bin.cgns","chck",1623113638550890724,1623113638645670349
35,"build/tests/sizes/cube-2752-asc.msh2","scan",1623113638668434898,1623113638710006309
35,"build/tests/sizes/cube-2752-asc.msh2","chck",1623113638645671484,1623113638710012663
35,"build/tests/sizes/cube-1314-bin.msh4","scan",1623113638743173864,1623113638782061753
35,"build/tests/sizes/cube-1314-bin.msh4","chck",1623113638710013915,1623113638782068464
35,"build/tests/sizes/cube-3512-bin.msh2","scan",1623113638783613498,1623113638915767332
35,"build/tests/sizes/cube-3512-bin.msh2","chck",1623113638782069633,1623113638915773706
35,"build/tests/sizes/cube-3915-bin.msh2","scan",1623113638916401208,1623113641151534127
35,"build/tests/sizes/cube-3915-bin.msh2","chck",1623113638915774762,1623113641151540460
35,"build/tests/sizes/cube-2189-bin.msh4","scan",1623113641152186256,1623113641167195555
35,"build/tests/sizes/cube-2189-bin.msh4","chck",1623113641151541616,1623113641167200864
35,"build/tests/sizes/cube-3078-bin.vtk","scan",1623113641168806193,1623113641171834561
35,"build/tests/sizes/cube-3078-bin.vtk","chck",1623113641167201990,1623113641171846101
35,"build/tests/sizes/cube-1382-asc.mesh","scan",1623113641189165118,1623113641562437617
35,"build/tests/sizes/cube-1382-asc.mesh","chck",1623113641171847099,1623113641562444714
35,"build/tests/sizes/cube-3828-stl-bin.geo","scan",1623113641577305305,1623113641628781680
35,"build/tests/sizes/cube-3828-stl-bin.geo","chck",1623113641562445885,1623113641628787626
35,"build/tests/sizes/cube-3181-bin.cgns","scan",1623113641632846105,1623113641651862103
35,"build/tests/sizes/cube-3181-bin.cgns","chck",1623113641628788731,1623113641651868922
35,"build/tests/sizes/cube-3474-geo.geo_unrolled","scan",1623113641652600618,1623113641653896561
35,"build/tests/sizes/cube-3474-geo.geo_unrolled","chck",1623113641651869898,1623113641653902132
35,"build/tests/sizes/cube-2505-bin.msh4","scan",1623113641654401597,1623113641658567598
35,"build/tests/sizes/cube-2505-bin.msh4","chck",1623113641653903096,1623113641658572091
35,"build/tests/sizes/cube-2119-geo.geo","scan",1623113641659121920,1623113641660364476
35,"build/tests/sizes/cube-2119-geo.geo","chck",1623113641658573058,1623113641660368654
35,"cube-2119-geo","mesh",1623113641661598981,1623113642886936990
35,"cube-2119-geo","prep",1623113642887931449,1623113642936981058
35,"cube-2119-geo","zzzz",1623113642936994923,1623113648156720608,69150,100381,301143
35,"cube-2119-geo","post",1623113648156730443,1623113648172026652
35,"cube-3474-geo","mesh",1623113648172092286,1623113648267918946
35,"cube-3474-geo","prep",1623113648268874750,1623113648273026933
35,"cube-3474-geo","zzzz",1623113648273030377,1623113648413202131,5070,8206,24618
35,"cube-3474-geo","post",1623113648413212751,1623113648414351699
35,"cube-2189-bin","prep",1623113648414527103,1623113648435151140
35,"cube-2189-bin","zzzz",1623113648435158065,1623113650405577555,34818,51433,154299
35,"cube-2189-bin","post",1623113650405587409,1623113650409493367
35,"cube-3167-bin","prep",1623113650409863882,1623113650420780396
35,"cube-3167-bin","zzzz",1623113650420785025,1623113651361129484,20643,30890,92670
35,"cube-3167-bin","post",1623113651361137352,1623113651363064066
35,"cube-2505-bin","prep",1623113651363097749,1623113651366920801
35,"cube-2505-bin","zzzz",1623113651366923501,1623113651608136641,7605,12006,36018
35,"cube-2505-bin","post",1623113651608145844,1623113651609221709
35,"cube-3828-bin","prep",1623113651609255877,1623113651871758491
35,"cube-3828-bin","zzzz",1623113651871765312,1623113705348167054,348193,484451,1453353
35,"cube-3828-bin","post",1623113705348180582,1623113705377816287
35,"cube-2993-geo","mesh",1623113705379360532,1623113705389442656
35,"cube-2993-geo","prep",1623113705390358341,1623113705390649965
35,"cube-2993-geo","zzzz",1623113705390651992,1623113705396227027,369,772,2316
35,"cube-2993-geo","post",1623113705396231388,1623113705396450283
35,"cube-1177-geo","mesh",1623113705396480551,1623113707159128844
35,"cube-1177-geo","prep",1623113707160073488,1623113707277942037
35,"cube-1177-geo","zzzz",1623113707277947947,1623113719053332599,123094,174696,524088
35,"cube-1177-geo","post",1623113719053341607,1623113719082886919
35,"cube-2101-asc","prep",1623113719082948142,1623113719088060333
35,"cube-2101-asc","zzzz",1623113719088063199,1623113721043276188,5498,51141,153423
35,"cube-2101-asc","post",1623113721043286122,1623113721046378317
35,"cube-1903-asc","prep",1623113721046411596,1623113721050470174
35,"cube-1903-asc","zzzz",1623113721050473121,1623113773279756624,28374,476870,1430610
35,"cube-1903-asc","post",1623113773279764692,1623113773326536621
35,"cube-3239-geo","mesh",1623113773326578917,1623113780853786734
35,"cube-3239-geo","prep",1623113780854712182,1623113781398043760
35,"cube-3239-geo","zzzz",1623113781398049319,1623113872791303994,501036,692237,2076711
35,"cube-3239-geo","post",1623113872791317576,1623113872920609809
35,"cube-3828-stl-bin","mesh",1623113872920974938,1623113872982583611
35,"cube-3828-stl-bin","prep",1623113872983495307,1623113872986585764
35,"cube-3828-stl-bin","zzzz",1623113872986589266,1623113873169600538,4378,9887,29661
35,"cube-3828-stl-bin","post",1623113873169610892,1623113873170110205
35,"cube-754-bin","prep",1623113873170179148,1623113873258040646
35,"cube-754-bin","zzzz",1623113873258045099,1623113884761158083,120971,171907,515721
35,"cube-754-bin","post",1623113884761172728,1623113884793478464
35,"cube-480-bin","prep",1623113884793516505,1623113884979069669
35,"cube-480-bin","zzzz",1623113884979086482,1623113924798320963,284201,397597,1192791
35,"cube-480-bin","post",1623113924798331655,1623113924823991339
35,"cube-1533-asc","prep",1623113924824035142,1623113924834642003
35,"cube-1533-asc","zzzz",1623113924834645999,1623113925360418256,13331,20614,61842
35,"cube-1533-asc","post",1623113925360425763,1623113925363587825
35,"cube-1105-bin","prep",1623113925363976069,1623113925365302282
35,"cube-1105-bin","zzzz",1623113925365304241,1623113925384042951,1070,1925,5775
35,"cube-1105-bin","post",1623113925384053405,1623113925384326357
35,"cube-2616-bin","prep",1623113925384409843,1623113925384549705
35,"cube-2616-bin","zzzz",1623113925384550902,1623113925387503259,214,469,1407
35,"cube-2616-bin","post",1623113925387513879,1623113925387776772
35,"cube-3204-bin","prep",1623113925387809063,1623113925412425340
35,"cube-3204-bin","zzzz",1623113925412429116,1623113928550525199,48081,70749,212247
35,"cube-3204-bin","post",1623113928550532569,1623113928554770572
35,"cube-1769-asc","prep",1623113928555625412,1623113928559032913
35,"cube-1769-asc","zzzz",1623113928559035183,1623113928702822621,5164,8355,25065
35,"cube-1769-asc","post",1623113928702833103,1623113928704985600
35,"cube-1375-bin","prep",1623113928705007511,1623113928710215867
35,"cube-1375-bin","zzzz",1623113928710218036,1623113928994624943,8481,13454,40362
35,"cube-1375-bin","post",1623113928994633016,1623113928995665497
35,"cube-2231-asc","prep",1623113928995742604,1623113928997682124
35,"cube-2231-asc","zzzz",1623113928997684321,1623113929075653950,3271,5442,16326
35,"cube-2231-asc","post",1623113929075672835,1623113929076031480
35,"cube-3269-bin","prep",1623113929076251407,1623113929087069990
35,"cube-3269-bin","zzzz",1623113929087072647,1623113929968538008,19723,29491,88473
35,"cube-3269-bin","post",1623113929968551635,1623113929971014605
35,"cube-1431-asc","prep",1623113929971044289,1623113929989495562
35,"cube-1431-asc","zzzz",1623113929989499545,1623113932005024681,35362,52188,156564
35,"cube-1431-asc","post",1623113932005038651,1623113932008791900
35,"cube-677-asc","prep",1623113932008822989,1623113932037469740
35,"cube-677-asc","zzzz",1623113932037473485,1623113935616449439,52784,77494,232482
35,"cube-677-asc","post",1623113935616463455,1623113935622041605
35,"cube-3512-bin","prep",1623113935622075542,1623113935638520271
35,"cube-3512-bin","zzzz",1623113935638523989,1623113937573139475,34251,50747,152241
35,"cube-3512-bin","post",1623113937573150465,1623113937576262385
35,"cube-24-bin","prep",1623113937576288067,1623113937577109350
35,"cube-24-bin","zzzz",1623113937577111125,1623113937578780339,135,306,918
35,"cube-24-bin","post",1623113937578783763,1623113937578995089
35,"cube-3010-bin","prep",1623113937579004767,1623113938144058550
35,"cube-3010-bin","zzzz",1623113938144064001,1623114098069224252,745646,1023078,3069234
35,"cube-3010-bin","post",1623114098069238558,1623114098151274869
35,"cube-588-bin","prep",1623114098151763578,1623114098164990296
35,"cube-588-bin","zzzz",1623114098164994703,1623114098816820693,15701,23928,71784
35,"cube-588-bin","post",1623114098816831234,1623114098818605131
35,"cube-2752-asc","prep",1623114098818639358,1623114098825280031
35,"cube-2752-asc","zzzz",1623114098825282548,1623114098902148253,3233,5388,16164
35,"cube-2752-asc","post",1623114098902165199,1623114098902448076
35,"cube-1421-asc","prep",1623114098902620149,1623114098905532757
35,"cube-1421-asc","zzzz",1623114098905534570,1623114098920860673,414,1655,4965
35,"cube-1421-asc","post",1623114098920877266,1623114098921275829
35,"cube-837-bin","prep",1623114098921296778,1623114098944571874
35,"cube-837-bin","zzzz",1623114098944576888,1623114101231093867,38731,56995,170985
35,"cube-837-bin","post",1623114101231103597,1623114101237464058
35,"cube-2615-asc","prep",1623114101237504953,1623114101244700479
35,"cube-2615-asc","zzzz",1623114101244703853,1623114264290632607,44256,1038028,3114084
35,"cube-2615-asc","post",1623114264290646600,1623114264396134943
35,"cube-3423-geo","mesh",1623114264396169240,1623114264648427317
35,"cube-3423-geo","prep",1623114264649436978,1623114264661093738
35,"cube-3423-geo","zzzz",1623114264661097654,1623114265226968900,14079,21703,65109
35,"cube-3423-geo","post",1623114265226979304,1623114265229236274
35,"cube-947-bin","prep",1623114265229436515,1623114265230474084
35,"cube-947-bin","zzzz",1623114265230476003,1623114265235696766,352,729,2187
35,"cube-947-bin","post",1623114265235707080,1623114265235910567
35,"cube-2254-bin.cgns","prep",1623114265235945785,1623114265238035752
35,"cube-2254-bin.cgns","zzzz",1623114265238038511,1623114265243682649,372,775,2325
35,"cube-2254-bin.cgns","post",1623114265243692877,1623114265244010006
35,"cube-2395-bin.cgns","prep",1623114265244029244,1623114265244370502
35,"cube-2395-bin.cgns","zzzz",1623114265244372517,1623114265248441391,295,602,1806
35,"cube-2395-bin.cgns","post",1623114265248451853,1623114265248500178
35,"cube-2648-bin.cgns","prep",1623114265248539972,1623114265249515116
35,"cube-2648-bin.cgns","zzzz",1623114265249517806,1623114265379726733,4801,7794,23382
35,"cube-2648-bin.cgns","post",1623114265379736972,1623114265379783913
35,"cube-1329-bin","prep",1623114265379828885,1623114265380489952
35,"cube-1329-bin","zzzz",1623114265380491392,1623114265387767755,457,940,2820
35,"cube-1329-bin","post",1623114265387778210,1623114265387986893
35,"cube-2468-bin.cgns","prep",1623114265387998915,1623114265633259615
35,"cube-2468-bin.cgns","zzzz",1623114265633268997,1623114732636485140,1680789,2285398,6856194
35,"cube-2468-bin.cgns","post",1623114732636499083,1623114732636573110
35,"cube-2187-bin.cgns","prep",1623114732637439423,1623114732663982372
35,"cube-2187-bin.cgns","zzzz",1623114732663991289,1623114732669175491,348,725,2175
35,"cube-2187-bin.cgns","post",1623114732669185723,1623114732669243974
35,"cube-2357-bin","prep",1623114732669294228,1623114732671962906
35,"cube-2357-bin","zzzz",1623114732671965142,1623114732775993363,4053,6663,19989
35,"cube-2357-bin","post",1623114732775997248,1623114732777397791
35,"cube-855-asc","prep",1623114732777511579,1623114732778459757
35,"cube-855-asc","zzzz",1623114732778461230,1623114734470115227,5214,46258,138774
35,"cube-855-asc","post",1623114734470126030,1623114734475258199
35,"cube-3395-bin","prep",1623114734475279268,1623114734475480786
35,"cube-3395-bin","zzzz",1623114734475482076,1623114734477756086,177,382,1146
35,"cube-3395-bin","post",1623114734477766425,1623114734478045620
35,"cube-3264-bin.cgns","prep",1623114734478080208,1623114734496192384
35,"cube-3264-bin.cgns","zzzz",1623114734496195672,1623114734923260804,11453,17842,53526
35,"cube-3264-bin.cgns","post",1623114734923271111,1623114734923319692
35,"cube-2956-bin.cgns","prep",1623114734923371385,1623114734925904108
35,"cube-2956-bin.cgns","zzzz",1623114734925906962,1623114736282118080,26604,39717,119151
35,"cube-2956-bin.cgns","post",1623114736282128685,1623114736282175809
35,"cube-1191-bin.cgns","prep",1623114736282226228,1623114736411736015
35,"cube-1191-bin.cgns","zzzz",1623114736411743708,1623114758915275706,192667,270865,812595
35,"cube-1191-bin.cgns","post",1623114758915289328,1623114758915364739
35,"cube-1314-bin","prep",1623114758915431191,1623114758926835841
35,"cube-1314-bin","zzzz",1623114758926843258,1623114760097825408,24146,35887,107661
35,"cube-1314-bin","post",1623114760097853369,1623114760100471072
35,"cube-3175-bin.cgns","prep",1623114760100653501,1623114760101615940
35,"cube-3175-bin.cgns","zzzz",1623114760101618791,1623114760248274964,5262,8470,25410
35,"cube-3175-bin.cgns","post",1623114760248285395,1623114760248343183
35,"cube-3847-bin","prep",1623114760248395026,1623114760260263602
35,"cube-3847-bin","zzzz",1623114760260266629,1623114761134372536,19631,29351,88053
35,"cube-3847-bin","post",1623114761134382831,1623114761138129943
35,"cube-3560-geo","mesh",1623114761138520626,1623114766292501146
35,"cube-3560-geo","prep",1623114766293460574,1623114766644219157
35,"cube-3560-geo","zzzz",1623114766644225473,1623114814290793373,321206,448440,1345320
35,"cube-3560-geo","post",1623114814290804926,1623114814412049612
35,"cube-3640-bin.cgns","prep",1623114814412131866,1623114814478270114
35,"cube-3640-bin.cgns","zzzz",1623114814478276069,1623114816614322525,36814,54324,162972
35,"cube-3640-bin.cgns","post",1623114816614336087,1623114816614418243
35,"cube-120-bin.cgns","prep",1623114816614491478,1623114816640067531
35,"cube-120-bin.cgns","zzzz",1623114816640072102,1623114816720264643,3361,5550,16650
35,"cube-120-bin.cgns","post",1623114816720275038,1623114816720331339
35,"cube-3637-bin.cgns","prep",1623114816720388110,1623114816720794930
35,"cube-3637-bin.cgns","zzzz",1623114816720797105,1623114816722146995,110,251,753
35,"cube-3637-bin.cgns","post",1623114816722157155,1623114816722204621
35,"cube-3181-bin.cgns","prep",1623114816722249395,1623114816724116298
35,"cube-3181-bin.cgns","zzzz",1623114816724119324,1623114817291943995,14129,21750,65250
35,"cube-3181-bin.cgns","post",1623114817291954165,1623114817292000780
35,"cube-3725-asc","prep",1623114817292050094,1623114817313010894
35,"cube-3725-asc","zzzz",1623114817313012933,1623114819721910160,39890,58998,176994
35,"cube-3725-asc","post",1623114819722220632,1623114819726832223
35,"cube-3049-bin","prep",1623114819726871759,1623114819727276485
35,"cube-3049-bin","zzzz",1623114819727277996,1623114819739221668,734,1371,4113
35,"cube-3049-bin","post",1623114819739237314,1623114819739349705
35,"cube-3495-stl-bin","mesh",1623114819739366519,1623114819744299856
35,"cube-3495-stl-bin","prep",1623114819745286877,1623114819745689534
35,"cube-3495-stl-bin","zzzz",1623114819745691864,1623114819755829357,352,1211,3633
35,"cube-3495-stl-bin","post",1623114819755834579,1623114819755966588
35,"cube-242-bin.cgns","prep",1623114819755979779,1623114819782964472
35,"cube-242-bin.cgns","zzzz",1623114819782968018,1623114821780063002,35157,51897,155691
35,"cube-242-bin.cgns","post",1623114821780076852,1623114821780151523
35,"cube-3078-bin","prep",1623114821780221708,1623114821781241492
35,"cube-3078-bin","zzzz",1623114821781244093,1623114821797484298,973,1728,5184
35,"cube-3078-bin","post",1623114821797495306,1623114821797748570
35,"cube-11-asc","prep",1623114821797797314,1623114821800145071
35,"cube-11-asc","zzzz",1623114821800146706,1623114843917008354,18012,267696,803088
35,"cube-11-asc","post",1623114843917019862,1623114843942862308
35,"cube-1153-bin","prep",1623114843942896427,1623114843943509231
35,"cube-1153-bin","zzzz",1623114843943510865,1623114843963013974,1084,1984,5952
35,"cube-1153-bin","post",1623114843963024437,1623114843963378716
35,"cube-3502-asc","prep",1623114843963492458,1623114843963723218
35,"cube-3502-asc","zzzz",1623114843963726486,1623114843968800445,240,713,2139
35,"cube-3502-asc","post",1623114843968810724,1623114843969067294
35,"cube-1836-bin","prep",1623114843969101365,1623114843971256114
35,"cube-1836-bin","zzzz",1623114843971258011,1623114844051660324,3360,5561,16683
35,"cube-1836-bin","post",1623114844051675841,1623114844051963585
35,"cube-1405-bin","prep",1623114844052067167,1623114844052708020
35,"cube-1405-bin","zzzz",1623114844052709573,1623114844077081326,1284,2347,7041
35,"cube-1405-bin","post",1623114844077094513,1623114844077608012
35,"cube-3212-bin","prep",1623114844077657069,1623114844079765913
35,"cube-3212-bin","zzzz",1623114844079768592,1623114844182741975,4015,6613,19839
35,"cube-3212-bin","post",1623114844182755484,1623114844183536176
35,"cube-615-bin","prep",1623114844183626345,1623114845055699647
35,"cube-615-bin","zzzz",1623114845055705235,1623115133731111807,1166219,1593251,4779753
35,"cube-615-bin","post",1623115133731125757,1623115133834783591
35,"cube-2794-asc","prep",1623115133835114542,1623115133847045987
35,"cube-2794-asc","zzzz",1623115133847049172,1623115134953177611,23020,34504,103512
35,"cube-2794-asc","post",1623115134953188537,1623115134955445607
35,"cube-4-asc","prep",1623115134955490221,1623115134955971714
35,"cube-4-asc","zzzz",1623115134955973580,1623115134968027263,738,1379,4137
35,"cube-4-asc","post",1623115134968037878,1623115134968324031
35,"cube-3814-stl-bin","mesh",1623115134968361846,1623115135577695887
35,"cube-3814-stl-bin","prep",1623115135578686223,1623115135642722714
35,"cube-3814-stl-bin","zzzz",1623115135642729640,1623115139581602773,46159,82698,248094
35,"cube-3814-stl-bin","post",1623115139581614681,1623115139599765574
35,"cube-674-bin.cgns","prep",1623115139599796851,1623115139623271192
35,"cube-674-bin.cgns","zzzz",1623115139623274593,1623115139656423546,1642,2959,8877
35,"cube-674-bin.cgns","post",1623115139656433714,1623115139656490243
35,"cube-3404-stl-bin","mesh",1623115139656513742,1623115139673998302
35,"cube-3404-stl-bin","prep",1623115139674970150,1623115139676169024
35,"cube-3404-stl-bin","zzzz",1623115139676171530,1623115139718943618,1295,3570,10710
35,"cube-3404-stl-bin","post",1623115139718953994,1623115139719357175
35,"cube-62-geo","mesh",1623115139719541231,1623115139754515413
35,"cube-62-geo","prep",1623115139755374094,1623115139756669886
35,"cube-62-geo","zzzz",1623115139756672230,1623115139787767590,1553,2820,8460
35,"cube-62-geo","post",1623115139787777786,1623115139788130486
35,"cube-2721-bin","prep",1623115139788159335,1623115139801345871
35,"cube-2721-bin","zzzz",1623115139801348682,1623115140919122936,23284,34798,104394
35,"cube-2721-bin","post",1623115140919133554,1623115140921091786
35,"cube-2952-geo","mesh",1623115140921108203,1623115144822272195
35,"cube-2952-geo","prep",1623115144823242514,1623115145157097548
35,"cube-2952-geo","zzzz",1623115145157102275,1623115177239551283,245093,343974,1031922
35,"cube-2952-geo","post",1623115177239564840,1623115177359043356
35,"cube-2963-bin","prep",1623115177359123809,1623115177394682375
35,"cube-2963-bin","zzzz",1623115177394686033,1623115177538753910,5180,8365,25095
35,"cube-2963-bin","post",1623115177538764564,1623115177539685945
35,"cube-1875-asc","prep",1623115177539708102,1623115177556504948
35,"cube-1875-asc","zzzz",1623115177556507226,1623115177645789237,3640,5984,17952
35,"cube-1875-asc","post",1623115177645799784,1623115177646698764
35,"cube-1382-asc","prep",1623115177646720165,1623115177654309333
35,"cube-1382-asc","zzzz",1623115177654311146,1623115186248142044,11504,141035,423105
35,"cube-1382-asc","post",1623115186248152408,1623115186268253617
35,"cube-1850-bin","prep",1623115186268291822,1623115186326358617
35,"cube-1850-bin","zzzz",1623115186326365724,1623115193277972092,85015,122073,366219
35,"cube-1850-bin","post",1623115193277982386,1623115193285774324
35,"cube-1805-asc","prep",1623115193285811507,1623115193326644036
35,"cube-1805-asc","zzzz",1623115193326648382,1623115197605403622,60295,87607,262821
35,"cube-1805-asc","post",1623115197605415023,1623115197611917541
35,"cube-3667-asc","prep",1623115197611948856,1623115197613981500
35,"cube-3667-asc","zzzz",1623115197613984351,1623115197615642806,112,306,918
35,"cube-3667-asc","post",1623115197615644664,1623115197615698434
35,"cube-2805-stl-bin","mesh",1623115197615713378,1623115198307928051
35,"cube-2805-stl-bin","prep",1623115198308947719,1623115198383049497
35,"cube-2805-stl-bin","zzzz",1623115198383056775,1623115202656188042,49425,87494,262482
35,"cube-2805-stl-bin","post",1623115202656198628,1623115202685063109
35,"cube-2789-geo","mesh",1623115202685100347,1623115209078042632
35,"cube-2789-geo","prep",1623115209079023462,1623115209498697900
35,"cube-2789-geo","zzzz",1623115209498703608,1623115268934755472,373870,519874,1559622
35,"cube-2789-geo","post",1623115268934769936,1623115269103871693
35,"cube-92-bin","prep",1623115269103922958,1623115269929699570
35,"cube-92-bin","zzzz",1623115269929706700,1623115509908766184,1014846,1387094,4161282
35,"cube-92-bin","post",1623115509908779939,1623115510072933822
35,"cube-1277-geo","mesh",1623115510073324296,1623115510143707395
35,"cube-1277-geo","prep",1623115510144676819,1623115510145008890
35,"cube-1277-geo","zzzz",1623115510145011459,1623115510150203149,349,726,2178
35,"cube-1277-geo","post",1623115510150213493,1623115510150498813
35,"cube-2901-stl-bin","mesh",1623115510150537585,1623115510176990270
35,"cube-2901-stl-bin","prep",1623115510177824800,1623115510179470746
35,"cube-2901-stl-bin","zzzz",1623115510179473370,1623115510268924137,2391,5992,17976
35,"cube-2901-stl-bin","post",1623115510268934763,1623115510269550286
35,"cube-1420-bin","prep",1623115510269698470,1623115510272649990
35,"cube-1420-bin","zzzz",1623115510272652295,1623115510419141925,5245,8463,25389
35,"cube-1420-bin","post",1623115510419152314,1623115510420320048
35,"cube-3156-bin.cgns","prep",1623115510420333640,1623115510423110472
35,"cube-3156-bin.cgns","zzzz",1623115510423113539,1623115511575941045,23889,35536,106608
35,"cube-3156-bin.cgns","post",1623115511575949449,1623115511575988893
35,"cube-32-geo","mesh",1623115511576028996,1623115511585694642
35,"cube-32-geo","prep",1623115511586697370,1623115511586916893
35,"cube-32-geo","zzzz",1623115511586919066,1623115511590832190,281,586,1758
35,"cube-32-geo","post",1623115511590854549,1623115511590980968
35,"cube-3644-bin","prep",1623115511590996733,1623115511592514259
35,"cube-3644-bin","zzzz",1623115511592516547,1623115511645058438,2378,4125,12375
35,"cube-3644-bin","post",1623115511645074061,1623115511645636693
35,"cube-96-asc","prep",1623115511645651695,1623115511663001964
35,"cube-96-asc","zzzz",1623115511663282995,1623116128681911543,92990,2816451,8449353
35,"cube-96-asc","post",1623116128681925630,1623116128976335175
35,"cube-3487-bin","prep",1623116128976375001,1623116128977397742
35,"cube-3487-bin","zzzz",1623116128977400686,1623116129006034730,1471,2650,7950
35,"cube-3487-bin","post",1623116129006045487,1623116129006794879
35,"cube-2575-bin","prep",1623116129006812915,1623116129089073164
35,"cube-2575-bin","zzzz",1623116129089080422,1623116142372576650,133734,189635,568905
35,"cube-2575-bin","post",1623116142372588388,1623116142384967322
35,"cube-2165-asc","prep",1623116142384998134,1623116142385811192
35,"cube-2165-asc","zzzz",1623116142385813936,1623116144332893902,5652,50976,152928
35,"cube-2165-asc","post",1623116144332904891,1623116144337798917
35,"cube-3635-bin","prep",1623116144337822716,1623116144497565260
35,"cube-3635-bin","zzzz",1623116144497572184,1623116175649315292,240505,337237,1011711
35,"cube-3635-bin","post",1623116175649329917,1623116175672231010
35,"cube-3254-asc","prep",1623116175672273672,1623116176131979838
35,"cube-3254-asc","zzzz",1623116176131984319,1623116310478494150,653327,897724,2693172
35,"cube-3254-asc","post",1623116310478508008,1623116310543499814
35,"cube-1238-bin","prep",1623116310543542933,1623116310548958608
35,"cube-1238-bin","zzzz",1623116310548961579,1623116310835177710,8535,13520,40560
35,"cube-1238-bin","post",1623116310835188349,1623116310836480398
35,"cube-3751-bin.cgns","prep",1623116310836501235,1623116310882199642
35,"cube-3751-bin.cgns","zzzz",1623116310882202747,1623116310996164205,4315,7106,21318
35,"cube-3751-bin.cgns","post",1623116310996174600,1623116310996227532
35,"cube-3915-bin","prep",1623116310996278347,1623116311381331643
35,"cube-3915-bin","zzzz",1623116311381339493,1623116414778545331,544816,751313,2253939
35,"cube-3915-bin","post",1623116414778556393,1623116414844026376
35,"cube-1808-asc","prep",1623116414844061410,1623116414844542083
35,"cube-1808-asc","zzzz",1623116414844543811,1623116414847433996,168,463,1389
35,"cube-1808-asc","post",1623116414847439776,1623116414847516818
35,"cube-3996-geo","mesh",1623116414847531292,1623116437139077486
35,"cube-3996-geo","prep",1623116437888257779,1623116439132824270
35,"cube-3996-geo","zzzz",1623116439132830950,1623116863852508075,1564217,2128401,6385203
35,"cube-3996-geo","post",1623116863852522127,1623116864314217049
35,"cube-1771-asc","prep",1623116864314279233,1623116864372590592
35,"cube-1771-asc","zzzz",1623116864372595504,1623116871542223892,86631,124670,374010
35,"cube-1771-asc","post",1623116871542238910,1623116871550691435
35,"cube-3192-bin","prep",1623116871550727818,1623116871559416169
35,"cube-3192-bin","zzzz",1623116871559419602,1623116871564621447,350,727,2181
35,"cube-3192-bin","post",1623116871564632098,1623116871564798111
35,"cube-2491-geo","mesh",1623116871564902947,1623116871607863895
35,"cube-2491-geo","prep",1623116871608856900,1623116871609319005
35,"cube-2491-geo","zzzz",1623116871609321004,1623116871616803422,475,960,2880
35,"cube-2491-geo","post",1623116871616813850,1623116871617182617
35,"cube-811-bin","prep",1623116871617199239,1623116873024107200
35,"cube-811-bin","zzzz",1623116873024115576,1623117418019110609,1890025,2566092,7698276
35,"cube-811-bin","post",1623117418019125330,1623117418180983268
35,"cube-3433-geo","mesh",1623117418181085141,1623117437791106084
35,"cube-3433-geo","prep",1623117438450428209,1623117439484064857
35,"cube-3433-geo","zzzz",1623117439484072210,1623117781299698174,1327184,1808509,5425527
35,"cube-3433-geo","post",1623117781299752287,1623117781730018206
35,"cube-2182-asc","prep",1623117781730098580,1623117781743688614
35,"cube-2182-asc","zzzz",1623117781743691796,1623117781745346478,112,303,909
35,"cube-2182-asc","post",1623117781745350328,1623117781745448477
35,"cube-3743-asc","prep",1623117781745471453,1623117781772324164
35,"cube-3743-asc","zzzz",1623117781772326995,1623117781776260339,192,586,1758
35,"cube-3743-asc","post",1623117781776270744,1623117781776437732
35,"cube-1602-asc","prep",1623117781776469523,1623117781780750374
35,"cube-1602-asc","zzzz",1623117781780754808,1623117781795988813,192,585,1755
35,"cube-1602-asc","post",1623117781795992967,1623117781796082941
35,"cube-3916-geo","mesh",1623117781796105049,1623117781856712797
35,"cube-3916-geo","prep",1623117781857691165,1623117781860586641
35,"cube-3916-geo","zzzz",1623117781860589418,1623117781946443708,3506,5822,17466
35,"cube-3916-geo","post",1623117781946454086,1623117781947893695
35,"cube-2701-bin","prep",1623117781947915672,1623117781949020493
35,"cube-2701-bin","zzzz",1623117781949022728,1623117781978694479,1489,2722,8166
35,"cube-2701-bin","post",1623117781978704688,1623117781979123372
35,"cube-89-stl-bin","mesh",1623117781979136917,1623117781995627508
35,"cube-89-stl-bin","prep",1623117781996564107,1623117781997462414
35,"cube-89-stl-bin","zzzz",1623117781997465098,1623117782039673753,1272,3535,10605
35,"cube-89-stl-bin","post",1623117782039684163,1623117782040285256
35,"cube-2621-geo","mesh",1623117782040304907,1623117782047338114
35,"cube-2621-geo","prep",1623117782048222100,1623117782048423616
35,"cube-2621-geo","zzzz",1623117782048425727,1623117782051663127,241,504,1512
35,"cube-2621-geo","post",1623117782051673380,1623117782052014921
35,"cube-2596-asc","prep",1623117782052046195,1623117782058814853
35,"cube-2596-asc","zzzz",1623117782058816588,1623117960848770972,47134,1112329,3336987
35,"cube-2596-asc","post",1623117960848785434,1623117961006247484
35,"cube-3633-bin","prep",1623117961006291849,1623117961355071306
35,"cube-3633-bin","zzzz",1623117961355078860,1623118047957274125,483627,667959,2003877
35,"cube-3633-bin","post",1623118047957288801,1623118048003466806
35,"Proc","exit_task",1623113578265254685,1623118048031790819,3616968
