17,"build/tests/sizes/cube-1840-stl-bin.geo","scan",1623113600471884592,1623113600519303627
17,"build/tests/sizes/cube-1840-stl-bin.geo","chck",1623113600456833240,1623113600519419506
17,"build/tests/sizes/cube-3113-geo.geo","scan",1623113600519984786,1623113600521357808
17,"build/tests/sizes/cube-3113-geo.geo","chck",1623113600519421047,1623113600521361922
17,"build/tests/sizes/cube-571-geo.geo","scan",1623113600524862255,1623113600525900836
17,"build/tests/sizes/cube-571-geo.geo","chck",1623113600521362925,1623113600525904775
17,"build/tests/sizes/cube-1582-bin.vtk","scan",1623113600534300135,1623113600575978576
17,"build/tests/sizes/cube-1582-bin.vtk","chck",1623113600525905722,1623113600575985251
17,"build/tests/sizes/cube-29-bin.msh2","scan",1623113600594133202,1623113600616662817
17,"build/tests/sizes/cube-29-bin.msh2","chck",1623113600575986616,1623113600616669502
17,"build/tests/sizes/cube-3981-bin.cgns","scan",1623113600621483009,1623113600639398549
17,"build/tests/sizes/cube-3981-bin.cgns","chck",1623113600616670964,1623113600639405009
17,"build/tests/sizes/cube-1587-geo.geo_unrolled","scan",1623113600656791988,1623113600657868293
17,"build/tests/sizes/cube-1587-geo.geo_unrolled","chck",1623113600639406222,1623113600657873689
17,"build/tests/sizes/cube-2351-asc.bdf","scan",1623113600674532795,1623113611628490649
17,"build/tests/sizes/cube-2351-asc.bdf","chck",1623113600657874669,1623113611628509014
17,"build/tests/sizes/cube-2741-bin.msh2","scan",1623113611678077298,1623113611678164028
17,"build/tests/sizes/cube-2741-bin.msh2","chck",1623113611628510261,1623113611678170437
17,"build/tests/sizes/cube-3339-asc.msh2","scan",1623113611691984669,1623113611692025435
17,"build/tests/sizes/cube-3339-asc.msh2","chck",1623113611678171326,1623113611692032519
17,"build/tests/sizes/cube-1192-bin.cgns","scan",1623113611786589801,1623113611870619712
17,"build/tests/sizes/cube-1192-bin.cgns","chck",1623113611692033510,1623113611870627987
17,"build/tests/sizes/cube-3431-bin.vtk","scan",1623113611879266167,1623113611879300197
17,"build/tests/sizes/cube-3431-bin.vtk","chck",1623113611870629060,1623113611879306007
17,"build/tests/sizes/cube-301-asc.msh2","scan",1623113611893479255,1623113611893514856
17,"build/tests/sizes/cube-301-asc.msh2","chck",1623113611879307047,1623113611893521495
17,"build/tests/sizes/cube-1778-asc.mesh","scan",1623113611894069783,1623113611894088635
17,"build/tests/sizes/cube-1778-asc.mesh","chck",1623113611893522543,1623113611894091256
17,"build/tests/sizes/cube-3201-asc.bdf","scan",1623113611916253812,1623113611916284894
17,"build/tests/sizes/cube-3201-asc.bdf","chck",1623113611894092035,1623113611916290365
17,"build/tests/sizes/cube-856-bin.vtk","scan",1623113611917223783,1623113611917241545
17,"build/tests/sizes/cube-856-bin.vtk","chck",1623113611916291413,1623113611917244145
17,"build/tests/sizes/cube-3359-bin.msh2","scan",1623113611917732618,1623113611917750755
17,"build/tests/sizes/cube-3359-bin.msh2","chck",1623113611917244928,1623113611917753395
17,"build/tests/sizes/cube-665-geo.geo_unrolled","scan",1623113611931960227,1623113611931983923
17,"build/tests/sizes/cube-665-geo.geo_unrolled","chck",1623113611917754612,1623113611931988417
17,"build/tests/sizes/cube-2333-asc.msh2","scan",1623113611932502934,1623113611932521187
17,"build/tests/sizes/cube-2333-asc.msh2","chck",1623113611931989362,1623113611932523352
17,"build/tests/sizes/cube-79-asc.msh2","scan",1623113611933577251,1623113611933594994
17,"build/tests/sizes/cube-79-asc.msh2","chck",1623113611932524157,1623113611933597171
17,"build/tests/sizes/cube-2700-asc.mesh","scan",1623113611934117722,1623113611934137794
17,"build/tests/sizes/cube-2700-asc.mesh","chck",1623113611933597899,1623113611934140761
17,"build/tests/sizes/cube-2937-bin.cgns","scan",1623113611937135214,1623113611955697655
17,"build/tests/sizes/cube-2937-bin.cgns","chck",1623113611934141710,1623113611955702637
17,"build/tests/sizes/cube-698-geo.geo","scan",1623113611976628985,1623113611976661799
17,"build/tests/sizes/cube-698-geo.geo","chck",1623113611955703677,1623113611976667348
17,"build/tests/sizes/cube-1389-bin.cgns","scan",1623113612000243992,1623113612200001733
17,"build/tests/sizes/cube-1389-bin.cgns","chck",1623113611976671102,1623113612200007143
17,"build/tests/sizes/cube-3241-asc.mesh","scan",1623113612216550835,1623113612216588330
17,"build/tests/sizes/cube-3241-asc.mesh","chck",1623113612200008082,1623113612216594847
17,"build/tests/sizes/cube-3298-bin.msh2","scan",1623113612217143667,1623113612217160825
17,"build/tests/sizes/cube-3298-bin.msh2","chck",1623113612216596071,1623113612217163113
17,"build/tests/sizes/cube-1614-stl-bin.geo","scan",1623113612233202151,1623113612233226218
17,"build/tests/sizes/cube-1614-stl-bin.geo","chck",1623113612217163923,1623113612233230329
17,"build/tests/sizes/cube-548-asc.msh2","scan",1623113612253300021,1623113612253333295
17,"build/tests/sizes/cube-548-asc.msh2","chck",1623113612233231225,1623113612253340072
17,"build/tests/sizes/cube-334-bin.msh2","scan",1623113612272869083,1623113612272902950
17,"build/tests/sizes/cube-334-bin.msh2","chck",1623113612253341239,1623113612272908286
17,"build/tests/sizes/cube-2823-geo.geo","scan",1623113612273985072,1623113612274000975
17,"build/tests/sizes/cube-2823-geo.geo","chck",1623113612272909336,1623113612274003682
17,"build/tests/sizes/cube-3535-bin.msh4","scan",1623113612274591233,1623113612274608197
17,"build/tests/sizes/cube-3535-bin.msh4","chck",1623113612274004573,1623113612274610558
17,"build/tests/sizes/cube-2275-stl-bin.geo","scan",1623113612275633918,1623113612275649586
17,"build/tests/sizes/cube-2275-stl-bin.geo","chck",1623113612274611400,1623113612275651642
17,"build/tests/sizes/cube-3986-geo.geo","scan",1623113612290357235,1623113612290385031
17,"build/tests/sizes/cube-3986-geo.geo","chck",1623113612275652390,1623113612290390322
17,"build/tests/sizes/cube-2984-bin.vtk","scan",1623113612290959685,1623113612290980797
17,"build/tests/sizes/cube-2984-bin.vtk","chck",1623113612290391194,1623113612290983684
17,"build/tests/sizes/cube-2622-asc.mesh","scan",1623113612291987713,1623113612292005895
17,"build/tests/sizes/cube-2622-asc.mesh","chck",1623113612290984605,1623113612292008495
17,"build/tests/sizes/cube-2257-stl-bin.geo","scan",1623113612292711844,1623113612292727065
17,"build/tests/sizes/cube-2257-stl-bin.geo","chck",1623113612292009319,1623113612292729022
17,"build/tests/sizes/cube-2518-geo.geo","scan",1623113612303886163,1623113612303906588
17,"build/tests/sizes/cube-2518-geo.geo","chck",1623113612292729808,1623113612303911520
17,"build/tests/sizes/cube-1657-asc.mesh","scan",1623113612305117635,1623113612305136919
17,"build/tests/sizes/cube-1657-asc.mesh","chck",1623113612303912339,1623113612305139462
17,"build/tests/sizes/cube-1538-asc.msh2","scan",1623113612305638404,1623113612305654286
17,"build/tests/sizes/cube-1538-asc.msh2","chck",1623113612305140193,1623113612305656116
17,"build/tests/sizes/cube-3990-stl-bin.geo","scan",1623113612322336987,1623113612322358692
17,"build/tests/sizes/cube-3990-stl-bin.geo","chck",1623113612305656892,1623113612322363251
17,"build/tests/sizes/cube-3379-bin.cgns","scan",1623113612326240923,1623113612346715420
17,"build/tests/sizes/cube-3379-bin.cgns","chck",1623113612322364304,1623113612346721218
17,"build/tests/sizes/cube-1419-geo.geo_unrolled","scan",1623113612348131551,1623113612348160104
17,"build/tests/sizes/cube-1419-geo.geo_unrolled","chck",1623113612346722328,1623113612348163875
17,"build/tests/sizes/cube-3786-bin.vtk","scan",1623113612348688549,1623113612348705645
17,"build/tests/sizes/cube-3786-bin.vtk","chck",1623113612348164712,1623113612348708083
17,"build/tests/sizes/cube-230-asc.bdf","scan",1623113612367400915,1623113612367430326
17,"build/tests/sizes/cube-230-asc.bdf","chck",1623113612348708880,1623113612367435207
17,"build/tests/sizes/cube-390-stl-bin.geo","scan",1623113612383619723,1623113612383645852
17,"build/tests/sizes/cube-390-stl-bin.geo","chck",1623113612367436037,1623113612383651029
17,"build/tests/sizes/cube-3056-bin.msh2","scan",1623113612384225846,1623113612384245969
17,"build/tests/sizes/cube-3056-bin.msh2","chck",1623113612383652179,1623113612384248495
17,"build/tests/sizes/cube-3728-bin.vtk","scan",1623113612385542704,1623113612385561112
17,"build/tests/sizes/cube-3728-bin.vtk","chck",1623113612384476911,1623113612385563567
17,"build/tests/sizes/cube-2728-asc.mesh","scan",1623113612386081395,1623113612386096643
17,"build/tests/sizes/cube-2728-asc.mesh","chck",1623113612385564311,1623113612386098664
17,"build/tests/sizes/cube-3913-geo.geo","scan",1623113612404467818,1623113612404491678
17,"build/tests/sizes/cube-3913-geo.geo","chck",1623113612386099396,1623113612404496363
17,"build/tests/sizes/cube-2554-asc.msh2","scan",1623113612405043337,1623113612405061078
17,"build/tests/sizes/cube-2554-asc.msh2","chck",1623113612404497464,1623113612405063723
17,"build/tests/sizes/cube-3604-bin.msh2","scan",1623113612405559863,1623113612405575180
17,"build/tests/sizes/cube-3604-bin.msh2","chck",1623113612405064520,1623113612405577006
17,"build/tests/sizes/cube-2150-asc.mesh","scan",1623113612406569923,1623113612406589390
17,"build/tests/sizes/cube-2150-asc.mesh","chck",1623113612405577753,1623113612406592112
17,"build/tests/sizes/cube-2288-asc.bdf","scan",1623113612407135077,1623113612407151019
17,"build/tests/sizes/cube-2288-asc.bdf","chck",1623113612406592895,1623113612407153147
17,"build/tests/sizes/cube-2248-geo.geo_unrolled","scan",1623113612408784739,1623113612408802974
17,"build/tests/sizes/cube-2248-geo.geo_unrolled","chck",1623113612407153849,1623113612408805575
17,"build/tests/sizes/cube-75-bin.msh4","scan",1623113612420407650,1623113612420435233
17,"build/tests/sizes/cube-75-bin.msh4","chck",1623113612408806321,1623113612420440168
17,"build/tests/sizes/cube-1240-asc.msh2","scan",1623113612438584812,1623113612438614784
17,"build/tests/sizes/cube-1240-asc.msh2","chck",1623113612420441297,1623113612438618819
17,"build/tests/sizes/cube-1893-stl-bin.geo","scan",1623113612439174903,1623113612439189793
17,"build/tests/sizes/cube-1893-stl-bin.geo","chck",1623113612438619746,1623113612439191790
17,"build/tests/sizes/cube-990-asc.msh2","scan",1623113612446515178,1623113612446538221
17,"build/tests/sizes/cube-990-asc.msh2","chck",1623113612439192596,1623113612446541814
17,"build/tests/sizes/cube-3695-bin.msh2","scan",1623113612447060385,1623113612447076457
17,"build/tests/sizes/cube-3695-bin.msh2","chck",1623113612446542598,1623113612447078520
17,"build/tests/sizes/cube-3161-asc.bdf","scan",1623113612464485225,1623113612464512128
17,"build/tests/sizes/cube-3161-asc.bdf","chck",1623113612447079242,1623113612464517292
17,"build/tests/sizes/cube-3920-bin.vtk","scan",1623113612480126578,1623113612480162834
17,"build/tests/sizes/cube-3920-bin.vtk","chck",1623113612464518347,1623113612480170137
17,"build/tests/sizes/cube-3072-geo.geo","scan",1623113612483705910,1623113612483732092
17,"build/tests/sizes/cube-3072-geo.geo","chck",1623113612480171343,1623113612483738114
17,"build/tests/sizes/cube-1326-asc.mesh","scan",1623113612504366220,1623113612504402119
17,"build/tests/sizes/cube-1326-asc.mesh","chck",1623113612483739281,1623113612504408550
17,"build/tests/sizes/cube-492-bin.msh4","scan",1623113612524822037,1623113612524857448
17,"build/tests/sizes/cube-492-bin.msh4","chck",1623113612504409790,1623113612524863960
17,"build/tests/sizes/cube-3652-stl-bin.geo","scan",1623113612525398637,1623113612525414867
17,"build/tests/sizes/cube-3652-stl-bin.geo","chck",1623113612524865138,1623113612525417513
17,"build/tests/sizes/cube-720-asc.mesh","scan",1623113612539519189,1623113612539552459
17,"build/tests/sizes/cube-720-asc.mesh","chck",1623113612525418450,1623113612539558144
17,"build/tests/sizes/cube-1513-bin.msh4","scan",1623113612543940561,1623113612543969580
17,"build/tests/sizes/cube-1513-bin.msh4","chck",1623113612539559206,1623113612543973990
17,"build/tests/sizes/cube-1412-bin.msh4","scan",1623113612566164201,1623113612566202573
17,"build/tests/sizes/cube-1412-bin.msh4","chck",1623113612543975062,1623113612566211118
17,"build/tests/sizes/cube-3022-stl-bin.geo","scan",1623113612567168230,1623113612567185729
17,"build/tests/sizes/cube-3022-stl-bin.geo","chck",1623113612566212289,1623113612567188225
17,"build/tests/sizes/cube-2362-asc.msh2","scan",1623113612579576121,1623113612579603492
17,"build/tests/sizes/cube-2362-asc.msh2","chck",1623113612567189119,1623113612579607377
17,"build/tests/sizes/cube-2287-asc.msh2","scan",1623113612580159676,1623113612580178328
17,"build/tests/sizes/cube-2287-asc.msh2","chck",1623113612579608331,1623113612580180618
17,"build/tests/sizes/cube-2440-geo.geo","scan",1623113612580711519,1623113612580726174
17,"build/tests/sizes/cube-2440-geo.geo","chck",1623113612580181357,1623113612580728032
17,"build/tests/sizes/cube-1857-bin.msh4","scan",1623113612594129039,1623113612594160115
17,"build/tests/sizes/cube-1857-bin.msh4","chck",1623113612580728710,1623113612594165228
17,"build/tests/sizes/cube-2988-bin.msh2","scan",1623113612594694825,1623113612594711089
17,"build/tests/sizes/cube-2988-bin.msh2","chck",1623113612594166195,1623113612594713191
17,"build/tests/sizes/cube-3866-bin.msh2","scan",1623113612608063396,1623113612608087644
17,"build/tests/sizes/cube-3866-bin.msh2","chck",1623113612594714038,1623113612608092418
17,"build/tests/sizes/cube-3901-asc.mesh","scan",1623113612635621003,1623113612635658516
17,"build/tests/sizes/cube-3901-asc.mesh","chck",1623113612608093279,1623113612635666089
17,"build/tests/sizes/cube-2279-geo.geo_unrolled","scan",1623113612636240875,1623113612636256938
17,"build/tests/sizes/cube-2279-geo.geo_unrolled","chck",1623113612635667629,1623113612636259314
17,"build/tests/sizes/cube-1178-bin.msh2","scan",1623113612650266483,1623113612650299580
17,"build/tests/sizes/cube-1178-bin.msh2","chck",1623113612636260215,1623113612650305691
17,"build/tests/sizes/cube-874-asc.bdf","scan",1623113612664906342,1623113612664938657
17,"build/tests/sizes/cube-874-asc.bdf","chck",1623113612650306861,1623113612664944788
17,"build/tests/sizes/cube-2925-bin.cgns","scan",1623113612668561527,1623113612688055950
17,"build/tests/sizes/cube-2925-bin.cgns","chck",1623113612664946305,1623113612688063923
17,"build/tests/sizes/cube-1542-bin.cgns","scan",1623113612708330131,1623113612765769841
17,"build/tests/sizes/cube-1542-bin.cgns","chck",1623113612688065169,1623113612765776251
17,"build/tests/sizes/cube-359-geo.geo_unrolled","scan",1623113612769621592,1623113612769646762
17,"build/tests/sizes/cube-359-geo.geo_unrolled","chck",1623113612765777370,1623113612769652354
17,"build/tests/sizes/cube-2803-asc.mesh","scan",1623113612770357645,1623113612770376180
17,"build/tests/sizes/cube-2803-asc.mesh","chck",1623113612769653434,1623113612770378836
17,"build/tests/sizes/cube-3648-bin.msh2","scan",1623113612770912911,1623113612770928692
17,"build/tests/sizes/cube-3648-bin.msh2","chck",1623113612770379650,1623113612770930768
17,"build/tests/sizes/cube-4000-asc.msh2","scan",1623113612771453529,1623113612771468001
17,"build/tests/sizes/cube-4000-asc.msh2","chck",1623113612770931631,1623113612771469863
17,"build/tests/sizes/cube-3504-bin.cgns","scan",1623113612788815828,1623113612826245219
17,"build/tests/sizes/cube-3504-bin.cgns","chck",1623113612771470610,1623113612826251861
17,"build/tests/sizes/cube-1876-stl-bin.geo","scan",1623113612858518673,1623113612858554335
17,"build/tests/sizes/cube-1876-stl-bin.geo","chck",1623113612826253248,1623113612858562280
17,"build/tests/sizes/cube-3976-stl-bin.geo","scan",1623113612859185535,1623113612859200573
17,"build/tests/sizes/cube-3976-stl-bin.geo","chck",1623113612858563700,1623113612859202751
17,"build/tests/sizes/cube-1122-stl-bin.geo","scan",1623113612862878984,1623113612862895099
17,"build/tests/sizes/cube-1122-stl-bin.geo","chck",1623113612859203801,1623113612862897566
17,"build/tests/sizes/cube-3117-bin.vtk","scan",1623113612863499889,1623113612863517586
17,"build/tests/sizes/cube-3117-bin.vtk","chck",1623113612862898367,1623113612863519668
17,"build/tests/sizes/cube-2446-stl-bin.geo","scan",1623113612864072065,1623113612864085780
17,"build/tests/sizes/cube-2446-stl-bin.geo","chck",1623113612863520428,1623113612864087527
17,"build/tests/sizes/cube-119-asc.msh2","scan",1623113612881605069,1623113612881638013
17,"build/tests/sizes/cube-119-asc.msh2","chck",1623113612864088286,1623113612881643201
17,"build/tests/sizes/cube-183-asc.bdf","scan",1623113612893796597,1623113612893826446
17,"build/tests/sizes/cube-183-asc.bdf","chck",1623113612881684470,1623113612893832286
17,"build/tests/sizes/cube-562-asc.bdf","scan",1623113612894776331,1623113612894797840
17,"build/tests/sizes/cube-562-asc.bdf","chck",1623113612893833084,1623113612894800858
17,"build/tests/sizes/cube-3680-bin.msh4","scan",1623113612895362377,1623113612895381741
17,"build/tests/sizes/cube-3680-bin.msh4","chck",1623113612894801622,1623113612895384001
17,"build/tests/sizes/cube-2703-bin.msh2","scan",1623113612912494959,1623113612912530562
17,"build/tests/sizes/cube-2703-bin.msh2","chck",1623113612895384788,1623113612912536026
17,"build/tests/sizes/cube-2427-stl-bin.geo","scan",1623113612926979726,1623113612927003362
17,"build/tests/sizes/cube-2427-stl-bin.geo","chck",1623113612912537007,1623113612927008245
17,"build/tests/sizes/cube-2514-bin.msh4","scan",1623113612928011792,1623113612928032342
17,"build/tests/sizes/cube-2514-bin.msh4","chck",1623113612927009020,1623113612928035131
17,"build/tests/sizes/cube-3872-bin.vtk","scan",1623113612948215613,1623113612948247627
17,"build/tests/sizes/cube-3872-bin.vtk","chck",1623113612928035924,1623113612948252352
17,"build/tests/sizes/cube-201-bin.cgns","scan",1623113612973480165,1623113613014279939
17,"build/tests/sizes/cube-201-bin.cgns","chck",1623113612948253236,1623113613014286346
17,"build/tests/sizes/cube-470-geo.geo_unrolled","scan",1623113613036750249,1623113613036785878
17,"build/tests/sizes/cube-470-geo.geo_unrolled","chck",1623113613014287384,1623113613036793502
17,"build/tests/sizes/cube-1697-asc.msh2","scan",1623113613053363108,1623113613053396711
17,"build/tests/sizes/cube-1697-asc.msh2","chck",1623113613036794976,1623113613053403133
17,"build/tests/sizes/cube-3003-asc.msh2","scan",1623113613067145122,1623113613067172301
17,"build/tests/sizes/cube-3003-asc.msh2","chck",1623113613053404187,1623113613067176966
17,"build/tests/sizes/cube-700-bin.vtk","scan",1623113613068304895,1623113613068323769
17,"build/tests/sizes/cube-700-bin.vtk","chck",1623113613067177892,1623113613068326205
17,"build/tests/sizes/cube-3382-asc.msh2","scan",1623113613079464477,1623113613079488893
17,"build/tests/sizes/cube-3382-asc.msh2","chck",1623113613068326961,1623113613079492487
17,"build/tests/sizes/cube-3848-geo.geo_unrolled","scan",1623113613097866230,1623113613097888170
17,"build/tests/sizes/cube-3848-geo.geo_unrolled","chck",1623113613079493382,1623113613097893836
17,"build/tests/sizes/cube-3884-geo.geo_unrolled","scan",1623113613098459053,1623113613098474479
17,"build/tests/sizes/cube-3884-geo.geo_unrolled","chck",1623113613097894683,1623113613098476753
17,"build/tests/sizes/cube-3405-asc.bdf","scan",1623113613100135879,1623113613100156627
17,"build/tests/sizes/cube-3405-asc.bdf","chck",1623113613098477536,1623113613100160434
17,"build/tests/sizes/cube-3719-stl-bin.geo","scan",1623113613119954176,1623113613119979204
17,"build/tests/sizes/cube-3719-stl-bin.geo","chck",1623113613100161255,1623113613119984134
17,"build/tests/sizes/cube-3385-stl-bin.geo","scan",1623113613123716212,1623113613123732788
17,"build/tests/sizes/cube-3385-stl-bin.geo","chck",1623113613119984963,1623113613123736040
17,"build/tests/sizes/cube-3230-geo.geo","scan",1623113613124332091,1623113613124346834
17,"build/tests/sizes/cube-3230-geo.geo","chck",1623113613123736791,1623113613124348755
17,"build/tests/sizes/cube-3514-bin.msh4","scan",1623113613124891486,1623113613124909760
17,"build/tests/sizes/cube-3514-bin.msh4","chck",1623113613124349500,1623113613124912326
17,"build/tests/sizes/cube-2252-stl-bin.geo","scan",1623113613125870166,1623113613125885493
17,"build/tests/sizes/cube-2252-stl-bin.geo","chck",1623113613124913127,1623113613125887796
17,"build/tests/sizes/cube-2707-asc.msh2","scan",1623113613145529107,1623113613145559686
17,"build/tests/sizes/cube-2707-asc.msh2","chck",1623113613125888576,1623113613145564962
17,"cube-2351-asc","prep",1623113613146061852,1623113613146065224
17,"cube-2351-asc","zzzz",1623113613146068717,1623113613146145345,0,0,0
17,"cube-2351-asc","post",1623113613146146881,1623113613146179151
17,"cube-3113-geo","mesh",1623113613146195126,1623113613146294501
17,"cube-3113-geo","prep",1623113613146495227,1623113613146495778
17,"cube-3113-geo","zzzz",1623113613146496856,1623113613146551200,0,0,0
17,"cube-3113-geo","post",1623113613146552228,1623113613146677588
17,"cube-1542-bin.cgns","prep",1623113613146687259,1623113613147089139
17,"cube-1542-bin.cgns","zzzz",1623113613147091915,1623113613150253083,240,503,1509
17,"cube-1542-bin.cgns","post",1623113613150256637,1623113613150300611
17,"cube-1389-bin.cgns","prep",1623113613150328069,1623113613601500061
17,"cube-1389-bin.cgns","zzzz",1623113613601508795,1623113805847445895,857838,1174539,3523617
17,"cube-1389-bin.cgns","post",1623113805847453174,1623113805847483211
17,"cube-1587-geo","mesh",1623113805848259701,1623113805848322898
17,"cube-1587-geo","prep",1623113805848517798,1623113805848518521
17,"cube-1587-geo","zzzz",1623113805848519652,1623113805848575397,0,0,0
17,"cube-1587-geo","post",1623113805848576487,1623113805848640842
17,"cube-1582-bin","prep",1623113805848646895,1623113805856325099
17,"cube-1582-bin","zzzz",1623113805856328650,1623113806317135500,12087,18826,56478
17,"cube-1582-bin","post",1623113806317148893,1623113806319043490
17,"cube-2937-bin.cgns","prep",1623113806319073396,1623113806319812637
17,"cube-2937-bin.cgns","zzzz",1623113806319816134,1623113806467788075,5303,8523,25569
17,"cube-2937-bin.cgns","post",1623113806467798223,1623113806467865048
17,"cube-571-geo","mesh",1623113806467916280,1623113806468037523
17,"cube-571-geo","prep",1623113806468632807,1623113806468635080
17,"cube-571-geo","zzzz",1623113806468638104,1623113806468695423,0,0,0
17,"cube-571-geo","post",1623113806468696483,1623113806468762347
17,"cube-3504-bin.cgns","prep",1623113806468768348,1623113806488687015
17,"cube-3504-bin.cgns","zzzz",1623113806488689470,1623113806493869985,348,725,2175
17,"cube-3504-bin.cgns","post",1623113806493880045,1623113806493922607
17,"cube-3379-bin.cgns","prep",1623113806493939717,1623113806495164176
17,"cube-3379-bin.cgns","zzzz",1623113806495166683,1623113806520226716,1324,2397,7191
17,"cube-3379-bin.cgns","post",1623113806520236868,1623113806520273672
17,"cube-29-bin","prep",1623113806520315340,1623113806521155863
17,"cube-29-bin","zzzz",1623113806521157449,1623113806537420209,975,1730,5190
17,"cube-29-bin","post",1623113806537430194,1623113806537767294
17,"cube-2925-bin.cgns","prep",1623113806537779450,1623113806539923107
17,"cube-2925-bin.cgns","zzzz",1623113806539925775,1623113807689189296,23781,35426,106278
17,"cube-2925-bin.cgns","post",1623113807689202813,1623113807689252545
17,"cube-3981-bin.cgns","prep",1623113807689310244,1623113807690334068
17,"cube-3981-bin.cgns","zzzz",1623113807690337624,1623113807848823970,5552,8942,26826
17,"cube-3981-bin.cgns","post",1623113807848834074,1623113807848893872
17,"cube-1192-bin.cgns","prep",1623113807848944086,1623113807872346434
17,"cube-1192-bin.cgns","zzzz",1623113807872349163,1623113807952765337,3368,5561,16683
17,"cube-1192-bin.cgns","post",1623113807952775382,1623113807952811552
17,"cube-1840-stl-bin","mesh",1623113807952874001,1623113807953173781
17,"cube-1840-stl-bin","prep",1623113807953381721,1623113807953387544
17,"cube-1840-stl-bin","zzzz",1623113807953388562,1623113808043438177,0,6020,18060
17,"cube-1840-stl-bin","post",1623113808043448442,1623113808043802529
17,"cube-201-bin.cgns","prep",1623113808043832685,1623113808044448296
17,"cube-201-bin.cgns","zzzz",1623113808044450322,1623113808048353281,280,583,1749
17,"cube-201-bin.cgns","post",1623113808048363255,1623113808048439366
17,"Proc","exit_task",1623113578265287576,1623113808059394639,694528
