5,"build/tests/sizes/cube-3921-bin.msh4","scan",1623113599795512395,1623113599804035548
5,"build/tests/sizes/cube-3921-bin.msh4","chck",1623113599792533342,1623113599804154876
5,"build/tests/sizes/cube-261-bin.vtk","scan",1623113599826060908,1623113599954660889
5,"build/tests/sizes/cube-261-bin.vtk","chck",1623113599804156340,1623113599954667117
5,"build/tests/sizes/cube-3606-geo.geo_unrolled","scan",1623113599956745585,1623113599959807458
5,"build/tests/sizes/cube-3606-geo.geo_unrolled","chck",1623113599954668396,1623113599959810447
5,"build/tests/sizes/cube-192-geo.geo_unrolled","scan",1623113599962133996,1623113599964729005
5,"build/tests/sizes/cube-192-geo.geo_unrolled","chck",1623113599959811609,1623113599964732303
5,"build/tests/sizes/cube-812-geo.geo_unrolled","scan",1623113599979315127,1623113599981620735
5,"build/tests/sizes/cube-812-geo.geo_unrolled","chck",1623113599964733251,1623113599981623751
5,"build/tests/sizes/cube-781-asc.bdf","scan",1623113599994819655,1623113600025128956
5,"build/tests/sizes/cube-781-asc.bdf","chck",1623113599981624753,1623113600025132469
5,"build/tests/sizes/cube-2923-geo.geo","scan",1623113600027049114,1623113600029639952
5,"build/tests/sizes/cube-2923-geo.geo","chck",1623113600025133451,1623113600029643159
5,"build/tests/sizes/cube-1931-geo.geo_unrolled","scan",1623113600031556094,1623113600033854943
5,"build/tests/sizes/cube-1931-geo.geo_unrolled","chck",1623113600029644124,1623113600033857752
5,"build/tests/sizes/cube-3595-asc.mesh","scan",1623113600035692298,1623113600428112625
5,"build/tests/sizes/cube-3595-asc.mesh","chck",1623113600033858673,1623113600428118284
5,"build/tests/sizes/cube-1415-bin.vtk","scan",1623113600429195607,1623113603802338612
5,"build/tests/sizes/cube-1415-bin.vtk","chck",1623113600428119323,1623113603802363362
5,"build/tests/sizes/cube-3689-geo.geo_unrolled","scan",1623113603803177470,1623113603804248511
5,"build/tests/sizes/cube-3689-geo.geo_unrolled","chck",1623113603802365009,1623113603804253128
5,"build/tests/sizes/cube-3417-bin.cgns","scan",1623113603829716022,1623113603904882276
5,"build/tests/sizes/cube-3417-bin.cgns","chck",1623113603804254158,1623113603904888682
5,"build/tests/sizes/cube-911-geo.geo_unrolled","scan",1623113603928592637,1623113603929708358
5,"build/tests/sizes/cube-911-geo.geo_unrolled","chck",1623113603904889912,1623113603929715117
5,"build/tests/sizes/cube-3549-asc.bdf","scan",1623113603930275766,1623113603933155288
5,"build/tests/sizes/cube-3549-asc.bdf","chck",1623113603929716119,1623113603933159843
5,"build/tests/sizes/cube-3631-asc.bdf","scan",1623113603933673582,1623113604591755593
5,"build/tests/sizes/cube-3631-asc.bdf","chck",1623113603933160855,1623113604591762635
5,"build/tests/sizes/cube-2640-stl-bin.geo","scan",1623113604610495918,1623113604626745779
5,"build/tests/sizes/cube-2640-stl-bin.geo","chck",1623113604591763915,1623113604626753136
5,"build/tests/sizes/cube-1990-geo.geo_unrolled","scan",1623113604640475052,1623113604641577686
5,"build/tests/sizes/cube-1990-geo.geo_unrolled","chck",1623113604626754526,1623113604641584687
5,"build/tests/sizes/cube-1316-asc.bdf","scan",1623113604660902309,1623113604719058200
5,"build/tests/sizes/cube-1316-asc.bdf","chck",1623113604641585866,1623113604719064763
5,"build/tests/sizes/cube-3311-bin.vtk","scan",1623113604745012067,1623113604752744305
5,"build/tests/sizes/cube-3311-bin.vtk","chck",1623113604719065953,1623113604752751334
5,"build/tests/sizes/cube-2121-bin.cgns","scan",1623113604775364247,1623113604852790790
5,"build/tests/sizes/cube-2121-bin.cgns","chck",1623113604752752650,1623113604852797125
5,"build/tests/sizes/cube-2841-bin.msh2","scan",1623113604865117352,1623113604873701286
5,"build/tests/sizes/cube-2841-bin.msh2","chck",1623113604852798360,1623113604873707754
5,"build/tests/sizes/cube-2908-asc.bdf","scan",1623113604874271595,1623113607141970445
5,"build/tests/sizes/cube-2908-asc.bdf","chck",1623113604873709074,1623113607141986211
5,"build/tests/sizes/cube-3965-bin.msh2","scan",1623113607161332131,1623113607882995351
5,"build/tests/sizes/cube-3965-bin.msh2","chck",1623113607141987561,1623113607883000812
5,"build/tests/sizes/cube-3386-geo.geo_unrolled","scan",1623113607883700982,1623113607884751685
5,"build/tests/sizes/cube-3386-geo.geo_unrolled","chck",1623113607883007286,1623113607884755987
5,"build/tests/sizes/cube-861-geo.geo_unrolled","scan",1623113607896394578,1623113607897466642
5,"build/tests/sizes/cube-861-geo.geo_unrolled","chck",1623113607884756938,1623113607897471713
5,"build/tests/sizes/cube-2191-geo.geo_unrolled","scan",1623113607910089239,1623113607911730740
5,"build/tests/sizes/cube-2191-geo.geo_unrolled","chck",1623113607897472823,1623113607911736664
5,"build/tests/sizes/cube-2656-asc.mesh","scan",1623113607912293553,1623113608012230408
5,"build/tests/sizes/cube-2656-asc.mesh","chck",1623113607911737688,1623113608012236268
5,"build/tests/sizes/cube-3479-geo.geo_unrolled","scan",1623113608012866029,1623113608013871003
5,"build/tests/sizes/cube-3479-geo.geo_unrolled","chck",1623113608012237528,1623113608013875419
5,"build/tests/sizes/cube-1532-asc.mesh","scan",1623113608014926969,1623113610253152643
5,"build/tests/sizes/cube-1532-asc.mesh","chck",1623113608013876396,1623113610253169072
5,"build/tests/sizes/cube-896-stl-bin.geo","scan",1623113610268905639,1623113610661760553
5,"build/tests/sizes/cube-896-stl-bin.geo","chck",1623113610253170550,1623113610661776222
5,"build/tests/sizes/cube-1652-geo.geo_unrolled","scan",1623113610677736902,1623113610679751654
5,"build/tests/sizes/cube-1652-geo.geo_unrolled","chck",1623113610661777689,1623113610679758647
5,"build/tests/sizes/cube-2178-asc.msh2","scan",1623113610680347928,1623113611941383253
5,"build/tests/sizes/cube-2178-asc.msh2","chck",1623113610679759821,1623113611941394795
5,"build/tests/sizes/cube-3860-bin.msh4","scan",1623113611942098319,1623113611949135525
5,"build/tests/sizes/cube-3860-bin.msh4","chck",1623113611941395775,1623113611949141759
5,"build/tests/sizes/cube-727-bin.msh4","scan",1623113611978714424,1623113612036657960
5,"build/tests/sizes/cube-727-bin.msh4","chck",1623113611949142749,1623113612036665621
5,"build/tests/sizes/cube-3596-bin.cgns","scan",1623113612053660791,1623113612122059897
5,"build/tests/sizes/cube-3596-bin.cgns","chck",1623113612036667121,1623113612122067417
5,"build/tests/sizes/cube-995-asc.bdf","scan",1623113612123739695,1623113612162265246
5,"build/tests/sizes/cube-995-asc.bdf","chck",1623113612122068579,1623113612162272059
5,"build/tests/sizes/cube-3177-bin.cgns","scan",1623113612165661236,1623113612184692753
5,"build/tests/sizes/cube-3177-bin.cgns","chck",1623113612162273324,1623113612184700248
5,"build/tests/sizes/cube-3537-geo.geo_unrolled","scan",1623113612201349419,1623113612202410803
5,"build/tests/sizes/cube-3537-geo.geo_unrolled","chck",1623113612184701545,1623113612202415800
5,"build/tests/sizes/cube-3312-asc.bdf","scan",1623113612220789331,1623113621823522526
5,"build/tests/sizes/cube-3312-asc.bdf","chck",1623113612202416735,1623113621823528992
5,"build/tests/sizes/cube-1477-bin.cgns","scan",1623113621941616067,1623113621996586720
5,"build/tests/sizes/cube-1477-bin.cgns","chck",1623113621823530207,1623113621996593497
5,"build/tests/sizes/cube-702-bin.msh2","scan",1623113622007026211,1623113622007070928
5,"build/tests/sizes/cube-702-bin.msh2","chck",1623113621996594755,1623113622007076053
5,"build/tests/sizes/cube-3100-asc.bdf","scan",1623113622007611636,1623113622007629025
5,"build/tests/sizes/cube-3100-asc.bdf","chck",1623113622007077066,1623113622007631642
5,"build/tests/sizes/cube-3499-geo.geo_unrolled","scan",1623113622014420011,1623113622014445577
5,"build/tests/sizes/cube-3499-geo.geo_unrolled","chck",1623113622007632442,1623113622014450474
5,"build/tests/sizes/cube-612-bin.vtk","scan",1623113622026452116,1623113622026478342
5,"build/tests/sizes/cube-612-bin.vtk","chck",1623113622014451431,1623113622026482149
5,"build/tests/sizes/cube-53-bin.cgns","scan",1623113622056363673,1623113622123097530
5,"build/tests/sizes/cube-53-bin.cgns","chck",1623113622026482987,1623113622123103136
5,"build/tests/sizes/cube-646-bin.msh4","scan",1623113622135955289,1623113622135986308
5,"build/tests/sizes/cube-646-bin.msh4","chck",1623113622123104141,1623113622135991441
5,"build/tests/sizes/cube-3640-bin.msh2","scan",1623113622136754060,1623113622136774626
5,"build/tests/sizes/cube-3640-bin.msh2","chck",1623113622136233092,1623113622136777350
5,"build/tests/sizes/cube-3210-asc.msh2","scan",1623113622154556728,1623113622154587454
5,"build/tests/sizes/cube-3210-asc.msh2","chck",1623113622136778113,1623113622154593328
5,"build/tests/sizes/cube-2979-bin.vtk","scan",1623113622181206782,1623113622181248232
5,"build/tests/sizes/cube-2979-bin.vtk","chck",1623113622154594373,1623113622181257166
5,"build/tests/sizes/cube-3008-asc.mesh","scan",1623113622181786423,1623113622181803260
5,"build/tests/sizes/cube-3008-asc.mesh","chck",1623113622181258545,1623113622181805588
5,"build/tests/sizes/cube-3504-asc.bdf","scan",1623113622182327071,1623113622182342777
5,"build/tests/sizes/cube-3504-asc.bdf","chck",1623113622181806517,1623113622182344931
5,"build/tests/sizes/cube-3219-bin.msh2","scan",1623113622201576867,1623113622201611105
5,"build/tests/sizes/cube-3219-bin.msh2","chck",1623113622182345679,1623113622201616881
5,"build/tests/sizes/cube-217-geo.geo","scan",1623113622202990214,1623113622203007465
5,"build/tests/sizes/cube-217-geo.geo","chck",1623113622201618207,1623113622203010026
5,"build/tests/sizes/cube-3315-bin.vtk","scan",1623113622203539552,1623113622203557404
5,"build/tests/sizes/cube-3315-bin.vtk","chck",1623113622203010776,1623113622203560331
5,"build/tests/sizes/cube-3-bin.cgns","scan",1623113622207358359,1623113622230036067
5,"build/tests/sizes/cube-3-bin.cgns","chck",1623113622203561114,1623113622230041480
5,"build/tests/sizes/cube-983-asc.mesh","scan",1623113622240257347,1623113622240290102
5,"build/tests/sizes/cube-983-asc.mesh","chck",1623113622230042542,1623113622240295309
5,"build/tests/sizes/cube-140-asc.bdf","scan",1623113622254687812,1623113622254720882
5,"build/tests/sizes/cube-140-asc.bdf","chck",1623113622240296505,1623113622254726321
5,"build/tests/sizes/cube-1154-asc.msh2","scan",1623113622272534683,1623113622272561847
5,"build/tests/sizes/cube-1154-asc.msh2","chck",1623113622254727323,1623113622272565672
5,"build/tests/sizes/cube-880-geo.geo_unrolled","scan",1623113622290022739,1623113622290050381
5,"build/tests/sizes/cube-880-geo.geo_unrolled","chck",1623113622272566720,1623113622290056170
5,"build/tests/sizes/cube-3529-asc.mesh","scan",1623113622290594199,1623113622290612636
5,"build/tests/sizes/cube-3529-asc.mesh","chck",1623113622290057186,1623113622290615194
5,"build/tests/sizes/cube-704-bin.msh4","scan",1623113622300319560,1623113622300356029
5,"build/tests/sizes/cube-704-bin.msh4","chck",1623113622290616038,1623113622300361792
5,"build/tests/sizes/cube-871-bin.cgns","scan",1623113622315092003,1623113622393098724
5,"build/tests/sizes/cube-871-bin.cgns","chck",1623113622300362682,1623113622393105152
5,"build/tests/sizes/cube-273-asc.msh2","scan",1623113622404077604,1623113622404115418
5,"build/tests/sizes/cube-273-asc.msh2","chck",1623113622393106234,1623113622404121776
5,"build/tests/sizes/cube-1085-asc.bdf","scan",1623113622404668375,1623113622404686284
5,"build/tests/sizes/cube-1085-asc.bdf","chck",1623113622404122784,1623113622404688702
5,"build/tests/sizes/cube-2161-bin.msh2","scan",1623113622406024572,1623113622406043462
5,"build/tests/sizes/cube-2161-bin.msh2","chck",1623113622404689463,1623113622406046170
5,"build/tests/sizes/cube-3345-bin.cgns","scan",1623113622409476109,1623113622428697657
5,"build/tests/sizes/cube-3345-bin.cgns","chck",1623113622406047025,1623113622428703853
5,"build/tests/sizes/cube-3002-asc.mesh","scan",1623113622429422143,1623113622429448642
5,"build/tests/sizes/cube-3002-asc.mesh","chck",1623113622428705192,1623113622429452108
5,"build/tests/sizes/cube-1902-asc.mesh","scan",1623113622441831843,1623113622441861248
5,"build/tests/sizes/cube-1902-asc.mesh","chck",1623113622429452874,1623113622441865408
5,"build/tests/sizes/cube-2869-bin.msh2","scan",1623113622459296979,1623113622459323992
5,"build/tests/sizes/cube-2869-bin.msh2","chck",1623113622441866225,1623113622459328078
5,"build/tests/sizes/cube-3627-asc.mesh","scan",1623113622474765541,1623113622474793594
5,"build/tests/sizes/cube-3627-asc.mesh","chck",1623113622459329274,1623113622474798628
5,"build/tests/sizes/cube-2942-bin.msh4","scan",1623113622497143541,1623113622497181808
5,"build/tests/sizes/cube-2942-bin.msh4","chck",1623113622474799585,1623113622497187264
5,"build/tests/sizes/cube-923-bin.vtk","scan",1623113622505172070,1623113622505196702
5,"build/tests/sizes/cube-923-bin.vtk","chck",1623113622497188198,1623113622505200231
5,"build/tests/sizes/cube-1746-asc.bdf","scan",1623113622506089132,1623113622506107292
5,"build/tests/sizes/cube-1746-asc.bdf","chck",1623113622505201088,1623113622506110148
5,"build/tests/sizes/cube-3564-bin.msh4","scan",1623113622506642795,1623113622506658760
5,"build/tests/sizes/cube-3564-bin.msh4","chck",1623113622506110931,1623113622506661343
5,"build/tests/sizes/cube-1076-bin.cgns","scan",1623113622528012042,1623113622617411131
5,"build/tests/sizes/cube-1076-bin.cgns","chck",1623113622506662114,1623113622617418651
5,"build/tests/sizes/cube-2739-bin.vtk","scan",1623113622618467850,1623113622618497102
5,"build/tests/sizes/cube-2739-bin.vtk","chck",1623113622617419812,1623113622618500605
5,"build/tests/sizes/cube-3539-stl-bin.geo","scan",1623113622628080441,1623113622628101816
5,"build/tests/sizes/cube-3539-stl-bin.geo","chck",1623113622618501500,1623113622628105491
5,"build/tests/sizes/cube-891-bin.msh4","scan",1623113622629078729,1623113622629097997
5,"build/tests/sizes/cube-891-bin.msh4","chck",1623113622628106459,1623113622629100903
5,"build/tests/sizes/cube-2697-bin.cgns","scan",1623113622632863526,1623113622652496275
5,"build/tests/sizes/cube-2697-bin.cgns","chck",1623113622629101682,1623113622652501668
5,"build/tests/sizes/cube-3231-geo.geo_unrolled","scan",1623113622653240599,1623113622653265922
5,"build/tests/sizes/cube-3231-geo.geo_unrolled","chck",1623113622652502870,1623113622653269350
5,"build/tests/sizes/cube-2382-asc.msh2","scan",1623113622664584768,1623113622664613409
5,"build/tests/sizes/cube-2382-asc.msh2","chck",1623113622653270253,1623113622664618090
5,"build/tests/sizes/cube-2360-asc.mesh","scan",1623113622665167638,1623113622665184514
5,"build/tests/sizes/cube-2360-asc.mesh","chck",1623113622664619070,1623113622665186861
5,"build/tests/sizes/cube-3513-asc.msh2","scan",1623113622665743354,1623113622665759331
5,"build/tests/sizes/cube-3513-asc.msh2","chck",1623113622665187619,1623113622665761280
5,"build/tests/sizes/cube-380-asc.mesh","scan",1623113622671827453,1623113622671853414
5,"build/tests/sizes/cube-380-asc.mesh","chck",1623113622665762047,1623113622671856346
5,"build/tests/sizes/cube-3095-geo.geo","scan",1623113622687074999,1623113622687097064
5,"build/tests/sizes/cube-3095-geo.geo","chck",1623113622671857097,1623113622687100679
5,"build/tests/sizes/cube-3115-bin.cgns","scan",1623113622690933197,1623113622711018016
5,"build/tests/sizes/cube-3115-bin.cgns","chck",1623113622687101586,1623113622711023183
5,"build/tests/sizes/cube-3835-geo.geo_unrolled","scan",1623113622711703803,1623113622711729294
5,"build/tests/sizes/cube-3835-geo.geo_unrolled","chck",1623113622711024269,1623113622711732950
5,"build/tests/sizes/cube-10-bin.msh2","scan",1623113622712714685,1623113622712739313
5,"build/tests/sizes/cube-10-bin.msh2","chck",1623113622711733838,1623113622712742193
5,"build/tests/sizes/cube-3756-bin.vtk","scan",1623113622713288156,1623113622713305252
5,"build/tests/sizes/cube-3756-bin.vtk","chck",1623113622712743015,1623113622713307781
5,"build/tests/sizes/cube-795-geo.geo","scan",1623113622727196234,1623113622727217852
5,"build/tests/sizes/cube-795-geo.geo","chck",1623113622713308588,1623113622727222972
5,"build/tests/sizes/cube-762-geo.geo","scan",1623113622743179915,1623113622743198940
5,"build/tests/sizes/cube-762-geo.geo","chck",1623113622727223954,1623113622743202313
5,"build/tests/sizes/cube-1551-bin.cgns","scan",1623113622760515100,1623113622939088397
5,"build/tests/sizes/cube-1551-bin.cgns","chck",1623113622743203178,1623113622939094264
5,"build/tests/sizes/cube-1123-bin.msh4","scan",1623113622956189867,1623113622956226925
5,"build/tests/sizes/cube-1123-bin.msh4","chck",1623113622939095353,1623113622956268902
5,"build/tests/sizes/cube-757-geo.geo","scan",1623113622968939268,1623113622968959029
5,"build/tests/sizes/cube-757-geo.geo","chck",1623113622956270171,1623113622968961859
5,"build/tests/sizes/cube-56-asc.mesh","scan",1623113622978793617,1623113622978815499
5,"build/tests/sizes/cube-56-asc.mesh","chck",1623113622968962655,1623113622978818731
5,"build/tests/sizes/cube-3120-bin.vtk","scan",1623113622979375629,1623113622979391330
5,"build/tests/sizes/cube-3120-bin.vtk","chck",1623113622978819372,1623113622979393535
5,"build/tests/sizes/cube-3164-bin.cgns","scan",1623113622996930167,1623113623093298923
5,"build/tests/sizes/cube-3164-bin.cgns","chck",1623113622979394294,1623113623093304949
5,"build/tests/sizes/cube-772-bin.msh2","scan",1623113623112136010,1623113623112169377
5,"build/tests/sizes/cube-772-bin.msh2","chck",1623113623093305998,1623113623112174150
5,"build/tests/sizes/cube-3385-geo.geo_unrolled","scan",1623113623112746078,1623113623112761801
5,"build/tests/sizes/cube-3385-geo.geo_unrolled","chck",1623113623112175123,1623113623112764553
5,"build/tests/sizes/cube-1715-bin.msh4","scan",1623113623113667753,1623113623113687269
5,"build/tests/sizes/cube-1715-bin.msh4","chck",1623113623112765402,1623113623113690496
5,"build/tests/sizes/cube-3321-stl-bin.geo","scan",1623113623114719866,1623113623114735464
5,"build/tests/sizes/cube-3321-stl-bin.geo","chck",1623113623113691334,1623113623114737540
5,"build/tests/sizes/cube-1537-bin.msh2","scan",1623113623124626594,1623113623124648780
5,"build/tests/sizes/cube-1537-bin.msh2","chck",1623113623114738403,1623113623124652089
5,"build/tests/sizes/cube-425-asc.bdf","scan",1623113623142513516,1623113623142544333
5,"build/tests/sizes/cube-425-asc.bdf","chck",1623113623124653228,1623113623142549031
5,"build/tests/sizes/cube-3246-bin.msh4","scan",1623113623158701094,1623113623158727707
5,"build/tests/sizes/cube-3246-bin.msh4","chck",1623113623142550398,1623113623158731940
5,"build/tests/sizes/cube-3373-geo.geo_unrolled","scan",1623113623162800452,1623113623162816584
5,"build/tests/sizes/cube-3373-geo.geo_unrolled","chck",1623113623158732903,1623113623162819068
5,"build/tests/sizes/cube-2311-asc.bdf","scan",1623113623174079773,1623113623174102660
5,"build/tests/sizes/cube-2311-asc.bdf","chck",1623113623162819862,1623113623174105981
5,"build/tests/sizes/cube-1926-bin.vtk","scan",1623113623174646010,1623113623174663202
5,"build/tests/sizes/cube-1926-bin.vtk","chck",1623113623174106822,1623113623174665416
5,"build/tests/sizes/cube-1408-geo.geo_unrolled","scan",1623113623182571887,1623113623182590457
5,"build/tests/sizes/cube-1408-geo.geo_unrolled","chck",1623113623174666353,1623113623182593371
5,"build/tests/sizes/cube-2363-geo.geo","scan",1623113623183183749,1623113623183198055
5,"build/tests/sizes/cube-2363-geo.geo","chck",1623113623182594168,1623113623183200076
5,"build/tests/sizes/cube-1330-stl-bin.geo","scan",1623113623199242472,1623113623199259280
5,"build/tests/sizes/cube-1330-stl-bin.geo","chck",1623113623183200765,1623113623199262572
5,"build/tests/sizes/cube-375-stl-bin.geo","scan",1623113623211225406,1623113623211243134
5,"build/tests/sizes/cube-375-stl-bin.geo","chck",1623113623199263253,1623113623211245806
5,"build/tests/sizes/cube-2253-bin.vtk","scan",1623113623211811576,1623113623211829720
5,"build/tests/sizes/cube-2253-bin.vtk","chck",1623113623211246541,1623113623211832541
5,"build/tests/sizes/cube-1288-asc.bdf","scan",1623113623223893553,1623113623223917318
5,"build/tests/sizes/cube-1288-asc.bdf","chck",1623113623211833305,1623113623223920594
5,"build/tests/sizes/cube-2875-asc.bdf","scan",1623113623224474036,1623113623224488762
5,"build/tests/sizes/cube-2875-asc.bdf","chck",1623113623223921327,1623113623224490698
5,"build/tests/sizes/cube-3562-geo.geo_unrolled","scan",1623113623225026076,1623113623225040281
5,"build/tests/sizes/cube-3562-geo.geo_unrolled","chck",1623113623224491332,1623113623225042500
5,"cube-3312-asc","prep",1623113623225877111,1623113623225880486
5,"cube-3312-asc","zzzz",1623113623225884154,1623113623225961020,0,0,0
5,"cube-3312-asc","post",1623113623225962433,1623113623225993998
5,"cube-3537-geo","mesh",1623113623226010585,1623113623226089448
5,"cube-3537-geo","prep",1623113623226510487,1623113623226511052
5,"cube-3537-geo","zzzz",1623113623226512133,1623113623226566471,0,0,0
5,"cube-3537-geo","post",1623113623226567623,1623113623226688689
5,"cube-1316-asc","prep",1623113623226695101,1623113623229547732
5,"cube-1316-asc","zzzz",1623113623229551002,1623113623343762477,4337,7122,21366
5,"cube-1316-asc","post",1623113623343772860,1623113623344351113
5,"cube-1532-asc","prep",1623113623344435772,1623113623357695270
5,"cube-1532-asc","zzzz",1623113623357698259,1623113753239628652,39980,875259,2625777
5,"cube-1532-asc","post",1623113753239636446,1623113753332706378
5,"cube-3606-geo","mesh",1623113753332746066,1623113753335992585
5,"cube-3606-geo","prep",1623113753336457633,1623113753336459554
5,"cube-3606-geo","zzzz",1623113753336460869,1623113753336517747,0,0,0
5,"cube-3606-geo","post",1623113753336519255,1623113753336604163
5,"cube-3164-bin.cgns","prep",1623113753336610406,1623113753366809245
5,"cube-3164-bin.cgns","zzzz",1623113753366814482,1623113760457613585,86288,123742,371226
5,"cube-3164-bin.cgns","post",1623113760457627790,1623113760457726190
5,"cube-3115-bin.cgns","prep",1623113760457790683,1623113760458471950
5,"cube-3115-bin.cgns","zzzz",1623113760458474369,1623113760460289396,140,319,957
5,"cube-3115-bin.cgns","post",1623113760460299835,1623113760460347334
5,"cube-2121-bin.cgns","prep",1623113760460392387,1623113760481899955
5,"cube-2121-bin.cgns","zzzz",1623113760481902891,1623113760501766764,1108,2014,6042
5,"cube-2121-bin.cgns","post",1623113760501777031,1623113760501819265
5,"cube-1477-bin.cgns","prep",1623113760501881268,1623113760502508608
5,"cube-1477-bin.cgns","zzzz",1623113760502510738,1623113760508135875,369,772,2316
5,"cube-1477-bin.cgns","post",1623113760508146165,1623113760508187770
5,"cube-2923-geo","mesh",1623113760508229964,1623113760508401111
5,"cube-2923-geo","prep",1623113760509485279,1623113760509486071
5,"cube-2923-geo","zzzz",1623113760509487322,1623113760509542465,0,0,0
5,"cube-2923-geo","post",1623113760509543593,1623113760509633244
5,"cube-53-bin.cgns","prep",1623113760509639589,1623113760530171421
5,"cube-53-bin.cgns","zzzz",1623113760530179496,1623113760535824661,371,774,2322
5,"cube-53-bin.cgns","post",1623113760535835045,1623113760535888981
5,"cube-3345-bin.cgns","prep",1623113760535932514,1623113760537246398
5,"cube-3345-bin.cgns","zzzz",1623113760537249222,1623113760888375565,9842,15571,46713
5,"cube-3345-bin.cgns","post",1623113760888385938,1623113760888426857
5,"cube-2697-bin.cgns","prep",1623113760888472310,1623113760927920016
5,"cube-2697-bin.cgns","zzzz",1623113760927927686,1623113819793320256,371406,516487,1549461
5,"cube-2697-bin.cgns","post",1623113819793334210,1623113819793395110
5,"cube-2178-asc","prep",1623113819793459053,1623113819919157331
5,"cube-2178-asc","zzzz",1623113819919163567,1623113843800329278,200585,281916,845748
5,"cube-2178-asc","post",1623113843800344860,1623113843829015817
5,"cube-871-bin.cgns","prep",1623113843829054525,1623113843837683519
5,"cube-871-bin.cgns","zzzz",1623113843837686391,1623113843840631994,213,468,1404
5,"cube-871-bin.cgns","post",1623113843840650919,1623113843840682894
5,"cube-3417-bin.cgns","prep",1623113843840704157,1623113843861654432
5,"cube-3417-bin.cgns","zzzz",1623113843861662428,1623113843883168683,1191,2136,6408
5,"cube-3417-bin.cgns","post",1623113843883178918,1623113843883225147
5,"cube-3-bin.cgns","prep",1623113843883272349,1623113843963544044
5,"cube-3-bin.cgns","zzzz",1623113843963551279,1623113898586076672,353641,491343,1474029
5,"cube-3-bin.cgns","post",1623113898586090591,1623113898586154062
5,"cube-861-geo","mesh",1623113898586223837,1623113898586365927
5,"cube-861-geo","prep",1623113898586915782,1623113898586917406
5,"cube-861-geo","zzzz",1623113898586919085,1623113898586975941,0,0,0
5,"cube-861-geo","post",1623113898586977235,1623113898587046321
5,"cube-3177-bin.cgns","prep",1623113898587538985,1623113898602662087
5,"cube-3177-bin.cgns","zzzz",1623113898602667756,1623113915708318077,159310,225019,675057
5,"cube-3177-bin.cgns","post",1623113915708339402,1623113915708376386
5,"cube-1551-bin.cgns","prep",1623113915708419208,1623113915842253712
5,"cube-1551-bin.cgns","zzzz",1623113915842261380,1623113934802283271,170594,241280,723840
5,"cube-1551-bin.cgns","post",1623113934802296882,1623113934802358008
5,"cube-1990-geo","mesh",1623113934802410793,1623113934802476988
5,"cube-1990-geo","prep",1623113934802937551,1623113934802938631
5,"cube-1990-geo","zzzz",1623113934802939954,1623113934802995549,0,0,0
5,"cube-1990-geo","post",1623113934802996654,1623113934803061451
5,"cube-1652-geo","mesh",1623113934803068662,1623113934803096152
5,"cube-1652-geo","prep",1623113934803462391,1623113934803462929
5,"cube-1652-geo","zzzz",1623113934803463909,1623113934803518475,0,0,0
5,"cube-1652-geo","post",1623113934803519492,1623113934803587712
5,"cube-3549-asc","prep",1623113934803592614,1623113934803798305
5,"cube-3549-asc","zzzz",1623113934803799252,1623113934807771532,286,591,1773
5,"cube-3549-asc","post",1623113934807782007,1623113934807942981
5,"cube-911-geo","mesh",1623113934807977658,1623113934808078955
5,"cube-911-geo","prep",1623113934808967173,1623113934808967907
5,"cube-911-geo","zzzz",1623113934808969016,1623113934809023965,0,0,0
5,"cube-911-geo","post",1623113934809025072,1623113934809064897
5,"cube-1076-bin.cgns","prep",1623113934809070804,1623113934840666402
5,"cube-1076-bin.cgns","zzzz",1623113934840670067,1623113939966199593,68438,99158,297474
5,"cube-1076-bin.cgns","post",1623113939966214148,1623113939966277222
5,"cube-2640-stl-bin","mesh",1623113939966347649,1623113939966507400
5,"cube-2640-stl-bin","prep",1623113939967193182,1623113939967203305
5,"cube-2640-stl-bin","zzzz",1623113939967204665,1623113939972832887,0,772,2316
5,"cube-2640-stl-bin","post",1623113939972857410,1623113939973006020
5,"cube-2841-bin","prep",1623113939973034421,1623113939973676337
5,"cube-2841-bin","zzzz",1623113939973680171,1623113939978531158,334,689,2067
5,"cube-2841-bin","post",1623113939978541409,1623113939978708768
5,"cube-261-bin","prep",1623113939978721077,1623113940011059545
5,"cube-261-bin","zzzz",1623113940011063587,1623113944188745177,59143,86094,258282
5,"cube-261-bin","post",1623113944188755468,1623113944194515878
5,"cube-896-stl-bin","mesh",1623113944194552332,1623113944200542490
5,"cube-896-stl-bin","prep",1623113944201024597,1623113944201034621
5,"cube-896-stl-bin","zzzz",1623113944201035801,1623113954815109173,0,162804,488412
5,"cube-896-stl-bin","post",1623113954815119312,1623113954823766104
5,"cube-3596-bin.cgns","prep",1623113954823792181,1623113954841401317
5,"cube-3596-bin.cgns","zzzz",1623113954841405640,1623113954930644922,3624,5982,17946
5,"cube-3596-bin.cgns","post",1623113954930655373,1623113954930710344
5,"cube-812-geo","mesh",1623113954930763030,1623113954930918660
5,"cube-812-geo","prep",1623113954931624327,1623113954931625282
5,"cube-812-geo","zzzz",1623113954931626540,1623113954931681842,0,0,0
5,"cube-812-geo","post",1623113954931682984,1623113954931736900
5,"cube-3386-geo","mesh",1623113954931743676,1623113954931780945
5,"cube-3386-geo","prep",1623113954932152719,1623113954932153259
5,"cube-3386-geo","zzzz",1623113954932154302,1623113954932208564,0,0,0
5,"cube-3386-geo","post",1623113954932209612,1623113954932257566
5,"cube-3311-bin","prep",1623113954932262379,1623113954932373954
5,"cube-3311-bin","zzzz",1623113954932374902,1623113954934072569,132,303,909
5,"cube-3311-bin","post",1623113954934082773,1623113954934170201
5,"cube-3921-bin","prep",1623113954934202405,1623113954937911392
5,"cube-3921-bin","zzzz",1623113954937913713,1623113955131167846,6437,10271,30813
5,"cube-3921-bin","post",1623113955131172892,1623113955131786679
5,"cube-192-geo","mesh",1623113955131807442,1623113955131867893
5,"cube-192-geo","prep",1623113955132260040,1623113955132260752
5,"cube-192-geo","zzzz",1623113955132261860,1623113955132316969,0,0,0
5,"cube-192-geo","post",1623113955132318145,1623113955132351216
5,"cube-2908-asc","prep",1623113955132356137,1623113955318011219
5,"cube-2908-asc","zzzz",1623113955318014803,1623113994743719746,282198,394991,1184973
5,"cube-2908-asc","post",1623113994743736387,1623113994775341748
5,"cube-3860-bin","prep",1623113994775376287,1623113994781162238
5,"cube-3860-bin","zzzz",1623113994781166305,1623113995062836399,8375,13356,40068
5,"cube-3860-bin","post",1623113995062863778,1623113995064820533
5,"cube-781-asc","prep",1623113995064852636,1623113995066910161
5,"cube-781-asc","zzzz",1623113995066911899,1623113995100640917,1670,2998,8994
5,"cube-781-asc","post",1623113995100651346,1623113995101082843
5,"cube-3689-geo","mesh",1623113995101161944,1623113995101247274
5,"cube-3689-geo","prep",1623113995101679257,1623113995101679954
5,"cube-3689-geo","zzzz",1623113995101681114,1623113995101737022,0,0,0
5,"cube-3689-geo","post",1623113995101738249,1623113995101781829
5,"cube-1415-bin","prep",1623113995101787675,1623113996601973996
5,"cube-1415-bin","zzzz",1623113996601982035,1623114530919056125,1862465,2528293,7584879
5,"cube-1415-bin","post",1623114530919069968,1623114531086324636
5,"cube-1931-geo","mesh",1623114531087221962,1623114531087323497
5,"cube-1931-geo","prep",1623114531087795609,1623114531087796770
5,"cube-1931-geo","zzzz",1623114531087798109,1623114531087849710,0,0,0
5,"cube-1931-geo","post",1623114531087851269,1623114531087896898
5,"cube-3631-asc","prep",1623114531087903173,1623114531139442200
5,"cube-3631-asc","zzzz",1623114531139446097,1623114538507314042,88318,126979,380937
5,"cube-3631-asc","post",1623114538507328060,1623114538518257832
5,"cube-3965-bin","prep",1623114538518295941,1623114538640215823
5,"cube-3965-bin","zzzz",1623114538640222352,1623114560655102557,189686,266921,800763
5,"cube-3965-bin","post",1623114560655118398,1623114560677715729
5,"cube-2191-geo","mesh",1623114560677749902,1623114560679743829
5,"cube-2191-geo","prep",1623114560680235972,1623114560680237478
5,"cube-2191-geo","zzzz",1623114560680238869,1623114560680295036,0,0,0
5,"cube-2191-geo","post",1623114560680296479,1623114560680343445
5,"cube-2656-asc","prep",1623114560680349677,1623114560682534464
5,"cube-2656-asc","zzzz",1623114560682536409,1623114562110984295,4886,41165,123495
5,"cube-2656-asc","post",1623114562110994972,1623114562116456755
5,"cube-3479-geo","mesh",1623114562116478696,1623114562117086619
5,"cube-3479-geo","prep",1623114562117531204,1623114562117532097
5,"cube-3479-geo","zzzz",1623114562117533321,1623114562117589320,0,0,0
5,"cube-3479-geo","post",1623114562117590619,1623114562117635726
5,"cube-727-bin","prep",1623114562117641908,1623114562132495292
5,"cube-727-bin","zzzz",1623114562132498388,1623114563271763808,23409,35243,105729
5,"cube-727-bin","post",1623114563271774494,1623114563275580430
5,"cube-3595-asc","prep",1623114563275603619,1623114563278087062
5,"cube-3595-asc","zzzz",1623114563278088862,1623114574666935123,13140,170827,512481
5,"cube-3595-asc","post",1623114574666950551,1623114574685729657
5,"cube-995-asc","prep",1623114574685763695,1623114574688646305
5,"cube-995-asc","zzzz",1623114574688649629,1623114574832457604,5161,8355,25065
5,"cube-995-asc","post",1623114574832468300,1623114574833483775
5,"Proc","exit_task",1623113578265320657,1623114574854513286,1785168
