16,"build/tests/sizes/cube-2486-bin.vtk","scan",1623113600298469268,1623113600364408261
16,"build/tests/sizes/cube-2486-bin.vtk","chck",1623113600297138058,1623113600364530486
16,"build/tests/sizes/cube-769-bin.vtk","scan",1623113600377299695,1623113600385301496
16,"build/tests/sizes/cube-769-bin.vtk","chck",1623113600364531770,1623113600385305656
16,"build/tests/sizes/cube-1977-asc.mesh","scan",1623113600395088662,1623113600625182039
16,"build/tests/sizes/cube-1977-asc.mesh","chck",1623113600385306599,1623113600625188516
16,"build/tests/sizes/cube-3079-asc.bdf","scan",1623113600625793414,1623113600655504187
16,"build/tests/sizes/cube-3079-asc.bdf","chck",1623113600625189734,1623113600655510587
16,"build/tests/sizes/cube-3656-bin.vtk","scan",1623113600656079063,1623113600657466720
16,"build/tests/sizes/cube-3656-bin.vtk","chck",1623113600655512002,1623113600657470572
16,"build/tests/sizes/cube-266-asc.bdf","scan",1623113600672456191,1623113600685950176
16,"build/tests/sizes/cube-266-asc.bdf","chck",1623113600657471589,1623113600685955694
16,"build/tests/sizes/cube-1904-asc.msh2","scan",1623113600694676951,1623113600782229344
16,"build/tests/sizes/cube-1904-asc.msh2","chck",1623113600685956950,1623113600782236599
16,"build/tests/sizes/cube-1914-bin.msh2","scan",1623113600794399947,1623113600818579345
16,"build/tests/sizes/cube-1914-bin.msh2","chck",1623113600782237786,1623113600818584312
16,"build/tests/sizes/cube-50-bin.msh2","scan",1623113600834677690,1623113600989545399
16,"build/tests/sizes/cube-50-bin.msh2","chck",1623113600818585446,1623113600989552499
16,"build/tests/sizes/cube-1265-bin.cgns","scan",1623113601017792992,1623113601207667235
16,"build/tests/sizes/cube-1265-bin.cgns","chck",1623113600989553808,1623113601207673176
16,"build/tests/sizes/cube-226-bin.cgns","scan",1623113601229916229,1623113601264030377
16,"build/tests/sizes/cube-226-bin.cgns","chck",1623113601207674329,1623113601264036832
16,"build/tests/sizes/cube-2765-bin.msh4","scan",1623113601264705781,1623113601267635871
16,"build/tests/sizes/cube-2765-bin.msh4","chck",1623113601264038047,1623113601267640224
16,"build/tests/sizes/cube-1035-asc.msh2","scan",1623113601282293575,1623113604514066150
16,"build/tests/sizes/cube-1035-asc.msh2","chck",1623113601267641208,1623113604514089475
16,"build/tests/sizes/cube-1472-geo.geo_unrolled","scan",1623113604534007972,1623113604535537276
16,"build/tests/sizes/cube-1472-geo.geo_unrolled","chck",1623113604514090899,1623113604535542395
16,"build/tests/sizes/cube-3616-bin.msh2","scan",1623113604536068362,1623113605284551218
16,"build/tests/sizes/cube-3616-bin.msh2","chck",1623113604535543420,1623113605284557051
16,"build/tests/sizes/cube-647-bin.msh2","scan",1623113605298031011,1623113612313356134
16,"build/tests/sizes/cube-647-bin.msh2","chck",1623113605284558297,1623113612314002781
16,"build/tests/sizes/cube-2910-stl-bin.geo","scan",1623113612328751738,1623113612774071920
16,"build/tests/sizes/cube-2910-stl-bin.geo","chck",1623113612314004894,1623113612774077906
16,"build/tests/sizes/cube-3707-bin.cgns","scan",1623113612800933926,1623113612883373982
16,"build/tests/sizes/cube-3707-bin.cgns","chck",1623113612774079087,1623113612883379536
16,"build/tests/sizes/cube-809-asc.mesh","scan",1623113612893597463,1623113613217542360
16,"build/tests/sizes/cube-809-asc.mesh","chck",1623113612883380570,1623113613217548272
16,"build/tests/sizes/cube-1248-geo.geo","scan",1623113613238316430,1623113613239673568
16,"build/tests/sizes/cube-1248-geo.geo","chck",1623113613217549429,1623113613239680081
16,"build/tests/sizes/cube-309-asc.msh2","scan",1623113613259381045,1623113613269369739
16,"build/tests/sizes/cube-309-asc.msh2","chck",1623113613239681278,1623113613269375242
16,"build/tests/sizes/cube-3065-geo.geo_unrolled","scan",1623113613270022331,1623113613271161929
16,"build/tests/sizes/cube-3065-geo.geo_unrolled","chck",1623113613269376396,1623113613271166637
16,"build/tests/sizes/cube-2133-bin.msh4","scan",1623113613271807493,1623113614575747180
16,"build/tests/sizes/cube-2133-bin.msh4","chck",1623113613271167790,1623113614575753814
16,"build/tests/sizes/cube-3880-asc.msh2","scan",1623113614593804650,1623113614617112353
16,"build/tests/sizes/cube-3880-asc.msh2","chck",1623113614575758953,1623113614617117761
16,"build/tests/sizes/cube-3907-stl-bin.geo","scan",1623113614617719728,1623113614714997924
16,"build/tests/sizes/cube-3907-stl-bin.geo","chck",1623113614617119068,1623113614715004321
16,"build/tests/sizes/cube-3824-asc.mesh","scan",1623113614715711627,1623113614717787650
16,"build/tests/sizes/cube-3824-asc.mesh","chck",1623113614715005442,1623113614717791726
16,"build/tests/sizes/cube-3628-bin.vtk","scan",1623113614718338205,1623113614719499262
16,"build/tests/sizes/cube-3628-bin.vtk","chck",1623113614717792933,1623113614719502438
16,"build/tests/sizes/cube-1338-stl-bin.geo","scan",1623113614732014452,1623113614805882414
16,"build/tests/sizes/cube-1338-stl-bin.geo","chck",1623113614719503315,1623113614805889399
16,"build/tests/sizes/cube-403-stl-bin.geo","scan",1623113614807457539,1623113614896910352
16,"build/tests/sizes/cube-403-stl-bin.geo","chck",1623113614805890707,1623113614896917778
16,"build/tests/sizes/cube-2897-bin.cgns","scan",1623113614915297405,1623113615084855061
16,"build/tests/sizes/cube-2897-bin.cgns","chck",1623113614896919239,1623113615084861654
16,"build/tests/sizes/cube-3291-geo.geo_unrolled","scan",1623113615085856993,1623113615087088338
16,"build/tests/sizes/cube-3291-geo.geo_unrolled","chck",1623113615084862913,1623113615087092778
16,"build/tests/sizes/cube-1056-asc.msh2","scan",1623113615108628709,1623113615129749791
16,"build/tests/sizes/cube-1056-asc.msh2","chck",1623113615087093723,1623113615129756114
16,"build/tests/sizes/cube-3851-bin.msh4","scan",1623113615153420796,1623113615174753743
16,"build/tests/sizes/cube-3851-bin.msh4","chck",1623113615129757290,1623113615174760517
16,"build/tests/sizes/cube-591-stl-bin.geo","scan",1623113615184075817,1623113615430315853
16,"build/tests/sizes/cube-591-stl-bin.geo","chck",1623113615174761946,1623113615430322978
16,"build/tests/sizes/cube-3926-bin.vtk","scan",1623113615430982843,1623113615433455520
16,"build/tests/sizes/cube-3926-bin.vtk","chck",1623113615430324285,1623113615433460740
16,"build/tests/sizes/cube-2384-asc.mesh","scan",1623113615434014112,1623113615460592610
16,"build/tests/sizes/cube-2384-asc.mesh","chck",1623113615433461895,1623113615460600154
16,"build/tests/sizes/cube-2532-bin.vtk","scan",1623113615498464154,1623113616392693053
16,"build/tests/sizes/cube-2532-bin.vtk","chck",1623113615460601492,1623113616392698850
16,"build/tests/sizes/cube-2544-bin.cgns","scan",1623113616396242880,1623113616415723269
16,"build/tests/sizes/cube-2544-bin.cgns","chck",1623113616392700180,1623113616415730003
16,"build/tests/sizes/cube-900-asc.mesh","scan",1623113616428212116,1623113616447790955
16,"build/tests/sizes/cube-900-asc.mesh","chck",1623113616415731192,1623113616447798162
16,"build/tests/sizes/cube-3516-bin.msh2","scan",1623113616463313489,1623113617963953385
16,"build/tests/sizes/cube-3516-bin.msh2","chck",1623113616447799359,1623113617963959110
16,"build/tests/sizes/cube-1072-geo.geo","scan",1623113617965628421,1623113617966875564
16,"build/tests/sizes/cube-1072-geo.geo","chck",1623113617963960256,1623113617966880810
16,"build/tests/sizes/cube-2965-bin.vtk","scan",1623113617983126426,1623113618051690840
16,"build/tests/sizes/cube-2965-bin.vtk","chck",1623113617966881816,1623113618051697182
16,"build/tests/sizes/cube-2525-bin.msh2","scan",1623113618053398155,1623113618080880639
16,"build/tests/sizes/cube-2525-bin.msh2","chck",1623113618051698459,1623113618080887431
16,"build/tests/sizes/cube-2757-bin.msh2","scan",1623113618081506094,1623113618085876392
16,"build/tests/sizes/cube-2757-bin.msh2","chck",1623113618080888819,1623113618085881962
16,"build/tests/sizes/cube-3300-bin.cgns","scan",1623113618089222122,1623113618109025750
16,"build/tests/sizes/cube-3300-bin.cgns","chck",1623113618085883236,1623113618109031361
16,"build/tests/sizes/cube-3738-bin.msh2","scan",1623113618109638684,1623113618111537486
16,"build/tests/sizes/cube-3738-bin.msh2","chck",1623113618109032604,1623113618111541063
16,"build/tests/sizes/cube-3915-geo.geo","scan",1623113618131264509,1623113618132523634
16,"build/tests/sizes/cube-3915-geo.geo","chck",1623113618111764604,1623113618132528897
16,"build/tests/sizes/cube-3582-stl-bin.geo","scan",1623113618151752499,1623113618154651253
16,"build/tests/sizes/cube-3582-stl-bin.geo","chck",1623113618132529964,1623113618154657328
16,"build/tests/sizes/cube-3677-bin.cgns","scan",1623113618157934454,1623113618177644783
16,"build/tests/sizes/cube-3677-bin.cgns","chck",1623113618154658491,1623113618177649935
16,"build/tests/sizes/cube-3566-bin.vtk","scan",1623113618178280654,1623113618287176175
16,"build/tests/sizes/cube-3566-bin.vtk","chck",1623113618177650943,1623113618287182037
16,"build/tests/sizes/cube-3702-stl-bin.geo","scan",1623113618288780286,1623113618449850085
16,"build/tests/sizes/cube-3702-stl-bin.geo","chck",1623113618287183056,1623113618449856547
16,"build/tests/sizes/cube-2313-asc.bdf","scan",1623113618450524796,1623113619639574683
16,"build/tests/sizes/cube-2313-asc.bdf","chck",1623113618449857982,1623113619639580673
16,"build/tests/sizes/cube-2171-bin.vtk","scan",1623113619640301381,1623113619679572746
16,"build/tests/sizes/cube-2171-bin.vtk","chck",1623113619639581637,1623113619679578140
16,"build/tests/sizes/cube-2674-geo.geo_unrolled","scan",1623113619680147416,1623113619681238258
16,"build/tests/sizes/cube-2674-geo.geo_unrolled","chck",1623113619679579034,1623113619681241740
16,"build/tests/sizes/cube-2126-bin.msh4","scan",1623113619681746291,1623113619687425539
16,"build/tests/sizes/cube-2126-bin.msh4","chck",1623113619681242717,1623113619687429943
16,"build/tests/sizes/cube-2714-bin.cgns","scan",1623113619690956289,1623113619711365390
16,"build/tests/sizes/cube-2714-bin.cgns","chck",1623113619687430863,1623113619711371631
16,"build/tests/sizes/cube-2033-bin.cgns","scan",1623113619726960323,1623113619812356860
16,"build/tests/sizes/cube-2033-bin.cgns","chck",1623113619711373057,1623113619812362590
16,"build/tests/sizes/cube-2574-asc.mesh","scan",1623113619827215182,1623113619848586243
16,"build/tests/sizes/cube-2574-asc.mesh","chck",1623113619812363892,1623113619848592134
16,"build/tests/sizes/cube-1814-geo.geo","scan",1623113619849802435,1623113619851098707
16,"build/tests/sizes/cube-1814-geo.geo","chck",1623113619848593321,1623113619851103145
16,"build/tests/sizes/cube-2241-bin.vtk","scan",1623113619864137806,1623113619887189704
16,"build/tests/sizes/cube-2241-bin.vtk","chck",1623113619851104014,1623113619887195288
16,"build/tests/sizes/cube-3516-asc.bdf","scan",1623113619887788660,1623113619894777733
16,"build/tests/sizes/cube-3516-asc.bdf","chck",1623113619887196391,1623113619894782502
16,"build/tests/sizes/cube-1935-asc.bdf","scan",1623113619895371746,1623113619903854880
16,"build/tests/sizes/cube-1935-asc.bdf","chck",1623113619894783452,1623113619903859433
16,"build/tests/sizes/cube-2544-bin.vtk","scan",1623113619920836610,1623113619949682171
16,"build/tests/sizes/cube-2544-bin.vtk","chck",1623113619903860349,1623113619949687793
16,"build/tests/sizes/cube-1205-bin.vtk","scan",1623113619950292941,1623113619957852065
16,"build/tests/sizes/cube-1205-bin.vtk","chck",1623113619949688783,1623113619957858678
16,"build/tests/sizes/cube-1961-bin.vtk","scan",1623113619959598440,1623113619961132813
16,"build/tests/sizes/cube-1961-bin.vtk","chck",1623113619957859618,1623113619961136963
16,"build/tests/sizes/cube-1100-bin.vtk","scan",1623113619962137282,1623113619964579804
16,"build/tests/sizes/cube-1100-bin.vtk","chck",1623113619961137895,1623113619964583410
16,"build/tests/sizes/cube-3418-asc.msh2","scan",1623113619965121049,1623113619981487594
16,"build/tests/sizes/cube-3418-asc.msh2","chck",1623113619964584263,1623113619981492562
16,"build/tests/sizes/cube-2042-bin.cgns","scan",1623113620012784863,1623113620227987348
16,"build/tests/sizes/cube-2042-bin.cgns","chck",1623113619981493520,1623113620227994630
16,"build/tests/sizes/cube-3477-geo.geo","scan",1623113620228756226,1623113620230083591
16,"build/tests/sizes/cube-3477-geo.geo","chck",1623113620227995835,1623113620230087999
16,"build/tests/sizes/cube-1476-asc.mesh","scan",1623113620231098919,1623113620275722628
16,"build/tests/sizes/cube-1476-asc.mesh","chck",1623113620230088967,1623113620275729553
16,"build/tests/sizes/cube-3930-geo.geo_unrolled","scan",1623113620297000523,1623113620298175921
16,"build/tests/sizes/cube-3930-geo.geo_unrolled","chck",1623113620275731162,1623113620298180972
16,"build/tests/sizes/cube-3214-geo.geo_unrolled","scan",1623113620298846949,1623113620299912575
16,"build/tests/sizes/cube-3214-geo.geo_unrolled","chck",1623113620298182081,1623113620299916625
16,"build/tests/sizes/cube-2902-bin.msh4","scan",1623113620319604750,1623113620348626325
16,"build/tests/sizes/cube-2902-bin.msh4","chck",1623113620299917583,1623113620348632805
16,"build/tests/sizes/cube-2907-asc.mesh","scan",1623113620363585644,1623113621877656805
16,"build/tests/sizes/cube-2907-asc.mesh","chck",1623113620348633920,1623113621877664188
16,"build/tests/sizes/cube-3951-bin.msh2","scan",1623113621878347727,1623113621879948053
16,"build/tests/sizes/cube-3951-bin.msh2","chck",1623113621877665321,1623113621879953076
16,"build/tests/sizes/cube-436-stl-bin.geo","scan",1623113621895398788,1623113621898356753
16,"build/tests/sizes/cube-436-stl-bin.geo","chck",1623113621879954092,1623113621898361400
16,"build/tests/sizes/cube-2138-bin.cgns","scan",1623113621902008091,1623113621922264386
16,"build/tests/sizes/cube-2138-bin.cgns","chck",1623113621898362527,1623113621922271687
16,"build/tests/sizes/cube-297-bin.vtk","scan",1623113621939217542,1623113621947852179
16,"build/tests/sizes/cube-297-bin.vtk","chck",1623113621922272823,1623113621947857854
16,"build/tests/sizes/cube-1254-bin.msh4","scan",1623113621962990358,1623113622001517378
16,"build/tests/sizes/cube-1254-bin.msh4","chck",1623113621947859498,1623113622001523399
16,"build/tests/sizes/cube-1780-bin.msh4","scan",1623113622002532580,1623113622024984215
16,"build/tests/sizes/cube-1780-bin.msh4","chck",1623113622001524719,1623113622024990764
16,"build/tests/sizes/cube-479-geo.geo","scan",1623113622028679483,1623113622030021840
16,"build/tests/sizes/cube-479-geo.geo","chck",1623113622024992303,1623113622030027524
16,"build/tests/sizes/cube-991-bin.cgns","scan",1623113622042920562,1623113622099568871
16,"build/tests/sizes/cube-991-bin.cgns","chck",1623113622030028588,1623113622099575582
16,"build/tests/sizes/cube-156-stl-bin.geo","scan",1623113622117505408,1623113622560122065
16,"build/tests/sizes/cube-156-stl-bin.geo","chck",1623113622099576763,1623113622560128098
16,"build/tests/sizes/cube-1575-asc.bdf","scan",1623113622561439164,1623113623824513818
16,"build/tests/sizes/cube-1575-asc.bdf","chck",1623113622560129241,1623113623824519589
16,"build/tests/sizes/cube-500-bin.cgns","scan",1623113623856456491,1623113623881983626
16,"build/tests/sizes/cube-500-bin.cgns","chck",1623113623824520797,1623113623881988618
16,"build/tests/sizes/cube-1581-bin.vtk","scan",1623113623906668665,1623113623948994337
16,"build/tests/sizes/cube-1581-bin.vtk","chck",1623113623881989622,1623113623948999278
16,"build/tests/sizes/cube-1303-geo.geo_unrolled","scan",1623113623957106702,1623113623958230905
16,"build/tests/sizes/cube-1303-geo.geo_unrolled","chck",1623113623949000116,1623113623958235003
16,"build/tests/sizes/cube-2582-bin.vtk","scan",1623113623971826866,1623113623988297331
16,"build/tests/sizes/cube-2582-bin.vtk","chck",1623113623958235929,1623113623988302125
16,"build/tests/sizes/cube-402-bin.msh4","scan",1623113624004652569,1623113624057756277
16,"build/tests/sizes/cube-402-bin.msh4","chck",1623113623988302997,1623113624057763134
16,"build/tests/sizes/cube-3114-bin.vtk","scan",1623113624072037930,1623113624400265396
16,"build/tests/sizes/cube-3114-bin.vtk","chck",1623113624057764633,1623113624400272303
16,"build/tests/sizes/cube-3233-stl-bin.geo","scan",1623113624401006512,1623113624619195152
16,"build/tests/sizes/cube-3233-stl-bin.geo","chck",1623113624400273791,1623113624619201943
16,"build/tests/sizes/cube-60-bin.cgns","scan",1623113624641860952,1623113624701834941
16,"build/tests/sizes/cube-60-bin.cgns","chck",1623113624619203141,1623113624701847501
16,"build/tests/sizes/cube-3792-geo.geo_unrolled","scan",1623113624716933750,1623113624718153445
16,"build/tests/sizes/cube-3792-geo.geo_unrolled","chck",1623113624702093521,1623113624718157877
16,"build/tests/sizes/cube-3761-bin.cgns","scan",1623113624754035559,1623113624945305602
16,"build/tests/sizes/cube-3761-bin.cgns","chck",1623113624718158834,1623113624945312541
16,"build/tests/sizes/cube-3759-geo.geo","scan",1623113624946126240,1623113624947481588
16,"build/tests/sizes/cube-3759-geo.geo","chck",1623113624945313644,1623113624947486720
16,"build/tests/sizes/cube-3043-asc.msh2","scan",1623113624948012720,1623113625760298272
16,"build/tests/sizes/cube-3043-asc.msh2","chck",1623113624947487717,1623113625760304871
16,"build/tests/sizes/cube-1768-asc.msh2","scan",1623113625761434305,1623113628638695413
16,"build/tests/sizes/cube-1768-asc.msh2","chck",1623113625760306206,1623113628638702257
16,"build/tests/sizes/cube-3542-stl-bin.geo","scan",1623113628640602702,1623113628889133534
16,"build/tests/sizes/cube-3542-stl-bin.geo","chck",1623113628638703618,1623113628889140920
16,"build/tests/sizes/cube-3074-geo.geo","scan",1623113628904490516,1623113628906040987
16,"build/tests/sizes/cube-3074-geo.geo","chck",1623113628889142122,1623113628906046698
16,"build/tests/sizes/cube-83-bin.cgns","scan",1623113628940735050,1623113629121667301
16,"build/tests/sizes/cube-83-bin.cgns","chck",1623113628906047998,1623113629121674840
16,"build/tests/sizes/cube-1833-bin.msh2","scan",1623113629135851578,1623113629228521283
16,"build/tests/sizes/cube-1833-bin.msh2","chck",1623113629121676052,1623113629228528545
16,"build/tests/sizes/cube-783-asc.msh2","scan",1623113629243738222,1623113629268782065
16,"build/tests/sizes/cube-783-asc.msh2","chck",1623113629228529831,1623113629268788241
16,"build/tests/sizes/cube-1577-asc.mesh","scan",1623113629286060706,1623113631462423659
16,"build/tests/sizes/cube-1577-asc.mesh","chck",1623113629268789475,1623113631462430509
16,"build/tests/sizes/cube-408-asc.msh2","scan",1623113631476503489,1623113632028629163
16,"build/tests/sizes/cube-408-asc.msh2","chck",1623113631462431728,1623113632028635555
16,"build/tests/sizes/cube-1156-bin.vtk","scan",1623113632049955209,1623113632069375313
16,"build/tests/sizes/cube-1156-bin.vtk","chck",1623113632028636762,1623113632069380672
16,"build/tests/sizes/cube-2233-stl-bin.geo","scan",1623113632069952165,1623113632127762108
16,"build/tests/sizes/cube-2233-stl-bin.geo","chck",1623113632069381658,1623113632127768698
16,"build/tests/sizes/cube-3299-bin.msh2","scan",1623113632129285231,1623113632146033778
16,"build/tests/sizes/cube-3299-bin.msh2","chck",1623113632127769845,1623113632146040348
16,"build/tests/sizes/cube-1621-stl-bin.geo","scan",1623113632171465658,1623113632237612701
16,"build/tests/sizes/cube-1621-stl-bin.geo","chck",1623113632146041935,1623113632237618620
16,"build/tests/sizes/cube-3918-bin.cgns","scan",1623113632262960380,1623113632298338256
16,"build/tests/sizes/cube-3918-bin.cgns","chck",1623113632237619586,1623113632298344679
16,"build/tests/sizes/cube-3824-geo.geo","scan",1623113632311187904,1623113632312630323
16,"build/tests/sizes/cube-3824-geo.geo","chck",1623113632298345912,1623113632312635840
16,"build/tests/sizes/cube-3857-bin.vtk","scan",1623113632337644437,1623113632770774143
16,"build/tests/sizes/cube-3857-bin.vtk","chck",1623113632312637049,1623113632770780150
16,"build/tests/sizes/cube-3053-bin.msh2","scan",1623113632771461806,1623113637131119680
16,"build/tests/sizes/cube-3053-bin.msh2","chck",1623113632770781322,1623113637132133826
16,"build/tests/sizes/cube-1992-geo.geo","scan",1623113637153205468,1623113637154964859
16,"build/tests/sizes/cube-1992-geo.geo","chck",1623113637132137396,1623113637154970421
16,"build/tests/sizes/cube-3390-asc.msh2","scan",1623113637155496781,1623113637196869862
16,"build/tests/sizes/cube-3390-asc.msh2","chck",1623113637154971641,1623113637196892569
16,"cube-3390-asc","prep",1623113637198249801,1623113637201665870
16,"cube-3390-asc","zzzz",1623113637201674925,1623113637395287278,6434,10300,30900
16,"cube-3390-asc","post",1623113637395296594,1623113637396794423
16,"cube-1621-stl-bin","mesh",1623113637396856387,1623113637646067635
16,"cube-1621-stl-bin","prep",1623113637647134927,1623113637666831090
16,"cube-1621-stl-bin","zzzz",1623113637666845950,1623113638874305645,19477,36714,110142
16,"cube-1621-stl-bin","post",1623113638874316211,1623113638879501820
16,"cube-1156-bin","prep",1623113638879536899,1623113638881479638
16,"cube-1156-bin","zzzz",1623113638881482660,1623113638911898919,1533,2782,8346
16,"cube-1156-bin","post",1623113638911910216,1623113638912121040
16,"cube-3074-geo","mesh",1623113638912238409,1623113638932750675
16,"cube-3074-geo","prep",1623113638933786070,1623113638934729608
16,"cube-3074-geo","zzzz",1623113638934732118,1623113638950336472,940,1683,5049
16,"cube-3074-geo","post",1623113638950345451,1623113638950892265
16,"cube-1833-bin","prep",1623113638951079613,1623113638960970122
16,"cube-1833-bin","zzzz",1623113638960975394,1623113639605633301,15563,23784,71352
16,"cube-1833-bin","post",1623113639605643598,1623113639610109424
16,"cube-402-bin","prep",1623113639610486340,1623113639639046995
16,"cube-402-bin","zzzz",1623113639639052623,1623113641958848124,39084,57580,172740
16,"cube-402-bin","post",1623113641958858471,1623113641962696444
16,"cube-2233-stl-bin","mesh",1623113641962741840,1623113642665800320
16,"cube-2233-stl-bin","prep",1623113642686905843,1623113642720486750
16,"cube-2233-stl-bin","zzzz",1623113642720496132,1623113646967529820,49226,87191,261573
16,"cube-2233-stl-bin","post",1623113646967538228,1623113646984970358
16,"cube-1581-bin","prep",1623113646985010154,1623113646999057961
16,"cube-1581-bin","zzzz",1623113646999063892,1623113647426549602,11472,17882,53646
16,"cube-1581-bin","post",1623113647426557664,1623113647427774871
16,"cube-1780-bin","prep",1623113647427807001,1623113647448802588
16,"cube-1780-bin","zzzz",1623113647448808025,1623113649748220935,38771,57232,171696
16,"cube-1780-bin","post",1623113649748233404,1623113649751980304
16,"cube-3542-stl-bin","mesh",1623113649752026904,1623113654016237446
16,"cube-3542-stl-bin","prep",1623113654158789304,1623113654366644790
16,"cube-3542-stl-bin","zzzz",1623113654366653955,1623113698865215273,271607,428377,1285131
16,"cube-3542-stl-bin","post",1623113698865229922,1623113698947728681
16,"cube-436-stl-bin","mesh",1623113698947769129,1623113698967077642
16,"cube-436-stl-bin","prep",1623113698968036835,1623113698968242461
16,"cube-436-stl-bin","zzzz",1623113698968244615,1623113698972957389,187,674,2022
16,"cube-436-stl-bin","post",1623113698972967743,1623113698973101804
16,"cube-1577-asc","prep",1623113698973135660,1623113698979003837
16,"cube-1577-asc","zzzz",1623113698979005367,1623113824535269628,39428,854320,2562960
16,"cube-1577-asc","post",1623113824535284099,1623113824622583131
16,"cube-1035-asc","prep",1623113824622623323,1623113824946217313
16,"cube-1035-asc","zzzz",1623113824946223896,1623113909408769805,474865,656953,1970859
16,"cube-1035-asc","post",1623113909408784181,1623113909482033078
16,"cube-2138-bin.cgns","prep",1623113909482075657,1623113909514272731
16,"cube-2138-bin.cgns","zzzz",1623113909514278910,1623113923592078508,139289,197204,591612
16,"cube-2138-bin.cgns","post",1623113923592091766,1623113923592503102
16,"cube-1100-bin","prep",1623113923592564408,1623113923593088373
16,"cube-1100-bin","zzzz",1623113923593090258,1623113923605384187,757,1400,4200
16,"cube-1100-bin","post",1623113923605394922,1623113923605664762
16,"cube-1575-asc","prep",1623113923605702085,1623113923709101700
16,"cube-1575-asc","zzzz",1623113923709105261,1623113941730105115,165254,233142,699426
16,"cube-1575-asc","post",1623113941730124715,1623113941750777175
16,"cube-3926-bin","prep",1623113941750813886,1623113941756638332
16,"cube-3926-bin","zzzz",1623113941756641059,1623113941774389051,1012,1849,5547
16,"cube-3926-bin","post",1623113941774405494,1623113941774822656
16,"cube-1338-stl-bin","mesh",1623113941774962082,1623113942047635753
16,"cube-1338-stl-bin","prep",1623113942048694033,1623113942076257671
16,"cube-1338-stl-bin","zzzz",1623113942076635129,1623113943399753774,20794,39057,117171
16,"cube-1338-stl-bin","post",1623113943399763879,1623113943407776228
16,"cube-2126-bin","prep",1623113943407812576,1623113943416272163
16,"cube-2126-bin","zzzz",1623113943416274620,1623113943849173508,11557,18011,54033
16,"cube-2126-bin","post",1623113943849183395,1623113943850380121
16,"cube-2582-bin","prep",1623113943850515327,1623113943851341296
16,"cube-2582-bin","zzzz",1623113943851343469,1623113943884311878,1627,2948,8844
16,"cube-2582-bin","post",1623113943884317184,1623113943884528696
16,"cube-3851-bin","prep",1623113943884550222,1623113943884957070
16,"cube-3851-bin","zzzz",1623113943884958602,1623113943892512527,482,969,2907
16,"cube-3851-bin","post",1623113943892528177,1623113943892729699
16,"cube-591-stl-bin","mesh",1623113943892744122,1623113947435142247
16,"cube-591-stl-bin","prep",1623113947436205788,1623113947790593214
16,"cube-591-stl-bin","zzzz",1623113947790601046,1623113985373925302,242024,382531,1147593
16,"cube-591-stl-bin","post",1623113985373940811,1623113985498424191
16,"cube-900-asc","prep",1623113985498469304,1623113985527119277
16,"cube-900-asc","zzzz",1623113985527122171,1623113985548283374,522,2110,6330
16,"cube-900-asc","post",1623113985548293956,1623113985548574696
16,"cube-3065-geo","mesh",1623113985548592642,1623113987853778538
16,"cube-3065-geo","prep",1623113987867540625,1623113987968956015
16,"cube-3065-geo","zzzz",1623113987968962386,1623114001267219361,133880,189778,569334
16,"cube-3065-geo","post",1623114001267233528,1623114001359060103
16,"cube-3516-bin","prep",1623114001359131550,1623114001615871731
16,"cube-3516-bin","zzzz",1623114001615878600,1623114055869893808,351925,489106,1467318
16,"cube-3516-bin","post",1623114055869907546,1623114055902726075
16,"cube-1205-bin","prep",1623114055902763688,1623114055920202186
16,"cube-1205-bin","zzzz",1623114055920205875,1623114056035711418,4378,7167,21501
16,"cube-1205-bin","post",1623114056035721568,1623114056036695040
16,"cube-2965-bin","prep",1623114056036716960,1623114056053964840
16,"cube-2965-bin","zzzz",1623114056053967299,1623114057452937880,27141,40591,121773
16,"cube-2965-bin","post",1623114057452954180,1623114057456790885
16,"cube-991-bin.cgns","prep",1623114057456823906,1623114057478173350
16,"cube-991-bin.cgns","zzzz",1623114057478177073,1623114057486049586,504,998,2994
16,"cube-991-bin.cgns","post",1623114057486059634,1623114057486125858
16,"cube-3677-bin.cgns","prep",1623114057486174782,1623114057547024430
16,"cube-3677-bin.cgns","zzzz",1623114057547031956,1623114161431761524,546720,753675,2261025
16,"cube-3677-bin.cgns","post",1623114161431775414,1623114161431858231
16,"cube-2544-bin.cgns","prep",1623114161431923265,1623114161577696181
16,"cube-2544-bin.cgns","zzzz",1623114161577706829,1623114414418955593,1055635,1442472,4327416
16,"cube-2544-bin.cgns","post",1623114414418971236,1623114414419047197
16,"cube-2384-asc","prep",1623114414419802819,1623114414420331330
16,"cube-2384-asc","zzzz",1623114414420333805,1623114414665149937,2056,12113,36339
16,"cube-2384-asc","post",1623114414665160156,1623114414667961957
16,"cube-2486-bin","prep",1623114414667977927,1623114414690310240
16,"cube-2486-bin","zzzz",1623114414690313298,1623114417115147445,40252,59325,177975
16,"cube-2486-bin","post",1623114417115157819,1623114417118829105
16,"cube-3616-bin","prep",1623114417118854605,1623114417239007112
16,"cube-3616-bin","zzzz",1623114417239011036,1623114435400795859,166180,234369,703107
16,"cube-3616-bin","post",1623114435400811572,1623114435455829489
16,"cube-3053-bin","prep",1623114435455875702,1623114436223786813
16,"cube-3053-bin","zzzz",1623114436223793806,1623114673405947272,1005615,1374953,4124859
16,"cube-3053-bin","post",1623114673405961286,1623114673503029891
16,"cube-2674-geo","mesh",1623114673503538182,1623114686958463802
16,"cube-2674-geo","prep",1623114686959480429,1623114687834157271
16,"cube-2674-geo","zzzz",1623114687834163751,1623114871111514588,827069,1133181,3399543
16,"cube-2674-geo","post",1623114871111524225,1623114871377993922
16,"cube-3857-bin","prep",1623114871378068002,1623114871542553783
16,"cube-3857-bin","zzzz",1623114871542560518,1623114899751014992,224654,315402,946206
16,"cube-3857-bin","post",1623114899751032119,1623114899773820685
16,"cube-769-bin","prep",1623114899773862826,1623114899784606173
16,"cube-769-bin","zzzz",1623114899784609955,1623114899788012118,255,524,1572
16,"cube-769-bin","post",1623114899788022359,1623114899788167108
16,"cube-2714-bin.cgns","prep",1623114899788238378,1623114899821337605
16,"cube-2714-bin.cgns","zzzz",1623114899821346736,1623114922946584024,196301,275886,827658
16,"cube-2714-bin.cgns","post",1623114922946598483,1623114922946673221
16,"cube-1265-bin.cgns","prep",1623114922946747022,1623114923309589057
16,"cube-1265-bin.cgns","zzzz",1623114923309596985,1623115114906869441,855838,1171547,3514641
16,"cube-1265-bin.cgns","post",1623115114906886321,1623115114906961550
16,"cube-3951-bin","prep",1623115114907049158,1623115114907281748
16,"cube-3951-bin","zzzz",1623115114907283563,1623115114908997678,134,305,915
16,"cube-3951-bin","post",1623115114909007920,1623115114909158180
16,"cube-83-bin.cgns","prep",1623115114909193117,1623115115144662455
16,"cube-83-bin.cgns","zzzz",1623115115144670443,1623115181751369461,404046,560892,1682676
16,"cube-83-bin.cgns","post",1623115181751383925,1623115181751460358
16,"cube-2757-bin","prep",1623115181751545322,1623115181752211951
16,"cube-2757-bin","zzzz",1623115181752214521,1623115181771825518,1090,1993,5979
16,"cube-2757-bin","post",1623115181771830943,1623115181772133288
16,"cube-2042-bin.cgns","prep",1623115181772150728,1623115181919777177
16,"cube-2042-bin.cgns","zzzz",1623115181919785668,1623115211556961727,232528,326112,978336
16,"cube-2042-bin.cgns","post",1623115211556976041,1623115211557052152
16,"cube-3915-geo","mesh",1623115211557123630,1623115211733659388
16,"cube-3915-geo","prep",1623115211734692640,1623115211743471160
16,"cube-3915-geo","zzzz",1623115211743474079,1623115212100985813,10007,15782,47346
16,"cube-3915-geo","post",1623115212100995882,1623115212104080362
16,"cube-3930-geo","mesh",1623115212104433538,1623115212155856186
16,"cube-3930-geo","prep",1623115212156871983,1623115212159024698
16,"cube-3930-geo","zzzz",1623115212159027040,1623115212215692354,2548,4349,13047
16,"cube-3930-geo","post",1623115212215702604,1623115212216605648
16,"cube-3707-bin.cgns","prep",1623115212216961856,1623115212238387034
16,"cube-3707-bin.cgns","zzzz",1623115212238390373,1623115212682526124,11824,18358,55074
16,"cube-3707-bin.cgns","post",1623115212682536117,1623115212682594838
16,"cube-2897-bin.cgns","prep",1623115212682643584,1623115212864131526
16,"cube-2897-bin.cgns","zzzz",1623115212864139981,1623115255534208200,297500,416483,1249449
16,"cube-2897-bin.cgns","post",1623115255534218011,1623115255534261429
16,"cube-3566-bin","prep",1623115255534307987,1623115255571713798
16,"cube-3566-bin","zzzz",1623115255571719156,1623115260412408786,65640,95240,285720
16,"cube-3566-bin","post",1623115260412420122,1623115260420915772
16,"cube-2033-bin.cgns","prep",1623115260420952980,1623115260446372336
16,"cube-2033-bin.cgns","zzzz",1623115260446375873,1623115263701175739,49464,72573,217719
16,"cube-2033-bin.cgns","post",1623115263701186174,1623115263701253490
16,"cube-500-bin.cgns","prep",1623115263701313958,1623115263706598942
16,"cube-500-bin.cgns","zzzz",1623115263706602093,1623115265088531115,27009,40259,120777
16,"cube-500-bin.cgns","post",1623115265088544120,1623115265088607215
16,"cube-2907-asc","prep",1623115265088669955,1623115265093868698
16,"cube-2907-asc","zzzz",1623115265093871063,1623115331447853997,30648,559458,1678374
16,"cube-2907-asc","post",1623115331447871523,1623115331506799759
16,"cube-60-bin.cgns","prep",1623115331506846876,1623115331525388328
16,"cube-60-bin.cgns","zzzz",1623115331525392188,1623115331548787342,1241,2276,6828
16,"cube-60-bin.cgns","post",1623115331548797279,1623115331548875625
16,"cube-1914-bin","prep",1623115331548932112,1623115331550296235
16,"cube-1914-bin","zzzz",1623115331550298016,1623115331578097334,1427,2592,7776
16,"cube-1914-bin","post",1623115331578107316,1623115331578573606
16,"cube-3761-bin.cgns","prep",1623115331579279408,1623115331740223858
16,"cube-3761-bin.cgns","zzzz",1623115331740231656,1623115346066514888,141067,199586,598758
16,"cube-3761-bin.cgns","post",1623115346066533143,1623115346066608328
16,"cube-3738-bin","prep",1623115346066679491,1623115346067193333
16,"cube-3738-bin","zzzz",1623115346067195681,1623115346071179773,287,592,1776
16,"cube-3738-bin","post",1623115346071190576,1623115346071397132
16,"cube-3300-bin.cgns","prep",1623115346071413328,1623115346074681315
16,"cube-3300-bin.cgns","zzzz",1623115346074684093,1623115347909285738,33040,48951,146853
16,"cube-3300-bin.cgns","post",1623115347909306097,1623115347909325898
16,"cube-2532-bin","prep",1623115347909354570,1623115348221623478
16,"cube-2532-bin","zzzz",1623115348221627924,1623115429086280014,461181,638214,1914642
16,"cube-2532-bin","post",1623115429086294905,1623115429129636147
16,"cube-3918-bin.cgns","prep",1623115429129673182,1623115429130800361
16,"cube-3918-bin.cgns","zzzz",1623115429130803398,1623115429132549929,138,317,951
16,"cube-3918-bin.cgns","post",1623115429132553530,1623115429132612972
16,"cube-3702-stl-bin","mesh",1623115429132654391,1623115431743929726
16,"cube-3702-stl-bin","prep",1623115431745032183,1623115431993247473
16,"cube-3702-stl-bin","zzzz",1623115431993255474,1623115458420305985,188845,301864,905592
16,"cube-3702-stl-bin","post",1623115458420319691,1623115458513213929
16,"cube-309-asc","prep",1623115458513256242,1623115458534680725
16,"cube-309-asc","zzzz",1623115458534684190,1623115458540320366,370,773,2319
16,"cube-309-asc","post",1623115458540331186,1623115458540613148
16,"cube-3628-bin","prep",1623115458540651450,1623115458548558720
16,"cube-3628-bin","zzzz",1623115458548560993,1623115458551462043,208,463,1389
16,"cube-3628-bin","post",1623115458551472148,1623115458551717754
16,"cube-2910-stl-bin","mesh",1623115458551754835,1623115465389029428
16,"cube-2910-stl-bin","prep",1623115465601292097,1623115465949533461
16,"cube-2910-stl-bin","zzzz",1623115465949540846,1623115561008635513,466939,710589,2131767
16,"cube-2910-stl-bin","post",1623115561008654698,1623115561201131955
16,"cube-1303-geo","mesh",1623115561201175700,1623115562273451464
16,"cube-1303-geo","prep",1623115562274563260,1623115562358425971
16,"cube-1303-geo","zzzz",1623115562358431565,1623115567200797590,65720,95345,286035
16,"cube-1303-geo","post",1623115567200809685,1623115567230356289
16,"cube-408-asc","prep",1623115567230389397,1623115567293935109
16,"cube-408-asc","zzzz",1623115567293941890,1623115574226731373,84652,121806,365418
16,"cube-408-asc","post",1623115574226742740,1623115574235704360
16,"cube-1768-asc","prep",1623115574235737042,1623115574524373538
16,"cube-1768-asc","zzzz",1623115574524379982,1623115642575197829,409951,568964,1706892
16,"cube-1768-asc","post",1623115642575213787,1623115642611884250
16,"cube-3880-asc","prep",1623115642611931361,1623115642618444510
16,"cube-3880-asc","zzzz",1623115642618447958,1623115642629180700,656,1263,3789
16,"cube-3880-asc","post",1623115642629190913,1623115642629466511
16,"cube-50-bin","prep",1623115642629506306,1623115642650677957
16,"cube-50-bin","zzzz",1623115642650681733,1623115644951944395,38795,57239,171717
16,"cube-50-bin","post",1623115644951958768,1623115644958099838
16,"cube-2525-bin","prep",1623115644958136867,1623115644962588167
16,"cube-2525-bin","zzzz",1623115644962590924,1623115645194592613,7382,11667,35001
16,"cube-2525-bin","post",1623115645194603110,1623115645195851039
16,"cube-2133-bin","prep",1623115645195992680,1623115646811256452
16,"cube-2133-bin","zzzz",1623115646811264211,1623116239631161887,2016353,2733173,8199519
16,"cube-2133-bin","post",1623116239631175787,1623116239916563862
16,"cube-3114-bin","prep",1623116239917204768,1623116240034775171
16,"cube-3114-bin","zzzz",1623116240034782323,1623116260075383085,177899,250450,751350
16,"cube-3114-bin","post",1623116260075398297,1623116260092258680
16,"cube-1056-asc","prep",1623116260092304006,1623116260099998621
16,"cube-1056-asc","zzzz",1623116260100002654,1623116260103231851,240,503,1509
16,"cube-1056-asc","post",1623116260103242382,1623116260103458341
16,"cube-3233-stl-bin","mesh",1623116260103500435,1623116264361547739
16,"cube-3233-stl-bin","prep",1623116264362641267,1623116264746292971
16,"cube-3233-stl-bin","zzzz",1623116264746301760,1623116311312387024,280320,441608,1324824
16,"cube-3233-stl-bin","post",1623116311312405812,1623116311444996385
16,"cube-2765-bin","prep",1623116311445044799,1623116311472115964
16,"cube-2765-bin","zzzz",1623116311472120173,1623116311560023261,3573,5919,17757
16,"cube-2765-bin","post",1623116311560033856,1623116311561077442
16,"cube-3792-geo","mesh",1623116311561106622,1623116311647990357
16,"cube-3792-geo","prep",1623116311649023381,1623116311649968551
16,"cube-3792-geo","zzzz",1623116311649970662,1623116311667403702,996,1823,5469
16,"cube-3792-geo","post",1623116311667413846,1623116311667871549
16,"cube-3043-asc","prep",1623116311668068002,1623116311742720764
16,"cube-3043-asc","zzzz",1623116311742726530,1623116323620013046,123808,175752,527256
16,"cube-3043-asc","post",1623116323620027133,1623116323636065968
16,"cube-1977-asc","prep",1623116323636112828,1623116323639228869
16,"cube-1977-asc","zzzz",1623116323639230753,1623116327866683582,8370,86882,260646
16,"cube-1977-asc","post",1623116327866698803,1623116327876273306
16,"cube-3079-asc","prep",1623116327876305935,1623116327878976802
16,"cube-3079-asc","zzzz",1623116327878979023,1623116328010926516,4852,7867,23601
16,"cube-3079-asc","post",1623116328010943145,1623116328011668545
16,"cube-2241-bin","prep",1623116328011824470,1623116328012459657
16,"cube-2241-bin","zzzz",1623116328012461810,1623116328028499983,961,1712,5136
16,"cube-2241-bin","post",1623116328028507764,1623116328028647237
16,"cube-3824-geo","mesh",1623116328028733071,1623116328429570091
16,"cube-3824-geo","prep",1623116328430700691,1623116328467696214
16,"cube-3824-geo","zzzz",1623116328467700643,1623116329615803479,23520,35424,106272
16,"cube-3824-geo","post",1623116329615812928,1623116329630263954
16,"cube-1472-geo","mesh",1623116329631599711,1623116329665628353
16,"cube-1472-geo","prep",1623116329666703780,1623116329667882643
16,"cube-1472-geo","zzzz",1623116329667884826,1623116329691716575,1276,2309,6927
16,"cube-1472-geo","post",1623116329691721509,1623116329692220162
16,"cube-2544-bin","prep",1623116329692241340,1623116329693093459
16,"cube-2544-bin","zzzz",1623116329693095083,1623116329721534861,1472,2638,7914
16,"cube-2544-bin","post",1623116329721549160,1623116329721740965
16,"cube-156-stl-bin","mesh",1623116329721763701,1623116338366685248
16,"cube-156-stl-bin","prep",1623116338367756716,1623116339173032465
16,"cube-156-stl-bin","zzzz",1623116339173040312,1623116465513822235,567593,857879,2573637
16,"cube-156-stl-bin","post",1623116465513854391,1623116465810104603
16,"cube-2313-asc","prep",1623116465810148654,1623116465931687295
16,"cube-2313-asc","zzzz",1623116465931691446,1623116481666898537,150516,212697,638091
16,"cube-2313-asc","post",1623116481666916665,1623116481683610323
16,"cube-266-asc","prep",1623116481683657421,1623116481710373151
16,"cube-266-asc","zzzz",1623116481710376768,1623116481715531226,345,722,2166
16,"cube-266-asc","post",1623116481715541701,1623116481715710222
16,"cube-226-bin.cgns","prep",1623116481715748404,1623116481760735400
16,"cube-226-bin.cgns","zzzz",1623116481760738272,1623116481762818034,169,356,1068
16,"cube-226-bin.cgns","post",1623116481762827993,1623116481762897659
16,"cube-3418-asc","prep",1623116481762946950,1623116481773814844
16,"cube-3418-asc","zzzz",1623116481773817049,1623116481828014902,2446,4215,12645
16,"cube-3418-asc","post",1623116481828024903,1623116481828307164
16,"cube-647-bin","prep",1623116481828408799,1623116483226809326
16,"cube-647-bin","zzzz",1623116483226815373,1623116979744361321,1763889,2392905,7178715
16,"cube-647-bin","post",1623116979744377504,1623116980010920405
16,"cube-479-geo","mesh",1623116980011371736,1623116990196511480
16,"cube-479-geo","prep",1623116990197561262,1623116991013399935
16,"cube-479-geo","zzzz",1623116991013405515,1623117138703424757,702537,963784,2891352
16,"cube-479-geo","post",1623117138704262314,1623117138944730972
16,"cube-3759-geo","mesh",1623117138944890365,1623117140010162697
16,"cube-3759-geo","prep",1623117140011245280,1623117140096188124
16,"cube-3759-geo","zzzz",1623117140096193883,1623117144913185374,65507,95023,285069
16,"cube-3759-geo","post",1623117144913196201,1623117144944960239
16,"cube-3299-bin","prep",1623117144947508956,1623117144957579705
16,"cube-3299-bin","zzzz",1623117144957581911,1623117145076114904,4470,7298,21894
16,"cube-3299-bin","post",1623117145076125578,1623117145077072034
16,"cube-2171-bin","prep",1623117145077224882,1623117145084713130
16,"cube-2171-bin","zzzz",1623117145084715507,1623117145203019955,4467,7289,21867
16,"cube-2171-bin","post",1623117145203024782,1623117145203474808
16,"cube-403-stl-bin","mesh",1623117145203491779,1623117146013635664
16,"cube-403-stl-bin","prep",1623117146014772565,1623117146094504563
16,"cube-403-stl-bin","zzzz",1623117146094512228,1623117151541175539,59548,103333,309999
16,"cube-403-stl-bin","post",1623117151541190705,1623117151578013697
16,"cube-809-asc","prep",1623117151578049599,1623117151584416857
16,"cube-809-asc","zzzz",1623117151584419487,1623117157688649713,10148,111713,335139
16,"cube-809-asc","post",1623117157688664829,1623117157714143048
16,"cube-297-bin","prep",1623117157714173696,1623117157722486607
16,"cube-297-bin","zzzz",1623117157722489736,1623117157732967515,645,1240,3720
16,"cube-297-bin","post",1623117157732977839,1623117157733082970
16,"cube-3656-bin","prep",1623117157733098122,1623117157739289648
16,"cube-3656-bin","zzzz",1623117157739291970,1623117157744186586,339,694,2082
16,"cube-3656-bin","post",1623117157744196570,1623117157744374920
16,"cube-1476-asc","prep",1623117157744408365,1623117157745139992
16,"cube-1476-asc","zzzz",1623117157745141523,1623117158168803079,2716,17743,53229
16,"cube-1476-asc","post",1623117158168813117,1623117158171087706
16,"cube-1072-geo","mesh",1623117158171103306,1623117158399868385
16,"cube-1072-geo","prep",1623117158400925247,1623117158412754545
16,"cube-1072-geo","zzzz",1623117158412757253,1623117159025467971,14919,22923,68769
16,"cube-1072-geo","post",1623117159025478078,1623117159029587174
16,"cube-3582-stl-bin","mesh",1623117159029610106,1623117159034331015
16,"cube-3582-stl-bin","prep",1623117159035341579,1623117159035463597
16,"cube-3582-stl-bin","zzzz",1623117159035465478,1623117159039905039,173,644,1932
16,"cube-3582-stl-bin","post",1623117159039915145,1623117159040059066
16,"cube-1248-geo","mesh",1623117159040085910,1623117159072805711
16,"cube-1248-geo","prep",1623117159073761505,1623117159074993492
16,"cube-1248-geo","zzzz",1623117159074995681,1623117159107787788,1619,2935,8805
16,"cube-1248-geo","post",1623117159107797702,1623117159108553767
16,"cube-3824-asc","prep",1623117159108569018,1623117159108873825
16,"cube-3824-asc","zzzz",1623117159108875148,1623117159113687544,224,685,2055
16,"cube-3824-asc","post",1623117159113697628,1623117159113828840
16,"cube-3291-geo","mesh",1623117159113847293,1623117164364095231
16,"cube-3291-geo","prep",1623117164365134509,1623117164790625725
16,"cube-3291-geo","zzzz",1623117164790631494,1623117217776764962,345903,481465,1444395
16,"cube-3291-geo","post",1623117217776773971,1623117217929102865
16,"cube-783-asc","prep",1623117217929215171,1623117217942055585
16,"cube-783-asc","zzzz",1623117217942058532,1623117217946117712,295,602,1806
16,"cube-783-asc","post",1623117217946132114,1623117217946283598
16,"cube-3907-stl-bin","mesh",1623117217946301559,1623117219101391392
16,"cube-3907-stl-bin","prep",1623117219102510988,1623117219205534661
16,"cube-3907-stl-bin","zzzz",1623117219205542246,1623117228386969492,88471,147554,442662
16,"cube-3907-stl-bin","post",1623117228386985778,1623117228439877415
16,"cube-2574-asc","prep",1623117228439913293,1623117228443610755
16,"cube-2574-asc","zzzz",1623117228443612740,1623117228454283247,368,1257,3771
16,"cube-2574-asc","post",1623117228454293440,1623117228454601314
16,"cube-1814-geo","mesh",1623117228454634138,1623117228501853684
16,"cube-1814-geo","prep",1623117228502899762,1623117228504093117
16,"cube-1814-geo","zzzz",1623117228504095262,1623117228535953922,1568,2872,8616
16,"cube-1814-geo","post",1623117228535963851,1623117228536653248
16,"cube-1904-asc","prep",1623117228536912775,1623117228543809843
16,"cube-1904-asc","zzzz",1623117228543812366,1623117229011729428,12254,19014,57042
16,"cube-1904-asc","post",1623117229011734190,1623117229013082422
16,"cube-3516-asc","prep",1623117229013100505,1623117229013818639
16,"cube-3516-asc","zzzz",1623117229013820368,1623117229029530501,941,1685,5055
16,"cube-3516-asc","post",1623117229029540502,1623117229029747062
16,"cube-1935-asc","prep",1623117229029790414,1623117229030359491
16,"cube-1935-asc","zzzz",1623117229030361342,1623117229049447444,1045,1952,5856
16,"cube-1935-asc","post",1623117229049457481,1623117229049758152
16,"cube-1254-bin","prep",1623117229049770545,1623117229050333714
16,"cube-1254-bin","zzzz",1623117229050335602,1623117229068404321,1036,1873,5619
16,"cube-1254-bin","post",1623117229068409053,1623117229068567883
16,"cube-1992-geo","mesh",1623117229068622104,1623117229075552296
16,"cube-1992-geo","prep",1623117229076610358,1623117229076788415
16,"cube-1992-geo","zzzz",1623117229076790259,1623117229078849949,175,360,1080
16,"cube-1992-geo","post",1623117229078854096,1623117229079116501
16,"cube-1961-bin","prep",1623117229079130302,1623117229079451528
16,"cube-1961-bin","zzzz",1623117229079452539,1623117229083363472,281,584,1752
16,"cube-1961-bin","post",1623117229083373592,1623117229083539828
16,"cube-3477-geo","mesh",1623117229083572487,1623117230404340240
16,"cube-3477-geo","prep",1623117230405598771,1623117230515630851
16,"cube-3477-geo","zzzz",1623117230515637341,1623117237684901871,86565,124670,374010
16,"cube-3477-geo","post",1623117237684916651,1623117237735865991
16,"cube-3214-geo","mesh",1623117237739441238,1623117239079016388
16,"cube-3214-geo","prep",1623117239080127200,1623117239179864966
16,"cube-3214-geo","zzzz",1623117239179870886,1623117246281859629,86203,123847,371541
16,"cube-3214-geo","post",1623117246281871913,1623117246326591092
16,"cube-2902-bin","prep",1623117246330238381,1623117246338480106
16,"cube-2902-bin","zzzz",1623117246338482676,1623117246420282066,3416,5627,16881
16,"cube-2902-bin","post",1623117246420292764,1623117246421109770
16,"Proc","exit_task",1623113578265345860,1623117246458611336,3013536
