3,"build/tests/sizes/cube-741-bin.cgns","scan",1623113600182423203,1623113600264488998
3,"build/tests/sizes/cube-741-bin.cgns","chck",1623113600158971537,1623113600264621258
3,"build/tests/sizes/cube-731-bin.cgns","scan",1623113600302827523,1623113600357869957
3,"build/tests/sizes/cube-731-bin.cgns","chck",1623113600264622857,1623113600357875367
3,"build/tests/sizes/cube-2919-asc.msh2","scan",1623113600359008231,1623113613800907976
3,"build/tests/sizes/cube-2919-asc.msh2","chck",1623113600357876546,1623113613800942046
3,"build/tests/sizes/cube-3051-asc.mesh","scan",1623113613801625695,1623113613807569683
3,"build/tests/sizes/cube-3051-asc.mesh","chck",1623113613800943402,1623113613807576365
3,"build/tests/sizes/cube-379-asc.bdf","scan",1623113613839101879,1623113613891467262
3,"build/tests/sizes/cube-379-asc.bdf","chck",1623113613807577651,1623113613891473372
3,"build/tests/sizes/cube-1013-geo.geo","scan",1623113613900974039,1623113613903325376
3,"build/tests/sizes/cube-1013-geo.geo","chck",1623113613891474547,1623113613903329951
3,"build/tests/sizes/cube-2528-asc.mesh","scan",1623113613903838664,1623113614274114877
3,"build/tests/sizes/cube-2528-asc.mesh","chck",1623113613903331302,1623113614274121735
3,"build/tests/sizes/cube-453-asc.mesh","scan",1623113614284480024,1623113618099516485
3,"build/tests/sizes/cube-453-asc.mesh","chck",1623113614274122771,1623113618099528648
3,"build/tests/sizes/cube-495-bin.msh2","scan",1623113618119327976,1623113618128287742
3,"build/tests/sizes/cube-495-bin.msh2","chck",1623113618099529963,1623113618128293455
3,"build/tests/sizes/cube-1637-bin.vtk","scan",1623113618128856726,1623113620317295117
3,"build/tests/sizes/cube-1637-bin.vtk","chck",1623113618128294487,1623113620317302366
3,"build/tests/sizes/cube-1459-asc.mesh","scan",1623113620333723207,1623113620358966714
3,"build/tests/sizes/cube-1459-asc.mesh","chck",1623113620317303714,1623113620358973240
3,"build/tests/sizes/cube-102-bin.vtk","scan",1623113620368500349,1623113622518035021
3,"build/tests/sizes/cube-102-bin.vtk","chck",1623113620358974552,1623113622518042167
3,"build/tests/sizes/cube-2479-asc.msh2","scan",1623113622518854735,1623113622522584500
3,"build/tests/sizes/cube-2479-asc.msh2","chck",1623113622518043770,1623113622522591009
3,"build/tests/sizes/cube-484-bin.cgns","scan",1623113622554847686,1623113622810309248
3,"build/tests/sizes/cube-484-bin.cgns","chck",1623113622522592300,1623113622810316946
3,"build/tests/sizes/cube-3522-asc.bdf","scan",1623113622811068789,1623113631965423229
3,"build/tests/sizes/cube-3522-asc.bdf","chck",1623113622810318266,1623113631965437326
3,"build/tests/sizes/cube-1647-stl-bin.geo","scan",1623113631982848658,1623113631984199849
3,"build/tests/sizes/cube-1647-stl-bin.geo","chck",1623113631965439956,1623113631984205756
3,"build/tests/sizes/cube-435-asc.mesh","scan",1623113632001224844,1623113632001258645
3,"build/tests/sizes/cube-435-asc.mesh","chck",1623113631984207169,1623113632001264697
3,"build/tests/sizes/cube-2557-bin.cgns","scan",1623113632076299689,1623113632181979930
3,"build/tests/sizes/cube-2557-bin.cgns","chck",1623113632001265607,1623113632181987387
3,"build/tests/sizes/cube-2776-asc.bdf","scan",1623113632182651988,1623113632182677560
3,"build/tests/sizes/cube-2776-asc.bdf","chck",1623113632181988398,1623113632182681135
3,"build/tests/sizes/cube-337-stl-bin.geo","scan",1623113632186866414,1623113632186882903
3,"build/tests/sizes/cube-337-stl-bin.geo","chck",1623113632182681886,1623113632186885090
3,"build/tests/sizes/cube-1493-asc.msh2","scan",1623113632187391260,1623113632187408375
3,"build/tests/sizes/cube-1493-asc.msh2","chck",1623113632186885837,1623113632187410263
3,"build/tests/sizes/cube-3812-geo.geo_unrolled","scan",1623113632187917541,1623113632187931015
3,"build/tests/sizes/cube-3812-geo.geo_unrolled","chck",1623113632187411068,1623113632187932710
3,"build/tests/sizes/cube-2315-stl-bin.geo","scan",1623113632198588653,1623113632198605553
3,"build/tests/sizes/cube-2315-stl-bin.geo","chck",1623113632187933461,1623113632198607650
3,"build/tests/sizes/cube-474-asc.mesh","scan",1623113632221011114,1623113632221035012
3,"build/tests/sizes/cube-474-asc.mesh","chck",1623113632198608360,1623113632221039838
3,"build/tests/sizes/cube-2394-bin.msh2","scan",1623113632222405880,1623113632222426618
3,"build/tests/sizes/cube-2394-bin.msh2","chck",1623113632221040500,1623113632222428773
3,"build/tests/sizes/cube-3439-geo.geo","scan",1623113632222956344,1623113632222986788
3,"build/tests/sizes/cube-3439-geo.geo","chck",1623113632222429419,1623113632222988442
3,"build/tests/sizes/cube-3677-geo.geo_unrolled","scan",1623113632236653392,1623113632236672501
3,"build/tests/sizes/cube-3677-geo.geo_unrolled","chck",1623113632222989182,1623113632236675782
3,"build/tests/sizes/cube-3325-asc.msh2","scan",1623113632237199102,1623113632237215127
3,"build/tests/sizes/cube-3325-asc.msh2","chck",1623113632236676634,1623113632237217144
3,"build/tests/sizes/cube-3251-stl-bin.geo","scan",1623113632237777187,1623113632237791430
3,"build/tests/sizes/cube-3251-stl-bin.geo","chck",1623113632237217998,1623113632237793804
3,"build/tests/sizes/cube-437-asc.mesh","scan",1623113632250203269,1623113632250225747
3,"build/tests/sizes/cube-437-asc.mesh","chck",1623113632237794606,1623113632250228959
3,"build/tests/sizes/cube-2462-bin.cgns","scan",1623113632262363201,1623113632312724519
3,"build/tests/sizes/cube-2462-bin.cgns","chck",1623113632250229819,1623113632312735013
3,"build/tests/sizes/cube-3743-asc.msh2","scan",1623113632327154778,1623113632327189295
3,"build/tests/sizes/cube-3743-asc.msh2","chck",1623113632312736148,1623113632327196214
3,"build/tests/sizes/cube-1567-bin.msh2","scan",1623113632342091377,1623113632342118986
3,"build/tests/sizes/cube-1567-bin.msh2","chck",1623113632327197797,1623113632342124695
3,"build/tests/sizes/cube-3154-asc.mesh","scan",1623113632342619233,1623113632342650401
3,"build/tests/sizes/cube-3154-asc.mesh","chck",1623113632342125794,1623113632342652463
3,"build/tests/sizes/cube-637-stl-bin.geo","scan",1623113632361750390,1623113632361770970
3,"build/tests/sizes/cube-637-stl-bin.geo","chck",1623113632342653184,1623113632361774906
3,"build/tests/sizes/cube-1672-bin.msh2","scan",1623113632375433386,1623113632375457128
3,"build/tests/sizes/cube-1672-bin.msh2","chck",1623113632361775662,1623113632375460124
3,"build/tests/sizes/cube-485-bin.msh4","scan",1623113632376754488,1623113632376770642
3,"build/tests/sizes/cube-485-bin.msh4","chck",1623113632375460865,1623113632376772970
3,"build/tests/sizes/cube-3827-asc.msh2","scan",1623113632380891158,1623113632380908858
3,"build/tests/sizes/cube-3827-asc.msh2","chck",1623113632376773731,1623113632380911463
3,"build/tests/sizes/cube-2808-bin.cgns","scan",1623113632393152149,1623113632506478102
3,"build/tests/sizes/cube-2808-bin.cgns","chck",1623113632380912138,1623113632506483412
3,"build/tests/sizes/cube-2787-bin.msh2","scan",1623113632520028606,1623113632520055360
3,"build/tests/sizes/cube-2787-bin.msh2","chck",1623113632506484396,1623113632520060638
3,"build/tests/sizes/cube-3882-asc.mesh","scan",1623113632539879664,1623113632539901805
3,"build/tests/sizes/cube-3882-asc.mesh","chck",1623113632520061597,1623113632539905645
3,"build/tests/sizes/cube-1495-bin.cgns","scan",1623113632543009768,1623113632561408348
3,"build/tests/sizes/cube-1495-bin.cgns","chck",1623113632539906600,1623113632561413337
3,"build/tests/sizes/cube-1106-geo.geo","scan",1623113632585392910,1623113632585423066
3,"build/tests/sizes/cube-1106-geo.geo","chck",1623113632561414219,1623113632585428408
3,"build/tests/sizes/cube-3215-asc.bdf","scan",1623113632585978424,1623113632585996187
3,"build/tests/sizes/cube-3215-asc.bdf","chck",1623113632585429465,1623113632585998755
3,"build/tests/sizes/cube-1361-bin.msh4","scan",1623113632603327077,1623113632603350065
3,"build/tests/sizes/cube-1361-bin.msh4","chck",1623113632585999608,1623113632603353608
3,"build/tests/sizes/cube-407-bin.cgns","scan",1623113632619327279,1623113632707101824
3,"build/tests/sizes/cube-407-bin.cgns","chck",1623113632603354483,1623113632707106899
3,"build/tests/sizes/cube-2951-asc.msh2","scan",1623113632727243326,1623113632727272519
3,"build/tests/sizes/cube-2951-asc.msh2","chck",1623113632707107997,1623113632727493846
3,"build/tests/sizes/cube-2645-geo.geo_unrolled","scan",1623113632728023150,1623113632728039217
3,"build/tests/sizes/cube-2645-geo.geo_unrolled","chck",1623113632727495463,1623113632728041329
3,"build/tests/sizes/cube-2833-asc.mesh","scan",1623113632728527596,1623113632728544041
3,"build/tests/sizes/cube-2833-asc.mesh","chck",1623113632728042176,1623113632728546120
3,"build/tests/sizes/cube-2096-bin.cgns","scan",1623113632731771738,1623113632750422005
3,"build/tests/sizes/cube-2096-bin.cgns","chck",1623113632728546907,1623113632750427052
3,"build/tests/sizes/cube-3308-bin.cgns","scan",1623113632753573051,1623113632772532483
3,"build/tests/sizes/cube-3308-bin.cgns","chck",1623113632750428041,1623113632772537225
3,"build/tests/sizes/cube-3134-bin.cgns","scan",1623113632776024930,1623113632794807990
3,"build/tests/sizes/cube-3134-bin.cgns","chck",1623113632772538240,1623113632794812437
3,"build/tests/sizes/cube-2871-bin.cgns","scan",1623113632799484253,1623113632819204015
3,"build/tests/sizes/cube-2871-bin.cgns","chck",1623113632794813535,1623113632819208681
3,"build/tests/sizes/cube-3576-bin.msh4","scan",1623113632819875075,1623113632819899382
3,"build/tests/sizes/cube-3576-bin.msh4","chck",1623113632819209629,1623113632819902363
3,"build/tests/sizes/cube-2869-bin.vtk","scan",1623113632820386715,1623113632820402351
3,"build/tests/sizes/cube-2869-bin.vtk","chck",1623113632819903224,1623113632820404405
3,"build/tests/sizes/cube-154-bin.msh2","scan",1623113632833559971,1623113632833576826
3,"build/tests/sizes/cube-154-bin.msh2","chck",1623113632820405161,1623113632833578811
3,"build/tests/sizes/cube-2032-geo.geo","scan",1623113632850885540,1623113632850900641
3,"build/tests/sizes/cube-2032-geo.geo","chck",1623113632833579631,1623113632850902827
3,"build/tests/sizes/cube-2035-geo.geo","scan",1623113632870574263,1623113632870589948
3,"build/tests/sizes/cube-2035-geo.geo","chck",1623113632850903794,1623113632870592352
3,"build/tests/sizes/cube-3684-bin.cgns","scan",1623113632874785544,1623113632894318751
3,"build/tests/sizes/cube-3684-bin.cgns","chck",1623113632870593101,1623113632894323449
3,"build/tests/sizes/cube-3710-geo.geo","scan",1623113632894950971,1623113632894974228
3,"build/tests/sizes/cube-3710-geo.geo","chck",1623113632894324535,1623113632894977498
3,"build/tests/sizes/cube-1650-bin.cgns","scan",1623113632921150920,1623113632971352645
3,"build/tests/sizes/cube-1650-bin.cgns","chck",1623113632894978341,1623113632971357872
3,"build/tests/sizes/cube-3834-bin.msh2","scan",1623113632971957818,1623113632971980955
3,"build/tests/sizes/cube-3834-bin.msh2","chck",1623113632971358809,1623113632971984181
3,"build/tests/sizes/cube-2332-bin.msh2","scan",1623113632973015507,1623113632973033172
3,"build/tests/sizes/cube-2332-bin.msh2","chck",1623113632971985028,1623113632973035459
3,"build/tests/sizes/cube-2073-asc.msh2","scan",1623113632995736194,1623113632995757096
3,"build/tests/sizes/cube-2073-asc.msh2","chck",1623113632973036230,1623113632995760161
3,"build/tests/sizes/cube-1198-asc.msh2","scan",1623113633008419076,1623113633008436499
3,"build/tests/sizes/cube-1198-asc.msh2","chck",1623113632995760938,1623113633008438720
3,"build/tests/sizes/cube-1610-bin.vtk","scan",1623113633028608515,1623113633028627271
3,"build/tests/sizes/cube-1610-bin.vtk","chck",1623113633008439492,1623113633028629747
3,"build/tests/sizes/cube-717-geo.geo","scan",1623113633046475845,1623113633046494041
3,"build/tests/sizes/cube-717-geo.geo","chck",1623113633028630492,1623113633046496422
3,"build/tests/sizes/cube-1868-stl-bin.geo","scan",1623113633064412392,1623113633064427962
3,"build/tests/sizes/cube-1868-stl-bin.geo","chck",1623113633046497186,1623113633064430616
3,"build/tests/sizes/cube-3600-geo.geo_unrolled","scan",1623113633080465828,1623113633080486187
3,"build/tests/sizes/cube-3600-geo.geo_unrolled","chck",1623113633064431390,1623113633080490035
3,"build/tests/sizes/cube-1021-bin.vtk","scan",1623113633126185426,1623113633126222176
3,"build/tests/sizes/cube-1021-bin.vtk","chck",1623113633080490973,1623113633126228605
3,"build/tests/sizes/cube-788-bin.msh4","scan",1623113633138716519,1623113633138736800
3,"build/tests/sizes/cube-788-bin.msh4","chck",1623113633126229467,1623113633138741090
3,"build/tests/sizes/cube-833-asc.mesh","scan",1623113633147189163,1623113633147206707
3,"build/tests/sizes/cube-833-asc.mesh","chck",1623113633138741764,1623113633147210461
3,"build/tests/sizes/cube-1452-stl-bin.geo","scan",1623113633162011410,1623113633162037276
3,"build/tests/sizes/cube-1452-stl-bin.geo","chck",1623113633147211176,1623113633162042311
3,"build/tests/sizes/cube-759-asc.msh2","scan",1623113633181199318,1623113633181218561
3,"build/tests/sizes/cube-759-asc.msh2","chck",1623113633162043644,1623113633181221486
3,"build/tests/sizes/cube-1264-geo.geo_unrolled","scan",1623113633197307774,1623113633197327873
3,"build/tests/sizes/cube-1264-geo.geo_unrolled","chck",1623113633181222313,1623113633197331258
3,"build/tests/sizes/cube-3318-bin.vtk","scan",1623113633216860060,1623113633216888506
3,"build/tests/sizes/cube-3318-bin.vtk","chck",1623113633197332053,1623113633216893680
3,"build/tests/sizes/cube-3465-bin.vtk","scan",1623113633235229609,1623113633235260279
3,"build/tests/sizes/cube-3465-bin.vtk","chck",1623113633216894583,1623113633235266051
3,"build/tests/sizes/cube-929-bin.msh2","scan",1623113633244178826,1623113633244203149
3,"build/tests/sizes/cube-929-bin.msh2","chck",1623113633235267010,1623113633244208267
3,"build/tests/sizes/cube-1671-stl-bin.geo","scan",1623113633264515157,1623113633264532241
3,"build/tests/sizes/cube-1671-stl-bin.geo","chck",1623113633244209166,1623113633264535158
3,"build/tests/sizes/cube-3809-asc.msh2","scan",1623113633265046920,1623113633265061716
3,"build/tests/sizes/cube-3809-asc.msh2","chck",1623113633264535993,1623113633265063722
3,"build/tests/sizes/cube-581-bin.cgns","scan",1623113633284075501,1623113633373523602
3,"build/tests/sizes/cube-581-bin.cgns","chck",1623113633265064479,1623113633373529062
3,"build/tests/sizes/cube-258-stl-bin.geo","scan",1623113633382877048,1623113633382908470
3,"build/tests/sizes/cube-258-stl-bin.geo","chck",1623113633373530199,1623113633382914345
3,"build/tests/sizes/cube-2720-bin.cgns","scan",1623113633387085566,1623113633407246503
3,"build/tests/sizes/cube-2720-bin.cgns","chck",1623113633382915488,1623113633407252760
3,"build/tests/sizes/cube-3612-geo.geo_unrolled","scan",1623113633408115246,1623113633408143903
3,"build/tests/sizes/cube-3612-geo.geo_unrolled","chck",1623113633407254110,1623113633408148139
3,"build/tests/sizes/cube-1744-bin.cgns","scan",1623113633413090986,1623113633440941175
3,"build/tests/sizes/cube-1744-bin.cgns","chck",1623113633408149074,1623113633440946938
3,"build/tests/sizes/cube-98-bin.vtk","scan",1623113633456441256,1623113633456472995
3,"build/tests/sizes/cube-98-bin.vtk","chck",1623113633440948125,1623113633456477866
3,"build/tests/sizes/cube-2729-geo.geo","scan",1623113633457618119,1623113633457634497
3,"build/tests/sizes/cube-2729-geo.geo","chck",1623113633456478807,1623113633457637295
3,"build/tests/sizes/cube-3366-asc.mesh","scan",1623113633473875287,1623113633473896083
3,"build/tests/sizes/cube-3366-asc.mesh","chck",1623113633457638031,1623113633473915559
3,"build/tests/sizes/cube-3675-bin.vtk","scan",1623113633474448775,1623113633474463476
3,"build/tests/sizes/cube-3675-bin.vtk","chck",1623113633473916263,1623113633474465549
3,"build/tests/sizes/cube-3685-geo.geo","scan",1623113633488489548,1623113633488509153
3,"build/tests/sizes/cube-3685-geo.geo","chck",1623113633474466288,1623113633488512495
3,"build/tests/sizes/cube-3700-asc.bdf","scan",1623113633489049359,1623113633489063679
3,"build/tests/sizes/cube-3700-asc.bdf","chck",1623113633488513449,1623113633489065584
3,"build/tests/sizes/cube-1331-geo.geo_unrolled","scan",1623113633489582685,1623113633489596309
3,"build/tests/sizes/cube-1331-geo.geo_unrolled","chck",1623113633489066334,1623113633489598144
3,"build/tests/sizes/cube-2482-asc.bdf","scan",1623113633506872368,1623113633506897451
3,"build/tests/sizes/cube-2482-asc.bdf","chck",1623113633489598878,1623113633506901394
3,"build/tests/sizes/cube-3267-asc.mesh","scan",1623113633508088511,1623113633508106181
3,"build/tests/sizes/cube-3267-asc.mesh","chck",1623113633506941930,1623113633508108651
3,"build/tests/sizes/cube-1707-asc.mesh","scan",1623113633509153483,1623113633509169411
3,"build/tests/sizes/cube-1707-asc.mesh","chck",1623113633508109518,1623113633509171603
3,"build/tests/sizes/cube-3132-geo.geo","scan",1623113633528513816,1623113633528529584
3,"build/tests/sizes/cube-3132-geo.geo","chck",1623113633509172315,1623113633528532866
3,"build/tests/sizes/cube-3111-bin.msh2","scan",1623113633529053962,1623113633529068091
3,"build/tests/sizes/cube-3111-bin.msh2","chck",1623113633528533653,1623113633529069951
3,"build/tests/sizes/cube-1662-asc.bdf","scan",1623113633529964192,1623113633529981339
3,"build/tests/sizes/cube-1662-asc.bdf","chck",1623113633529070635,1623113633529983305
3,"build/tests/sizes/cube-1720-geo.geo","scan",1623113633548040826,1623113633548066650
3,"build/tests/sizes/cube-1720-geo.geo","chck",1623113633529984054,1623113633548071552
3,"build/tests/sizes/cube-3779-bin.vtk","scan",1623113633575513753,1623113633575548148
3,"build/tests/sizes/cube-3779-bin.vtk","chck",1623113633548072551,1623113633575554642
3,"build/tests/sizes/cube-216-bin.vtk","scan",1623113633589254507,1623113633589275895
3,"build/tests/sizes/cube-216-bin.vtk","chck",1623113633575555918,1623113633589279862
3,"build/tests/sizes/cube-3766-asc.bdf","scan",1623113633589828345,1623113633589854011
3,"build/tests/sizes/cube-3766-asc.bdf","chck",1623113633589281110,1623113633589856237
3,"build/tests/sizes/cube-803-stl-bin.geo","scan",1623113633601817051,1623113633601833075
3,"build/tests/sizes/cube-803-stl-bin.geo","chck",1623113633589857051,1623113633601835400
3,"build/tests/sizes/cube-701-bin.vtk","scan",1623113633619643837,1623113633619662451
3,"build/tests/sizes/cube-701-bin.vtk","chck",1623113633601836159,1623113633619665420
3,"build/tests/sizes/cube-3200-asc.bdf","scan",1623113633620347871,1623113633620379194
3,"build/tests/sizes/cube-3200-asc.bdf","chck",1623113633619666061,1623113633620381378
3,"build/tests/sizes/cube-3438-asc.bdf","scan",1623113633621614587,1623113633621630992
3,"build/tests/sizes/cube-3438-asc.bdf","chck",1623113633620382099,1623113633621633056
3,"build/tests/sizes/cube-319-asc.bdf","scan",1623113633636803896,1623113633636823228
3,"build/tests/sizes/cube-319-asc.bdf","chck",1623113633621633792,1623113633636825958
3,"build/tests/sizes/cube-3891-bin.msh4","scan",1623113633651441730,1623113633651460913
3,"build/tests/sizes/cube-3891-bin.msh4","chck",1623113633636826641,1623113633651463879
3,"build/tests/sizes/cube-3871-geo.geo_unrolled","scan",1623113633672564862,1623113633672594550
3,"build/tests/sizes/cube-3871-geo.geo_unrolled","chck",1623113633651464577,1623113633672598000
3,"build/tests/sizes/cube-1107-asc.msh2","scan",1623113633677312337,1623113633677330088
3,"build/tests/sizes/cube-1107-asc.msh2","chck",1623113633672598804,1623113633677332731
3,"build/tests/sizes/cube-3836-bin.vtk","scan",1623113633677818195,1623113633677832509
3,"build/tests/sizes/cube-3836-bin.vtk","chck",1623113633677333438,1623113633677856586
3,"build/tests/sizes/cube-2240-asc.msh2","scan",1623113633678329117,1623113633678354027
3,"build/tests/sizes/cube-2240-asc.msh2","chck",1623113633677857365,1623113633678355822
3,"build/tests/sizes/cube-2389-bin.vtk","scan",1623113633678821012,1623113633678835130
3,"build/tests/sizes/cube-2389-bin.vtk","chck",1623113633678356505,1623113633678837079
3,"build/tests/sizes/cube-583-stl-bin.geo","scan",1623113633688180177,1623113633688194731
3,"build/tests/sizes/cube-583-stl-bin.geo","chck",1623113633678837769,1623113633688196834
3,"build/tests/sizes/cube-2743-bin.msh4","scan",1623113633699446402,1623113633699464153
3,"build/tests/sizes/cube-2743-bin.msh4","chck",1623113633688197764,1623113633699466580
3,"cube-2479-asc","prep",1623113633700094038,1623113633700559637
3,"cube-2479-asc","zzzz",1623113633700563707,1623113633707961548,473,958,2874
3,"cube-2479-asc","post",1623113633707963232,1623113633708079378
3,"cube-3522-asc","prep",1623113633708117012,1623113633708117965
3,"cube-3522-asc","zzzz",1623113633708118724,1623113633708172926,0,0,0
3,"cube-3522-asc","post",1623113633708173975,1623113633708182193
3,"cube-2919-asc","prep",1623113633708186435,1623113635481606901
3,"cube-2919-asc","zzzz",1623113635481616377,1623114232408679520,2027649,2747387,8242161
3,"cube-2919-asc","post",1623114232408693500,1623114232718819047
3,"cube-2557-bin.cgns","prep",1623114232719602831,1623114232820740296
3,"cube-2557-bin.cgns","zzzz",1623114232820749311,1623114301771692233,413726,573985,1721955
3,"cube-2557-bin.cgns","post",1623114301771702030,1623114301771753366
3,"cube-484-bin.cgns","prep",1623114301772017912,1623114302127362711
3,"cube-484-bin.cgns","zzzz",1623114302127371485,1623114445132243914,686556,940782,2822346
3,"cube-484-bin.cgns","post",1623114445132259781,1623114445132316041
3,"cube-1650-bin.cgns","prep",1623114445132387349,1623114445132817535
3,"cube-1650-bin.cgns","zzzz",1623114445132821069,1623114445136891744,295,602,1806
3,"cube-1650-bin.cgns","post",1623114445136902088,1623114445136944704
3,"cube-1013-geo","mesh",1623114445137015228,1623114445137219014
3,"cube-1013-geo","prep",1623114445137766344,1623114445137767252
3,"cube-1013-geo","zzzz",1623114445137768440,1623114445137824107,0,0,0
3,"cube-1013-geo","post",1623114445137825246,1623114445137962928
3,"cube-2528-asc","prep",1623114445137970141,1623114445139795984
3,"cube-2528-asc","zzzz",1623114445139797599,1623114452399296156,11010,125702,377106
3,"cube-2528-asc","post",1623114452399304312,1623114452429801925
3,"cube-3308-bin.cgns","prep",1623114452429850903,1623114452451297294
3,"cube-3308-bin.cgns","zzzz",1623114452451303463,1623114460665584783,95420,136802,410406
3,"cube-3308-bin.cgns","post",1623114460665603896,1623114460665665101
3,"cube-741-bin.cgns","prep",1623114460665723891,1623114460688219903
3,"cube-741-bin.cgns","zzzz",1623114460688223674,1623114463130768021,40465,59580,178740
3,"cube-741-bin.cgns","post",1623114463130778194,1623114463130822156
3,"cube-2096-bin.cgns","prep",1623114463130905624,1623114463132216588
3,"cube-2096-bin.cgns","zzzz",1623114463132219305,1623114463483609915,9868,15597,46791
3,"cube-2096-bin.cgns","post",1623114463483619927,1623114463483658248
3,"cube-2808-bin.cgns","prep",1623114463483705871,1623114463521396910
3,"cube-2808-bin.cgns","zzzz",1623114463521403549,1623114476994907305,135178,191474,574422
3,"cube-2808-bin.cgns","post",1623114476994924157,1623114476994980060
3,"cube-3134-bin.cgns","prep",1623114476995046182,1623114477007341439
3,"cube-3134-bin.cgns","zzzz",1623114477007347601,1623114490271966614,133618,189454,568362
3,"cube-3134-bin.cgns","post",1623114490271980176,1623114490272032667
3,"cube-407-bin.cgns","prep",1623114490272089281,1623114490296299614
3,"cube-407-bin.cgns","zzzz",1623114490296303674,1623114493547509626,49487,72560,217680
3,"cube-407-bin.cgns","post",1623114493547519864,1623114493547565278
3,"cube-2462-bin.cgns","prep",1623114493547617747,1623114493576347036
3,"cube-2462-bin.cgns","zzzz",1623114493576349982,1623114493584065375,494,983,2949
3,"cube-2462-bin.cgns","post",1623114493584075484,1623114493584112085
3,"cube-102-bin","prep",1623114493584152765,1623114494373772438
3,"cube-102-bin","zzzz",1623114494373779253,1623114789208105139,1186435,1618673,4856019
3,"cube-102-bin","post",1623114789208115204,1623114789308036768
3,"cube-2871-bin.cgns","prep",1623114789308076618,1623114789308655964
3,"cube-2871-bin.cgns","zzzz",1623114789308659741,1623114789359203426,2326,4013,12039
3,"cube-2871-bin.cgns","post",1623114789359211991,1623114789359242426
3,"cube-3684-bin.cgns","prep",1623114789359280801,1623114789378553017
3,"cube-3684-bin.cgns","zzzz",1623114789378560414,1623114811404124083,189655,266998,800994
3,"cube-3684-bin.cgns","post",1623114811404142376,1623114811404173033
3,"cube-2720-bin.cgns","prep",1623114811404207361,1623114811429613977
3,"cube-2720-bin.cgns","zzzz",1623114811429621216,1623114842990824804,242755,340163,1020489
3,"cube-2720-bin.cgns","post",1623114842990854555,1623114842990909125
3,"cube-731-bin.cgns","prep",1623114842991368200,1623114843016783491
3,"cube-731-bin.cgns","zzzz",1623114843016786953,1623114843024537128,497,986,2958
3,"cube-731-bin.cgns","post",1623114843024547040,1623114843024589015
3,"cube-581-bin.cgns","prep",1623114843024634263,1623114843041730183
3,"cube-581-bin.cgns","zzzz",1623114843041733199,1623114843200753249,5573,8963,26889
3,"cube-581-bin.cgns","post",1623114843200763467,1623114843200799820
3,"cube-495-bin","prep",1623114843200859652,1623114843201027293
3,"cube-495-bin","zzzz",1623114843201028470,1623114843203175615,176,363,1089
3,"cube-495-bin","post",1623114843203185728,1623114843203310722
3,"cube-1744-bin.cgns","prep",1623114843203344958,1623114843210942571
3,"cube-1744-bin.cgns","zzzz",1623114843210945931,1623114847419644659,59548,86625,259875
3,"cube-1744-bin.cgns","post",1623114847419660874,1623114847419717595
3,"cube-1459-asc","prep",1623114847419787274,1623114847420085469
3,"cube-1459-asc","zzzz",1623114847420089489,1623114847453508023,752,2977,8931
3,"cube-1459-asc","post",1623114847453518377,1623114847454093062
3,"cube-1495-bin.cgns","prep",1623114847454130475,1623114847687529824
3,"cube-1495-bin.cgns","zzzz",1623114847687538172,1623115455641619146,2053972,2785343,8356029
3,"cube-1495-bin.cgns","post",1623115455641632699,1623115455641687768
3,"cube-379-asc","prep",1623115455641753343,1623115455645098368
3,"cube-379-asc","zzzz",1623115455645101929,1623115455777181151,4853,7872,23616
3,"cube-379-asc","post",1623115455777191469,1623115455778515035
3,"cube-1637-bin","prep",1623115455778732119,1623115456646322833
3,"cube-1637-bin","zzzz",1623115456646327413,1623115783072244750,1280852,1747092,5241276
3,"cube-1637-bin","post",1623115783072265242,1623115783194603579
3,"cube-453-asc","prep",1623115783194647640,1623115783205781784
3,"cube-453-asc","zzzz",1623115783205784681,1623116018279100174,56854,1365765,4097295
3,"cube-453-asc","post",1623116018279115270,1623116018468699602
3,"cube-3051-asc","prep",1623116018468739506,1623116018472045977
3,"cube-3051-asc","zzzz",1623116018472049269,1623116018488313373,416,1731,5193
3,"cube-3051-asc","post",1623116018488318584,1623116018488814042
3,"Proc","exit_task",1623113578265292721,1623116018510378736,2399776
