32,"build/tests/sizes/cube-579-geo.geo","scan",1623113595816899113,1623113595834497638
32,"build/tests/sizes/cube-579-geo.geo","chck",1623113595798853900,1623113595834614271
32,"build/tests/sizes/cube-473-geo.geo_unrolled","scan",1623113595852827741,1623113595867285946
32,"build/tests/sizes/cube-473-geo.geo_unrolled","chck",1623113595834615698,1623113595867289778
32,"build/tests/sizes/cube-2832-geo.geo_unrolled","scan",1623113595888886264,1623113595901279067
32,"build/tests/sizes/cube-2832-geo.geo_unrolled","chck",1623113595867290730,1623113595901282889
32,"build/tests/sizes/cube-2214-stl-bin.geo","scan",1623113595995937026,1623113596023413624
32,"build/tests/sizes/cube-2214-stl-bin.geo","chck",1623113595901283906,1623113596023419858
32,"build/tests/sizes/cube-3162-stl-bin.geo","scan",1623113596036249913,1623113596052180389
32,"build/tests/sizes/cube-3162-stl-bin.geo","chck",1623113596023421032,1623113596052186137
32,"build/tests/sizes/cube-138-geo.geo","scan",1623113596084427515,1623113596085665533
32,"build/tests/sizes/cube-138-geo.geo","chck",1623113596052187309,1623113596085671557
32,"build/tests/sizes/cube-2857-bin.cgns","scan",1623113596106180891,1623113596124015172
32,"build/tests/sizes/cube-2857-bin.cgns","chck",1623113596085672705,1623113596124021240
32,"build/tests/sizes/cube-3799-geo.geo_unrolled","scan",1623113596132253013,1623113596133279112
32,"build/tests/sizes/cube-3799-geo.geo_unrolled","chck",1623113596124022249,1623113596133283017
32,"build/tests/sizes/cube-2339-asc.msh2","scan",1623113596165172013,1623113596494817347
32,"build/tests/sizes/cube-2339-asc.msh2","chck",1623113596133284017,1623113596494830729
32,"build/tests/sizes/cube-3234-asc.mesh","scan",1623113596500038963,1623113596569526028
32,"build/tests/sizes/cube-3234-asc.mesh","chck",1623113596494831829,1623113596569530769
32,"build/tests/sizes/cube-3245-geo.geo_unrolled","scan",1623113596578690409,1623113596589259601
32,"build/tests/sizes/cube-3245-geo.geo_unrolled","chck",1623113596569531827,1623113596589265009
32,"build/tests/sizes/cube-2457-asc.msh2","scan",1623113596598752382,1623113596630548617
32,"build/tests/sizes/cube-2457-asc.msh2","chck",1623113596589266063,1623113596630554358
32,"build/tests/sizes/cube-1217-geo.geo","scan",1623113596662597326,1623113596675559962
32,"build/tests/sizes/cube-1217-geo.geo","chck",1623113596630555581,1623113596675566380
32,"build/tests/sizes/cube-1770-bin.msh2","scan",1623113596707880849,1623113596737200908
32,"build/tests/sizes/cube-1770-bin.msh2","chck",1623113596675567415,1623113596737205712
32,"build/tests/sizes/cube-954-stl-bin.geo","scan",1623113596753368947,1623113596792047951
32,"build/tests/sizes/cube-954-stl-bin.geo","chck",1623113596737206826,1623113596792053387
32,"build/tests/sizes/cube-181-asc.mesh","scan",1623113596807138157,1623113596837983355
32,"build/tests/sizes/cube-181-asc.mesh","chck",1623113596792054492,1623113596837993825
32,"build/tests/sizes/cube-3844-asc.mesh","scan",1623113596845800020,1623113598415828743
32,"build/tests/sizes/cube-3844-asc.mesh","chck",1623113596837994924,1623113598415860033
32,"build/tests/sizes/cube-2412-bin.msh4","scan",1623113598421963239,1623113598457167280
32,"build/tests/sizes/cube-2412-bin.msh4","chck",1623113598415861289,1623113598457172885
32,"build/tests/sizes/cube-668-stl-bin.geo","scan",1623113598472331226,1623113598697266418
32,"build/tests/sizes/cube-668-stl-bin.geo","chck",1623113598457173949,1623113598697272916
32,"build/tests/sizes/cube-97-asc.msh2","scan",1623113598715732438,1623113598742113481
32,"build/tests/sizes/cube-97-asc.msh2","chck",1623113598697274048,1623113598742118946
32,"build/tests/sizes/cube-2140-bin.msh4","scan",1623113598742950482,1623113599963397516
32,"build/tests/sizes/cube-2140-bin.msh4","chck",1623113598742119935,1623113599963420505
32,"build/tests/sizes/cube-2818-asc.mesh","scan",1623113599965798134,1623113600060728174
32,"build/tests/sizes/cube-2818-asc.mesh","chck",1623113599963421858,1623113600060734328
32,"build/tests/sizes/cube-551-asc.mesh","scan",1623113600083297471,1623113600114305277
32,"build/tests/sizes/cube-551-asc.mesh","chck",1623113600060735864,1623113600114311346
32,"build/tests/sizes/cube-2778-stl-bin.geo","scan",1623113600115986343,1623113600121743993
32,"build/tests/sizes/cube-2778-stl-bin.geo","chck",1623113600114315550,1623113600121749534
32,"build/tests/sizes/cube-3256-bin.cgns","scan",1623113600125519618,1623113600146964654
32,"build/tests/sizes/cube-3256-bin.cgns","chck",1623113600121750476,1623113600146975089
32,"build/tests/sizes/cube-3087-asc.msh2","scan",1623113600148890360,1623113600160982900
32,"build/tests/sizes/cube-3087-asc.msh2","chck",1623113600146976297,1623113600160987998
32,"build/tests/sizes/cube-2625-geo.geo","scan",1623113600162555406,1623113600164951845
32,"build/tests/sizes/cube-2625-geo.geo","chck",1623113600160988980,1623113600164956419
32,"build/tests/sizes/cube-2292-asc.mesh","scan",1623113600180497332,1623113600189632795
32,"build/tests/sizes/cube-2292-asc.mesh","chck",1623113600164957571,1623113600189649645
32,"build/tests/sizes/cube-279-bin.vtk","scan",1623113600191812241,1623113600196887543
32,"build/tests/sizes/cube-279-bin.vtk","chck",1623113600189650869,1623113600196893200
32,"build/tests/sizes/cube-194-bin.vtk","scan",1623113600216216349,1623113600239698178
32,"build/tests/sizes/cube-194-bin.vtk","chck",1623113600196894506,1623113600239703786
32,"build/tests/sizes/cube-3815-geo.geo_unrolled","scan",1623113600264052137,1623113600265291896
32,"build/tests/sizes/cube-3815-geo.geo_unrolled","chck",1623113600239704890,1623113600265298049
32,"build/tests/sizes/cube-12-bin.cgns","scan",1623113600289033872,1623113600369517764
32,"build/tests/sizes/cube-12-bin.cgns","chck",1623113600265299133,1623113600369524202
32,"build/tests/sizes/cube-801-asc.msh2","scan",1623113600380821922,1623113600845366637
32,"build/tests/sizes/cube-801-asc.msh2","chck",1623113600369525165,1623113600845374172
32,"build/tests/sizes/cube-3366-stl-bin.geo","scan",1623113600846106661,1623113600852326059
32,"build/tests/sizes/cube-3366-stl-bin.geo","chck",1623113600845375286,1623113600852332929
32,"build/tests/sizes/cube-1612-bin.cgns","scan",1623113600856482121,1623113600877749077
32,"build/tests/sizes/cube-1612-bin.cgns","chck",1623113600852334006,1623113600877756323
32,"build/tests/sizes/cube-2169-bin.cgns","scan",1623113600884982266,1623113600910347233
32,"build/tests/sizes/cube-2169-bin.cgns","chck",1623113600877757613,1623113600910353996
32,"build/tests/sizes/cube-3805-geo.geo","scan",1623113600911158254,1623113600912559367
32,"build/tests/sizes/cube-3805-geo.geo","chck",1623113600910355397,1623113600912563912
32,"build/tests/sizes/cube-3306-asc.msh2","scan",1623113600913117335,1623113603307895646
32,"build/tests/sizes/cube-3306-asc.msh2","chck",1623113600912564937,1623113603307902709
32,"build/tests/sizes/cube-2228-geo.geo","scan",1623113603327705090,1623113603329071446
32,"build/tests/sizes/cube-2228-geo.geo","chck",1623113603307904161,1623113603329076692
32,"build/tests/sizes/cube-1695-bin.vtk","scan",1623113603329601447,1623113603332699657
32,"build/tests/sizes/cube-1695-bin.vtk","chck",1623113603329077843,1623113603332704396
32,"build/tests/sizes/cube-1274-bin.vtk","scan",1623113603356743646,1623113603364387943
32,"build/tests/sizes/cube-1274-bin.vtk","chck",1623113603332705340,1623113603364392950
32,"build/tests/sizes/cube-3992-asc.mesh","scan",1623113603376815234,1623113607971660647
32,"build/tests/sizes/cube-3992-asc.mesh","chck",1623113603364394144,1623113607971673687
32,"build/tests/sizes/cube-2870-asc.mesh","scan",1623113607972277314,1623113607974039302
32,"build/tests/sizes/cube-2870-asc.mesh","chck",1623113607971674866,1623113607974044049
32,"build/tests/sizes/cube-3191-geo.geo_unrolled","scan",1623113607974600991,1623113607975799405
32,"build/tests/sizes/cube-3191-geo.geo_unrolled","chck",1623113607974045336,1623113607975802813
32,"build/tests/sizes/cube-3893-asc.msh2","scan",1623113607985257577,1623113608321226097
32,"build/tests/sizes/cube-3893-asc.msh2","chck",1623113607975803785,1623113608321240485
32,"build/tests/sizes/cube-1057-stl-bin.geo","scan",1623113608335807571,1623113608609902140
32,"build/tests/sizes/cube-1057-stl-bin.geo","chck",1623113608321241941,1623113608609909042
32,"build/tests/sizes/cube-2347-geo.geo_unrolled","scan",1623113608611189420,1623113608612373566
32,"build/tests/sizes/cube-2347-geo.geo_unrolled","chck",1623113608610201264,1623113608612378112
32,"build/tests/sizes/cube-3568-bin.msh2","scan",1623113608630131410,1623113612380469109
32,"build/tests/sizes/cube-3568-bin.msh2","chck",1623113608612379056,1623113612380495300
32,"build/tests/sizes/cube-628-bin.msh4","scan",1623113612389179001,1623113612423805015
32,"build/tests/sizes/cube-628-bin.msh4","chck",1623113612380496581,1623113612423811163
32,"build/tests/sizes/cube-3803-bin.msh4","scan",1623113612437824143,1623113612603064408
32,"build/tests/sizes/cube-3803-bin.msh4","chck",1623113612423812261,1623113612603070302
32,"build/tests/sizes/cube-2708-bin.msh2","scan",1623113612603666988,1623113612624507654
32,"build/tests/sizes/cube-2708-bin.msh2","chck",1623113612603071321,1623113612624513418
32,"build/tests/sizes/cube-3850-asc.mesh","scan",1623113612641116700,1623113612716017190
32,"build/tests/sizes/cube-3850-asc.mesh","chck",1623113612624514647,1623113612716024017
32,"build/tests/sizes/cube-1701-geo.geo_unrolled","scan",1623113612740142329,1623113612741319502
32,"build/tests/sizes/cube-1701-geo.geo_unrolled","chck",1623113612716025246,1623113612741326001
32,"build/tests/sizes/cube-1321-bin.msh4","scan",1623113612773351766,1623113613214770973
32,"build/tests/sizes/cube-1321-bin.msh4","chck",1623113612741327084,1623113613214777373
32,"build/tests/sizes/cube-636-bin.msh4","scan",1623113613215714463,1623113613226150774
32,"build/tests/sizes/cube-636-bin.msh4","chck",1623113613214778332,1623113613226156861
32,"build/tests/sizes/cube-122-asc.bdf","scan",1623113613252000134,1623113621851599516
32,"build/tests/sizes/cube-122-asc.bdf","chck",1623113613226157901,1623113621851607652
32,"build/tests/sizes/cube-849-bin.msh2","scan",1623113621864850038,1623113621865561369
32,"build/tests/sizes/cube-849-bin.msh2","chck",1623113621851608814,1623113621865569348
32,"build/tests/sizes/cube-3634-bin.msh4","scan",1623113621869635435,1623113621869687033
32,"build/tests/sizes/cube-3634-bin.msh4","chck",1623113621865570473,1623113621869693569
32,"build/tests/sizes/cube-691-bin.msh2","scan",1623113621884544440,1623113621884589345
32,"build/tests/sizes/cube-691-bin.msh2","chck",1623113621869694805,1623113621884596456
32,"build/tests/sizes/cube-1479-geo.geo_unrolled","scan",1623113621889205475,1623113621889240013
32,"build/tests/sizes/cube-1479-geo.geo_unrolled","chck",1623113621884597519,1623113621889245888
32,"build/tests/sizes/cube-3671-asc.msh2","scan",1623113621892221117,1623113621892249553
32,"build/tests/sizes/cube-3671-asc.msh2","chck",1623113621889246802,1623113621892253295
32,"build/tests/sizes/cube-2373-asc.mesh","scan",1623113621895813751,1623113621895851377
32,"build/tests/sizes/cube-2373-asc.mesh","chck",1623113621892254274,1623113621895854740
32,"build/tests/sizes/cube-2786-asc.bdf","scan",1623113621914091388,1623113621914128034
32,"build/tests/sizes/cube-2786-asc.bdf","chck",1623113621895855513,1623113621914134343
32,"build/tests/sizes/cube-1536-stl-bin.geo","scan",1623113621932125334,1623113621932167549
32,"build/tests/sizes/cube-1536-stl-bin.geo","chck",1623113621914135166,1623113621932175448
32,"build/tests/sizes/cube-3534-bin.cgns","scan",1623113622058222136,1623113622130875094
32,"build/tests/sizes/cube-3534-bin.cgns","chck",1623113621932176470,1623113622130882452
32,"build/tests/sizes/cube-3829-geo.geo","scan",1623113622131558801,1623113622131590143
32,"build/tests/sizes/cube-3829-geo.geo","chck",1623113622130883531,1623113622131593302
32,"build/tests/sizes/cube-1724-bin.msh4","scan",1623113622132564731,1623113622132586127
32,"build/tests/sizes/cube-1724-bin.msh4","chck",1623113622131594197,1623113622132588901
32,"build/tests/sizes/cube-3389-geo.geo_unrolled","scan",1623113622141039050,1623113622141061148
32,"build/tests/sizes/cube-3389-geo.geo_unrolled","chck",1623113622132589798,1623113622141064840
32,"build/tests/sizes/cube-3968-bin.cgns","scan",1623113622163862894,1623113622197902912
32,"build/tests/sizes/cube-3968-bin.cgns","chck",1623113622141066057,1623113622197908477
32,"build/tests/sizes/cube-3227-bin.vtk","scan",1623113622217073982,1623113622217108007
32,"build/tests/sizes/cube-3227-bin.vtk","chck",1623113622197909615,1623113622217115057
32,"build/tests/sizes/cube-2865-geo.geo","scan",1623113622217641929,1623113622217657762
32,"build/tests/sizes/cube-2865-geo.geo","chck",1623113622217116208,1623113622217659723
32,"build/tests/sizes/cube-3073-asc.bdf","scan",1623113622218200228,1623113622218218442
32,"build/tests/sizes/cube-3073-asc.bdf","chck",1623113622217660479,1623113622218220552
32,"build/tests/sizes/cube-2759-asc.mesh","scan",1623113622219027261,1623113622219044940
32,"build/tests/sizes/cube-2759-asc.mesh","chck",1623113622218221374,1623113622219047306
32,"build/tests/sizes/cube-8-asc.mesh","scan",1623113622233856993,1623113622233880627
32,"build/tests/sizes/cube-8-asc.mesh","chck",1623113622219048063,1623113622233883791
32,"build/tests/sizes/cube-366-stl-bin.geo","scan",1623113622237813069,1623113622237831313
32,"build/tests/sizes/cube-366-stl-bin.geo","chck",1623113622233884632,1623113622237833934
32,"build/tests/sizes/cube-1249-geo.geo_unrolled","scan",1623113622248361359,1623113622248388037
32,"build/tests/sizes/cube-1249-geo.geo_unrolled","chck",1623113622237834823,1623113622248390791
32,"build/tests/sizes/cube-2215-geo.geo_unrolled","scan",1623113622248919762,1623113622248935114
32,"build/tests/sizes/cube-2215-geo.geo_unrolled","chck",1623113622248391628,1623113622248937289
32,"build/tests/sizes/cube-2849-asc.mesh","scan",1623113622249834804,1623113622249860960
32,"build/tests/sizes/cube-2849-asc.mesh","chck",1623113622248938280,1623113622249863537
32,"build/tests/sizes/cube-2695-asc.bdf","scan",1623113622250348232,1623113622250362999
32,"build/tests/sizes/cube-2695-asc.bdf","chck",1623113622249864246,1623113622250365021
32,"build/tests/sizes/cube-3389-asc.bdf","scan",1623113622250858208,1623113622250873117
32,"build/tests/sizes/cube-3389-asc.bdf","chck",1623113622250365805,1623113622250874946
32,"build/tests/sizes/cube-1985-bin.msh4","scan",1623113622251659428,1623113622251676656
32,"build/tests/sizes/cube-1985-bin.msh4","chck",1623113622250875696,1623113622251678780
32,"build/tests/sizes/cube-1195-geo.geo","scan",1623113622271669126,1623113622271692151
32,"build/tests/sizes/cube-1195-geo.geo","chck",1623113622251679443,1623113622271697497
32,"build/tests/sizes/cube-449-geo.geo","scan",1623113622291872570,1623113622291901020
32,"build/tests/sizes/cube-449-geo.geo","chck",1623113622271698785,1623113622291906668
32,"build/tests/sizes/cube-130-geo.geo_unrolled","scan",1623113622310699204,1623113622310720420
32,"build/tests/sizes/cube-130-geo.geo_unrolled","chck",1623113622291907617,1623113622310724570
32,"build/tests/sizes/cube-1889-geo.geo","scan",1623113622329348156,1623113622329369740
32,"build/tests/sizes/cube-1889-geo.geo","chck",1623113622310725550,1623113622329373866
32,"build/tests/sizes/cube-1534-asc.mesh","scan",1623113622346120215,1623113622346159943
32,"build/tests/sizes/cube-1534-asc.mesh","chck",1623113622329374779,1623113622346167496
32,"build/tests/sizes/cube-278-stl-bin.geo","scan",1623113622355214004,1623113622355237449
32,"build/tests/sizes/cube-278-stl-bin.geo","chck",1623113622346168647,1623113622355241492
32,"build/tests/sizes/cube-165-bin.cgns","scan",1623113622374009635,1623113622559228607
32,"build/tests/sizes/cube-165-bin.cgns","chck",1623113622355242438,1623113622559235582
32,"build/tests/sizes/cube-3212-stl-bin.geo","scan",1623113622577791182,1623113622577827151
32,"build/tests/sizes/cube-3212-stl-bin.geo","chck",1623113622559236821,1623113622577833541
32,"build/tests/sizes/cube-3976-bin.msh4","scan",1623113622596787531,1623113622596823001
32,"build/tests/sizes/cube-3976-bin.msh4","chck",1623113622577834626,1623113622596828078
32,"build/tests/sizes/cube-3864-asc.mesh","scan",1623113622597396088,1623113622597414061
32,"build/tests/sizes/cube-3864-asc.mesh","chck",1623113622596829065,1623113622597416651
32,"build/tests/sizes/cube-2078-asc.mesh","scan",1623113622598420660,1623113622598438104
32,"build/tests/sizes/cube-2078-asc.mesh","chck",1623113622597417338,1623113622598576185
32,"build/tests/sizes/cube-3539-asc.msh2","scan",1623113622616591742,1623113622616627660
32,"build/tests/sizes/cube-3539-asc.msh2","chck",1623113622598577356,1623113622616632317
32,"build/tests/sizes/cube-2774-geo.geo","scan",1623113622617181162,1623113622617197380
32,"build/tests/sizes/cube-2774-geo.geo","chck",1623113622616633209,1623113622617199608
32,"build/tests/sizes/cube-965-geo.geo_unrolled","scan",1623113622627426608,1623113622627450610
32,"build/tests/sizes/cube-965-geo.geo_unrolled","chck",1623113622617200400,1623113622627454599
32,"build/tests/sizes/cube-733-bin.msh4","scan",1623113622631109039,1623113622631136441
32,"build/tests/sizes/cube-733-bin.msh4","chck",1623113622627455843,1623113622631140074
32,"build/tests/sizes/cube-3143-asc.mesh","scan",1623113622632092486,1623113622632111460
32,"build/tests/sizes/cube-3143-asc.mesh","chck",1623113622631140900,1623113622632114234
32,"build/tests/sizes/cube-205-bin.msh2","scan",1623113622648654438,1623113622648686834
32,"build/tests/sizes/cube-205-bin.msh2","chck",1623113622632115006,1623113622648692252
32,"build/tests/sizes/cube-2243-asc.bdf","scan",1623113622649232057,1623113622649248402
32,"build/tests/sizes/cube-2243-asc.bdf","chck",1623113622648693257,1623113622649250558
32,"build/tests/sizes/cube-3229-asc.mesh","scan",1623113622649775977,1623113622649792031
32,"build/tests/sizes/cube-3229-asc.mesh","chck",1623113622649251316,1623113622649794158
32,"build/tests/sizes/cube-3977-asc.bdf","scan",1623113622650286770,1623113622650302518
32,"build/tests/sizes/cube-3977-asc.bdf","chck",1623113622649794824,1623113622650304564
32,"build/tests/sizes/cube-3075-bin.msh2","scan",1623113622650803544,1623113622650819035
32,"build/tests/sizes/cube-3075-bin.msh2","chck",1623113622650305282,1623113622650821064
32,"build/tests/sizes/cube-1922-asc.bdf","scan",1623113622671154589,1623113622671191716
32,"build/tests/sizes/cube-1922-asc.bdf","chck",1623113622650821815,1623113622671197798
32,"build/tests/sizes/cube-2894-asc.msh2","scan",1623113622671751802,1623113622671774710
32,"build/tests/sizes/cube-2894-asc.msh2","chck",1623113622671198712,1623113622671777431
32,"build/tests/sizes/cube-950-asc.mesh","scan",1623113622692945311,1623113622692975650
32,"build/tests/sizes/cube-950-asc.mesh","chck",1623113622671778243,1623113622692980517
32,"build/tests/sizes/cube-1167-bin.msh4","scan",1623113622705585438,1623113622705616241
32,"build/tests/sizes/cube-1167-bin.msh4","chck",1623113622692981289,1623113622705621116
32,"build/tests/sizes/cube-190-geo.geo","scan",1623113622718907173,1623113622718930755
32,"build/tests/sizes/cube-190-geo.geo","chck",1623113622705621973,1623113622718935515
32,"build/tests/sizes/cube-3437-bin.msh4","scan",1623113622719462365,1623113622719480218
32,"build/tests/sizes/cube-3437-bin.msh4","chck",1623113622718936469,1623113622719482620
32,"build/tests/sizes/cube-1945-geo.geo_unrolled","scan",1623113622743364253,1623113622743389643
32,"build/tests/sizes/cube-1945-geo.geo_unrolled","chck",1623113622719483439,1623113622743394300
32,"build/tests/sizes/cube-207-geo.geo","scan",1623113622744282855,1623113622744298508
32,"build/tests/sizes/cube-207-geo.geo","chck",1623113622743395395,1623113622744300897
32,"build/tests/sizes/cube-2893-geo.geo","scan",1623113622744848069,1623113622744864454
32,"build/tests/sizes/cube-2893-geo.geo","chck",1623113622744301613,1623113622744866615
32,"build/tests/sizes/cube-1874-asc.mesh","scan",1623113622745721183,1623113622745743820
32,"build/tests/sizes/cube-1874-asc.mesh","chck",1623113622744867366,1623113622745746309
32,"build/tests/sizes/cube-275-bin.msh2","scan",1623113622763866441,1623113622763900879
32,"build/tests/sizes/cube-275-bin.msh2","chck",1623113622745747164,1623113622763905252
32,"build/tests/sizes/cube-892-bin.msh4","scan",1623113622784566989,1623113622784601076
32,"build/tests/sizes/cube-892-bin.msh4","chck",1623113622763906392,1623113622784606216
32,"cube-2140-bin","prep",1623113622785541414,1623113624434122669
32,"cube-2140-bin","zzzz",1623113624434138932,1623114158640965126,1862060,2527904,7583712
32,"cube-2140-bin","post",1623114158640975414,1623114158799227931
32,"cube-2832-geo","mesh",1623114158799966320,1623114158801713544
32,"cube-2832-geo","prep",1623114158802242576,1623114158802243898
32,"cube-2832-geo","zzzz",1623114158802245148,1623114158802300509,0,0,0
32,"cube-2832-geo","post",1623114158802301868,1623114158802342827
32,"cube-3568-bin","prep",1623114158802352736,1623114159531651492
32,"cube-3568-bin","zzzz",1623114159531655716,1623114386468583337,972875,1330151,3990453
32,"cube-3568-bin","post",1623114386468597220,1623114386574777130
32,"cube-122-asc","prep",1623114386574815249,1623114386574817172
32,"cube-122-asc","zzzz",1623114386574817995,1623114386574878686,0,0,0
32,"cube-122-asc","post",1623114386574880422,1623114386574898332
32,"cube-668-stl-bin","mesh",1623114386574903404,1623114386577900878
32,"cube-668-stl-bin","prep",1623114386601706165,1623114386601721485
32,"cube-668-stl-bin","zzzz",1623114386601723913,1623114390551014656,0,82916,248748
32,"cube-668-stl-bin","post",1623114390551026308,1623114390554897883
32,"cube-2778-stl-bin","mesh",1623114390554913868,1623114390555011153
32,"cube-2778-stl-bin","prep",1623114390555817034,1623114390555831900
32,"cube-2778-stl-bin","zzzz",1623114390555833657,1623114390569399137,0,1508,4524
32,"cube-2778-stl-bin","post",1623114390569409595,1623114390569562172
32,"cube-2625-geo","mesh",1623114390569593033,1623114390569690258
32,"cube-2625-geo","prep",1623114390570146473,1623114390570147149
32,"cube-2625-geo","zzzz",1623114390570148228,1623114390570203073,0,0,0
32,"cube-2625-geo","post",1623114390570204190,1623114390570290390
32,"cube-1321-bin","prep",1623114390570295878,1623114390842537600
32,"cube-1321-bin","zzzz",1623114390842544200,1623114465759399716,437844,606579,1819737
32,"cube-1321-bin","post",1623114465759413622,1623114465815722876
32,"cube-3850-asc","prep",1623114465815764923,1623114465816393894
32,"cube-3850-asc","zzzz",1623114465816396602,1623114466381153391,3120,21663,64989
32,"cube-3850-asc","post",1623114466381163709,1623114466384451735
32,"cube-2214-stl-bin","mesh",1623114466384469560,1623114466384543123
32,"cube-2214-stl-bin","prep",1623114466385171730,1623114466385181660
32,"cube-2214-stl-bin","zzzz",1623114466385182895,1623114466389914692,0,676,2028
32,"cube-2214-stl-bin","post",1623114466389924981,1623114466389999422
32,"cube-1057-stl-bin","mesh",1623114466390010311,1623114466391588668
32,"cube-1057-stl-bin","prep",1623114466392056992,1623114466392083395
32,"cube-1057-stl-bin","zzzz",1623114466392084636,1623114468070796212,0,46044,138132
32,"cube-1057-stl-bin","post",1623114468070806882,1623114468072430189
32,"cube-2818-asc","prep",1623114468072442294,1623114468073144223
32,"cube-2818-asc","zzzz",1623114468073145714,1623114469512524345,4878,41395,124185
32,"cube-2818-asc","post",1623114469512535733,1623114469517116074
32,"cube-3234-asc","prep",1623114469517140904,1623114469517768968
32,"cube-3234-asc","zzzz",1623114469517771162,1623114470381881915,3706,29088,87264
32,"cube-3234-asc","post",1623114470381895889,1623114470387489699
32,"cube-473-geo","mesh",1623114470387521728,1623114470387586711
32,"cube-473-geo","prep",1623114470389131344,1623114470389132727
32,"cube-473-geo","zzzz",1623114470389135214,1623114470389192076,0,0,0
32,"cube-473-geo","post",1623114470389193920,1623114470389244491
32,"cube-194-bin","prep",1623114470389251819,1623114470389527592
32,"cube-194-bin","zzzz",1623114470389528470,1623114470397094650,481,968,2904
32,"cube-194-bin","post",1623114470397104927,1623114470397295692
32,"cube-3366-stl-bin","mesh",1623114470397330930,1623114470397573963
32,"cube-3366-stl-bin","prep",1623114470398165107,1623114470398205018
32,"cube-3366-stl-bin","zzzz",1623114470398206636,1623114470426065108,0,2596,7788
32,"cube-3366-stl-bin","post",1623114470426075478,1623114470426335969
32,"cube-3306-asc","prep",1623114470426365463,1623114470670811351
32,"cube-3306-asc","zzzz",1623114470670818806,1623114527844265165,363822,506565,1519695
32,"cube-3306-asc","post",1623114527844698783,1623114527897428934
32,"cube-1274-bin","prep",1623114527897480541,1623114527904090544
32,"cube-1274-bin","zzzz",1623114527904094257,1623114527909259431,348,725,2175
32,"cube-1274-bin","post",1623114527909274736,1623114527909397805
32,"cube-2228-geo","mesh",1623114527909419732,1623114527909480701
32,"cube-2228-geo","prep",1623114527921002860,1623114527921003928
32,"cube-2228-geo","zzzz",1623114527921005740,1623114527921061627,0,0,0
32,"cube-2228-geo","post",1623114527921063426,1623114527921328130
32,"cube-3815-geo","mesh",1623114527921338239,1623114527921381135
32,"cube-3815-geo","prep",1623114527921957211,1623114527921957816
32,"cube-3815-geo","zzzz",1623114527921958882,1623114527922013854,0,0,0
32,"cube-3815-geo","post",1623114527922015046,1623114527922080518
32,"cube-3805-geo","mesh",1623114527922086188,1623114527922119674
32,"cube-3805-geo","prep",1623114527922543873,1623114527922544256
32,"cube-3805-geo","zzzz",1623114527922545240,1623114527922599539,0,0,0
32,"cube-3805-geo","post",1623114527922600635,1623114527922723542
32,"cube-3893-asc","prep",1623114527922728404,1623114527940618326
32,"cube-3893-asc","zzzz",1623114527940622095,1623114530014134112,36011,53253,159759
32,"cube-3893-asc","post",1623114530014145128,1623114530017309042
32,"cube-1612-bin.cgns","prep",1623114530017351843,1623114530017845996
32,"cube-1612-bin.cgns","zzzz",1623114530017849428,1623114530020758386,211,466,1398
32,"cube-1612-bin.cgns","post",1623114530020774081,1623114530020825742
32,"cube-1695-bin","prep",1623114530020855304,1623114530021561188
32,"cube-1695-bin","zzzz",1623114530021563011,1623114530040683696,1062,1956,5868
32,"cube-1695-bin","post",1623114530040688949,1623114530040978079
32,"cube-2708-bin","prep",1623114530041096752,1623114530044001026
32,"cube-2708-bin","zzzz",1623114530044003209,1623114530190963009,5262,8482,25446
32,"cube-2708-bin","post",1623114530190970450,1623114530192224891
32,"cube-12-bin.cgns","prep",1623114530192253565,1623114530216374837
32,"cube-12-bin.cgns","zzzz",1623114530216378134,1623114530545650880,9433,14890,44670
32,"cube-12-bin.cgns","post",1623114530545661092,1623114530545719012
32,"cube-2857-bin.cgns","prep",1623114530545772089,1623114530546103075
32,"cube-2857-bin.cgns","zzzz",1623114530546105432,1623114530550960545,336,691,2073
32,"cube-2857-bin.cgns","post",1623114530550965435,1623114530550990850
32,"cube-2169-bin.cgns","prep",1623114530551008164,1623114530552709707
32,"cube-2169-bin.cgns","zzzz",1623114530552716853,1623114530582502454,1533,2730,8190
32,"cube-2169-bin.cgns","post",1623114530582512444,1623114530582552869
32,"cube-2870-asc","prep",1623114530582598393,1623114530582809876
32,"cube-2870-asc","zzzz",1623114530582813050,1623114530585717594,168,463,1389
32,"cube-2870-asc","post",1623114530585727774,1623114530585871959
32,"cube-3256-bin.cgns","prep",1623114530585883696,1623114530602342686
32,"cube-3256-bin.cgns","zzzz",1623114530602349080,1623114550413625733,176479,248576,745728
32,"cube-3256-bin.cgns","post",1623114550413639089,1623114550413698381
32,"cube-579-geo","mesh",1623114550413765623,1623114550413920600
32,"cube-579-geo","prep",1623114550414560328,1623114550414561380
32,"cube-579-geo","zzzz",1623114550414562797,1623114550414618735,0,0,0
32,"cube-579-geo","post",1623114550414620084,1623114550414678675
32,"cube-3534-bin.cgns","prep",1623114550414685332,1623114550430391862
32,"cube-3534-bin.cgns","zzzz",1623114550430399594,1623114550435595240,349,726,2178
32,"cube-3534-bin.cgns","post",1623114550435605374,1623114550435649744
32,"cube-628-bin","prep",1623114550435695187,1623114550447649897
32,"cube-628-bin","zzzz",1623114550447652671,1623114551424463559,21071,31683,95049
32,"cube-628-bin","post",1623114551424473756,1623114551426927967
32,"cube-636-bin","prep",1623114551426945987,1623114551435391073
32,"cube-636-bin","zzzz",1623114551435393420,1623114552188221376,17489,26440,79320
32,"cube-636-bin","post",1623114552188232035,1623114552189821835
32,"cube-3992-asc","prep",1623114552189864752,1623114552200699482
32,"cube-3992-asc","zzzz",1623114552200701272,1623114862760974637,66036,1682995,5048985
32,"cube-3992-asc","post",1623114862760988821,1623114862944074239
32,"cube-1217-geo","mesh",1623114862944106004,1623114862944178515
32,"cube-1217-geo","prep",1623114862944743354,1623114862944744460
32,"cube-1217-geo","zzzz",1623114862944745832,1623114862944802299,0,0,0
32,"cube-1217-geo","post",1623114862944803916,1623114862944885710
32,"cube-3191-geo","mesh",1623114862944891535,1623114862944919736
32,"cube-3191-geo","prep",1623114862945391701,1623114862945392197
32,"cube-3191-geo","zzzz",1623114862945393198,1623114862945447657,0,0,0
32,"cube-3191-geo","post",1623114862945448794,1623114862945511194
32,"cube-3968-bin.cgns","prep",1623114862945516299,1623114862945968249
32,"cube-3968-bin.cgns","zzzz",1623114862945971788,1623114862949165928,236,499,1497
32,"cube-3968-bin.cgns","post",1623114862949176256,1623114862949231743
32,"cube-3844-asc","prep",1623114862949274654,1623114862955259314
32,"cube-3844-asc","zzzz",1623114862955260998,1623114944011942983,33540,639193,1917579
32,"cube-3844-asc","post",1623114944011957628,1623114944077571141
32,"cube-2347-geo","mesh",1623114944077608855,1623114944077662527
32,"cube-2347-geo","prep",1623114944078216176,1623114944078217267
32,"cube-2347-geo","zzzz",1623114944078218613,1623114944078275759,0,0,0
32,"cube-2347-geo","post",1623114944078277397,1623114944078340369
32,"cube-279-bin","prep",1623114944078346157,1623114944079145222
32,"cube-279-bin","zzzz",1623114944079147895,1623114944107150062,1451,2606,7818
32,"cube-279-bin","post",1623114944107160525,1623114944107482598
32,"cube-2457-asc","prep",1623114944107508498,1623114944109549279
32,"cube-2457-asc","zzzz",1623114944109551453,1623114944197729076,3592,5932,17796
32,"cube-2457-asc","post",1623114944197739367,1623114944198551235
32,"cube-181-asc","prep",1623114944198916125,1623114944199416835
32,"cube-181-asc","zzzz",1623114944199418314,1623114944215723406,416,1733,5199
32,"cube-181-asc","post",1623114944215733680,1623114944216005688
32,"cube-551-asc","prep",1623114944216018639,1623114944216135695
32,"cube-551-asc","zzzz",1623114944216136605,1623114944230972068,410,1615,4845
32,"cube-551-asc","post",1623114944230987800,1623114944231141024
32,"cube-2292-asc","prep",1623114944231153559,1623114944231267417
32,"cube-2292-asc","zzzz",1623114944231268600,1623114944234560698,168,509,1527
32,"cube-2292-asc","post",1623114944234570957,1623114944234731581
32,"cube-3245-geo","mesh",1623114944234765911,1623114944234875699
32,"cube-3245-geo","prep",1623114944235949494,1623114944235950199
32,"cube-3245-geo","zzzz",1623114944235951323,1623114944236006547,0,0,0
32,"cube-3245-geo","post",1623114944236007689,1623114944236087125
32,"cube-2339-asc","prep",1623114944236093249,1623114944264806562
32,"cube-2339-asc","zzzz",1623114944264811344,1623114947824236372,52553,77168,231504
32,"cube-2339-asc","post",1623114947824247156,1623114947833208701
32,"cube-165-bin.cgns","prep",1623114947833245051,1623114948568345645
32,"cube-165-bin.cgns","zzzz",1623114948568355254,1623115606001876032,2181891,2953705,8861115
32,"cube-165-bin.cgns","post",1623115606001890216,1623115606001950386
32,"cube-3087-asc","prep",1623115606002013888,1623115606003093414
32,"cube-3087-asc","zzzz",1623115606003095599,1623115606028227193,1329,2402,7206
32,"cube-3087-asc","post",1623115606028237677,1623115606028480378
32,"cube-3799-geo","mesh",1623115606028549144,1623115606028597027
32,"cube-3799-geo","prep",1623115606029133008,1623115606029133786
32,"cube-3799-geo","zzzz",1623115606029135312,1623115606029191217,0,0,0
32,"cube-3799-geo","post",1623115606029192390,1623115606029228020
32,"cube-97-asc","prep",1623115606029233759,1623115606029850727
32,"cube-97-asc","zzzz",1623115606029852196,1623115606044921416,902,1633,4899
32,"cube-97-asc","post",1623115606044931684,1623115606045272807
32,"cube-138-geo","mesh",1623115606045557302,1623115606045659180
32,"cube-138-geo","prep",1623115606046174362,1623115606046175095
32,"cube-138-geo","zzzz",1623115606046176490,1623115606046232301,0,0,0
32,"cube-138-geo","post",1623115606046233613,1623115606046298922
32,"cube-1770-bin","prep",1623115606046858800,1623115606047714873
32,"cube-1770-bin","zzzz",1623115606047716326,1623115606066028635,1056,1892,5676
32,"cube-1770-bin","post",1623115606066038672,1623115606066331233
32,"cube-2412-bin","prep",1623115606066525351,1623115606093711550
32,"cube-2412-bin","zzzz",1623115606093714763,1623115609372027086,49777,72991,218973
32,"cube-2412-bin","post",1623115609372037523,1623115609377013878
32,"cube-3162-stl-bin","mesh",1623115609377046173,1623115609377113605
32,"cube-3162-stl-bin","prep",1623115609377648147,1623115609377725613
32,"cube-3162-stl-bin","zzzz",1623115609377726839,1623115609382441590,0,676,2028
32,"cube-3162-stl-bin","post",1623115609382447413,1623115609382497851
32,"cube-1701-geo","mesh",1623115609382509629,1623115609382561593
32,"cube-1701-geo","prep",1623115609383037260,1623115609383038007
32,"cube-1701-geo","zzzz",1623115609383039150,1623115609383094465,0,0,0
32,"cube-1701-geo","post",1623115609383095597,1623115609383203684
32,"cube-954-stl-bin","mesh",1623115609383210515,1623115609383317294
32,"cube-954-stl-bin","prep",1623115609383767524,1623115609383812643
32,"cube-954-stl-bin","zzzz",1623115609383813690,1623115609417735670,0,3012,9036
32,"cube-954-stl-bin","post",1623115609417753386,1623115609417897460
32,"cube-3803-bin","prep",1623115609417913517,1623115609535599715
32,"cube-3803-bin","zzzz",1623115609535607119,1623115629319636872,176230,248323,744969
32,"cube-3803-bin","post",1623115629319650844,1623115629347469270
32,"cube-801-asc","prep",1623115629347501988,1623115629383539956
32,"cube-801-asc","zzzz",1623115629383545932,1623115634013100919,63804,92449,277347
32,"cube-801-asc","post",1623115634013115091,1623115634020669404
32,"Proc","exit_task",1623113578265283978,1623115634032662412,2315300
