25,"build/tests/sizes/cube-343-geo.geo_unrolled","scan",1623113597659037730,1623113597660869363
25,"build/tests/sizes/cube-343-geo.geo_unrolled","chck",1623113597634312593,1623113597660979228
25,"build/tests/sizes/cube-1731-bin.msh4","scan",1623113597665488737,1623113597769727091
25,"build/tests/sizes/cube-1731-bin.msh4","chck",1623113597660980571,1623113597769733404
25,"build/tests/sizes/cube-1245-bin.msh2","scan",1623113597773578588,1623113597780041309
25,"build/tests/sizes/cube-1245-bin.msh2","chck",1623113597769734539,1623113597780047239
25,"build/tests/sizes/cube-1970-bin.cgns","scan",1623113597802992773,1623113597886935464
25,"build/tests/sizes/cube-1970-bin.cgns","chck",1623113597780048443,1623113597886941086
25,"build/tests/sizes/cube-3547-bin.msh2","scan",1623113597891272293,1623113598935869727
25,"build/tests/sizes/cube-3547-bin.msh2","chck",1623113597886942079,1623113598935893383
25,"build/tests/sizes/cube-3879-asc.msh2","scan",1623113598938562019,1623113599096065639
25,"build/tests/sizes/cube-3879-asc.msh2","chck",1623113598935894798,1623113599096071928
25,"build/tests/sizes/cube-3493-geo.geo_unrolled","scan",1623113599098627765,1623113599102095481
25,"build/tests/sizes/cube-3493-geo.geo_unrolled","chck",1623113599096073468,1623113599102101880
25,"build/tests/sizes/cube-2229-bin.vtk","scan",1623113599104692479,1623113599144872374
25,"build/tests/sizes/cube-2229-bin.vtk","chck",1623113599102102993,1623113599144878564
25,"build/tests/sizes/cube-3086-bin.msh2","scan",1623113599147288253,1623113603572876669
25,"build/tests/sizes/cube-3086-bin.msh2","chck",1623113599144879853,1623113603572893284
25,"build/tests/sizes/cube-3194-bin.vtk","scan",1623113603573579643,1623113603591235635
25,"build/tests/sizes/cube-3194-bin.vtk","chck",1623113603572894764,1623113603591243169
25,"build/tests/sizes/cube-1037-asc.msh2","scan",1623113603595305774,1623113603598783506
25,"build/tests/sizes/cube-1037-asc.msh2","chck",1623113603591244502,1623113603598788650
25,"build/tests/sizes/cube-2072-stl-bin.geo","scan",1623113603619348224,1623113604253436324
25,"build/tests/sizes/cube-2072-stl-bin.geo","chck",1623113603598789671,1623113604253454953
25,"build/tests/sizes/cube-118-bin.vtk","scan",1623113604277691936,1623113605542918665
25,"build/tests/sizes/cube-118-bin.vtk","chck",1623113604253456030,1623113605542931487
25,"build/tests/sizes/cube-2926-bin.msh2","scan",1623113605544786912,1623113605546855107
25,"build/tests/sizes/cube-2926-bin.msh2","chck",1623113605542932948,1623113605546860062
25,"build/tests/sizes/cube-1792-asc.msh2","scan",1623113605558383132,1623113606537309563
25,"build/tests/sizes/cube-1792-asc.msh2","chck",1623113605546861095,1623113606537316484
25,"build/tests/sizes/cube-3733-asc.msh2","scan",1623113606538104769,1623113606541467241
25,"build/tests/sizes/cube-3733-asc.msh2","chck",1623113606537317662,1623113606541473219
25,"build/tests/sizes/cube-655-geo.geo_unrolled","scan",1623113606557360659,1623113606558579252
25,"build/tests/sizes/cube-655-geo.geo_unrolled","chck",1623113606541474272,1623113606558585654
25,"build/tests/sizes/cube-348-asc.mesh","scan",1623113606587232514,1623113606602402408
25,"build/tests/sizes/cube-348-asc.mesh","chck",1623113606558586632,1623113606602409023
25,"build/tests/sizes/cube-84-geo.geo_unrolled","scan",1623113606614308278,1623113606615554452
25,"build/tests/sizes/cube-84-geo.geo_unrolled","chck",1623113606602410190,1623113606615560221
25,"build/tests/sizes/cube-2969-bin.msh2","scan",1623113606630091740,1623113614448241905
25,"build/tests/sizes/cube-2969-bin.msh2","chck",1623113606615561368,1623113614448267767
25,"build/tests/sizes/cube-3693-asc.msh2","scan",1623113614452169431,1623113614554074576
25,"build/tests/sizes/cube-3693-asc.msh2","chck",1623113614448269195,1623113614554081568
25,"build/tests/sizes/cube-3146-bin.cgns","scan",1623113614557310484,1623113614576220820
25,"build/tests/sizes/cube-3146-bin.cgns","chck",1623113614554082795,1623113614576227784
25,"build/tests/sizes/cube-2052-stl-bin.geo","scan",1623113614578318620,1623113614584074837
25,"build/tests/sizes/cube-2052-stl-bin.geo","chck",1623113614576229052,1623113614584080383
25,"build/tests/sizes/cube-36-bin.vtk","scan",1623113614600347248,1623113614622802699
25,"build/tests/sizes/cube-36-bin.vtk","chck",1623113614584084614,1623113614622808478
25,"build/tests/sizes/cube-3228-stl-bin.geo","scan",1623113614623372321,1623113615112591437
25,"build/tests/sizes/cube-3228-stl-bin.geo","chck",1623113614622809557,1623113615112599521
25,"build/tests/sizes/cube-3563-stl-bin.geo","scan",1623113615115693492,1623113615124261402
25,"build/tests/sizes/cube-3563-stl-bin.geo","chck",1623113615112600712,1623113615124267877
25,"build/tests/sizes/cube-1693-geo.geo","scan",1623113615138341671,1623113615144568267
25,"build/tests/sizes/cube-1693-geo.geo","chck",1623113615124269315,1623113615144574827
25,"build/tests/sizes/cube-3552-asc.bdf","scan",1623113615161047939,1623113625353979565
25,"build/tests/sizes/cube-3552-asc.bdf","chck",1623113615144575962,1623113625353986314
25,"build/tests/sizes/cube-3318-asc.msh2","scan",1623113625561125574,1623113625562295000
25,"build/tests/sizes/cube-3318-asc.msh2","chck",1623113625353987612,1623113625562303148
25,"build/tests/sizes/cube-2405-bin.vtk","scan",1623113625566682867,1623113625566718026
25,"build/tests/sizes/cube-2405-bin.vtk","chck",1623113625562304632,1623113625566723591
25,"build/tests/sizes/cube-2855-asc.msh2","scan",1623113625584161619,1623113625584201100
25,"build/tests/sizes/cube-2855-asc.msh2","chck",1623113625566724527,1623113625584208028
25,"build/tests/sizes/cube-1939-stl-bin.geo","scan",1623113625587911814,1623113625587944192
25,"build/tests/sizes/cube-1939-stl-bin.geo","chck",1623113625584209200,1623113625587949283
25,"build/tests/sizes/cube-3485-asc.msh2","scan",1623113625590861911,1623113625590891239
25,"build/tests/sizes/cube-3485-asc.msh2","chck",1623113625587950357,1623113625590894686
25,"build/tests/sizes/cube-2495-bin.msh4","scan",1623113625593826069,1623113625593861353
25,"build/tests/sizes/cube-2495-bin.msh4","chck",1623113625590895528,1623113625593864618
25,"build/tests/sizes/cube-3467-geo.geo","scan",1623113625597217846,1623113625597249831
25,"build/tests/sizes/cube-3467-geo.geo","chck",1623113625593865535,1623113625597253646
25,"build/tests/sizes/cube-1213-bin.cgns","scan",1623113625699861323,1623113625869589352
25,"build/tests/sizes/cube-1213-bin.cgns","chck",1623113625597254494,1623113625869596780
25,"build/tests/sizes/cube-23-asc.mesh","scan",1623113625892183361,1623113625892213777
25,"build/tests/sizes/cube-23-asc.mesh","chck",1623113625869598056,1623113625892218216
25,"build/tests/sizes/cube-1032-stl-bin.geo","scan",1623113625916536946,1623113625916566728
25,"build/tests/sizes/cube-1032-stl-bin.geo","chck",1623113625892219484,1623113625916571835
25,"build/tests/sizes/cube-2063-geo.geo","scan",1623113625946447569,1623113625946477057
25,"build/tests/sizes/cube-2063-geo.geo","chck",1623113625916573446,1623113625946482982
25,"build/tests/sizes/cube-3953-stl-bin.geo","scan",1623113625950864295,1623113625950882736
25,"build/tests/sizes/cube-3953-stl-bin.geo","chck",1623113625946484315,1623113625950885438
25,"build/tests/sizes/cube-3833-geo.geo_unrolled","scan",1623113625951419698,1623113625951434557
25,"build/tests/sizes/cube-3833-geo.geo_unrolled","chck",1623113625950886279,1623113625951436469
25,"build/tests/sizes/cube-3954-bin.vtk","scan",1623113625952408932,1623113625952427163
25,"build/tests/sizes/cube-3954-bin.vtk","chck",1623113625951437224,1623113625952429777
25,"build/tests/sizes/cube-840-asc.bdf","scan",1623113625976159195,1623113625976187361
25,"build/tests/sizes/cube-840-asc.bdf","chck",1623113625952430547,1623113625976191802
25,"build/tests/sizes/cube-3249-asc.msh2","scan",1623113625991368419,1623113625991404677
25,"build/tests/sizes/cube-3249-asc.msh2","chck",1623113625976192811,1623113625991408639
25,"build/tests/sizes/cube-3608-stl-bin.geo","scan",1623113625991981370,1623113625991997161
25,"build/tests/sizes/cube-3608-stl-bin.geo","chck",1623113625991409676,1623113625991999295
25,"build/tests/sizes/cube-1030-stl-bin.geo","scan",1623113625993085376,1623113625993100811
25,"build/tests/sizes/cube-1030-stl-bin.geo","chck",1623113625992000141,1623113625993103203
25,"build/tests/sizes/cube-3319-asc.bdf","scan",1623113625993803993,1623113625993823593
25,"build/tests/sizes/cube-3319-asc.bdf","chck",1623113625993321617,1623113625993826069
25,"build/tests/sizes/cube-3856-bin.msh2","scan",1623113626014451283,1623113626014479849
25,"build/tests/sizes/cube-3856-bin.msh2","chck",1623113625993826775,1623113626014483744
25,"build/tests/sizes/cube-1430-bin.vtk","scan",1623113626016190384,1623113626016210624
25,"build/tests/sizes/cube-1430-bin.vtk","chck",1623113626014484971,1623113626016214098
25,"build/tests/sizes/cube-3989-geo.geo","scan",1623113626026320065,1623113626026339000
25,"build/tests/sizes/cube-3989-geo.geo","chck",1623113626016214979,1623113626026342317
25,"build/tests/sizes/cube-621-asc.mesh","scan",1623113626049532152,1623113626049562737
25,"build/tests/sizes/cube-621-asc.mesh","chck",1623113626026343301,1623113626049567414
25,"build/tests/sizes/cube-3876-asc.msh2","scan",1623113626060178428,1623113626060205546
25,"build/tests/sizes/cube-3876-asc.msh2","chck",1623113626049568321,1623113626060210001
25,"build/tests/sizes/cube-3746-geo.geo_unrolled","scan",1623113626060709470,1623113626060724070
25,"build/tests/sizes/cube-3746-geo.geo_unrolled","chck",1623113626060211036,1623113626060726160
25,"build/tests/sizes/cube-3596-asc.msh2","scan",1623113626061220375,1623113626061236952
25,"build/tests/sizes/cube-3596-asc.msh2","chck",1623113626060726945,1623113626061239286
25,"build/tests/sizes/cube-531-bin.msh4","scan",1623113626073619504,1623113626073642331
25,"build/tests/sizes/cube-531-bin.msh4","chck",1623113626061240041,1623113626073645521
25,"build/tests/sizes/cube-3384-bin.cgns","scan",1623113626092747239,1623113626123794652
25,"build/tests/sizes/cube-3384-bin.cgns","chck",1623113626073646349,1623113626123801737
25,"build/tests/sizes/cube-3462-bin.msh2","scan",1623113626146231825,1623113626146274476
25,"build/tests/sizes/cube-3462-bin.msh2","chck",1623113626123802889,1623113626146282211
25,"build/tests/sizes/cube-213-stl-bin.geo","scan",1623113626147482947,1623113626147501293
25,"build/tests/sizes/cube-213-stl-bin.geo","chck",1623113626146283334,1623113626147504865
25,"build/tests/sizes/cube-3968-geo.geo","scan",1623113626148012302,1623113626148028853
25,"build/tests/sizes/cube-3968-geo.geo","chck",1623113626147505705,1623113626148031204
25,"build/tests/sizes/cube-148-bin.msh2","scan",1623113626149025208,1623113626149047279
25,"build/tests/sizes/cube-148-bin.msh2","chck",1623113626148031961,1623113626149050367
25,"build/tests/sizes/cube-3532-geo.geo_unrolled","scan",1623113626149611926,1623113626149626969
25,"build/tests/sizes/cube-3532-geo.geo_unrolled","chck",1623113626149051304,1623113626149628874
25,"build/tests/sizes/cube-3088-bin.msh4","scan",1623113626150183175,1623113626150200793
25,"build/tests/sizes/cube-3088-bin.msh4","chck",1623113626149629658,1623113626150202711
25,"build/tests/sizes/cube-3643-stl-bin.geo","scan",1623113626150744792,1623113626150759740
25,"build/tests/sizes/cube-3643-stl-bin.geo","chck",1623113626150203468,1623113626150761548
25,"build/tests/sizes/cube-235-bin.cgns","scan",1623113626179285375,1623113626283894018
25,"build/tests/sizes/cube-235-bin.cgns","chck",1623113626150762336,1623113626283900406
25,"build/tests/sizes/cube-992-geo.geo_unrolled","scan",1623113626295011061,1623113626295038040
25,"build/tests/sizes/cube-992-geo.geo_unrolled","chck",1623113626283901654,1623113626295041990
25,"build/tests/sizes/cube-885-bin.cgns","scan",1623113626314241847,1623113626389955336
25,"build/tests/sizes/cube-885-bin.cgns","chck",1623113626295042894,1623113626389962752
25,"build/tests/sizes/cube-135-asc.bdf","scan",1623113626401535447,1623113626401575636
25,"build/tests/sizes/cube-135-asc.bdf","chck",1623113626389963931,1623113626401582580
25,"build/tests/sizes/cube-1395-asc.mesh","scan",1623113626413584093,1623113626413613679
25,"build/tests/sizes/cube-1395-asc.mesh","chck",1623113626401583808,1623113626413618415
25,"build/tests/sizes/cube-2904-bin.msh4","scan",1623113626430601618,1623113626430633523
25,"build/tests/sizes/cube-2904-bin.msh4","chck",1623113626413619444,1623113626430638243
25,"build/tests/sizes/cube-683-geo.geo","scan",1623113626440889332,1623113626440913467
25,"build/tests/sizes/cube-683-geo.geo","chck",1623113626430639122,1623113626440917016
25,"build/tests/sizes/cube-106-bin.msh2","scan",1623113626454463291,1623113626454490910
25,"build/tests/sizes/cube-106-bin.msh2","chck",1623113626440917930,1623113626454495055
25,"build/tests/sizes/cube-3898-bin.cgns","scan",1623113626457548313,1623113626476218128
25,"build/tests/sizes/cube-3898-bin.cgns","chck",1623113626454496002,1623113626476228806
25,"build/tests/sizes/cube-1864-asc.bdf","scan",1623113626490848517,1623113626490878948
25,"build/tests/sizes/cube-1864-asc.bdf","chck",1623113626476229873,1623113626490883397
25,"build/tests/sizes/cube-1117-asc.msh2","scan",1623113626492110936,1623113626492129859
25,"build/tests/sizes/cube-1117-asc.msh2","chck",1623113626490884498,1623113626492132543
25,"build/tests/sizes/cube-1983-stl-bin.geo","scan",1623113626503396205,1623113626503414969
25,"build/tests/sizes/cube-1983-stl-bin.geo","chck",1623113626492133425,1623113626503417536
25,"build/tests/sizes/cube-326-bin.vtk","scan",1623113626516663189,1623113626516698343
25,"build/tests/sizes/cube-326-bin.vtk","chck",1623113626503418526,1623113626516703943
25,"build/tests/sizes/cube-1453-asc.bdf","scan",1623113626517203109,1623113626517218374
25,"build/tests/sizes/cube-1453-asc.bdf","chck",1623113626516705048,1623113626517220673
25,"build/tests/sizes/cube-451-bin.cgns","scan",1623113626530921059,1623113626726517423
25,"build/tests/sizes/cube-451-bin.cgns","chck",1623113626517221359,1623113626726524068
25,"build/tests/sizes/cube-2267-asc.mesh","scan",1623113626737020027,1623113626737049658
25,"build/tests/sizes/cube-2267-asc.mesh","chck",1623113626726525140,1623113626737053590
25,"build/tests/sizes/cube-2543-bin.cgns","scan",1623113626758496742,1623113626823112975
25,"build/tests/sizes/cube-2543-bin.cgns","chck",1623113626737054551,1623113626823120221
25,"build/tests/sizes/cube-3959-geo.geo_unrolled","scan",1623113626842505211,1623113626842551452
25,"build/tests/sizes/cube-3959-geo.geo_unrolled","chck",1623113626823121446,1623113626842557940
25,"build/tests/sizes/cube-2874-bin.vtk","scan",1623113626843081583,1623113626843099257
25,"build/tests/sizes/cube-2874-bin.vtk","chck",1623113626842559124,1623113626843101564
25,"build/tests/sizes/cube-3400-bin.vtk","scan",1623113626843593864,1623113626843609530
25,"build/tests/sizes/cube-3400-bin.vtk","chck",1623113626843102512,1623113626843611725
25,"build/tests/sizes/cube-3364-bin.cgns","scan",1623113626847130213,1623113626866563341
25,"build/tests/sizes/cube-3364-bin.cgns","chck",1623113626843612478,1623113626866569647
25,"build/tests/sizes/cube-478-geo.geo","scan",1623113626868090112,1623113626868120764
25,"build/tests/sizes/cube-478-geo.geo","chck",1623113626866570825,1623113626868124333
25,"build/tests/sizes/cube-2286-bin.vtk","scan",1623113626868641966,1623113626868658847
25,"build/tests/sizes/cube-2286-bin.vtk","chck",1623113626868125191,1623113626868661250
25,"build/tests/sizes/cube-2456-asc.msh2","scan",1623113626869153850,1623113626869169918
25,"build/tests/sizes/cube-2456-asc.msh2","chck",1623113626868661997,1623113626869172120
25,"build/tests/sizes/cube-1772-geo.geo_unrolled","scan",1623113626880014658,1623113626880038237
25,"build/tests/sizes/cube-1772-geo.geo_unrolled","chck",1623113626869172837,1623113626880041514
25,"build/tests/sizes/cube-3048-stl-bin.geo","scan",1623113626881051720,1623113626881068284
25,"build/tests/sizes/cube-3048-stl-bin.geo","chck",1623113626880042474,1623113626881070839
25,"build/tests/sizes/cube-3890-geo.geo","scan",1623113626889781553,1623113626889818086
25,"build/tests/sizes/cube-3890-geo.geo","chck",1623113626881071610,1623113626889821523
25,"build/tests/sizes/cube-2770-bin.msh2","scan",1623113626904519223,1623113626904543798
25,"build/tests/sizes/cube-2770-bin.msh2","chck",1623113626889822327,1623113626904547574
25,"build/tests/sizes/cube-2898-bin.msh2","scan",1623113626905054195,1623113626905070714
25,"build/tests/sizes/cube-2898-bin.msh2","chck",1623113626904548916,1623113626905110731
25,"build/tests/sizes/cube-33-asc.msh2","scan",1623113626914761450,1623113626914788283
25,"build/tests/sizes/cube-33-asc.msh2","chck",1623113626905111797,1623113626914792241
25,"build/tests/sizes/cube-1688-asc.bdf","scan",1623113626927724271,1623113626927750564
25,"build/tests/sizes/cube-1688-asc.bdf","chck",1623113626914793022,1623113626927754915
25,"build/tests/sizes/cube-1700-asc.bdf","scan",1623113626928709598,1623113626928727201
25,"build/tests/sizes/cube-1700-asc.bdf","chck",1623113626927755783,1623113626928729591
25,"build/tests/sizes/cube-2235-asc.mesh","scan",1623113626929666662,1623113626929683835
25,"build/tests/sizes/cube-2235-asc.mesh","chck",1623113626928730356,1623113626929686075
25,"build/tests/sizes/cube-46-asc.msh2","scan",1623113626933588863,1623113626933606035
25,"build/tests/sizes/cube-46-asc.msh2","chck",1623113626929686754,1623113626933608157
25,"build/tests/sizes/cube-26-asc.msh2","scan",1623113626950380001,1623113626950411962
25,"build/tests/sizes/cube-26-asc.msh2","chck",1623113626933608765,1623113626950416485
25,"build/tests/sizes/cube-774-bin.msh4","scan",1623113626951301311,1623113626951318958
25,"build/tests/sizes/cube-774-bin.msh4","chck",1623113626950417248,1623113626951321513
25,"build/tests/sizes/cube-3337-bin.vtk","scan",1623113626951818575,1623113626951834612
25,"build/tests/sizes/cube-3337-bin.vtk","chck",1623113626951322271,1623113626951836475
25,"build/tests/sizes/cube-296-stl-bin.geo","scan",1623113626976172949,1623113626976217183
25,"build/tests/sizes/cube-296-stl-bin.geo","chck",1623113626951837154,1623113626976221971
25,"build/tests/sizes/cube-2023-geo.geo_unrolled","scan",1623113626977138248,1623113626977153981
25,"build/tests/sizes/cube-2023-geo.geo_unrolled","chck",1623113626976223071,1623113626977156281
25,"build/tests/sizes/cube-3579-geo.geo","scan",1623113626997510191,1623113626997539933
25,"build/tests/sizes/cube-3579-geo.geo","chck",1623113626977157060,1623113626997544909
25,"build/tests/sizes/cube-2827-bin.cgns","scan",1623113627011748718,1623113627086320873
25,"build/tests/sizes/cube-2827-bin.cgns","chck",1623113626997546009,1623113627086327011
25,"build/tests/sizes/cube-1362-geo.geo_unrolled","scan",1623113627115680474,1623113627115708834
25,"build/tests/sizes/cube-1362-geo.geo_unrolled","chck",1623113627086328154,1623113627115714246
25,"build/tests/sizes/cube-1241-geo.geo_unrolled","scan",1623113627143504226,1623113627143530742
25,"build/tests/sizes/cube-1241-geo.geo_unrolled","chck",1623113627115715248,1623113627143534225
25,"build/tests/sizes/cube-1141-bin.vtk","scan",1623113627164423270,1623113627164450815
25,"build/tests/sizes/cube-1141-bin.vtk","chck",1623113627143535108,1623113627164455462
25,"build/tests/sizes/cube-3046-stl-bin.geo","scan",1623113627164982978,1623113627164998144
25,"build/tests/sizes/cube-3046-stl-bin.geo","chck",1623113627164456401,1623113627165000291
25,"build/tests/sizes/cube-1079-stl-bin.geo","scan",1623113627179333979,1623113627179357343
25,"build/tests/sizes/cube-1079-stl-bin.geo","chck",1623113627165001038,1623113627179361893
25,"build/tests/sizes/cube-417-geo.geo_unrolled","scan",1623113627196211209,1623113627196236822
25,"build/tests/sizes/cube-417-geo.geo_unrolled","chck",1623113627179362769,1623113627196241562
25,"build/tests/sizes/cube-294-geo.geo_unrolled","scan",1623113627199625449,1623113627199642234
25,"build/tests/sizes/cube-294-geo.geo_unrolled","chck",1623113627196242529,1623113627199645357
25,"build/tests/sizes/cube-915-asc.mesh","scan",1623113627226055150,1623113627226089690
25,"build/tests/sizes/cube-915-asc.mesh","chck",1623113627199646118,1623113627226095801
25,"build/tests/sizes/cube-1351-asc.bdf","scan",1623113627244063070,1623113627244092895
25,"build/tests/sizes/cube-1351-asc.bdf","chck",1623113627226096771,1623113627244098947
25,"build/tests/sizes/cube-2813-asc.bdf","scan",1623113627244595022,1623113627244611446
25,"build/tests/sizes/cube-2813-asc.bdf","chck",1623113627244099866,1623113627244613715
25,"cube-1693-geo","mesh",1623113627245401620,1623113627245518803
25,"cube-1693-geo","prep",1623113627245897128,1623113627245900051
25,"cube-1693-geo","zzzz",1623113627245903169,1623113627245975975,0,0,0
25,"cube-1693-geo","post",1623113627245977313,1623113627246289312
25,"cube-2072-stl-bin","mesh",1623113627246297862,1623113627256472312
25,"cube-2072-stl-bin","prep",1623113627256898731,1623113627257147161
25,"cube-2072-stl-bin","zzzz",1623113627257148945,1623113643203791255,0,214652,643956
25,"cube-2072-stl-bin","post",1623113643203801510,1623113643228544661
25,"cube-655-geo","mesh",1623113643228582443,1623113643237180686
25,"cube-655-geo","prep",1623113643237585425,1623113643237587408
25,"cube-655-geo","zzzz",1623113643237588593,1623113643237645542,0,0,0
25,"cube-655-geo","post",1623113643237646863,1623113643237784196
25,"cube-1037-asc","prep",1623113643237791620,1623113643238305375
25,"cube-1037-asc","zzzz",1623113643238307228,1623113643242342873,293,600,1800
25,"cube-1037-asc","post",1623113643242357393,1623113643242463080
25,"cube-2229-bin","prep",1623113643242480028,1623113643257606227
25,"cube-2229-bin","zzzz",1623113643257611904,1623113644115071654,19339,28972,86916
25,"cube-2229-bin","post",1623113644115082450,1623113644120253456
25,"cube-3194-bin","prep",1623113644120291309,1623113644128223789
25,"cube-3194-bin","zzzz",1623113644128228976,1623113644450298362,9274,14688,44064
25,"cube-3194-bin","post",1623113644450308241,1623113644452714175
25,"cube-1792-asc","prep",1623113644452756955,1623113644569276106
25,"cube-1792-asc","zzzz",1623113644569283248,1623113657895902649,134074,190052,570156
25,"cube-1792-asc","post",1623113657895913973,1623113657927980496
25,"cube-3086-bin","prep",1623113657928034617,1623113658954309291
25,"cube-3086-bin","zzzz",1623113658954316499,1623113958843533323,1200993,1639433,4918299
25,"cube-3086-bin","post",1623113958843547648,1623113959006696838
25,"cube-1731-bin","prep",1623113959007325515,1623113959111717344
25,"cube-1731-bin","zzzz",1623113959111723998,1623113976549730845,161605,228000,684000
25,"cube-1731-bin","post",1623113976549745040,1623113976564114047
25,"cube-2926-bin","prep",1623113976564156880,1623113976571311808
25,"cube-2926-bin","zzzz",1623113976571315966,1623113976574233064,209,464,1392
25,"cube-2926-bin","post",1623113976574243378,1623113976574476600
25,"cube-3552-asc","prep",1623113976574515247,1623113976574517753
25,"cube-3552-asc","zzzz",1623113976574520224,1623113976574586141,0,0,0
25,"cube-3552-asc","post",1623113976574589173,1623113976574638683
25,"cube-3228-stl-bin","mesh",1623113976574651290,1623113976582504987
25,"cube-3228-stl-bin","prep",1623113976582932538,1623113976583642746
25,"cube-3228-stl-bin","zzzz",1623113976583644543,1623113988834606891,0,179524,538572
25,"cube-3228-stl-bin","post",1623113988834621665,1623113988850338066
25,"cube-3364-bin.cgns","prep",1623113988850363868,1623113988868444749
25,"cube-3364-bin.cgns","zzzz",1623113988868448970,1623113988986078934,4439,7259,21777
25,"cube-3364-bin.cgns","post",1623113988986089153,1623113988986185617
25,"cube-2543-bin.cgns","prep",1623113988986240723,1623113989016736474
25,"cube-2543-bin.cgns","zzzz",1623113989016743811,1623113989022020576,356,735,2205
25,"cube-2543-bin.cgns","post",1623113989022030874,1623113989022074529
25,"cube-3898-bin.cgns","prep",1623113989022121985,1623113989027597150
25,"cube-3898-bin.cgns","zzzz",1623113989027600616,1623113993254576937,59749,86890,260670
25,"cube-3898-bin.cgns","post",1623113993254588019,1623113993254633628
25,"cube-3493-geo","mesh",1623113993254690570,1623113993254774110
25,"cube-3493-geo","prep",1623113993255182309,1623113993255183552
25,"cube-3493-geo","zzzz",1623113993255184774,1623113993255240644,0,0,0
25,"cube-3493-geo","post",1623113993255241770,1623113993255378419
25,"cube-3733-asc","prep",1623113993255385243,1623113993255643763
25,"cube-3733-asc","zzzz",1623113993255644716,1623113993260503438,333,690,2070
25,"cube-3733-asc","post",1623113993260513938,1623113993260682614
25,"cube-2827-bin.cgns","prep",1623113993260715934,1623113993281600083
25,"cube-2827-bin.cgns","zzzz",1623113993281824076,1623113993314570671,1617,2932,8796
25,"cube-2827-bin.cgns","post",1623113993314580856,1623113993314620876
25,"cube-3146-bin.cgns","prep",1623113993314669075,1623113993610324084
25,"cube-3146-bin.cgns","zzzz",1623113993610332921,1623114586464611337,2014619,2733312,8199936
25,"cube-3146-bin.cgns","post",1623114586464625369,1623114586464683635
25,"cube-2969-bin","prep",1623114586465798836,1623114588114074399
25,"cube-2969-bin","zzzz",1623114588114088035,1623115194842759220,2051054,2781152,8343456
25,"cube-2969-bin","post",1623115194842769661,1623115195074084022
25,"cube-235-bin.cgns","prep",1623115195074740274,1623115195123413533
25,"cube-235-bin.cgns","zzzz",1623115195123420541,1623115204578157256,105839,150532,451596
25,"cube-235-bin.cgns","post",1623115204578167411,1623115204578219513
25,"cube-3384-bin.cgns","prep",1623115204578260713,1623115204616360920
25,"cube-3384-bin.cgns","zzzz",1623115204616369842,1623115204619573006,238,501,1503
25,"cube-3384-bin.cgns","post",1623115204619578832,1623115204619625597
25,"cube-84-geo","mesh",1623115204619664973,1623115204619743791
25,"cube-84-geo","prep",1623115204620175623,1623115204620176989
25,"cube-84-geo","zzzz",1623115204620178643,1623115204620234643,0,0,0
25,"cube-84-geo","post",1623115204620235861,1623115204620343088
25,"cube-3879-asc","prep",1623115204620350341,1623115204633223282
25,"cube-3879-asc","zzzz",1623115204633226291,1623115205741473838,23038,34552,103656
25,"cube-3879-asc","post",1623115205741484297,1623115205745763580
25,"cube-451-bin.cgns","prep",1623115205745838661,1623115205921838450
25,"cube-451-bin.cgns","zzzz",1623115205921851185,1623115237918651024,244548,343333,1029999
25,"cube-451-bin.cgns","post",1623115237918661008,1623115237918697929
25,"cube-1213-bin.cgns","prep",1623115237918738922,1623115237942219025
25,"cube-1213-bin.cgns","zzzz",1623115237942224894,1623115237966068639,1269,2310,6930
25,"cube-1213-bin.cgns","post",1623115237966084574,1623115237966113624
25,"cube-118-bin","prep",1623115237966147863,1623115238385442686
25,"cube-118-bin","zzzz",1623115238385449860,1623115342371763624,546920,754145,2262435
25,"cube-118-bin","post",1623115342371774288,1623115342478971338
25,"cube-1245-bin","prep",1623115342479005919,1623115342480562422
25,"cube-1245-bin","zzzz",1623115342480565318,1623115342482279246,135,306,918
25,"cube-1245-bin","post",1623115342482284410,1623115342482352364
25,"cube-3547-bin","prep",1623115342482367706,1623115342687766229
25,"cube-3547-bin","zzzz",1623115342687774429,1623115385375239781,297666,416632,1249896
25,"cube-3547-bin","post",1623115385375254757,1623115385417188003
25,"cube-3563-stl-bin","mesh",1623115385417225669,1623115385417298483
25,"cube-3563-stl-bin","prep",1623115385417710076,1623115385417941206
25,"cube-3563-stl-bin","zzzz",1623115385417942549,1623115385421017085,0,484,1452
25,"cube-3563-stl-bin","post",1623115385421027699,1623115385421137430
25,"cube-2052-stl-bin","mesh",1623115385421169005,1623115385421362958
25,"cube-2052-stl-bin","prep",1623115385421888559,1623115385421975551
25,"cube-2052-stl-bin","zzzz",1623115385421976920,1623115385435539626,0,1508,4524
25,"cube-2052-stl-bin","post",1623115385435549882,1623115385435878664
25,"cube-885-bin.cgns","prep",1623115385435908264,1623115385461150796
25,"cube-885-bin.cgns","zzzz",1623115385461154002,1623115387410897151,34485,51040,153120
25,"cube-885-bin.cgns","post",1623115387410907575,1623115387410956417
25,"cube-1970-bin.cgns","prep",1623115387411004451,1623115387432334594
25,"cube-1970-bin.cgns","zzzz",1623115387432337664,1623115387552116986,4511,7351,22053
25,"cube-1970-bin.cgns","post",1623115387552127164,1623115387552164425
25,"cube-3693-asc","prep",1623115387552185289,1623115387552464371
25,"cube-3693-asc","zzzz",1623115387552465839,1623115387557323636,333,690,2070
25,"cube-3693-asc","post",1623115387557333802,1623115387557928368
25,"cube-36-bin","prep",1623115387557941256,1623115387559951270
25,"cube-36-bin","zzzz",1623115387559953495,1623115387648344024,3597,5943,17829
25,"cube-36-bin","post",1623115387648359574,1623115387648921496
25,"cube-348-asc","prep",1623115387648948955,1623115387649138749
25,"cube-348-asc","zzzz",1623115387649140127,1623115387654358559,240,729,2187
25,"cube-348-asc","post",1623115387654368703,1623115387654593488
25,"cube-343-geo","mesh",1623115387654628779,1623115387654797715
25,"cube-343-geo","prep",1623115387655502184,1623115387655502933
25,"cube-343-geo","zzzz",1623115387655504027,1623115387655559085,0,0,0
25,"cube-343-geo","post",1623115387655560202,1623115387655601767
25,"Proc","exit_task",1623113578265323890,1623115387671433608,1994580
