9,"build/tests/sizes/cube-2784-bin.msh2","scan",1623113600201470721,1623113600210631372
9,"build/tests/sizes/cube-2784-bin.msh2","chck",1623113600199695473,1623113600210848800
9,"build/tests/sizes/cube-2281-stl-bin.geo","scan",1623113600212771294,1623113600218753484
9,"build/tests/sizes/cube-2281-stl-bin.geo","chck",1623113600210850424,1623113600218757338
9,"build/tests/sizes/cube-1917-asc.mesh","scan",1623113600220146877,1623113600225272691
9,"build/tests/sizes/cube-1917-asc.mesh","chck",1623113600218758396,1623113600225276195
9,"build/tests/sizes/cube-2077-bin.msh2","scan",1623113600226699399,1623113600230082645
9,"build/tests/sizes/cube-2077-bin.msh2","chck",1623113600225277302,1623113600230085709
9,"build/tests/sizes/cube-3895-asc.msh2","scan",1623113600248891504,1623113600278985090
9,"build/tests/sizes/cube-3895-asc.msh2","chck",1623113600230086723,1623113600278990074
9,"build/tests/sizes/cube-2810-bin.vtk","scan",1623113600283932653,1623113600356206623
9,"build/tests/sizes/cube-2810-bin.vtk","chck",1623113600278991002,1623113600356212459
9,"build/tests/sizes/cube-2657-geo.geo","scan",1623113600357396903,1623113600359392800
9,"build/tests/sizes/cube-2657-geo.geo","chck",1623113600356213542,1623113600359397631
9,"build/tests/sizes/cube-3869-asc.msh2","scan",1623113600382732253,1623113600400419420
9,"build/tests/sizes/cube-3869-asc.msh2","chck",1623113600359398693,1623113600400424228
9,"build/tests/sizes/cube-2125-bin.vtk","scan",1623113600401411462,1623113600403379323
9,"build/tests/sizes/cube-2125-bin.vtk","chck",1623113600400425327,1623113600403382802
9,"build/tests/sizes/cube-2036-bin.vtk","scan",1623113600419312211,1623113600426645048
9,"build/tests/sizes/cube-2036-bin.vtk","chck",1623113600403383723,1623113600426650067
9,"build/tests/sizes/cube-3411-asc.mesh","scan",1623113600427783210,1623113600432034729
9,"build/tests/sizes/cube-3411-asc.mesh","chck",1623113600426651205,1623113600432038666
9,"build/tests/sizes/cube-3468-asc.msh2","scan",1623113600432567335,1623113600435062526
9,"build/tests/sizes/cube-3468-asc.msh2","chck",1623113600432039875,1623113600435066343
9,"build/tests/sizes/cube-3412-stl-bin.geo","scan",1623113600436003065,1623113600456448821
9,"build/tests/sizes/cube-3412-stl-bin.geo","chck",1623113600435067329,1623113600456454427
9,"build/tests/sizes/cube-3713-bin.vtk","scan",1623113600457343048,1623113600459894997
9,"build/tests/sizes/cube-3713-bin.vtk","chck",1623113600456455696,1623113600459899145
9,"build/tests/sizes/cube-2093-asc.msh2","scan",1623113600460885122,1623113600535414339
9,"build/tests/sizes/cube-2093-asc.msh2","chck",1623113600459900149,1623113600535420255
9,"build/tests/sizes/cube-3465-geo.geo","scan",1623113600536012534,1623113600537113920
9,"build/tests/sizes/cube-3465-geo.geo","chck",1623113600535421185,1623113600537117802
9,"build/tests/sizes/cube-693-bin.vtk","scan",1623113600546808743,1623113600586934843
9,"build/tests/sizes/cube-693-bin.vtk","chck",1623113600537118774,1623113600586940910
9,"build/tests/sizes/cube-2326-geo.geo_unrolled","scan",1623113600587575598,1623113600588671508
9,"build/tests/sizes/cube-2326-geo.geo_unrolled","chck",1623113600586942141,1623113600588675597
9,"build/tests/sizes/cube-1318-bin.vtk","scan",1623113600603187202,1623113600920810781
9,"build/tests/sizes/cube-1318-bin.vtk","chck",1623113600588676629,1623113600920816540
9,"build/tests/sizes/cube-372-geo.geo","scan",1623113600950742728,1623113600952034106
9,"build/tests/sizes/cube-372-geo.geo","chck",1623113600920817620,1623113600952040154
9,"build/tests/sizes/cube-161-bin.msh4","scan",1623113600953008233,1623113600954670697
9,"build/tests/sizes/cube-161-bin.msh4","chck",1623113600952041286,1623113600954674234
9,"build/tests/sizes/cube-3569-asc.msh2","scan",1623113600955197778,1623113603569313831
9,"build/tests/sizes/cube-3569-asc.msh2","chck",1623113600954675107,1623113603569334463
9,"build/tests/sizes/cube-1401-stl-bin.geo","scan",1623113603587041884,1623113603617944837
9,"build/tests/sizes/cube-1401-stl-bin.geo","chck",1623113603569335982,1623113603617951203
9,"build/tests/sizes/cube-2329-geo.geo_unrolled","scan",1623113603618926828,1623113603619994660
9,"build/tests/sizes/cube-2329-geo.geo_unrolled","chck",1623113603617952443,1623113603620001662
9,"build/tests/sizes/cube-957-asc.msh2","scan",1623113603620896687,1623113610120449658
9,"build/tests/sizes/cube-957-asc.msh2","chck",1623113603620002751,1623113610120474682
9,"build/tests/sizes/cube-3323-bin.msh4","scan",1623113610121142837,1623113610130568054
9,"build/tests/sizes/cube-3323-bin.msh4","chck",1623113610120475997,1623113610130574698
9,"build/tests/sizes/cube-3767-bin.cgns","scan",1623113610135637071,1623113610155145751
9,"build/tests/sizes/cube-3767-bin.cgns","chck",1623113610130575990,1623113610155153461
9,"build/tests/sizes/cube-2962-geo.geo","scan",1623113610155982056,1623113610157263366
9,"build/tests/sizes/cube-2962-geo.geo","chck",1623113610155154746,1623113610157267835
9,"build/tests/sizes/cube-2058-geo.geo_unrolled","scan",1623113610157854938,1623113610158879967
9,"build/tests/sizes/cube-2058-geo.geo_unrolled","chck",1623113610157268805,1623113610158883872
9,"build/tests/sizes/cube-3561-asc.msh2","scan",1623113610175649862,1623113610228789046
9,"build/tests/sizes/cube-3561-asc.msh2","chck",1623113610158884960,1623113610228804624
9,"build/tests/sizes/cube-643-bin.msh4","scan",1623113610230000850,1623113610509383169
9,"build/tests/sizes/cube-643-bin.msh4","chck",1623113610228806021,1623113610509389875
9,"build/tests/sizes/cube-2167-bin.cgns","scan",1623113610512517815,1623113610531590966
9,"build/tests/sizes/cube-2167-bin.cgns","chck",1623113610509391391,1623113610531600288
9,"build/tests/sizes/cube-850-stl-bin.geo","scan",1623113610546096399,1623113610592991146
9,"build/tests/sizes/cube-850-stl-bin.geo","chck",1623113610531601585,1623113610592998197
9,"build/tests/sizes/cube-361-geo.geo","scan",1623113610615346979,1623113610616724520
9,"build/tests/sizes/cube-361-geo.geo","chck",1623113610592999535,1623113610616731197
9,"build/tests/sizes/cube-688-asc.msh2","scan",1623113610639508521,1623113610664654183
9,"build/tests/sizes/cube-688-asc.msh2","chck",1623113610616732318,1623113610664659809
9,"build/tests/sizes/cube-927-bin.cgns","scan",1623113610668491602,1623113610693472869
9,"build/tests/sizes/cube-927-bin.cgns","chck",1623113610664661061,1623113610693479851
9,"build/tests/sizes/cube-3007-stl-bin.geo","scan",1623113610694266241,1623113610698363187
9,"build/tests/sizes/cube-3007-stl-bin.geo","chck",1623113610693481342,1623113610698368523
9,"build/tests/sizes/cube-3425-asc.msh2","scan",1623113610698925769,1623113610761815835
9,"build/tests/sizes/cube-3425-asc.msh2","chck",1623113610698369667,1623113610761822580
9,"build/tests/sizes/cube-3390-geo.geo_unrolled","scan",1623113610785367959,1623113610786540144
9,"build/tests/sizes/cube-3390-geo.geo_unrolled","chck",1623113610761823859,1623113610786546730
9,"build/tests/sizes/cube-1675-geo.geo_unrolled","scan",1623113610799851586,1623113610801170772
9,"build/tests/sizes/cube-1675-geo.geo_unrolled","chck",1623113610786548011,1623113610801176992
9,"build/tests/sizes/cube-631-stl-bin.geo","scan",1623113610821291536,1623113610839404756
9,"build/tests/sizes/cube-631-stl-bin.geo","chck",1623113610801178126,1623113610839411539
9,"build/tests/sizes/cube-2163-asc.bdf","scan",1623113610840041145,1623113610923857406
9,"build/tests/sizes/cube-2163-asc.bdf","chck",1623113610839412715,1623113610923863905
9,"build/tests/sizes/cube-3443-bin.cgns","scan",1623113610932185437,1623113610951775191
9,"build/tests/sizes/cube-3443-bin.cgns","chck",1623113610923865266,1623113610951780168
9,"build/tests/sizes/cube-1046-geo.geo_unrolled","scan",1623113610971291830,1623113610972445844
9,"build/tests/sizes/cube-1046-geo.geo_unrolled","chck",1623113610951781155,1623113610972451693
9,"build/tests/sizes/cube-780-bin.msh4","scan",1623113610983914678,1623113611021512163
9,"build/tests/sizes/cube-780-bin.msh4","chck",1623113610972452875,1623113611021519054
9,"build/tests/sizes/cube-1011-asc.msh2","scan",1623113611044814080,1623113616704170338
9,"build/tests/sizes/cube-1011-asc.msh2","chck",1623113611021520389,1623113616704183203
9,"build/tests/sizes/cube-2282-bin.cgns","scan",1623113616728037630,1623113616889815762
9,"build/tests/sizes/cube-2282-bin.cgns","chck",1623113616704184634,1623113616890128780
9,"build/tests/sizes/cube-989-asc.bdf","scan",1623113616891301788,1623113616900404407
9,"build/tests/sizes/cube-989-asc.bdf","chck",1623113616890131169,1623113616900409059
9,"build/tests/sizes/cube-1708-bin.msh2","scan",1623113616901347267,1623113616942902328
9,"build/tests/sizes/cube-1708-bin.msh2","chck",1623113616900410089,1623113616942908665
9,"build/tests/sizes/cube-2183-bin.msh4","scan",1623113616944189343,1623113616957300948
9,"build/tests/sizes/cube-2183-bin.msh4","chck",1623113616942909865,1623113616957306892
9,"build/tests/sizes/cube-2436-bin.vtk","scan",1623113616958097525,1623113616959650032
9,"build/tests/sizes/cube-2436-bin.vtk","chck",1623113616957308219,1623113616959653670
9,"build/tests/sizes/cube-2022-bin.cgns","scan",1623113616963343117,1623113616984139335
9,"build/tests/sizes/cube-2022-bin.cgns","chck",1623113616959654598,1623113616984145518
9,"build/tests/sizes/cube-3190-geo.geo_unrolled","scan",1623113616984847290,1623113616985946804
9,"build/tests/sizes/cube-3190-geo.geo_unrolled","chck",1623113616984146752,1623113616985951112
9,"build/tests/sizes/cube-613-asc.bdf","scan",1623113617009685372,1623113624411455067
9,"build/tests/sizes/cube-613-asc.bdf","chck",1623113616985952103,1623113624411468804
9,"build/tests/sizes/cube-2209-geo.geo","scan",1623113624412676459,1623113624660686578
9,"build/tests/sizes/cube-2209-geo.geo","chck",1623113624411469967,1623113624660693021
9,"build/tests/sizes/cube-2193-asc.mesh","scan",1623113624661228179,1623113630070833043
9,"build/tests/sizes/cube-2193-asc.mesh","chck",1623113624660694208,1623113630070848008
9,"build/tests/sizes/cube-3718-bin.msh4","scan",1623113630071492753,1623113630074746134
9,"build/tests/sizes/cube-3718-bin.msh4","chck",1623113630070849366,1623113630074750621
9,"build/tests/sizes/cube-3505-geo.geo_unrolled","scan",1623113630075338599,1623113630076367610
9,"build/tests/sizes/cube-3505-geo.geo_unrolled","chck",1623113630074751610,1623113630076370895
9,"build/tests/sizes/cube-415-asc.bdf","scan",1623113630095949360,1623113630105734413
9,"build/tests/sizes/cube-415-asc.bdf","chck",1623113630076371847,1623113630105739520
9,"build/tests/sizes/cube-3073-bin.msh4","scan",1623113630119170023,1623113630147604743
9,"build/tests/sizes/cube-3073-bin.msh4","chck",1623113630105740508,1623113630147611877
9,"build/tests/sizes/cube-2784-geo.geo_unrolled","scan",1623113630165108907,1623113630166285462
9,"build/tests/sizes/cube-2784-geo.geo_unrolled","chck",1623113630147613094,1623113630166290331
9,"build/tests/sizes/cube-876-geo.geo","scan",1623113630181204103,1623113630182413065
9,"build/tests/sizes/cube-876-geo.geo","chck",1623113630166291373,1623113630182418149
9,"build/tests/sizes/cube-2123-asc.msh2","scan",1623113630182972449,1623113632436982034
9,"build/tests/sizes/cube-2123-asc.msh2","chck",1623113630182419327,1623113632436989166
9,"build/tests/sizes/cube-2285-geo.geo","scan",1623113632437723816,1623113632439008723
9,"build/tests/sizes/cube-2285-geo.geo","chck",1623113632436990423,1623113632439013223
9,"build/tests/sizes/cube-2614-geo.geo_unrolled","scan",1623113632456051366,1623113632457166916
9,"build/tests/sizes/cube-2614-geo.geo_unrolled","chck",1623113632439014111,1623113632457171938
9,"build/tests/sizes/cube-225-asc.msh2","scan",1623113632472690312,1623113633810033813
9,"build/tests/sizes/cube-225-asc.msh2","chck",1623113632457173266,1623113633810040598
9,"build/tests/sizes/cube-2807-asc.msh2","scan",1623113633810802103,1623113633813220292
9,"build/tests/sizes/cube-2807-asc.msh2","chck",1623113633810041972,1623113633813224495
9,"build/tests/sizes/cube-784-asc.msh2","scan",1623113633836993196,1623113634098423257
9,"build/tests/sizes/cube-784-asc.msh2","chck",1623113633813225497,1623113634098429289
9,"build/tests/sizes/cube-1797-bin.cgns","scan",1623113634103133929,1623113634123348226
9,"build/tests/sizes/cube-1797-bin.cgns","chck",1623113634098430584,1623113634123355072
9,"build/tests/sizes/cube-2892-asc.mesh","scan",1623113634124725716,1623113634150778070
9,"build/tests/sizes/cube-2892-asc.mesh","chck",1623113634123356250,1623113634150784298
9,"build/tests/sizes/cube-2195-bin.msh2","scan",1623113634152245237,1623113634171553495
9,"build/tests/sizes/cube-2195-bin.msh2","chck",1623113634150785563,1623113634171560133
9,"build/tests/sizes/cube-3257-stl-bin.geo","scan",1623113634187101713,1623113634221033502
9,"build/tests/sizes/cube-3257-stl-bin.geo","chck",1623113634171561390,1623113634221039460
9,"build/tests/sizes/cube-2947-geo.geo_unrolled","scan",1623113634242982926,1623113634244129374
9,"build/tests/sizes/cube-2947-geo.geo_unrolled","chck",1623113634221040655,1623113634244134603
9,"build/tests/sizes/cube-547-bin.msh4","scan",1623113634255079894,1623113634275289637
9,"build/tests/sizes/cube-547-bin.msh4","chck",1623113634244135581,1623113634275296214
9,"build/tests/sizes/cube-931-bin.cgns","scan",1623113634296768369,1623113634333938789
9,"build/tests/sizes/cube-931-bin.cgns","chck",1623113634275297431,1623113634333945281
9,"build/tests/sizes/cube-3563-asc.msh2","scan",1623113634342734875,1623113634398036753
9,"build/tests/sizes/cube-3563-asc.msh2","chck",1623113634333946607,1623113634398042941
9,"build/tests/sizes/cube-1943-stl-bin.geo","scan",1623113634413477138,1623113634479406547
9,"build/tests/sizes/cube-1943-stl-bin.geo","chck",1623113634398044329,1623113634479412786
9,"build/tests/sizes/cube-2594-bin.cgns","scan",1623113634483523010,1623113634504289375
9,"build/tests/sizes/cube-2594-bin.cgns","chck",1623113634479414119,1623113634504295460
9,"build/tests/sizes/cube-2208-bin.msh2","scan",1623113634504965562,1623113634515502283
9,"build/tests/sizes/cube-2208-bin.msh2","chck",1623113634504296524,1623113634515508407
9,"build/tests/sizes/cube-3278-bin.msh4","scan",1623113634516074040,1623113634517431552
9,"build/tests/sizes/cube-3278-bin.msh4","chck",1623113634515509769,1623113634517435524
9,"build/tests/sizes/cube-620-asc.mesh","scan",1623113634526808817,1623113634664039723
9,"build/tests/sizes/cube-620-asc.mesh","chck",1623113634517436739,1623113634664047589
9,"build/tests/sizes/cube-2864-bin.cgns","scan",1623113634668240967,1623113634687794501
9,"build/tests/sizes/cube-2864-bin.cgns","chck",1623113634664049031,1623113634687800291
9,"build/tests/sizes/cube-3343-bin.msh2","scan",1623113634688635308,1623113634730568454
9,"build/tests/sizes/cube-3343-bin.msh2","chck",1623113634687801500,1623113634730574640
9,"build/tests/sizes/cube-1418-asc.bdf","scan",1623113634731221422,1623113637824635717
9,"build/tests/sizes/cube-1418-asc.bdf","chck",1623113634730575949,1623113637824641427
9,"build/tests/sizes/cube-1515-geo.geo","scan",1623113637843781249,1623113637966084219
9,"build/tests/sizes/cube-1515-geo.geo","chck",1623113637824642488,1623113637966090957
9,"build/tests/sizes/cube-2112-bin.cgns","scan",1623113637998111641,1623113638074175761
9,"build/tests/sizes/cube-2112-bin.cgns","chck",1623113637966092078,1623113638074182113
9,"build/tests/sizes/cube-1500-bin.msh4","scan",1623113638075537126,1623113638087023769
9,"build/tests/sizes/cube-1500-bin.msh4","chck",1623113638074183164,1623113638087029499
9,"build/tests/sizes/cube-721-bin.msh2","scan",1623113638102908005,1623113638126737507
9,"build/tests/sizes/cube-721-bin.msh2","chck",1623113638087030659,1623113638126743810
9,"build/tests/sizes/cube-2711-bin.msh2","scan",1623113638145006688,1623113638170697633
9,"build/tests/sizes/cube-2711-bin.msh2","chck",1623113638126745355,1623113638170703906
9,"build/tests/sizes/cube-1465-geo.geo","scan",1623113638178439388,1623113638179748469
9,"build/tests/sizes/cube-1465-geo.geo","chck",1623113638170705196,1623113638179753327
9,"build/tests/sizes/cube-2669-stl-bin.geo","scan",1623113638180350206,1623113638284721737
9,"build/tests/sizes/cube-2669-stl-bin.geo","chck",1623113638179754331,1623113638284727473
9,"build/tests/sizes/cube-2168-bin.cgns","scan",1623113638288900800,1623113638308463128
9,"build/tests/sizes/cube-2168-bin.cgns","chck",1623113638284728536,1623113638308468969
9,"build/tests/sizes/cube-3497-bin.cgns","scan",1623113638337649659,1623113638385029149
9,"build/tests/sizes/cube-3497-bin.cgns","chck",1623113638308470115,1623113638385295440
9,"build/tests/sizes/cube-3219-asc.bdf","scan",1623113638394798068,1623113638472725458
9,"build/tests/sizes/cube-3219-asc.bdf","chck",1623113638385298284,1623113638472732552
9,"build/tests/sizes/cube-1069-bin.msh4","scan",1623113638474243029,1623113638499243799
9,"build/tests/sizes/cube-1069-bin.msh4","chck",1623113638472733970,1623113638499250890
9,"build/tests/sizes/cube-262-stl-bin.geo","scan",1623113638522168174,1623113638554399875
9,"build/tests/sizes/cube-262-stl-bin.geo","chck",1623113638499252155,1623113638554405974
9,"build/tests/sizes/cube-3453-bin.vtk","scan",1623113638554956730,1623113638556563129
9,"build/tests/sizes/cube-3453-bin.vtk","chck",1623113638554407003,1623113638556567098
9,"build/tests/sizes/cube-575-geo.geo","scan",1623113638577020485,1623113638578305695
9,"build/tests/sizes/cube-575-geo.geo","chck",1623113638556567933,1623113638578310472
9,"build/tests/sizes/cube-1629-bin.msh2","scan",1623113638579225108,1623113638582355438
9,"build/tests/sizes/cube-1629-bin.msh2","chck",1623113638578311516,1623113638582358975
9,"build/tests/sizes/cube-3392-asc.msh2","scan",1623113638591168223,1623113639008036832
9,"build/tests/sizes/cube-3392-asc.msh2","chck",1623113638582360174,1623113639008043209
9,"build/tests/sizes/cube-3293-stl-bin.geo","scan",1623113639008788672,1623113639012043169
9,"build/tests/sizes/cube-3293-stl-bin.geo","chck",1623113639008044551,1623113639012046676
9,"build/tests/sizes/cube-394-bin.msh2","scan",1623113639033240232,1623113639042049707
9,"build/tests/sizes/cube-394-bin.msh2","chck",1623113639012047597,1623113639042055139
9,"build/tests/sizes/cube-2618-bin.msh4","scan",1623113639042571939,1623113640115679957
9,"build/tests/sizes/cube-2618-bin.msh4","chck",1623113639042056620,1623113640115686142
9,"build/tests/sizes/cube-3601-asc.bdf","scan",1623113640117608548,1623113640264682916
9,"build/tests/sizes/cube-3601-asc.bdf","chck",1623113640115687506,1623113640264689476
9,"build/tests/sizes/cube-3681-asc.msh2","scan",1623113640281576562,1623113640550685165
9,"build/tests/sizes/cube-3681-asc.msh2","chck",1623113640264690964,1623113640550691455
9,"build/tests/sizes/cube-3849-bin.cgns","scan",1623113640563662650,1623113640659049726
9,"build/tests/sizes/cube-3849-bin.cgns","chck",1623113640550692649,1623113640659056210
9,"build/tests/sizes/cube-1456-geo.geo","scan",1623113640674182551,1623113640675631716
9,"build/tests/sizes/cube-1456-geo.geo","chck",1623113640659057328,1623113640675637219
9,"build/tests/sizes/cube-2392-stl-bin.geo","scan",1623113640676697458,1623113640708231783
9,"build/tests/sizes/cube-2392-stl-bin.geo","chck",1623113640675638301,1623113640708237889
9,"build/tests/sizes/cube-3575-bin.vtk","scan",1623113640708778836,1623113640711015191
9,"build/tests/sizes/cube-3575-bin.vtk","chck",1623113640708239059,1623113640711018928
9,"build/tests/sizes/cube-3918-bin.msh4","scan",1623113640711567324,1623113640713143282
9,"build/tests/sizes/cube-3918-bin.msh4","chck",1623113640711019892,1623113640713146107
9,"build/tests/sizes/cube-3526-stl-bin.geo","scan",1623113640713680199,1623113641088313447
9,"build/tests/sizes/cube-3526-stl-bin.geo","chck",1623113640713146964,1623113641088319873
9,"build/tests/sizes/cube-1930-bin.msh4","scan",1623113641107346652,1623113641130554122
9,"build/tests/sizes/cube-1930-bin.msh4","chck",1623113641088321163,1623113641130560367
9,"build/tests/sizes/cube-1196-bin.msh4","scan",1623113641148344297,1623113641162118064
9,"build/tests/sizes/cube-1196-bin.msh4","chck",1623113641130561690,1623113641162123476
9,"build/tests/sizes/cube-178-stl-bin.geo","scan",1623113641179201137,1623113641238097384
9,"build/tests/sizes/cube-178-stl-bin.geo","chck",1623113641162124807,1623113641238103707
9,"cube-178-stl-bin","mesh",1623113641239678024,1623113641422703548
9,"cube-178-stl-bin","prep",1623113641423730857,1623113641436681106
9,"cube-178-stl-bin","zzzz",1623113641436691474,1623113642188655362,13198,26457,79371
9,"cube-178-stl-bin","post",1623113642188666807,1623113642195811760
9,"cube-1196-bin","prep",1623113642195863152,1623113642197642912
9,"cube-1196-bin","zzzz",1623113642197645409,1623113642202814716,348,725,2175
9,"cube-1196-bin","post",1623113642202830882,1623113642203038457
9,"cube-1930-bin","prep",1623113642203116622,1623113642203760771
9,"cube-1930-bin","zzzz",1623113642203762644,1623113642220370125,994,1758,5274
9,"cube-1930-bin","post",1623113642220390067,1623113642221029623
9,"cube-2281-stl-bin","mesh",1623113642221059162,1623113642235406885
9,"cube-2281-stl-bin","prep",1623113642236400184,1623113642237346302
9,"cube-2281-stl-bin","zzzz",1623113642237349117,1623113642268519494,1039,2825,8475
9,"cube-2281-stl-bin","post",1623113642268529898,1623113642269086992
9,"cube-2208-bin","prep",1623113642269405633,1623113642270754411
9,"cube-2208-bin","zzzz",1623113642270756626,1623113642323604235,2388,4145,12435
9,"cube-2208-bin","post",1623113642323615520,1623113642324134222
9,"cube-2183-bin","prep",1623113642324458989,1623113642334012830
9,"cube-2183-bin","zzzz",1623113642334017124,1623113642901090296,14135,21760,65280
9,"cube-2183-bin","post",1623113642901101325,1623113642905114899
9,"cube-1011-asc","prep",1623113642905491018,1623113643545997625
9,"cube-1011-asc","zzzz",1623113643546004377,1623113804979349438,752243,1030320,3090960
9,"cube-1011-asc","post",1623113804979363437,1623113805062790534
9,"cube-1675-geo","mesh",1623113805063173609,1623113805226668865
9,"cube-1675-geo","prep",1623113805227696075,1623113805237461212
9,"cube-1675-geo","zzzz",1623113805237464127,1623113805494972186,7907,12547,37641
9,"cube-1675-geo","post",1623113805494982475,1623113805496856385
9,"cube-3412-stl-bin","mesh",1623113805497085219,1623113805500458555
9,"cube-3412-stl-bin","prep",1623113805501389474,1623113805501586278
9,"cube-3412-stl-bin","zzzz",1623113805501588234,1623113805507519374,211,804,2412
9,"cube-3412-stl-bin","post",1623113805507529600,1623113805507729089
9,"cube-2093-asc","prep",1623113805507757183,1623113805514954343
9,"cube-2093-asc","zzzz",1623113805514956885,1623113806082762046,14127,21744,65232
9,"cube-2093-asc","post",1623113806082773554,1623113806085202468
9,"cube-693-bin","prep",1623113806085344385,1623113806092258545
9,"cube-693-bin","zzzz",1623113806092261364,1623113806618762045,13392,20658,61974
9,"cube-693-bin","post",1623113806618776059,1623113806620639903
9,"cube-1046-geo","mesh",1623113806620666633,1623113806807096340
9,"cube-1046-geo","prep",1623113806808111489,1623113806821068935
9,"cube-1046-geo","zzzz",1623113806821072223,1623113807177235040,9966,15726,47178
9,"cube-1046-geo","post",1623113807177245625,1623113807179744934
9,"cube-2195-bin","prep",1623113807180020312,1623113807182608376
9,"cube-2195-bin","zzzz",1623113807182610544,1623113807299405070,4414,7223,21669
9,"cube-2195-bin","post",1623113807299415489,1623113807299895465
9,"cube-3425-asc","prep",1623113807299934063,1623113807305020628
9,"cube-3425-asc","zzzz",1623113807305022212,1623113807627291507,9261,14669,44007
9,"cube-3425-asc","post",1623113807627301907,1623113807629384358
9,"cube-780-bin","prep",1623113807629522294,1623113807637238843
9,"cube-780-bin","zzzz",1623113807637241061,1623113808195959582,13957,21522,64566
9,"cube-780-bin","post",1623113808195972077,1623113808198044615
9,"cube-850-stl-bin","mesh",1623113808198067415,1623113808539592860
9,"cube-850-stl-bin","prep",1623113808540645783,1623113808574760166
9,"cube-850-stl-bin","zzzz",1623113808574766884,1623113810072872619,22733,42554,127662
9,"cube-850-stl-bin","post",1623113810072886382,1623113810084483782
9,"cube-631-stl-bin","mesh",1623113810084519750,1623113810095910849
9,"cube-631-stl-bin","prep",1623113810096937697,1623113810097687534
9,"cube-631-stl-bin","zzzz",1623113810097689868,1623113810117672285,674,2023,6069
9,"cube-631-stl-bin","post",1623113810117682794,1623113810118017217
9,"cube-3293-stl-bin","mesh",1623113810118053401,1623113810124948906
9,"cube-3293-stl-bin","prep",1623113810125857950,1623113810126294242
9,"cube-3293-stl-bin","zzzz",1623113810126296353,1623113810140794888,482,1586,4758
9,"cube-3293-stl-bin","post",1623113810140805250,1623113810141066112
9,"cube-3278-bin","prep",1623113810141735503,1623113810142077469
9,"cube-3278-bin","zzzz",1623113810142079071,1623113810147684908,368,771,2313
9,"cube-3278-bin","post",1623113810147695127,1623113810147958864
9,"cube-547-bin","prep",1623113810147992902,1623113810148892342
9,"cube-547-bin","zzzz",1623113810148893919,1623113810166856667,1042,1864,5592
9,"cube-547-bin","post",1623113810166866841,1623113810167207242
9,"cube-2436-bin","prep",1623113810167346795,1623113810167680268
9,"cube-2436-bin","zzzz",1623113810167681693,1623113810172559629,337,692,2076
9,"cube-2436-bin","post",1623113810172569989,1623113810172724273
9,"cube-3343-bin","prep",1623113810172757616,1623113810177407421
9,"cube-3343-bin","zzzz",1623113810177409886,1623113810536668691,10022,15821,47463
9,"cube-3343-bin","post",1623113810536679219,1623113810538092465
9,"cube-3073-bin","prep",1623113810538131984,1623113810539612939
9,"cube-3073-bin","zzzz",1623113810539614769,1623113810629278057,3650,6002,18006
9,"cube-3073-bin","post",1623113810629288389,1623113810629657575
9,"cube-721-bin","prep",1623113810629766708,1623113810629955296
9,"cube-721-bin","zzzz",1623113810629956756,1623113810634942461,349,704,2112
9,"cube-721-bin","post",1623113810634952706,1623113810635101038
9,"cube-1708-bin","prep",1623113810635133913,1623113810641633423
9,"cube-1708-bin","zzzz",1623113810641635712,1623113811000176413,10016,15799,47397
9,"cube-1708-bin","post",1623113811000186725,1623113811002687248
9,"cube-225-asc","prep",1623113811002786797,1623113811099021867
9,"cube-225-asc","zzzz",1623113811099028871,1623113830831587777,175844,247850,743550
9,"cube-225-asc","post",1623113830831606237,1623113830846471203
9,"cube-394-bin","prep",1623113830846513616,1623113830846838436
9,"cube-394-bin","zzzz",1623113830846844793,1623113830854462914,488,975,2925
9,"cube-394-bin","post",1623113830854478982,1623113830854563746
9,"cube-927-bin.cgns","prep",1623113830854578144,1623113830892464125
9,"cube-927-bin.cgns","zzzz",1623113830892471672,1623113849734498961,169861,240253,720759
9,"cube-927-bin.cgns","post",1623113849734513470,1623113849734946512
9,"cube-2594-bin.cgns","prep",1623113849735015927,1623113849741241950
9,"cube-2594-bin.cgns","zzzz",1623113849741246266,1623113854799298754,67677,98198,294594
9,"cube-2594-bin.cgns","post",1623113854799313281,1623113854799389774
9,"cube-957-asc","prep",1623113854799457575,1623113855527330580
9,"cube-957-asc","zzzz",1623113855527336424,1623114075736109794,951035,1300480,3901440
9,"cube-957-asc","post",1623114075736118542,1623114075888954259
9,"cube-989-asc","prep",1623114075889224746,1623114075895118286
9,"cube-989-asc","zzzz",1623114075895121964,1623114075913332579,1040,1885,5655
9,"cube-989-asc","post",1623114075913348405,1623114075913574697
9,"cube-3563-asc","prep",1623114075913751396,1623114075920748432
9,"cube-3563-asc","zzzz",1623114075920750591,1623114076038406583,4441,7261,21783
9,"cube-3563-asc","post",1623114076038422443,1623114076038791020
9,"cube-3918-bin","prep",1623114076038832595,1623114076043968604
9,"cube-3918-bin","zzzz",1623114076043970987,1623114076058975294,903,1629,4887
9,"cube-3918-bin","post",1623114076058980328,1623114076059139532
9,"cube-3849-bin.cgns","prep",1623114076059219609,1623114076099332117
9,"cube-3849-bin.cgns","zzzz",1623114076099335428,1623114078742140188,42759,62937,188811
9,"cube-3849-bin.cgns","post",1623114078742154047,1623114078742228399
9,"cube-1418-asc","prep",1623114078742294799,1623114078971697802
9,"cube-1418-asc","zzzz",1623114078971701891,1623114138324025055,374070,519379,1558137
9,"cube-1418-asc","post",1623114138324039616,1623114138355650948
9,"cube-2285-geo","mesh",1623114138355684738,1623114138376418364
9,"cube-2285-geo","prep",1623114138377450002,1623114138377618379
9,"cube-2285-geo","zzzz",1623114138377620754,1623114138380032136,194,407,1221
9,"cube-2285-geo","post",1623114138380036185,1623114138380269157
9,"cube-1797-bin.cgns","prep",1623114138380300762,1623114138664003066
9,"cube-1797-bin.cgns","zzzz",1623114138664011576,1623114689371806683,1905415,2586244,7758732
9,"cube-1797-bin.cgns","post",1623114689371820451,1623114689371921220
9,"cube-3497-bin.cgns","prep",1623114689373319745,1623114689386762464
9,"cube-3497-bin.cgns","zzzz",1623114689386765944,1623114689410955752,1287,2334,7002
9,"cube-3497-bin.cgns","post",1623114689410965869,1623114689411019601
9,"cube-3767-bin.cgns","prep",1623114689411073957,1623114689411783103
9,"cube-3767-bin.cgns","zzzz",1623114689411785571,1623114689429854491,1052,1872,5616
9,"cube-3767-bin.cgns","post",1623114689429864655,1623114689429912485
9,"cube-1943-stl-bin","mesh",1623114689429962294,1623114689662808619
9,"cube-1943-stl-bin","prep",1623114689663807329,1623114689681854754
9,"cube-1943-stl-bin","zzzz",1623114689681860390,1623114690851990331,19275,35892,107676
9,"cube-1943-stl-bin","post",1623114690852004183,1623114690864324928
9,"cube-1401-stl-bin","mesh",1623114690864357289,1623114690887251826
9,"cube-1401-stl-bin","prep",1623114690888267769,1623114690889783222
9,"cube-1401-stl-bin","zzzz",1623114690889786536,1623114690948597998,1641,4464,13392
9,"cube-1401-stl-bin","post",1623114690948608319,1623114690949375412
9,"cube-3526-stl-bin","mesh",1623114690949547491,1623114699845118630
9,"cube-3526-stl-bin","prep",1623114699846125316,1623114700655755927
9,"cube-3526-stl-bin","zzzz",1623114700655764178,1623114843682265030,627401,940889,2822667
9,"cube-3526-stl-bin","post",1623114843682279265,1623114843955022757
9,"cube-2168-bin.cgns","prep",1623114843955410504,1623114844078413216
9,"cube-2168-bin.cgns","zzzz",1623114844078420882,1623114866177534705,190193,267588,802764
9,"cube-2168-bin.cgns","post",1623114866177548939,1623114866177622175
9,"cube-2947-geo","mesh",1623114866177665276,1623114866329700466
9,"cube-2947-geo","prep",1623114866330729009,1623114866335903565
9,"cube-2947-geo","zzzz",1623114866335906487,1623114866518434010,6176,9869,29607
9,"cube-2947-geo","post",1623114866518444337,1623114866522881994
9,"cube-1917-asc","prep",1623114866523211344,1623114866524285503
9,"cube-1917-asc","zzzz",1623114866524287352,1623114866543066875,480,1928,5784
9,"cube-1917-asc","post",1623114866543080712,1623114866543598937
9,"cube-2022-bin.cgns","prep",1623114866543647632,1623114866544307658
9,"cube-2022-bin.cgns","zzzz",1623114866544310459,1623114866547991716,266,557,1671
9,"cube-2022-bin.cgns","post",1623114866548002027,1623114866548063878
9,"cube-1456-geo","mesh",1623114866548114175,1623114878925731438
9,"cube-1456-geo","prep",1623114878926751142,1623114879936304295
9,"cube-1456-geo","zzzz",1623114879936309861,1623115048095356098,774725,1062314,3186942
9,"cube-1456-geo","post",1623115048095371905,1623115048482707308
9,"cube-1515-geo","mesh",1623115048483323014,1623115050574375236
9,"cube-1515-geo","prep",1623115050575454240,1623115050758437350
9,"cube-1515-geo","zzzz",1623115050758443394,1623115062101902352,120146,170371,511113
9,"cube-1515-geo","post",1623115062101917257,1623115062203194001
9,"cube-1629-bin","prep",1623115062203227044,1623115062223643357
9,"cube-1629-bin","zzzz",1623115062223646861,1623115062231251601,485,972,2916
9,"cube-1629-bin","post",1623115062231262049,1623115062231493578
9,"cube-3443-bin.cgns","prep",1623115062231533106,1623115062254165044
9,"cube-3443-bin.cgns","zzzz",1623115062254167795,1623115062257069234,208,463,1389
9,"cube-3443-bin.cgns","post",1623115062257079467,1623115062257167447
9,"cube-931-bin.cgns","prep",1623115062257218368,1623115062273834124
9,"cube-931-bin.cgns","zzzz",1623115062273857073,1623115062278920447,337,712,2136
9,"cube-931-bin.cgns","post",1623115062278930581,1623115062278977969
9,"cube-2329-geo","mesh",1623115062279023438,1623115062392477747
9,"cube-2329-geo","prep",1623115062393488009,1623115062396776421
9,"cube-2329-geo","zzzz",1623115062396778910,1623115062583211325,6250,10016,30048
9,"cube-2329-geo","post",1623115062583221609,1623115062585622911
9,"cube-3601-asc","prep",1623115062585831223,1623115062597442232
9,"cube-3601-asc","zzzz",1623115062597444975,1623115063560366475,20841,31369,94107
9,"cube-3601-asc","post",1623115063560380582,1623115063563022122
9,"cube-3411-asc","prep",1623115063563059055,1623115063563240912
9,"cube-3411-asc","zzzz",1623115063563604336,1623115063582015323,464,1907,5721
9,"cube-3411-asc","post",1623115063582025919,1623115063582352457
9,"cube-2614-geo","mesh",1623115063582370710,1623115089754074101
9,"cube-2614-geo","prep",1623115090707591778,1623115092087297961
9,"cube-2614-geo","zzzz",1623115092087303502,1623115534699862102,1613813,2195298,6585894
9,"cube-2614-geo","post",1623115534699873335,1623115535295252339
9,"cube-1069-bin","prep",1623115535297008381,1623115535344138817
9,"cube-1069-bin","zzzz",1623115535344145914,1623115537290882796,34561,50965,152895
9,"cube-1069-bin","post",1623115537290895617,1623115537294254159
9,"cube-620-asc","prep",1623115537294473035,1623115537314757762
9,"cube-620-asc","zzzz",1623115537314759498,1623115539104908936,5338,48104,144312
9,"cube-620-asc","post",1623115539104919775,1623115539110704302
9,"cube-2618-bin","prep",1623115539110734418,1623115540568306016
9,"cube-2618-bin","zzzz",1623115540568315426,1623116066465619590,1839065,2498351,7495053
9,"cube-2618-bin","post",1623116066465635438,1623116066626173441
9,"cube-3575-bin","prep",1623116066627258862,1623116066637693044
9,"cube-3575-bin","zzzz",1623116066637697305,1623116066653616401,954,1702,5106
9,"cube-3575-bin","post",1623116066653626796,1623116066653936871
9,"cube-3453-bin","prep",1623116066654060536,1623116066663940491
9,"cube-3453-bin","zzzz",1623116066663942849,1623116066671416120,473,958,2874
9,"cube-3453-bin","post",1623116066671426309,1623116066671646187
9,"cube-3257-stl-bin","mesh",1623116066671684940,1623116066726804684
9,"cube-3257-stl-bin","prep",1623116066727852482,1623116066730770514
9,"cube-3257-stl-bin","zzzz",1623116066730773410,1623116066859686268,3377,7752,23256
9,"cube-3257-stl-bin","post",1623116066859696839,1623116066861413817
9,"cube-876-geo","mesh",1623116066861429620,1623116098477443985
9,"cube-876-geo","prep",1623116099333047015,1623116100890421699
9,"cube-876-geo","zzzz",1623116100890426502,1623116642688250362,1881566,2554798,7664394
9,"cube-876-geo","post",1623116642688267381,1623116643362607964
9,"cube-2112-bin.cgns","prep",1623116643363555954,1623116643451070706
9,"cube-2112-bin.cgns","zzzz",1623116643451077080,1623116643735997199,8495,13477,40431
9,"cube-2112-bin.cgns","post",1623116643736006801,1623116643736064023
9,"cube-3681-asc","prep",1623116643736108624,1623116643764166891
9,"cube-3681-asc","zzzz",1623116643764171648,1623116645561469068,32623,48267,144801
9,"cube-3681-asc","post",1623116645561479489,1623116645564738336
9,"cube-2392-stl-bin","mesh",1623116645564770985,1623116645583457737
9,"cube-2392-stl-bin","prep",1623116645584546520,1623116645585536279
9,"cube-2392-stl-bin","zzzz",1623116645585539498,1623116645613636638,1016,2617,7851
9,"cube-2392-stl-bin","post",1623116645613638212,1623116645613959339
9,"cube-2892-asc","prep",1623116645613979268,1623116645614327979
9,"cube-2892-asc","zzzz",1623116645614329408,1623116645844274739,1900,11597,34791
9,"cube-2892-asc","post",1623116645844276592,1623116645845429638
9,"cube-2807-asc","prep",1623116645845450355,1623116645845660325
9,"cube-2807-asc","zzzz",1623116645845661512,1623116645848589669,213,468,1404
9,"cube-2807-asc","post",1623116645848603650,1623116645848682528
9,"cube-1465-geo","mesh",1623116645848697907,1623116659618646514
9,"cube-1465-geo","prep",1623116659619690524,1623116660727938182
9,"cube-1465-geo","zzzz",1623116660727944001,1623116840286396882,814617,1115895,3347685
9,"cube-1465-geo","post",1623116840286413983,1623116840765438870
9,"cube-2123-asc","prep",1623116840765530276,1623116840992299180
9,"cube-2123-asc","zzzz",1623116840992308242,1623116884213792954,300386,420136,1260408
9,"cube-2123-asc","post",1623116884213809045,1623116884239538646
9,"cube-1500-bin","prep",1623116884239585063,1623116884286278822
9,"cube-1500-bin","zzzz",1623116884286283068,1623116885235420293,20760,31052,93156
9,"cube-1500-bin","post",1623116885235431149,1623116885237939074
9,"cube-2784-geo","mesh",1623116885238077662,1623116909033632523
9,"cube-2784-geo","prep",1623116909934462880,1623116911164218727
9,"cube-2784-geo","zzzz",1623116911164224592,1623117284401384765,1418155,1931821,5795463
9,"cube-2784-geo","post",1623117284401409920,1623117284993497209
9,"cube-3505-geo","mesh",1623117284994490417,1623117285082383250
9,"cube-3505-geo","prep",1623117285083439752,1623117285083749676
9,"cube-3505-geo","zzzz",1623117285083751860,1623117285087116673,252,519,1557
9,"cube-3505-geo","post",1623117285087126852,1623117285087374351
9,"cube-2167-bin.cgns","prep",1623117285087391602,1623117285252635904
9,"cube-2167-bin.cgns","zzzz",1623117285252644872,1623117565025910199,1139546,1556261,4668783
9,"cube-2167-bin.cgns","post",1623117565025968225,1623117565026797476
9,"cube-3718-bin","prep",1623117565026958801,1623117565030581792
9,"cube-3718-bin","zzzz",1623117565030584935,1623117565219266117,6294,10100,30300
9,"cube-3718-bin","post",1623117565219276393,1623117565220223801
9,"cube-2193-asc","prep",1623117565220309643,1623117565234389413
9,"cube-2193-asc","zzzz",1623117565234391512,1623118028283440627,83438,2270910,6812730
9,"cube-2193-asc","post",1623118028283496672,1623118028530853223
9,"cube-3190-geo","mesh",1623118028530939585,1623118028795142021
9,"cube-3190-geo","prep",1623118028796266860,1623118028810089606
9,"cube-3190-geo","zzzz",1623118028810093155,1623118029379521727,14150,21787,65361
9,"cube-3190-geo","post",1623118029379532318,1623118029386131550
9,"cube-161-bin","prep",1623118029386613635,1623118029388486931
9,"cube-161-bin","zzzz",1623118029388489361,1623118029391699620,240,503,1509
9,"cube-161-bin","post",1623118029391704622,1623118029391796903
9,"cube-3219-asc","prep",1623118029391809771,1623118029397306868
9,"cube-3219-asc","zzzz",1623118029397308852,1623118029643731905,7640,12168,36504
9,"cube-3219-asc","post",1623118029643742173,1623118029645339096
9,"cube-2864-bin.cgns","prep",1623118029645464963,1623118029684879060
9,"cube-2864-bin.cgns","zzzz",1623118029684887215,1623118029690053776,348,725,2175
9,"cube-2864-bin.cgns","post",1623118029690058773,1623118029690116939
9,"cube-3390-geo","mesh",1623118029690137831,1623118031318402355
9,"cube-3390-geo","prep",1623118031319546123,1623118031401775758
9,"cube-3390-geo","zzzz",1623118031401781541,1623118038549588451,86464,124429,373287
9,"cube-3390-geo","post",1623118038549600283,1623118038627231983
9,"cube-415-asc","prep",1623118038627271022,1623118038636912412
9,"cube-415-asc","zzzz",1623118038636916263,1623118038638572517,134,305,915
9,"cube-415-asc","post",1623118038638574096,1623118038638621582
9,"cube-372-geo","mesh",1623118038638636208,1623118040250310376
9,"cube-372-geo","prep",1623118040251451721,1623118040388660258
9,"cube-372-geo","zzzz",1623118040388666943,1623118047676595482,87644,126075,378225
9,"cube-372-geo","post",1623118047676612578,1623118047749120542
9,"cube-613-asc","prep",1623118047753115045,1623118048381329749
9,"cube-613-asc","zzzz",1623118048381337713,1623118228034439400,814304,1116355,3349065
9,"cube-613-asc","post",1623118228034455365,1623118228130255039
9,"cube-3007-stl-bin","mesh",1623118228130291137,1623118228162275497
9,"cube-3007-stl-bin","prep",1623118228163397582,1623118228164199279
9,"cube-3007-stl-bin","zzzz",1623118228164202815,1623118228184228631,673,2024,6072
9,"cube-3007-stl-bin","post",1623118228184238902,1623118228184654446
9,"cube-3713-bin","prep",1623118228184684874,1623118228185544685
9,"cube-3713-bin","zzzz",1623118228185546545,1623118228205284786,1099,2002,6006
9,"cube-3713-bin","post",1623118228205295083,1623118228205635765
9,"cube-1318-bin","prep",1623118228205759268,1623118228303407149
9,"cube-1318-bin","zzzz",1623118228303415311,1623118244297769450,152047,215068,645204
9,"cube-1318-bin","post",1623118244297785769,1623118244313107774
9,"cube-2125-bin","prep",1623118244313144998,1623118244313617500
9,"cube-2125-bin","zzzz",1623118244313618826,1623118244321247199,487,974,2922
9,"cube-2125-bin","post",1623118244321257698,1623118244321480320
9,"cube-2163-asc","prep",1623118244321520076,1623118244328359075
9,"cube-2163-asc","zzzz",1623118244328361144,1623118244746816230,11272,17605,52815
9,"cube-2163-asc","post",1623118244746826451,1623118244748882166
9,"cube-2209-geo","mesh",1623118244749743497,1623118265483978881
9,"cube-2209-geo","prep",1623118266351976731,1623118267329924644
9,"cube-2209-geo","zzzz",1623118267329929675,1623118562077238435,1185837,1618325,4854975
9,"cube-2209-geo","post",1623118562077254989,1623118562578758130
9,"cube-3569-asc","prep",1623118562578803977,1623118562894815480
9,"cube-3569-asc","zzzz",1623118562894820804,1623118629795949574,405671,562544,1687632
9,"cube-3569-asc","post",1623118629795966363,1623118629869512897
9,"cube-3465-geo","mesh",1623118629869553899,1623118631093496805
9,"cube-3465-geo","prep",1623118631094642168,1623118631185163103
9,"cube-3465-geo","zzzz",1623118631185168397,1623118636246129678,67755,98307,294921
9,"cube-3465-geo","post",1623118636246146331,1623118636299964081
9,"cube-3468-asc","prep",1623118636300020075,1623118636307247468
9,"cube-3468-asc","zzzz",1623118636307250363,1623118636309502313,174,379,1137
9,"cube-3468-asc","post",1623118636309512909,1623118636309665082
9,"cube-643-bin","prep",1623118636309696898,1623118636494223152
9,"cube-643-bin","zzzz",1623118636494231167,1623118664974112742,226476,317485,952455
9,"cube-643-bin","post",1623118664974124686,1623118665044482141
9,"cube-262-stl-bin","mesh",1623118665044548778,1623118665091182246
9,"cube-262-stl-bin","prep",1623118665092337788,1623118665095337604
9,"cube-262-stl-bin","zzzz",1623118665095341705,1623118665219363625,3226,7533,22599
9,"cube-262-stl-bin","post",1623118665219370899,1623118665220754023
9,"cube-2784-bin","prep",1623118665220780699,1623118665223214194
9,"cube-2784-bin","zzzz",1623118665223217263,1623118665310174608,3539,5875,17625
9,"cube-2784-bin","post",1623118665310189763,1623118665310519845
9,"cube-2810-bin","prep",1623118665310748436,1623118665332436412
9,"cube-2810-bin","zzzz",1623118665332441074,1623118667454232365,36655,54139,162417
9,"cube-2810-bin","post",1623118667454243799,1623118667458008980
9,"cube-2962-geo","mesh",1623118667458047525,1623118679801970999
9,"cube-2962-geo","prep",1623118679803048480,1623118680766194821
9,"cube-2962-geo","zzzz",1623118680766201300,1623118860186655842,814136,1115272,3345816
9,"cube-2962-geo","post",1623118860186672815,1623118860424618712
9,"cube-3869-asc","prep",1623118860424685502,1623118860437633759
9,"cube-3869-asc","zzzz",1623118860437636883,1623118860454518081,1014,1779,5337
9,"cube-3869-asc","post",1623118860454528587,1623118860454828396
9,"cube-2058-geo","mesh",1623118860454965060,1623118860669588290
9,"cube-2058-geo","prep",1623118860670672094,1623118860681066564
9,"cube-2058-geo","zzzz",1623118860681070120,1623118861148375363,12234,19008,57024
9,"cube-2058-geo","post",1623118861148385662,1623118861151356730
9,"cube-784-asc","prep",1623118861151670428,1623118861170263072
9,"cube-784-asc","zzzz",1623118861170267055,1623118862867915570,31304,46397,139191
9,"cube-784-asc","post",1623118862867926286,1623118862871278055
9,"cube-2669-stl-bin","mesh",1623118862871306010,1623118864524885596
9,"cube-2669-stl-bin","prep",1623118864525988958,1623118864670849302
9,"cube-2669-stl-bin","zzzz",1623118864670857728,1623118879873058256,127558,207810,623430
9,"cube-2669-stl-bin","post",1623118879873066976,1623118879928974003
9,"cube-361-geo","mesh",1623118879929012539,1623118892524474002
9,"cube-361-geo","prep",1623118892525584346,1623118893500516612
9,"cube-361-geo","zzzz",1623118893500522727,1623119081426328718,843319,1154693,3464079
9,"cube-361-geo","post",1623119081426345743,1623119081677613253
9,"cube-2711-bin","prep",1623119081677686695,1623119081690948424
9,"cube-2711-bin","zzzz",1623119081690952405,1623119081718484121,1416,2571,7713
9,"cube-2711-bin","post",1623119081718494604,1623119081718991072
9,"cube-2282-bin.cgns","prep",1623119081719066278,1623119081851153936
9,"cube-2282-bin.cgns","zzzz",1623119081851162321,1623119101655519883,176434,248508,745524
9,"cube-2282-bin.cgns","post",1623119101655536032,1623119101655620124
9,"cube-2036-bin","prep",1623119101655687614,1623119101655978915
9,"cube-2036-bin","zzzz",1623119101655981191,1623119101658919595,211,466,1398
9,"cube-2036-bin","post",1623119101658924265,1623119101658988712
9,"cube-2077-bin","prep",1623119101659007125,1623119101659578469
9,"cube-2077-bin","zzzz",1623119101659580211,1623119101670560012,672,1285,3855
9,"cube-2077-bin","post",1623119101670570384,1623119101670826277
9,"cube-3392-asc","prep",1623119101670875280,1623119101703009927
9,"cube-3392-asc","zzzz",1623119101703013629,1623119105349329807,53617,78539,235617
9,"cube-3392-asc","post",1623119105349344436,1623119105354972194
9,"cube-575-geo","mesh",1623119105355019364,1623119105388188451
9,"cube-575-geo","prep",1623119105389540259,1623119105390926288
9,"cube-575-geo","zzzz",1623119105390928451,1623119105415030735,1280,2327,6981
9,"cube-575-geo","post",1623119105415040975,1623119105415810895
9,"cube-3895-asc","prep",1623119105415890451,1623119105416375858
9,"cube-3895-asc","zzzz",1623119105416377814,1623119105419686895,247,512,1536
9,"cube-3895-asc","post",1623119105419697250,1623119105419879576
9,"cube-2657-geo","mesh",1623119105419910799,1623119134071112504
9,"cube-2657-geo","prep",1623119134942224819,1623119136509979097
9,"cube-2657-geo","zzzz",1623119136509984060,1623119681039281080,1888945,2564455,7693365
9,"cube-2657-geo","post",1623119681039297865,1623119681561733122
9,"cube-3323-bin","prep",1623119681561785021,1623119681579847330
9,"cube-3323-bin","zzzz",1623119681579851266,1623119681697969366,4465,7291,21873
9,"cube-3323-bin","post",1623119681697980005,1623119681699533697
9,"cube-688-asc","prep",1623119681699552722,1623119681700240129
9,"cube-688-asc","zzzz",1623119681700241930,1623119681705446128,350,727,2181
9,"cube-688-asc","post",1623119681705456281,1623119681705638305
9,"cube-3561-asc","prep",1623119681705651590,1623119681707372572
9,"cube-3561-asc","zzzz",1623119681707374749,1623119681762213996,2467,4250,12750
9,"cube-3561-asc","post",1623119681762224457,1623119681763144698
9,"cube-2326-geo","mesh",1623119681763166317,1623119681782358943
9,"cube-2326-geo","prep",1623119681783560795,1623119681784271250
9,"cube-2326-geo","zzzz",1623119681784273449,1623119681795196110,669,1280,3840
9,"cube-2326-geo","post",1623119681795206585,1623119681795707414
9,"Proc","exit_task",1623113578265280558,1623119681815939246,2628256
