37,"build/tests/sizes/cube-2641-bin.cgns","scan",1623113597669583487,1623113597689075530
37,"build/tests/sizes/cube-2641-bin.cgns","chck",1623113597664267893,1623113597689212389
37,"build/tests/sizes/cube-2367-bin.msh4","scan",1623113597697555050,1623113597832363187
37,"build/tests/sizes/cube-2367-bin.msh4","chck",1623113597689214120,1623113597832368370
37,"build/tests/sizes/cube-1607-bin.msh2","scan",1623113597838065409,1623113601385864600
37,"build/tests/sizes/cube-1607-bin.msh2","chck",1623113597832369956,1623113601385889757
37,"build/tests/sizes/cube-2071-bin.vtk","scan",1623113601397404077,1623113601406118606
37,"build/tests/sizes/cube-2071-bin.vtk","chck",1623113601385891083,1623113601406124786
37,"build/tests/sizes/cube-3819-geo.geo_unrolled","scan",1623113601416835152,1623113601418352128
37,"build/tests/sizes/cube-3819-geo.geo_unrolled","chck",1623113601406125890,1623113601418358066
37,"build/tests/sizes/cube-209-bin.vtk","scan",1623113601430811286,1623113601438126400
37,"build/tests/sizes/cube-209-bin.vtk","chck",1623113601418359137,1623113601438132816
37,"build/tests/sizes/cube-3414-asc.mesh","scan",1623113601438710214,1623113601440956176
37,"build/tests/sizes/cube-3414-asc.mesh","chck",1623113601438133968,1623113601440960235
37,"build/tests/sizes/cube-2699-bin.vtk","scan",1623113601457107363,1623113601465382466
37,"build/tests/sizes/cube-2699-bin.vtk","chck",1623113601440961245,1623113601465387546
37,"build/tests/sizes/cube-3801-bin.msh2","scan",1623113601466336399,1623113601468691775
37,"build/tests/sizes/cube-3801-bin.msh2","chck",1623113601465388683,1623113601468696058
37,"build/tests/sizes/cube-917-geo.geo","scan",1623113601469699726,1623113601470973037
37,"build/tests/sizes/cube-917-geo.geo","chck",1623113601468697006,1623113601470976778
37,"build/tests/sizes/cube-736-geo.geo_unrolled","scan",1623113601485909100,1623113601486971217
37,"build/tests/sizes/cube-736-geo.geo_unrolled","chck",1623113601470977765,1623113601486976225
37,"build/tests/sizes/cube-662-stl-bin.geo","scan",1623113601490933912,1623113601728271942
37,"build/tests/sizes/cube-662-stl-bin.geo","chck",1623113601486977252,1623113601728278736
37,"build/tests/sizes/cube-3967-geo.geo","scan",1623113601728987044,1623113601730199805
37,"build/tests/sizes/cube-3967-geo.geo","chck",1623113601728279985,1623113601730205100
37,"build/tests/sizes/cube-504-asc.mesh","scan",1623113601747273999,1623113601771280507
37,"build/tests/sizes/cube-504-asc.mesh","chck",1623113601730206147,1623113601771287174
37,"build/tests/sizes/cube-254-asc.mesh","scan",1623113601790749260,1623113601811002817
37,"build/tests/sizes/cube-254-asc.mesh","chck",1623113601771288633,1623113601811008603
37,"build/tests/sizes/cube-2785-geo.geo","scan",1623113601812185942,1623113601814034646
37,"build/tests/sizes/cube-2785-geo.geo","chck",1623113601811009547,1623113601814039159
37,"build/tests/sizes/cube-3281-geo.geo_unrolled","scan",1623113601815303172,1623113601816703386
37,"build/tests/sizes/cube-3281-geo.geo_unrolled","chck",1623113601814040223,1623113601816707113
37,"build/tests/sizes/cube-3912-asc.msh2","scan",1623113601839318181,1623113601849046270
37,"build/tests/sizes/cube-3912-asc.msh2","chck",1623113601816708052,1623113601849052851
37,"build/tests/sizes/cube-2319-geo.geo_unrolled","scan",1623113601849621333,1623113601850709873
37,"build/tests/sizes/cube-2319-geo.geo_unrolled","chck",1623113601849054118,1623113601850713728
37,"build/tests/sizes/cube-3368-bin.vtk","scan",1623113601851242580,1623113601939977483
37,"build/tests/sizes/cube-3368-bin.vtk","chck",1623113601850714725,1623113601939984112
37,"build/tests/sizes/cube-3461-bin.msh2","scan",1623113601940777717,1623113601945240147
37,"build/tests/sizes/cube-3461-bin.msh2","chck",1623113601939985408,1623113601945247051
37,"build/tests/sizes/cube-1162-bin.msh2","scan",1623113601970171962,1623113601978546525
37,"build/tests/sizes/cube-1162-bin.msh2","chck",1623113601945248211,1623113601978551901
37,"build/tests/sizes/cube-3731-stl-bin.geo","scan",1623113601979136983,1623113601996369739
37,"build/tests/sizes/cube-3731-stl-bin.geo","chck",1623113601978552967,1623113601996375488
37,"build/tests/sizes/cube-1492-stl-bin.geo","scan",1623113602007257948,1623113603213593747
37,"build/tests/sizes/cube-1492-stl-bin.geo","chck",1623113601996382308,1623113603213601927
37,"build/tests/sizes/cube-831-geo.geo_unrolled","scan",1623113603227859838,1623113603251278311
37,"build/tests/sizes/cube-831-geo.geo_unrolled","chck",1623113603213603212,1623113603251283553
37,"build/tests/sizes/cube-3294-bin.vtk","scan",1623113603258189240,1623113603266409576
37,"build/tests/sizes/cube-3294-bin.vtk","chck",1623113603251284543,1623113603266415953
37,"build/tests/sizes/cube-1347-bin.vtk","scan",1623113603285405812,1623113605796337471
37,"build/tests/sizes/cube-1347-bin.vtk","chck",1623113603266417016,1623113605796344142
37,"build/tests/sizes/cube-1483-bin.cgns","scan",1623113605800760091,1623113605822283695
37,"build/tests/sizes/cube-1483-bin.cgns","chck",1623113605796345346,1623113605822291177
37,"build/tests/sizes/cube-2510-asc.mesh","scan",1623113605823867992,1623113605831374763
37,"build/tests/sizes/cube-2510-asc.mesh","chck",1623113605822292305,1623113605831382192
37,"build/tests/sizes/cube-1557-stl-bin.geo","scan",1623113605831963671,1623113605842994494
37,"build/tests/sizes/cube-1557-stl-bin.geo","chck",1623113605831383460,1623113605843001678
37,"build/tests/sizes/cube-322-geo.geo","scan",1623113605851240211,1623113605852576274
37,"build/tests/sizes/cube-322-geo.geo","chck",1623113605843002874,1623113605852582210
37,"build/tests/sizes/cube-3660-asc.mesh","scan",1623113605853101178,1623113605857419156
37,"build/tests/sizes/cube-3660-asc.mesh","chck",1623113605852583234,1623113605857424895
37,"build/tests/sizes/cube-3719-bin.cgns","scan",1623113605860503000,1623113605883386863
37,"build/tests/sizes/cube-3719-bin.cgns","chck",1623113605857426087,1623113605883393184
37,"build/tests/sizes/cube-1482-bin.vtk","scan",1623113605901493915,1623113608317238828
37,"build/tests/sizes/cube-1482-bin.vtk","chck",1623113605883394183,1623113608317255287
37,"build/tests/sizes/cube-3143-bin.vtk","scan",1623113608318188805,1623113608325005097
37,"build/tests/sizes/cube-3143-bin.vtk","chck",1623113608317256727,1623113608325010723
37,"build/tests/sizes/cube-237-bin.cgns","scan",1623113608334328034,1623113608368675383
37,"build/tests/sizes/cube-237-bin.cgns","chck",1623113608325011758,1623113608368682194
37,"build/tests/sizes/cube-2449-bin.vtk","scan",1623113608379923014,1623113608908298228
37,"build/tests/sizes/cube-2449-bin.vtk","chck",1623113608368683252,1623113608908305426
37,"build/tests/sizes/cube-2378-stl-bin.geo","scan",1623113608908989836,1623113608911066656
37,"build/tests/sizes/cube-2378-stl-bin.geo","chck",1623113608908306559,1623113608911071324
37,"build/tests/sizes/cube-1745-bin.msh4","scan",1623113608931660898,1623113608959073428
37,"build/tests/sizes/cube-1745-bin.msh4","chck",1623113608911072508,1623113608959080588
37,"build/tests/sizes/cube-3849-stl-bin.geo","scan",1623113608959648122,1623113609078084509
37,"build/tests/sizes/cube-3849-stl-bin.geo","chck",1623113608959081857,1623113609078090362
37,"build/tests/sizes/cube-466-stl-bin.geo","scan",1623113609089184599,1623113609112790862
37,"build/tests/sizes/cube-466-stl-bin.geo","chck",1623113609078091418,1623113609112797293
37,"build/tests/sizes/cube-2043-bin.msh2","scan",1623113609113348521,1623113609895179882
37,"build/tests/sizes/cube-2043-bin.msh2","chck",1623113609112798555,1623113609895192922
37,"build/tests/sizes/cube-1571-geo.geo","scan",1623113609895888589,1623113609897198075
37,"build/tests/sizes/cube-1571-geo.geo","chck",1623113609895194151,1623113609897202422
37,"build/tests/sizes/cube-57-bin.vtk","scan",1623113609909956393,1623113611146716452
37,"build/tests/sizes/cube-57-bin.vtk","chck",1623113609897203893,1623113611146731815
37,"build/tests/sizes/cube-3973-bin.cgns","scan",1623113611158919435,1623113611255386680
37,"build/tests/sizes/cube-3973-bin.cgns","chck",1623113611146733061,1623113611255392232
37,"build/tests/sizes/cube-3361-asc.bdf","scan",1623113611257253382,1623113611409652384
37,"build/tests/sizes/cube-3361-asc.bdf","chck",1623113611255393578,1623113611409659978
37,"build/tests/sizes/cube-941-asc.mesh","scan",1623113611425855864,1623113611438183437
37,"build/tests/sizes/cube-941-asc.mesh","chck",1623113611410082060,1623113611438189970
37,"build/tests/sizes/cube-2609-geo.geo_unrolled","scan",1623113611455822592,1623113611457243617
37,"build/tests/sizes/cube-2609-geo.geo_unrolled","chck",1623113611438191397,1623113611457254813
37,"build/tests/sizes/cube-3955-bin.vtk","scan",1623113611457892812,1623113611467448542
37,"build/tests/sizes/cube-3955-bin.vtk","chck",1623113611457256060,1623113611467454975
37,"build/tests/sizes/cube-3218-geo.geo_unrolled","scan",1623113611468077070,1623113611469193306
37,"build/tests/sizes/cube-3218-geo.geo_unrolled","chck",1623113611467456268,1623113611469197254
37,"build/tests/sizes/cube-1388-asc.msh2","scan",1623113611479058907,1623113611511419724
37,"build/tests/sizes/cube-1388-asc.msh2","chck",1623113611469198494,1623113611511425514
37,"build/tests/sizes/cube-3238-bin.msh4","scan",1623113611511996586,1623113611937604441
37,"build/tests/sizes/cube-3238-bin.msh4","chck",1623113611511426630,1623113611937610965
37,"build/tests/sizes/cube-3867-bin.msh4","scan",1623113611938262956,1623113611939911605
37,"build/tests/sizes/cube-3867-bin.msh4","chck",1623113611937612079,1623113611939916650
37,"build/tests/sizes/cube-3816-bin.vtk","scan",1623113611950399317,1623113611957928743
37,"build/tests/sizes/cube-3816-bin.vtk","chck",1623113611939917544,1623113611957934534
37,"build/tests/sizes/cube-2769-bin.msh4","scan",1623113611958863304,1623113611962286862
37,"build/tests/sizes/cube-2769-bin.msh4","chck",1623113611957935795,1623113611962291246
37,"build/tests/sizes/cube-3331-bin.cgns","scan",1623113611965510870,1623113611984657441
37,"build/tests/sizes/cube-3331-bin.cgns","chck",1623113611962292215,1623113611984663493
37,"build/tests/sizes/cube-1285-bin.msh4","scan",1623113611985323386,1623113612342551810
37,"build/tests/sizes/cube-1285-bin.msh4","chck",1623113611984664621,1623113612342559556
37,"build/tests/sizes/cube-3768-geo.geo","scan",1623113612356772042,1623113612358175837
37,"build/tests/sizes/cube-3768-geo.geo","chck",1623113612342560825,1623113612358181731
37,"build/tests/sizes/cube-1540-stl-bin.geo","scan",1623113612380286398,1623113612384020782
37,"build/tests/sizes/cube-1540-stl-bin.geo","chck",1623113612358182892,1623113612384026718
37,"build/tests/sizes/cube-724-geo.geo_unrolled","scan",1623113612397085194,1623113612398236040
37,"build/tests/sizes/cube-724-geo.geo_unrolled","chck",1623113612384027864,1623113612398241577
37,"build/tests/sizes/cube-1738-bin.cgns","scan",1623113612401604935,1623113612420873378
37,"build/tests/sizes/cube-1738-bin.cgns","chck",1623113612398242774,1623113612420880047
37,"build/tests/sizes/cube-424-asc.mesh","scan",1623113612436660640,1623113612475618865
37,"build/tests/sizes/cube-424-asc.mesh","chck",1623113612420881211,1623113612475624756
37,"build/tests/sizes/cube-3812-bin.vtk","scan",1623113612490452154,1623113612570867980
37,"build/tests/sizes/cube-3812-bin.vtk","chck",1623113612475625733,1623113612570874925
37,"build/tests/sizes/cube-1496-bin.cgns","scan",1623113612574684342,1623113612596312694
37,"build/tests/sizes/cube-1496-bin.cgns","chck",1623113612570876014,1623113612596319830
37,"build/tests/sizes/cube-3273-geo.geo_unrolled","scan",1623113612597003783,1623113612598159012
37,"build/tests/sizes/cube-3273-geo.geo_unrolled","chck",1623113612596320998,1623113612598163833
37,"build/tests/sizes/cube-2271-asc.bdf","scan",1623113612606709396,1623113612722618901
37,"build/tests/sizes/cube-2271-asc.bdf","chck",1623113612598164868,1623113612722625754
37,"build/tests/sizes/cube-3587-bin.vtk","scan",1623113612723212602,1623113612731753369
37,"build/tests/sizes/cube-3587-bin.vtk","chck",1623113612722627046,1623113612731759787
37,"build/tests/sizes/cube-99-geo.geo_unrolled","scan",1623113612753617974,1623113612754740835
37,"build/tests/sizes/cube-99-geo.geo_unrolled","chck",1623113612731761032,1623113612754745563
37,"build/tests/sizes/cube-2856-bin.msh2","scan",1623113612755258552,1623113612760330302
37,"build/tests/sizes/cube-2856-bin.msh2","chck",1623113612754746472,1623113612760334676
37,"build/tests/sizes/cube-1852-asc.msh2","scan",1623113612761381060,1623113617816393395
37,"build/tests/sizes/cube-1852-asc.msh2","chck",1623113612760335634,1623113617816409865
37,"build/tests/sizes/cube-1055-asc.bdf","scan",1623113617817829345,1623113625854777342
37,"build/tests/sizes/cube-1055-asc.bdf","chck",1623113617816411291,1623113625854785268
37,"build/tests/sizes/cube-3216-stl-bin.geo","scan",1623113625857971525,1623113625858750125
37,"build/tests/sizes/cube-3216-stl-bin.geo","chck",1623113625854786251,1623113625858755455
37,"build/tests/sizes/cube-1169-stl-bin.geo","scan",1623113625877748604,1623113625877791113
37,"build/tests/sizes/cube-1169-stl-bin.geo","chck",1623113625858756279,1623113625877796262
37,"build/tests/sizes/cube-1165-asc.bdf","scan",1623113625880923522,1623113625880956381
37,"build/tests/sizes/cube-1165-asc.bdf","chck",1623113625877797139,1623113625880960921
37,"build/tests/sizes/cube-3960-bin.msh2","scan",1623113625904908567,1623113625904950893
37,"build/tests/sizes/cube-3960-bin.msh2","chck",1623113625880961719,1623113625904957575
37,"build/tests/sizes/cube-3545-asc.bdf","scan",1623113625908287569,1623113625908321811
37,"build/tests/sizes/cube-3545-asc.bdf","chck",1623113625904958551,1623113625908325818
37,"build/tests/sizes/cube-544-asc.msh2","scan",1623113625938133270,1623113625938175499
37,"build/tests/sizes/cube-544-asc.msh2","chck",1623113625908326838,1623113625938181103
37,"build/tests/sizes/cube-127-asc.bdf","scan",1623113625943220725,1623113625943256898
37,"build/tests/sizes/cube-127-asc.bdf","chck",1623113625938182049,1623113625943262392
37,"build/tests/sizes/cube-3357-stl-bin.geo","scan",1623113625947424299,1623113625947455410
37,"build/tests/sizes/cube-3357-stl-bin.geo","chck",1623113625943263168,1623113625947458967
37,"build/tests/sizes/cube-3044-asc.mesh","scan",1623113625950690273,1623113625950723385
37,"build/tests/sizes/cube-3044-asc.mesh","chck",1623113625947459741,1623113625950727545
37,"build/tests/sizes/cube-157-bin.vtk","scan",1623113625968406665,1623113625968447390
37,"build/tests/sizes/cube-157-bin.vtk","chck",1623113625950728306,1623113625968452832
37,"build/tests/sizes/cube-2097-stl-bin.geo","scan",1623113625988924709,1623113625988967384
37,"build/tests/sizes/cube-2097-stl-bin.geo","chck",1623113625968453794,1623113625988974817
37,"build/tests/sizes/cube-924-bin.vtk","scan",1623113626006835692,1623113626006880252
37,"build/tests/sizes/cube-924-bin.vtk","chck",1623113625988975977,1623113626006885800
37,"build/tests/sizes/cube-3708-bin.msh4","scan",1623113626019511988,1623113626019547141
37,"build/tests/sizes/cube-3708-bin.msh4","chck",1623113626006886728,1623113626019551730
37,"build/tests/sizes/cube-3978-asc.mesh","scan",1623113626037819401,1623113626037869385
37,"build/tests/sizes/cube-3978-asc.mesh","chck",1623113626019552591,1623113626037875810
37,"build/tests/sizes/cube-1155-asc.msh2","scan",1623113626054691470,1623113626054730618
37,"build/tests/sizes/cube-1155-asc.msh2","chck",1623113626037876780,1623113626054736360
37,"build/tests/sizes/cube-3601-stl-bin.geo","scan",1623113626071773190,1623113626071817382
37,"build/tests/sizes/cube-3601-stl-bin.geo","chck",1623113626054737276,1623113626071825480
37,"build/tests/sizes/cube-2737-bin.msh4","scan",1623113626074870165,1623113626074903747
37,"build/tests/sizes/cube-2737-bin.msh4","chck",1623113626071826426,1623113626074907961
37,"build/tests/sizes/cube-1924-bin.cgns","scan",1623113626158929832,1623113626178888948
37,"build/tests/sizes/cube-1924-bin.cgns","chck",1623113626074908814,1623113626178896219
37,"build/tests/sizes/cube-1620-stl-bin.geo","scan",1623113626191597444,1623113626191631293
37,"build/tests/sizes/cube-1620-stl-bin.geo","chck",1623113626178897330,1623113626191637967
37,"build/tests/sizes/cube-3756-asc.mesh","scan",1623113626195684061,1623113626195711671
37,"build/tests/sizes/cube-3756-asc.mesh","chck",1623113626191639056,1623113626195715708
37,"build/tests/sizes/cube-105-bin.msh2","scan",1623113626215114476,1623113626215146663
37,"build/tests/sizes/cube-105-bin.msh2","chck",1623113626195716595,1623113626215278906
37,"build/tests/sizes/cube-1246-bin.msh2","scan",1623113626227748544,1623113626227778801
37,"build/tests/sizes/cube-1246-bin.msh2","chck",1623113626215280184,1623113626227783419
37,"build/tests/sizes/cube-150-geo.geo","scan",1623113626247187071,1623113626247222027
37,"build/tests/sizes/cube-150-geo.geo","chck",1623113626227784221,1623113626247243606
37,"build/tests/sizes/cube-1993-asc.bdf","scan",1623113626248197207,1623113626248218836
37,"build/tests/sizes/cube-1993-asc.bdf","chck",1623113626247244773,1623113626248221401
37,"build/tests/sizes/cube-2325-geo.geo_unrolled","scan",1623113626248724667,1623113626248739365
37,"build/tests/sizes/cube-2325-geo.geo_unrolled","chck",1623113626248222501,1623113626248741279
37,"build/tests/sizes/cube-3839-bin.vtk","scan",1623113626249227240,1623113626249244380
37,"build/tests/sizes/cube-3839-bin.vtk","chck",1623113626248742159,1623113626249246477
37,"build/tests/sizes/cube-109-stl-bin.geo","scan",1623113626252719983,1623113626252734640
37,"build/tests/sizes/cube-109-stl-bin.geo","chck",1623113626249247480,1623113626252736773
37,"build/tests/sizes/cube-2361-asc.msh2","scan",1623113626270275689,1623113626270307268
37,"build/tests/sizes/cube-2361-asc.msh2","chck",1623113626252737466,1623113626270312027
37,"build/tests/sizes/cube-52-geo.geo_unrolled","scan",1623113626287175196,1623113626287194213
37,"build/tests/sizes/cube-52-geo.geo_unrolled","chck",1623113626270312780,1623113626287197364
37,"build/tests/sizes/cube-2655-stl-bin.geo","scan",1623113626287711383,1623113626287725561
37,"build/tests/sizes/cube-2655-stl-bin.geo","chck",1623113626287198162,1623113626287727491
37,"build/tests/sizes/cube-830-asc.mesh","scan",1623113626301507744,1623113626301533510
37,"build/tests/sizes/cube-830-asc.mesh","chck",1623113626287728257,1623113626301536644
37,"build/tests/sizes/cube-3982-asc.msh2","scan",1623113626302055045,1623113626302072139
37,"build/tests/sizes/cube-3982-asc.msh2","chck",1623113626301537444,1623113626302074525
37,"build/tests/sizes/cube-3496-asc.mesh","scan",1623113626302602929,1623113626302617383
37,"build/tests/sizes/cube-3496-asc.mesh","chck",1623113626302075269,1623113626302619402
37,"build/tests/sizes/cube-219-bin.cgns","scan",1623113626328579124,1623113626420729432
37,"build/tests/sizes/cube-219-bin.cgns","chck",1623113626302620089,1623113626420735950
37,"build/tests/sizes/cube-3625-asc.mesh","scan",1623113626449176209,1623113626449224974
37,"build/tests/sizes/cube-3625-asc.mesh","chck",1623113626420737074,1623113626449230043
37,"build/tests/sizes/cube-2684-geo.geo_unrolled","scan",1623113626449767273,1623113626449783448
37,"build/tests/sizes/cube-2684-geo.geo_unrolled","chck",1623113626449231110,1623113626449785899
37,"build/tests/sizes/cube-2366-stl-bin.geo","scan",1623113626450308641,1623113626450324106
37,"build/tests/sizes/cube-2366-stl-bin.geo","chck",1623113626449786764,1623113626450326128
37,"build/tests/sizes/cube-3476-bin.cgns","scan",1623113626454905407,1623113626474520637
37,"build/tests/sizes/cube-3476-bin.cgns","chck",1623113626450327013,1623113626474526494
37,"build/tests/sizes/cube-3245-asc.msh2","scan",1623113626476319396,1623113626476356213
37,"build/tests/sizes/cube-3245-asc.msh2","chck",1623113626474527571,1623113626476360489
37,"build/tests/sizes/cube-476-bin.vtk","scan",1623113626482763448,1623113626482790627
37,"build/tests/sizes/cube-476-bin.vtk","chck",1623113626476361340,1623113626482793932
37,"build/tests/sizes/cube-2039-bin.msh2","scan",1623113626483297411,1623113626483316375
37,"build/tests/sizes/cube-2039-bin.msh2","chck",1623113626482794746,1623113626483318905
37,"build/tests/sizes/cube-2646-asc.mesh","scan",1623113626483818604,1623113626483834738
37,"build/tests/sizes/cube-2646-asc.mesh","chck",1623113626483319696,1623113626483836765
37,"build/tests/sizes/cube-3749-geo.geo_unrolled","scan",1623113626500269996,1623113626500291811
37,"build/tests/sizes/cube-3749-geo.geo_unrolled","chck",1623113626483837582,1623113626500295734
37,"cube-2856-bin","prep",1623113626501424996,1623113626502332144
37,"cube-2856-bin","zzzz",1623113626502338179,1623113626534786917,1609,2919,8757
37,"cube-2856-bin","post",1623113626534796446,1623113626535062296
37,"cube-99-geo","mesh",1623113626535173947,1623113626535272207
37,"cube-99-geo","prep",1623113626536009443,1623113626536011100
37,"cube-99-geo","zzzz",1623113626536012519,1623113626537221158,0,0,0
37,"cube-99-geo","post",1623113626537224142,1623113626537327727
37,"cube-2271-asc","prep",1623113626537339583,1623113626544153859
37,"cube-2271-asc","zzzz",1623113626544158273,1623113627064089848,13270,20490,61470
37,"cube-2271-asc","post",1623113627064098077,1623113627065430395
37,"cube-3812-bin","prep",1623113627065464724,1623113627081970065
37,"cube-3812-bin","zzzz",1623113627081974233,1623113628744317666,30917,45777,137331
37,"cube-3812-bin","post",1623113628744327759,1623113628747167516
37,"cube-3768-geo","mesh",1623113628747202312,1623113628747264047
37,"cube-3768-geo","prep",1623113628747992591,1623113628747994147
37,"cube-3768-geo","zzzz",1623113628747995414,1623113628748052330,0,0,0
37,"cube-3768-geo","post",1623113628748053939,1623113628748144262
37,"cube-3867-bin","prep",1623113628748151344,1623113628748824526
37,"cube-3867-bin","zzzz",1623113628748826467,1623113628777056730,1445,2622,7866
37,"cube-3867-bin","post",1623113628777067615,1623113628777295478
37,"cube-1492-stl-bin","mesh",1623113628777427448,1623113628807356802
37,"cube-1492-stl-bin","prep",1623113628808115639,1623113628808128167
37,"cube-1492-stl-bin","zzzz",1623113628808129631,1623113663926676394,0,365524,1096572
37,"cube-1492-stl-bin","post",1623113663926686794,1623113663969849993
37,"cube-3731-stl-bin","mesh",1623113663969878525,1623113663970267267
37,"cube-3731-stl-bin","prep",1623113663984535538,1623113663984557035
37,"cube-3731-stl-bin","zzzz",1623113663984560907,1623113664143001778,0,8940,26820
37,"cube-3731-stl-bin","post",1623113664143011215,1623113664143991279
37,"cube-1162-bin","prep",1623113664144016601,1623113664144419892
37,"cube-1162-bin","zzzz",1623113664144421468,1623113664148397286,288,593,1779
37,"cube-1162-bin","post",1623113664148402452,1623113664148502774
37,"cube-2769-bin","prep",1623113664148516271,1623113664149990591
37,"cube-2769-bin","zzzz",1623113664149992480,1623113664239210326,3623,5981,17943
37,"cube-2769-bin","post",1623113664239219459,1623113664239530932
37,"cube-3461-bin","prep",1623113664239698771,1623113664240413202
37,"cube-3461-bin","zzzz",1623113664240414972,1623113664258182487,1025,1850,5550
37,"cube-3461-bin","post",1623113664258198534,1623113664258443702
37,"cube-3273-geo","mesh",1623113664258557047,1623113664258635846
37,"cube-3273-geo","prep",1623113664259300659,1623113664259301374
37,"cube-3273-geo","zzzz",1623113664259302833,1623113664259358584,0,0,0
37,"cube-3273-geo","post",1623113664259359798,1623113664259421229
37,"cube-424-asc","prep",1623113664259427377,1623113664259574926
37,"cube-424-asc","zzzz",1623113664259575959,1623113664339519887,1088,5538,16614
37,"cube-424-asc","post",1623113664339527782,1623113664339935814
37,"cube-466-stl-bin","mesh",1623113664339963378,1623113664340045702
37,"cube-466-stl-bin","prep",1623113664340723368,1623113664340742607
37,"cube-466-stl-bin","zzzz",1623113664340743766,1623113664345456832,0,676,2028
37,"cube-466-stl-bin","post",1623113664345472406,1623113664345546395
37,"cube-3816-bin","prep",1623113664345557685,1623113664345809783
37,"cube-3816-bin","zzzz",1623113664345810913,1623113664353521845,495,984,2952
37,"cube-3816-bin","post",1623113664353537703,1623113664353601803
37,"cube-3368-bin","prep",1623113664353614348,1623113664380738573
37,"cube-3368-bin","zzzz",1623113664380744293,1623113667181807235,44463,65522,196566
37,"cube-3368-bin","post",1623113667181815025,1623113667194759648
37,"cube-941-asc","prep",1623113667194791792,1623113667198789797
37,"cube-941-asc","zzzz",1623113667198792396,1623113667204389118,256,771,2313
37,"cube-941-asc","post",1623113667204404380,1623113667204477686
37,"cube-2319-geo","mesh",1623113667204492996,1623113667204553258
37,"cube-2319-geo","prep",1623113667205598834,1623113667205599727
37,"cube-2319-geo","zzzz",1623113667205601212,1623113667205656643,0,0,0
37,"cube-2319-geo","post",1623113667205657727,1623113667205722360
37,"cube-3281-geo","mesh",1623113667205729022,1623113667205767717
37,"cube-3281-geo","prep",1623113667206304559,1623113667206304986
37,"cube-3281-geo","zzzz",1623113667206305990,1623113667206360213,0,0,0
37,"cube-3281-geo","post",1623113667206361199,1623113667206408098
37,"cube-2785-geo","mesh",1623113667206413080,1623113667206446660
37,"cube-2785-geo","prep",1623113667206951529,1623113667206951874
37,"cube-2785-geo","zzzz",1623113667206952777,1623113667207006697,0,0,0
37,"cube-2785-geo","post",1623113667207007747,1623113667207075155
37,"cube-504-asc","prep",1623113667207079826,1623113667207268562
37,"cube-504-asc","zzzz",1623113667207269539,1623113667212450192,240,727,2181
37,"cube-504-asc","post",1623113667212465331,1623113667212628644
37,"cube-3955-bin","prep",1623113667212641087,1623113667215407433
37,"cube-3955-bin","zzzz",1623113667215409302,1623113667409809947,6493,10327,30981
37,"cube-3955-bin","post",1623113667409817489,1623113667410479066
37,"cube-209-bin","prep",1623113667410511800,1623113667410767884
37,"cube-209-bin","zzzz",1623113667410769535,1623113667414077023,249,514,1542
37,"cube-209-bin","post",1623113667414092558,1623113667414221584
37,"cube-3819-geo","mesh",1623113667414237703,1623113667414304642
37,"cube-3819-geo","prep",1623113667414970106,1623113667414971001
37,"cube-3819-geo","zzzz",1623113667414972294,1623113667415027754,0,0,0
37,"cube-3819-geo","post",1623113667415029017,1623113667415335337
37,"cube-2367-bin","prep",1623113667415341708,1623113667564415808
37,"cube-2367-bin","zzzz",1623113667564422966,1623113692093955596,204315,287112,861336
37,"cube-2367-bin","post",1623113692093962749,1623113692111493873
37,"cube-3660-asc","prep",1623113692111537941,1623113692111818056
37,"cube-3660-asc","zzzz",1623113692111819064,1623113692127387198,416,1674,5022
37,"cube-3660-asc","post",1623113692127397546,1623113692127888953
37,"cube-1745-bin","prep",1623113692127921490,1623113692129575224
37,"cube-1745-bin","zzzz",1623113692129576939,1623113692210098582,3375,5566,16698
37,"cube-1745-bin","post",1623113692210108610,1623113692210649898
37,"cube-2641-bin.cgns","prep",1623113692210739268,1623113692212143231
37,"cube-2641-bin.cgns","zzzz",1623113692212146003,1623113692217320316,348,725,2175
37,"cube-2641-bin.cgns","post",1623113692217330306,1623113692217427624
37,"cube-3967-geo","mesh",1623113692217470644,1623113692217620818
37,"cube-3967-geo","prep",1623113692218889258,1623113692218889973
37,"cube-3967-geo","zzzz",1623113692218891328,1623113692218946618,0,0,0
37,"cube-3967-geo","post",1623113692218947843,1623113692219031493
37,"cube-3587-bin","prep",1623113692219037577,1623113692220456099
37,"cube-3587-bin","zzzz",1623113692220457928,1623113692310507158,3660,6020,18060
37,"cube-3587-bin","post",1623113692310517312,1623113692311149966
37,"cube-2043-bin","prep",1623113692311165689,1623113692455909371
37,"cube-2043-bin","zzzz",1623113692455916552,1623113720699319619,224851,315705,947115
37,"cube-2043-bin","post",1623113720699329120,1623113720723961341
37,"cube-3218-geo","mesh",1623113720724001115,1623113720726172886
37,"cube-3218-geo","prep",1623113720735710477,1623113720735711856
37,"cube-3218-geo","zzzz",1623113720735714355,1623113720735772607,0,0,0
37,"cube-3218-geo","post",1623113720735774684,1623113720735848026
37,"cube-3238-bin","prep",1623113720735855969,1623113721232365318
37,"cube-3238-bin","zzzz",1623113721232370752,1623113880821308501,745476,1021473,3064419
37,"cube-3238-bin","post",1623113880821322742,1623113880880371245
37,"cube-1852-asc","prep",1623113880880828203,1623113881357126803
37,"cube-1852-asc","zzzz",1623113881357131230,1623114042743281701,752000,1030088,3090264
37,"cube-1852-asc","post",1623114042743295583,1623114042815760217
37,"cube-3476-bin.cgns","prep",1623114042815796639,1623114042843435263
37,"cube-3476-bin.cgns","zzzz",1623114042843441429,1623114045655384625,44619,65680,197040
37,"cube-3476-bin.cgns","post",1623114045655394178,1623114045655438948
37,"cube-237-bin.cgns","prep",1623114045655482524,1623114045667427978
37,"cube-237-bin.cgns","zzzz",1623114045667432176,1623114045672286970,334,691,2073
37,"cube-237-bin.cgns","post",1623114045672302634,1623114045672328124
37,"cube-3973-bin.cgns","prep",1623114045672356441,1623114045692251472
37,"cube-3973-bin.cgns","zzzz",1623114045692255075,1623114045881111685,6363,10123,30369
37,"cube-3973-bin.cgns","post",1623114045881121297,1623114045881160793
37,"cube-3719-bin.cgns","prep",1623114045881205409,1623114045884051533
37,"cube-3719-bin.cgns","zzzz",1623114045884055343,1623114047277306449,27215,40503,121509
37,"cube-3719-bin.cgns","post",1623114047277316946,1623114047277356740
37,"cube-1557-stl-bin","mesh",1623114047277400496,1623114047277647717
37,"cube-1557-stl-bin","prep",1623114047278354383,1623114047278365553
37,"cube-1557-stl-bin","zzzz",1623114047278367201,1623114047366707289,0,5940,17820
37,"cube-1557-stl-bin","post",1623114047366727615,1623114047367027133
37,"cube-322-geo","mesh",1623114047367052015,1623114047367135796
37,"cube-322-geo","prep",1623114047367792523,1623114047367793567
37,"cube-322-geo","zzzz",1623114047367794803,1623114047367852245,0,0,0
37,"cube-322-geo","post",1623114047367853534,1623114047367933350
37,"cube-3331-bin.cgns","prep",1623114047367939565,1623114047383890107
37,"cube-3331-bin.cgns","zzzz",1623114047383897180,1623114065166655635,163601,231072,693216
37,"cube-3331-bin.cgns","post",1623114065166670368,1623114065166734804
37,"cube-1483-bin.cgns","prep",1623114065166803778,1623114065168283588
37,"cube-1483-bin.cgns","zzzz",1623114065168286882,1623114065195620166,1405,2560,7680
37,"cube-1483-bin.cgns","post",1623114065195630161,1623114065195675558
37,"cube-57-bin","prep",1623114065195727015,1623114065598844081
37,"cube-57-bin","zzzz",1623114065598851148,1623114193315176527,629092,864288,2592864
37,"cube-57-bin","post",1623114193315190858,1623114193370623631
37,"cube-219-bin.cgns","prep",1623114193370662968,1623114193396228682
37,"cube-219-bin.cgns","zzzz",1623114193396233217,1623114195362858719,34758,51359,154077
37,"cube-219-bin.cgns","post",1623114195362869194,1623114195362929938
37,"cube-3143-bin","prep",1623114195362988719,1623114195364874307
37,"cube-3143-bin","zzzz",1623114195364876054,1623114195443004089,3287,5452,16356
37,"cube-3143-bin","post",1623114195443014448,1623114195443791417
37,"cube-2609-geo","mesh",1623114195443811902,1623114195443887596
37,"cube-2609-geo","prep",1623114195444508851,1623114195444509808
37,"cube-2609-geo","zzzz",1623114195444510831,1623114195444566775,0,0,0
37,"cube-2609-geo","post",1623114195444568002,1623114195444638991
37,"cube-1540-stl-bin","mesh",1623114195444644418,1623114195444684881
37,"cube-1540-stl-bin","prep",1623114195445204866,1623114195445232616
37,"cube-1540-stl-bin","zzzz",1623114195445233675,1623114195452104883,0,900,2700
37,"cube-1540-stl-bin","post",1623114195452115153,1623114195452211677
37,"cube-2378-stl-bin","mesh",1623114195452241604,1623114195452322176
37,"cube-2378-stl-bin","prep",1623114195453071749,1623114195453095999
37,"cube-2378-stl-bin","zzzz",1623114195453097077,1623114195455295446,0,372,1116
37,"cube-2378-stl-bin","post",1623114195455305614,1623114195455383651
37,"cube-3912-asc","prep",1623114195455412228,1623114195455714079
37,"cube-3912-asc","zzzz",1623114195455715441,1623114195460757889,337,712,2136
37,"cube-3912-asc","post",1623114195460773220,1623114195460903667
37,"cube-1924-bin.cgns","prep",1623114195460915483,1623114195462734869
37,"cube-1924-bin.cgns","zzzz",1623114195462737500,1623114196346875615,19788,29575,88725
37,"cube-1924-bin.cgns","post",1623114196346882305,1623114196346905808
37,"cube-1738-bin.cgns","prep",1623114196346931972,1623114196347214653
37,"cube-1738-bin.cgns","zzzz",1623114196347217397,1623114196348886980,135,306,918
37,"cube-1738-bin.cgns","post",1623114196348891076,1623114196348926179
37,"cube-1347-bin","prep",1623114196348958693,1623114197260074326
37,"cube-1347-bin","zzzz",1623114197260081832,1623114515813041171,1257932,1715396,5146188
37,"cube-1347-bin","post",1623114515813450121,1623114515985384748
37,"cube-1388-asc","prep",1623114515985833393,1623114516005260621
37,"cube-1388-asc","zzzz",1623114516005263873,1623114516033005967,1434,2589,7767
37,"cube-1388-asc","post",1623114516033021271,1623114516033209018
37,"cube-1607-bin","prep",1623114516033284193,1623114516739978680
37,"cube-1607-bin","zzzz",1623114516739986861,1623114743352764316,971805,1328717,3986151
37,"cube-1607-bin","post",1623114743352777909,1623114743489903692
37,"cube-917-geo","mesh",1623114743489952335,1623114743494398747
37,"cube-917-geo","prep",1623114743496210880,1623114743496212478
37,"cube-917-geo","zzzz",1623114743496215086,1623114743496272896,0,0,0
37,"cube-917-geo","post",1623114743496274870,1623114743496368365
37,"cube-1055-asc","prep",1623114743496376558,1623114743496376885
37,"cube-1055-asc","zzzz",1623114743496377543,1623114743496431521,0,0,0
37,"cube-1055-asc","post",1623114743496432382,1623114743496474208
37,"cube-736-geo","mesh",1623114743496478433,1623114743496654192
37,"cube-736-geo","prep",1623114743497411636,1623114743497412151
37,"cube-736-geo","zzzz",1623114743497413427,1623114743497468551,0,0,0
37,"cube-736-geo","post",1623114743497469810,1623114743497524089
37,"cube-2449-bin","prep",1623114743497529972,1623114743681892894
37,"cube-2449-bin","zzzz",1623114743681899512,1623114785596753002,294207,411571,1234713
37,"cube-2449-bin","post",1623114785596767016,1623114785623332075
37,"cube-3801-bin","prep",1623114785623371263,1623114785623661506
37,"cube-3801-bin","zzzz",1623114785623662972,1623114785628514457,332,689,2067
37,"cube-3801-bin","post",1623114785628524881,1623114785628709441
37,"cube-3849-stl-bin","mesh",1623114785628723478,1623114785630519769
37,"cube-3849-stl-bin","prep",1623114785631205445,1623114785631266272
37,"cube-3849-stl-bin","zzzz",1623114785631267741,1623114787872352058,0,56140,168420
37,"cube-3849-stl-bin","post",1623114787872362792,1623114787874565124
37,"cube-2510-asc","prep",1623114787874576536,1623114787874854408
37,"cube-2510-asc","zzzz",1623114787874855728,1623114787903771792,680,2670,8010
37,"cube-2510-asc","post",1623114787903781993,1623114787904367737
37,"cube-1496-bin.cgns","prep",1623114787904403463,1623114787907972954
37,"cube-1496-bin.cgns","zzzz",1623114787907975933,1623114788096517096,6310,10095,30285
37,"cube-1496-bin.cgns","post",1623114788096527190,1623114788096577278
37,"cube-254-asc","prep",1623114788096629197,1623114788096895207
37,"cube-254-asc","zzzz",1623114788096899150,1623114788108778696,376,1364,4092
37,"cube-254-asc","post",1623114788108795497,1623114788109245518
37,"cube-3294-bin","prep",1623114788109258590,1623114788109636556
37,"cube-3294-bin","zzzz",1623114788109637934,1623114788115261791,369,772,2316
37,"cube-3294-bin","post",1623114788115271897,1623114788115683365
37,"cube-831-geo","mesh",1623114788115736327,1623114788115844326
37,"cube-831-geo","prep",1623114788116462570,1623114788116463312
37,"cube-831-geo","zzzz",1623114788116464448,1623114788116519702,0,0,0
37,"cube-831-geo","post",1623114788116520932,1623114788116606419
37,"cube-2071-bin","prep",1623114788116611917,1623114788117011771
37,"cube-2071-bin","zzzz",1623114788117013027,1623114788122185524,347,724,2172
37,"cube-2071-bin","post",1623114788122195744,1623114788122528344
37,"cube-2699-bin","prep",1623114788122563510,1623114788123056969
37,"cube-2699-bin","zzzz",1623114788123058323,1623114788128643264,365,768,2304
37,"cube-2699-bin","post",1623114788128653347,1623114788128823212
37,"cube-724-geo","mesh",1623114788128874786,1623114788128949669
37,"cube-724-geo","prep",1623114788129951116,1623114788129951845
37,"cube-724-geo","zzzz",1623114788129953098,1623114788130008091,0,0,0
37,"cube-724-geo","post",1623114788130009263,1623114788130063243
37,"cube-3414-asc","prep",1623114788130068555,1623114788130244958
37,"cube-3414-asc","zzzz",1623114788130245966,1623114788133532118,168,510,1530
37,"cube-3414-asc","post",1623114788133542191,1623114788133677549
37,"cube-1285-bin","prep",1623114788133710347,1623114788497565178
37,"cube-1285-bin","zzzz",1623114788497569922,1623114902317153723,580109,800653,2401959
37,"cube-1285-bin","post",1623114902317167998,1623114902365228228
37,"cube-1571-geo","mesh",1623114902365293977,1623114902365483803
37,"cube-1571-geo","prep",1623114902366206698,1623114902366207908
37,"cube-1571-geo","zzzz",1623114902366209279,1623114902366265670,0,0,0
37,"cube-1571-geo","post",1623114902366266965,1623114902366386380
37,"cube-662-stl-bin","mesh",1623114902366393636,1623114902369895265
37,"cube-662-stl-bin","prep",1623114902370556305,1623114902370632527
37,"cube-662-stl-bin","zzzz",1623114902370633759,1623114906589181744,0,86740,260220
37,"cube-662-stl-bin","post",1623114906589192540,1623114906594272205
37,"cube-1482-bin","prep",1623114906594288214,1623114907540415509
37,"cube-1482-bin","zzzz",1623114907540423020,1623115233277873352,1279028,1744326,5232978
37,"cube-1482-bin","post",1623115233277882939,1623115233387238481
37,"cube-3361-asc","prep",1623115233387281279,1623115233398071583
37,"cube-3361-asc","zzzz",1623115233398075162,1623115234349830393,20673,31132,93396
37,"cube-3361-asc","post",1623115234349847401,1623115234351821771
37,"Proc","exit_task",1623113578265253263,1623115234365435394,2368504
