2,"build/tests/sizes/cube-1305-asc.mesh","scan",1623113600361399375,1623113600463948418
2,"build/tests/sizes/cube-1305-asc.mesh","chck",1623113600353754706,1623113600464073106
2,"build/tests/sizes/cube-2800-asc.msh2","scan",1623113600464987442,1623113600474139187
2,"build/tests/sizes/cube-2800-asc.msh2","chck",1623113600464074437,1623113600474144197
2,"build/tests/sizes/cube-2048-asc.msh2","scan",1623113600474682873,1623113611580368630
2,"build/tests/sizes/cube-2048-asc.msh2","chck",1623113600474145112,1623113611580405003
2,"build/tests/sizes/cube-3174-asc.msh2","scan",1623113611583120328,1623113616741741164
2,"build/tests/sizes/cube-3174-asc.msh2","chck",1623113611580406544,1623113616741754862
2,"build/tests/sizes/cube-1345-bin.vtk","scan",1623113616761160765,1623113616769290418
2,"build/tests/sizes/cube-1345-bin.vtk","chck",1623113616741756327,1623113616769297119
2,"build/tests/sizes/cube-3615-asc.msh2","scan",1623113616769851027,1623113616796175775
2,"build/tests/sizes/cube-3615-asc.msh2","chck",1623113616769298418,1623113616796182522
2,"build/tests/sizes/cube-3122-asc.mesh","scan",1623113616812139850,1623113617097912744
2,"build/tests/sizes/cube-3122-asc.mesh","chck",1623113616796184131,1623113617097920275
2,"build/tests/sizes/cube-3182-geo.geo_unrolled","scan",1623113617111273362,1623113617112847029
2,"build/tests/sizes/cube-3182-geo.geo_unrolled","chck",1623113617097921638,1623113617112852501
2,"build/tests/sizes/cube-2809-bin.msh4","scan",1623113617113955027,1623113617121953645
2,"build/tests/sizes/cube-2809-bin.msh4","chck",1623113617112853597,1623113617121959373
2,"build/tests/sizes/cube-383-bin.cgns","scan",1623113617150431134,1623113617279332368
2,"build/tests/sizes/cube-383-bin.cgns","chck",1623113617121960413,1623113617279338679
2,"build/tests/sizes/cube-381-asc.msh2","scan",1623113617304609896,1623113617313659845
2,"build/tests/sizes/cube-381-asc.msh2","chck",1623113617279339873,1623113617313666488
2,"build/tests/sizes/cube-1541-asc.msh2","scan",1623113617336359347,1623113617383627677
2,"build/tests/sizes/cube-1541-asc.msh2","chck",1623113617313667811,1623113617383634375
2,"build/tests/sizes/cube-3920-geo.geo","scan",1623113617384265886,1623113617385654408
2,"build/tests/sizes/cube-3920-geo.geo","chck",1623113617383635756,1623113617385659231
2,"build/tests/sizes/cube-3737-bin.msh4","scan",1623113617402165426,1623113617528282709
2,"build/tests/sizes/cube-3737-bin.msh4","chck",1623113617385660336,1623113617528289633
2,"build/tests/sizes/cube-1025-geo.geo_unrolled","scan",1623113617533036879,1623113617534110740
2,"build/tests/sizes/cube-1025-geo.geo_unrolled","chck",1623113617528290963,1623113617534116473
2,"build/tests/sizes/cube-2749-bin.msh4","scan",1623113617549750275,1623113617960831315
2,"build/tests/sizes/cube-2749-bin.msh4","chck",1623113617534117592,1623113617960854632
2,"build/tests/sizes/cube-88-bin.msh2","scan",1623113617977039812,1623113617988748220
2,"build/tests/sizes/cube-88-bin.msh2","chck",1623113617960856166,1623113617988755468
2,"build/tests/sizes/cube-1991-asc.mesh","scan",1623113618001514918,1623113618717955635
2,"build/tests/sizes/cube-1991-asc.mesh","chck",1623113617988756710,1623113618717962730
2,"build/tests/sizes/cube-3946-bin.msh2","scan",1623113618718682823,1623113618720600994
2,"build/tests/sizes/cube-3946-bin.msh2","chck",1623113618717963982,1623113618720605661
2,"build/tests/sizes/cube-3017-geo.geo_unrolled","scan",1623113618738212580,1623113618739223396
2,"build/tests/sizes/cube-3017-geo.geo_unrolled","chck",1623113618720606791,1623113618739227965
2,"build/tests/sizes/cube-1436-asc.mesh","scan",1623113618770733464,1623113619284185234
2,"build/tests/sizes/cube-1436-asc.mesh","chck",1623113618739229044,1623113619284192238
2,"build/tests/sizes/cube-1325-asc.msh2","scan",1623113619285042142,1623113619291909461
2,"build/tests/sizes/cube-1325-asc.msh2","chck",1623113619284193495,1623113619291914370
2,"build/tests/sizes/cube-2862-bin.msh4","scan",1623113619307952011,1623113619365610718
2,"build/tests/sizes/cube-2862-bin.msh4","chck",1623113619291915395,1623113619365616662
2,"build/tests/sizes/cube-3999-bin.cgns","scan",1623113619370350849,1623113619388553231
2,"build/tests/sizes/cube-3999-bin.cgns","chck",1623113619365617561,1623113619388564810
2,"build/tests/sizes/cube-3998-geo.geo_unrolled","scan",1623113619389290505,1623113619390319276
2,"build/tests/sizes/cube-3998-geo.geo_unrolled","chck",1623113619388565696,1623113619390324013
2,"build/tests/sizes/cube-2075-bin.vtk","scan",1623113619406294429,1623113619414688392
2,"build/tests/sizes/cube-2075-bin.vtk","chck",1623113619390324952,1623113619414694091
2,"build/tests/sizes/cube-1562-bin.msh2","scan",1623113619429646681,1623113619473446038
2,"build/tests/sizes/cube-1562-bin.msh2","chck",1623113619414695166,1623113619473452352
2,"build/tests/sizes/cube-1225-bin.msh2","scan",1623113619474739651,1623113619479590728
2,"build/tests/sizes/cube-1225-bin.msh2","chck",1623113619473453403,1623113619479596172
2,"build/tests/sizes/cube-2295-asc.mesh","scan",1623113619480141926,1623113619485197488
2,"build/tests/sizes/cube-2295-asc.mesh","chck",1623113619479597371,1623113619485202575
2,"build/tests/sizes/cube-1344-bin.cgns","scan",1623113619509167311,1623113619596417222
2,"build/tests/sizes/cube-1344-bin.cgns","chck",1623113619485203538,1623113619596423690
2,"build/tests/sizes/cube-1185-bin.cgns","scan",1623113619616443494,1623113619649962486
2,"build/tests/sizes/cube-1185-bin.cgns","chck",1623113619596424850,1623113619649967702
2,"build/tests/sizes/cube-2016-bin.msh2","scan",1623113619650590547,1623113619803917269
2,"build/tests/sizes/cube-2016-bin.msh2","chck",1623113619649968757,1623113619803923216
2,"build/tests/sizes/cube-619-asc.bdf","scan",1623113619818553762,1623113621067514716
2,"build/tests/sizes/cube-619-asc.bdf","chck",1623113619803924355,1623113621067529330
2,"build/tests/sizes/cube-456-bin.msh2","scan",1623113621097314156,1623113622723120120
2,"build/tests/sizes/cube-456-bin.msh2","chck",1623113621067530551,1623113622723125492
2,"build/tests/sizes/cube-2069-asc.msh2","scan",1623113622723873739,1623113622727700718
2,"build/tests/sizes/cube-2069-asc.msh2","chck",1623113622723126751,1623113622727705690
2,"build/tests/sizes/cube-2797-asc.mesh","scan",1623113622728251554,1623113622755045612
2,"build/tests/sizes/cube-2797-asc.mesh","chck",1623113622727706753,1623113622755051212
2,"build/tests/sizes/cube-3653-asc.msh2","scan",1623113622772966271,1623113622838230894
2,"build/tests/sizes/cube-3653-asc.msh2","chck",1623113622755052258,1623113622838236836
2,"build/tests/sizes/cube-3351-asc.msh2","scan",1623113622838847999,1623113627129938072
2,"build/tests/sizes/cube-3351-asc.msh2","chck",1623113622838238366,1623113627129944939
2,"build/tests/sizes/cube-1204-bin.msh4","scan",1623113627131420607,1623113627133184631
2,"build/tests/sizes/cube-1204-bin.msh4","chck",1623113627129946121,1623113627133189856
2,"build/tests/sizes/cube-566-geo.geo","scan",1623113627152943050,1623113627154283128
2,"build/tests/sizes/cube-566-geo.geo","chck",1623113627133190754,1623113627154288801
2,"build/tests/sizes/cube-3565-bin.msh4","scan",1623113627190143219,1623113627216020702
2,"build/tests/sizes/cube-3565-bin.msh4","chck",1623113627154289833,1623113627216026776
2,"build/tests/sizes/cube-1911-asc.msh2","scan",1623113627228039433,1623113627238804579
2,"build/tests/sizes/cube-1911-asc.msh2","chck",1623113627216027915,1623113627238809980
2,"build/tests/sizes/cube-2955-bin.cgns","scan",1623113627242273308,1623113627264581278
2,"build/tests/sizes/cube-2955-bin.cgns","chck",1623113627238811119,1623113627264588042
2,"build/tests/sizes/cube-1015-bin.msh2","scan",1623113627287157549,1623113627320002664
2,"build/tests/sizes/cube-1015-bin.msh2","chck",1623113627264589057,1623113627320009287
2,"build/tests/sizes/cube-1718-asc.bdf","scan",1623113627321234844,1623113627552936831
2,"build/tests/sizes/cube-1718-asc.bdf","chck",1623113627320010365,1623113627552942447
2,"build/tests/sizes/cube-3376-asc.mesh","scan",1623113627553549167,1623113630159683958
2,"build/tests/sizes/cube-3376-asc.mesh","chck",1623113627552943657,1623113630159690673
2,"build/tests/sizes/cube-3927-geo.geo_unrolled","scan",1623113630178014657,1623113630179002530
2,"build/tests/sizes/cube-3927-geo.geo_unrolled","chck",1623113630159691865,1623113630179224376
2,"build/tests/sizes/cube-2978-bin.msh4","scan",1623113630179737547,1623113630318412280
2,"build/tests/sizes/cube-2978-bin.msh4","chck",1623113630179226375,1623113630318419799
2,"build/tests/sizes/cube-2932-stl-bin.geo","scan",1623113630321146443,1623113630331243605
2,"build/tests/sizes/cube-2932-stl-bin.geo","chck",1623113630318421274,1623113630331249604
2,"build/tests/sizes/cube-3590-bin.vtk","scan",1623113630332121359,1623113630372123803
2,"build/tests/sizes/cube-3590-bin.vtk","chck",1623113630331250979,1623113630372129279
2,"build/tests/sizes/cube-2266-bin.msh4","scan",1623113630373129622,1623113630708296459
2,"build/tests/sizes/cube-2266-bin.msh4","chck",1623113630372130210,1623113630708303132
2,"build/tests/sizes/cube-546-asc.bdf","scan",1623113630722247535,1623113630802013993
2,"build/tests/sizes/cube-546-asc.bdf","chck",1623113630708304418,1623113630802020138
2,"build/tests/sizes/cube-1327-bin.msh4","scan",1623113630824262293,1623113630834725583
2,"build/tests/sizes/cube-1327-bin.msh4","chck",1623113630802021256,1623113630834731949
2,"build/tests/sizes/cube-2559-asc.mesh","scan",1623113630835283065,1623113630897637773
2,"build/tests/sizes/cube-2559-asc.mesh","chck",1623113630834733065,1623113630897645054
2,"build/tests/sizes/cube-2889-bin.cgns","scan",1623113630929192370,1623113630986247248
2,"build/tests/sizes/cube-2889-bin.cgns","chck",1623113630897646509,1623113630986254315
2,"build/tests/sizes/cube-794-geo.geo_unrolled","scan",1623113631002390066,1623113631003485475
2,"build/tests/sizes/cube-794-geo.geo_unrolled","chck",1623113630986255463,1623113631003492131
2,"build/tests/sizes/cube-3189-geo.geo","scan",1623113631004020477,1623113631005227338
2,"build/tests/sizes/cube-3189-geo.geo","chck",1623113631003493311,1623113631005232167
2,"build/tests/sizes/cube-3999-asc.bdf","scan",1623113631011336187,1623113631029556998
2,"build/tests/sizes/cube-3999-asc.bdf","chck",1623113631005233007,1623113631029561415
2,"build/tests/sizes/cube-2475-asc.msh2","scan",1623113631044978193,1623113633149533811
2,"build/tests/sizes/cube-2475-asc.msh2","chck",1623113631029562478,1623113633149539814
2,"build/tests/sizes/cube-2821-asc.bdf","scan",1623113633151891154,1623113634308054608
2,"build/tests/sizes/cube-2821-asc.bdf","chck",1623113633149540811,1623113634308061770
2,"build/tests/sizes/cube-1445-asc.bdf","scan",1623113634308707147,1623113634613103993
2,"build/tests/sizes/cube-1445-asc.bdf","chck",1623113634308063100,1623113634613111431
2,"build/tests/sizes/cube-1019-bin.msh2","scan",1623113634624676375,1623113634986179143
2,"build/tests/sizes/cube-1019-bin.msh2","chck",1623113634613112894,1623113634986185677
2,"build/tests/sizes/cube-3170-asc.msh2","scan",1623113634987938519,1623113636927125492
2,"build/tests/sizes/cube-3170-asc.msh2","chck",1623113634986187037,1623113636927132243
2,"build/tests/sizes/cube-2519-asc.bdf","scan",1623113636927928612,1623113637032273517
2,"build/tests/sizes/cube-2519-asc.bdf","chck",1623113636927133484,1623113637032280898
2,"build/tests/sizes/cube-1981-bin.cgns","scan",1623113637084518757,1623113637296437694
2,"build/tests/sizes/cube-1981-bin.cgns","chck",1623113637032282126,1623113637296444969
2,"build/tests/sizes/cube-661-stl-bin.geo","scan",1623113637306892651,1623113637334798263
2,"build/tests/sizes/cube-661-stl-bin.geo","chck",1623113637296446049,1623113637334804906
2,"build/tests/sizes/cube-2678-asc.msh2","scan",1623113637348695713,1623113638008385468
2,"build/tests/sizes/cube-2678-asc.msh2","chck",1623113637334806235,1623113638008391397
2,"build/tests/sizes/cube-2584-bin.msh2","scan",1623113638009071062,1623113638053147725
2,"build/tests/sizes/cube-2584-bin.msh2","chck",1623113638008392621,1623113638053153203
2,"build/tests/sizes/cube-3011-asc.bdf","scan",1623113638053728348,1623113638056155467
2,"build/tests/sizes/cube-3011-asc.bdf","chck",1623113638053154297,1623113638056158682
2,"build/tests/sizes/cube-3342-geo.geo_unrolled","scan",1623113638076015321,1623113638077192163
2,"build/tests/sizes/cube-3342-geo.geo_unrolled","chck",1623113638056159879,1623113638077196066
2,"build/tests/sizes/cube-3089-geo.geo_unrolled","scan",1623113638092307315,1623113638093486105
2,"build/tests/sizes/cube-3089-geo.geo_unrolled","chck",1623113638077197077,1623113638093490111
2,"build/tests/sizes/cube-2624-geo.geo","scan",1623113638094147279,1623113638095363098
2,"build/tests/sizes/cube-2624-geo.geo","chck",1623113638093491154,1623113638095366945
2,"build/tests/sizes/cube-2239-bin.msh2","scan",1623113638095884255,1623113641519218591
2,"build/tests/sizes/cube-2239-bin.msh2","chck",1623113638095367904,1623113641519224773
2,"build/tests/sizes/cube-2200-bin.cgns","scan",1623113641522794516,1623113641541589260
2,"build/tests/sizes/cube-2200-bin.cgns","chck",1623113641519225672,1623113641541593805
2,"build/tests/sizes/cube-3938-bin.vtk","scan",1623113641551061805,1623113643323946810
2,"build/tests/sizes/cube-3938-bin.vtk","chck",1623113641541594710,1623113643323953335
2,"build/tests/sizes/cube-2755-bin.vtk","scan",1623113643324635970,1623113644142192202
2,"build/tests/sizes/cube-2755-bin.vtk","chck",1623113643323954513,1623113644142199093
2,"build/tests/sizes/cube-335-bin.msh4","scan",1623113644156978345,1623113644234171139
2,"build/tests/sizes/cube-335-bin.msh4","chck",1623113644142200553,1623113644234178255
2,"build/tests/sizes/cube-556-geo.geo_unrolled","scan",1623113644235986150,1623113644237176201
2,"build/tests/sizes/cube-556-geo.geo_unrolled","chck",1623113644234179610,1623113644237180573
2,"build/tests/sizes/cube-1776-bin.msh2","scan",1623113644237687915,1623113644242768296
2,"build/tests/sizes/cube-1776-bin.msh2","chck",1623113644237181479,1623113644242772738
2,"build/tests/sizes/cube-1363-bin.cgns","scan",1623113644261553993,1623113644364804260
2,"build/tests/sizes/cube-1363-bin.cgns","chck",1623113644242773661,1623113644364812112
2,"build/tests/sizes/cube-3707-asc.mesh","scan",1623113644365452567,1623113644370071604
2,"build/tests/sizes/cube-3707-asc.mesh","chck",1623113644364813208,1623113644370076779
2,"build/tests/sizes/cube-3959-bin.msh4","scan",1623113644370591514,1623113644416213859
2,"build/tests/sizes/cube-3959-bin.msh4","chck",1623113644370077910,1623113644416219887
2,"build/tests/sizes/cube-3091-bin.msh2","scan",1623113644416909440,1623113644438960426
2,"build/tests/sizes/cube-3091-bin.msh2","chck",1623113644416221232,1623113644438967215
2,"build/tests/sizes/cube-904-geo.geo_unrolled","scan",1623113644440480560,1623113644441487455
2,"build/tests/sizes/cube-904-geo.geo_unrolled","chck",1623113644438968400,1623113644441503370
2,"build/tests/sizes/cube-1733-stl-bin.geo","scan",1623113644442004878,1623113644555502847
2,"build/tests/sizes/cube-1733-stl-bin.geo","chck",1623113644441504221,1623113644555509420
2,"build/tests/sizes/cube-162-asc.mesh","scan",1623113644557255688,1623113644893495221
2,"build/tests/sizes/cube-162-asc.mesh","chck",1623113644555510970,1623113644893502257
2,"build/tests/sizes/cube-1900-geo.geo","scan",1623113644936546749,1623113644937937465
2,"build/tests/sizes/cube-1900-geo.geo","chck",1623113644893503451,1623113644937943665
2,"build/tests/sizes/cube-259-stl-bin.geo","scan",1623113644956339454,1623113645009900356
2,"build/tests/sizes/cube-259-stl-bin.geo","chck",1623113644937944858,1623113645009907226
2,"build/tests/sizes/cube-3668-stl-bin.geo","scan",1623113645020794729,1623113645081534760
2,"build/tests/sizes/cube-3668-stl-bin.geo","chck",1623113645009908477,1623113645081541777
2,"build/tests/sizes/cube-2989-asc.bdf","scan",1623113645082090359,1623113645095067579
2,"build/tests/sizes/cube-2989-asc.bdf","chck",1623113645081543100,1623113645095073596
2,"build/tests/sizes/cube-3157-stl-bin.geo","scan",1623113645114669025,1623113645200010768
2,"build/tests/sizes/cube-3157-stl-bin.geo","chck",1623113645095075022,1623113645200016207
2,"build/tests/sizes/cube-2537-bin.vtk","scan",1623113645200582688,1623113645202266865
2,"build/tests/sizes/cube-2537-bin.vtk","chck",1623113645200017190,1623113645202269676
2,"build/tests/sizes/cube-3997-bin.msh2","scan",1623113645213208723,1623113645263387903
2,"build/tests/sizes/cube-3997-bin.msh2","chck",1623113645202270547,1623113645263554872
2,"build/tests/sizes/cube-3650-asc.bdf","scan",1623113645288182583,1623113645384671246
2,"build/tests/sizes/cube-3650-asc.bdf","chck",1623113645263556432,1623113645384677648
2,"build/tests/sizes/cube-80-bin.vtk","scan",1623113645386649945,1623113645391131442
2,"build/tests/sizes/cube-80-bin.vtk","chck",1623113645384678970,1623113645391135901
2,"build/tests/sizes/cube-1339-asc.bdf","scan",1623113645409424909,1623113645510914544
2,"build/tests/sizes/cube-1339-asc.bdf","chck",1623113645391136844,1623113645510921855
2,"build/tests/sizes/cube-3848-stl-bin.geo","scan",1623113645511557446,1623113645517234131
2,"build/tests/sizes/cube-3848-stl-bin.geo","chck",1623113645510922963,1623113645517238866
2,"build/tests/sizes/cube-3900-asc.msh2","scan",1623113645517776767,1623113646357310133
2,"build/tests/sizes/cube-3900-asc.msh2","chck",1623113645517239810,1623113646357316346
2,"build/tests/sizes/cube-2439-asc.msh2","scan",1623113646358047331,1623113646391973577
2,"build/tests/sizes/cube-2439-asc.msh2","chck",1623113646357317933,1623113646391979557
2,"build/tests/sizes/cube-1228-geo.geo_unrolled","scan",1623113646409945442,1623113646411041028
2,"build/tests/sizes/cube-1228-geo.geo_unrolled","chck",1623113646391980719,1623113646411045446
2,"build/tests/sizes/cube-2758-geo.geo_unrolled","scan",1623113646411879718,1623113646412914667
2,"build/tests/sizes/cube-2758-geo.geo_unrolled","chck",1623113646411046510,1623113646412918101
2,"build/tests/sizes/cube-2632-bin.msh2","scan",1623113646428220289,1623113646436353540
2,"build/tests/sizes/cube-2632-bin.msh2","chck",1623113646412919026,1623113646436358621
2,"build/tests/sizes/cube-169-asc.mesh","scan",1623113646447182341,1623113646473412490
2,"build/tests/sizes/cube-169-asc.mesh","chck",1623113646436359678,1623113646473417739
2,"build/tests/sizes/cube-1856-asc.msh2","scan",1623113646474011710,1623113646489883599
2,"build/tests/sizes/cube-1856-asc.msh2","chck",1623113646473418815,1623113646489889559
2,"build/tests/sizes/cube-1747-bin.msh4","scan",1623113646491287713,1623113646563099029
2,"build/tests/sizes/cube-1747-bin.msh4","chck",1623113646489890766,1623113646563105877
2,"build/tests/sizes/cube-2788-bin.cgns","scan",1623113646567014552,1623113646585928549
2,"build/tests/sizes/cube-2788-bin.cgns","chck",1623113646563107348,1623113646585934350
2,"build/tests/sizes/cube-829-geo.geo","scan",1623113646608557730,1623113646610095054
2,"build/tests/sizes/cube-829-geo.geo","chck",1623113646585935456,1623113646610100995
2,"build/tests/sizes/cube-170-asc.mesh","scan",1623113646622323239,1623113646710950534
2,"build/tests/sizes/cube-170-asc.mesh","chck",1623113646610102045,1623113646710957790
2,"build/tests/sizes/cube-3510-geo.geo_unrolled","scan",1623113646733780327,1623113646735025706
2,"build/tests/sizes/cube-3510-geo.geo_unrolled","chck",1623113646710959061,1623113646735031188
2,"build/tests/sizes/cube-713-geo.geo_unrolled","scan",1623113646752409967,1623113646753623114
2,"build/tests/sizes/cube-713-geo.geo_unrolled","chck",1623113646735032216,1623113646753627993
2,"build/tests/sizes/cube-1951-bin.msh2","scan",1623113646762793265,1623113646892692715
2,"build/tests/sizes/cube-1951-bin.msh2","chck",1623113646753628881,1623113646892697843
2,"build/tests/sizes/cube-1109-bin.msh2","scan",1623113646913051336,1623113646936201382
2,"build/tests/sizes/cube-1109-bin.msh2","chck",1623113646892698766,1623113646936206911
2,"build/tests/sizes/cube-1761-asc.mesh","scan",1623113646949506223,1623113647080459978
2,"build/tests/sizes/cube-1761-asc.mesh","chck",1623113646936207894,1623113647080465582
2,"build/tests/sizes/cube-2464-geo.geo","scan",1623113647081040733,1623113647082340149
2,"build/tests/sizes/cube-2464-geo.geo","chck",1623113647080466541,1623113647082343778
2,"build/tests/sizes/cube-54-bin.msh4","scan",1623113647083227513,1623113647300515622
2,"build/tests/sizes/cube-54-bin.msh4","chck",1623113647082344774,1623113647300522194
2,"cube-2464-geo","mesh",1623113647301829428,1623113648727094153
2,"cube-2464-geo","prep",1623113648728080264,1623113648811580055
2,"cube-2464-geo","zzzz",1623113648811592947,1623113654814270446,76572,110441,331323
2,"cube-2464-geo","post",1623113654814282654,1623113654826943576
2,"cube-1761-asc","prep",1623113654826997543,1623113654827413464
2,"cube-1761-asc","zzzz",1623113654827415610,1623113656525059610,5196,46440,139320
2,"cube-1761-asc","post",1623113656525068089,1623113656527793520
2,"cube-1109-bin","prep",1623113656527828056,1623113656528505853
2,"cube-1109-bin","zzzz",1623113656528508096,1623113656559067000,1531,2784,8352
2,"cube-1109-bin","post",1623113656559083165,1623113656559272476
2,"cube-3510-geo","mesh",1623113656559299483,1623113656755796056
2,"cube-3510-geo","prep",1623113656756716614,1623113656767248911
2,"cube-3510-geo","zzzz",1623113656767253943,1623113657294597093,13395,20666,61998
2,"cube-3510-geo","post",1623113657294607698,1623113657296920916
2,"cube-170-asc","prep",1623113657296973749,1623113657297274438
2,"cube-170-asc","zzzz",1623113657297276885,1623113658187800714,3510,29734,89202
2,"cube-170-asc","post",1623113658187811996,1623113658189621527
2,"cube-2266-bin","prep",1623113658189655450,1623113658537884586
2,"cube-2266-bin","zzzz",1623113658537891388,1623113750603592784,503704,695663,2086989
2,"cube-2266-bin","post",1623113750603600532,1623113750645037049
2,"cube-2932-stl-bin","mesh",1623113750645380112,1623113750648573192
2,"cube-2932-stl-bin","prep",1623113750649484578,1623113750649683984
2,"cube-2932-stl-bin","zzzz",1623113750649685883,1623113750655948602,239,840,2520
2,"cube-2932-stl-bin","post",1623113750655964327,1623113750656017531
2,"cube-3590-bin","prep",1623113750656028675,1623113750667809257
2,"cube-3590-bin","zzzz",1623113750667811439,1623113752055749892,27103,40409,121227
2,"cube-3590-bin","post",1623113752055765519,1623113752057609709
2,"cube-1204-bin","prep",1623113752057624743,1623113752057833858
2,"cube-1204-bin","zzzz",1623113752057834807,1623113752062687320,334,691,2073
2,"cube-1204-bin","post",1623113752062692187,1623113752062980208
2,"cube-3351-asc","prep",1623113752062992109,1623113752466333692
2,"cube-3351-asc","zzzz",1623113752466338143,1623113866611700509,581186,802184,2406552
2,"cube-3351-asc","post",1623113866611715525,1623113866663039225
2,"cube-1776-bin","prep",1623113866663231786,1623113866663917741
2,"cube-1776-bin","zzzz",1623113866663920409,1623113866687391047,1245,2282,6846
2,"cube-1776-bin","post",1623113866687401326,1623113866687741706
2,"cube-54-bin","prep",1623113866687880367,1623113866888275945
2,"cube-54-bin","zzzz",1623113866888284997,1623113918268365758,337935,471672,1415016
2,"cube-54-bin","post",1623113918268379293,1623113918297414797
2,"cube-2758-geo","mesh",1623113918297450690,1623113918331152702
2,"cube-2758-geo","prep",1623113918332065618,1623113918333318915
2,"cube-2758-geo","zzzz",1623113918333321371,1623113918365865216,1610,2918,8754
2,"cube-2758-geo","post",1623113918365875325,1623113918366350943
2,"cube-3653-asc","prep",1623113918366443154,1623113918367031897
2,"cube-3653-asc","zzzz",1623113918367033707,1623113918386782942,1100,2003,6009
2,"cube-3653-asc","post",1623113918386792970,1623113918387386625
2,"cube-2809-bin","prep",1623113918387515240,1623113918392705110
2,"cube-2809-bin","zzzz",1623113918392707232,1623113918671152893,8335,13268,39804
2,"cube-2809-bin","post",1623113918671158000,1623113918673417245
2,"cube-88-bin","prep",1623113918673440550,1623113918674393385
2,"cube-88-bin","zzzz",1623113918674395142,1623113918690273707,951,1699,5097
2,"cube-88-bin","post",1623113918690283767,1623113918690616144
2,"cube-2632-bin","prep",1623113918690713173,1623113918691050844
2,"cube-2632-bin","zzzz",1623113918691052063,1623113918693981225,211,466,1398
2,"cube-2632-bin","post",1623113918693991370,1623113918694113876
2,"cube-2069-asc","prep",1623113918694146400,1623113918694484251
2,"cube-2069-asc","zzzz",1623113918694485568,1623113918701813728,462,945,2835
2,"cube-2069-asc","post",1623113918701823898,1623113918702351769
2,"cube-2821-asc","prep",1623113918702394302,1623113918779071888
2,"cube-2821-asc","zzzz",1623113918779076288,1623113933502711735,143719,203335,610005
2,"cube-2821-asc","post",1623113933503164359,1623113933515326745
2,"cube-1445-asc","prep",1623113933515364520,1623113933531614927
2,"cube-1445-asc","zzzz",1623113933531617330,1623113935470491841,34343,50851,152553
2,"cube-1445-asc","post",1623113935470504822,1623113935473629275
2,"cube-3848-stl-bin","mesh",1623113935473656014,1623113935494021548
2,"cube-3848-stl-bin","prep",1623113935494905208,1623113935496199669
2,"cube-3848-stl-bin","zzzz",1623113935496202361,1623113935548797947,1516,4127,12381
2,"cube-3848-stl-bin","post",1623113935548808094,1623113935549359985
2,"cube-1019-bin","prep",1623113935549501855,1623113935583919543
2,"cube-1019-bin","zzzz",1623113935583924557,1623113940821542114,69329,100625,301875
2,"cube-1019-bin","post",1623113940821555994,1623113940827795650
2,"cube-1225-bin","prep",1623113940827828742,1623113940828047241
2,"cube-1225-bin","zzzz",1623113940828048693,1623113940832110657,294,601,1803
2,"cube-1225-bin","post",1623113940832121102,1623113940832268176
2,"cube-3999-asc","prep",1623113940832302278,1623113940832858714
2,"cube-3999-asc","zzzz",1623113940832862722,1623113940837933696,337,712,2136
2,"cube-3999-asc","post",1623113940837943970,1623113940838098392
2,"cube-2584-bin","prep",1623113940838132896,1623113940843829966
2,"cube-2584-bin","zzzz",1623113940843832098,1623113941274679300,11542,17971,53913
2,"cube-2584-bin","post",1623113941274689658,1623113941275676215
2,"cube-3707-asc","prep",1623113941275712609,1623113941275814172
2,"cube-3707-asc","zzzz",1623113941275815192,1623113941297305570,536,2135,6405
2,"cube-3707-asc","post",1623113941297315714,1623113941297631737
2,"cube-3011-asc","prep",1623113941297664441,1623113941298176208
2,"cube-3011-asc","zzzz",1623113941298180359,1623113941301099490,212,467,1401
2,"cube-3011-asc","post",1623113941301104372,1623113941301168616
2,"cube-3089-geo","mesh",1623113941301182270,1623113944301515347
2,"cube-3089-geo","prep",1623113944321885626,1623113944451544427
2,"cube-3089-geo","zzzz",1623113944451550420,1623113967232672138,194209,273145,819435
2,"cube-3089-geo","post",1623113967232688714,1623113967275963717
2,"cube-1981-bin.cgns","prep",1623113967276025190,1623113967443658399
2,"cube-1981-bin.cgns","zzzz",1623113967443666020,1623113992150513182,205391,288511,865533
2,"cube-1981-bin.cgns","post",1623113992150527257,1623113992150971860
2,"cube-3946-bin","prep",1623113992151040861,1623113992151462302
2,"cube-3946-bin","zzzz",1623113992151463975,1623113992155454144,288,593,1779
2,"cube-3946-bin","post",1623113992155464465,1623113992155695461
2,"cube-335-bin","prep",1623113992155730863,1623113992198604546
2,"cube-335-bin","zzzz",1623113992198609568,1623113999325701018,86421,124181,372543
2,"cube-335-bin","post",1623113999325715070,1623113999333215077
2,"cube-3959-bin","prep",1623113999333626053,1623113999394598477
2,"cube-3959-bin","zzzz",1623113999394605588,1623114010555320031,118920,168501,505503
2,"cube-3959-bin","post",1623114010555334188,1623114010566174981
2,"cube-2519-asc","prep",1623114010566220406,1623114010572720498
2,"cube-2519-asc","zzzz",1623114010572723382,1623114011132434124,13991,21550,64650
2,"cube-2519-asc","post",1623114011132444701,1623114011134217373
2,"cube-556-geo","mesh",1623114011134238225,1623114011142702889
2,"cube-556-geo","prep",1623114011143596105,1623114011143851090
2,"cube-556-geo","zzzz",1623114011143852813,1623114011147170085,249,514,1542
2,"cube-556-geo","post",1623114011147180199,1623114011147395156
2,"cube-2239-bin","prep",1623114011147430244,1623114011624876409
2,"cube-2239-bin","zzzz",1623114011624884388,1623114162472692773,714796,979223,2937669
2,"cube-2239-bin","post",1623114162472707371,1623114162532802850
2,"cube-2200-bin.cgns","prep",1623114162533284448,1623114162534511874
2,"cube-2200-bin.cgns","zzzz",1623114162534515287,1623114162787932550,7790,12408,37224
2,"cube-2200-bin.cgns","post",1623114162787942786,1623114162788012586
2,"cube-904-geo","mesh",1623114162788068746,1623114171022259231
2,"cube-904-geo","prep",1623114171023210415,1623114171666471828
2,"cube-904-geo","zzzz",1623114171666476910,1623114273796820538,540182,745216,2235648
2,"cube-904-geo","post",1623114273796833037,1623114273919105783
2,"cube-3668-stl-bin","mesh",1623114273919165631,1623114274005041312
2,"cube-3668-stl-bin","prep",1623114274005933319,1623114274008963163
2,"cube-3668-stl-bin","zzzz",1623114274008966010,1623114274152943451,3671,8361,25083
2,"cube-3668-stl-bin","post",1623114274152952276,1623114274153650666
2,"cube-1363-bin.cgns","prep",1623114274154047758,1623114274177896564
2,"cube-1363-bin.cgns","zzzz",1623114274177900426,1623114276387185550,37708,55654,166962
2,"cube-1363-bin.cgns","post",1623114276387194966,1623114276387241614
2,"cube-2439-asc","prep",1623114276387289245,1623114276389758600
2,"cube-2439-asc","zzzz",1623114276389761474,1623114276539916132,5365,8619,25857
2,"cube-2439-asc","post",1623114276539934551,1623114276540395947
2,"cube-3157-stl-bin","mesh",1623114276540449770,1623114276919734809
2,"cube-3157-stl-bin","prep",1623114276920645850,1623114276952826140
2,"cube-3157-stl-bin","zzzz",1623114276952832732,1623114279270237966,31850,57522,172566
2,"cube-3157-stl-bin","post",1623114279270248377,1623114279278564634
2,"cube-2559-asc","prep",1623114279278600210,1623114279279518294
2,"cube-2559-asc","zzzz",1623114279279520419,1623114280223061709,3708,30947,92841
2,"cube-2559-asc","post",1623114280223071835,1623114280224943387
2,"cube-2678-asc","prep",1623114280225045979,1623114280276051617
2,"cube-2678-asc","zzzz",1623114280276057863,1623114287386321683,86082,123986,371958
2,"cube-2678-asc","post",1623114287386331417,1623114287394299408
2,"cube-713-geo","mesh",1623114287394337252,1623114287402316496
2,"cube-713-geo","prep",1623114287403232527,1623114287403494585
2,"cube-713-geo","zzzz",1623114287403496546,1623114287406797357,249,514,1542
2,"cube-713-geo","post",1623114287406802589,1623114287406978235
2,"cube-794-geo","mesh",1623114287406993041,1623114287506425985
2,"cube-794-geo","prep",1623114287507281358,1623114287511676818
2,"cube-794-geo","zzzz",1623114287511679116,1623114287663376257,5415,8673,26019
2,"cube-794-geo","post",1623114287663394977,1623114287664639282
2,"cube-1339-asc","prep",1623114287664673933,1623114287669813982
2,"cube-1339-asc","zzzz",1623114287669816909,1623114288042080852,10324,16235,48705
2,"cube-1339-asc","post",1623114288042101597,1623114288043110293
2,"cube-2788-bin.cgns","prep",1623114288043213807,1623114288044066450
2,"cube-2788-bin.cgns","zzzz",1623114288044069684,1623114288187516814,5180,8340,25020
2,"cube-2788-bin.cgns","post",1623114288187526524,1623114288187570162
2,"cube-1856-asc","prep",1623114288187613129,1623114288188699850
2,"cube-1856-asc","zzzz",1623114288188702651,1623114288237060622,2258,3891,11673
2,"cube-1856-asc","post",1623114288237078317,1623114288237297250
2,"cube-2537-bin","prep",1623114288237430547,1623114288237900698
2,"cube-2537-bin","zzzz",1623114288237902632,1623114288248956374,678,1293,3879
2,"cube-2537-bin","post",1623114288248972190,1623114288249105980
2,"cube-3170-asc","prep",1623114288249119723,1623114288424352736
2,"cube-3170-asc","zzzz",1623114288424357530,1623114322316876888,254354,356897,1070691
2,"cube-3170-asc","post",1623114322316890863,1623114322340047516
2,"cube-2889-bin.cgns","prep",1623114322340081902,1623114322340541447
2,"cube-2889-bin.cgns","zzzz",1623114322340544046,1623114322344543694,289,594,1782
2,"cube-2889-bin.cgns","post",1623114322344553779,1623114322344619927
2,"cube-3999-bin.cgns","prep",1623114322344673550,1623114322587457430
2,"cube-3999-bin.cgns","zzzz",1623114322587466051,1623114622506408486,1201157,1639575,4918725
2,"cube-3999-bin.cgns","post",1623114622506421849,1623114622506490862
2,"cube-2955-bin.cgns","prep",1623114622507309036,1623114622510611499
2,"cube-2955-bin.cgns","zzzz",1623114622510615768,1623114623427663562,20228,30357,91071
2,"cube-2955-bin.cgns","post",1623114623427673787,1623114623427728122
2,"cube-3091-bin","prep",1623114623427780591,1623114623430909304
2,"cube-3091-bin","zzzz",1623114623430911256,1623114623624909150,6461,10298,30894
2,"cube-3091-bin","post",1623114623624919371,1623114623625910938
2,"cube-383-bin.cgns","prep",1623114623626286094,1623114623645221398
2,"cube-383-bin.cgns","zzzz",1623114623645224508,1623114623790101340,5193,8398,25194
2,"cube-383-bin.cgns","post",1623114623790111535,1623114623790159058
2,"cube-1344-bin.cgns","prep",1623114623790208366,1623114623810183568
2,"cube-1344-bin.cgns","zzzz",1623114623810186560,1623114624329055007,13198,20433,61299
2,"cube-1344-bin.cgns","post",1623114624329067517,1623114624329117301
2,"cube-3900-asc","prep",1623114624329171130,1623114624392466826
2,"cube-3900-asc","zzzz",1623114624392473039,1623114635706116012,119907,170071,510213
2,"cube-3900-asc","post",1623114635706131707,1623114635716595192
2,"cube-381-asc","prep",1623114635716636749,1623114635716991625
2,"cube-381-asc","zzzz",1623114635716993555,1623114635722214871,352,729,2187
2,"cube-381-asc","post",1623114635722225371,1623114635722394611
2,"cube-829-geo","mesh",1623114635722410881,1623114637105138509
2,"cube-829-geo","prep",1623114637106056514,1623114637212433300
2,"cube-829-geo","zzzz",1623114637212438686,1623114645555042551,96527,138236,414708
2,"cube-829-geo","post",1623114645555055843,1623114645578823956
2,"cube-1911-asc","prep",1623114645578883397,1623114645580929009
2,"cube-1911-asc","zzzz",1623114645580932110,1623114645588506947,482,969,2907
2,"cube-1911-asc","post",1623114645588517322,1623114645588716659
2,"cube-3998-geo","mesh",1623114645588797421,1623114645599846216
2,"cube-3998-geo","prep",1623114645600735078,1623114645600939150
2,"cube-3998-geo","zzzz",1623114645600940957,1623114645606309632,364,745,2235
2,"cube-3998-geo","post",1623114645606319946,1623114645606551031
2,"cube-80-bin","prep",1623114645606586798,1623114645607305520
2,"cube-80-bin","zzzz",1623114645607307155,1623114645622680675,919,1658,4974
2,"cube-80-bin","post",1623114645622690747,1623114645622954000
2,"cube-1185-bin.cgns","prep",1623114645623007471,1623114645623408854
2,"cube-1185-bin.cgns","zzzz",1623114645623410963,1623114645626772703,252,519,1557
2,"cube-1185-bin.cgns","post",1623114645626782837,1623114645626851987
2,"cube-2800-asc","prep",1623114645626893242,1623114645628036461
2,"cube-2800-asc","zzzz",1623114645628038460,1623114645660383684,1603,2905,8715
2,"cube-2800-asc","post",1623114645660393684,1623114645660981996
2,"cube-456-bin","prep",1623114645661213558,1623114645863261512
2,"cube-456-bin","zzzz",1623114645863265940,1623114690693119626,307822,430532,1291596
2,"cube-456-bin","post",1623114690693129182,1623114690720506285
2,"cube-1345-bin","prep",1623114690720558261,1623114690720962133
2,"cube-1345-bin","zzzz",1623114690720963934,1623114690724690310,271,564,1692
2,"cube-1345-bin","post",1623114690724705791,1623114690724867632
2,"cube-1747-bin","prep",1623114690724881050,1623114690788817545
2,"cube-1747-bin","zzzz",1623114690788824055,1623114701601598603,116111,164900,494700
2,"cube-1747-bin","post",1623114701601606916,1623114701611579033
2,"cube-661-stl-bin","mesh",1623114701611647944,1623114701652540046
2,"cube-661-stl-bin","prep",1623114701653449229,1623114701656265732
2,"cube-661-stl-bin","zzzz",1623114701656268567,1623114701785721993,3382,7763,23289
2,"cube-661-stl-bin","post",1623114701785737727,1623114701786422404
2,"cube-3997-bin","prep",1623114701786438591,1623114701789596981
2,"cube-3997-bin","zzzz",1623114701789599368,1623114701978156467,6311,10107,30321
2,"cube-3997-bin","post",1623114701978161430,1623114701978894250
2,"cube-1228-geo","mesh",1623114701978909605,1623114702203494768
2,"cube-1228-geo","prep",1623114702204364264,1623114702214427796
2,"cube-1228-geo","zzzz",1623114702214430674,1623114702730538167,13153,20360,61080
2,"cube-1228-geo","post",1623114702730554017,1623114702732910681
2,"cube-2755-bin","prep",1623114702732928651,1623114703082640020
2,"cube-2755-bin","zzzz",1623114703082646898,1623114805965504871,543176,748856,2246568
2,"cube-2755-bin","post",1623114805965512509,1623114806011118033
2,"cube-162-asc","prep",1623114806011156009,1623114806012940877
2,"cube-162-asc","zzzz",1623114806012943408,1623114815667051219,11874,152685,458055
2,"cube-162-asc","post",1623114815667066599,1623114815679194036
2,"cube-169-asc","prep",1623114815679230859,1623114815680901547
2,"cube-169-asc","zzzz",1623114815680903491,1623114815704790310,592,2312,6936
2,"cube-169-asc","post",1623114815704800672,1623114815705258953
2,"cube-1733-stl-bin","mesh",1623114815705295415,1623114817694005168
2,"cube-1733-stl-bin","prep",1623114817742284500,1623114817834547676
2,"cube-1733-stl-bin","zzzz",1623114817834554839,1623114837247654288,152210,245189,735567
2,"cube-1733-stl-bin","post",1623114837247669058,1623114837286700221
2,"cube-3017-geo","mesh",1623114837286736093,1623114840469612087
2,"cube-3017-geo","prep",1623114840470531129,1623114840734655784
2,"cube-3017-geo","zzzz",1623114840734661224,1623114866179908594,209119,294293,882879
2,"cube-3017-geo","post",1623114866179926687,1623114866234341329
2,"cube-1562-bin","prep",1623114866234388349,1623114866239647724
2,"cube-1562-bin","zzzz",1623114866239650633,1623114866321688356,3431,5640,16920
2,"cube-1562-bin","post",1623114866321705699,1623114866322054962
2,"cube-1900-geo","mesh",1623114866322097132,1623114866347578265
2,"cube-1900-geo","prep",1623114866348455877,1623114866349786485
2,"cube-1900-geo","zzzz",1623114866349788708,1623114866367002328,987,1808,5424
2,"cube-1900-geo","post",1623114866367012569,1623114866367501393
2,"cube-2475-asc","prep",1623114866367517665,1623114866535681221
2,"cube-2475-asc","zzzz",1623114866535688725,1623114900506165189,255118,357450,1072350
2,"cube-2475-asc","post",1623114900506172532,1623114900528857700
2,"cube-3342-geo","mesh",1623114900528891515,1623114900549332914
2,"cube-3342-geo","prep",1623114900550278817,1623114900550983490
2,"cube-3342-geo","zzzz",1623114900550985410,1623114900562828959,725,1362,4086
2,"cube-3342-geo","post",1623114900562833982,1623114900563139046
2,"cube-3938-bin","prep",1623114900563155172,1623114901312640063
2,"cube-3938-bin","zzzz",1623114901312649755,1623115134315491981,991950,1356748,4070244
2,"cube-3938-bin","post",1623115134315499260,1623115134402400257
2,"cube-3565-bin","prep",1623115134402809977,1623115134405179778
2,"cube-3565-bin","zzzz",1623115134405183597,1623115134524860522,4513,7347,22041
2,"cube-3565-bin","post",1623115134524880458,1623115134525379975
2,"cube-3189-geo","mesh",1623115134525422935,1623115135046178612
2,"cube-3189-geo","prep",1623115135047091780,1623115135078217710
2,"cube-3189-geo","zzzz",1623115135078222681,1623115137014437164,34334,50840,152520
2,"cube-3189-geo","post",1623115137014448044,1623115137022040687
2,"cube-1951-bin","prep",1623115137022083538,1623115137033505426
2,"cube-1951-bin","zzzz",1623115137033508168,1623115138061871326,21759,32851,98553
2,"cube-1951-bin","post",1623115138061881671,1623115138063785554
2,"cube-1327-bin","prep",1623115138063808822,1623115138063952409
2,"cube-1327-bin","zzzz",1623115138063953579,1623115138066041271,172,357,1071
2,"cube-1327-bin","post",1623115138066051382,1623115138066221622
2,"cube-1718-asc","prep",1623115138066255858,1623115138081205469
2,"cube-1718-asc","zzzz",1623115138081208049,1623115139684357403,30031,44598,133794
2,"cube-1718-asc","post",1623115139684367916,1623115139687446669
2,"cube-1991-asc","prep",1623115139687467170,1623115139689189991
2,"cube-1991-asc","zzzz",1623115139689191492,1623115161847018526,17990,268079,804237
2,"cube-1991-asc","post",1623115161847026449,1623115161874033125
2,"cube-2978-bin","prep",1623115161874066423,1623115162033034871
2,"cube-2978-bin","zzzz",1623115162033041799,1623115196158780796,255632,358549,1075647
2,"cube-2978-bin","post",1623115196158795972,1623115196180905521
2,"cube-3737-bin","prep",1623115196180955030,1623115196224708288
2,"cube-3737-bin","zzzz",1623115196224716338,1623115201634553110,71003,102877,308631
2,"cube-3737-bin","post",1623115201634567261,1623115201663780935
2,"cube-2048-asc","prep",1623115201663827049,1623115202981561184
2,"cube-2048-asc","zzzz",1623115202981571411,1623115667978576373,1674242,2278071,6834213
2,"cube-2048-asc","post",1623115667978592515,1623115668266574156
2,"cube-3650-asc","prep",1623115668267160374,1623115668276409370
2,"cube-3650-asc","zzzz",1623115668276413568,1623115668561365970,8495,13485,40455
2,"cube-3650-asc","post",1623115668561996585,1623115668563006184
2,"cube-2624-geo","mesh",1623115668563029998,1623115696230496673
2,"cube-2624-geo","prep",1623115696231503493,1623115698475556841
2,"cube-2624-geo","zzzz",1623115698475562336,1623116245430465651,1895274,2573017,7719051
2,"cube-2624-geo","post",1623116245430479343,1623116246003190325
2,"cube-2749-bin","prep",1623116246003700333,1623116246311620143
2,"cube-2749-bin","zzzz",1623116246311626983,1623116313206357698,405613,562528,1687584
2,"cube-2749-bin","post",1623116313206371161,1623116313242701321
2,"cube-1541-asc","prep",1623116313242757679,1623116313253934536
2,"cube-1541-asc","zzzz",1623116313253938577,1623116313342680001,3615,5961,17883
2,"cube-1541-asc","post",1623116313342683911,1623116313344413165
2,"cube-619-asc","prep",1623116313345715702,1623116313442911477
2,"cube-619-asc","zzzz",1623116313442915688,1623116328150711570,143575,203208,609624
2,"cube-619-asc","post",1623116328150720286,1623116328163942471
2,"cube-3182-geo","mesh",1623116328163981825,1623116328909785430
2,"cube-3182-geo","prep",1623116328910766815,1623116328971129743
2,"cube-3182-geo","zzzz",1623116328971135896,1623116331322266341,39437,58108,174324
2,"cube-3182-geo","post",1623116331322276155,1623116331359615697
2,"cube-2862-bin","prep",1623116331361848572,1623116331400536237
2,"cube-2862-bin","zzzz",1623116331400542624,1623116334659665902,49561,72694,218082
2,"cube-2862-bin","post",1623116334659676174,1623116334664347041
2,"cube-1325-asc","prep",1623116334664654146,1623116334667106950
2,"cube-1325-asc","zzzz",1623116334667108848,1623116334685615311,1071,1908,5724
2,"cube-1325-asc","post",1623116334685630020,1623116334685788582
2,"cube-1025-geo","mesh",1623116334685831621,1623116334694813757
2,"cube-1025-geo","prep",1623116334695743163,1623116334695970361
2,"cube-1025-geo","zzzz",1623116334695972331,1623116334699552246,258,547,1641
2,"cube-1025-geo","post",1623116334699557174,1623116334699752753
2,"cube-3615-asc","prep",1623116334699767375,1623116334702309002
2,"cube-3615-asc","zzzz",1623116334702311202,1623116334803993201,3976,6555,19665
2,"cube-3615-asc","post",1623116334804003105,1623116334805066300
2,"cube-1305-asc","prep",1623116334806389504,1623116334807454530
2,"cube-1305-asc","zzzz",1623116334807456794,1623116335901939876,4160,34265,102795
2,"cube-1305-asc","post",1623116335901949953,1623116335905626018
2,"cube-2075-bin","prep",1623116335905662199,1623116335905878612
2,"cube-2075-bin","zzzz",1623116335905879722,1623116335907624088,139,318,954
2,"cube-2075-bin","post",1623116335907625141,1623116335907652087
2,"cube-566-geo","mesh",1623116335907661202,1623116336490092849
2,"cube-566-geo","prep",1623116336491046556,1623116336545171389
2,"cube-566-geo","zzzz",1623116336545177341,1623116338503115586,34621,51206,153618
2,"cube-566-geo","post",1623116338503125791,1623116338538244393
2,"cube-3122-asc","prep",1623116338538312430,1623116338544165022
2,"cube-3122-asc","zzzz",1623116338544167910,1623116343701874697,9522,99573,298719
2,"cube-3122-asc","post",1623116343701889392,1623116343723882520
2,"cube-3174-asc","prep",1623116343723914077,1623116344298905860
2,"cube-3174-asc","zzzz",1623116344298914351,1623116494585900799,710664,976490,2929470
2,"cube-3174-asc","post",1623116494585914331,1623116494785149202
2,"cube-1015-bin","prep",1623116494785184979,1623116494788721566
2,"cube-1015-bin","zzzz",1623116494788725428,1623116494842011829,2406,4165,12495
2,"cube-1015-bin","post",1623116494842022682,1623116494842631443
2,"cube-1436-asc","prep",1623116494842654528,1623116494844370237
2,"cube-1436-asc","zzzz",1623116494844371694,1623116507679407633,13774,185269,555807
2,"cube-1436-asc","post",1623116507679420590,1623116507698764094
2,"cube-546-asc","prep",1623116507698796138,1623116507702656014
2,"cube-546-asc","zzzz",1623116507702659267,1623116507938859244,7479,11831,35493
2,"cube-546-asc","post",1623116507938870084,1623116507939784075
2,"cube-3376-asc","prep",1623116507939811602,1623116507947770534
2,"cube-3376-asc","zzzz",1623116507947772243,1623116687447306684,48044,1115636,3346908
2,"cube-3376-asc","post",1623116687447333260,1623116687564601653
2,"cube-3927-geo","mesh",1623116687564653304,1623116692435556809
2,"cube-3927-geo","prep",1623116692436492632,1623116692820012492
2,"cube-3927-geo","zzzz",1623116692820016575,1623116746582012704,349466,486178,1458534
2,"cube-3927-geo","post",1623116746582028728,1623116746678975433
2,"cube-2989-asc","prep",1623116746679028382,1623116746683486760
2,"cube-2989-asc","zzzz",1623116746683489565,1623116746716379092,1632,2942,8826
2,"cube-2989-asc","post",1623116746716384197,1623116746716582557
2,"cube-2016-bin","prep",1623116746716682851,1623116746737529232
2,"cube-2016-bin","zzzz",1623116746737531270,1623116748975144216,38088,56167,168501
2,"cube-2016-bin","post",1623116748975154833,1623116748978566233
2,"cube-2797-asc","prep",1623116748978589364,1623116748979024552
2,"cube-2797-asc","zzzz",1623116748979026165,1623116749260399138,2228,13366,40098
2,"cube-2797-asc","post",1623116749260409385,1623116749262035332
2,"cube-259-stl-bin","mesh",1623116749262051080,1623116749319817054
2,"cube-259-stl-bin","prep",1623116749320757144,1623116749324223021
2,"cube-259-stl-bin","zzzz",1623116749324225510,1623116749548315378,5228,11388,34164
2,"cube-259-stl-bin","post",1623116749548325616,1623116749549724976
2,"cube-3920-geo","mesh",1623116749549740360,1623116749592447518
2,"cube-3920-geo","prep",1623116749593318260,1623116749594906793
2,"cube-3920-geo","zzzz",1623116749594908869,1623116749649893507,2477,4258,12774
2,"cube-3920-geo","post",1623116749649903682,1623116749650793820
2,"cube-2295-asc","prep",1623116749650822876,1623116749651164390
2,"cube-2295-asc","zzzz",1623116749651165730,1623116749675342532,624,2333,6999
2,"cube-2295-asc","post",1623116749675352821,1623116749675530928
2,"Proc","exit_task",1623113578265340517,1623116749687603911,3159400
