30,"build/tests/sizes/cube-131-bin.msh2","scan",1623113596780574663,1623113596797174086
30,"build/tests/sizes/cube-131-bin.msh2","chck",1623113596768563117,1623113596797294810
30,"build/tests/sizes/cube-3792-asc.mesh","scan",1623113596825449438,1623113598134757339
30,"build/tests/sizes/cube-3792-asc.mesh","chck",1623113596797296231,1623113598134779180
30,"build/tests/sizes/cube-2806-bin.vtk","scan",1623113598140823317,1623113598386198420
30,"build/tests/sizes/cube-2806-bin.vtk","chck",1623113598134780488,1623113598386204221
30,"build/tests/sizes/cube-2158-geo.geo_unrolled","scan",1623113598406285630,1623113598410633609
30,"build/tests/sizes/cube-2158-geo.geo_unrolled","chck",1623113598386205359,1623113598410638949
30,"build/tests/sizes/cube-2651-asc.msh2","scan",1623113598430854269,1623113598453705938
30,"build/tests/sizes/cube-2651-asc.msh2","chck",1623113598410639985,1623113598453712325
30,"build/tests/sizes/cube-3113-geo.geo_unrolled","scan",1623113598469066774,1623113598474059118
30,"build/tests/sizes/cube-3113-geo.geo_unrolled","chck",1623113598453713396,1623113598474065751
30,"build/tests/sizes/cube-1712-geo.geo_unrolled","scan",1623113598497642048,1623113598498653668
30,"build/tests/sizes/cube-1712-geo.geo_unrolled","chck",1623113598474066965,1623113598498659274
30,"build/tests/sizes/cube-1570-geo.geo_unrolled","scan",1623113598524502810,1623113598528055941
30,"build/tests/sizes/cube-1570-geo.geo_unrolled","chck",1623113598498660296,1623113598528061427
30,"build/tests/sizes/cube-2862-asc.mesh","scan",1623113598559374167,1623113604664294348
30,"build/tests/sizes/cube-2862-asc.mesh","chck",1623113598528062486,1623113604664315762
30,"build/tests/sizes/cube-681-asc.bdf","scan",1623113604678499056,1623113604808435268
30,"build/tests/sizes/cube-681-asc.bdf","chck",1623113604664317012,1623113604808442060
30,"build/tests/sizes/cube-3892-geo.geo","scan",1623113604809118340,1623113604810998503
30,"build/tests/sizes/cube-3892-geo.geo","chck",1623113604808443112,1623113604811002841
30,"build/tests/sizes/cube-3427-asc.bdf","scan",1623113604811560017,1623113604914942779
30,"build/tests/sizes/cube-3427-asc.bdf","chck",1623113604811003859,1623113604914950103
30,"build/tests/sizes/cube-2636-geo.geo","scan",1623113604915604208,1623113604917672637
30,"build/tests/sizes/cube-2636-geo.geo","chck",1623113604914951264,1623113604917676917
30,"build/tests/sizes/cube-1817-bin.msh4","scan",1623113604919021424,1623113604920896305
30,"build/tests/sizes/cube-1817-bin.msh4","chck",1623113604917677856,1623113604920899851
30,"build/tests/sizes/cube-1133-asc.bdf","scan",1623113604932371361,1623113612747309411
30,"build/tests/sizes/cube-1133-asc.bdf","chck",1623113604920900801,1623113612747327958
30,"build/tests/sizes/cube-2166-asc.bdf","scan",1623113612748991878,1623113612749317580
30,"build/tests/sizes/cube-2166-asc.bdf","chck",1623113612747329465,1623113612749323307
30,"build/tests/sizes/cube-3800-asc.msh2","scan",1623113612753257588,1623113612755222960
30,"build/tests/sizes/cube-3800-asc.msh2","chck",1623113612749324431,1623113612755227778
30,"build/tests/sizes/cube-124-asc.mesh","scan",1623113612767710164,1623113612769640177
30,"build/tests/sizes/cube-124-asc.mesh","chck",1623113612755228816,1623113612769648174
30,"build/tests/sizes/cube-1758-bin.msh2","scan",1623113612774899496,1623113612776822340
30,"build/tests/sizes/cube-1758-bin.msh2","chck",1623113612769649182,1623113612776829529
30,"build/tests/sizes/cube-1349-asc.mesh","scan",1623113612781813398,1623113612783754334
30,"build/tests/sizes/cube-1349-asc.mesh","chck",1623113612776830546,1623113612783760167
30,"build/tests/sizes/cube-1489-geo.geo_unrolled","scan",1623113612804302108,1623113612804617067
30,"build/tests/sizes/cube-1489-geo.geo_unrolled","chck",1623113612783761475,1623113612804626252
30,"build/tests/sizes/cube-798-bin.msh2","scan",1623113612824978374,1623113612827175623
30,"build/tests/sizes/cube-798-bin.msh2","chck",1623113612804627300,1623113612827183248
30,"build/tests/sizes/cube-3302-bin.vtk","scan",1623113612841699224,1623113612841737459
30,"build/tests/sizes/cube-3302-bin.vtk","chck",1623113612827184303,1623113612841744693
30,"build/tests/sizes/cube-3960-asc.mesh","scan",1623113612842327473,1623113612842344197
30,"build/tests/sizes/cube-3960-asc.mesh","chck",1623113612841749186,1623113612842346552
30,"build/tests/sizes/cube-905-bin.msh4","scan",1623113612843485995,1623113612843504041
30,"build/tests/sizes/cube-905-bin.msh4","chck",1623113612842347334,1623113612843506525
30,"build/tests/sizes/cube-1819-bin.cgns","scan",1623113612873796349,1623113612980344864
30,"build/tests/sizes/cube-1819-bin.cgns","chck",1623113612843507267,1623113612980351412
30,"build/tests/sizes/cube-3836-bin.msh4","scan",1623113613000820453,1623113613000866475
30,"build/tests/sizes/cube-3836-bin.msh4","chck",1623113612980352556,1623113613000873777
30,"build/tests/sizes/cube-1355-geo.geo","scan",1623113613019366561,1623113613019400314
30,"build/tests/sizes/cube-1355-geo.geo","chck",1623113613000874834,1623113613019406368
30,"build/tests/sizes/cube-1298-bin.msh2","scan",1623113613020740578,1623113613020768377
30,"build/tests/sizes/cube-1298-bin.msh2","chck",1623113613019407798,1623113613020772744
30,"build/tests/sizes/cube-260-asc.bdf","scan",1623113613031570025,1623113613031601515
30,"build/tests/sizes/cube-260-asc.bdf","chck",1623113613020773707,1623113613031607368
30,"build/tests/sizes/cube-419-asc.bdf","scan",1623113613054527830,1623113613054565742
30,"build/tests/sizes/cube-419-asc.bdf","chck",1623113613031608253,1623113613054573335
30,"build/tests/sizes/cube-3878-bin.msh2","scan",1623113613055119808,1623113613055136855
30,"build/tests/sizes/cube-3878-bin.msh2","chck",1623113613054574297,1623113613055139203
30,"build/tests/sizes/cube-2372-geo.geo_unrolled","scan",1623113613067586033,1623113613067619996
30,"build/tests/sizes/cube-2372-geo.geo_unrolled","chck",1623113613055140001,1623113613067624453
30,"build/tests/sizes/cube-3308-asc.mesh","scan",1623113613078750092,1623113613078779840
30,"build/tests/sizes/cube-3308-asc.mesh","chck",1623113613067625650,1623113613078785502
30,"build/tests/sizes/cube-2905-stl-bin.geo","scan",1623113613079414961,1623113613079437879
30,"build/tests/sizes/cube-2905-stl-bin.geo","chck",1623113613078786494,1623113613079440149
30,"build/tests/sizes/cube-3975-bin.vtk","scan",1623113613080037609,1623113613080058108
30,"build/tests/sizes/cube-3975-bin.vtk","chck",1623113613079441149,1623113613080071983
30,"build/tests/sizes/cube-3131-bin.msh2","scan",1623113613080614227,1623113613080631356
30,"build/tests/sizes/cube-3131-bin.msh2","chck",1623113613080072949,1623113613080633533
30,"build/tests/sizes/cube-3773-bin.msh2","scan",1623113613087455113,1623113613087477914
30,"build/tests/sizes/cube-3773-bin.msh2","chck",1623113613080634220,1623113613087481533
30,"build/tests/sizes/cube-2358-stl-bin.geo","scan",1623113613088558584,1623113613088574719
30,"build/tests/sizes/cube-2358-stl-bin.geo","chck",1623113613087482344,1623113613088577158
30,"build/tests/sizes/cube-1655-asc.mesh","scan",1623113613089161104,1623113613089178414
30,"build/tests/sizes/cube-1655-asc.mesh","chck",1623113613088578102,1623113613089180722
30,"build/tests/sizes/cube-2053-bin.cgns","scan",1623113613092330761,1623113613109993950
30,"build/tests/sizes/cube-2053-bin.cgns","chck",1623113613089181442,1623113613110003500
30,"build/tests/sizes/cube-3979-bin.msh2","scan",1623113613110640438,1623113613110668588
30,"build/tests/sizes/cube-3979-bin.msh2","chck",1623113613110004516,1623113613110671896
30,"build/tests/sizes/cube-2030-bin.msh4","scan",1623113613111659343,1623113613111679117
30,"build/tests/sizes/cube-2030-bin.msh4","chck",1623113613110672772,1623113613111681706
30,"build/tests/sizes/cube-2144-geo.geo","scan",1623113613121665207,1623113613121687522
30,"build/tests/sizes/cube-2144-geo.geo","chck",1623113613111682563,1623113613121691073
30,"build/tests/sizes/cube-1526-bin.msh4","scan",1623113613122607461,1623113613122638504
30,"build/tests/sizes/cube-1526-bin.msh4","chck",1623113613121692082,1623113613122641310
30,"build/tests/sizes/cube-399-bin.msh2","scan",1623113613137952381,1623113613137980717
30,"build/tests/sizes/cube-399-bin.msh2","chck",1623113613122642216,1623113613137986311
30,"build/tests/sizes/cube-2098-bin.cgns","scan",1623113613141136834,1623113613158422703
30,"build/tests/sizes/cube-2098-bin.cgns","chck",1623113613138208809,1623113613158428235
30,"build/tests/sizes/cube-3049-bin.vtk","scan",1623113613159609134,1623113613159637609
30,"build/tests/sizes/cube-3049-bin.vtk","chck",1623113613158429312,1623113613159641034
30,"build/tests/sizes/cube-3691-geo.geo_unrolled","scan",1623113613160209560,1623113613160226807
30,"build/tests/sizes/cube-3691-geo.geo_unrolled","chck",1623113613159642118,1623113613160229364
30,"build/tests/sizes/cube-2417-geo.geo_unrolled","scan",1623113613160796215,1623113613160810743
30,"build/tests/sizes/cube-2417-geo.geo_unrolled","chck",1623113613160230232,1623113613160812575
30,"build/tests/sizes/cube-1774-stl-bin.geo","scan",1623113613161706854,1623113613161724110
30,"build/tests/sizes/cube-1774-stl-bin.geo","chck",1623113613160813301,1623113613161726304
30,"build/tests/sizes/cube-2488-bin.vtk","scan",1623113613162292720,1623113613162310807
30,"build/tests/sizes/cube-2488-bin.vtk","chck",1623113613161727066,1623113613162312870
30,"build/tests/sizes/cube-2571-stl-bin.geo","scan",1623113613162830172,1623113613162849015
30,"build/tests/sizes/cube-2571-stl-bin.geo","chck",1623113613162313618,1623113613162850849
30,"build/tests/sizes/cube-82-bin.msh4","scan",1623113613182983957,1623113613183013110
30,"build/tests/sizes/cube-82-bin.msh4","chck",1623113613162851626,1623113613183018011
30,"build/tests/sizes/cube-2549-asc.msh2","scan",1623113613183559811,1623113613183576224
30,"build/tests/sizes/cube-2549-asc.msh2","chck",1623113613183018989,1623113613183578458
30,"build/tests/sizes/cube-223-asc.msh2","scan",1623113613204237750,1623113613204270094
30,"build/tests/sizes/cube-223-asc.msh2","chck",1623113613183579277,1623113613204276147
30,"build/tests/sizes/cube-2206-asc.msh2","scan",1623113613204900108,1623113613204918839
30,"build/tests/sizes/cube-2206-asc.msh2","chck",1623113613204277153,1623113613204921550
30,"build/tests/sizes/cube-1491-bin.msh4","scan",1623113613205487586,1623113613205514880
30,"build/tests/sizes/cube-1491-bin.msh4","chck",1623113613204922377,1623113613205516837
30,"build/tests/sizes/cube-3196-geo.geo_unrolled","scan",1623113613206097137,1623113613206113113
30,"build/tests/sizes/cube-3196-geo.geo_unrolled","chck",1623113613205517563,1623113613206115149
30,"build/tests/sizes/cube-887-bin.vtk","scan",1623113613221777591,1623113613221805863
30,"build/tests/sizes/cube-887-bin.vtk","chck",1623113613206115891,1623113613221810738
30,"build/tests/sizes/cube-2792-asc.bdf","scan",1623113613242984483,1623113613243017615
30,"build/tests/sizes/cube-2792-asc.bdf","chck",1623113613221811749,1623113613243023759
30,"build/tests/sizes/cube-3745-bin.msh2","scan",1623113613243560180,1623113613243575762
30,"build/tests/sizes/cube-3745-bin.msh2","chck",1623113613243024826,1623113613243578050
30,"build/tests/sizes/cube-2854-geo.geo","scan",1623113613244160392,1623113613244174831
30,"build/tests/sizes/cube-2854-geo.geo","chck",1623113613243578878,1623113613244176733
30,"build/tests/sizes/cube-2731-asc.mesh","scan",1623113613244707508,1623113613244723541
30,"build/tests/sizes/cube-2731-asc.mesh","chck",1623113613244177418,1623113613244725703
30,"build/tests/sizes/cube-3260-asc.msh2","scan",1623113613245225931,1623113613245241209
30,"build/tests/sizes/cube-3260-asc.msh2","chck",1623113613244726428,1623113613245243433
30,"build/tests/sizes/cube-1353-bin.cgns","scan",1623113613248804074,1623113613267601472
30,"build/tests/sizes/cube-1353-bin.cgns","chck",1623113613245244132,1623113613267606403
30,"build/tests/sizes/cube-3517-asc.bdf","scan",1623113613288028911,1623113613288080183
30,"build/tests/sizes/cube-3517-asc.bdf","chck",1623113613267607485,1623113613288086624
30,"build/tests/sizes/cube-2485-bin.cgns","scan",1623113613291399939,1623113613309163824
30,"build/tests/sizes/cube-2485-bin.cgns","chck",1623113613288087714,1623113613309168458
30,"build/tests/sizes/cube-2516-stl-bin.geo","scan",1623113613309790918,1623113613309816521
30,"build/tests/sizes/cube-2516-stl-bin.geo","chck",1623113613309169410,1623113613309819308
30,"build/tests/sizes/cube-3614-asc.bdf","scan",1623113613310376075,1623113613310395170
30,"build/tests/sizes/cube-3614-asc.bdf","chck",1623113613309820168,1623113613310397533
30,"build/tests/sizes/cube-341-bin.msh4","scan",1623113613323576007,1623113613323608101
30,"build/tests/sizes/cube-341-bin.msh4","chck",1623113613310398410,1623113613323613270
30,"build/tests/sizes/cube-614-geo.geo","scan",1623113613343115490,1623113613343138240
30,"build/tests/sizes/cube-614-geo.geo","chck",1623113613323614207,1623113613343142576
30,"build/tests/sizes/cube-3589-bin.cgns","scan",1623113613359872332,1623113613443503495
30,"build/tests/sizes/cube-3589-bin.cgns","chck",1623113613343143573,1623113613443509546
30,"build/tests/sizes/cube-2635-bin.vtk","scan",1623113613444299235,1623113613444326646
30,"build/tests/sizes/cube-2635-bin.vtk","chck",1623113613443510723,1623113613444330352
30,"build/tests/sizes/cube-3866-bin.vtk","scan",1623113613444897748,1623113613444939842
30,"build/tests/sizes/cube-3866-bin.vtk","chck",1623113613444331276,1623113613444942087
30,"build/tests/sizes/cube-2274-bin.msh4","scan",1623113613457889588,1623113613457916238
30,"build/tests/sizes/cube-2274-bin.msh4","chck",1623113613444942987,1623113613457920771
30,"build/tests/sizes/cube-1829-bin.vtk","scan",1623113613458825991,1623113613458852953
30,"build/tests/sizes/cube-1829-bin.vtk","chck",1623113613457921671,1623113613458855848
30,"build/tests/sizes/cube-3383-asc.msh2","scan",1623113613467130933,1623113613467155628
30,"build/tests/sizes/cube-3383-asc.msh2","chck",1623113613458856692,1623113613467159592
30,"build/tests/sizes/cube-2535-asc.msh2","scan",1623113613467667740,1623113613467683192
30,"build/tests/sizes/cube-2535-asc.msh2","chck",1623113613467160535,1623113613467685219
30,"build/tests/sizes/cube-847-bin.cgns","scan",1623113613484926757,1623113613692235873
30,"build/tests/sizes/cube-847-bin.cgns","chck",1623113613467686047,1623113613692242590
30,"build/tests/sizes/cube-3905-bin.cgns","scan",1623113613695716088,1623113613714603189
30,"build/tests/sizes/cube-3905-bin.cgns","chck",1623113613692243593,1623113613714609242
30,"build/tests/sizes/cube-1049-asc.mesh","scan",1623113613725264150,1623113613725293663
30,"build/tests/sizes/cube-1049-asc.mesh","chck",1623113613714610204,1623113613725297315
30,"build/tests/sizes/cube-3962-bin.msh4","scan",1623113613736779747,1623113613736805708
30,"build/tests/sizes/cube-3962-bin.msh4","chck",1623113613725298156,1623113613736809094
30,"build/tests/sizes/cube-922-asc.mesh","scan",1623113613761916232,1623113613761947372
30,"build/tests/sizes/cube-922-asc.mesh","chck",1623113613736810023,1623113613761952259
30,"build/tests/sizes/cube-3452-geo.geo_unrolled","scan",1623113613762495096,1623113613762510985
30,"build/tests/sizes/cube-3452-geo.geo_unrolled","chck",1623113613761953271,1623113613762513247
30,"build/tests/sizes/cube-752-bin.cgns","scan",1623113613787932739,1623113613823861950
30,"build/tests/sizes/cube-752-bin.cgns","chck",1623113613762514034,1623113613823869483
30,"build/tests/sizes/cube-3309-asc.mesh","scan",1623113613824616243,1623113613824647000
30,"build/tests/sizes/cube-3309-asc.mesh","chck",1623113613823870457,1623113613824649987
30,"build/tests/sizes/cube-2592-bin.vtk","scan",1623113613833986708,1623113613834026280
30,"build/tests/sizes/cube-2592-bin.vtk","chck",1623113613824650869,1623113613834032790
30,"build/tests/sizes/cube-188-geo.geo_unrolled","scan",1623113613846468371,1623113613846494789
30,"build/tests/sizes/cube-188-geo.geo_unrolled","chck",1623113613834034163,1623113613846499035
30,"build/tests/sizes/cube-2172-asc.bdf","scan",1623113613847464458,1623113613847496378
30,"build/tests/sizes/cube-2172-asc.bdf","chck",1623113613846500035,1623113613847499872
30,"build/tests/sizes/cube-3712-geo.geo_unrolled","scan",1623113613865747929,1623113613865773124
30,"build/tests/sizes/cube-3712-geo.geo_unrolled","chck",1623113613847500701,1623113613865778106
30,"build/tests/sizes/cube-1748-bin.msh4","scan",1623113613866798650,1623113613866818859
30,"build/tests/sizes/cube-1748-bin.msh4","chck",1623113613865778991,1623113613866871648
30,"build/tests/sizes/cube-3941-asc.bdf","scan",1623113613867358724,1623113613867376759
30,"build/tests/sizes/cube-3941-asc.bdf","chck",1623113613866872629,1623113613867378731
30,"build/tests/sizes/cube-2683-asc.mesh","scan",1623113613867874204,1623113613867890947
30,"build/tests/sizes/cube-2683-asc.mesh","chck",1623113613867379419,1623113613867892824
30,"build/tests/sizes/cube-3696-asc.bdf","scan",1623113613878400109,1623113613878431404
30,"build/tests/sizes/cube-3696-asc.bdf","chck",1623113613867893482,1623113613878434164
30,"build/tests/sizes/cube-2211-asc.bdf","scan",1623113613878924867,1623113613878941271
30,"build/tests/sizes/cube-2211-asc.bdf","chck",1623113613878434896,1623113613878943310
30,"build/tests/sizes/cube-1690-geo.geo_unrolled","scan",1623113613895329966,1623113613895359365
30,"build/tests/sizes/cube-1690-geo.geo_unrolled","chck",1623113613878943994,1623113613895365158
30,"build/tests/sizes/cube-684-asc.msh2","scan",1623113613910826674,1623113613910867775
30,"build/tests/sizes/cube-684-asc.msh2","chck",1623113613895366244,1623113613910874459
30,"build/tests/sizes/cube-1898-geo.geo","scan",1623113613911403701,1623113613911418877
30,"build/tests/sizes/cube-1898-geo.geo","chck",1623113613910875393,1623113613911420927
30,"build/tests/sizes/cube-810-geo.geo_unrolled","scan",1623113613931900651,1623113613931926698
30,"build/tests/sizes/cube-810-geo.geo_unrolled","chck",1623113613911421684,1623113613931931466
30,"build/tests/sizes/cube-2605-geo.geo","scan",1623113613932437668,1623113613932452735
30,"build/tests/sizes/cube-2605-geo.geo","chck",1623113613931932509,1623113613932454892
30,"build/tests/sizes/cube-2338-geo.geo_unrolled","scan",1623113613932945867,1623113613932960969
30,"build/tests/sizes/cube-2338-geo.geo_unrolled","chck",1623113613932455629,1623113613932963065
30,"build/tests/sizes/cube-3894-geo.geo_unrolled","scan",1623113613933442315,1623113613933456315
30,"build/tests/sizes/cube-3894-geo.geo_unrolled","chck",1623113613932963866,1623113613933458179
30,"build/tests/sizes/cube-222-bin.msh4","scan",1623113613941258492,1623113613941282806
30,"build/tests/sizes/cube-222-bin.msh4","chck",1623113613933459128,1623113613941285812
30,"build/tests/sizes/cube-3787-asc.msh2","scan",1623113613941769852,1623113613941795694
30,"build/tests/sizes/cube-3787-asc.msh2","chck",1623113613941286665,1623113613941797709
30,"build/tests/sizes/cube-1346-bin.cgns","scan",1623113613962584908,1623113613997060752
30,"build/tests/sizes/cube-1346-bin.cgns","chck",1623113613941798415,1623113613997067094
30,"build/tests/sizes/cube-3802-bin.msh2","scan",1623113613997727459,1623113613997769685
30,"build/tests/sizes/cube-3802-bin.msh2","chck",1623113613997068113,1623113613997773190
30,"build/tests/sizes/cube-1673-asc.msh2","scan",1623113613998903929,1623113613998924868
30,"build/tests/sizes/cube-1673-asc.msh2","chck",1623113613997774111,1623113613998927893
30,"build/tests/sizes/cube-1350-geo.geo_unrolled","scan",1623113613999996676,1623113614000014651
30,"build/tests/sizes/cube-1350-geo.geo_unrolled","chck",1623113613998928701,1623113614000017024
30,"build/tests/sizes/cube-3741-asc.msh2","scan",1623113614003861690,1623113614003883388
30,"build/tests/sizes/cube-3741-asc.msh2","chck",1623113614000018129,1623113614003886727
30,"build/tests/sizes/cube-3360-asc.mesh","scan",1623113614008068220,1623113614008088103
30,"build/tests/sizes/cube-3360-asc.mesh","chck",1623113614003887728,1623113614008091194
30,"build/tests/sizes/cube-2040-asc.bdf","scan",1623113614008696131,1623113614008717963
30,"build/tests/sizes/cube-2040-asc.bdf","chck",1623113614008092018,1623113614008721022
30,"build/tests/sizes/cube-3482-bin.cgns","scan",1623113614012575747,1623113614035408577
30,"build/tests/sizes/cube-3482-bin.cgns","chck",1623113614008721798,1623113614035414136
30,"build/tests/sizes/cube-3380-asc.mesh","scan",1623113614057593674,1623113614057625582
30,"build/tests/sizes/cube-3380-asc.mesh","chck",1623113614035415166,1623113614057631155
30,"cube-1817-bin","prep",1623113614058250804,1623113614058727107
30,"cube-1817-bin","zzzz",1623113614058732210,1623113614062047586,251,520,1560
30,"cube-1817-bin","post",1623113614062049541,1623113614062194484
30,"cube-2651-asc","prep",1623113614062234504,1623113614062407241
30,"cube-2651-asc","zzzz",1623113614062408342,1623113614066329347,288,593,1779
30,"cube-2651-asc","post",1623113614066331796,1623113614066395542
30,"cube-3427-asc","prep",1623113614066408923,1623113614078293354
30,"cube-3427-asc","zzzz",1623113614078299271,1623113614702508850,15182,23260,69780
30,"cube-3427-asc","post",1623113614702519195,1623113614704159153
30,"cube-1346-bin.cgns","prep",1623113614704198843,1623113614704666069
30,"cube-1346-bin.cgns","zzzz",1623113614704668798,1623113614707020306,188,401,1203
30,"cube-1346-bin.cgns","post",1623113614707023656,1623113614707071117
30,"cube-752-bin.cgns","prep",1623113614707103934,1623113614710456053
30,"cube-752-bin.cgns","zzzz",1623113614710460673,1623113614716058547,374,777,2331
30,"cube-752-bin.cgns","post",1623113614716061057,1623113614716090803
30,"cube-847-bin.cgns","prep",1623113614716117131,1623113615283301642
30,"cube-847-bin.cgns","zzzz",1623113615283311665,1623113839207890198,962182,1316884,3950652
30,"cube-847-bin.cgns","post",1623113839207903754,1623113839207962644
30,"cube-2862-asc","prep",1623113839208719670,1623113839219743794
30,"cube-2862-asc","zzzz",1623113839219746373,1623114302534425543,77078,2271881,6815643
30,"cube-2862-asc","post",1623114302534433731,1623114302731294069
30,"cube-3905-bin.cgns","prep",1623114302731332473,1623114302731760178
30,"cube-3905-bin.cgns","zzzz",1623114302731762983,1623114302748243809,990,1747,5241
30,"cube-3905-bin.cgns","post",1623114302748254467,1623114302748308043
30,"cube-1570-geo","mesh",1623114302748374942,1623114302748575702
30,"cube-1570-geo","prep",1623114302749311429,1623114302749312282
30,"cube-1570-geo","zzzz",1623114302749313549,1623114302749369119,0,0,0
30,"cube-1570-geo","post",1623114302749370176,1623114302749426189
30,"cube-3589-bin.cgns","prep",1623114302749433009,1623114302787573971
30,"cube-3589-bin.cgns","zzzz",1623114302787576787,1623114304471378194,31151,46116,138348
30,"cube-3589-bin.cgns","post",1623114304471388540,1623114304471426804
30,"cube-2098-bin.cgns","prep",1623114304471469507,1623114304473724880
30,"cube-2098-bin.cgns","zzzz",1623114304473727639,1623114305559895645,22680,34091,102273
30,"cube-2098-bin.cgns","post",1623114305559906023,1623114305559933721
30,"cube-3792-asc","prep",1623114305559949929,1623114305563789107
30,"cube-3792-asc","zzzz",1623114305563790686,1623114358431469822,27540,480737,1442211
30,"cube-3792-asc","post",1623114358431484112,1623114358478944709
30,"cube-1133-asc","prep",1623114358478982767,1623114358478984082
30,"cube-1133-asc","zzzz",1623114358478985025,1623114358479045658,0,0,0
30,"cube-1133-asc","post",1623114358479047165,1623114358479059125
30,"cube-1353-bin.cgns","prep",1623114358479062869,1623114358480300345
30,"cube-1353-bin.cgns","zzzz",1623114358480305151,1623114358504407210,1274,2331,6993
30,"cube-1353-bin.cgns","post",1623114358504416667,1623114358504451858
30,"cube-2485-bin.cgns","prep",1623114358504489507,1623114358558182925
30,"cube-2485-bin.cgns","zzzz",1623114358558192236,1623114440409713668,464570,643378,1930134
30,"cube-2485-bin.cgns","post",1623114440409727541,1623114440409786243
30,"cube-1819-bin.cgns","prep",1623114440409867694,1623114440436309837
30,"cube-1819-bin.cgns","zzzz",1623114440436314149,1623114445533191957,68138,98782,296346
30,"cube-1819-bin.cgns","post",1623114445533202642,1623114445533249129
30,"cube-2053-bin.cgns","prep",1623114445533298843,1623114445547848876
30,"cube-2053-bin.cgns","zzzz",1623114445547854588,1623114463305713386,163265,230849,692547
30,"cube-2053-bin.cgns","post",1623114463305726514,1623114463305777901
30,"cube-681-asc","prep",1623114463305835261,1623114463313783166
30,"cube-681-asc","zzzz",1623114463313786368,1623114463931876466,15036,23077,69231
30,"cube-681-asc","post",1623114463931886807,1623114463933680685
30,"cube-1712-geo","mesh",1623114463933712564,1623114463934059311
30,"cube-1712-geo","prep",1623114463934805994,1623114463934807148
30,"cube-1712-geo","zzzz",1623114463934808770,1623114463934865446,0,0,0
30,"cube-1712-geo","post",1623114463934866565,1623114463934916932
30,"cube-2806-bin","prep",1623114463934923362,1623114464021158131
30,"cube-2806-bin","zzzz",1623114464021166585,1623114478286877159,140662,199014,597042
30,"cube-2806-bin","post",1623114478286891377,1623114478299623449
30,"cube-3113-geo","mesh",1623114478299655317,1623114478299722419
30,"cube-3113-geo","prep",1623114478300005007,1623114478300006097
30,"cube-3113-geo","zzzz",1623114478300007281,1623114478300063219,0,0,0
30,"cube-3113-geo","post",1623114478300064588,1623114478300111487
30,"cube-131-bin","prep",1623114478300117231,1623114478300232078
30,"cube-131-bin","zzzz",1623114478300233082,1623114478301983441,139,318,954
30,"cube-131-bin","post",1623114478301986659,1623114478302076850
30,"cube-3482-bin.cgns","prep",1623114478302096406,1623114478304595422
30,"cube-3482-bin.cgns","zzzz",1623114478304599240,1623114478307874188,249,516,1548
30,"cube-3482-bin.cgns","post",1623114478307875336,1623114478307901627
30,"cube-3892-geo","mesh",1623114478307920614,1623114478307958750
30,"cube-3892-geo","prep",1623114478308218790,1623114478308219405
30,"cube-3892-geo","zzzz",1623114478308220444,1623114478308274906,0,0,0
30,"cube-3892-geo","post",1623114478308275956,1623114478308341756
30,"cube-2158-geo","mesh",1623114478308347348,1623114478308376539
30,"cube-2158-geo","prep",1623114478308589753,1623114478308590140
30,"cube-2158-geo","zzzz",1623114478308591073,1623114478308645213,0,0,0
30,"cube-2158-geo","post",1623114478308646186,1623114478308693748
30,"cube-2636-geo","mesh",1623114478308698875,1623114478308724151
30,"cube-2636-geo","prep",1623114478308941949,1623114478308942274
30,"cube-2636-geo","zzzz",1623114478308943243,1623114478308997239,0,0,0
30,"cube-2636-geo","post",1623114478308998203,1623114478309053361
30,"Proc","exit_task",1623113578265254491,1623114478321073632,1048576
