1,"build/tests/sizes/cube-2740-asc.msh2","scan",1623113600262993018,1623113600271625117
1,"build/tests/sizes/cube-2740-asc.msh2","chck",1623113600261522358,1623113600271730807
1,"build/tests/sizes/cube-592-asc.mesh","scan",1623113600288646361,1623113600319050009
1,"build/tests/sizes/cube-592-asc.mesh","chck",1623113600271732097,1623113600319054931
1,"build/tests/sizes/cube-1895-stl-bin.geo","scan",1623113600320151248,1623113601183268235
1,"build/tests/sizes/cube-1895-stl-bin.geo","chck",1623113600319056034,1623113601183288733
1,"build/tests/sizes/cube-3577-geo.geo","scan",1623113601185604219,1623113601195281765
1,"build/tests/sizes/cube-3577-geo.geo","chck",1623113601183289845,1623113601195287588
1,"build/tests/sizes/cube-1183-asc.bdf","scan",1623113601201493332,1623113601622721679
1,"build/tests/sizes/cube-1183-asc.bdf","chck",1623113601195288809,1623113601622728543
1,"build/tests/sizes/cube-3484-asc.mesh","scan",1623113601623521980,1623113601657500526
1,"build/tests/sizes/cube-3484-asc.mesh","chck",1623113601622730104,1623113601657507862
1,"build/tests/sizes/cube-3624-bin.cgns","scan",1623113601662546096,1623113601682386541
1,"build/tests/sizes/cube-3624-bin.cgns","chck",1623113601657509325,1623113601682393274
1,"build/tests/sizes/cube-231-asc.msh2","scan",1623113601696705049,1623113601705136269
1,"build/tests/sizes/cube-231-asc.msh2","chck",1623113601682394500,1623113601705143346
1,"build/tests/sizes/cube-1869-bin.msh4","scan",1623113601708071335,1623113602038994782
1,"build/tests/sizes/cube-1869-bin.msh4","chck",1623113601705144622,1623113602039001240
1,"build/tests/sizes/cube-3957-bin.cgns","scan",1623113602042262796,1623113602061731126
1,"build/tests/sizes/cube-3957-bin.cgns","chck",1623113602039002572,1623113602061737468
1,"build/tests/sizes/cube-649-bin.cgns","scan",1623113602083730495,1623113602134014844
1,"build/tests/sizes/cube-649-bin.cgns","chck",1623113602061738781,1623113602134021593
1,"build/tests/sizes/cube-1498-asc.msh2","scan",1623113602134718910,1623113602141547009
1,"build/tests/sizes/cube-1498-asc.msh2","chck",1623113602134022747,1623113602141553214
1,"build/tests/sizes/cube-3341-bin.vtk","scan",1623113602173847488,1623113602195604319
1,"build/tests/sizes/cube-3341-bin.vtk","chck",1623113602141554518,1623113602195610670
1,"build/tests/sizes/cube-952-geo.geo","scan",1623113602211902583,1623113602213206598
1,"build/tests/sizes/cube-952-geo.geo","chck",1623113602195612115,1623113602213213695
1,"build/tests/sizes/cube-3203-geo.geo_unrolled","scan",1623113602213777293,1623113602214875180
1,"build/tests/sizes/cube-3203-geo.geo_unrolled","chck",1623113602213214810,1623113602214880434
1,"build/tests/sizes/cube-1226-bin.cgns","scan",1623113602241730453,1623113602444288161
1,"build/tests/sizes/cube-1226-bin.cgns","chck",1623113602214881457,1623113602444295688
1,"build/tests/sizes/cube-3128-asc.mesh","scan",1623113602445088894,1623113602512108371
1,"build/tests/sizes/cube-3128-asc.mesh","chck",1623113602444296847,1623113602512114519
1,"build/tests/sizes/cube-1381-geo.geo_unrolled","scan",1623113602524536373,1623113602525706040
1,"build/tests/sizes/cube-1381-geo.geo_unrolled","chck",1623113602512115751,1623113602525711095
1,"build/tests/sizes/cube-3639-bin.msh4","scan",1623113602526270217,1623113602811817829
1,"build/tests/sizes/cube-3639-bin.msh4","chck",1623113602525712287,1623113602811824464
1,"build/tests/sizes/cube-3489-bin.msh4","scan",1623113602829719439,1623113602859566722
1,"build/tests/sizes/cube-3489-bin.msh4","chck",1623113602811825784,1623113602859574207
1,"build/tests/sizes/cube-3316-bin.msh2","scan",1623113602860352430,1623113602870310028
1,"build/tests/sizes/cube-3316-bin.msh2","chck",1623113602859575674,1623113602870315233
1,"build/tests/sizes/cube-2781-stl-bin.geo","scan",1623113602871201596,1623113602968721581
1,"build/tests/sizes/cube-2781-stl-bin.geo","chck",1623113602870316398,1623113602968728224
1,"build/tests/sizes/cube-848-bin.msh2","scan",1623113602969758261,1623113603405432632
1,"build/tests/sizes/cube-848-bin.msh2","chck",1623113602968729497,1623113603405439426
1,"build/tests/sizes/cube-2940-bin.vtk","scan",1623113603406308510,1623113603470846693
1,"build/tests/sizes/cube-2940-bin.vtk","chck",1623113603405440829,1623113603470870467
1,"build/tests/sizes/cube-884-asc.bdf","scan",1623113603495623800,1623113608951063072
1,"build/tests/sizes/cube-884-asc.bdf","chck",1623113603470871635,1623113608951098106
1,"build/tests/sizes/cube-126-asc.bdf","scan",1623113608969500779,1623113609044843959
1,"build/tests/sizes/cube-126-asc.bdf","chck",1623113608951099215,1623113609044849398
1,"build/tests/sizes/cube-1480-asc.mesh","scan",1623113609058991683,1623113609118417721
1,"build/tests/sizes/cube-1480-asc.mesh","chck",1623113609044850409,1623113609118424324
1,"build/tests/sizes/cube-2515-bin.msh4","scan",1623113609119430998,1623113609125442338
1,"build/tests/sizes/cube-2515-bin.msh4","chck",1623113609118425519,1623113609125448722
1,"build/tests/sizes/cube-186-geo.geo","scan",1623113609141206239,1623113609142542511
1,"build/tests/sizes/cube-186-geo.geo","chck",1623113609125450179,1623113609142547321
1,"build/tests/sizes/cube-3551-asc.bdf","scan",1623113609160328300,1623113609185659556
1,"build/tests/sizes/cube-3551-asc.bdf","chck",1623113609142548383,1623113609185665126
1,"build/tests/sizes/cube-244-asc.msh2","scan",1623113609196246530,1623113609215869292
1,"build/tests/sizes/cube-244-asc.msh2","chck",1623113609185666338,1623113609215874958
1,"build/tests/sizes/cube-2220-bin.cgns","scan",1623113609219774639,1623113609240109708
1,"build/tests/sizes/cube-2220-bin.cgns","chck",1623113609215876220,1623113609240117783
1,"build/tests/sizes/cube-171-asc.bdf","scan",1623113609253515675,1623113609318882300
1,"build/tests/sizes/cube-171-asc.bdf","chck",1623113609240119069,1623113609318889651
1,"build/tests/sizes/cube-3827-bin.msh4","scan",1623113609319483358,1623113610086974610
1,"build/tests/sizes/cube-3827-bin.msh4","chck",1623113609318891092,1623113610086981473
1,"build/tests/sizes/cube-2109-bin.msh4","scan",1623113610087638777,1623113610090178619
1,"build/tests/sizes/cube-2109-bin.msh4","chck",1623113610086982743,1623113610090185361
1,"build/tests/sizes/cube-1633-bin.cgns","scan",1623113610122357821,1623113610358335509
1,"build/tests/sizes/cube-1633-bin.cgns","chck",1623113610090186630,1623113610358352084
1,"build/tests/sizes/cube-1553-asc.bdf","scan",1623113610379943040,1623113620670742844
1,"build/tests/sizes/cube-1553-asc.bdf","chck",1623113610358353190,1623113620670748776
1,"build/tests/sizes/cube-1757-bin.vtk","scan",1623113620724781202,1623113620725463422
1,"build/tests/sizes/cube-1757-bin.vtk","chck",1623113620670749938,1623113620725469107
1,"build/tests/sizes/cube-2122-bin.msh4","scan",1623113620739516618,1623113620739560538
1,"build/tests/sizes/cube-2122-bin.msh4","chck",1623113620725470180,1623113620739566781
1,"build/tests/sizes/cube-1068-stl-bin.geo","scan",1623113620758629902,1623113620758663206
1,"build/tests/sizes/cube-1068-stl-bin.geo","chck",1623113620739567763,1623113620758668135
1,"build/tests/sizes/cube-2692-geo.geo","scan",1623113620762113671,1623113620762144872
1,"build/tests/sizes/cube-2692-geo.geo","chck",1623113620758669687,1623113620762149825
1,"build/tests/sizes/cube-3823-asc.mesh","scan",1623113620765016195,1623113620765045369
1,"build/tests/sizes/cube-3823-asc.mesh","chck",1623113620762150613,1623113620765048844
1,"build/tests/sizes/cube-3678-asc.mesh","scan",1623113620775920687,1623113620775949487
1,"build/tests/sizes/cube-3678-asc.mesh","chck",1623113620765049678,1623113620775953524
1,"build/tests/sizes/cube-3810-bin.vtk","scan",1623113620790577490,1623113620790609387
1,"build/tests/sizes/cube-3810-bin.vtk","chck",1623113620775954378,1623113620790613252
1,"build/tests/sizes/cube-1580-bin.vtk","scan",1623113620806715643,1623113620806747659
1,"build/tests/sizes/cube-1580-bin.vtk","chck",1623113620790614355,1623113620806752176
1,"build/tests/sizes/cube-2049-bin.cgns","scan",1623113620839811307,1623113620898887567
1,"build/tests/sizes/cube-2049-bin.cgns","chck",1623113620806753080,1623113620898894381
1,"build/tests/sizes/cube-39-bin.vtk","scan",1623113620914632398,1623113620914666332
1,"build/tests/sizes/cube-39-bin.vtk","chck",1623113620898895958,1623113620914672121
1,"build/tests/sizes/cube-765-stl-bin.geo","scan",1623113620935240793,1623113620935266816
1,"build/tests/sizes/cube-765-stl-bin.geo","chck",1623113620914934695,1623113620935272036
1,"build/tests/sizes/cube-1484-bin.msh4","scan",1623113620950396394,1623113620950424806
1,"build/tests/sizes/cube-1484-bin.msh4","chck",1623113620935272928,1623113620950430295
1,"build/tests/sizes/cube-3348-bin.msh4","scan",1623113620950985675,1623113620951001745
1,"build/tests/sizes/cube-3348-bin.msh4","chck",1623113620950431376,1623113620951003717
1,"build/tests/sizes/cube-2722-geo.geo","scan",1623113620951572388,1623113620951586945
1,"build/tests/sizes/cube-2722-geo.geo","chck",1623113620951004461,1623113620951588864
1,"build/tests/sizes/cube-970-asc.mesh","scan",1623113620968377216,1623113620968404872
1,"build/tests/sizes/cube-970-asc.mesh","chck",1623113620951589618,1623113620968408747
1,"build/tests/sizes/cube-1618-bin.vtk","scan",1623113620968900323,1623113620968915797
1,"build/tests/sizes/cube-1618-bin.vtk","chck",1623113620968409549,1623113620968918011
1,"build/tests/sizes/cube-363-bin.vtk","scan",1623113620984277492,1623113620984306256
1,"build/tests/sizes/cube-363-bin.vtk","chck",1623113620968918764,1623113620984311653
1,"build/tests/sizes/cube-3629-geo.geo_unrolled","scan",1623113620984903102,1623113620984920117
1,"build/tests/sizes/cube-3629-geo.geo_unrolled","chck",1623113620984312523,1623113620984922212
1,"build/tests/sizes/cube-2330-asc.bdf","scan",1623113621005328207,1623113621005356477
1,"build/tests/sizes/cube-2330-asc.bdf","chck",1623113620984923003,1623113621005361906
1,"build/tests/sizes/cube-2530-bin.vtk","scan",1623113621025654915,1623113621025685019
1,"build/tests/sizes/cube-2530-bin.vtk","chck",1623113621005362752,1623113621025689760
1,"build/tests/sizes/cube-3795-asc.msh2","scan",1623113621042336938,1623113621042369782
1,"build/tests/sizes/cube-3795-asc.msh2","chck",1623113621025690550,1623113621042375420
1,"build/tests/sizes/cube-854-bin.msh4","scan",1623113621055023110,1623113621055047122
1,"build/tests/sizes/cube-854-bin.msh4","chck",1623113621042376526,1623113621055052014
1,"build/tests/sizes/cube-851-geo.geo_unrolled","scan",1623113621071226748,1623113621071245875
1,"build/tests/sizes/cube-851-geo.geo_unrolled","chck",1623113621055053243,1623113621071249178
1,"build/tests/sizes/cube-2005-stl-bin.geo","scan",1623113621071778437,1623113621071792729
1,"build/tests/sizes/cube-2005-stl-bin.geo","chck",1623113621071250020,1623113621071794778
1,"build/tests/sizes/cube-3544-bin.vtk","scan",1623113621072286029,1623113621072302816
1,"build/tests/sizes/cube-3544-bin.vtk","chck",1623113621071795604,1623113621072305178
1,"build/tests/sizes/cube-2179-asc.msh2","scan",1623113621084963167,1623113621084985072
1,"build/tests/sizes/cube-2179-asc.msh2","chck",1623113621072305848,1623113621084988646
1,"build/tests/sizes/cube-418-bin.vtk","scan",1623113621085885669,1623113621085901774
1,"build/tests/sizes/cube-418-bin.vtk","chck",1623113621084989488,1623113621085904266
1,"build/tests/sizes/cube-2136-stl-bin.geo","scan",1623113621086404228,1623113621086418050
1,"build/tests/sizes/cube-2136-stl-bin.geo","chck",1623113621085904983,1623113621086420034
1,"build/tests/sizes/cube-3908-bin.msh2","scan",1623113621086901454,1623113621086916651
1,"build/tests/sizes/cube-3908-bin.msh2","chck",1623113621086420806,1623113621086918827
1,"build/tests/sizes/cube-3517-geo.geo","scan",1623113621087426594,1623113621087440234
1,"build/tests/sizes/cube-3517-geo.geo","chck",1623113621086919497,1623113621087442221
1,"build/tests/sizes/cube-969-bin.msh4","scan",1623113621107177747,1623113621107203629
1,"build/tests/sizes/cube-969-bin.msh4","chck",1623113621087442931,1623113621107207705
1,"build/tests/sizes/cube-2513-stl-bin.geo","scan",1623113621107729737,1623113621107743499
1,"build/tests/sizes/cube-2513-stl-bin.geo","chck",1623113621107208743,1623113621107745844
1,"build/tests/sizes/cube-1885-bin.vtk","scan",1623113621108246373,1623113621108262335
1,"build/tests/sizes/cube-1885-bin.vtk","chck",1623113621107746619,1623113621108264523
1,"build/tests/sizes/cube-2671-stl-bin.geo","scan",1623113621127958613,1623113621127981751
1,"build/tests/sizes/cube-2671-stl-bin.geo","chck",1623113621108265152,1623113621127986420
1,"build/tests/sizes/cube-3729-geo.geo_unrolled","scan",1623113621128509427,1623113621128524837
1,"build/tests/sizes/cube-3729-geo.geo_unrolled","chck",1623113621127987368,1623113621128526864
1,"build/tests/sizes/cube-3913-stl-bin.geo","scan",1623113621129043613,1623113621129057455
1,"build/tests/sizes/cube-3913-stl-bin.geo","chck",1623113621128527612,1623113621129059525
1,"build/tests/sizes/cube-3731-geo.geo_unrolled","scan",1623113621151429067,1623113621151451645
1,"build/tests/sizes/cube-3731-geo.geo_unrolled","chck",1623113621129060279,1623113621151457138
1,"build/tests/sizes/cube-949-asc.bdf","scan",1623113621157770174,1623113621157792384
1,"build/tests/sizes/cube-949-asc.bdf","chck",1623113621151458075,1623113621157797041
1,"build/tests/sizes/cube-2910-bin.msh4","scan",1623113621158301392,1623113621158317519
1,"build/tests/sizes/cube-2910-bin.msh4","chck",1623113621157797954,1623113621158319724
1,"build/tests/sizes/cube-1984-bin.vtk","scan",1623113621178404856,1623113621178430580
1,"build/tests/sizes/cube-1984-bin.vtk","chck",1623113621158320449,1623113621178435512
1,"build/tests/sizes/cube-3341-asc.bdf","scan",1623113621178962893,1623113621178978566
1,"build/tests/sizes/cube-3341-asc.bdf","chck",1623113621178436725,1623113621178981127
1,"build/tests/sizes/cube-2447-stl-bin.geo","scan",1623113621179508947,1623113621179521664
1,"build/tests/sizes/cube-2447-stl-bin.geo","chck",1623113621178981851,1623113621179523689
1,"build/tests/sizes/cube-1687-stl-bin.geo","scan",1623113621193492519,1623113621193513176
1,"build/tests/sizes/cube-1687-stl-bin.geo","chck",1623113621179524463,1623113621193517235
1,"build/tests/sizes/cube-2306-asc.msh2","scan",1623113621202182289,1623113621202203087
1,"build/tests/sizes/cube-2306-asc.msh2","chck",1623113621193518070,1623113621202206700
1,"build/tests/sizes/cube-1406-geo.geo_unrolled","scan",1623113621203268949,1623113621203283423
1,"build/tests/sizes/cube-1406-geo.geo_unrolled","chck",1623113621202207421,1623113621203285580
1,"build/tests/sizes/cube-3559-stl-bin.geo","scan",1623113621203818755,1623113621203833582
1,"build/tests/sizes/cube-3559-stl-bin.geo","chck",1623113621203286248,1623113621203835526
1,"build/tests/sizes/cube-2265-geo.geo","scan",1623113621204393817,1623113621204408421
1,"build/tests/sizes/cube-2265-geo.geo","chck",1623113621203836242,1623113621204410385
1,"build/tests/sizes/cube-869-asc.mesh","scan",1623113621222435060,1623113621222460297
1,"build/tests/sizes/cube-869-asc.mesh","chck",1623113621204411073,1623113621222463998
1,"build/tests/sizes/cube-2760-bin.msh4","scan",1623113621223034663,1623113621223050555
1,"build/tests/sizes/cube-2760-bin.msh4","chck",1623113621222464748,1623113621223052936
1,"build/tests/sizes/cube-1066-geo.geo_unrolled","scan",1623113621232155861,1623113621232173447
1,"build/tests/sizes/cube-1066-geo.geo_unrolled","chck",1623113621223053586,1623113621232176030
1,"build/tests/sizes/cube-2174-bin.msh4","scan",1623113621233149318,1623113621233166559
1,"build/tests/sizes/cube-2174-bin.msh4","chck",1623113621232176733,1623113621233169179
1,"build/tests/sizes/cube-841-asc.bdf","scan",1623113621277960436,1623113621277987742
1,"build/tests/sizes/cube-841-asc.bdf","chck",1623113621233169960,1623113621277993561
1,"build/tests/sizes/cube-2564-bin.cgns","scan",1623113621281586885,1623113621301867032
1,"build/tests/sizes/cube-2564-bin.cgns","chck",1623113621277994724,1623113621301871887
1,"build/tests/sizes/cube-1063-bin.msh2","scan",1623113621320868824,1623113621320896594
1,"build/tests/sizes/cube-1063-bin.msh2","chck",1623113621301872943,1623113621320901265
1,"build/tests/sizes/cube-1193-bin.cgns","scan",1623113621334550233,1623113621392705340
1,"build/tests/sizes/cube-1193-bin.cgns","chck",1623113621320902254,1623113621392711513
1,"build/tests/sizes/cube-3630-geo.geo","scan",1623113621393352701,1623113621393380411
1,"build/tests/sizes/cube-3630-geo.geo","chck",1623113621392712988,1623113621393383635
1,"build/tests/sizes/cube-509-asc.bdf","scan",1623113621401172274,1623113621401198070
1,"build/tests/sizes/cube-509-asc.bdf","chck",1623113621393421583,1623113621401201876
1,"build/tests/sizes/cube-3285-geo.geo_unrolled","scan",1623113621401786484,1623113621401802103
1,"build/tests/sizes/cube-3285-geo.geo_unrolled","chck",1623113621401202725,1623113621401805170
1,"build/tests/sizes/cube-1709-stl-bin.geo","scan",1623113621421139425,1623113621421165777
1,"build/tests/sizes/cube-1709-stl-bin.geo","chck",1623113621401805980,1623113621421171219
1,"build/tests/sizes/cube-3093-asc.bdf","scan",1623113621421682465,1623113621421698235
1,"build/tests/sizes/cube-3093-asc.bdf","chck",1623113621421172149,1623113621421700656
1,"build/tests/sizes/cube-2821-bin.vtk","scan",1623113621431196147,1623113621431218272
1,"build/tests/sizes/cube-2821-bin.vtk","chck",1623113621421701390,1623113621431222661
1,"build/tests/sizes/cube-557-geo.geo_unrolled","scan",1623113621448603040,1623113621448623013
1,"build/tests/sizes/cube-557-geo.geo_unrolled","chck",1623113621431223420,1623113621448626250
1,"build/tests/sizes/cube-2545-asc.mesh","scan",1623113621449188495,1623113621449205408
1,"build/tests/sizes/cube-2545-asc.mesh","chck",1623113621448627075,1623113621449208215
1,"build/tests/sizes/cube-493-bin.msh2","scan",1623113621470447716,1623113621470472298
1,"build/tests/sizes/cube-493-bin.msh2","chck",1623113621449208855,1623113621470477102
1,"build/tests/sizes/cube-3987-stl-bin.geo","scan",1623113621486957546,1623113621486976114
1,"build/tests/sizes/cube-3987-stl-bin.geo","chck",1623113621470477896,1623113621486979381
1,"build/tests/sizes/cube-3638-asc.bdf","scan",1623113621487548654,1623113621487566675
1,"build/tests/sizes/cube-3638-asc.bdf","chck",1623113621486980105,1623113621487569129
1,"build/tests/sizes/cube-1676-bin.cgns","scan",1623113621516206244,1623113621672977286
1,"build/tests/sizes/cube-1676-bin.cgns","chck",1623113621487569999,1623113621672983111
1,"build/tests/sizes/cube-248-asc.msh2","scan",1623113621690846565,1623113621690876426
1,"build/tests/sizes/cube-248-asc.msh2","chck",1623113621672984133,1623113621690880336
1,"build/tests/sizes/cube-836-asc.msh2","scan",1623113621691739390,1623113621691756959
1,"build/tests/sizes/cube-836-asc.msh2","chck",1623113621690881236,1623113621691759466
1,"build/tests/sizes/cube-3096-bin.vtk","scan",1623113621710542514,1623113621710574843
1,"build/tests/sizes/cube-3096-bin.vtk","chck",1623113621691760270,1623113621710582960
1,"build/tests/sizes/cube-2903-bin.vtk","scan",1623113621732374571,1623113621732402130
1,"build/tests/sizes/cube-2903-bin.vtk","chck",1623113621710584189,1623113621732407630
1,"build/tests/sizes/cube-3876-asc.mesh","scan",1623113621732953322,1623113621732982629
1,"build/tests/sizes/cube-3876-asc.mesh","chck",1623113621732408899,1623113621732985385
1,"build/tests/sizes/cube-1380-geo.geo_unrolled","scan",1623113621751172285,1623113621751194311
1,"build/tests/sizes/cube-1380-geo.geo_unrolled","chck",1623113621732986301,1623113621751198268
1,"build/tests/sizes/cube-1592-asc.bdf","scan",1623113621766572585,1623113621766598912
1,"build/tests/sizes/cube-1592-asc.bdf","chck",1623113621751199226,1623113621766604109
1,"build/tests/sizes/cube-3493-asc.bdf","scan",1623113621778999502,1623113621779025252
1,"build/tests/sizes/cube-3493-asc.bdf","chck",1623113621766605119,1623113621779029182
1,"build/tests/sizes/cube-3018-bin.msh4","scan",1623113621779555769,1623113621779572285
1,"build/tests/sizes/cube-3018-bin.msh4","chck",1623113621779030055,1623113621779574799
1,"build/tests/sizes/cube-2846-bin.msh4","scan",1623113621780062971,1623113621780077979
1,"build/tests/sizes/cube-2846-bin.msh4","chck",1623113621779575558,1623113621780080168
1,"build/tests/sizes/cube-2738-geo.geo","scan",1623113621780590208,1623113621780604033
1,"build/tests/sizes/cube-2738-geo.geo","chck",1623113621780080912,1623113621780605875
1,"cube-1553-asc","prep",1623113621781322247,1623113621781325384
1,"cube-1553-asc","zzzz",1623113621781328937,1623113621781403772,0,0,0
1,"cube-1553-asc","post",1623113621781405205,1623113621781434674
1,"cube-171-asc","prep",1623113621781450622,1623113621784466845
1,"cube-171-asc","zzzz",1623113621784469560,1623113621930729960,5264,8470,25410
1,"cube-171-asc","post",1623113621930739039,1623113621931424028
1,"cube-3551-asc","prep",1623113621931489553,1623113621931663392
1,"cube-3551-asc","zzzz",1623113621931665207,1623113621935209793,259,548,1644
1,"cube-3551-asc","post",1623113621935211099,1623113621935262618
1,"cube-186-geo","mesh",1623113621935290640,1623113621935370458
1,"cube-186-geo","prep",1623113621935801397,1623113621935802390
1,"cube-186-geo","zzzz",1623113621935803638,1623113621935859357,0,0,0
1,"cube-186-geo","post",1623113621935860516,1623113621935972079
1,"cube-2515-bin","prep",1623113621935978513,1623113621940453796
1,"cube-2515-bin","zzzz",1623113621940457393,1623113622227796636,8566,13565,40695
1,"cube-2515-bin","post",1623113622227816044,1623113622228794680
1,"cube-3341-bin","prep",1623113622228909916,1623113622229718120
1,"cube-3341-bin","zzzz",1623113622229720311,1623113622263048110,1659,2980,8940
1,"cube-3341-bin","post",1623113622263056155,1623113622263264076
1,"cube-1381-geo","mesh",1623113622263404431,1623113622263471359
1,"cube-1381-geo","prep",1623113622263903043,1623113622263904721
1,"cube-1381-geo","zzzz",1623113622263906407,1623113622263962526,0,0,0
1,"cube-1381-geo","post",1623113622263963832,1623113622264072073
1,"cube-952-geo","mesh",1623113622264080122,1623113622264112695
1,"cube-952-geo","prep",1623113622264439015,1623113622264439552
1,"cube-952-geo","zzzz",1623113622264440547,1623113622264494982,0,0,0
1,"cube-952-geo","post",1623113622264496198,1623113622264645657
1,"cube-1183-asc","prep",1623113622264652586,1623113622305960766
1,"cube-1183-asc","zzzz",1623113622305967470,1623113625274849221,46300,68221,204663
1,"cube-1183-asc","post",1623113625274859992,1623113625297176129
1,"cube-1869-bin","prep",1623113625297214679,1623113625749449400
1,"cube-1869-bin","zzzz",1623113625749457190,1623113728413180906,542136,747793,2243379
1,"cube-1869-bin","post",1623113728413194849,1623113728461513256
1,"cube-2109-bin","prep",1623113728461863812,1623113728464893422
1,"cube-2109-bin","zzzz",1623113728464896207,1623113728567930295,4018,6616,19848
1,"cube-2109-bin","post",1623113728567940604,1623113728568459118
1,"cube-2740-asc","prep",1623113728568575370,1623113728569175446
1,"cube-2740-asc","zzzz",1623113728569177168,1623113728592778281,1248,2291,6873
1,"cube-2740-asc","post",1623113728592788111,1623113728593062180
1,"cube-3827-bin","prep",1623113728593117930,1623113729508266236
1,"cube-3827-bin","zzzz",1623113729508274034,1623114049901783281,1263525,1722830,5168490
1,"cube-3827-bin","post",1623114049901798292,1623114050010576012
1,"cube-3484-asc","prep",1623114050010926688,1623114050011358382
1,"cube-3484-asc","zzzz",1623114050011361063,1623114050175594270,1588,9168,27504
1,"cube-3484-asc","post",1623114050175604364,1623114050178868578
1,"cube-2781-stl-bin","mesh",1623114050178885775,1623114050179465292
1,"cube-2781-stl-bin","prep",1623114050180446716,1623114050180456481
1,"cube-2781-stl-bin","zzzz",1623114050180458205,1623114050641087295,0,18820,56460
1,"cube-2781-stl-bin","post",1623114050641097576,1623114050641799027
1,"cube-244-asc","prep",1623114050641810496,1623114050642318175
1,"cube-244-asc","zzzz",1623114050642319741,1623114050654720649,762,1409,4227
1,"cube-244-asc","post",1623114050654730832,1623114050655101432
1,"cube-1193-bin.cgns","prep",1623114050655135362,1623114050655694141
1,"cube-1193-bin.cgns","zzzz",1623114050655696299,1623114050658934328,241,504,1512
1,"cube-1193-bin.cgns","post",1623114050658944438,1623114050659029858
1,"cube-2049-bin.cgns","prep",1623114050659071245,1623114050659751079
1,"cube-2049-bin.cgns","zzzz",1623114050659753234,1623114050662594488,207,462,1386
1,"cube-2049-bin.cgns","post",1623114050662604729,1623114050662645681
1,"cube-3957-bin.cgns","prep",1623114050662686829,1623114050664228406
1,"cube-3957-bin.cgns","zzzz",1623114050664231353,1623114050909350781,7614,12141,36423
1,"cube-3957-bin.cgns","post",1623114050909361066,1623114050909400921
1,"cube-1676-bin.cgns","prep",1623114050909855443,1623114051333051741
1,"cube-1676-bin.cgns","zzzz",1623114051333059937,1623114306089286644,1062065,1450678,4352034
1,"cube-1676-bin.cgns","post",1623114306089296708,1623114306089330218
1,"cube-3624-bin.cgns","prep",1623114306089372630,1623114306089922279
1,"cube-3624-bin.cgns","zzzz",1623114306089925713,1623114306113009699,1234,2257,6771
1,"cube-3624-bin.cgns","post",1623114306113013412,1623114306113051072
1,"cube-2220-bin.cgns","prep",1623114306113092269,1623114306124015179
1,"cube-2220-bin.cgns","zzzz",1623114306124019373,1623114318177929292,125233,177558,532674
1,"cube-2220-bin.cgns","post",1623114318177943952,1623114318177998999
1,"cube-1498-asc","prep",1623114318178062495,1623114318178657340
1,"cube-1498-asc","zzzz",1623114318178659302,1623114318194761322,962,1717,5151
1,"cube-1498-asc","post",1623114318194771813,1623114318194947776
1,"cube-1226-bin.cgns","prep",1623114318194991860,1623114318858340943
1,"cube-1226-bin.cgns","zzzz",1623114318858349831,1623114771732153973,1641862,2233372,6700116
1,"cube-1226-bin.cgns","post",1623114771732167696,1623114771732225085
1,"cube-592-asc","prep",1623114771732289439,1623114771732519106
1,"cube-592-asc","zzzz",1623114771732522999,1623114771748207754,412,1683,5049
1,"cube-592-asc","post",1623114771748218364,1623114771748608464
1,"cube-1633-bin.cgns","prep",1623114771748650642,1623114771890214456
1,"cube-1633-bin.cgns","zzzz",1623114771890221192,1623114789929489932,165374,233319,699957
1,"cube-1633-bin.cgns","post",1623114789929499768,1623114789929534520
1,"cube-3128-asc","prep",1623114789929575319,1623114789929905691
1,"cube-3128-asc","zzzz",1623114789929907797,1623114790806562703,3496,29422,88266
1,"cube-3128-asc","post",1623114790806572468,1623114790808388837
1,"cube-884-asc","prep",1623114790808425667,1623114791251815529
1,"cube-884-asc","zzzz",1623114791251819506,1623114917041940165,621950,855405,2566215
1,"cube-884-asc","post",1623114917041948213,1623114917105404827
1,"cube-2940-bin","prep",1623114917105446973,1623114917124556481
1,"cube-2940-bin","zzzz",1623114917124560108,1623114918869035397,31965,47301,141903
1,"cube-2940-bin","post",1623114918869046605,1623114918873508969
1,"cube-649-bin.cgns","prep",1623114918873538860,1623114918893529344
1,"cube-649-bin.cgns","zzzz",1623114918893532436,1623114918903675037,619,1210,3630
1,"cube-649-bin.cgns","post",1623114918903685117,1623114918903735888
1,"cube-3203-geo","mesh",1623114918903780358,1623114918903903361
1,"cube-3203-geo","prep",1623114918904705519,1623114918904706339
1,"cube-3203-geo","zzzz",1623114918904707426,1623114918904763188,0,0,0
1,"cube-3203-geo","post",1623114918904764338,1623114918904868093
1,"cube-2564-bin.cgns","prep",1623114918904875003,1623114918915579575
1,"cube-2564-bin.cgns","zzzz",1623114918915584387,1623114930253943719,119987,170326,510978
1,"cube-2564-bin.cgns","post",1623114930253958600,1623114930254016647
1,"cube-848-bin","prep",1623114930254082695,1623114930328581507
1,"cube-848-bin","zzzz",1623114930328587670,1623114942191268748,124250,175638,526914
1,"cube-848-bin","post",1623114942191282690,1623114942207786738
1,"cube-126-asc","prep",1623114942207819435,1623114942208418268
1,"cube-126-asc","zzzz",1623114942208420422,1623114942213200705,331,688,2064
1,"cube-126-asc","post",1623114942213201924,1623114942213275189
1,"cube-1895-stl-bin","mesh",1623114942213284750,1623114942227191069
1,"cube-1895-stl-bin","prep",1623114942227575063,1623114942227609440
1,"cube-1895-stl-bin","zzzz",1623114942227610721,1623114976848068254,0,362020,1086060
1,"cube-1895-stl-bin","post",1623114976848079088,1623114976875039222
1,"cube-231-asc","prep",1623114976875069924,1623114976876857233
1,"cube-231-asc","zzzz",1623114976876860951,1623114976879793220,212,467,1401
1,"cube-231-asc","post",1623114976879798567,1623114976879901139
1,"cube-3316-bin","prep",1623114976879917051,1623114976880744028
1,"cube-3316-bin","zzzz",1623114976880745761,1623114976911253651,1540,2781,8343
1,"cube-3316-bin","post",1623114976911258710,1623114976911432435
1,"cube-3577-geo","mesh",1623114976911454337,1623114976911518851
1,"cube-3577-geo","prep",1623114976911910831,1623114976911911577
1,"cube-3577-geo","zzzz",1623114976911912656,1623114976911967919,0,0,0
1,"cube-3577-geo","post",1623114976911969126,1623114976912054229
1,"cube-3489-bin","prep",1623114976912060908,1623114976917197003
1,"cube-3489-bin","zzzz",1623114976917198938,1623114977295339068,10460,16411,49233
1,"cube-3489-bin","post",1623114977295354600,1623114977296220421
1,"cube-1480-asc","prep",1623114977296303754,1623114977296636636
1,"cube-1480-asc","zzzz",1623114977296638085,1623114977579393785,2232,13394,40182
1,"cube-1480-asc","post",1623114977579394964,1623114977580599236
1,"cube-3639-bin","prep",1623114977580609912,1623114977897553871
1,"cube-3639-bin","zzzz",1623114977897562761,1623115061611690889,473085,653066,1959198
1,"cube-3639-bin","post",1623115061611707268,1623115061652553836
1,"Proc","exit_task",1623113578265279569,1623115061674651152,1609120
