4,"build/tests/sizes/cube-3286-asc.bdf","scan",1623113600522667629,1623113601170681210
4,"build/tests/sizes/cube-3286-asc.bdf","chck",1623113600521951454,1623113601170974348
4,"build/tests/sizes/cube-1827-geo.geo_unrolled","scan",1623113601200601374,1623113601207660637
4,"build/tests/sizes/cube-1827-geo.geo_unrolled","chck",1623113601170976182,1623113601207668956
4,"build/tests/sizes/cube-545-asc.mesh","scan",1623113601220770272,1623113601247327403
4,"build/tests/sizes/cube-545-asc.mesh","chck",1623113601207670341,1623113601247333919
4,"build/tests/sizes/cube-2198-bin.msh4","scan",1623113601262967254,1623113601305727149
4,"build/tests/sizes/cube-2198-bin.msh4","chck",1623113601247335292,1623113601305733030
4,"build/tests/sizes/cube-3349-asc.mesh","scan",1623113601318371452,1623113601437751110
4,"build/tests/sizes/cube-3349-asc.mesh","chck",1623113601305734116,1623113601437757694
4,"build/tests/sizes/cube-3569-bin.msh2","scan",1623113601450607813,1623113601471546194
4,"build/tests/sizes/cube-3569-bin.msh2","chck",1623113601437758952,1623113601471552026
4,"build/tests/sizes/cube-1027-geo.geo","scan",1623113601498909979,1623113601500175999
4,"build/tests/sizes/cube-1027-geo.geo","chck",1623113601471553211,1623113601500183171
4,"build/tests/sizes/cube-333-geo.geo","scan",1623113601517764768,1623113601518961847
4,"build/tests/sizes/cube-333-geo.geo","chck",1623113601500184435,1623113601518968616
4,"build/tests/sizes/cube-3265-bin.msh2","scan",1623113601536003785,1623113601562185919
4,"build/tests/sizes/cube-3265-bin.msh2","chck",1623113601518969877,1623113601562192542
4,"build/tests/sizes/cube-3033-geo.geo_unrolled","scan",1623113601562794840,1623113601563776390
4,"build/tests/sizes/cube-3033-geo.geo_unrolled","chck",1623113601562194091,1623113601563780361
4,"build/tests/sizes/cube-1443-stl-bin.geo","scan",1623113601576975303,1623113601612144291
4,"build/tests/sizes/cube-1443-stl-bin.geo","chck",1623113601563781316,1623113601612151356
4,"build/tests/sizes/cube-1463-stl-bin.geo","scan",1623113601630022692,1623113601940537450
4,"build/tests/sizes/cube-1463-stl-bin.geo","chck",1623113601612153135,1623113601940544072
4,"build/tests/sizes/cube-3855-geo.geo","scan",1623113601942451342,1623113601943985276
4,"build/tests/sizes/cube-3855-geo.geo","chck",1623113601940545314,1623113601943991651
4,"build/tests/sizes/cube-3646-asc.msh2","scan",1623113601944523790,1623113601947147067
4,"build/tests/sizes/cube-3646-asc.msh2","chck",1623113601943992990,1623113601947151652
4,"build/tests/sizes/cube-1995-bin.msh4","scan",1623113601965737072,1623113602620628501
4,"build/tests/sizes/cube-1995-bin.msh4","chck",1623113601947152557,1623113602620636788
4,"build/tests/sizes/cube-3763-geo.geo_unrolled","scan",1623113602621482639,1623113602622623544
4,"build/tests/sizes/cube-3763-geo.geo_unrolled","chck",1623113602620638012,1623113602622630125
4,"build/tests/sizes/cube-3146-asc.mesh","scan",1623113602649509259,1623113602680720920
4,"build/tests/sizes/cube-3146-asc.mesh","chck",1623113602622631692,1623113602680729404
4,"build/tests/sizes/cube-907-bin.msh2","scan",1623113602697312747,1623113602717040473
4,"build/tests/sizes/cube-907-bin.msh2","chck",1623113602680730869,1623113602717047289
4,"build/tests/sizes/cube-1307-bin.msh4","scan",1623113602730233328,1623113602759609770
4,"build/tests/sizes/cube-1307-bin.msh4","chck",1623113602717048671,1623113602759616580
4,"build/tests/sizes/cube-3180-geo.geo","scan",1623113602760430980,1623113602761694557
4,"build/tests/sizes/cube-3180-geo.geo","chck",1623113602759617973,1623113602761700338
4,"build/tests/sizes/cube-3657-stl-bin.geo","scan",1623113602762279814,1623113602766173402
4,"build/tests/sizes/cube-3657-stl-bin.geo","chck",1623113602761701403,1623113602766178582
4,"build/tests/sizes/cube-895-stl-bin.geo","scan",1623113602767234362,1623113602795105281
4,"build/tests/sizes/cube-895-stl-bin.geo","chck",1623113602766179553,1623113602795111890
4,"build/tests/sizes/cube-2377-asc.mesh","scan",1623113602796924622,1623113606382697721
4,"build/tests/sizes/cube-2377-asc.mesh","chck",1623113602795113320,1623113606382719674
4,"build/tests/sizes/cube-1393-geo.geo","scan",1623113606384290355,1623113606385803434
4,"build/tests/sizes/cube-1393-geo.geo","chck",1623113606382724170,1623113606385808273
4,"build/tests/sizes/cube-391-stl-bin.geo","scan",1623113606398160498,1623113606510109023
4,"build/tests/sizes/cube-391-stl-bin.geo","chck",1623113606385809151,1623113606510116511
4,"build/tests/sizes/cube-2418-asc.msh2","scan",1623113606510900934,1623113606691309048
4,"build/tests/sizes/cube-2418-asc.msh2","chck",1623113606510117943,1623113606691316088
4,"build/tests/sizes/cube-3054-bin.vtk","scan",1623113606692049686,1623113606694554619
4,"build/tests/sizes/cube-3054-bin.vtk","chck",1623113606691317445,1623113606694559549
4,"build/tests/sizes/cube-2407-asc.bdf","scan",1623113606695095504,1623113606698049837
4,"build/tests/sizes/cube-2407-asc.bdf","chck",1623113606694560725,1623113606698054293
4,"build/tests/sizes/cube-1606-asc.bdf","scan",1623113606699025241,1623113606702837779
4,"build/tests/sizes/cube-1606-asc.bdf","chck",1623113606698055337,1623113606702850344
4,"build/tests/sizes/cube-1348-bin.msh2","scan",1623113606724494261,1623113607188260004
4,"build/tests/sizes/cube-1348-bin.msh2","chck",1623113606702851347,1623113607188267002
4,"build/tests/sizes/cube-2031-asc.mesh","scan",1623113607189605552,1623113609338936667
4,"build/tests/sizes/cube-2031-asc.mesh","chck",1623113607188268406,1623113609338963470
4,"build/tests/sizes/cube-860-geo.geo_unrolled","scan",1623113609353682480,1623113609355119517
4,"build/tests/sizes/cube-860-geo.geo_unrolled","chck",1623113609338964889,1623113609355128427
4,"build/tests/sizes/cube-609-bin.cgns","scan",1623113609375738067,1623113609413132585
4,"build/tests/sizes/cube-609-bin.cgns","chck",1623113609355129601,1623113609413140349
4,"build/tests/sizes/cube-3715-asc.mesh","scan",1623113609413761696,1623113609415316164
4,"build/tests/sizes/cube-3715-asc.mesh","chck",1623113609413141857,1623113609415321256
4,"build/tests/sizes/cube-1004-bin.msh4","scan",1623113609424990328,1623113609450486273
4,"build/tests/sizes/cube-1004-bin.msh4","chck",1623113609415322548,1623113609450491808
4,"build/tests/sizes/cube-740-stl-bin.geo","scan",1623113609457789535,1623113609484268135
4,"build/tests/sizes/cube-740-stl-bin.geo","chck",1623113609450492873,1623113609484275213
4,"build/tests/sizes/cube-1824-asc.bdf","scan",1623113609485332451,1623113609513899234
4,"build/tests/sizes/cube-1824-asc.bdf","chck",1623113609484276932,1623113609513906444
4,"build/tests/sizes/cube-3592-bin.msh4","scan",1623113609526249421,1623113609692712110
4,"build/tests/sizes/cube-3592-bin.msh4","chck",1623113609513907722,1623113609692719314
4,"build/tests/sizes/cube-3035-asc.msh2","scan",1623113609707500398,1623113609764339193
4,"build/tests/sizes/cube-3035-asc.msh2","chck",1623113609692720659,1623113609764345339
4,"build/tests/sizes/cube-1360-stl-bin.geo","scan",1623113609782965175,1623113609840599970
4,"build/tests/sizes/cube-1360-stl-bin.geo","chck",1623113609764346482,1623113609840607541
4,"build/tests/sizes/cube-2879-stl-bin.geo","scan",1623113609841225731,1623113609844068553
4,"build/tests/sizes/cube-2879-stl-bin.geo","chck",1623113609840608953,1623113609844074197
4,"build/tests/sizes/cube-3137-bin.cgns","scan",1623113609847122421,1623113609865371801
4,"build/tests/sizes/cube-3137-bin.cgns","chck",1623113609844075681,1623113609865378502
4,"build/tests/sizes/cube-600-stl-bin.geo","scan",1623113609889472617,1623113610001151323
4,"build/tests/sizes/cube-600-stl-bin.geo","chck",1623113609865379842,1623113610001158303
4,"build/tests/sizes/cube-3621-geo.geo","scan",1623113610002053909,1623113610006627903
4,"build/tests/sizes/cube-3621-geo.geo","chck",1623113610001159953,1623113610006634316
4,"build/tests/sizes/cube-20-bin.msh4","scan",1623113610021646409,1623113610163804931
4,"build/tests/sizes/cube-20-bin.msh4","chck",1623113610006635587,1623113610163811247
4,"build/tests/sizes/cube-3833-bin.msh4","scan",1623113610174815577,1623113610229127715
4,"build/tests/sizes/cube-3833-bin.msh4","chck",1623113610163812211,1623113610229142586
4,"build/tests/sizes/cube-3778-stl-bin.geo","scan",1623113610229762717,1623113610278560463
4,"build/tests/sizes/cube-3778-stl-bin.geo","chck",1623113610229143630,1623113610278814440
4,"build/tests/sizes/cube-1409-geo.geo_unrolled","scan",1623113610301781198,1623113610302909671
4,"build/tests/sizes/cube-1409-geo.geo_unrolled","chck",1623113610278816235,1623113610302919695
4,"build/tests/sizes/cube-1728-geo.geo_unrolled","scan",1623113610303768764,1623113610304783245
4,"build/tests/sizes/cube-1728-geo.geo_unrolled","chck",1623113610302920976,1623113610304787612
4,"build/tests/sizes/cube-3227-geo.geo_unrolled","scan",1623113610312990173,1623113610314043081
4,"build/tests/sizes/cube-3227-geo.geo_unrolled","chck",1623113610304788616,1623113610314047902
4,"build/tests/sizes/cube-2328-bin.cgns","scan",1623113610317367656,1623113610335999146
4,"build/tests/sizes/cube-2328-bin.cgns","chck",1623113610314049079,1623113610336005850
4,"build/tests/sizes/cube-634-asc.mesh","scan",1623113610352216818,1623113611461870707
4,"build/tests/sizes/cube-634-asc.mesh","chck",1623113610336007510,1623113611461877547
4,"build/tests/sizes/cube-3776-asc.bdf","scan",1623113611472869463,1623113619080389109
4,"build/tests/sizes/cube-3776-asc.bdf","chck",1623113611461878673,1623113619080396464
4,"build/tests/sizes/cube-1683-stl-bin.geo","scan",1623113619133679008,1623113619134702721
4,"build/tests/sizes/cube-1683-stl-bin.geo","chck",1623113619080398184,1623113619134712336
4,"build/tests/sizes/cube-264-asc.msh2","scan",1623113619156650874,1623113619156698620
4,"build/tests/sizes/cube-264-asc.msh2","chck",1623113619134713692,1623113619156706757
4,"build/tests/sizes/cube-918-asc.mesh","scan",1623113619182948667,1623113619185482918
4,"build/tests/sizes/cube-918-asc.mesh","chck",1623113619156708109,1623113619185490617
4,"build/tests/sizes/cube-2302-geo.geo_unrolled","scan",1623113619192157579,1623113619192196026
4,"build/tests/sizes/cube-2302-geo.geo_unrolled","chck",1623113619185491632,1623113619192202652
4,"build/tests/sizes/cube-3441-bin.msh2","scan",1623113619196129115,1623113619196979753
4,"build/tests/sizes/cube-3441-bin.msh2","chck",1623113619192203774,1623113619196984542
4,"build/tests/sizes/cube-1886-asc.bdf","scan",1623113619201086903,1623113619203013845
4,"build/tests/sizes/cube-1886-asc.bdf","chck",1623113619196985471,1623113619203018385
4,"build/tests/sizes/cube-3399-bin.vtk","scan",1623113619207602111,1623113619209498581
4,"build/tests/sizes/cube-3399-bin.vtk","chck",1623113619203019263,1623113619209503747
4,"build/tests/sizes/cube-1511-bin.cgns","scan",1623113619251674525,1623113619308138294
4,"build/tests/sizes/cube-1511-bin.cgns","chck",1623113619209504642,1623113619308144142
4,"build/tests/sizes/cube-1214-asc.mesh","scan",1623113619329697922,1623113619329730166
4,"build/tests/sizes/cube-1214-asc.mesh","chck",1623113619308145132,1623113619329735146
4,"build/tests/sizes/cube-1457-bin.msh2","scan",1623113619343973971,1623113619344009022
4,"build/tests/sizes/cube-1457-bin.msh2","chck",1623113619329736196,1623113619344015307
4,"build/tests/sizes/cube-3467-bin.msh2","scan",1623113619362698668,1623113619362725581
4,"build/tests/sizes/cube-3467-bin.msh2","chck",1623113619344016469,1623113619362730285
4,"build/tests/sizes/cube-3257-asc.bdf","scan",1623113619363348051,1623113619363365936
4,"build/tests/sizes/cube-3257-asc.bdf","chck",1623113619362731066,1623113619363368497
4,"build/tests/sizes/cube-38-asc.msh2","scan",1623113619376983218,1623113619377013418
4,"build/tests/sizes/cube-38-asc.msh2","chck",1623113619363369270,1623113619377018623
4,"build/tests/sizes/cube-3973-geo.geo_unrolled","scan",1623113619377547432,1623113619377562868
4,"build/tests/sizes/cube-3973-geo.geo_unrolled","chck",1623113619377019623,1623113619377565131
4,"build/tests/sizes/cube-2309-bin.cgns","scan",1623113619380556170,1623113619399310033
4,"build/tests/sizes/cube-2309-bin.cgns","chck",1623113619377565949,1623113619399315011
4,"build/tests/sizes/cube-1322-bin.msh4","scan",1623113619420038310,1623113619420069323
4,"build/tests/sizes/cube-1322-bin.msh4","chck",1623113619399316057,1623113619420073974
4,"build/tests/sizes/cube-1980-bin.msh2","scan",1623113619435493546,1623113619435525522
4,"build/tests/sizes/cube-1980-bin.msh2","chck",1623113619420074862,1623113619435531663
4,"build/tests/sizes/cube-362-bin.msh2","scan",1623113619443583760,1623113619443611246
4,"build/tests/sizes/cube-362-bin.msh2","chck",1623113619435532648,1623113619443615974
4,"build/tests/sizes/cube-2798-bin.vtk","scan",1623113619444626964,1623113619444645498
4,"build/tests/sizes/cube-2798-bin.vtk","chck",1623113619443616878,1623113619444648308
4,"build/tests/sizes/cube-680-asc.bdf","scan",1623113619465704756,1623113619465728826
4,"build/tests/sizes/cube-680-asc.bdf","chck",1623113619444649067,1623113619465732598
4,"build/tests/sizes/cube-149-asc.msh2","scan",1623113619483010941,1623113619483037285
4,"build/tests/sizes/cube-149-asc.msh2","chck",1623113619465733358,1623113619483041116
4,"build/tests/sizes/cube-1468-bin.msh4","scan",1623113619498440487,1623113619498465663
4,"build/tests/sizes/cube-1468-bin.msh4","chck",1623113619483041936,1623113619498469777
4,"build/tests/sizes/cube-112-stl-bin.geo","scan",1623113619521974241,1623113619522000914
4,"build/tests/sizes/cube-112-stl-bin.geo","chck",1623113619498470558,1623113619522006778
4,"build/tests/sizes/cube-368-geo.geo_unrolled","scan",1623113619539722554,1623113619539744062
4,"build/tests/sizes/cube-368-geo.geo_unrolled","chck",1623113619522007685,1623113619539748309
4,"build/tests/sizes/cube-843-geo.geo","scan",1623113619575807120,1623113619575847837
4,"build/tests/sizes/cube-843-geo.geo","chck",1623113619539749251,1623113619575853664
4,"build/tests/sizes/cube-723-asc.bdf","scan",1623113619606169993,1623113619606207689
4,"build/tests/sizes/cube-723-asc.bdf","chck",1623113619575854854,1623113619606214670
4,"build/tests/sizes/cube-321-stl-bin.geo","scan",1623113619627602205,1623113619627630867
4,"build/tests/sizes/cube-321-stl-bin.geo","chck",1623113619606215906,1623113619627636566
4,"build/tests/sizes/cube-1762-bin.msh2","scan",1623113619636735602,1623113619636767045
4,"build/tests/sizes/cube-1762-bin.msh2","chck",1623113619627637678,1623113619636772087
4,"build/tests/sizes/cube-1082-asc.msh2","scan",1623113619648192969,1623113619648224868
4,"build/tests/sizes/cube-1082-asc.msh2","chck",1623113619636773476,1623113619648230495
4,"build/tests/sizes/cube-725-bin.msh4","scan",1623113619660791842,1623113619660821404
4,"build/tests/sizes/cube-725-bin.msh4","chck",1623113619648231293,1623113619660826442
4,"build/tests/sizes/cube-2009-bin.msh4","scan",1623113619661834277,1623113619661858364
4,"build/tests/sizes/cube-2009-bin.msh4","chck",1623113619660827295,1623113619661860896
4,"build/tests/sizes/cube-2946-stl-bin.geo","scan",1623113619662398923,1623113619662414508
4,"build/tests/sizes/cube-2946-stl-bin.geo","chck",1623113619661861942,1623113619662416693
4,"build/tests/sizes/cube-2766-asc.msh2","scan",1623113619662912306,1623113619662929028
4,"build/tests/sizes/cube-2766-asc.msh2","chck",1623113619662417459,1623113619662931264
4,"build/tests/sizes/cube-3353-bin.msh4","scan",1623113619663427889,1623113619663444164
4,"build/tests/sizes/cube-3353-bin.msh4","chck",1623113619662931974,1623113619663446229
4,"build/tests/sizes/cube-3065-bin.msh4","scan",1623113619678113604,1623113619678135070
4,"build/tests/sizes/cube-3065-bin.msh4","chck",1623113619663446936,1623113619678138274
4,"build/tests/sizes/cube-3398-bin.msh2","scan",1623113619678647675,1623113619678663285
4,"build/tests/sizes/cube-3398-bin.msh2","chck",1623113619678139085,1623113619678665614
4,"build/tests/sizes/cube-3605-bin.msh4","scan",1623113619695198880,1623113619695222090
4,"build/tests/sizes/cube-3605-bin.msh4","chck",1623113619678666557,1623113619695225421
4,"build/tests/sizes/cube-708-geo.geo_unrolled","scan",1623113619717702489,1623113619717724489
4,"build/tests/sizes/cube-708-geo.geo_unrolled","chck",1623113619695226139,1623113619717728067
4,"build/tests/sizes/cube-2927-bin.vtk","scan",1623113619738648844,1623113619738676455
4,"build/tests/sizes/cube-2927-bin.vtk","chck",1623113619717728975,1623113619738681669
4,"build/tests/sizes/cube-2775-geo.geo","scan",1623113619739219957,1623113619739234544
4,"build/tests/sizes/cube-2775-geo.geo","chck",1623113619738682598,1623113619739368490
4,"build/tests/sizes/cube-753-asc.bdf","scan",1623113619761608095,1623113619761641260
4,"build/tests/sizes/cube-753-asc.bdf","chck",1623113619739369700,1623113619761648039
4,"build/tests/sizes/cube-3970-bin.msh2","scan",1623113619781553102,1623113619781579058
4,"build/tests/sizes/cube-3970-bin.msh2","chck",1623113619761649011,1623113619781583669
4,"build/tests/sizes/cube-30-asc.bdf","scan",1623113619791701086,1623113619791735942
4,"build/tests/sizes/cube-30-asc.bdf","chck",1623113619781584624,1623113619791742367
4,"build/tests/sizes/cube-2777-geo.geo_unrolled","scan",1623113619792310967,1623113619792326348
4,"build/tests/sizes/cube-2777-geo.geo_unrolled","chck",1623113619791743407,1623113619792328370
4,"build/tests/sizes/cube-3922-geo.geo","scan",1623113619792865907,1623113619792880185
4,"build/tests/sizes/cube-3922-geo.geo","chck",1623113619792329142,1623113619792882274
4,"build/tests/sizes/cube-964-asc.bdf","scan",1623113619793704233,1623113619793722153
4,"build/tests/sizes/cube-964-asc.bdf","chck",1623113619792883062,1623113619793724414
4,"build/tests/sizes/cube-3240-bin.msh2","scan",1623113619805614134,1623113619805636061
4,"build/tests/sizes/cube-3240-bin.msh2","chck",1623113619793725085,1623113619805638974
4,"build/tests/sizes/cube-2999-bin.vtk","scan",1623113619824818125,1623113619824845000
4,"build/tests/sizes/cube-2999-bin.vtk","chck",1623113619805639733,1623113619824849141
4,"build/tests/sizes/cube-465-asc.bdf","scan",1623113619838608033,1623113619838631363
4,"build/tests/sizes/cube-465-asc.bdf","chck",1623113619824849892,1623113619838635045
4,"build/tests/sizes/cube-3585-bin.msh2","scan",1623113619850385029,1623113619850407809
4,"build/tests/sizes/cube-3585-bin.msh2","chck",1623113619838635726,1623113619850411517
4,"build/tests/sizes/cube-1399-asc.bdf","scan",1623113619872129065,1623113619872162655
4,"build/tests/sizes/cube-1399-asc.bdf","chck",1623113619850412220,1623113619872168556
4,"build/tests/sizes/cube-1613-bin.cgns","scan",1623113619875519731,1623113619894336561
4,"build/tests/sizes/cube-1613-bin.cgns","chck",1623113619872169639,1623113619894342098
4,"build/tests/sizes/cube-2218-asc.bdf","scan",1623113619895075945,1623113619895102744
4,"build/tests/sizes/cube-2218-asc.bdf","chck",1623113619894343074,1623113619895106336
4,"build/tests/sizes/cube-3371-bin.cgns","scan",1623113619906451810,1623113620059460084
4,"build/tests/sizes/cube-3371-bin.cgns","chck",1623113619895107284,1623113620059466795
4,"build/tests/sizes/cube-459-bin.cgns","scan",1623113620071476037,1623113620119179346
4,"build/tests/sizes/cube-459-bin.cgns","chck",1623113620059467896,1623113620119186639
4,"build/tests/sizes/cube-2124-stl-bin.geo","scan",1623113620119897859,1623113620119925372
4,"build/tests/sizes/cube-2124-stl-bin.geo","chck",1623113620119187971,1623113620119928404
4,"build/tests/sizes/cube-1425-asc.mesh","scan",1623113620120945324,1623113620120963990
4,"build/tests/sizes/cube-1425-asc.mesh","chck",1623113620119929315,1623113620120967152
4,"build/tests/sizes/cube-2577-bin.msh2","scan",1623113620121470674,1623113620121486961
4,"build/tests/sizes/cube-2577-bin.msh2","chck",1623113620120967961,1623113620121489199
4,"build/tests/sizes/cube-554-bin.cgns","scan",1623113620143430838,1623113620221120985
4,"build/tests/sizes/cube-554-bin.cgns","chck",1623113620121489896,1623113620221127386
4,"build/tests/sizes/cube-2983-asc.bdf","scan",1623113620237522463,1623113620237556848
4,"build/tests/sizes/cube-2983-asc.bdf","chck",1623113620221128636,1623113620237561259
4,"build/tests/sizes/cube-719-bin.vtk","scan",1623113620252942695,1623113620252978991
4,"build/tests/sizes/cube-719-bin.vtk","chck",1623113620237562197,1623113620252985097
4,"build/tests/sizes/cube-2293-asc.mesh","scan",1623113620253575037,1623113620253592278
4,"build/tests/sizes/cube-2293-asc.mesh","chck",1623113620252986150,1623113620253594946
4,"cube-3776-asc","prep",1623113620254502967,1623113620254506069
4,"cube-3776-asc","zzzz",1623113620254509611,1623113620254587196,0,0,0
4,"cube-3776-asc","post",1623113620254588607,1623113620254620267
4,"cube-634-asc","prep",1623113620254632261,1623113620258166311
4,"cube-634-asc","zzzz",1623113620258168912,1623113660832566720,25630,402715,1208145
4,"cube-634-asc","post",1623113660832581238,1623113660857417608
4,"cube-907-bin","prep",1623113660857464058,1623113660858341861
4,"cube-907-bin","zzzz",1623113660858344311,1623113660863231656,338,695,2085
4,"cube-907-bin","post",1623113660863247444,1623113660863323326
4,"cube-1027-geo","mesh",1623113660863357828,1623113660863450629
4,"cube-1027-geo","prep",1623113660864022053,1623113660864022911
4,"cube-1027-geo","zzzz",1623113660864024136,1623113660864079181,0,0,0
4,"cube-1027-geo","post",1623113660864080476,1623113660864162853
4,"cube-3855-geo","mesh",1623113660864170127,1623113660864207364
4,"cube-3855-geo","prep",1623113660864647435,1623113660864647870
4,"cube-3855-geo","zzzz",1623113660864648916,1623113660864703356,0,0,0
4,"cube-3855-geo","post",1623113660864704408,1623113660864813816
4,"cube-391-stl-bin","mesh",1623113660864819803,1623113660866879722
4,"cube-391-stl-bin","prep",1623113660867385014,1623113660867479864
4,"cube-391-stl-bin","zzzz",1623113660867481024,1623113662270971484,0,40724,122172
4,"cube-391-stl-bin","post",1623113662270985127,1623113662273496825
4,"cube-3054-bin","prep",1623113662273518413,1623113662274491225
4,"cube-3054-bin","zzzz",1623113662274493338,1623113662295203750,1157,2080,6240
4,"cube-3054-bin","post",1623113662295207969,1623113662295387918
4,"cube-3146-asc","prep",1623113662295425972,1623113662295529475
4,"cube-3146-asc","zzzz",1623113662295530388,1623113662319729515,624,2338,7014
4,"cube-3146-asc","post",1623113662319740070,1623113662320101721
4,"cube-3646-asc","prep",1623113662320137943,1623113662320577582
4,"cube-3646-asc","zzzz",1623113662320578846,1623113662323781322,237,500,1500
4,"cube-3646-asc","post",1623113662323791588,1623113662324032283
4,"cube-1463-stl-bin","mesh",1623113662324068158,1623113662329653451
4,"cube-1463-stl-bin","prep",1623113662330198140,1623113662330253592
4,"cube-1463-stl-bin","zzzz",1623113662330254979,1623113669644699424,0,126412,379236
4,"cube-1463-stl-bin","post",1623113669644712456,1623113669651971884
4,"cube-600-stl-bin","mesh",1623113669651999782,1623113669653330566
4,"cube-600-stl-bin","prep",1623113669655128118,1623113669655146738
4,"cube-600-stl-bin","zzzz",1623113669655149215,1623113670929218179,0,38100,114300
4,"cube-600-stl-bin","post",1623113670929235127,1623113670931132036
4,"cube-1348-bin","prep",1623113670931152032,1623113671003584032
4,"cube-1348-bin","zzzz",1623113671003592048,1623113682897299746,124002,175956,527868
4,"cube-1348-bin","post",1623113682897312851,1623113682912303924
4,"cube-459-bin.cgns","prep",1623113682912356487,1623113682921629124
4,"cube-459-bin.cgns","zzzz",1623113682921633253,1623113682929193005,483,970,2910
4,"cube-459-bin.cgns","post",1623113682929208363,1623113682929261170
4,"cube-2031-asc","prep",1623113682929289395,1623113682934808947
4,"cube-2031-asc","zzzz",1623113682934810631,1623113805792436063,38512,842184,2526552
4,"cube-2031-asc","post",1623113805792449680,1623113805878919376
4,"cube-545-asc","prep",1623113805878950436,1623113805879412257
4,"cube-545-asc","zzzz",1623113805879414169,1623113805895730669,416,1734,5202
4,"cube-545-asc","post",1623113805895741309,1623113805896207114
4,"cube-1443-stl-bin","mesh",1623113805896243389,1623113805896499837
4,"cube-1443-stl-bin","prep",1623113805897059042,1623113805897117348
4,"cube-1443-stl-bin","zzzz",1623113805897118698,1623113805953913325,0,4356,13068
4,"cube-1443-stl-bin","post",1623113805953923642,1623113805954208704
4,"cube-740-stl-bin","mesh",1623113805954239157,1623113805954396653
4,"cube-740-stl-bin","prep",1623113805954912790,1623113805954992092
4,"cube-740-stl-bin","zzzz",1623113805954993455,1623113805980594396,0,2436,7308
4,"cube-740-stl-bin","post",1623113805980604831,1623113805980785176
4,"cube-2309-bin.cgns","prep",1623113805980814189,1623113806129886215
4,"cube-2309-bin.cgns","zzzz",1623113806129894426,1623114052583688073,1035515,1415080,4245240
4,"cube-2309-bin.cgns","post",1623114052584235759,1623114052584272419
4,"cube-3286-asc","prep",1623114052584813969,1623114052634659016
4,"cube-3286-asc","zzzz",1623114052634662822,1623114059665069099,85607,123043,369129
4,"cube-3286-asc","post",1623114059665077024,1623114059675369278
4,"cube-1824-asc","prep",1623114059675405115,1623114059677994948
4,"cube-1824-asc","zzzz",1623114059677998465,1623114059779967238,3994,6578,19734
4,"cube-1824-asc","post",1623114059779977929,1623114059780706267
4,"cube-3035-asc","prep",1623114059780819901,1623114059783737415
4,"cube-3035-asc","zzzz",1623114059783739713,1623114059974740596,6432,10201,30603
4,"cube-3035-asc","post",1623114059974751165,1623114059976178188
4,"cube-2879-stl-bin","mesh",1623114059976234879,1623114059976299463
4,"cube-2879-stl-bin","prep",1623114059976995082,1623114059977005328
4,"cube-2879-stl-bin","zzzz",1623114059977006936,1623114059981739065,0,676,2028
4,"cube-2879-stl-bin","post",1623114059981749596,1623114059981908954
4,"cube-3833-bin","prep",1623114059981937749,1623114059987641330
4,"cube-3833-bin","zzzz",1623114059987643500,1623114060425668593,11703,18188,54564
4,"cube-3833-bin","post",1623114060425679093,1623114060426736707
4,"cube-1511-bin.cgns","prep",1623114060426806346,1623114060440904888
4,"cube-1511-bin.cgns","zzzz",1623114060440907727,1623114060461287526,1123,2052,6156
4,"cube-1511-bin.cgns","post",1623114060461292528,1623114060461330423
4,"cube-2328-bin.cgns","prep",1623114060461352358,1623114060469233550
4,"cube-2328-bin.cgns","zzzz",1623114060469237202,1623114067719826998,87372,125658,376974
4,"cube-2328-bin.cgns","post",1623114067719865671,1623114067719926532
4,"cube-3137-bin.cgns","prep",1623114067719989817,1623114067747624706
4,"cube-3137-bin.cgns","zzzz",1623114067747632245,1623114103872557318,265945,372526,1117578
4,"cube-3137-bin.cgns","post",1623114103872574970,1623114103872637217
4,"cube-1827-geo","mesh",1623114103872694476,1623114103872760789
4,"cube-1827-geo","prep",1623114103873332238,1623114103873334027
4,"cube-1827-geo","zzzz",1623114103873335512,1623114103873391572,0,0,0
4,"cube-1827-geo","post",1623114103873392700,1623114103873460199
4,"cube-1613-bin.cgns","prep",1623114103873466918,1623114103876681794
4,"cube-1613-bin.cgns","zzzz",1623114103876685481,1623114105520912633,30647,45434,136302
4,"cube-1613-bin.cgns","post",1623114105520927385,1623114105520991847
4,"cube-554-bin.cgns","prep",1623114105521060922,1623114105535648948
4,"cube-554-bin.cgns","zzzz",1623114105535652513,1623114105590677759,2473,4260,12780
4,"cube-554-bin.cgns","post",1623114105590688189,1623114105590735297
4,"cube-3371-bin.cgns","prep",1623114105590787501,1623114106092117239
4,"cube-3371-bin.cgns","zzzz",1623114106092127062,1623114429094043802,1270807,1733339,5200017
4,"cube-3371-bin.cgns","post",1623114429094059946,1623114429094123633
4,"cube-1004-bin","prep",1623114429095092723,1623114429097745775
4,"cube-1004-bin","zzzz",1623114429097748811,1623114429252593220,5453,8812,26436
4,"cube-1004-bin","post",1623114429252603729,1623114429253227620
4,"cube-609-bin.cgns","prep",1623114429253263787,1623114429253690036
4,"cube-609-bin.cgns","zzzz",1623114429253692301,1623114429257675239,287,592,1776
4,"cube-609-bin.cgns","post",1623114429257685484,1623114429257731417
4,"cube-3715-asc","prep",1623114429257777363,1623114429257935058
4,"cube-3715-asc","zzzz",1623114429257938491,1623114429260056918,120,361,1083
4,"cube-3715-asc","post",1623114429260067238,1623114429260173896
4,"cube-3592-bin","prep",1623114429260207192,1623114429380042546
4,"cube-3592-bin","zzzz",1623114429380049190,1623114451150482296,188136,264919,794757
4,"cube-3592-bin","post",1623114451150490343,1623114451167500663
4,"cube-1307-bin","prep",1623114451167555134,1623114451171473948
4,"cube-1307-bin","zzzz",1623114451171478026,1623114451457343032,8528,13514,40542
4,"cube-1307-bin","post",1623114451457359516,1623114451458065741
4,"cube-3778-stl-bin","mesh",1623114451458152491,1623114451458991214
4,"cube-3778-stl-bin","prep",1623114451459595898,1623114451459607107
4,"cube-3778-stl-bin","zzzz",1623114451459608390,1623114452178574688,0,25652,76956
4,"cube-3778-stl-bin","post",1623114452178590202,1623114452179439044
4,"cube-3657-stl-bin","mesh",1623114452179450902,1623114452179514456
4,"cube-3657-stl-bin","prep",1623114452180023408,1623114452180042334
4,"cube-3657-stl-bin","zzzz",1623114452180043513,1623114452198337345,0,1892,5676
4,"cube-3657-stl-bin","post",1623114452198342393,1623114452198411055
4,"cube-2407-asc","prep",1623114452198422514,1623114452198700426
4,"cube-2407-asc","zzzz",1623114452198701872,1623114452203537071,332,689,2067
4,"cube-2407-asc","post",1623114452203553278,1623114452203619453
4,"cube-20-bin","prep",1623114452203632483,1623114452279785697
4,"cube-20-bin","zzzz",1623114452279793270,1623114464610283250,127091,180318,540954
4,"cube-20-bin","post",1623114464610298840,1623114464622888203
4,"cube-3180-geo","mesh",1623114464622949223,1623114464623018257
4,"cube-3180-geo","prep",1623114464623722681,1623114464623724029
4,"cube-3180-geo","zzzz",1623114464623725454,1623114464623782072,0,0,0
4,"cube-3180-geo","post",1623114464623783584,1623114464623946627
4,"cube-1393-geo","mesh",1623114464623954066,1623114464623988654
4,"cube-1393-geo","prep",1623114464624464071,1623114464624464569
4,"cube-1393-geo","zzzz",1623114464624465531,1623114464624520479,0,0,0
4,"cube-1393-geo","post",1623114464624521787,1623114464624620561
4,"cube-3265-bin","prep",1623114464624625575,1623114464625283343
4,"cube-3265-bin","zzzz",1623114464625285198,1623114464641388564,971,1717,5151
4,"cube-3265-bin","post",1623114464641399093,1623114464641727335
4,"cube-1728-geo","mesh",1623114464641830495,1623114464641870970
4,"cube-1728-geo","prep",1623114464642414468,1623114464642415344
4,"cube-1728-geo","zzzz",1623114464642416587,1623114464642472017,0,0,0
4,"cube-1728-geo","post",1623114464642473169,1623114464642536263
4,"cube-1360-stl-bin","mesh",1623114464642542305,1623114464643018228
4,"cube-1360-stl-bin","prep",1623114464643506041,1623114464643541657
4,"cube-1360-stl-bin","zzzz",1623114464643542822,1623114465022496260,0,16444,49332
4,"cube-1360-stl-bin","post",1623114465022506492,1623114465023194550
4,"cube-1995-bin","prep",1623114465023205994,1623114465531753706
4,"cube-1995-bin","zzzz",1623114465531761482,1623114611836131786,696778,957021,2871063
4,"cube-1995-bin","post",1623114611836146855,1623114611901931394
4,"cube-1606-asc","prep",1623114611902240712,1623114611902863176
4,"cube-1606-asc","zzzz",1623114611902866380,1623114611908472669,368,771,2313
4,"cube-1606-asc","post",1623114611908483001,1623114611908661046
4,"cube-895-stl-bin","mesh",1623114611908698134,1623114611908861322
4,"cube-895-stl-bin","prep",1623114611909548340,1623114611909587410
4,"cube-895-stl-bin","zzzz",1623114611909588827,1623114611924999046,0,1668,5004
4,"cube-895-stl-bin","post",1623114611925009615,1623114611925113474
4,"cube-1409-geo","mesh",1623114611925124951,1623114611925156095
4,"cube-1409-geo","prep",1623114611925638287,1623114611925639034
4,"cube-1409-geo","zzzz",1623114611925640128,1623114611925696022,0,0,0
4,"cube-1409-geo","post",1623114611925697185,1623114611925744995
4,"cube-3763-geo","mesh",1623114611925750802,1623114611925771252
4,"cube-3763-geo","prep",1623114611926226131,1623114611926226568
4,"cube-3763-geo","zzzz",1623114611926227579,1623114611926281360,0,0,0
4,"cube-3763-geo","post",1623114611926282416,1623114611926316138
4,"cube-2418-asc","prep",1623114611926320686,1623114611942683037
4,"cube-2418-asc","zzzz",1623114611942685979,1623114613614929275,31047,45964,137892
4,"cube-2418-asc","post",1623114613614939846,1623114613618409669
4,"cube-333-geo","mesh",1623114613618434802,1623114613618474874
4,"cube-333-geo","prep",1623114613619050745,1623114613619051693
4,"cube-333-geo","zzzz",1623114613619052994,1623114613619108620,0,0,0
4,"cube-333-geo","post",1623114613619109843,1623114613619162905
4,"cube-3033-geo","mesh",1623114613619169459,1623114613619195151
4,"cube-3033-geo","prep",1623114613619632454,1623114613619632914
4,"cube-3033-geo","zzzz",1623114613619633876,1623114613619688009,0,0,0
4,"cube-3033-geo","post",1623114613619689081,1623114613619727557
4,"cube-3569-bin","prep",1623114613620221084,1623114613621379971
4,"cube-3569-bin","zzzz",1623114613621381630,1623114613645160733,1267,2304,6912
4,"cube-3569-bin","post",1623114613645170972,1623114613645596932
4,"cube-3621-geo","mesh",1623114613645754923,1623114613645833702
4,"cube-3621-geo","prep",1623114613646356785,1623114613646357496
4,"cube-3621-geo","zzzz",1623114613646358652,1623114613646419941,0,0,0
4,"cube-3621-geo","post",1623114613646421058,1623114613646494292
4,"cube-860-geo","mesh",1623114613646499886,1623114613646527430
4,"cube-860-geo","prep",1623114613646975371,1623114613646975881
4,"cube-860-geo","zzzz",1623114613646976885,1623114613647031048,0,0,0
4,"cube-860-geo","post",1623114613647032032,1623114613647100807
4,"cube-2198-bin","prep",1623114613647106180,1623114613657684355
4,"cube-2198-bin","zzzz",1623114613657687032,1623114614526200057,19535,29237,87711
4,"cube-2198-bin","post",1623114614526212824,1623114614528661829
4,"cube-2377-asc","prep",1623114614528686971,1623114614536608813
4,"cube-2377-asc","zzzz",1623114614536610947,1623114851198057557,56788,1372699,4118097
4,"cube-2377-asc","post",1623114851198065717,1623114851340347445
4,"cube-3227-geo","mesh",1623114851340399014,1623114851340451819
4,"cube-3227-geo","prep",1623114851341095670,1623114851341096978
4,"cube-3227-geo","zzzz",1623114851341098171,1623114851341154770,0,0,0
4,"cube-3227-geo","post",1623114851341156432,1623114851341211959
4,"cube-3349-asc","prep",1623114851341217450,1623114851341873656
4,"cube-3349-asc","zzzz",1623114851341876115,1623114852523026532,4448,36159,108477
4,"cube-3349-asc","post",1623114852523042803,1623114852526666470
4,"Proc","exit_task",1623113578265287098,1623114852536371329,1349956
