33,"build/tests/sizes/cube-567-bin.cgns","scan",1623113598270817742,1623113598365398658
33,"build/tests/sizes/cube-567-bin.cgns","chck",1623113598231575510,1623113598365544590
33,"build/tests/sizes/cube-595-bin.cgns","scan",1623113598383562150,1623113598483605646
33,"build/tests/sizes/cube-595-bin.cgns","chck",1623113598365546230,1623113598483611753
33,"build/tests/sizes/cube-3873-asc.bdf","scan",1623113598509099051,1623113598544351719
33,"build/tests/sizes/cube-3873-asc.bdf","chck",1623113598483612878,1623113598544356173
33,"build/tests/sizes/cube-685-asc.msh2","scan",1623113598547969307,1623113598553540418
33,"build/tests/sizes/cube-685-asc.msh2","chck",1623113598544357174,1623113598553544972
33,"build/tests/sizes/cube-1289-bin.cgns","scan",1623113598577490512,1623113598633613673
33,"build/tests/sizes/cube-1289-bin.cgns","chck",1623113598553545880,1623113598633619840
33,"build/tests/sizes/cube-7-bin.cgns","scan",1623113598660644687,1623113598751362669
33,"build/tests/sizes/cube-7-bin.cgns","chck",1623113598633620761,1623113598751369455
33,"build/tests/sizes/cube-1218-bin.msh4","scan",1623113598756571822,1623113598784321415
33,"build/tests/sizes/cube-1218-bin.msh4","chck",1623113598751370531,1623113598784327382
33,"build/tests/sizes/cube-3883-geo.geo_unrolled","scan",1623113598787122786,1623113598788506171
33,"build/tests/sizes/cube-3883-geo.geo_unrolled","chck",1623113598784328729,1623113598788511308
33,"build/tests/sizes/cube-1296-bin.msh2","scan",1623113598791704969,1623113598884795180
33,"build/tests/sizes/cube-1296-bin.msh2","chck",1623113598788512297,1623113598884801982
33,"build/tests/sizes/cube-2478-geo.geo_unrolled","scan",1623113598903032442,1623113598906058926
33,"build/tests/sizes/cube-2478-geo.geo_unrolled","chck",1623113598884803125,1623113598906064388
33,"build/tests/sizes/cube-670-bin.msh4","scan",1623113598931477164,1623113598983456783
33,"build/tests/sizes/cube-670-bin.msh4","chck",1623113598906065777,1623113598983463100
33,"build/tests/sizes/cube-1604-bin.msh2","scan",1623113598986544883,1623113598990329883
33,"build/tests/sizes/cube-1604-bin.msh2","chck",1623113598983464140,1623113598990334606
33,"build/tests/sizes/cube-2831-asc.msh2","scan",1623113599009431075,1623113599022098250
33,"build/tests/sizes/cube-2831-asc.msh2","chck",1623113598990335637,1623113599022103191
33,"build/tests/sizes/cube-3817-stl-bin.geo","scan",1623113599041417674,1623113599148212132
33,"build/tests/sizes/cube-3817-stl-bin.geo","chck",1623113599022104177,1623113599148218252
33,"build/tests/sizes/cube-1847-asc.bdf","scan",1623113599175113391,1623113599269947695
33,"build/tests/sizes/cube-1847-asc.bdf","chck",1623113599148219384,1623113599269953783
33,"build/tests/sizes/cube-804-asc.msh2","scan",1623113599294368537,1623113599345338083
33,"build/tests/sizes/cube-804-asc.msh2","chck",1623113599269955016,1623113599345344639
33,"build/tests/sizes/cube-2021-bin.cgns","scan",1623113599365054256,1623113599450690958
33,"build/tests/sizes/cube-2021-bin.cgns","chck",1623113599345346110,1623113599450696662
33,"build/tests/sizes/cube-1535-stl-bin.geo","scan",1623113599453138199,1623113599484123525
33,"build/tests/sizes/cube-1535-stl-bin.geo","chck",1623113599450697821,1623113599484130595
33,"build/tests/sizes/cube-790-bin.msh2","scan",1623113599509800365,1623113600157029917
33,"build/tests/sizes/cube-790-bin.msh2","chck",1623113599484131726,1623113600157052844
33,"build/tests/sizes/cube-2354-bin.msh2","scan",1623113600175846161,1623113600201211994
33,"build/tests/sizes/cube-2354-bin.msh2","chck",1623113600157054835,1623113600201217514
33,"build/tests/sizes/cube-3406-asc.msh2","scan",1623113600203153268,1623113600637909677
33,"build/tests/sizes/cube-3406-asc.msh2","chck",1623113600201218578,1623113600637916145
33,"build/tests/sizes/cube-3458-bin.cgns","scan",1623113600642162460,1623113600663303491
33,"build/tests/sizes/cube-3458-bin.cgns","chck",1623113600637917300,1623113600663309842
33,"build/tests/sizes/cube-2974-bin.vtk","scan",1623113600664044494,1623113600734495061
33,"build/tests/sizes/cube-2974-bin.vtk","chck",1623113600663311151,1623113600734502242
33,"build/tests/sizes/cube-2290-bin.msh2","scan",1623113600757902868,1623113601685659507
33,"build/tests/sizes/cube-2290-bin.msh2","chck",1623113600734508369,1623113601685666132
33,"build/tests/sizes/cube-3047-stl-bin.geo","scan",1623113601686344573,1623113601952296306
33,"build/tests/sizes/cube-3047-stl-bin.geo","chck",1623113601685667360,1623113601952302873
33,"build/tests/sizes/cube-3369-geo.geo_unrolled","scan",1623113601971911434,1623113601973092349
33,"build/tests/sizes/cube-3369-geo.geo_unrolled","chck",1623113601952304126,1623113601973098276
33,"build/tests/sizes/cube-1242-bin.cgns","scan",1623113601976858978,1623113602130014829
33,"build/tests/sizes/cube-1242-bin.cgns","chck",1623113601973099357,1623113602130038092
33,"build/tests/sizes/cube-3654-asc.mesh","scan",1623113602130929375,1623113602146519989
33,"build/tests/sizes/cube-3654-asc.mesh","chck",1623113602130039315,1623113602146527141
33,"build/tests/sizes/cube-980-bin.cgns","scan",1623113602170536677,1623113602374708687
33,"build/tests/sizes/cube-980-bin.cgns","chck",1623113602146528333,1623113602374715817
33,"build/tests/sizes/cube-3222-asc.msh2","scan",1623113602376635678,1623113602418143532
33,"build/tests/sizes/cube-3222-asc.msh2","chck",1623113602374716883,1623113602418149949
33,"build/tests/sizes/cube-3661-bin.vtk","scan",1623113602432089671,1623113602466501867
33,"build/tests/sizes/cube-3661-bin.vtk","chck",1623113602418151068,1623113602466508228
33,"build/tests/sizes/cube-1461-bin.msh4","scan",1623113602475675148,1623113602513652888
33,"build/tests/sizes/cube-1461-bin.msh4","chck",1623113602466509410,1623113602513659374
33,"build/tests/sizes/cube-1828-stl-bin.geo","scan",1623113602514849493,1623113602868760979
33,"build/tests/sizes/cube-1828-stl-bin.geo","chck",1623113602513660489,1623113602868769556
33,"build/tests/sizes/cube-458-asc.mesh","scan",1623113602882552996,1623113607402443261
33,"build/tests/sizes/cube-458-asc.mesh","chck",1623113602868770700,1623113607402460467
33,"build/tests/sizes/cube-2712-bin.vtk","scan",1623113607417935172,1623113608861309490
33,"build/tests/sizes/cube-2712-bin.vtk","chck",1623113607402461797,1623113608861324449
33,"build/tests/sizes/cube-1428-asc.bdf","scan",1623113608862762232,1623113608867720125
33,"build/tests/sizes/cube-1428-asc.bdf","chck",1623113608861325762,1623113608867726005
33,"build/tests/sizes/cube-3135-asc.mesh","scan",1623113608868383655,1623113608870399795
33,"build/tests/sizes/cube-3135-asc.mesh","chck",1623113608867727107,1623113608870404387
33,"build/tests/sizes/cube-2408-geo.geo_unrolled","scan",1623113608870944447,1623113608872273199
33,"build/tests/sizes/cube-2408-geo.geo_unrolled","chck",1623113608870405353,1623113608872277188
33,"build/tests/sizes/cube-3470-bin.cgns","scan",1623113608879353114,1623113608900552286
33,"build/tests/sizes/cube-3470-bin.cgns","chck",1623113608872278208,1623113608900559320
33,"build/tests/sizes/cube-3651-geo.geo","scan",1623113608912149063,1623113608913847559
33,"build/tests/sizes/cube-3651-geo.geo","chck",1623113608900560406,1623113608913852365
33,"build/tests/sizes/cube-3776-asc.msh2","scan",1623113608914403415,1623113608918568732
33,"build/tests/sizes/cube-3776-asc.msh2","chck",1623113608913853276,1623113608918572563
33,"build/tests/sizes/cube-2459-bin.cgns","scan",1623113608938188550,1623113608976431879
33,"build/tests/sizes/cube-2459-bin.cgns","chck",1623113608918573492,1623113608976437635
33,"build/tests/sizes/cube-3938-geo.geo","scan",1623113608977175942,1623113608978646790
33,"build/tests/sizes/cube-3938-geo.geo","chck",1623113608976438588,1623113608978651407
33,"build/tests/sizes/cube-2087-bin.msh2","scan",1623113608979182379,1623113609547722443
33,"build/tests/sizes/cube-2087-bin.msh2","chck",1623113608978652339,1623113609547729994
33,"build/tests/sizes/cube-2593-bin.cgns","scan",1623113609551616472,1623113609571691903
33,"build/tests/sizes/cube-2593-bin.cgns","chck",1623113609547731151,1623113609571698959
33,"build/tests/sizes/cube-2710-bin.vtk","scan",1623113609572452540,1623113612510224613
33,"build/tests/sizes/cube-2710-bin.vtk","chck",1623113609571700055,1623113612510240374
33,"build/tests/sizes/cube-327-stl-bin.geo","scan",1623113612526806146,1623113613460747958
33,"build/tests/sizes/cube-327-stl-bin.geo","chck",1623113612510530123,1623113613460754821
33,"build/tests/sizes/cube-3837-bin.msh4","scan",1623113613463296553,1623113613473214983
33,"build/tests/sizes/cube-3837-bin.msh4","chck",1623113613460755979,1623113613473224162
33,"build/tests/sizes/cube-2623-geo.geo_unrolled","scan",1623113613475560442,1623113613476610988
33,"build/tests/sizes/cube-2623-geo.geo_unrolled","chck",1623113613473225129,1623113613476615112
33,"build/tests/sizes/cube-498-asc.mesh","scan",1623113613491140764,1623113614914127878
33,"build/tests/sizes/cube-498-asc.mesh","chck",1623113613476616121,1623113614914134553
33,"build/tests/sizes/cube-86-bin.msh4","scan",1623113614921902807,1623113614937923985
33,"build/tests/sizes/cube-86-bin.msh4","chck",1623113614914135718,1623113614937931129
33,"build/tests/sizes/cube-1954-geo.geo","scan",1623113614955290299,1623113614956744558
33,"build/tests/sizes/cube-1954-geo.geo","chck",1623113614937932194,1623113614956751187
33,"build/tests/sizes/cube-2134-asc.bdf","scan",1623113614959696865,1623113614971879911
33,"build/tests/sizes/cube-2134-asc.bdf","chck",1623113614956752417,1623113614971886759
33,"build/tests/sizes/cube-3344-asc.mesh","scan",1623113614972459513,1623113614975404827
33,"build/tests/sizes/cube-3344-asc.mesh","chck",1623113614971887926,1623113614975410554
33,"build/tests/sizes/cube-3555-bin.cgns","scan",1623113614979439280,1623113614999963444
33,"build/tests/sizes/cube-3555-bin.cgns","chck",1623113614975411527,1623113614999970338
33,"build/tests/sizes/cube-2732-asc.msh2","scan",1623113615000990926,1623113615013728053
33,"build/tests/sizes/cube-2732-asc.msh2","chck",1623113614999971406,1623113615013734356
33,"build/tests/sizes/cube-988-bin.msh4","scan",1623113615014961718,1623113615018273446
33,"build/tests/sizes/cube-988-bin.msh4","chck",1623113615013735516,1623113615018279269
33,"build/tests/sizes/cube-1404-geo.geo_unrolled","scan",1623113615031330193,1623113615032514831
33,"build/tests/sizes/cube-1404-geo.geo_unrolled","chck",1623113615018280495,1623113615032521161
33,"build/tests/sizes/cube-2107-geo.geo","scan",1623113615053339917,1623113615055011802
33,"build/tests/sizes/cube-2107-geo.geo","chck",1623113615032522280,1623113615055017763
33,"build/tests/sizes/cube-3997-asc.bdf","scan",1623113615055545534,1623113620758803738
33,"build/tests/sizes/cube-3997-asc.bdf","chck",1623113615055018868,1623113620758810475
33,"build/tests/sizes/cube-1867-geo.geo_unrolled","scan",1623113620781179298,1623113620878455139
33,"build/tests/sizes/cube-1867-geo.geo_unrolled","chck",1623113620758811661,1623113620878462293
33,"build/tests/sizes/cube-1783-asc.msh2","scan",1623113620893052593,1623113620900619356
33,"build/tests/sizes/cube-1783-asc.msh2","chck",1623113620878463253,1623113620900624557
33,"build/tests/sizes/cube-2945-geo.geo_unrolled","scan",1623113620901208007,1623113620902306089
33,"build/tests/sizes/cube-2945-geo.geo_unrolled","chck",1623113620900625861,1623113620902310562
33,"build/tests/sizes/cube-1064-bin.msh2","scan",1623113620903155962,1623113620905435147
33,"build/tests/sizes/cube-1064-bin.msh2","chck",1623113620902311571,1623113620905439382
33,"build/tests/sizes/cube-3870-asc.bdf","scan",1623113620905941600,1623113623001849554
33,"build/tests/sizes/cube-3870-asc.bdf","chck",1623113620905440440,1623113623001856580
33,"build/tests/sizes/cube-1424-bin.msh2","scan",1623113623015491093,1623113623092679971
33,"build/tests/sizes/cube-1424-bin.msh2","chck",1623113623001858046,1623113623092686052
33,"build/tests/sizes/cube-1187-bin.cgns","scan",1623113623116436856,1623113623327344734
33,"build/tests/sizes/cube-1187-bin.cgns","chck",1623113623092687540,1623113623327351548
33,"build/tests/sizes/cube-1337-bin.msh4","scan",1623113623338507191,1623113623509830514
33,"build/tests/sizes/cube-1337-bin.msh4","chck",1623113623327352680,1623113623509837122
33,"build/tests/sizes/cube-300-geo.geo_unrolled","scan",1623113623524755508,1623113623525905356
33,"build/tests/sizes/cube-300-geo.geo_unrolled","chck",1623113623509838110,1623113623525910588
33,"build/tests/sizes/cube-3897-bin.vtk","scan",1623113623526461755,1623113623535475472
33,"build/tests/sizes/cube-3897-bin.vtk","chck",1623113623525911550,1623113623535481163
33,"build/tests/sizes/cube-3722-bin.cgns","scan",1623113623568867598,1623113623666135816
33,"build/tests/sizes/cube-3722-bin.cgns","chck",1623113623535482208,1623113623666142792
33,"build/tests/sizes/cube-3447-asc.msh2","scan",1623113623668527430,1623113625018052795
33,"build/tests/sizes/cube-3447-asc.msh2","chck",1623113623666144386,1623113625018059474
33,"build/tests/sizes/cube-2445-asc.mesh","scan",1623113625018576947,1623113625020614789
33,"build/tests/sizes/cube-2445-asc.mesh","chck",1623113625018060551,1623113625020618594
33,"build/tests/sizes/cube-1103-geo.geo_unrolled","scan",1623113625039982727,1623113625041078161
33,"build/tests/sizes/cube-1103-geo.geo_unrolled","chck",1623113625020619442,1623113625041084214
33,"build/tests/sizes/cube-3264-bin.msh2","scan",1623113625041581160,1623113625053764547
33,"build/tests/sizes/cube-3264-bin.msh2","chck",1623113625041085316,1623113625053769437
33,"build/tests/sizes/cube-3097-asc.mesh","scan",1623113625060456317,1623113625098722400
33,"build/tests/sizes/cube-3097-asc.mesh","chck",1623113625053770506,1623113625098729515
33,"build/tests/sizes/cube-3478-bin.msh2","scan",1623113625099297463,1623113625110527195
33,"build/tests/sizes/cube-3478-bin.msh2","chck",1623113625098730950,1623113625110532046
33,"build/tests/sizes/cube-560-geo.geo","scan",1623113625113975237,1623113625115224359
33,"build/tests/sizes/cube-560-geo.geo","chck",1623113625110533064,1623113625115228937
33,"build/tests/sizes/cube-3136-bin.vtk","scan",1623113625115723873,1623113625133363381
33,"build/tests/sizes/cube-3136-bin.vtk","chck",1623113625115230000,1623113625133369543
33,"build/tests/sizes/cube-91-bin.cgns","scan",1623113625137969021,1623113625160434736
33,"build/tests/sizes/cube-91-bin.cgns","chck",1623113625133370745,1623113625160442032
33,"build/tests/sizes/cube-2896-asc.mesh","scan",1623113625161217943,1623113625182213859
33,"build/tests/sizes/cube-2896-asc.mesh","chck",1623113625160443089,1623113625182220005
33,"build/tests/sizes/cube-3794-bin.cgns","scan",1623113625186422081,1623113625205700308
33,"build/tests/sizes/cube-3794-bin.cgns","chck",1623113625182221171,1623113625205706819
33,"build/tests/sizes/cube-2724-asc.mesh","scan",1623113625206425791,1623113625230940834
33,"build/tests/sizes/cube-2724-asc.mesh","chck",1623113625205707875,1623113625230947092
33,"build/tests/sizes/cube-623-geo.geo_unrolled","scan",1623113625246057659,1623113625247223251
33,"build/tests/sizes/cube-623-geo.geo_unrolled","chck",1623113625230948263,1623113625247229308
33,"build/tests/sizes/cube-3513-bin.cgns","scan",1623113625267614535,1623113625304081308
33,"build/tests/sizes/cube-3513-bin.cgns","chck",1623113625247230316,1623113625304087541
33,"build/tests/sizes/cube-1791-asc.bdf","scan",1623113625320308041,1623113625449467721
33,"build/tests/sizes/cube-1791-asc.bdf","chck",1623113625304088804,1623113625449473277
33,"build/tests/sizes/cube-2847-bin.msh4","scan",1623113625450000857,1623113625464116240
33,"build/tests/sizes/cube-2847-bin.msh4","chck",1623113625449474488,1623113625464122790
33,"build/tests/sizes/cube-3748-bin.cgns","scan",1623113625468352404,1623113625488274246
33,"build/tests/sizes/cube-3748-bin.cgns","chck",1623113625464124006,1623113625488280606
33,"build/tests/sizes/cube-2483-bin.vtk","scan",1623113625489041166,1623113625636763815
33,"build/tests/sizes/cube-2483-bin.vtk","chck",1623113625488281696,1623113625636771080
33,"build/tests/sizes/cube-986-geo.geo_unrolled","scan",1623113625654375280,1623113625655576965
33,"build/tests/sizes/cube-986-geo.geo_unrolled","chck",1623113625636772300,1623113625655581589
33,"build/tests/sizes/cube-3588-asc.mesh","scan",1623113625676573433,1623113625716138039
33,"build/tests/sizes/cube-3588-asc.mesh","chck",1623113625655582721,1623113625716144169
33,"build/tests/sizes/cube-534-asc.msh2","scan",1623113625720710279,1623113625732636629
33,"build/tests/sizes/cube-534-asc.msh2","chck",1623113625716145367,1623113625732777400
33,"build/tests/sizes/cube-1661-geo.geo_unrolled","scan",1623113625753011734,1623113625754227889
33,"build/tests/sizes/cube-1661-geo.geo_unrolled","chck",1623113625732778944,1623113625754234005
33,"build/tests/sizes/cube-3785-bin.cgns","scan",1623113625758542052,1623113625778734059
33,"build/tests/sizes/cube-3785-bin.cgns","chck",1623113625754235204,1623113625778741308
33,"build/tests/sizes/cube-3683-stl-bin.geo","scan",1623113625779496268,1623113626559874332
33,"build/tests/sizes/cube-3683-stl-bin.geo","chck",1623113625778742518,1623113626559880676
33,"build/tests/sizes/cube-3288-asc.msh2","scan",1623113626562516157,1623113627635737428
33,"build/tests/sizes/cube-3288-asc.msh2","chck",1623113626559882260,1623113627635744268
33,"build/tests/sizes/cube-236-bin.msh2","scan",1623113627639849086,1623113628526383116
33,"build/tests/sizes/cube-236-bin.msh2","chck",1623113627635745478,1623113628526395428
33,"build/tests/sizes/cube-3241-geo.geo_unrolled","scan",1623113628528069696,1623113628529259611
33,"build/tests/sizes/cube-3241-geo.geo_unrolled","chck",1623113628526396551,1623113628529263464
33,"build/tests/sizes/cube-2595-bin.msh4","scan",1623113628529778809,1623113629623985500
33,"build/tests/sizes/cube-2595-bin.msh4","chck",1623113628529264478,1623113629623991904
33,"build/tests/sizes/cube-3145-asc.mesh","scan",1623113629624761602,1623113629672775092
33,"build/tests/sizes/cube-3145-asc.mesh","chck",1623113629623993174,1623113629672782429
33,"build/tests/sizes/cube-818-bin.cgns","scan",1623113629692673194,1623113629885919253
33,"build/tests/sizes/cube-818-bin.cgns","chck",1623113629672783539,1623113629885925309
33,"build/tests/sizes/cube-3147-stl-bin.geo","scan",1623113629886485448,1623113630634225730
33,"build/tests/sizes/cube-3147-stl-bin.geo","chck",1623113629885926811,1623113630634232291
33,"build/tests/sizes/cube-2345-bin.cgns","scan",1623113630645865775,1623113630666337279
33,"build/tests/sizes/cube-2345-bin.cgns","chck",1623113630634233550,1623113630666343627
33,"build/tests/sizes/cube-1129-bin.msh2","scan",1623113630681900639,1623113630716597623
33,"build/tests/sizes/cube-1129-bin.msh2","chck",1623113630666344697,1623113630716603564
33,"build/tests/sizes/cube-3356-stl-bin.geo","scan",1623113630717206089,1623113630720832639
33,"build/tests/sizes/cube-3356-stl-bin.geo","chck",1623113630716604808,1623113630720836935
33,"build/tests/sizes/cube-786-stl-bin.geo","scan",1623113630735359420,1623113630770869462
33,"build/tests/sizes/cube-786-stl-bin.geo","chck",1623113630720837834,1623113630770875242
33,"build/tests/sizes/cube-2664-bin.msh2","scan",1623113630771452893,1623113630802337723
33,"build/tests/sizes/cube-2664-bin.msh2","chck",1623113630770876439,1623113630802343230
33,"build/tests/sizes/cube-3488-stl-bin.geo","scan",1623113630803114008,1623113630834091947
33,"build/tests/sizes/cube-3488-stl-bin.geo","chck",1623113630802344246,1623113630834098301
33,"build/tests/sizes/cube-87-bin.cgns","scan",1623113630876224962,1623113630909338274
33,"build/tests/sizes/cube-87-bin.cgns","chck",1623113630834099534,1623113630909344487
33,"build/tests/sizes/cube-2767-asc.bdf","scan",1623113630909983197,1623113631191971824
33,"build/tests/sizes/cube-2767-asc.bdf","chck",1623113630909345578,1623113631191978798
33,"build/tests/sizes/cube-1145-geo.geo_unrolled","scan",1623113631211766424,1623113631220732511
33,"build/tests/sizes/cube-1145-geo.geo_unrolled","chck",1623113631191980297,1623113631220738161
33,"build/tests/sizes/cube-3964-bin.cgns","scan",1623113631225435261,1623113631245775981
33,"build/tests/sizes/cube-3964-bin.cgns","chck",1623113631220739760,1623113631245781075
33,"build/tests/sizes/cube-528-bin.cgns","scan",1623113631262055074,1623113631424384615
33,"build/tests/sizes/cube-528-bin.cgns","chck",1623113631245782139,1623113631424390196
33,"build/tests/sizes/cube-3005-geo.geo","scan",1623113631425011032,1623113631426494254
33,"build/tests/sizes/cube-3005-geo.geo","chck",1623113631424391267,1623113631426498377
33,"cube-3488-stl-bin","mesh",1623113631427921100,1623113631700229037
33,"cube-3488-stl-bin","prep",1623113631708759076,1623113631720948573
33,"cube-3488-stl-bin","zzzz",1623113631720960513,1623113633000761582,20582,38223,114669
33,"cube-3488-stl-bin","post",1623113633000772023,1623113633004931842
33,"cube-236-bin","prep",1623113633004972609,1623113633134399563
33,"cube-236-bin","zzzz",1623113633134406922,1623113652890658982,176061,248112,744336
33,"cube-236-bin","post",1623113652890669617,1623113652906130694
33,"cube-3288-asc","prep",1623113652906167977,1623113653016612903
33,"cube-3288-asc","zzzz",1623113653016619353,1623113668596416180,149389,211292,633876
33,"cube-3288-asc","post",1623113668596425965,1623113668626138690
33,"cube-3683-stl-bin","mesh",1623113668626173785,1623113687232997184
33,"cube-3683-stl-bin","prep",1623113687234092211,1623113688735167854
33,"cube-3683-stl-bin","zzzz",1623113688735176318,1623114098881984297,1415133,2073386,6220158
33,"cube-3683-stl-bin","post",1623114098881997617,1623114099183829538
33,"cube-1661-geo","mesh",1623114099192755982,1623114099239660059
33,"cube-1661-geo","prep",1623114099240655007,1623114099241020208
33,"cube-1661-geo","zzzz",1623114099241022658,1623114099253147637,743,1385,4155
33,"cube-1661-geo","post",1623114099253157902,1623114099253356802
33,"cube-986-geo","mesh",1623114099253443445,1623114109266152439
33,"cube-986-geo","prep",1623114109267189870,1623114109976480015
33,"cube-986-geo","zzzz",1623114109976485475,1623114251750580123,681029,934701,2804103
33,"cube-986-geo","post",1623114251750589963,1623114251922627880
33,"cube-2847-bin","prep",1623114251923061997,1623114251943400856
33,"cube-2847-bin","zzzz",1623114251943406268,1623114253083865523,23600,35274,105822
33,"cube-2847-bin","post",1623114253083876108,1623114253086116254
33,"cube-560-geo","mesh",1623114253086302400,1623114256398276217
33,"cube-560-geo","prep",1623114256399319356,1623114256611753386
33,"cube-560-geo","zzzz",1623114256611759703,1623114283116025189,215694,302451,907353
33,"cube-560-geo","post",1623114283116039451,1623114283178097562
33,"cube-3478-bin","prep",1623114283179305378,1623114283186895878
33,"cube-3478-bin","zzzz",1623114283186899746,1623114283276291548,3627,5989,17967
33,"cube-3478-bin","post",1623114283276301999,1623114283277076481
33,"cube-1103-geo","mesh",1623114283277164219,1623114283299649570
33,"cube-1103-geo","prep",1623114283300628184,1623114283301471357
33,"cube-1103-geo","zzzz",1623114283301473192,1623114283318214359,953,1768,5304
33,"cube-1103-geo","post",1623114283318224490,1623114283318655353
33,"cube-458-asc","prep",1623114283318891195,1623114283334107194
33,"cube-458-asc","zzzz",1623114283334108706,1623114584764406950,65118,1645768,4937304
33,"cube-458-asc","post",1623114584764420803,1623114584941437793
33,"cube-534-asc","prep",1623114584941480898,1623114584944849108
33,"cube-534-asc","zzzz",1623114584944851354,1623114584955954692,682,1297,3891
33,"cube-534-asc","post",1623114584955959734,1623114584956078296
33,"cube-2134-asc","prep",1623114584956091117,1623114584956668861
33,"cube-2134-asc","zzzz",1623114584956670327,1623114584976029253,1095,1973,5919
33,"cube-2134-asc","post",1623114584976039373,1623114584976373157
33,"cube-2021-bin.cgns","prep",1623114584976492963,1623114585015562333
33,"cube-2021-bin.cgns","zzzz",1623114585015567004,1623114598010738843,131790,186805,560415
33,"cube-2021-bin.cgns","post",1623114598010749253,1623114598010980622
33,"cube-3005-geo","mesh",1623114598011024998,1623114598154020447
33,"cube-3005-geo","prep",1623114598155260954,1623114598159062381
33,"cube-3005-geo","zzzz",1623114598159064918,1623114598440759516,8407,13357,40071
33,"cube-3005-geo","post",1623114598440768344,1623114598445318297
33,"cube-2896-asc","prep",1623114598445821348,1623114598447005584
33,"cube-2896-asc","zzzz",1623114598447007140,1623114598636779170,1742,10141,30423
33,"cube-2896-asc","post",1623114598636788321,1623114598637645450
33,"cube-3555-bin.cgns","prep",1623114598637673635,1623114598802031064
33,"cube-3555-bin.cgns","zzzz",1623114598802040215,1623114958791742411,1380296,1880161,5640483
33,"cube-3555-bin.cgns","post",1623114958792241733,1623114958792292847
33,"cube-3776-asc","prep",1623114958792337518,1623114958792578261
33,"cube-3776-asc","zzzz",1623114958792579616,1623114958797349311,327,680,2040
33,"cube-3776-asc","post",1623114958797359411,1623114958797536486
33,"cube-2354-bin","prep",1623114958797551872,1623114958798388328
33,"cube-2354-bin","zzzz",1623114958798390053,1623114958822087373,1257,2298,6894
33,"cube-2354-bin","post",1623114958822097462,1623114958822355691
33,"cube-327-stl-bin","mesh",1623114958822469241,1623114981430806741
33,"cube-327-stl-bin","prep",1623114981431892492,1623114983245121468
33,"cube-327-stl-bin","zzzz",1623114983245129742,1623115495155419556,1676557,2448349,7345047
33,"cube-327-stl-bin","post",1623115495155434584,1623115495575629515
33,"cube-2087-bin","prep",1623115495576415261,1623115495693629213
33,"cube-2087-bin","zzzz",1623115495693640799,1623115511399900536,150082,212431,637293
33,"cube-2087-bin","post",1623115511399913878,1623115511417414311
33,"cube-2408-geo","mesh",1623115511417451150,1623115515281298251
33,"cube-2408-geo","prep",1623115515282334135,1623115515551137869
33,"cube-2408-geo","zzzz",1623115515551144671,1623115547212493265,243281,340922,1022766
33,"cube-2408-geo","post",1623115547212506445,1623115547308683931
33,"cube-685-asc","prep",1623115547308737765,1623115547324046399
33,"cube-685-asc","zzzz",1623115547324049178,1623115547329198627,350,727,2181
33,"cube-685-asc","post",1623115547329202462,1623115547329432576
33,"cube-1064-bin","prep",1623115547329498120,1623115547338277835
33,"cube-1064-bin","zzzz",1623115547338279604,1623115547342194611,281,584,1752
33,"cube-1064-bin","post",1623115547342204791,1623115547342383758
33,"cube-3837-bin","prep",1623115547342418635,1623115547343460079
33,"cube-3837-bin","zzzz",1623115547343462100,1623115547367983384,1303,2358,7074
33,"cube-3837-bin","post",1623115547367993609,1623115547368591509
33,"cube-3588-asc","prep",1623115547369019102,1623115547369337301
33,"cube-3588-asc","zzzz",1623115547369338953,1623115547488428391,1368,7322,21966
33,"cube-3588-asc","post",1623115547488438651,1623115547489443254
33,"cube-786-stl-bin","mesh",1623115547489457677,1623115547531583213
33,"cube-786-stl-bin","prep",1623115547532576198,1623115547535413801
33,"cube-786-stl-bin","zzzz",1623115547535416598,1623115547666536888,3397,7832,23496
33,"cube-786-stl-bin","post",1623115547666547078,1623115547667433974
33,"cube-86-bin","prep",1623115547667785235,1623115547668566773
33,"cube-86-bin","zzzz",1623115547668568562,1623115547684994904,986,1743,5229
33,"cube-86-bin","post",1623115547685004964,1623115547685400039
33,"cube-1954-geo","mesh",1623115547685531954,1623115547695416093
33,"cube-1954-geo","prep",1623115547696369048,1623115547696644783
33,"cube-1954-geo","zzzz",1623115547696646584,1623115547701296696,318,667,2001
33,"cube-1954-geo","post",1623115547701306867,1623115547701629095
33,"cube-2483-bin","prep",1623115547701665399,1623115547751936976
33,"cube-2483-bin","zzzz",1623115547751942817,1623115554982710436,87159,125388,376164
33,"cube-2483-bin","post",1623115554982721872,1623115554990829369
33,"cube-3748-bin.cgns","prep",1623115554990872972,1623115555021315902
33,"cube-3748-bin.cgns","zzzz",1623115555021324883,1623115594411076506,281684,394760,1184280
33,"cube-3748-bin.cgns","post",1623115594411090205,1623115594411193975
33,"cube-3136-bin","prep",1623115594411263467,1623115594417898360
33,"cube-3136-bin","zzzz",1623115594417901956,1623115594884669303,12207,18979,56937
33,"cube-3136-bin","post",1623115594884685442,1623115594885676554
33,"cube-3344-asc","prep",1623115594885699801,1623115594885812392
33,"cube-3344-asc","zzzz",1623115594885813521,1623115594893450462,304,975,2925
33,"cube-3344-asc","post",1623115594893460546,1623115594893718454
33,"cube-2767-asc","prep",1623115594893752244,1623115594914830493
33,"cube-2767-asc","zzzz",1623115594914833142,1623115597009314594,36343,53662,160986
33,"cube-2767-asc","post",1623115597009325630,1623115597016471714
33,"cube-2107-geo","mesh",1623115597016504547,1623115597084372536
33,"cube-2107-geo","prep",1623115597085402019,1623115597088508313
33,"cube-2107-geo","zzzz",1623115597088510545,1623115597177942146,3631,5991,17973
33,"cube-2107-geo","post",1623115597177952310,1623115597179048462
33,"cube-623-geo","mesh",1623115597179526233,1623115597204609173
33,"cube-623-geo","prep",1623115597205568733,1623115597206484926
33,"cube-623-geo","zzzz",1623115597206487087,1623115597224493981,1041,1868,5604
33,"cube-623-geo","post",1623115597224503883,1623115597225073685
33,"cube-1404-geo","mesh",1623115597225371375,1623115597236154502
33,"cube-1404-geo","prep",1623115597237062414,1623115597237344807
33,"cube-1404-geo","zzzz",1623115597237346660,1623115597242159465,328,685,2055
33,"cube-1404-geo","post",1623115597242169506,1623115597242400688
33,"cube-2345-bin.cgns","prep",1623115597242414592,1623115597243316188
33,"cube-2345-bin.cgns","zzzz",1623115597243318956,1623115597374679387,4833,7842,23526
33,"cube-2345-bin.cgns","post",1623115597374689501,1623115597374749126
33,"cube-528-bin.cgns","prep",1623115597374796395,1623115597781638592
33,"cube-528-bin.cgns","zzzz",1623115597781647128,1623115786460727044,845739,1158159,3474477
33,"cube-528-bin.cgns","post",1623115786460737181,1623115786460779861
33,"cube-3241-geo","mesh",1623115786460826219,1623115801141757487
33,"cube-3241-geo","prep",1623115801528978714,1623115802221994283
33,"cube-3241-geo","zzzz",1623115802221999588,1623116006717423738,899400,1230221,3690663
33,"cube-3241-geo","post",1623116006717437794,1623116006979866429
33,"cube-3661-bin","prep",1623116006979900807,1623116007003036618
33,"cube-3661-bin","zzzz",1623116007003039526,1623116007104833622,3974,6560,19680
33,"cube-3661-bin","post",1623116007104861458,1623116007106533128
33,"cube-3997-asc","prep",1623116007106553637,1623116007588921491
33,"cube-3997-asc","zzzz",1623116007588925846,1623116149736569723,683386,936555,2809665
33,"cube-3997-asc","post",1623116149736583902,1623116149819452030
33,"cube-3785-bin.cgns","prep",1623116149819491802,1623116149820427429
33,"cube-3785-bin.cgns","zzzz",1623116149820431150,1623116149824350697,280,583,1749
33,"cube-3785-bin.cgns","post",1623116149824361001,1623116149824416707
33,"cube-3147-stl-bin","mesh",1623116149824439984,1623116168013614103
33,"cube-3147-stl-bin","prep",1623116168014680774,1623116169495236235
33,"cube-3147-stl-bin","zzzz",1623116169495244895,1623116558010631205,1358039,1990832,5972496
33,"cube-3147-stl-bin","post",1623116558010646635,1623116558401350758
33,"cube-3964-bin.cgns","prep",1623116558402033741,1623116558458418632
33,"cube-3964-bin.cgns","zzzz",1623116558458424235,1623116558878309341,11311,17648,52944
33,"cube-3964-bin.cgns","post",1623116558878319308,1623116558878386485
33,"cube-2732-asc","prep",1623116558878444082,1623116558879506293
33,"cube-2732-asc","zzzz",1623116558879508209,1623116558907437657,1439,2601,7803
33,"cube-2732-asc","post",1623116558907447717,1623116558907780378
33,"cube-818-bin.cgns","prep",1623116558907831151,1623116559113719723
33,"cube-818-bin.cgns","zzzz",1623116559113727084,1623116616465639258,365083,507620,1522860
33,"cube-818-bin.cgns","post",1623116616465652691,1623116616465727080
33,"cube-3356-stl-bin","mesh",1623116616465795470,1623116616473233978
33,"cube-3356-stl-bin","prep",1623116616474261262,1623116616474821264
33,"cube-3356-stl-bin","zzzz",1623116616474823457,1623116616489119062,476,1569,4707
33,"cube-3356-stl-bin","post",1623116616489129272,1623116616489309669
33,"cube-1187-bin.cgns","prep",1623116616489321696,1623116616609148308
33,"cube-1187-bin.cgns","zzzz",1623116616609154772,1623116635162897600,168002,237792,713376
33,"cube-1187-bin.cgns","post",1623116635162911804,1623116635162983966
33,"cube-3458-bin.cgns","prep",1623116635163051447,1623116635164255998
33,"cube-3458-bin.cgns","zzzz",1623116635164259934,1623116635284165626,4513,7357,22071
33,"cube-3458-bin.cgns","post",1623116635284176293,1623116635284231903
33,"cube-3513-bin.cgns","prep",1623116635284286113,1623116635285082155
33,"cube-3513-bin.cgns","zzzz",1623116635285084387,1623116635288337502,241,506,1518
33,"cube-3513-bin.cgns","post",1623116635288347711,1623116635288392532
33,"cube-2459-bin.cgns","prep",1623116635288979302,1623116635289880348
33,"cube-2459-bin.cgns","zzzz",1623116635289885471,1623116635293081246,236,499,1497
33,"cube-2459-bin.cgns","post",1623116635293091229,1623116635293135870
33,"cube-7-bin.cgns","prep",1623116635293175364,1623116635313404781
33,"cube-7-bin.cgns","zzzz",1623116635313407946,1623116635875577670,14005,21598,64794
33,"cube-7-bin.cgns","post",1623116635875587711,1623116635875632217
33,"cube-87-bin.cgns","prep",1623116635875679570,1623116635876354337
33,"cube-87-bin.cgns","zzzz",1623116635876356439,1623116635879541752,235,498,1494
33,"cube-87-bin.cgns","post",1623116635879551987,1623116635879582321
33,"cube-2593-bin.cgns","prep",1623116635879598621,1623116635926637254
33,"cube-2593-bin.cgns","zzzz",1623116635926644797,1623116703927519768,409742,568697,1706091
33,"cube-2593-bin.cgns","post",1623116703927531294,1623116703927575442
33,"cube-980-bin.cgns","prep",1623116703927616733,1623116704093109503
33,"cube-980-bin.cgns","zzzz",1623116704093117050,1623116736057337770,244413,343114,1029342
33,"cube-980-bin.cgns","post",1623116736057351980,1623116736057425405
33,"cube-3406-asc","prep",1623116736057490313,1623116736101215469
33,"cube-3406-asc","zzzz",1623116736101222432,1623116740965921744,66001,95676,287028
33,"cube-3406-asc","post",1623116740965933994,1623116740978532092
33,"cube-2445-asc","prep",1623116740978566802,1623116740983143468
33,"cube-2445-asc","zzzz",1623116740983145351,1623116740987996297,224,689,2067
33,"cube-2445-asc","post",1623116740988006697,1623116740988230090
33,"cube-1145-geo","mesh",1623116740988264451,1623116740997234899
33,"cube-1145-geo","prep",1623116740998282540,1623116740998518344
33,"cube-1145-geo","zzzz",1623116740998520092,1623116741001480964,215,470,1410
33,"cube-1145-geo","post",1623116741001491282,1623116741001873786
33,"cube-2945-geo","mesh",1623116741001908734,1623116742379053997
33,"cube-2945-geo","prep",1623116742380128260,1623116742505480915
33,"cube-2945-geo","zzzz",1623116742505487294,1623116749593109412,85739,123702,371106
33,"cube-2945-geo","post",1623116749593121762,1623116749634471712
33,"cube-3264-bin","prep",1623116749637504171,1623116749651719821
33,"cube-3264-bin","zzzz",1623116749651722830,1623116749753543368,3987,6561,19683
33,"cube-3264-bin","post",1623116749753553627,1623116749753967452
33,"cube-3938-geo","mesh",1623116749754073468,1623116749769180295
33,"cube-3938-geo","prep",1623116749770190031,1623116749770654449
33,"cube-3938-geo","zzzz",1623116749770656456,1623116749778137622,475,960,2880
33,"cube-3938-geo","post",1623116749778147656,1623116749778499051
33,"cube-567-bin.cgns","prep",1623116749778534256,1623116749820046491
33,"cube-567-bin.cgns","zzzz",1623116749820050851,1623116759505440845,107500,153027,459081
33,"cube-567-bin.cgns","post",1623116759505454303,1623116759505526232
33,"cube-2712-bin","prep",1623116759505591831,1623116760039432533
33,"cube-2712-bin","zzzz",1623116760039439585,1623116921703763293,753020,1031419,3094257
33,"cube-2712-bin","post",1623116921703777622,1623116921770664651
33,"cube-3047-stl-bin","mesh",1623116921770697547,1623116925871642031
33,"cube-3047-stl-bin","prep",1623116926001922320,1623116926217108573
33,"cube-3047-stl-bin","zzzz",1623116926217116244,1623116973285165112,281553,444812,1334436
33,"cube-3047-stl-bin","post",1623116973285179726,1623116973436665678
33,"cube-1289-bin.cgns","prep",1623116973436705996,1623116973498561436
33,"cube-1289-bin.cgns","zzzz",1623116973498564884,1623116973514597288,966,1716,5148
33,"cube-1289-bin.cgns","post",1623116973514598687,1623116973514633577
33,"cube-3651-geo","mesh",1623116973514656919,1623116973523552197
33,"cube-3651-geo","prep",1623116973524567846,1623116973524814834
33,"cube-3651-geo","zzzz",1623116973524816622,1623116973528076524,242,507,1521
33,"cube-3651-geo","post",1623116973528086698,1623116973528368961
33,"cube-1828-stl-bin","mesh",1623116973528402902,1623116977949290926
33,"cube-1828-stl-bin","prep",1623116978089917640,1623116978324077998
33,"cube-1828-stl-bin","zzzz",1623116978324086599,1623117029940505187,300846,473120,1419360
33,"cube-1828-stl-bin","post",1623117029940519325,1623117030108495635
33,"cube-2290-bin","prep",1623117030108525787,1623117030275160957
33,"cube-2290-bin","zzzz",1623117030275167934,1623117058480864285,224793,315422,946266
33,"cube-2290-bin","post",1623117058480875642,1623117058513768007
33,"cube-3722-bin.cgns","prep",1623117058513798121,1623117058562279707
33,"cube-3722-bin.cgns","zzzz",1623117058562283170,1623117058880618250,9159,14544,43632
33,"cube-3722-bin.cgns","post",1623117058880628465,1623117058880690558
33,"cube-1461-bin","prep",1623117058880741574,1623117058881900315
33,"cube-1461-bin","zzzz",1623117058881902455,1623117058912276241,1531,2770,8310
33,"cube-1461-bin","post",1623117058912286311,1623117058913089543
33,"cube-1847-asc","prep",1623117058913138644,1623117058918713910
33,"cube-1847-asc","zzzz",1623117058918716182,1623117059204994570,8527,13518,40554
33,"cube-1847-asc","post",1623117059205004733,1623117059206909754
33,"cube-3883-geo","mesh",1623117059207018449,1623117059290818188
33,"cube-3883-geo","prep",1623117059291882249,1623117059295624051
33,"cube-3883-geo","zzzz",1623117059295626336,1623117059413763545,4454,7281,21843
33,"cube-3883-geo","post",1623117059413773793,1623117059415414858
33,"cube-1428-asc","prep",1623117059415552261,1623117059416201668
33,"cube-1428-asc","zzzz",1623117059416203570,1623117059421388854,348,725,2175
33,"cube-1428-asc","post",1623117059421399033,1623117059421546074
33,"cube-3817-stl-bin","mesh",1623117059421578621,1623117060095757647
33,"cube-3817-stl-bin","prep",1623117060096872287,1623117060159992691
33,"cube-3817-stl-bin","zzzz",1623117060159999668,1623117064648053472,51143,90503,271509
33,"cube-3817-stl-bin","post",1623117064648066133,1623117064674787819
33,"cube-498-asc","prep",1623117064674816932,1623117064684415505
33,"cube-498-asc","zzzz",1623117064684417698,1623117123341718655,29492,515309,1545927
33,"cube-498-asc","post",1623117123341732593,1623117123416291626
33,"cube-1535-stl-bin","mesh",1623117123416340161,1623117123726185312
33,"cube-1535-stl-bin","prep",1623117123727295095,1623117123751370343
33,"cube-1535-stl-bin","zzzz",1623117123751376090,1623117125261229935,22918,42794,128382
33,"cube-1535-stl-bin","post",1623117125261241449,1623117125269257482
33,"cube-595-bin.cgns","prep",1623117125269283309,1623117125303686682
33,"cube-595-bin.cgns","zzzz",1623117125303691659,1623117132469179392,86883,124586,373758
33,"cube-595-bin.cgns","post",1623117132469192438,1623117132469281386
33,"cube-1604-bin","prep",1623117132469336637,1623117132469521826
33,"cube-1604-bin","zzzz",1623117132469524123,1623117132471621551,171,358,1074
33,"cube-1604-bin","post",1623117132471631866,1623117132471786949
33,"cube-670-bin","prep",1623117132471820822,1623117132483351627
33,"cube-670-bin","zzzz",1623117132483354376,1623117133372075290,19857,29676,89028
33,"cube-670-bin","post",1623117133372085394,1623117133374689162
33,"cube-1129-bin","prep",1623117133374710546,1623117133376742220
33,"cube-1129-bin","zzzz",1623117133376744484,1623117133426858269,2310,3989,11967
33,"cube-1129-bin","post",1623117133426868375,1623117133427396045
33,"cube-804-asc","prep",1623117133428032839,1623117133428986042
33,"cube-804-asc","zzzz",1623117133428988141,1623117133453481301,1301,2356,7068
33,"cube-804-asc","post",1623117133453491408,1623117133453899654
33,"cube-3135-asc","prep",1623117133453959888,1623117133454072992
33,"cube-3135-asc","zzzz",1623117133454074137,1623117133457813316,184,564,1692
33,"cube-3135-asc","post",1623117133457823526,1623117133457990439
33,"cube-3794-bin.cgns","prep",1623117133458002531,1623117133489096677
33,"cube-3794-bin.cgns","zzzz",1623117133489102559,1623117171144568935,273606,382997,1148991
33,"cube-3794-bin.cgns","post",1623117171144582755,1623117171144643323
33,"cube-2664-bin","prep",1623117171144710768,1623117171149874282
33,"cube-2664-bin","zzzz",1623117171149877522,1623117171383079199,7407,11709,35127
33,"cube-2664-bin","post",1623117171383089503,1623117171385651517
33,"cube-3654-asc","prep",1623117171386087008,1623117171387108955
33,"cube-3654-asc","zzzz",1623117171387428987,1623117171465543446,1084,5451,16353
33,"cube-3654-asc","post",1623117171465553640,1623117171466772983
33,"cube-1218-bin","prep",1623117171466785384,1623117171486141706
33,"cube-1218-bin","zzzz",1623117171486144480,1623117173166394809,31118,46070,138210
33,"cube-1218-bin","post",1623117173166405715,1623117173168938721
33,"cube-2478-geo","mesh",1623117173169086411,1623117173179511149
33,"cube-2478-geo","prep",1623117173180638203,1623117173180852960
33,"cube-2478-geo","zzzz",1623117173180854858,1623117173184589015,270,563,1689
33,"cube-2478-geo","post",1623117173184599280,1623117173184862577
33,"cube-2710-bin","prep",1623117173184897352,1623117174501786579
33,"cube-2710-bin","zzzz",1623117174501794553,1623117634818181911,1661155,2260845,6782535
33,"cube-2710-bin","post",1623117634818235472,1623117634975818197
33,"cube-2623-geo","mesh",1623117634976572506,1623117637011631419
33,"cube-2623-geo","prep",1623117637012762091,1623117637176789771
33,"cube-2623-geo","zzzz",1623117637176796020,1623117649419901232,126440,179430,538290
33,"cube-2623-geo","post",1623117649419912466,1623117649489547621
33,"cube-790-bin","prep",1623117649489597211,1623117649612364071
33,"cube-790-bin","zzzz",1623117649612368285,1623117667720887993,165801,233868,701604
33,"cube-790-bin","post",1623117667720902735,1623117667749109311
33,"cube-2974-bin","prep",1623117667749150135,1623117667776286959
33,"cube-2974-bin","zzzz",1623117667776290939,1623117669496513792,31620,46824,140472
33,"cube-2974-bin","post",1623117669496524901,1623117669501649802
33,"cube-3145-asc","prep",1623117669501676305,1623117669507292617
33,"cube-3145-asc","zzzz",1623117669507294474,1623117670113466042,3230,22753,68259
33,"cube-3145-asc","post",1623117670113476342,1623117670116216488
33,"cube-1242-bin.cgns","prep",1623117670116251570,1623117670283918730
33,"cube-1242-bin.cgns","zzzz",1623117670283926677,1623117690057371054,176124,248217,744651
33,"cube-1242-bin.cgns","post",1623117690057383745,1623117690057501060
33,"cube-3369-geo","mesh",1623117690057563272,1623117694473816074
33,"cube-3369-geo","prep",1623117694474934436,1623117694827290360
33,"cube-3369-geo","zzzz",1623117694827296743,1623117733929431046,280687,392837,1178511
33,"cube-3369-geo","post",1623117733929438926,1623117734082025223
33,"cube-3873-asc","prep",1623117734082141872,1623117734095307654
33,"cube-3873-asc","zzzz",1623117734095309808,1623117734125269044,1501,2742,8226
33,"cube-3873-asc","post",1623117734125279289,1623117734125787651
33,"cube-91-bin.cgns","prep",1623117734125805511,1623117734198110890
33,"cube-91-bin.cgns","zzzz",1623117734198114131,1623117734386978512,6346,10107,30321
33,"cube-91-bin.cgns","post",1623117734386988836,1623117734387039767
33,"cube-1296-bin","prep",1623117734387087207,1623117734406001650
33,"cube-1296-bin","zzzz",1623117734406004863,1623117736100908319,31252,46330,138990
33,"cube-1296-bin","post",1623117736100918700,1623117736105300189
33,"cube-3222-asc","prep",1623117736105328306,1623117736108292422
33,"cube-3222-asc","zzzz",1623117736108294751,1623117736198407971,3661,6023,18069
33,"cube-3222-asc","post",1623117736198418115,1623117736199271710
33,"cube-1867-geo","mesh",1623117736200228212,1623117736265111111
33,"cube-1867-geo","prep",1623117736266187981,1623117736269025756
33,"cube-1867-geo","zzzz",1623117736269028049,1623117736353186080,3496,5741,17223
33,"cube-1867-geo","post",1623117736353196230,1623117736354759802
33,"cube-988-bin","prep",1623117736354774984,1623117736356973761
33,"cube-988-bin","zzzz",1623117736356975995,1623117736440152441,3457,5694,17082
33,"cube-988-bin","post",1623117736440162585,1623117736441271339
33,"cube-3097-asc","prep",1623117736441319918,1623117736441534414
33,"cube-3097-asc","zzzz",1623117736441535574,1623117736457663563,416,1719,5157
33,"cube-3097-asc","post",1623117736457673664,1623117736458184412
33,"cube-1783-asc","prep",1623117736458213120,1623117736458652540
33,"cube-1783-asc","zzzz",1623117736458653778,1623117736460739258,172,357,1071
33,"cube-1783-asc","post",1623117736460749443,1623117736460887581
33,"cube-3870-asc","prep",1623117736460915966,1623117736621737840
33,"cube-3870-asc","zzzz",1623117736621744979,1623117770178117476,252876,354512,1063536
33,"cube-3870-asc","post",1623117770178130814,1623117770201491928
33,"cube-1424-bin","prep",1623117770201535623,1623117770201924027
33,"cube-1424-bin","zzzz",1623117770201925449,1623117770207494758,363,766,2298
33,"cube-1424-bin","post",1623117770207505060,1623117770207744821
33,"cube-2831-asc","prep",1623117770207773807,1623117770208137692
33,"cube-2831-asc","zzzz",1623117770208139137,1623117770211420080,244,509,1527
33,"cube-2831-asc","post",1623117770211430278,1623117770211551060
33,"cube-1337-bin","prep",1623117770211579594,1623117770310389391
33,"cube-1337-bin","zzzz",1623117770310395899,1623117787446478813,159519,225346,676038
33,"cube-1337-bin","post",1623117787446492470,1623117787461429459
33,"cube-1791-asc","prep",1623117787461482310,1623117787469527210
33,"cube-1791-asc","zzzz",1623117787469530905,1623117788049932006,14379,22094,66282
33,"cube-1791-asc","post",1623117788049942619,1623117788051303314
33,"cube-2595-bin","prep",1623117788051332280,1623117789490582546
33,"cube-2595-bin","zzzz",1623117789490590122,1623118317231068289,1845091,2504918,7514754
33,"cube-2595-bin","post",1623118317231077045,1623118317396113049
33,"cube-300-geo","mesh",1623118317396816071,1623118317618761139
33,"cube-300-geo","prep",1623118317619924829,1623118317630672217
33,"cube-300-geo","zzzz",1623118317630676494,1623118318101084134,12289,19095,57285
33,"cube-300-geo","post",1623118318101094400,1623118318109149157
33,"cube-2724-asc","prep",1623118318109907042,1623118318112453159
33,"cube-2724-asc","zzzz",1623118318112455174,1623118318340103046,1902,11514,34542
33,"cube-2724-asc","post",1623118318340112164,1623118318341346905
33,"cube-3897-bin","prep",1623118318341373237,1623118318344780294
33,"cube-3897-bin","zzzz",1623118318344782918,1623118318531381439,6243,10022,30066
33,"cube-3897-bin","post",1623118318531391210,1623118318532071403
33,"cube-3470-bin.cgns","prep",1623118318532108582,1623118318584259608
33,"cube-3470-bin.cgns","zzzz",1623118318584265128,1623118318862961062,8337,13269,39807
33,"cube-3470-bin.cgns","post",1623118318862971964,1623118318863006715
33,"cube-3447-asc","prep",1623118318863049474,1623118319000997915
33,"cube-3447-asc","zzzz",1623118319001004668,1623118344531828234,210439,294950,884850
33,"cube-3447-asc","post",1623118344531863817,1623118344551881106
33,"Proc","exit_task",1623113578265298075,1623118344592881753,3155756
