29,"build/tests/sizes/cube-1781-geo.geo_unrolled","scan",1623113597357148451,1623113597365620145
29,"build/tests/sizes/cube-1781-geo.geo_unrolled","chck",1623113597327010525,1623113597365756958
29,"build/tests/sizes/cube-3363-bin.msh4","scan",1623113597393718658,1623113597440376396
29,"build/tests/sizes/cube-3363-bin.msh4","chck",1623113597365758428,1623113597440382055
29,"build/tests/sizes/cube-1692-geo.geo_unrolled","scan",1623113597448255817,1623113597453601928
29,"build/tests/sizes/cube-1692-geo.geo_unrolled","chck",1623113597440383181,1623113597453607571
29,"build/tests/sizes/cube-3428-asc.bdf","scan",1623113597470158538,1623113603318125264
29,"build/tests/sizes/cube-3428-asc.bdf","chck",1623113597453608670,1623113603318148164
29,"build/tests/sizes/cube-3619-bin.msh4","scan",1623113603331821049,1623113603381931475
29,"build/tests/sizes/cube-3619-bin.msh4","chck",1623113603318149162,1623113603381936507
29,"build/tests/sizes/cube-3896-stl-bin.geo","scan",1623113603392884894,1623113603468708911
29,"build/tests/sizes/cube-3896-stl-bin.geo","chck",1623113603381937590,1623113603468716193
29,"build/tests/sizes/cube-2492-bin.msh2","scan",1623113603469811830,1623113603472091544
29,"build/tests/sizes/cube-2492-bin.msh2","chck",1623113603468717752,1623113603472096470
29,"build/tests/sizes/cube-3240-stl-bin.geo","scan",1623113603472642364,1623113603475712345
29,"build/tests/sizes/cube-3240-stl-bin.geo","chck",1623113603472097585,1623113603475717342
29,"build/tests/sizes/cube-2797-asc.bdf","scan",1623113603491439555,1623113603499787234
29,"build/tests/sizes/cube-2797-asc.bdf","chck",1623113603475718341,1623113603499792660
29,"build/tests/sizes/cube-1146-asc.mesh","scan",1623113603521059098,1623113603562206084
29,"build/tests/sizes/cube-1146-asc.mesh","chck",1623113603499793822,1623113603562212970
29,"build/tests/sizes/cube-1529-bin.msh2","scan",1623113603573043115,1623113603597491107
29,"build/tests/sizes/cube-1529-bin.msh2","chck",1623113603562214487,1623113603597497734
29,"build/tests/sizes/cube-3455-geo.geo","scan",1623113603611411275,1623113603612755369
29,"build/tests/sizes/cube-3455-geo.geo","chck",1623113603597499122,1623113603612761180
29,"build/tests/sizes/cube-3945-geo.geo_unrolled","scan",1623113603635224570,1623113603636397997
29,"build/tests/sizes/cube-3945-geo.geo_unrolled","chck",1623113603612762184,1623113603636403798
29,"build/tests/sizes/cube-3521-stl-bin.geo","scan",1623113603650563695,1623113603704712099
29,"build/tests/sizes/cube-3521-stl-bin.geo","chck",1623113603636405053,1623113603704719063
29,"build/tests/sizes/cube-3676-stl-bin.geo","scan",1623113603705381011,1623113603707982674
29,"build/tests/sizes/cube-3676-stl-bin.geo","chck",1623113603704720174,1623113603707987191
29,"build/tests/sizes/cube-3425-geo.geo","scan",1623113603716633664,1623113603717811293
29,"build/tests/sizes/cube-3425-geo.geo","chck",1623113603707988267,1623113603717816400
29,"build/tests/sizes/cube-3552-stl-bin.geo","scan",1623113603718850246,1623113603958993065
29,"build/tests/sizes/cube-3552-stl-bin.geo","chck",1623113603717817393,1623113603959014273
29,"build/tests/sizes/cube-3832-bin.vtk","scan",1623113603966663481,1623113603986799195
29,"build/tests/sizes/cube-3832-bin.vtk","chck",1623113603959015495,1623113603986805511
29,"build/tests/sizes/cube-1444-asc.mesh","scan",1623113603987887112,1623113605679206693
29,"build/tests/sizes/cube-1444-asc.mesh","chck",1623113603986806579,1623113605679212915
29,"build/tests/sizes/cube-2116-asc.msh2","scan",1623113605679884543,1623113611154246382
29,"build/tests/sizes/cube-2116-asc.msh2","chck",1623113605679213956,1623113611154271744
29,"build/tests/sizes/cube-543-bin.cgns","scan",1623113611159968620,1623113611182423902
29,"build/tests/sizes/cube-543-bin.cgns","chck",1623113611154273249,1623113611182431928
29,"build/tests/sizes/cube-1624-asc.mesh","scan",1623113611183820643,1623113611274152826
29,"build/tests/sizes/cube-1624-asc.mesh","chck",1623113611182433101,1623113611274160165
29,"build/tests/sizes/cube-2310-stl-bin.geo","scan",1623113611295742067,1623113611354829999
29,"build/tests/sizes/cube-2310-stl-bin.geo","chck",1623113611274161222,1623113611354836843
29,"build/tests/sizes/cube-305-bin.vtk","scan",1623113611371451766,1623113611381988562
29,"build/tests/sizes/cube-305-bin.vtk","chck",1623113611354852067,1623113611381995310
29,"build/tests/sizes/cube-3870-asc.mesh","scan",1623113611396218283,1623113611446188533
29,"build/tests/sizes/cube-3870-asc.mesh","chck",1623113611381996439,1623113611446195069
29,"build/tests/sizes/cube-1759-bin.cgns","scan",1623113611449545499,1623113611472373410
29,"build/tests/sizes/cube-1759-bin.cgns","chck",1623113611446196224,1623113611472379161
29,"build/tests/sizes/cube-1841-geo.geo_unrolled","scan",1623113611473614587,1623113611474782445
29,"build/tests/sizes/cube-1841-geo.geo_unrolled","chck",1623113611472380306,1623113611474787309
29,"build/tests/sizes/cube-373-bin.vtk","scan",1623113611490379758,1623113611519059344
29,"build/tests/sizes/cube-373-bin.vtk","chck",1623113611474788474,1623113611519065309
29,"build/tests/sizes/cube-630-asc.msh2","scan",1623113611526349272,1623113611607815272
29,"build/tests/sizes/cube-630-asc.msh2","chck",1623113611519066473,1623113611607822412
29,"build/tests/sizes/cube-3287-geo.geo","scan",1623113611608409467,1623113611609603197
29,"build/tests/sizes/cube-3287-geo.geo","chck",1623113611607823536,1623113611609607725
29,"build/tests/sizes/cube-3548-geo.geo_unrolled","scan",1623113611610124377,1623113611611071423
29,"build/tests/sizes/cube-3548-geo.geo_unrolled","chck",1623113611609608966,1623113611611075118
29,"build/tests/sizes/cube-1545-geo.geo","scan",1623113611619631209,1623113611621005098
29,"build/tests/sizes/cube-1545-geo.geo","chck",1623113611611076035,1623113611621017278
29,"build/tests/sizes/cube-2791-bin.cgns","scan",1623113611624279652,1623113611644697920
29,"build/tests/sizes/cube-2791-bin.cgns","chck",1623113611621018576,1623113611644704111
29,"build/tests/sizes/cube-125-asc.bdf","scan",1623113611666297970,1623113612888034512
29,"build/tests/sizes/cube-125-asc.bdf","chck",1623113611644705138,1623113612888040535
29,"build/tests/sizes/cube-2934-asc.bdf","scan",1623113612890704322,1623113613125799184
29,"build/tests/sizes/cube-2934-asc.bdf","chck",1623113612888041661,1623113613125804821
29,"build/tests/sizes/cube-1271-bin.msh4","scan",1623113613129563703,1623113613156727264
29,"build/tests/sizes/cube-1271-bin.msh4","chck",1623113613125805795,1623113613156733492
29,"build/tests/sizes/cube-1259-bin.msh4","scan",1623113613176966061,1623113613211891177
29,"build/tests/sizes/cube-1259-bin.msh4","chck",1623113613156734963,1623113613211897532
29,"build/tests/sizes/cube-3793-asc.bdf","scan",1623113613212554392,1623113613302046993
29,"build/tests/sizes/cube-3793-asc.bdf","chck",1623113613211898774,1623113613302053896
29,"build/tests/sizes/cube-3854-geo.geo","scan",1623113613303449517,1623113613307658786
29,"build/tests/sizes/cube-3854-geo.geo","chck",1623113613302055149,1623113613307663929
29,"build/tests/sizes/cube-758-asc.mesh","scan",1623113613320269111,1623113613343092813
29,"build/tests/sizes/cube-758-asc.mesh","chck",1623113613307664900,1623113613343098580
29,"build/tests/sizes/cube-975-asc.msh2","scan",1623113613352749946,1623113613675362163
29,"build/tests/sizes/cube-975-asc.msh2","chck",1623113613343100192,1623113613675368341
29,"build/tests/sizes/cube-519-bin.msh4","scan",1623113613692988284,1623113613720802710
29,"build/tests/sizes/cube-519-bin.msh4","chck",1623113613675369489,1623113613720808149
29,"build/tests/sizes/cube-2018-stl-bin.geo","scan",1623113613721397395,1623113613725770346
29,"build/tests/sizes/cube-2018-stl-bin.geo","chck",1623113613720809197,1623113613725774689
29,"build/tests/sizes/cube-2402-stl-bin.geo","scan",1623113613726696486,1623113614080155663
29,"build/tests/sizes/cube-2402-stl-bin.geo","chck",1623113613725775604,1623113614080162352
29,"build/tests/sizes/cube-3950-bin.vtk","scan",1623113614080807951,1623113617262510293
29,"build/tests/sizes/cube-3950-bin.vtk","chck",1623113614080163514,1623113617262518567
29,"build/tests/sizes/cube-1622-asc.msh2","scan",1623113617264379692,1623113617277360558
29,"build/tests/sizes/cube-1622-asc.msh2","chck",1623113617262519840,1623113617277367540
29,"build/tests/sizes/cube-1684-bin.cgns","scan",1623113617281350058,1623113617308241091
29,"build/tests/sizes/cube-1684-bin.cgns","chck",1623113617277594422,1623113617308247635
29,"build/tests/sizes/cube-238-asc.msh2","scan",1623113617312206584,1623113618767621332
29,"build/tests/sizes/cube-238-asc.msh2","chck",1623113617308248745,1623113618767628673
29,"build/tests/sizes/cube-2631-bin.vtk","scan",1623113618785118157,1623113618816618022
29,"build/tests/sizes/cube-2631-bin.vtk","chck",1623113618767629774,1623113618816624953
29,"build/tests/sizes/cube-1501-stl-bin.geo","scan",1623113618835677233,1623113618915006463
29,"build/tests/sizes/cube-1501-stl-bin.geo","chck",1623113618816626160,1623113618915013234
29,"build/tests/sizes/cube-3744-asc.bdf","scan",1623113618915699530,1623113619421811474
29,"build/tests/sizes/cube-3744-asc.bdf","chck",1623113618915014722,1623113619421818050
29,"build/tests/sizes/cube-1704-asc.bdf","scan",1623113619425169342,1623113619442911027
29,"build/tests/sizes/cube-1704-asc.bdf","chck",1623113619421819129,1623113619442917975
29,"build/tests/sizes/cube-3536-asc.mesh","scan",1623113619443452062,1623113619946659830
29,"build/tests/sizes/cube-3536-asc.mesh","chck",1623113619442919141,1623113619946665320
29,"build/tests/sizes/cube-768-bin.msh4","scan",1623113619959635895,1623113621570963968
29,"build/tests/sizes/cube-768-bin.msh4","chck",1623113619946666322,1623113621570970730
29,"build/tests/sizes/cube-2972-asc.bdf","scan",1623113621571754984,1623113630748228123
29,"build/tests/sizes/cube-2972-asc.bdf","chck",1623113621570971940,1623113630748234072
29,"build/tests/sizes/cube-3602-asc.bdf","scan",1623113630752097290,1623113630752936812
29,"build/tests/sizes/cube-3602-asc.bdf","chck",1623113630748235400,1623113630752942178
29,"build/tests/sizes/cube-404-asc.bdf","scan",1623113630778581233,1623113630778622649
29,"build/tests/sizes/cube-404-asc.bdf","chck",1623113630752943074,1623113630778628263
29,"build/tests/sizes/cube-2089-asc.bdf","scan",1623113630794144724,1623113630794188414
29,"build/tests/sizes/cube-2089-asc.bdf","chck",1623113630778629216,1623113630794195419
29,"build/tests/sizes/cube-3538-bin.msh4","scan",1623113630797194832,1623113630797232042
29,"build/tests/sizes/cube-3538-bin.msh4","chck",1623113630794196434,1623113630797236820
29,"build/tests/sizes/cube-3553-bin.msh4","scan",1623113630800336339,1623113630800369191
29,"build/tests/sizes/cube-3553-bin.msh4","chck",1623113630797237820,1623113630800372781
29,"build/tests/sizes/cube-3933-asc.mesh","scan",1623113630803089182,1623113630803121045
29,"build/tests/sizes/cube-3933-asc.mesh","chck",1623113630800373599,1623113630803124664
29,"build/tests/sizes/cube-2371-asc.bdf","scan",1623113630805600187,1623113630805631117
29,"build/tests/sizes/cube-2371-asc.bdf","chck",1623113630803125496,1623113630805634814
29,"build/tests/sizes/cube-1788-bin.vtk","scan",1623113630808815066,1623113630808850306
29,"build/tests/sizes/cube-1788-bin.vtk","chck",1623113630805635696,1623113630808854185
29,"build/tests/sizes/cube-3678-stl-bin.geo","scan",1623113630811500320,1623113630811529624
29,"build/tests/sizes/cube-3678-stl-bin.geo","chck",1623113630808855052,1623113630811533114
29,"build/tests/sizes/cube-937-geo.geo","scan",1623113630835704010,1623113630835739051
29,"build/tests/sizes/cube-937-geo.geo","chck",1623113630811533954,1623113630835743821
29,"build/tests/sizes/cube-3749-geo.geo","scan",1623113630838526684,1623113630838557386
29,"build/tests/sizes/cube-3749-geo.geo","chck",1623113630835744754,1623113630838560824
29,"build/tests/sizes/cube-3609-asc.msh2","scan",1623113630841160035,1623113630841191245
29,"build/tests/sizes/cube-3609-asc.msh2","chck",1623113630838561678,1623113630841194483
29,"build/tests/sizes/cube-3294-bin.cgns","scan",1623113630923104558,1623113630964814972
29,"build/tests/sizes/cube-3294-bin.cgns","chck",1623113630841195419,1623113630964821709
29,"build/tests/sizes/cube-1659-geo.geo_unrolled","scan",1623113630966324115,1623113630966356292
29,"build/tests/sizes/cube-1659-geo.geo_unrolled","chck",1623113630964822854,1623113630966360223
29,"build/tests/sizes/cube-3540-asc.bdf","scan",1623113630966913745,1623113630966931412
29,"build/tests/sizes/cube-3540-asc.bdf","chck",1623113630966361152,1623113630966933954
29,"build/tests/sizes/cube-513-stl-bin.geo","scan",1623113630985537534,1623113630985557329
29,"build/tests/sizes/cube-513-stl-bin.geo","chck",1623113630966934719,1623113630985561199
29,"build/tests/sizes/cube-3813-stl-bin.geo","scan",1623113630986091389,1623113630986106079
29,"build/tests/sizes/cube-3813-stl-bin.geo","chck",1623113630985561979,1623113630986108472
29,"build/tests/sizes/cube-617-bin.msh2","scan",1623113631003090691,1623113631003117273
29,"build/tests/sizes/cube-617-bin.msh2","chck",1623113630986109160,1623113631003121522
29,"build/tests/sizes/cube-2147-bin.msh4","scan",1623113631024037236,1623113631024063677
29,"build/tests/sizes/cube-2147-bin.msh4","chck",1623113631003122730,1623113631024067623
29,"build/tests/sizes/cube-66-geo.geo","scan",1623113631025518507,1623113631025533318
29,"build/tests/sizes/cube-66-geo.geo","chck",1623113631024068815,1623113631025535416
29,"build/tests/sizes/cube-2533-stl-bin.geo","scan",1623113631026048167,1623113631026062254
29,"build/tests/sizes/cube-2533-stl-bin.geo","chck",1623113631025536121,1623113631026064371
29,"build/tests/sizes/cube-132-bin.cgns","scan",1623113631046562511,1623113631199256059
29,"build/tests/sizes/cube-132-bin.cgns","chck",1623113631026065060,1623113631199262453
29,"build/tests/sizes/cube-2246-stl-bin.geo","scan",1623113631200096953,1623113631200124911
29,"build/tests/sizes/cube-2246-stl-bin.geo","chck",1623113631199263628,1623113631200127955
29,"build/tests/sizes/cube-3444-bin.cgns","scan",1623113631203328137,1623113631222962361
29,"build/tests/sizes/cube-3444-bin.cgns","chck",1623113631200128927,1623113631222967446
29,"build/tests/sizes/cube-59-geo.geo","scan",1623113631236748232,1623113631236781351
29,"build/tests/sizes/cube-59-geo.geo","chck",1623113631222968701,1623113631236785946
29,"build/tests/sizes/cube-3851-asc.bdf","scan",1623113631237311915,1623113631237329529
29,"build/tests/sizes/cube-3851-asc.bdf","chck",1623113631236786925,1623113631237331999
29,"build/tests/sizes/cube-3265-bin.vtk","scan",1623113631237848823,1623113631237864655
29,"build/tests/sizes/cube-3265-bin.vtk","chck",1623113631237332805,1623113631237866671
29,"build/tests/sizes/cube-413-stl-bin.geo","scan",1623113631238755035,1623113631238769870
29,"build/tests/sizes/cube-413-stl-bin.geo","chck",1623113631237867398,1623113631238771977
29,"build/tests/sizes/cube-2105-asc.msh2","scan",1623113631239244830,1623113631239262428
29,"build/tests/sizes/cube-2105-asc.msh2","chck",1623113631238772787,1623113631239264838
29,"build/tests/sizes/cube-2897-asc.mesh","scan",1623113631239727166,1623113631239741725
29,"build/tests/sizes/cube-2897-asc.mesh","chck",1623113631239265591,1623113631239743775
29,"build/tests/sizes/cube-2473-geo.geo","scan",1623113631240242327,1623113631240256725
29,"build/tests/sizes/cube-2473-geo.geo","chck",1623113631239744475,1623113631240258714
29,"build/tests/sizes/cube-550-bin.msh2","scan",1623113631241255789,1623113631241272913
29,"build/tests/sizes/cube-550-bin.msh2","chck",1623113631240259452,1623113631241275492
29,"build/tests/sizes/cube-2041-asc.msh2","scan",1623113631258170312,1623113631258197483
29,"build/tests/sizes/cube-2041-asc.msh2","chck",1623113631241276273,1623113631258201889
29,"build/tests/sizes/cube-3784-asc.bdf","scan",1623113631258710155,1623113631258726066
29,"build/tests/sizes/cube-3784-asc.bdf","chck",1623113631258202721,1623113631258728396
29,"build/tests/sizes/cube-3985-bin.msh4","scan",1623113631275771512,1623113631275793973
29,"build/tests/sizes/cube-3985-bin.msh4","chck",1623113631258729062,1623113631275797940
29,"build/tests/sizes/cube-3966-stl-bin.geo","scan",1623113631276304369,1623113631276319389
29,"build/tests/sizes/cube-3966-stl-bin.geo","chck",1623113631275798757,1623113631276321587
29,"build/tests/sizes/cube-594-bin.vtk","scan",1623113631293696666,1623113631293720894
29,"build/tests/sizes/cube-594-bin.vtk","chck",1623113631276322341,1623113631293724559
29,"build/tests/sizes/cube-664-geo.geo","scan",1623113631294867983,1623113631294883200
29,"build/tests/sizes/cube-664-geo.geo","chck",1623113631293866459,1623113631294885384
29,"build/tests/sizes/cube-100-asc.msh2","scan",1623113631314917327,1623113631314940809
29,"build/tests/sizes/cube-100-asc.msh2","chck",1623113631294886072,1623113631314943687
29,"build/tests/sizes/cube-1617-geo.geo_unrolled","scan",1623113631332381737,1623113631332404097
29,"build/tests/sizes/cube-1617-geo.geo_unrolled","chck",1623113631314944405,1623113631332407871
29,"build/tests/sizes/cube-1639-asc.msh2","scan",1623113631349980267,1623113631350005009
29,"build/tests/sizes/cube-1639-asc.msh2","chck",1623113631332408810,1623113631350008432
29,"build/tests/sizes/cube-2917-bin.vtk","scan",1623113631350517063,1623113631350535070
29,"build/tests/sizes/cube-2917-bin.vtk","chck",1623113631350009243,1623113631350537446
29,"build/tests/sizes/cube-3554-bin.cgns","scan",1623113631365818025,1623113631401348774
29,"build/tests/sizes/cube-3554-bin.cgns","chck",1623113631350538211,1623113631401354267
29,"build/tests/sizes/cube-3085-asc.msh2","scan",1623113631421604177,1623113631421642732
29,"build/tests/sizes/cube-3085-asc.msh2","chck",1623113631401355367,1623113631421648677
29,"build/tests/sizes/cube-2304-bin.cgns","scan",1623113631425021579,1623113631444560568
29,"build/tests/sizes/cube-2304-bin.cgns","chck",1623113631421649721,1623113631444565434
29,"build/tests/sizes/cube-976-bin.cgns","scan",1623113631466142113,1623113631544657504
29,"build/tests/sizes/cube-976-bin.cgns","chck",1623113631444566536,1623113631544665170
29,"build/tests/sizes/cube-1883-asc.bdf","scan",1623113631545438086,1623113631545472889
29,"build/tests/sizes/cube-1883-asc.bdf","chck",1623113631544666334,1623113631545477011
29,"build/tests/sizes/cube-129-bin.msh4","scan",1623113631546741276,1623113631546761764
29,"build/tests/sizes/cube-129-bin.msh4","chck",1623113631545477995,1623113631546764940
29,"build/tests/sizes/cube-2546-asc.bdf","scan",1623113631562396125,1623113631562438607
29,"build/tests/sizes/cube-2546-asc.bdf","chck",1623113631546765824,1623113631562443968
29,"build/tests/sizes/cube-2866-bin.vtk","scan",1623113631563018211,1623113631563035060
29,"build/tests/sizes/cube-2866-bin.vtk","chck",1623113631562444998,1623113631563037451
29,"build/tests/sizes/cube-574-bin.msh4","scan",1623113631577555703,1623113631577582254
29,"build/tests/sizes/cube-574-bin.msh4","chck",1623113631563038265,1623113631577586484
29,"build/tests/sizes/cube-2383-bin.cgns","scan",1623113631604515152,1623113631808545469
29,"build/tests/sizes/cube-2383-bin.cgns","chck",1623113631577587375,1623113631808552737
29,"build/tests/sizes/cube-2853-bin.vtk","scan",1623113631809791893,1623113631809825294
29,"build/tests/sizes/cube-2853-bin.vtk","chck",1623113631808553874,1623113631809828770
29,"build/tests/sizes/cube-868-bin.msh4","scan",1623113631829123165,1623113631829163468
29,"build/tests/sizes/cube-868-bin.msh4","chck",1623113631809830079,1623113631829170245
29,"build/tests/sizes/cube-3863-geo.geo","scan",1623113631842721976,1623113631842743941
29,"build/tests/sizes/cube-3863-geo.geo","chck",1623113631829171316,1623113631842747430
29,"build/tests/sizes/cube-499-bin.msh4","scan",1623113631844155570,1623113631844175961
29,"build/tests/sizes/cube-499-bin.msh4","chck",1623113631842748642,1623113631844178677
29,"build/tests/sizes/cube-2393-bin.vtk","scan",1623113631844665522,1623113631844684494
29,"build/tests/sizes/cube-2393-bin.vtk","chck",1623113631844179684,1623113631844686840
29,"build/tests/sizes/cube-926-bin.cgns","scan",1623113631869959435,1623113631982613509
29,"build/tests/sizes/cube-926-bin.cgns","chck",1623113631844687597,1623113631982620213
29,"build/tests/sizes/cube-270-bin.msh2","scan",1623113631983803091,1623113631983835836
29,"build/tests/sizes/cube-270-bin.msh2","chck",1623113631982621881,1623113631983844622
29,"cube-2934-asc","prep",1623113631984760561,1623113632007821060
29,"cube-2934-asc","zzzz",1623113632007835622,1623113633148303236,23720,35298,105894
29,"cube-2934-asc","post",1623113633148314010,1623113633163234070
29,"cube-1444-asc","prep",1623113633163285039,1623113633174018735
29,"cube-1444-asc","zzzz",1623113633174022010,1623113715731513532,33856,647041,1941123
29,"cube-1444-asc","post",1623113715731535459,1623113715799611756
29,"cube-125-asc","prep",1623113715799647787,1623113715907253962
29,"cube-125-asc","zzzz",1623113715907257818,1623113729490736967,135938,192521,577563
29,"cube-125-asc","post",1623113729490750825,1623113729548972083
29,"cube-3552-stl-bin","mesh",1623113729549020897,1623113729552991728
29,"cube-3552-stl-bin","prep",1623113729574037509,1623113729574048459
29,"cube-3552-stl-bin","zzzz",1623113729574050968,1623113735302790262,0,106908,320724
29,"cube-3552-stl-bin","post",1623113735302801225,1623113735307582893
29,"cube-3832-bin","prep",1623113735307598212,1623113735308642619
29,"cube-3832-bin","zzzz",1623113735308644849,1623113735333817909,1330,2405,7215
29,"cube-3832-bin","post",1623113735333828323,1623113735334391816
29,"cube-2631-bin","prep",1623113735334406463,1623113735336407032
29,"cube-2631-bin","zzzz",1623113735336409285,1623113735416602243,3357,5550,16650
29,"cube-2631-bin","post",1623113735416612771,1623113735417653813
29,"cube-3945-geo","mesh",1623113735417670120,1623113735417861461
29,"cube-3945-geo","prep",1623113735418357762,1623113735418358511
29,"cube-3945-geo","zzzz",1623113735418359572,1623113735418415116,0,0,0
29,"cube-3945-geo","post",1623113735418416171,1623113735418492903
29,"cube-3676-stl-bin","mesh",1623113735418498555,1623113735418544632
29,"cube-3676-stl-bin","prep",1623113735418983296,1623113735419001647
29,"cube-3676-stl-bin","zzzz",1623113735419002641,1623113735424326507,0,740,2220
29,"cube-3676-stl-bin","post",1623113735424336972,1623113735424441860
29,"cube-1704-asc","prep",1623113735424470948,1623113735424833502
29,"cube-1704-asc","zzzz",1623113735424834741,1623113735429971525,345,722,2166
29,"cube-1704-asc","post",1623113735429987130,1623113735430094990
29,"cube-2310-stl-bin","mesh",1623113735430107311,1623113735431205811
29,"cube-2310-stl-bin","prep",1623113735431680790,1623113735431733905
29,"cube-2310-stl-bin","zzzz",1623113735431735106,1623113736096903285,0,24292,72876
29,"cube-2310-stl-bin","post",1623113736096913717,1623113736100131461
29,"cube-2402-stl-bin","mesh",1623113736100143753,1623113736105074805
29,"cube-2402-stl-bin","prep",1623113736106229973,1623113736106260941
29,"cube-2402-stl-bin","zzzz",1623113736106262698,1623113742074701988,0,109988,329964
29,"cube-2402-stl-bin","post",1623113742074712582,1623113742088414127
29,"cube-1781-geo","mesh",1623113742088428327,1623113742090880093
29,"cube-1781-geo","prep",1623113742091384185,1623113742091385062
29,"cube-1781-geo","zzzz",1623113742091386255,1623113742091442277,0,0,0
29,"cube-1781-geo","post",1623113742091443338,1623113742091486442
29,"cube-3548-geo","mesh",1623113742091492186,1623113742091522574
29,"cube-3548-geo","prep",1623113742091957792,1623113742091958185
29,"cube-3548-geo","zzzz",1623113742091959120,1623113742092012890,0,0,0
29,"cube-3548-geo","post",1623113742092013801,1623113742092061284
29,"cube-1545-geo","mesh",1623113742092065657,1623113742092098925
29,"cube-1545-geo","prep",1623113742092524580,1623113742092524866
29,"cube-1545-geo","zzzz",1623113742092525722,1623113742092579543,0,0,0
29,"cube-1545-geo","post",1623113742092580445,1623113742092643879
29,"cube-2304-bin.cgns","prep",1623113742092647969,1623113742095309462
29,"cube-2304-bin.cgns","zzzz",1623113742095312469,1623113743456903925,26701,39855,119565
29,"cube-2304-bin.cgns","post",1623113743456914420,1623113743457011141
29,"cube-1624-asc","prep",1623113743457059067,1623113743458098982
29,"cube-1624-asc","zzzz",1623113743458100593,1623113744577301177,4390,34832,104496
29,"cube-1624-asc","post",1623113744577311866,1623113744585442441
29,"cube-975-asc","prep",1623113744585470956,1623113744612186364
29,"cube-975-asc","zzzz",1623113744612190397,1623113746552667925,34355,50864,152592
29,"cube-975-asc","post",1623113746552678602,1623113746569142179
29,"cube-1622-asc","prep",1623113746569646685,1623113746575838356
29,"cube-1622-asc","zzzz",1623113746576165977,1623113746600853001,1312,2369,7107
29,"cube-1622-asc","post",1623113746600863501,1623113746601275324
29,"cube-132-bin.cgns","prep",1623113746601335631,1623113746797058162
29,"cube-132-bin.cgns","zzzz",1623113746797065637,1623113805626694218,371165,516316,1548948
29,"cube-132-bin.cgns","post",1623113805626708784,1623113805626777336
29,"cube-519-bin","prep",1623113805626866146,1623113805629318368
29,"cube-519-bin","zzzz",1623113805629320789,1623113805705629720,3215,5360,16080
29,"cube-519-bin","post",1623113805705640172,1623113805707041396
29,"cube-3950-bin","prep",1623113805707110424,1623113807029656462
29,"cube-3950-bin","zzzz",1623113807029664375,1623114319934206271,1804839,2451915,7355745
29,"cube-3950-bin","post",1623114319934220471,1623114320096798839
29,"cube-2018-stl-bin","mesh",1623114320097546712,1623114320097672532
29,"cube-2018-stl-bin","prep",1623114320099503779,1623114320099522512
29,"cube-2018-stl-bin","zzzz",1623114320099524813,1623114320117833195,0,1892,5676
29,"cube-2018-stl-bin","post",1623114320117858762,1623114320118296665
29,"cube-758-asc","prep",1623114320118328003,1623114320118655250
29,"cube-758-asc","zzzz",1623114320118656433,1623114320134179689,412,1670,5010
29,"cube-758-asc","post",1623114320134189903,1623114320134876302
29,"cube-976-bin.cgns","prep",1623114320134889285,1623114320151011622
29,"cube-976-bin.cgns","zzzz",1623114320151014819,1623114320270523877,4498,7340,22020
29,"cube-976-bin.cgns","post",1623114320270534227,1623114320270590405
29,"cube-3444-bin.cgns","prep",1623114320270636798,1623114320302772070
29,"cube-3444-bin.cgns","zzzz",1623114320302778723,1623114361683211398,291545,408057,1224171
29,"cube-3444-bin.cgns","post",1623114361683226373,1623114361683292547
29,"cube-3536-asc","prep",1623114361683358377,1623114361687260000
29,"cube-3536-asc","zzzz",1623114361687262851,1623114377606608870,15134,214384,643152
29,"cube-3536-asc","post",1623114377606623334,1623114377634137335
29,"cube-926-bin.cgns","prep",1623114377634170818,1623114377658129117
29,"cube-926-bin.cgns","zzzz",1623114377658134213,1623114378277516878,15083,23103,69309
29,"cube-926-bin.cgns","post",1623114378277527323,1623114378277589632
29,"cube-3521-stl-bin","mesh",1623114378277641482,1623114378278324058
29,"cube-3521-stl-bin","prep",1623114378278924227,1623114378278932455
29,"cube-3521-stl-bin","zzzz",1623114378278933608,1623114378504376587,0,11436,34308
29,"cube-3521-stl-bin","post",1623114378504386791,1623114378504850119
29,"cube-3554-bin.cgns","prep",1623114378504861207,1623114378518834445
29,"cube-3554-bin.cgns","zzzz",1623114378518844635,1623114378523923292,339,714,2142
29,"cube-3554-bin.cgns","post",1623114378523933521,1623114378523980107
29,"cube-543-bin.cgns","prep",1623114378523997872,1623114378777334919
29,"cube-543-bin.cgns","zzzz",1623114378777342866,1623114469566436919,498790,689234,2067702
29,"cube-543-bin.cgns","post",1623114469566444754,1623114469566480426
29,"cube-238-asc","prep",1623114469566515269,1623114469701350864
29,"cube-238-asc","zzzz",1623114469701354875,1623114493968433159,202769,285044,855132
29,"cube-238-asc","post",1623114493968446987,1623114493990040942
29,"cube-1146-asc","prep",1623114493990081447,1623114493992346012
29,"cube-1146-asc","zzzz",1623114493992347827,1623114494114539651,1368,7455,22365
29,"cube-1146-asc","post",1623114494114550152,1623114494116383107
29,"cube-373-bin","prep",1623114494116398213,1623114494122330998
29,"cube-373-bin","zzzz",1623114494122333234,1623114494224681755,3997,6585,19755
29,"cube-373-bin","post",1623114494224692176,1623114494226024984
29,"cube-1759-bin.cgns","prep",1623114494226044346,1623114494341574285
29,"cube-1759-bin.cgns","zzzz",1623114494341583600,1623114584380819657,495884,685460,2056380
29,"cube-1759-bin.cgns","post",1623114584380834729,1623114584380916975
29,"cube-1271-bin","prep",1623114584380978227,1623114584382709263
29,"cube-1271-bin","zzzz",1623114584382712296,1623114584434080824,2362,4059,12177
29,"cube-1271-bin","post",1623114584434091339,1623114584435296363
29,"cube-1259-bin","prep",1623114584435313600,1623114584440691549
29,"cube-1259-bin","zzzz",1623114584440693852,1623114584674037884,7388,11714,35142
29,"cube-1259-bin","post",1623114584674048252,1623114584677272836
29,"cube-1841-geo","mesh",1623114584677291820,1623114584678631380
29,"cube-1841-geo","prep",1623114584679223485,1623114584679224388
29,"cube-1841-geo","zzzz",1623114584679225614,1623114584679281207,0,0,0
29,"cube-1841-geo","post",1623114584679282352,1623114584679335404
29,"cube-2791-bin.cgns","prep",1623114584679341411,1623114584679827084
29,"cube-2791-bin.cgns","zzzz",1623114584679829417,1623114584703538639,1256,2299,6897
29,"cube-2791-bin.cgns","post",1623114584703548815,1623114584703596913
29,"cube-3455-geo","mesh",1623114584703644320,1623114584703772683
29,"cube-3455-geo","prep",1623114584704342686,1623114584704343494
29,"cube-3455-geo","zzzz",1623114584704344826,1623114584704400183,0,0,0
29,"cube-3455-geo","post",1623114584704401395,1623114584704478298
29,"cube-3619-bin","prep",1623114584704484537,1623114584704632516
29,"cube-3619-bin","zzzz",1623114584704633375,1623114584706870283,172,377,1131
29,"cube-3619-bin","post",1623114584706880614,1623114584707015475
29,"cube-2383-bin.cgns","prep",1623114584707028182,1623114584910302481
29,"cube-2383-bin.cgns","zzzz",1623114584910310542,1623114621090384707,266169,372899,1118697
29,"cube-2383-bin.cgns","post",1623114621090398791,1623114621090461440
29,"cube-3287-geo","mesh",1623114621090522887,1623114621090641896
29,"cube-3287-geo","prep",1623114621091262126,1623114621091263343
29,"cube-3287-geo","zzzz",1623114621091264977,1623114621091320922,0,0,0
29,"cube-3287-geo","post",1623114621091322186,1623114621091425592
29,"cube-3294-bin.cgns","prep",1623114621091433257,1623114621091974368
29,"cube-3294-bin.cgns","zzzz",1623114621091977380,1623114621120564096,1468,2647,7941
29,"cube-3294-bin.cgns","post",1623114621120574336,1623114621120616667
29,"cube-630-asc","prep",1623114621120662063,1623114621126033912
29,"cube-630-asc","zzzz",1623114621126036260,1623114621386671992,7980,12653,37959
29,"cube-630-asc","post",1623114621386682252,1623114621388497962
29,"cube-305-bin","prep",1623114621388550153,1623114621389281159
29,"cube-305-bin","zzzz",1623114621389282908,1623114621392931346,262,553,1659
29,"cube-305-bin","post",1623114621392941657,1623114621393075706
29,"cube-3870-asc","prep",1623114621393108979,1623114621393646148
29,"cube-3870-asc","zzzz",1623114621393647677,1623114621511274559,1358,7259,21777
29,"cube-3870-asc","post",1623114621511284833,1623114621512735735
29,"cube-2797-asc","prep",1623114621512749698,1623114621513211701
29,"cube-2797-asc","zzzz",1623114621513213333,1623114621515009296,137,316,948
29,"cube-2797-asc","post",1623114621515019539,1623114621515156301
29,"cube-1692-geo","mesh",1623114621515190587,1623114621515317950
29,"cube-1692-geo","prep",1623114621516167773,1623114621516168539
29,"cube-1692-geo","zzzz",1623114621516169679,1623114621516224759,0,0,0
29,"cube-1692-geo","post",1623114621516225827,1623114621516285550
29,"cube-1529-bin","prep",1623114621516291386,1623114621517463180
29,"cube-1529-bin","zzzz",1623114621517464990,1623114621569806882,2368,4113,12339
29,"cube-1529-bin","post",1623114621569817253,1623114621570543503
29,"cube-2116-asc","prep",1623114621570639836,1623114622170605063
29,"cube-2116-asc","zzzz",1623114622170611056,1623114813779048302,855560,1171614,3514842
29,"cube-2116-asc","post",1623114813779061674,1623114813890343672
29,"cube-3854-geo","mesh",1623114813890376730,1623114813895593118
29,"cube-3854-geo","prep",1623114813896195329,1623114813896196655
29,"cube-3854-geo","zzzz",1623114813896198539,1623114813896254967,0,0,0
29,"cube-3854-geo","post",1623114813896256417,1623114813896358101
29,"cube-3425-geo","mesh",1623114813896364940,1623114813896606139
29,"cube-3425-geo","prep",1623114813897118911,1623114813897119698
29,"cube-3425-geo","zzzz",1623114813897120695,1623114813897175496,0,0,0
29,"cube-3425-geo","post",1623114813897176700,1623114813897247531
29,"cube-1501-stl-bin","mesh",1623114813897253199,1623114813898018331
29,"cube-1501-stl-bin","prep",1623114813899355152,1623114813899481223
29,"cube-1501-stl-bin","zzzz",1623114813899483024,1623114814358392298,0,18756,56268
29,"cube-1501-stl-bin","post",1623114814358403498,1623114814360029185
29,"cube-2492-bin","prep",1623114814360055049,1623114814360335217
29,"cube-2492-bin","zzzz",1623114814360336344,1623114814364238605,281,584,1752
29,"cube-2492-bin","post",1623114814364254518,1623114814364361746
29,"cube-3744-asc","prep",1623114814364374801,1623114814407820661
29,"cube-3744-asc","zzzz",1623114814407824713,1623114819028484229,63701,92363,277089
29,"cube-3744-asc","post",1623114819028498566,1623114819036508311
29,"cube-768-bin","prep",1623114819036536965,1623114820374249543
29,"cube-768-bin","zzzz",1623114820374257368,1623115370171219357,1905872,2583037,7749111
29,"cube-768-bin","post",1623115370171233229,1623115370333421630
29,"cube-1684-bin.cgns","prep",1623115370333457885,1623115370516636465
29,"cube-1684-bin.cgns","zzzz",1623115370516645573,1623115553512165060,826828,1131891,3395673
29,"cube-1684-bin.cgns","post",1623115553512180978,1623115553512239464
29,"cube-3793-asc","prep",1623115553512308762,1623115553519507651
29,"cube-3793-asc","zzzz",1623115553519510268,1623115553876356936,9987,15747,47241
29,"cube-3793-asc","post",1623115553876367551,1623115553880793947
29,"cube-2972-asc","prep",1623115553880813690,1623115553880815144
29,"cube-2972-asc","zzzz",1623115553880815896,1623115553880873615,0,0,0
29,"cube-2972-asc","post",1623115553880875021,1623115553880887598
29,"cube-3240-stl-bin","mesh",1623115553880892127,1623115553880977775
29,"cube-3240-stl-bin","prep",1623115553881584875,1623115553882147634
29,"cube-3240-stl-bin","zzzz",1623115553882149374,1623115553892402484,0,1220,3660
29,"cube-3240-stl-bin","post",1623115553892412679,1623115553892567050
29,"cube-3896-stl-bin","mesh",1623115553892598596,1623115553893769578
29,"cube-3896-stl-bin","prep",1623115553894332420,1623115553894373642
29,"cube-3896-stl-bin","zzzz",1623115553894374887,1623115554712723261,0,28044,84132
29,"cube-3896-stl-bin","post",1623115554712733763,1623115554713932042
29,"cube-3428-asc","prep",1623115554713944378,1623115555203437162
29,"cube-3428-asc","zzzz",1623115555203444127,1623115698208166126,685489,940761,2822283
29,"cube-3428-asc","post",1623115698208176296,1623115698288760351
29,"cube-3363-bin","prep",1623115698288797465,1623115698292394106
29,"cube-3363-bin","zzzz",1623115698292398581,1623115698437101744,5205,8391,25173
29,"cube-3363-bin","post",1623115698437110624,1623115698437730135
29,"Proc","exit_task",1623113578265279977,1623115698453871321,2458160
