24,"build/tests/sizes/cube-2321-stl-bin.geo","scan",1623113596894411570,1623113596921897244
24,"build/tests/sizes/cube-2321-stl-bin.geo","chck",1623113596888570663,1623113596922008144
24,"build/tests/sizes/cube-3055-bin.cgns","scan",1623113596932387667,1623113596950234724
24,"build/tests/sizes/cube-3055-bin.cgns","chck",1623113596922009792,1623113596950240467
24,"build/tests/sizes/cube-2843-geo.geo_unrolled","scan",1623113596957599430,1623113596965016812
24,"build/tests/sizes/cube-2843-geo.geo_unrolled","chck",1623113596950241929,1623113596965022234
24,"build/tests/sizes/cube-141-geo.geo","scan",1623113596985632786,1623113596992220579
24,"build/tests/sizes/cube-141-geo.geo","chck",1623113596965023230,1623113596992226784
24,"build/tests/sizes/cube-277-bin.cgns","scan",1623113597001697793,1623113597026405962
24,"build/tests/sizes/cube-277-bin.cgns","chck",1623113596992227859,1623113597026410858
24,"build/tests/sizes/cube-2044-stl-bin.geo","scan",1623113597035089534,1623113597237111552
24,"build/tests/sizes/cube-2044-stl-bin.geo","chck",1623113597026411873,1623113597237117408
24,"build/tests/sizes/cube-1799-asc.msh2","scan",1623113597247191975,1623113599942386537
24,"build/tests/sizes/cube-1799-asc.msh2","chck",1623113597237118556,1623113599942410780
24,"build/tests/sizes/cube-805-bin.vtk","scan",1623113599945000759,1623113599949116905
24,"build/tests/sizes/cube-805-bin.vtk","chck",1623113599942411995,1623113599949122711
24,"build/tests/sizes/cube-1302-asc.mesh","scan",1623113599965466923,1623113600019095358
24,"build/tests/sizes/cube-1302-asc.mesh","chck",1623113599949124170,1623113600019101308
24,"build/tests/sizes/cube-3169-bin.cgns","scan",1623113600030462257,1623113600118017513
24,"build/tests/sizes/cube-3169-bin.cgns","chck",1623113600019102434,1623113600118023120
24,"build/tests/sizes/cube-329-asc.bdf","scan",1623113600132161979,1623113608044820869
24,"build/tests/sizes/cube-329-asc.bdf","chck",1623113600118024146,1623113608044850209
24,"build/tests/sizes/cube-2660-asc.msh2","scan",1623113608045543465,1623113608173349648
24,"build/tests/sizes/cube-2660-asc.msh2","chck",1623113608044851365,1623113608173366184
24,"build/tests/sizes/cube-1726-asc.msh2","scan",1623113608190885769,1623113608232029627
24,"build/tests/sizes/cube-1726-asc.msh2","chck",1623113608173367550,1623113608232034981
24,"build/tests/sizes/cube-3658-bin.msh2","scan",1623113608232603800,1623113608421716955
24,"build/tests/sizes/cube-3658-bin.msh2","chck",1623113608232036131,1623113608421723773
24,"build/tests/sizes/cube-1239-asc.bdf","scan",1623113608436334833,1623113608559015559
24,"build/tests/sizes/cube-1239-asc.bdf","chck",1623113608421725205,1623113608559021956
24,"build/tests/sizes/cube-3186-geo.geo_unrolled","scan",1623113608559680524,1623113608562767118
24,"build/tests/sizes/cube-3186-geo.geo_unrolled","chck",1623113608559022996,1623113608562776010
24,"build/tests/sizes/cube-3843-bin.msh4","scan",1623113608581475540,1623113608617983562
24,"build/tests/sizes/cube-3843-bin.msh4","chck",1623113608562777067,1623113608617988511
24,"build/tests/sizes/cube-340-bin.msh2","scan",1623113608633256744,1623113608659016485
24,"build/tests/sizes/cube-340-bin.msh2","chck",1623113608617989584,1623113608659021747
24,"build/tests/sizes/cube-3702-bin.cgns","scan",1623113608663300289,1623113608691936506
24,"build/tests/sizes/cube-3702-bin.cgns","chck",1623113608659022749,1623113608691943556
24,"build/tests/sizes/cube-888-bin.cgns","scan",1623113608715408482,1623113608755221883
24,"build/tests/sizes/cube-888-bin.cgns","chck",1623113608691944812,1623113608755229406
24,"build/tests/sizes/cube-3202-asc.msh2","scan",1623113608755990781,1623113613799864970
24,"build/tests/sizes/cube-3202-asc.msh2","chck",1623113608755230519,1623113613799889112
24,"build/tests/sizes/cube-1236-asc.bdf","scan",1623113613801164267,1623113621262980913
24,"build/tests/sizes/cube-1236-asc.bdf","chck",1623113613799890291,1623113621262986453
24,"build/tests/sizes/cube-3681-bin.vtk","scan",1623113621280780087,1623113621526741077
24,"build/tests/sizes/cube-3681-bin.vtk","chck",1623113621262987852,1623113621526748322
24,"build/tests/sizes/cube-797-stl-bin.geo","scan",1623113621534773568,1623113621740284555
24,"build/tests/sizes/cube-797-stl-bin.geo","chck",1623113621526753511,1623113621740291152
24,"build/tests/sizes/cube-1982-bin.msh2","scan",1623113621778441852,1623113621787035520
24,"build/tests/sizes/cube-1982-bin.msh2","chck",1623113621740292256,1623113621787041651
24,"build/tests/sizes/cube-3481-asc.bdf","scan",1623113621796661134,1623113622219030612
24,"build/tests/sizes/cube-3481-asc.bdf","chck",1623113621787042900,1623113622219035864
24,"build/tests/sizes/cube-2617-geo.geo_unrolled","scan",1623113622219618510,1623113622229848690
24,"build/tests/sizes/cube-2617-geo.geo_unrolled","chck",1623113622219036956,1623113622229853934
24,"build/tests/sizes/cube-3655-asc.bdf","scan",1623113622230414700,1623113622247016942
24,"build/tests/sizes/cube-3655-asc.bdf","chck",1623113622229855067,1623113622247023657
24,"build/tests/sizes/cube-2024-asc.mesh","scan",1623113622247906965,1623113622959729485
24,"build/tests/sizes/cube-2024-asc.mesh","chck",1623113622247025071,1623113622959736395
24,"build/tests/sizes/cube-3361-geo.geo","scan",1623113622970774133,1623113622972355055
24,"build/tests/sizes/cube-3361-geo.geo","chck",1623113622959737960,1623113622972360874
24,"build/tests/sizes/cube-117-asc.bdf","scan",1623113622980755800,1623113624061550566
24,"build/tests/sizes/cube-117-asc.bdf","chck",1623113622972362061,1623113624061556909
24,"build/tests/sizes/cube-1835-asc.mesh","scan",1623113624076057231,1623113624317193957
24,"build/tests/sizes/cube-1835-asc.mesh","chck",1623113624061558189,1623113624317207481
24,"build/tests/sizes/cube-452-stl-bin.geo","scan",1623113624326318960,1623113624358016438
24,"build/tests/sizes/cube-452-stl-bin.geo","chck",1623113624317208606,1623113624358022264
24,"build/tests/sizes/cube-3845-bin.msh2","scan",1623113624358545493,1623113624367794906
24,"build/tests/sizes/cube-3845-bin.msh2","chck",1623113624358023406,1623113624367800829
24,"build/tests/sizes/cube-1974-bin.msh4","scan",1623113624383856372,1623113624410333811
24,"build/tests/sizes/cube-1974-bin.msh4","chck",1623113624367802002,1623113624410340142
24,"build/tests/sizes/cube-2508-bin.msh2","scan",1623113624410862481,1623113625955014661
24,"build/tests/sizes/cube-2508-bin.msh2","chck",1623113624410341483,1623113625955020624
24,"build/tests/sizes/cube-3332-bin.msh2","scan",1623113625955555063,1623113626131120110
24,"build/tests/sizes/cube-3332-bin.msh2","chck",1623113625955021677,1623113626131126413
24,"build/tests/sizes/cube-959-asc.msh2","scan",1623113626147517685,1623113626652436406
24,"build/tests/sizes/cube-959-asc.msh2","chck",1623113626131127709,1623113626652442953
24,"build/tests/sizes/cube-2909-geo.geo","scan",1623113626653085992,1623113626654316055
24,"build/tests/sizes/cube-2909-geo.geo","chck",1623113626652444340,1623113626654320790
24,"build/tests/sizes/cube-2051-bin.cgns","scan",1623113626657428943,1623113626676231973
24,"build/tests/sizes/cube-2051-bin.cgns","chck",1623113626654321804,1623113626676239620
24,"build/tests/sizes/cube-3709-geo.geo","scan",1623113626676930520,1623113626678225914
24,"build/tests/sizes/cube-3709-geo.geo","chck",1623113626676240801,1623113626678230747
24,"build/tests/sizes/cube-1760-bin.cgns","scan",1623113626694451499,1623113626895509915
24,"build/tests/sizes/cube-1760-bin.cgns","chck",1623113626678231834,1623113626895515630
24,"build/tests/sizes/cube-1143-stl-bin.geo","scan",1623113626914764408,1623113626960120159
24,"build/tests/sizes/cube-1143-stl-bin.geo","chck",1623113626895516615,1623113626960125967
24,"build/tests/sizes/cube-582-bin.vtk","scan",1623113626985674271,1623113627101772107
24,"build/tests/sizes/cube-582-bin.vtk","chck",1623113626960126995,1623113627101778828
24,"build/tests/sizes/cube-1916-asc.bdf","scan",1623113627108819176,1623113627446137733
24,"build/tests/sizes/cube-1916-asc.bdf","chck",1623113627101779957,1623113627446144366
24,"build/tests/sizes/cube-3112-bin.cgns","scan",1623113627472233711,1623113627547638879
24,"build/tests/sizes/cube-3112-bin.cgns","chck",1623113627446145713,1623113627547645808
24,"build/tests/sizes/cube-3303-bin.msh4","scan",1623113627548714716,1623113627550157023
24,"build/tests/sizes/cube-3303-bin.msh4","chck",1623113627548111495,1623113627550161703
24,"build/tests/sizes/cube-2644-bin.vtk","scan",1623113627550697506,1623113627552073264
24,"build/tests/sizes/cube-2644-bin.vtk","chck",1623113627550162762,1623113627552077666
24,"build/tests/sizes/cube-115-bin.vtk","scan",1623113627569808793,1623113627577173920
24,"build/tests/sizes/cube-115-bin.vtk","chck",1623113627552078572,1623113627577178718
24,"build/tests/sizes/cube-963-bin.vtk","scan",1623113627595168784,1623113627845509831
24,"build/tests/sizes/cube-963-bin.vtk","chck",1623113627577179788,1623113627845516261
24,"build/tests/sizes/cube-1820-asc.mesh","scan",1623113627846794985,1623113628162791346
24,"build/tests/sizes/cube-1820-asc.mesh","chck",1623113627845517292,1623113628162797895
24,"build/tests/sizes/cube-2834-geo.geo","scan",1623113628164752044,1623113628166058696
24,"build/tests/sizes/cube-2834-geo.geo","chck",1623113628162799134,1623113628166063898
24,"build/tests/sizes/cube-377-stl-bin.geo","scan",1623113628178013413,1623113628268108437
24,"build/tests/sizes/cube-377-stl-bin.geo","chck",1623113628166064830,1623113628268114282
24,"build/tests/sizes/cube-3336-asc.mesh","scan",1623113628268847183,1623113629683454638
24,"build/tests/sizes/cube-3336-asc.mesh","chck",1623113628268115333,1623113629683460850
24,"build/tests/sizes/cube-3861-asc.mesh","scan",1623113629684194233,1623113629781110025
24,"build/tests/sizes/cube-3861-asc.mesh","chck",1623113629683462300,1623113629781115814
24,"build/tests/sizes/cube-3822-geo.geo_unrolled","scan",1623113629782348014,1623113629783460513
24,"build/tests/sizes/cube-3822-geo.geo_unrolled","chck",1623113629781116923,1623113629783464052
24,"build/tests/sizes/cube-469-bin.msh2","scan",1623113629798879775,1623113629837074226
24,"build/tests/sizes/cube-469-bin.msh2","chck",1623113629783465100,1623113629837080866
24,"build/tests/sizes/cube-2038-bin.msh4","scan",1623113629855424583,1623113629881692627
24,"build/tests/sizes/cube-2038-bin.msh4","chck",1623113629837082478,1623113629881699792
24,"build/tests/sizes/cube-2580-stl-bin.geo","scan",1623113629882264265,1623113630412994782
24,"build/tests/sizes/cube-2580-stl-bin.geo","chck",1623113629881700984,1623113630413001243
24,"build/tests/sizes/cube-2899-bin.msh4","scan",1623113630428436374,1623113630457658431
24,"build/tests/sizes/cube-2899-bin.msh4","chck",1623113630413002439,1623113630457663779
24,"build/tests/sizes/cube-948-asc.bdf","scan",1623113630467647637,1623113633723549543
24,"build/tests/sizes/cube-948-asc.bdf","chck",1623113630457664953,1623113633723555919
24,"build/tests/sizes/cube-2146-geo.geo_unrolled","scan",1623113633739372395,1623113633840538223
24,"build/tests/sizes/cube-2146-geo.geo_unrolled","chck",1623113633723557125,1623113633840544732
24,"build/tests/sizes/cube-3825-bin.msh4","scan",1623113633844863843,1623113635160264684
24,"build/tests/sizes/cube-3825-bin.msh4","chck",1623113633840545867,1623113635160271321
24,"build/tests/sizes/cube-2342-stl-bin.geo","scan",1623113635162165357,1623113635192846921
24,"build/tests/sizes/cube-2342-stl-bin.geo","chck",1623113635160272399,1623113635192854088
24,"build/tests/sizes/cube-2264-bin.vtk","scan",1623113635193390317,1623113635196503885
24,"build/tests/sizes/cube-2264-bin.vtk","chck",1623113635192855182,1623113635196508490
24,"build/tests/sizes/cube-2578-geo.geo_unrolled","scan",1623113635197059793,1623113635198087072
24,"build/tests/sizes/cube-2578-geo.geo_unrolled","chck",1623113635196509707,1623113635198090795
24,"build/tests/sizes/cube-1235-asc.mesh","scan",1623113635215170900,1623113635272214609
24,"build/tests/sizes/cube-1235-asc.mesh","chck",1623113635198091759,1623113635272220391
24,"build/tests/sizes/cube-2814-stl-bin.geo","scan",1623113635272790580,1623113635327461330
24,"build/tests/sizes/cube-2814-stl-bin.geo","chck",1623113635272221628,1623113635327467910
24,"build/tests/sizes/cube-2746-bin.msh4","scan",1623113635328678534,1623113635349235954
24,"build/tests/sizes/cube-2746-bin.msh4","chck",1623113635327469066,1623113635349242121
24,"build/tests/sizes/cube-3482-asc.mesh","scan",1623113635363463916,1623113635498434524
24,"build/tests/sizes/cube-3482-asc.mesh","chck",1623113635349243196,1623113635498440709
24,"build/tests/sizes/cube-283-bin.cgns","scan",1623113635518536249,1623113635586936579
24,"build/tests/sizes/cube-283-bin.cgns","chck",1623113635498441761,1623113635586943958
24,"build/tests/sizes/cube-2572-asc.msh2","scan",1623113635607135849,1623113635662348817
24,"build/tests/sizes/cube-2572-asc.msh2","chck",1623113635586945008,1623113635662353616
24,"build/tests/sizes/cube-3137-asc.bdf","scan",1623113635684661545,1623113638280589680
24,"build/tests/sizes/cube-3137-asc.bdf","chck",1623113635662354609,1623113638280596698
24,"build/tests/sizes/cube-3121-asc.bdf","scan",1623113638282189295,1623113638412486844
24,"build/tests/sizes/cube-3121-asc.bdf","chck",1623113638280597840,1623113638412492065
24,"build/tests/sizes/cube-1976-bin.msh2","scan",1623113638413044822,1623113644883175361
24,"build/tests/sizes/cube-1976-bin.msh2","chck",1623113638412493115,1623113644883183682
24,"build/tests/sizes/cube-1376-bin.vtk","scan",1623113644893141026,1623113645191948701
24,"build/tests/sizes/cube-1376-bin.vtk","chck",1623113644883184840,1623113645191955365
24,"build/tests/sizes/cube-3509-geo.geo","scan",1623113645192633103,1623113645193929874
24,"build/tests/sizes/cube-3509-geo.geo","chck",1623113645191956569,1623113645193934325
24,"build/tests/sizes/cube-1188-asc.msh2","scan",1623113645211138411,1623113645237894337
24,"build/tests/sizes/cube-1188-asc.msh2","chck",1623113645193935286,1623113645237899518
24,"build/tests/sizes/cube-3338-bin.cgns","scan",1623113645250653127,1623113645412138436
24,"build/tests/sizes/cube-3338-bin.cgns","chck",1623113645237900553,1623113645412144524
24,"build/tests/sizes/cube-3013-stl-bin.geo","scan",1623113645412884115,1623113645434513354
24,"build/tests/sizes/cube-3013-stl-bin.geo","chck",1623113645412145547,1623113645434519150
24,"build/tests/sizes/cube-773-bin.vtk","scan",1623113645448874917,1623113645545369954
24,"build/tests/sizes/cube-773-bin.vtk","chck",1623113645434520511,1623113645545376417
24,"build/tests/sizes/cube-2490-bin.cgns","scan",1623113645568489884,1623113645644184161
24,"build/tests/sizes/cube-2490-bin.cgns","chck",1623113645545377771,1623113645644191748
24,"build/tests/sizes/cube-3896-asc.msh2","scan",1623113645644877972,1623113655037614981
24,"build/tests/sizes/cube-3896-asc.msh2","chck",1623113645644192895,1623113655037621852
24,"build/tests/sizes/cube-564-stl-bin.geo","scan",1623113655061447735,1623113655326005030
24,"build/tests/sizes/cube-564-stl-bin.geo","chck",1623113655037622991,1623113655326010978
24,"build/tests/sizes/cube-3991-geo.geo","scan",1623113655327029741,1623113655328622519
24,"build/tests/sizes/cube-3991-geo.geo","chck",1623113655326012074,1623113655328626896
24,"build/tests/sizes/cube-203-bin.cgns","scan",1623113655347173696,1623113655431304914
24,"build/tests/sizes/cube-203-bin.cgns","chck",1623113655328627791,1623113655431310998
24,"build/tests/sizes/cube-792-asc.bdf","scan",1623113655441880593,1623113655455593577
24,"build/tests/sizes/cube-792-asc.bdf","chck",1623113655431312053,1623113655455597964
24,"build/tests/sizes/cube-3263-asc.mesh","scan",1623113655471566635,1623113655522170777
24,"build/tests/sizes/cube-3263-asc.mesh","chck",1623113655455599030,1623113655522176967
24,"build/tests/sizes/cube-2547-bin.cgns","scan",1623113655555567945,1623113655643497335
24,"build/tests/sizes/cube-2547-bin.cgns","chck",1623113655522177951,1623113655643503421
24,"build/tests/sizes/cube-2010-asc.msh2","scan",1623113655660311686,1623113655669278879
24,"build/tests/sizes/cube-2010-asc.msh2","chck",1623113655643504603,1623113655669283844
24,"build/tests/sizes/cube-3299-bin.vtk","scan",1623113655686246656,1623113655712422855
24,"build/tests/sizes/cube-3299-bin.vtk","chck",1623113655669284829,1623113655712427514
24,"build/tests/sizes/cube-3582-asc.bdf","scan",1623113655730015961,1623113655752608934
24,"build/tests/sizes/cube-3582-asc.bdf","chck",1623113655712428451,1623113655752613184
24,"build/tests/sizes/cube-1596-bin.vtk","scan",1623113655754052510,1623113655758493677
24,"build/tests/sizes/cube-1596-bin.vtk","chck",1623113655752749070,1623113655758497732
24,"build/tests/sizes/cube-2411-asc.mesh","scan",1623113655759062405,1623113656337350110
24,"build/tests/sizes/cube-2411-asc.mesh","chck",1623113655758498619,1623113656337356522
24,"build/tests/sizes/cube-1112-bin.cgns","scan",1623113656363981144,1623113656433175797
24,"build/tests/sizes/cube-1112-bin.cgns","chck",1623113656337357534,1623113656433182154
24,"build/tests/sizes/cube-3783-asc.bdf","scan",1623113656433972473,1623113665225245034
24,"build/tests/sizes/cube-3783-asc.bdf","chck",1623113656433183306,1623113665225249829
24,"build/tests/sizes/cube-2985-bin.msh4","scan",1623113665479155627,1623113665479784796
24,"build/tests/sizes/cube-2985-bin.msh4","chck",1623113665225250909,1623113665479792456
24,"build/tests/sizes/cube-1887-asc.mesh","scan",1623113665498200381,1623113665498234590
24,"build/tests/sizes/cube-1887-asc.mesh","chck",1623113665479793924,1623113665498239674
24,"build/tests/sizes/cube-1287-bin.msh2","scan",1623113665515082449,1623113665515117122
24,"build/tests/sizes/cube-1287-bin.msh2","chck",1623113665498240724,1623113665515122173
24,"build/tests/sizes/cube-3669-asc.msh2","scan",1623113665518439521,1623113665518466889
24,"build/tests/sizes/cube-3669-asc.msh2","chck",1623113665515123143,1623113665518470429
24,"build/tests/sizes/cube-1047-stl-bin.geo","scan",1623113665540770938,1623113665540801396
24,"build/tests/sizes/cube-1047-stl-bin.geo","chck",1623113665518471257,1623113665540806128
24,"build/tests/sizes/cube-3925-asc.mesh","scan",1623113665543783443,1623113665543812371
24,"build/tests/sizes/cube-3925-asc.mesh","chck",1623113665540807027,1623113665543816551
24,"build/tests/sizes/cube-2844-asc.mesh","scan",1623113665546797609,1623113665546822953
24,"build/tests/sizes/cube-2844-asc.mesh","chck",1623113665543817379,1623113665546826565
24,"build/tests/sizes/cube-3963-stl-bin.geo","scan",1623113665549859775,1623113665549886405
24,"build/tests/sizes/cube-3963-stl-bin.geo","chck",1623113665546827339,1623113665549889201
24,"build/tests/sizes/cube-930-geo.geo","scan",1623113665567449880,1623113665567475977
24,"build/tests/sizes/cube-930-geo.geo","chck",1623113665549889993,1623113665567479558
24,"build/tests/sizes/cube-2487-bin.msh4","scan",1623113665570754955,1623113665570783231
24,"build/tests/sizes/cube-2487-bin.msh4","chck",1623113665567480508,1623113665570786080
24,"build/tests/sizes/cube-3730-geo.geo_unrolled","scan",1623113665593338247,1623113665593376168
24,"build/tests/sizes/cube-3730-geo.geo_unrolled","chck",1623113665570786831,1623113665593379812
24,"build/tests/sizes/cube-1502-bin.cgns","scan",1623113665693874880,1623113665822419432
24,"build/tests/sizes/cube-1502-bin.cgns","chck",1623113665593380800,1623113665822426036
24,"build/tests/sizes/cube-2365-geo.geo_unrolled","scan",1623113665823240824,1623113665823272055
24,"build/tests/sizes/cube-2365-geo.geo_unrolled","chck",1623113665822427076,1623113665823275460
24,"build/tests/sizes/cube-979-asc.mesh","scan",1623113665840420669,1623113665840446243
24,"build/tests/sizes/cube-979-asc.mesh","chck",1623113665823276327,1623113665840449945
24,"build/tests/sizes/cube-1257-bin.msh4","scan",1623113665854043056,1623113665854067275
24,"build/tests/sizes/cube-1257-bin.msh4","chck",1623113665840451106,1623113665854070580
24,"build/tests/sizes/cube-2612-geo.geo","scan",1623113665870006356,1623113665870022991
24,"build/tests/sizes/cube-2612-geo.geo","chck",1623113665854071731,1623113665870025401
24,"build/tests/sizes/cube-365-bin.msh4","scan",1623113665887781506,1623113665887805502
24,"build/tests/sizes/cube-365-bin.msh4","chck",1623113665870026193,1623113665887808916
24,"build/tests/sizes/cube-695-asc.msh2","scan",1623113665904332719,1623113665904356365
24,"build/tests/sizes/cube-695-asc.msh2","chck",1623113665887809835,1623113665904359596
24,"cube-2411-asc","prep",1623113665905439978,1623113665908253298
24,"cube-2411-asc","zzzz",1623113665908256926,1623113685664266062,16978,248076,744228
24,"cube-2411-asc","post",1623113685664276266,1623113685725096197
24,"cube-2010-asc","prep",1623113685725138261,1623113685752453208
24,"cube-2010-asc","zzzz",1623113685752456428,1623113685754115267,134,305,915
24,"cube-2010-asc","post",1623113685754116824,1623113685754174576
24,"cube-792-asc","prep",1623113685754198822,1623113685754384989
24,"cube-792-asc","zzzz",1623113685754385839,1623113685758383876,289,596,1788
24,"cube-792-asc","post",1623113685758399102,1623113685758472907
24,"cube-773-bin","prep",1623113685758507818,1623113685782516325
24,"cube-773-bin","zzzz",1623113685782520060,1623113688405452143,42478,62602,187806
24,"cube-773-bin","post",1623113688405463393,1623113688414114439
24,"cube-1188-asc","prep",1623113688414148510,1623113688418129364
24,"cube-1188-asc","zzzz",1623113688418132590,1623113688422100596,287,592,1776
24,"cube-1188-asc","post",1623113688422115512,1623113688422195506
24,"cube-3482-asc","prep",1623113688422228201,1623113688422730605
24,"cube-3482-asc","zzzz",1623113688422732105,1623113690074169024,5116,45509,136527
24,"cube-3482-asc","post",1623113690074183248,1623113690078122266
24,"cube-2264-bin","prep",1623113690078155009,1623113690079231010
24,"cube-2264-bin","zzzz",1623113690079233107,1623113690108070223,1479,2668,8004
24,"cube-2264-bin","post",1623113690108074107,1623113690108677335
24,"cube-3825-bin","prep",1623113690108806649,1623113691372584674
24,"cube-3825-bin","zzzz",1623113691372592768,1623114150270780747,1658555,2255607,6766821
24,"cube-3825-bin","post",1623114150270790928,1623114150409079622
24,"cube-2146-geo","mesh",1623114150409740725,1623114150409863441
24,"cube-2146-geo","prep",1623114150410674079,1623114150410675265
24,"cube-2146-geo","zzzz",1623114150410676497,1623114150410732247,0,0,0
24,"cube-2146-geo","post",1623114150410733434,1623114150410808741
24,"cube-2899-bin","prep",1623114150410815727,1623114150416056153
24,"cube-2899-bin","zzzz",1623114150416059281,1623114150670304964,7828,12436,37308
24,"cube-2899-bin","post",1623114150670313055,1623114150672953321
24,"cube-2580-stl-bin","mesh",1623114150672991327,1623114150680364235
24,"cube-2580-stl-bin","prep",1623114150681831858,1623114150681846739
24,"cube-2580-stl-bin","zzzz",1623114150681848979,1623114167174013419,0,219532,658596
24,"cube-2580-stl-bin","post",1623114167174023826,1623114167187051964
24,"cube-3822-geo","mesh",1623114167187080499,1623114167188706043
24,"cube-3822-geo","prep",1623114167189554333,1623114167189555537
24,"cube-3822-geo","zzzz",1623114167189557021,1623114167189612993,0,0,0
24,"cube-3822-geo","post",1623114167189614418,1623114167189713536
24,"cube-3013-stl-bin","mesh",1623114167189720356,1623114167190176742
24,"cube-3013-stl-bin","prep",1623114167190977799,1623114167191033041
24,"cube-3013-stl-bin","zzzz",1623114167191034209,1623114167435258105,0,12092,36276
24,"cube-3013-stl-bin","post",1623114167435271362,1623114167436675479
24,"cube-3681-bin","prep",1623114167436698803,1623114167439026127
24,"cube-3681-bin","zzzz",1623114167439028201,1623114167581057713,5136,8283,24849
24,"cube-3681-bin","post",1623114167581072919,1623114167581460404
24,"cube-1976-bin","prep",1623114167581477730,1623114168948657810
24,"cube-1976-bin","zzzz",1623114168948665746,1623114678305552856,1795060,2439178,7317534
24,"cube-1976-bin","post",1623114678305567540,1623114678511862683
24,"cube-948-asc","prep",1623114678512272618,1623114678744816734
24,"cube-948-asc","zzzz",1623114678744821167,1623114737476936824,370795,515743,1547229
24,"cube-948-asc","post",1623114737476944520,1623114737512419100
24,"cube-3843-bin","prep",1623114737512755713,1623114737523994521
24,"cube-3843-bin","zzzz",1623114737523999091,1623114737526920047,210,465,1395
24,"cube-3843-bin","post",1623114737526930576,1623114737527107821
24,"cube-1982-bin","prep",1623114737527147319,1623114737539543102
24,"cube-1982-bin","zzzz",1623114737539545432,1623114737545139807,366,769,2307
24,"cube-1982-bin","post",1623114737545149868,1623114737545370237
24,"cube-1916-asc","prep",1623114737545410052,1623114737575935818
24,"cube-1916-asc","zzzz",1623114737576389803,1623114739880182471,38777,57216,171648
24,"cube-1916-asc","post",1623114739880192910,1623114739883392242
24,"cube-3336-asc","prep",1623114739883416620,1623114739888040542
24,"cube-3336-asc","zzzz",1623114739888042476,1623114812718664654,32400,595244,1785732
24,"cube-3336-asc","post",1623114812718678546,1623114812755659346
24,"cube-1143-stl-bin","mesh",1623114812755694904,1623114812756073560
24,"cube-1143-stl-bin","prep",1623114812757589547,1623114812757601775
24,"cube-1143-stl-bin","zzzz",1623114812757604414,1623114813011852147,0,12436,37308
24,"cube-1143-stl-bin","post",1623114813011863413,1623114813012420657
24,"cube-3991-geo","mesh",1623114813012433389,1623114813012529563
24,"cube-3991-geo","prep",1623114813013240028,1623114813013240804
24,"cube-3991-geo","zzzz",1623114813013241954,1623114813013297598,0,0,0
24,"cube-3991-geo","post",1623114813013298686,1623114813013383565
24,"cube-3303-bin","prep",1623114813013389252,1623114813013657312
24,"cube-3303-bin","zzzz",1623114813013658221,1623114813021169780,478,963,2889
24,"cube-3303-bin","post",1623114813021179815,1623114813021392654
24,"cube-2814-stl-bin","mesh",1623114813021425570,1623114813022554891
24,"cube-2814-stl-bin","prep",1623114813023268291,1623114813023318604
24,"cube-2814-stl-bin","zzzz",1623114813023319785,1623114813967708477,0,30932,92796
24,"cube-2814-stl-bin","post",1623114813967722255,1623114813969213803
24,"cube-3655-asc","prep",1623114813969231567,1623114813970459640
24,"cube-3655-asc","zzzz",1623114813970461944,1623114814021993794,2367,4068,12204
24,"cube-3655-asc","post",1623114814022004685,1623114814022273927
24,"cube-3299-bin","prep",1623114814022340713,1623114814023110928
24,"cube-3299-bin","zzzz",1623114814023112694,1623114814046563948,1251,2280,6840
24,"cube-3299-bin","post",1623114814046573908,1623114814046936462
24,"cube-3709-geo","mesh",1623114814047118422,1623114814047340289
24,"cube-3709-geo","prep",1623114814048204724,1623114814048205462
24,"cube-3709-geo","zzzz",1623114814048206752,1623114814048262050,0,0,0
24,"cube-3709-geo","post",1623114814048263217,1623114814048336775
24,"cube-1596-bin","prep",1623114814048342867,1623114814049178802
24,"cube-1596-bin","zzzz",1623114814049180705,1623114814075429390,1359,2482,7446
24,"cube-1596-bin","post",1623114814075439498,1623114814075711114
24,"cube-3202-asc","prep",1623114814075805981,1623114814578527613
24,"cube-3202-asc","zzzz",1623114814578534630,1623114979165306544,763653,1045351,3136053
24,"cube-3202-asc","post",1623114979165315143,1623114979242495952
24,"cube-141-geo","mesh",1623114979242533358,1623114979244550949
24,"cube-141-geo","prep",1623114979268135771,1623114979268137302
24,"cube-141-geo","zzzz",1623114979268139764,1623114979268197674,0,0,0
24,"cube-141-geo","post",1623114979268199024,1623114979268256613
24,"cube-340-bin","prep",1623114979268264234,1623114979268484516
24,"cube-340-bin","zzzz",1623114979268485419,1623114979273244314,326,681,2043
24,"cube-340-bin","post",1623114979273260507,1623114979273323315
24,"cube-1799-asc","prep",1623114979273336689,1623114979534648881
24,"cube-1799-asc","zzzz",1623114979534653904,1623115046255290983,404888,561525,1684575
24,"cube-1799-asc","post",1623115046255305051,1623115046321529450
24,"cube-3658-bin","prep",1623115046321561209,1623115046358268440
24,"cube-3658-bin","zzzz",1623115046358273364,1623115049591285354,49286,72288,216864
24,"cube-3658-bin","post",1623115049591298030,1623115049595032116
24,"cube-2572-asc","prep",1623115049595062809,1623115049604033997
24,"cube-2572-asc","zzzz",1623115049604035897,1623115049721041049,4417,7232,21696
24,"cube-2572-asc","post",1623115049721051486,1623115049722098481
24,"cube-2321-stl-bin","mesh",1623115049722147847,1623115049722221017
24,"cube-2321-stl-bin","prep",1623115049723099477,1623115049723107861
24,"cube-2321-stl-bin","zzzz",1623115049723108954,1623115049731297633,0,1028,3084
24,"cube-2321-stl-bin","post",1623115049731307833,1623115049731411564
24,"cube-3861-asc","prep",1623115049731441880,1623115049732135552
24,"cube-3861-asc","zzzz",1623115049732137226,1623115051413287092,5194,46071,138213
24,"cube-3861-asc","post",1623115051413297557,1623115051416520630
24,"cube-2843-geo","mesh",1623115051416538720,1623115051416629969
24,"cube-2843-geo","prep",1623115051417415206,1623115051417416059
24,"cube-2843-geo","zzzz",1623115051417417151,1623115051417472487,0,0,0
24,"cube-2843-geo","post",1623115051417473605,1623115051417507852
24,"cube-2038-bin","prep",1623115051417513150,1623115051419223419
24,"cube-2038-bin","zzzz",1623115051419225387,1623115051521948124,4007,6602,19806
24,"cube-2038-bin","post",1623115051521958388,1623115051522349190
24,"cube-797-stl-bin","mesh",1623115051522398991,1623115051525610137
24,"cube-797-stl-bin","prep",1623115051526417338,1623115051526429881
24,"cube-797-stl-bin","zzzz",1623115051526431282,1623115056177562660,0,92660,277980
24,"cube-797-stl-bin","post",1623115056177573631,1623115056181429211
24,"cube-1726-asc","prep",1623115056181442983,1623115056183152919
24,"cube-1726-asc","zzzz",1623115056183154761,1623115056234992170,2378,4085,12255
24,"cube-1726-asc","post",1623115056235002465,1623115056235594905
24,"cube-3845-bin","prep",1623115056235627305,1623115056236780966
24,"cube-3845-bin","zzzz",1623115056236782766,1623115056291018786,2444,4217,12651
24,"cube-3845-bin","post",1623115056291029015,1623115056291495611
24,"cube-3783-asc","prep",1623115056291585452,1623115056291586104
24,"cube-3783-asc","zzzz",1623115056291587221,1623115056291643718,0,0,0
24,"cube-3783-asc","post",1623115056291644995,1623115056291656483
24,"cube-3186-geo","mesh",1623115056291661365,1623115056291700114
24,"cube-3186-geo","prep",1623115056292535563,1623115056292536089
24,"cube-3186-geo","zzzz",1623115056292537191,1623115056292591571,0,0,0
24,"cube-3186-geo","post",1623115056292592579,1623115056292651469
24,"cube-1974-bin","prep",1623115056292656857,1623115056293100143
24,"cube-1974-bin","zzzz",1623115056293101237,1623115056308791823,944,1683,5049
24,"cube-1974-bin","post",1623115056308802011,1623115056309102728
24,"cube-2644-bin","prep",1623115056309214800,1623115056309737479
24,"cube-2644-bin","zzzz",1623115056309738784,1623115056314662524,342,697,2091
24,"cube-2644-bin","post",1623115056314672580,1623115056314802760
24,"cube-203-bin.cgns","prep",1623115056314835432,1623115056333602958
24,"cube-203-bin.cgns","zzzz",1623115056333606004,1623115057302031485,20929,31495,94485
24,"cube-203-bin.cgns","post",1623115057302041654,1623115057302135714
24,"cube-2578-geo","mesh",1623115057302182424,1623115057302267828
24,"cube-2578-geo","prep",1623115057303595033,1623115057303595899
24,"cube-2578-geo","zzzz",1623115057303597216,1623115057303652998,0,0,0
24,"cube-2578-geo","post",1623115057303654137,1623115057303712267
24,"cube-963-bin","prep",1623115057303718747,1623115057363728723
24,"cube-963-bin","zzzz",1623115057363734091,1623115068580664111,119311,169073,507219
24,"cube-963-bin","post",1623115068580677723,1623115068590950632
24,"cube-3481-asc","prep",1623115068590985711,1623115068615616089
24,"cube-3481-asc","zzzz",1623115068615620199,1623115071882316511,49641,72797,218391
24,"cube-3481-asc","post",1623115071882331627,1623115071888632760
24,"cube-1376-bin","prep",1623115071888664069,1623115071962755843
24,"cube-1376-bin","zzzz",1623115071962763272,1623115083464788270,121330,171933,515799
24,"cube-1376-bin","post",1623115083464800208,1623115083482955738
24,"cube-2490-bin.cgns","prep",1623115083482991133,1623115083498661851
24,"cube-2490-bin.cgns","zzzz",1623115083498665331,1623115083578899170,3343,5552,16656
24,"cube-2490-bin.cgns","post",1623115083578909230,1623115083578970721
24,"cube-959-asc","prep",1623115083579018083,1623115083610866951
24,"cube-959-asc","zzzz",1623115083610871232,1623115088456203823,65787,95394,286182
24,"cube-959-asc","post",1623115088456217359,1623115088461824589
24,"cube-2660-asc","prep",1623115088461866886,1623115088462188577
24,"cube-2660-asc","zzzz",1623115088462190252,1623115088469736241,479,966,2898
24,"cube-2660-asc","post",1623115088469747247,1623115088469985530
24,"cube-3137-asc","prep",1623115088470019867,1623115088648876468
24,"cube-3137-asc","zzzz",1623115088648881757,1623115133343557829,307393,429657,1288971
24,"cube-3137-asc","post",1623115133343937818,1623115133369103185
24,"cube-2051-bin.cgns","prep",1623115133369132179,1623115133369582330
24,"cube-2051-bin.cgns","zzzz",1623115133369584615,1623115133377425673,504,995,2985
24,"cube-2051-bin.cgns","post",1623115133377435972,1623115133377494207
24,"cube-1239-asc","prep",1623115133377527865,1623115133383989967
24,"cube-1239-asc","zzzz",1623115133383992057,1623115133948547165,14089,21687,65061
24,"cube-1239-asc","post",1623115133948560624,1623115133950079905
24,"cube-1502-bin.cgns","prep",1623115133950102734,1623115133951687776
24,"cube-1502-bin.cgns","zzzz",1623115133951691419,1623115133983963821,1619,2904,8712
24,"cube-1502-bin.cgns","post",1623115133983973788,1623115133984031218
24,"cube-1820-asc","prep",1623115133984080579,1623115133985350720
24,"cube-1820-asc","zzzz",1623115133985352063,1623115142152184615,11490,136229,408687
24,"cube-1820-asc","post",1623115142152194316,1623115142160177508
24,"cube-3702-bin.cgns","prep",1623115142160213714,1623115142265105999
24,"cube-3702-bin.cgns","zzzz",1623115142265113715,1623115226140918303,473262,653916,1961748
24,"cube-3702-bin.cgns","post",1623115226140927408,1623115226140963991
24,"cube-564-stl-bin","mesh",1623115226141000995,1623115226144135862
24,"cube-564-stl-bin","prep",1623115226144987196,1623115226144997971
24,"cube-564-stl-bin","zzzz",1623115226144999371,1623115229194602780,0,69468,208404
24,"cube-564-stl-bin","post",1623115229194612661,1623115229206151733
24,"cube-888-bin.cgns","prep",1623115229206178784,1623115229208868432
24,"cube-888-bin.cgns","zzzz",1623115229208871732,1623115229210941285,169,356,1068
24,"cube-888-bin.cgns","post",1623115229210956505,1623115229210987379
24,"cube-3169-bin.cgns","prep",1623115229211007691,1623115229233740745
24,"cube-3169-bin.cgns","zzzz",1623115229233743927,1623115230370281225,23587,35177,105531
24,"cube-3169-bin.cgns","post",1623115230370291172,1623115230370331098
24,"cube-2547-bin.cgns","prep",1623115230370365655,1623115230391084919
24,"cube-2547-bin.cgns","zzzz",1623115230391091130,1623115233636763177,49442,72505,217515
24,"cube-2547-bin.cgns","post",1623115233636772846,1623115233636811188
24,"cube-3112-bin.cgns","prep",1623115233636860522,1623115233656480383
24,"cube-3112-bin.cgns","zzzz",1623115233656485031,1623115233681297061,1311,2380,7140
24,"cube-3112-bin.cgns","post",1623115233681313930,1623115233681345742
24,"cube-3582-asc","prep",1623115233681376982,1623115233682362137
24,"cube-3582-asc","zzzz",1623115233682364100,1623115233709582170,1419,2552,7656
24,"cube-3582-asc","post",1623115233709598541,1623115233709844783
24,"cube-277-bin.cgns","prep",1623115233710004095,1623115233715952035
24,"cube-277-bin.cgns","zzzz",1623115233715955539,1623115236871049710,48400,71120,213360
24,"cube-277-bin.cgns","post",1623115236871060404,1623115236871100701
24,"cube-582-bin","prep",1623115236871142212,1623115236892550988
24,"cube-582-bin","zzzz",1623115236892556115,1623115239575351655,43248,63562,190686
24,"cube-582-bin","post",1623115239575361191,1623115239579557215
24,"cube-1112-bin.cgns","prep",1623115239579591655,1623115239599569808
24,"cube-1112-bin.cgns","zzzz",1623115239599574684,1623115239742470385,5140,8318,24954
24,"cube-1112-bin.cgns","post",1623115239742488063,1623115239742521418
24,"cube-2342-stl-bin","mesh",1623115239742551979,1623115239743123912
24,"cube-2342-stl-bin","prep",1623115239743968243,1623115239743978468
24,"cube-2342-stl-bin","zzzz",1623115239743979681,1623115240121197253,0,16372,49116
24,"cube-2342-stl-bin","post",1623115240121207136,1623115240121891606
24,"cube-1760-bin.cgns","prep",1623115240121912916,1623115240567411082
24,"cube-1760-bin.cgns","zzzz",1623115240567419143,1623115502363613350,1084469,1480626,4441878
24,"cube-1760-bin.cgns","post",1623115502363627617,1623115502363697055
24,"cube-3332-bin","prep",1623115502363729826,1623115502384426733
24,"cube-3332-bin","zzzz",1623115502384429847,1623115505140779518,43936,64782,194346
24,"cube-3332-bin","post",1623115505140791533,1623115505144327352
24,"cube-3896-asc","prep",1623115505144358780,1623115506181976658
24,"cube-3896-asc","zzzz",1623115506181980680,1623115903779230795,1490646,2025631,6076893
24,"cube-3896-asc","post",1623115903779244057,1623115903988662042
24,"cube-2508-bin","prep",1623115903988697999,1623115904195600392
24,"cube-2508-bin","zzzz",1623115904195606684,1623115954323423429,332474,463951,1391853
24,"cube-2508-bin","post",1623115954323437299,1623115954351907480
24,"cube-3338-bin.cgns","prep",1623115954351945636,1623115954394144157
24,"cube-3338-bin.cgns","zzzz",1623115954394149578,1623115957088329460,43372,63787,191361
24,"cube-3338-bin.cgns","post",1623115957088340188,1623115957088400529
24,"cube-283-bin.cgns","prep",1623115957088455460,1623115957104374050
24,"cube-283-bin.cgns","zzzz",1623115957104376884,1623115957245255719,5085,8237,24711
24,"cube-283-bin.cgns","post",1623115957245265927,1623115957245312294
24,"cube-452-stl-bin","mesh",1623115957245362988,1623115957245742164
24,"cube-452-stl-bin","prep",1623115957247105074,1623115957247113108
24,"cube-452-stl-bin","zzzz",1623115957247114429,1623115957343022276,0,6292,18876
24,"cube-452-stl-bin","post",1623115957343032720,1623115957343428389
24,"cube-2909-geo","mesh",1623115957343440984,1623115957343514650
24,"cube-2909-geo","prep",1623115957344254867,1623115957344255660
24,"cube-2909-geo","zzzz",1623115957344256839,1623115957344311974,0,0,0
24,"cube-2909-geo","post",1623115957344313077,1623115957344415706
24,"cube-1835-asc","prep",1623115957344421219,1623115957345021991
24,"cube-1835-asc","zzzz",1623115957345023315,1623115960963887264,8084,78126,234378
24,"cube-1835-asc","post",1623115960963897793,1623115960968508187
24,"cube-3121-asc","prep",1623115960968532816,1623115960971407615
24,"cube-3121-asc","zzzz",1623115960971409532,1623115961162420218,6380,10187,30561
24,"cube-3121-asc","post",1623115961162430464,1623115961163224727
24,"cube-3509-geo","mesh",1623115961163240253,1623115961163275615
24,"cube-3509-geo","prep",1623115961164032490,1623115961164033235
24,"cube-3509-geo","zzzz",1623115961164034454,1623115961164089704,0,0,0
24,"cube-3509-geo","post",1623115961164090781,1623115961164198363
24,"cube-3055-bin.cgns","prep",1623115961164204527,1623115961164710492
24,"cube-3055-bin.cgns","zzzz",1623115961164712706,1623115961193344040,1467,2650,7950
24,"cube-3055-bin.cgns","post",1623115961193354051,1623115961193395860
24,"cube-805-bin","prep",1623115961193439685,1623115961193717323
24,"cube-805-bin","zzzz",1623115961193718681,1623115961198909648,349,726,2178
24,"cube-805-bin","post",1623115961198919698,1623115961199133375
24,"cube-1236-asc","prep",1623115961199166220,1623115961765758949
24,"cube-1236-asc","zzzz",1623115961765762732,1623116153167149301,855148,1170675,3512025
24,"cube-1236-asc","post",1623116153167159365,1623116153268017186
24,"cube-2044-stl-bin","mesh",1623116153268050439,1623116153271755459
24,"cube-2044-stl-bin","prep",1623116153272609891,1623116153273228470
24,"cube-2044-stl-bin","zzzz",1623116153273230588,1623116158996849714,0,106844,320532
24,"cube-2044-stl-bin","post",1623116158996859398,1623116159002409237
24,"cube-117-asc","prep",1623116159002435005,1623116159069932135
24,"cube-117-asc","zzzz",1623116159069938472,1623116171426997758,127277,180572,541716
24,"cube-117-asc","post",1623116171427011474,1623116171437821215
24,"cube-1235-asc","prep",1623116171437860264,1623116171438242764
24,"cube-1235-asc","zzzz",1623116171438245136,1623116171757871379,2390,14585,43755
24,"cube-1235-asc","post",1623116171757882375,1623116171759353800
24,"cube-2746-bin","prep",1623116171759369804,1623116171774346519
24,"cube-2746-bin","zzzz",1623116171774348645,1623116173427645321,30755,45568,136704
24,"cube-2746-bin","post",1623116173427656835,1623116173430736740
24,"cube-3263-asc","prep",1623116173430765349,1623116173431175093
24,"cube-3263-asc","zzzz",1623116173431176631,1623116173662013355,1926,11628,34884
24,"cube-3263-asc","post",1623116173662016946,1623116173664486344
24,"cube-377-stl-bin","mesh",1623116173664499066,1623116173665585991
24,"cube-377-stl-bin","prep",1623116173666428385,1623116173667118003
24,"cube-377-stl-bin","zzzz",1623116173667385378,1623116174726226363,0,33476,100428
24,"cube-377-stl-bin","post",1623116174726237236,1623116174727631590
24,"cube-469-bin","prep",1623116174727643360,1623116174729400248
24,"cube-469-bin","zzzz",1623116174729402156,1623116174785051385,2501,4294,12882
24,"cube-469-bin","post",1623116174785061794,1623116174785707807
24,"cube-3361-geo","mesh",1623116174785730386,1623116174785766382
24,"cube-3361-geo","prep",1623116174786571785,1623116174786572554
24,"cube-3361-geo","zzzz",1623116174786573638,1623116174786629033,0,0,0
24,"cube-3361-geo","post",1623116174786630091,1623116174786709185
24,"cube-2617-geo","mesh",1623116174786715145,1623116174786738318
24,"cube-2617-geo","prep",1623116174787453094,1623116174787453649
24,"cube-2617-geo","zzzz",1623116174787454638,1623116174787508849,0,0,0
24,"cube-2617-geo","post",1623116174787509939,1623116174787598043
24,"cube-115-bin","prep",1623116174787603606,1623116174787926584
24,"cube-115-bin","zzzz",1623116174787927626,1623116174793119729,349,726,2178
24,"cube-115-bin","post",1623116174793129800,1623116174793261031
24,"cube-2024-asc","prep",1623116174793293700,1623116174795010017
24,"cube-2024-asc","zzzz",1623116174795011574,1623116199630042791,18720,289521,868563
24,"cube-2024-asc","post",1623116199630056661,1623116199647766589
24,"cube-2834-geo","mesh",1623116199647798126,1623116199647857292
24,"cube-2834-geo","prep",1623116199648687902,1623116199648689038
24,"cube-2834-geo","zzzz",1623116199648690174,1623116199648746584,0,0,0
24,"cube-2834-geo","post",1623116199648747784,1623116199648851674
24,"cube-1302-asc","prep",1623116199648858038,1623116199649287169
24,"cube-1302-asc","zzzz",1623116199649288627,1623116199796853599,1506,8506,25518
24,"cube-1302-asc","post",1623116199796864892,1623116199798860385
24,"cube-329-asc","prep",1623116199798876894,1623116200390290842
24,"cube-329-asc","zzzz",1623116200390295166,1623116401287571146,886423,1213965,3641895
24,"cube-329-asc","post",1623116401287585135,1623116401395892378
24,"Proc","exit_task",1623113578265261391,1623116401416916309,3645980
