6,"build/tests/sizes/cube-3494-bin.cgns","scan",1623113600471567269,1623113600489455967
6,"build/tests/sizes/cube-3494-bin.cgns","chck",1623113600466349150,1623113600489598407
6,"build/tests/sizes/cube-799-asc.bdf","scan",1623113600504776479,1623113600566067894
6,"build/tests/sizes/cube-799-asc.bdf","chck",1623113600489600399,1623113600566073557
6,"build/tests/sizes/cube-993-bin.vtk","scan",1623113600586821972,1623113602505103863
6,"build/tests/sizes/cube-993-bin.vtk","chck",1623113600566074922,1623113602505125284
6,"build/tests/sizes/cube-204-geo.geo","scan",1623113602529502045,1623113602531549068
6,"build/tests/sizes/cube-204-geo.geo","chck",1623113602505126628,1623113602531556485
6,"build/tests/sizes/cube-716-asc.msh2","scan",1623113602536831108,1623113602565570483
6,"build/tests/sizes/cube-716-asc.msh2","chck",1623113602531557664,1623113602565577512
6,"build/tests/sizes/cube-2653-bin.cgns","scan",1623113602588414990,1623113602819644250
6,"build/tests/sizes/cube-2653-bin.cgns","chck",1623113602565578871,1623113602819650258
6,"build/tests/sizes/cube-2388-asc.bdf","scan",1623113602831979619,1623113603031405062
6,"build/tests/sizes/cube-2388-asc.bdf","chck",1623113602819651304,1623113603031411443
6,"build/tests/sizes/cube-1669-asc.mesh","scan",1623113603053202699,1623113603061901861
6,"build/tests/sizes/cube-1669-asc.mesh","chck",1623113603031412804,1623113603061909186
6,"build/tests/sizes/cube-2120-bin.msh4","scan",1623113603062515488,1623113603096863789
6,"build/tests/sizes/cube-2120-bin.msh4","chck",1623113603061910538,1623113603096870842
6,"build/tests/sizes/cube-1244-bin.msh4","scan",1623113603098168067,1623113603100190076
6,"build/tests/sizes/cube-1244-bin.msh4","chck",1623113603096872155,1623113603100195609
6,"build/tests/sizes/cube-2679-asc.mesh","scan",1623113603100737967,1623113603421557473
6,"build/tests/sizes/cube-2679-asc.mesh","chck",1623113603100196765,1623113603421563290
6,"build/tests/sizes/cube-292-bin.msh4","scan",1623113603439505606,1623113603446706794
6,"build/tests/sizes/cube-292-bin.msh4","chck",1623113603421564725,1623113603446713184
6,"build/tests/sizes/cube-103-geo.geo","scan",1623113603463044602,1623113603464296838
6,"build/tests/sizes/cube-103-geo.geo","chck",1623113603446714430,1623113603464302567
6,"build/tests/sizes/cube-3961-bin.vtk","scan",1623113603479130865,1623113603491369434
6,"build/tests/sizes/cube-3961-bin.vtk","chck",1623113603464303795,1623113603491375696
6,"build/tests/sizes/cube-2180-asc.msh2","scan",1623113603492001991,1623113604256532099
6,"build/tests/sizes/cube-2180-asc.msh2","chck",1623113603491377104,1623113604256551448
6,"build/tests/sizes/cube-3798-asc.mesh","scan",1623113604257306427,1623113604290746526
6,"build/tests/sizes/cube-3798-asc.mesh","chck",1623113604256552603,1623113604290754005
6,"build/tests/sizes/cube-1130-bin.msh2","scan",1623113604304264364,1623113604312703851
6,"build/tests/sizes/cube-1130-bin.msh2","chck",1623113604290755426,1623113604312711846
6,"build/tests/sizes/cube-644-bin.cgns","scan",1623113604327326949,1623113604439519873
6,"build/tests/sizes/cube-644-bin.cgns","chck",1623113604312713314,1623113604439526067
6,"build/tests/sizes/cube-3781-bin.vtk","scan",1623113604440589986,1623113604487046835
6,"build/tests/sizes/cube-3781-bin.vtk","chck",1623113604439527087,1623113604487053988
6,"build/tests/sizes/cube-214-geo.geo","scan",1623113604500322083,1623113604501680452
6,"build/tests/sizes/cube-214-geo.geo","chck",1623113604487055274,1623113604501687001
6,"build/tests/sizes/cube-2957-asc.bdf","scan",1623113604502355051,1623113604779075174
6,"build/tests/sizes/cube-2957-asc.bdf","chck",1623113604501688305,1623113604779081948
6,"build/tests/sizes/cube-1333-bin.msh2","scan",1623113604796014403,1623113606624778730
6,"build/tests/sizes/cube-1333-bin.msh2","chck",1623113604779083218,1623113606624784990
6,"build/tests/sizes/cube-1284-bin.msh2","scan",1623113606642816572,1623113606651455958
6,"build/tests/sizes/cube-1284-bin.msh2","chck",1623113606624786596,1623113606651463023
6,"build/tests/sizes/cube-859-bin.vtk","scan",1623113606668967207,1623113606726800502
6,"build/tests/sizes/cube-859-bin.vtk","chck",1623113606651464377,1623113606726811392
6,"build/tests/sizes/cube-3666-geo.geo_unrolled","scan",1623113606727414068,1623113606728485340
6,"build/tests/sizes/cube-3666-geo.geo_unrolled","chck",1623113606726812564,1623113606728489218
6,"build/tests/sizes/cube-987-bin.msh4","scan",1623113606744936287,1623113606752312973
6,"build/tests/sizes/cube-987-bin.msh4","chck",1623113606728490200,1623113606752319359
6,"build/tests/sizes/cube-3626-asc.bdf","scan",1623113606816009890,1623113607161983294
6,"build/tests/sizes/cube-3626-asc.bdf","chck",1623113606752320471,1623113607161989431
6,"build/tests/sizes/cube-3761-stl-bin.geo","scan",1623113607162951953,1623113607199893579
6,"build/tests/sizes/cube-3761-stl-bin.geo","chck",1623113607161990460,1623113607199900709
6,"build/tests/sizes/cube-1252-bin.msh4","scan",1623113607216885792,1623113607273275782
6,"build/tests/sizes/cube-1252-bin.msh4","chck",1623113607199901953,1623113607273283003
6,"build/tests/sizes/cube-393-asc.bdf","scan",1623113607296149989,1623113607574527142
6,"build/tests/sizes/cube-393-asc.bdf","chck",1623113607273284365,1623113607574532578
6,"build/tests/sizes/cube-3818-bin.vtk","scan",1623113607575192028,1623113607590472397
6,"build/tests/sizes/cube-3818-bin.vtk","chck",1623113607574533514,1623113607590478370
6,"build/tests/sizes/cube-355-geo.geo","scan",1623113607606918144,1623113607608189711
6,"build/tests/sizes/cube-355-geo.geo","chck",1623113607590479572,1623113607608196054
6,"build/tests/sizes/cube-350-asc.msh2","scan",1623113607621563298,1623113607869422887
6,"build/tests/sizes/cube-350-asc.msh2","chck",1623113607608197348,1623113607869427891
6,"build/tests/sizes/cube-3071-bin.vtk","scan",1623113607870080547,1623113607932274488
6,"build/tests/sizes/cube-3071-bin.vtk","chck",1623113607869428815,1623113607932280045
6,"build/tests/sizes/cube-3622-asc.mesh","scan",1623113607942158604,1623113609321163088
6,"build/tests/sizes/cube-3622-asc.mesh","chck",1623113607932281022,1623113609321184767
6,"build/tests/sizes/cube-3692-bin.msh4","scan",1623113609321794572,1623113609326626475
6,"build/tests/sizes/cube-3692-bin.msh4","chck",1623113609321186174,1623113609326633318
6,"build/tests/sizes/cube-3603-geo.geo_unrolled","scan",1623113609327385086,1623113609328518482
6,"build/tests/sizes/cube-3603-geo.geo_unrolled","chck",1623113609326634741,1623113609328523840
6,"build/tests/sizes/cube-2852-bin.vtk","scan",1623113609349492447,1623113609357829868
6,"build/tests/sizes/cube-2852-bin.vtk","chck",1623113609328525069,1623113609357835805
6,"build/tests/sizes/cube-229-geo.geo_unrolled","scan",1623113609371597215,1623113609372683333
6,"build/tests/sizes/cube-229-geo.geo_unrolled","chck",1623113609357836881,1623113609372689668
6,"build/tests/sizes/cube-47-stl-bin.geo","scan",1623113609387168044,1623113609424829142
6,"build/tests/sizes/cube-47-stl-bin.geo","chck",1623113609372690799,1623113609424834230
6,"build/tests/sizes/cube-1646-geo.geo","scan",1623113609425732987,1623113609426893439
6,"build/tests/sizes/cube-1646-geo.geo","chck",1623113609424835188,1623113609426898031
6,"build/tests/sizes/cube-666-bin.msh4","scan",1623113609427874860,1623113609429573310
6,"build/tests/sizes/cube-666-bin.msh4","chck",1623113609426899026,1623113609429576947
6,"build/tests/sizes/cube-63-geo.geo","scan",1623113609442353760,1623113609443569126
6,"build/tests/sizes/cube-63-geo.geo","chck",1623113609429577873,1623113609443573753
6,"build/tests/sizes/cube-1702-geo.geo_unrolled","scan",1623113609461533813,1623113609462754345
6,"build/tests/sizes/cube-1702-geo.geo_unrolled","chck",1623113609443574995,1623113609462761405
6,"build/tests/sizes/cube-3641-bin.cgns","scan",1623113609485252582,1623113609521486894
6,"build/tests/sizes/cube-3641-bin.cgns","chck",1623113609462762518,1623113609521493909
6,"build/tests/sizes/cube-962-asc.bdf","scan",1623113609536676893,1623113611226456419
6,"build/tests/sizes/cube-962-asc.bdf","chck",1623113609521495235,1623113611226471757
6,"build/tests/sizes/cube-2305-geo.geo_unrolled","scan",1623113611227238333,1623113611267982366
6,"build/tests/sizes/cube-2305-geo.geo_unrolled","chck",1623113611226473151,1623113611267987985
6,"build/tests/sizes/cube-3853-asc.bdf","scan",1623113611291136469,1623113619213164225
6,"build/tests/sizes/cube-3853-asc.bdf","chck",1623113611268226742,1623113619213171354
6,"build/tests/sizes/cube-3555-bin.msh4","scan",1623113619285805042,1623113619286490182
6,"build/tests/sizes/cube-3555-bin.msh4","chck",1623113619213172381,1623113619286496043
6,"build/tests/sizes/cube-3213-stl-bin.geo","scan",1623113619289828954,1623113619291096855
6,"build/tests/sizes/cube-3213-stl-bin.geo","chck",1623113619286497040,1623113619291101671
6,"build/tests/sizes/cube-3490-bin.vtk","scan",1623113619302852678,1623113619307521695
6,"build/tests/sizes/cube-3490-bin.vtk","chck",1623113619291103057,1623113619307528180
6,"build/tests/sizes/cube-3720-stl-bin.geo","scan",1623113619322110349,1623113619326879100
6,"build/tests/sizes/cube-3720-stl-bin.geo","chck",1623113619307529320,1623113619326886386
6,"build/tests/sizes/cube-472-bin.msh4","scan",1623113619355951014,1623113619359514851
6,"build/tests/sizes/cube-472-bin.msh4","chck",1623113619326887503,1623113619359523203
6,"build/tests/sizes/cube-1979-stl-bin.geo","scan",1623113619384121614,1623113619386031783
6,"build/tests/sizes/cube-1979-stl-bin.geo","chck",1623113619359524223,1623113619386037450
6,"build/tests/sizes/cube-3823-stl-bin.geo","scan",1623113619407801747,1623113619409674157
6,"build/tests/sizes/cube-3823-stl-bin.geo","chck",1623113619386038730,1623113619409679712
6,"build/tests/sizes/cube-1667-bin.msh2","scan",1623113619414993441,1623113619416868299
6,"build/tests/sizes/cube-1667-bin.msh2","chck",1623113619409680930,1623113619416873092
6,"build/tests/sizes/cube-821-asc.mesh","scan",1623113619462274120,1623113619462324864
6,"build/tests/sizes/cube-821-asc.mesh","chck",1623113619416874053,1623113619462332520
6,"build/tests/sizes/cube-65-asc.msh2","scan",1623113619489136573,1623113619489163684
6,"build/tests/sizes/cube-65-asc.msh2","chck",1623113619462333671,1623113619489168459
6,"build/tests/sizes/cube-1207-geo.geo","scan",1623113619511976906,1623113619512000821
6,"build/tests/sizes/cube-1207-geo.geo","chck",1623113619489169293,1623113619512005767
6,"build/tests/sizes/cube-3284-geo.geo","scan",1623113619528245498,1623113619528273041
6,"build/tests/sizes/cube-3284-geo.geo","chck",1623113619512006757,1623113619528278138
6,"build/tests/sizes/cube-559-asc.mesh","scan",1623113619539774604,1623113619539797810
6,"build/tests/sizes/cube-559-asc.mesh","chck",1623113619528279073,1623113619539801472
6,"build/tests/sizes/cube-2709-asc.msh2","scan",1623113619540452444,1623113619540471219
6,"build/tests/sizes/cube-2709-asc.msh2","chck",1623113619539802325,1623113619540473951
6,"build/tests/sizes/cube-487-bin.vtk","scan",1623113619556861618,1623113619556888728
6,"build/tests/sizes/cube-487-bin.vtk","chck",1623113619540474939,1623113619556895866
6,"build/tests/sizes/cube-22-bin.cgns","scan",1623113619577978674,1623113619674172156
6,"build/tests/sizes/cube-22-bin.cgns","chck",1623113619556896925,1623113619674180449
6,"build/tests/sizes/cube-3098-asc.mesh","scan",1623113619675896565,1623113619675924354
6,"build/tests/sizes/cube-3098-asc.mesh","chck",1623113619674181548,1623113619675928022
6,"build/tests/sizes/cube-2522-stl-bin.geo","scan",1623113619676983583,1623113619677001120
6,"build/tests/sizes/cube-2522-stl-bin.geo","chck",1623113619675928976,1623113619677003576
6,"build/tests/sizes/cube-3796-stl-bin.geo","scan",1623113619677565423,1623113619677579434
6,"build/tests/sizes/cube-3796-stl-bin.geo","chck",1623113619677004377,1623113619677581300
6,"build/tests/sizes/cube-1714-bin.msh2","scan",1623113619678613410,1623113619678632931
6,"build/tests/sizes/cube-1714-bin.msh2","chck",1623113619677582074,1623113619678635566
6,"build/tests/sizes/cube-2872-asc.mesh","scan",1623113619696822519,1623113619696850270
6,"build/tests/sizes/cube-2872-asc.mesh","chck",1623113619678636328,1623113619696853580
6,"build/tests/sizes/cube-3984-asc.bdf","scan",1623113619697408140,1623113619697426717
6,"build/tests/sizes/cube-3984-asc.bdf","chck",1623113619696854361,1623113619697429013
6,"build/tests/sizes/cube-3618-bin.msh4","scan",1623113619698077219,1623113619698092309
6,"build/tests/sizes/cube-3618-bin.msh4","chck",1623113619697429787,1623113619698094722
6,"build/tests/sizes/cube-3992-bin.cgns","scan",1623113619714135057,1623113619811543081
6,"build/tests/sizes/cube-3992-bin.cgns","chck",1623113619698095522,1623113619811549491
6,"build/tests/sizes/cube-1870-bin.msh2","scan",1623113619828000829,1623113619828030287
6,"build/tests/sizes/cube-1870-bin.msh2","chck",1623113619811550720,1623113619828035593
6,"build/tests/sizes/cube-1573-stl-bin.geo","scan",1623113619828597696,1623113619828613325
6,"build/tests/sizes/cube-1573-stl-bin.geo","chck",1623113619828036517,1623113619828615469
6,"build/tests/sizes/cube-3780-asc.bdf","scan",1623113619829121598,1623113619829137935
6,"build/tests/sizes/cube-3780-asc.bdf","chck",1623113619828616240,1623113619829140145
6,"build/tests/sizes/cube-3534-bin.vtk","scan",1623113619829628923,1623113619829643352
6,"build/tests/sizes/cube-3534-bin.vtk","chck",1623113619829140876,1623113619829645296
6,"build/tests/sizes/cube-2858-bin.cgns","scan",1623113619832731681,1623113619851265738
6,"build/tests/sizes/cube-2858-bin.cgns","chck",1623113619829646016,1623113619851270480
6,"build/tests/sizes/cube-3721-bin.cgns","scan",1623113619854835425,1623113619878831832
6,"build/tests/sizes/cube-3721-bin.cgns","chck",1623113619851271527,1623113619878838092
6,"build/tests/sizes/cube-2880-geo.geo","scan",1623113619895799847,1623113619895827623
6,"build/tests/sizes/cube-2880-geo.geo","chck",1623113619878844554,1623113619895831238
6,"build/tests/sizes/cube-1605-bin.cgns","scan",1623113619899312922,1623113619918177232
6,"build/tests/sizes/cube-1605-bin.cgns","chck",1623113619895832187,1623113619918183191
6,"build/tests/sizes/cube-1160-stl-bin.geo","scan",1623113619937848312,1623113619937880624
6,"build/tests/sizes/cube-1160-stl-bin.geo","chck",1623113619918184543,1623113619937887509
6,"build/tests/sizes/cube-3365-asc.msh2","scan",1623113619938444571,1623113619938463720
6,"build/tests/sizes/cube-3365-asc.msh2","chck",1623113619937888551,1623113619938466697
6,"build/tests/sizes/cube-2494-asc.mesh","scan",1623113619939393913,1623113619939411380
6,"build/tests/sizes/cube-2494-asc.mesh","chck",1623113619938467453,1623113619939413598
6,"build/tests/sizes/cube-3937-bin.vtk","scan",1623113619939969983,1623113619939985961
6,"build/tests/sizes/cube-3937-bin.vtk","chck",1623113619939414297,1623113619939988213
6,"build/tests/sizes/cube-3586-stl-bin.geo","scan",1623113619940496105,1623113619940510247
6,"build/tests/sizes/cube-3586-stl-bin.geo","chck",1623113619939988989,1623113619940512157
6,"build/tests/sizes/cube-3862-asc.bdf","scan",1623113619941317792,1623113619941335971
6,"build/tests/sizes/cube-3862-asc.bdf","chck",1623113619940512916,1623113619941338373
6,"build/tests/sizes/cube-2928-geo.geo","scan",1623113619949890350,1623113619949908211
6,"build/tests/sizes/cube-2928-geo.geo","chck",1623113619941339069,1623113619949910477
6,"build/tests/sizes/cube-3393-geo.geo_unrolled","scan",1623113619962084736,1623113619962102251
6,"build/tests/sizes/cube-3393-geo.geo_unrolled","chck",1623113619949911213,1623113619962104940
6,"build/tests/sizes/cube-252-bin.msh4","scan",1623113619972086173,1623113619972110738
6,"build/tests/sizes/cube-252-bin.msh4","chck",1623113619962105752,1623113619972114276
6,"build/tests/sizes/cube-935-geo.geo_unrolled","scan",1623113619985538273,1623113619985556010
6,"build/tests/sizes/cube-935-geo.geo_unrolled","chck",1623113619972115063,1623113619985558828
6,"build/tests/sizes/cube-1379-asc.bdf","scan",1623113619997639723,1623113619997666601
6,"build/tests/sizes/cube-1379-asc.bdf","chck",1623113619985559635,1623113619997672599
6,"build/tests/sizes/cube-2054-bin.cgns","scan",1623113620018345573,1623113620212333616
6,"build/tests/sizes/cube-2054-bin.cgns","chck",1623113619997673416,1623113620212340612
6,"build/tests/sizes/cube-3506-bin.cgns","scan",1623113620216267408,1623113620236263747
6,"build/tests/sizes/cube-3506-bin.cgns","chck",1623113620212342182,1623113620236269208
6,"build/tests/sizes/cube-387-stl-bin.geo","scan",1623113620256178927,1623113620256209508
6,"build/tests/sizes/cube-387-stl-bin.geo","chck",1623113620236449756,1623113620256214895
6,"build/tests/sizes/cube-3061-asc.bdf","scan",1623113620262815099,1623113620262848419
6,"build/tests/sizes/cube-3061-asc.bdf","chck",1623113620256215873,1623113620262851810
6,"build/tests/sizes/cube-3791-asc.msh2","scan",1623113620263402517,1623113620263419529
6,"build/tests/sizes/cube-3791-asc.msh2","chck",1623113620262852615,1623113620263421817
6,"build/tests/sizes/cube-712-geo.geo_unrolled","scan",1623113620280462303,1623113620280486793
6,"build/tests/sizes/cube-712-geo.geo_unrolled","chck",1623113620263422534,1623113620280492713
6,"build/tests/sizes/cube-196-asc.bdf","scan",1623113620295070810,1623113620295109922
6,"build/tests/sizes/cube-196-asc.bdf","chck",1623113620280493596,1623113620295116197
6,"build/tests/sizes/cube-1773-bin.cgns","scan",1623113620299205348,1623113620319341212
6,"build/tests/sizes/cube-1773-bin.cgns","chck",1623113620295117214,1623113620319346886
6,"build/tests/sizes/cube-3404-asc.mesh","scan",1623113620320049866,1623113620320078461
6,"build/tests/sizes/cube-3404-asc.mesh","chck",1623113620319347926,1623113620320082075
6,"build/tests/sizes/cube-3144-bin.cgns","scan",1623113620345408342,1623113620562500415
6,"build/tests/sizes/cube-3144-bin.cgns","chck",1623113620320082926,1623113620562506625
6,"build/tests/sizes/cube-913-geo.geo","scan",1623113620583629286,1623113620583662812
6,"build/tests/sizes/cube-913-geo.geo","chck",1623113620562508154,1623113620583669569
6,"build/tests/sizes/cube-175-asc.msh2","scan",1623113620591972833,1623113620592000963
6,"build/tests/sizes/cube-175-asc.msh2","chck",1623113620583671154,1623113620592005393
6,"build/tests/sizes/cube-642-asc.mesh","scan",1623113620612273243,1623113620612305391
6,"build/tests/sizes/cube-642-asc.mesh","chck",1623113620592006260,1623113620612311117
6,"build/tests/sizes/cube-3139-asc.mesh","scan",1623113620617491653,1623113620617513322
6,"build/tests/sizes/cube-3139-asc.mesh","chck",1623113620612312133,1623113620617517556
6,"build/tests/sizes/cube-396-bin.vtk","scan",1623113620632882496,1623113620632906170
6,"build/tests/sizes/cube-396-bin.vtk","chck",1623113620617518398,1623113620632909864
6,"build/tests/sizes/cube-3720-bin.cgns","scan",1623113620648348400,1623113620722347655
6,"build/tests/sizes/cube-3720-bin.cgns","chck",1623113620632910699,1623113620722354233
6,"build/tests/sizes/cube-3061-stl-bin.geo","scan",1623113620723623570,1623113620723652453
6,"build/tests/sizes/cube-3061-stl-bin.geo","chck",1623113620722355371,1623113620723655892
6,"build/tests/sizes/cube-3877-bin.cgns","scan",1623113620727737280,1623113620749100853
6,"build/tests/sizes/cube-3877-bin.cgns","chck",1623113620723656864,1623113620749106476
6,"build/tests/sizes/cube-306-geo.geo","scan",1623113620757376023,1623113620757405710
6,"build/tests/sizes/cube-306-geo.geo","chck",1623113620749107756,1623113620757410227
6,"build/tests/sizes/cube-1964-geo.geo","scan",1623113620757971189,1623113620757987418
6,"build/tests/sizes/cube-1964-geo.geo","chck",1623113620757411163,1623113620757989641
6,"build/tests/sizes/cube-2413-bin.cgns","scan",1623113620762584547,1623113620782889799
6,"build/tests/sizes/cube-2413-bin.cgns","chck",1623113620757990497,1623113620782895428
6,"build/tests/sizes/cube-2915-asc.msh2","scan",1623113620796593768,1623113620796627815
6,"build/tests/sizes/cube-2915-asc.msh2","chck",1623113620782896539,1623113620796632723
6,"build/tests/sizes/cube-3899-bin.cgns","scan",1623113620814091747,1623113620850586151
6,"build/tests/sizes/cube-3899-bin.cgns","chck",1623113620796633689,1623113620850593051
6,"build/tests/sizes/cube-2760-geo.geo","scan",1623113620852166511,1623113620852195400
6,"build/tests/sizes/cube-2760-geo.geo","chck",1623113620850594256,1623113620852199760
6,"cube-2305-geo","mesh",1623113620853121051,1623113620853211112
6,"cube-2305-geo","prep",1623113620853763738,1623113620853767294
6,"cube-2305-geo","zzzz",1623113620853770776,1623113620853843862,0,0,0
6,"cube-2305-geo","post",1623113620853845272,1623113620853984741
6,"cube-3853-asc","prep",1623113620853992901,1623113620853993264
6,"cube-3853-asc","zzzz",1623113620853993917,1623113620854047879,0,0,0
6,"cube-3853-asc","post",1623113620854048823,1623113620854064680
6,"cube-229-geo","mesh",1623113620854069443,1623113620854105355
6,"cube-229-geo","prep",1623113620854600125,1623113620854600572
6,"cube-229-geo","zzzz",1623113620854601670,1623113620854655872,0,0,0
6,"cube-229-geo","post",1623113620854656938,1623113620854712134
6,"cube-3071-bin","prep",1623113620854721523,1623113620882749816
6,"cube-3071-bin","zzzz",1623113620882756709,1623113622524134705,30574,45381,136143
6,"cube-3071-bin","post",1623113622524143588,1623113622535700426
6,"cube-350-asc","prep",1623113622535746703,1623113622569214671
6,"cube-350-asc","zzzz",1623113622569222445,1623113624335770759,32204,47738,143214
6,"cube-350-asc","post",1623113624335779664,1623113624345122931
6,"cube-3818-bin","prep",1623113624345161516,1623113624352249124
6,"cube-3818-bin","zzzz",1623113624352254283,1623113624501337037,5329,8580,25740
6,"cube-3818-bin","post",1623113624501356513,1623113624502792074
6,"cube-3761-stl-bin","mesh",1623113624502951077,1623113624506136987
6,"cube-3761-stl-bin","prep",1623113624507232980,1623113624507245430
6,"cube-3761-stl-bin","zzzz",1623113624507247346,1623113624716121260,0,10860,32580
6,"cube-3761-stl-bin","post",1623113624716128438,1623113624718475003
6,"cube-666-bin","prep",1623113624718499332,1623113624719194142
6,"cube-666-bin","zzzz",1623113624719196124,1623113624726621146,472,957,2871
6,"cube-666-bin","post",1623113624726626143,1623113624726833729
6,"cube-2957-asc","prep",1623113624726894375,1623113624751016761
6,"cube-2957-asc","zzzz",1623113624751020101,1623113626979870866,37999,56021,168063
6,"cube-2957-asc","post",1623113626979880724,1623113626985590434
6,"cube-1702-geo","mesh",1623113626985630629,1623113626987664844
6,"cube-1702-geo","prep",1623113626988277568,1623113626988279337
6,"cube-1702-geo","zzzz",1623113626988280904,1623113626988337696,0,0,0
6,"cube-1702-geo","post",1623113626988339030,1623113626988406736
6,"cube-355-geo","mesh",1623113626988414024,1623113626988448467
6,"cube-355-geo","prep",1623113626988931811,1623113626988932327
6,"cube-355-geo","zzzz",1623113626988933350,1623113626988987775,0,0,0
6,"cube-355-geo","post",1623113626988988899,1623113626989098218
6,"cube-3626-asc","prep",1623113626989104368,1623113627021404430
6,"cube-3626-asc","zzzz",1623113627021408508,1623113629441422268,40217,59282,177846
6,"cube-3626-asc","post",1623113629441434528,1623113629454578600
6,"cube-393-asc","prep",1623113629454623070,1623113629482482919
6,"cube-393-asc","zzzz",1623113629482487777,1623113631196107805,31548,46748,140244
6,"cube-393-asc","post",1623113631196117954,1623113631206302833
6,"cube-2858-bin.cgns","prep",1623113631206342669,1623113631213452013
6,"cube-2858-bin.cgns","zzzz",1623113631213458090,1623113633842854512,42623,62763,188289
6,"cube-2858-bin.cgns","post",1623113633842862814,1623113633842919374
6,"cube-3692-bin","prep",1623113633842963140,1623113633848259956
6,"cube-3692-bin","zzzz",1623113633848264523,1623113634176040007,9419,14869,44607
6,"cube-3692-bin","post",1623113634176050208,1623113634177132635
6,"cube-47-stl-bin","mesh",1623113634177248080,1623113634177383780
6,"cube-47-stl-bin","prep",1623113634178030238,1623113634178040609
6,"cube-47-stl-bin","zzzz",1623113634178042079,1623113634221361225,0,3604,10812
6,"cube-47-stl-bin","post",1623113634221369429,1623113634221539862
6,"cube-3720-bin.cgns","prep",1623113634221565423,1623113634240713250
6,"cube-3720-bin.cgns","zzzz",1623113634240719611,1623113634356564142,4397,7196,21588
6,"cube-3720-bin.cgns","post",1623113634356572447,1623113634356608321
6,"cube-3144-bin.cgns","prep",1623113634356654820,1623113634474280613
6,"cube-3144-bin.cgns","zzzz",1623113634474291060,1623113650463305867,152082,215036,645108
6,"cube-3144-bin.cgns","post",1623113650463317274,1623113650463356786
6,"cube-2413-bin.cgns","prep",1623113650463399782,1623113650464363545
6,"cube-2413-bin.cgns","zzzz",1623113650464366901,1623113650622674334,5560,8948,26844
6,"cube-2413-bin.cgns","post",1623113650623002151,1623113650623039346
6,"cube-22-bin.cgns","prep",1623113650623079746,1623113650656801772
6,"cube-22-bin.cgns","zzzz",1623113650656810682,1623113658657037271,93654,134366,403098
6,"cube-22-bin.cgns","post",1623113658657048029,1623113658657085285
6,"cube-3992-bin.cgns","prep",1623113658657125333,1623113658684604711
6,"cube-3992-bin.cgns","zzzz",1623113658684609161,1623113660998620048,38931,57458,172374
6,"cube-3992-bin.cgns","post",1623113660998633717,1623113660998694480
6,"cube-1669-asc","prep",1623113660998750883,1623113660999014003
6,"cube-1669-asc","zzzz",1623113660999017812,1623113661002976623,192,589,1767
6,"cube-1669-asc","post",1623113661002987053,1623113661003130026
6,"cube-3506-bin.cgns","prep",1623113661003143838,1623113661003657993
6,"cube-3506-bin.cgns","zzzz",1623113661003660296,1623113661033112303,1480,2707,8121
6,"cube-3506-bin.cgns","post",1623113661033122407,1623113661033158268
6,"cube-962-asc","prep",1623113661033176368,1623113661156839017
6,"cube-962-asc","zzzz",1623113661156847575,1623113685724258450,204516,287388,862164
6,"cube-962-asc","post",1623113685724272488,1623113685742219959
6,"cube-3781-bin","prep",1623113685742252789,1623113685755411190
6,"cube-3781-bin","zzzz",1623113685755415578,1623113686931694878,24230,35999,107997
6,"cube-3781-bin","post",1623113686931705497,1623113686934949383
6,"cube-2054-bin.cgns","prep",1623113686934976793,1623113687050682394
6,"cube-2054-bin.cgns","zzzz",1623113687050690160,1623113708987416615,189191,266274,798822
6,"cube-2054-bin.cgns","post",1623113708987431233,1623113708987495493
6,"cube-2180-asc","prep",1623113708987564814,1623113709064512699
6,"cube-2180-asc","zzzz",1623113709064519015,1623113721846294993,130216,184720,554160
6,"cube-2180-asc","post",1623113721846308845,1623113721862953141
6,"cube-2653-bin.cgns","prep",1623113721862991243,1623113721997531172
6,"cube-2653-bin.cgns","zzzz",1623113721997540011,1623113739241073209,160235,226252,678756
6,"cube-2653-bin.cgns","post",1623113739241087370,1623113739241142728
6,"cube-1605-bin.cgns","prep",1623113739241201077,1623113739354692917
6,"cube-1605-bin.cgns","zzzz",1623113739354701232,1623113921419749135,823301,1127577,3382731
6,"cube-1605-bin.cgns","post",1623113921419763505,1623113921419835344
6,"cube-3721-bin.cgns","prep",1623113921420362359,1623113921426016175
6,"cube-3721-bin.cgns","zzzz",1623113921426019561,1623113923331994535,33873,50228,150684
6,"cube-3721-bin.cgns","post",1623113923332005021,1623113923332054467
6,"cube-3494-bin.cgns","prep",1623113923332100881,1623113923332489581
6,"cube-3494-bin.cgns","zzzz",1623113923332492018,1623113923356612336,1282,2329,6987
6,"cube-3494-bin.cgns","post",1623113923356622365,1623113923356662179
6,"cube-799-asc","prep",1623113923356706981,1623113923359784633
6,"cube-799-asc","zzzz",1623113923359786149,1623113923505974767,5237,8451,25353
6,"cube-799-asc","post",1623113923505987154,1623113923507009391
6,"cube-3622-asc","prep",1623113923507057950,1623113923511202221
6,"cube-3622-asc","zzzz",1623113923511204717,1623113976576897519,27810,481969,1445907
6,"cube-3622-asc","post",1623113976576913020,1623113976629674830
6,"cube-644-bin.cgns","prep",1623113976629710575,1623113976645477207
6,"cube-644-bin.cgns","zzzz",1623113976645480368,1623113976674900814,1480,2705,8115
6,"cube-644-bin.cgns","post",1623113976674911039,1623113976674964998
6,"cube-3798-asc","prep",1623113976675012250,1623113976675589630
6,"cube-3798-asc","zzzz",1623113976675591130,1623113976996416655,2400,14640,43920
6,"cube-3798-asc","post",1623113976996426899,1623113976998794586
6,"cube-204-geo","mesh",1623113976998808924,1623113976998869896
6,"cube-204-geo","prep",1623113976999623283,1623113976999624071
6,"cube-204-geo","zzzz",1623113976999625392,1623113976999681058,0,0,0
6,"cube-204-geo","post",1623113976999682448,1623113976999735811
6,"cube-716-asc","prep",1623113976999741934,1623113976999960275
6,"cube-716-asc","zzzz",1623113976999961193,1623113977005060615,340,715,2145
6,"cube-716-asc","post",1623113977005082118,1623113977005146438
6,"cube-3641-bin.cgns","prep",1623113977005158519,1623113977005465835
6,"cube-3641-bin.cgns","zzzz",1623113977005467907,1623113977007187677,135,306,918
6,"cube-3641-bin.cgns","post",1623113977007197598,1623113977007237723
6,"cube-2120-bin","prep",1623113977007276385,1623113977050181884
6,"cube-2120-bin","zzzz",1623113977050186729,1623113983146289141,77387,111557,334671
6,"cube-2120-bin","post",1623113983146299753,1623113983152877481
6,"cube-1252-bin","prep",1623113983153226457,1623113983155579406
6,"cube-1252-bin","zzzz",1623113983155581772,1623113983261675446,4121,6753,20259
6,"cube-1252-bin","post",1623113983261685615,1623113983263698566
6,"cube-3877-bin.cgns","prep",1623113983263726575,1623113983265243464
6,"cube-3877-bin.cgns","zzzz",1623113983265246129,1623113983457518128,6412,10234,30702
6,"cube-3877-bin.cgns","post",1623113983457528317,1623113983457576903
6,"cube-103-geo","mesh",1623113983457624747,1623113983457763572
6,"cube-103-geo","prep",1623113983458607320,1623113983458608175
6,"cube-103-geo","zzzz",1623113983458609384,1623113983458664675,0,0,0
6,"cube-103-geo","post",1623113983458665812,1623113983458723341
6,"cube-1646-geo","mesh",1623113983458729730,1623113983458765966
6,"cube-1646-geo","prep",1623113983459219713,1623113983459220256
6,"cube-1646-geo","zzzz",1623113983459221235,1623113983459275466,0,0,0
6,"cube-1646-geo","post",1623113983459276530,1623113983459422631
6,"cube-214-geo","mesh",1623113983459428044,1623113983459460508
6,"cube-214-geo","prep",1623113983459923552,1623113983459924032
6,"cube-214-geo","zzzz",1623113983459925018,1623113983459979281,0,0,0
6,"cube-214-geo","post",1623113983459980345,1623113983460067223
6,"cube-1773-bin.cgns","prep",1623113983460072122,1623113983467559150
6,"cube-1773-bin.cgns","zzzz",1623113983467562219,1623113990604113560,86303,124254,372762
6,"cube-1773-bin.cgns","post",1623113990604128274,1623113990604183873
6,"cube-993-bin","prep",1623113990604246142,1623113991358887119
6,"cube-993-bin","zzzz",1623113991358894650,1623114222938595282,986893,1350501,4051503
6,"cube-993-bin","post",1623114222938611270,1623114223026392428
6,"cube-3961-bin","prep",1623114223026769614,1623114223027020335
6,"cube-3961-bin","zzzz",1623114223027022722,1623114223032167814,345,722,2166
6,"cube-3961-bin","post",1623114223032178060,1623114223032327726
6,"cube-63-geo","mesh",1623114223032363832,1623114223032478423
6,"cube-63-geo","prep",1623114223033033706,1623114223033034477
6,"cube-63-geo","zzzz",1623114223033035656,1623114223033091033,0,0,0
6,"cube-63-geo","post",1623114223033092084,1623114223033290123
6,"cube-859-bin","prep",1623114223033308658,1623114223044460435
6,"cube-859-bin","zzzz",1623114223044462643,1623114223908697284,19416,29091,87273
6,"cube-859-bin","post",1623114223908710522,1623114223911664040
6,"cube-2852-bin","prep",1623114223911695560,1623114223912756137
6,"cube-2852-bin","zzzz",1623114223912757849,1623114223923828948,680,1293,3879
6,"cube-2852-bin","post",1623114223923853175,1623114223924132206
6,"cube-3666-geo","mesh",1623114223924168340,1623114223924269712
6,"cube-3666-geo","prep",1623114223924887416,1623114223924888144
6,"cube-3666-geo","zzzz",1623114223924889278,1623114223924944366,0,0,0
6,"cube-3666-geo","post",1623114223924945412,1623114223925012019
6,"cube-3899-bin.cgns","prep",1623114223925017503,1623114223925455616
6,"cube-3899-bin.cgns","zzzz",1623114223925457391,1623114223927369814,148,333,999
6,"cube-3899-bin.cgns","post",1623114223927379832,1623114223927427035
6,"cube-1333-bin","prep",1623114223927468715,1623114224250567830
6,"cube-1333-bin","zzzz",1623114224250574682,1623114308657028015,475010,656669,1970007
6,"cube-1333-bin","post",1623114308657041844,1623114308714525074
6,"cube-3603-geo","mesh",1623114308714568999,1623114308714623609
6,"cube-3603-geo","prep",1623114308717806261,1623114308717807618
6,"cube-3603-geo","zzzz",1623114308717810793,1623114308717869302,0,0,0
6,"cube-3603-geo","post",1623114308717871422,1623114308717939371
6,"cube-1130-bin","prep",1623114308717947198,1623114308718187126
6,"cube-1130-bin","zzzz",1623114308718188555,1623114308723036427,336,689,2067
6,"cube-1130-bin","post",1623114308723566172,1623114308723639709
6,"cube-2388-asc","prep",1623114308723653035,1623114308724352199
6,"cube-2388-asc","zzzz",1623114308724353982,1623114308748476841,1283,2330,6990
6,"cube-2388-asc","post",1623114308748498709,1623114308748860562
6,"cube-1284-bin","prep",1623114308748995328,1623114308749653003
6,"cube-1284-bin","zzzz",1623114308749654385,1623114308757408955,494,986,2958
6,"cube-1284-bin","post",1623114308757419116,1623114308757791116
6,"cube-1244-bin","prep",1623114308757824251,1623114308758467737
6,"cube-1244-bin","zzzz",1623114308758469302,1623114308777775029,1106,1970,5910
6,"cube-1244-bin","post",1623114308777779805,1623114308777922859
6,"cube-2679-asc","prep",1623114308777973295,1623114308779501912
6,"cube-2679-asc","zzzz",1623114308779503408,1623114317250723902,11528,139683,419049
6,"cube-2679-asc","post",1623114317250739653,1623114317265631300
6,"cube-987-bin","prep",1623114317265664858,1623114317265922176
6,"cube-987-bin","zzzz",1623114317265923732,1623114317269803540,285,580,1740
6,"cube-987-bin","post",1623114317269814061,1623114317270091067
6,"cube-292-bin","prep",1623114317270132464,1623114317270455570
6,"cube-292-bin","zzzz",1623114317270458898,1623114317272168676,133,304,912
6,"cube-292-bin","post",1623114317272178599,1623114317272351216
6,"Proc","exit_task",1623113578265285319,1623114317294332919,1244968
