38,"build/tests/sizes/cube-2431-bin.msh2","scan",1623113595900935568,1623113596274090784
38,"build/tests/sizes/cube-2431-bin.msh2","chck",1623113595899471746,1623113596274225976
38,"build/tests/sizes/cube-1806-bin.cgns","scan",1623113596284173079,1623113596304619419
38,"build/tests/sizes/cube-1806-bin.cgns","chck",1623113596274227471,1623113596304631936
38,"build/tests/sizes/cube-168-asc.msh2","scan",1623113596329685276,1623113596360719340
38,"build/tests/sizes/cube-168-asc.msh2","chck",1623113596304632982,1623113596360723608
38,"build/tests/sizes/cube-1369-stl-bin.geo","scan",1623113596395788668,1623113596441576688
38,"build/tests/sizes/cube-1369-stl-bin.geo","chck",1623113596360724552,1623113596441581911
38,"build/tests/sizes/cube-3060-asc.bdf","scan",1623113596453829113,1623113596480465741
38,"build/tests/sizes/cube-3060-asc.bdf","chck",1623113596441582996,1623113596480472946
38,"build/tests/sizes/cube-946-bin.vtk","scan",1623113596503410910,1623113598724633154
38,"build/tests/sizes/cube-946-bin.vtk","chck",1623113596480473992,1623113598724656789
38,"build/tests/sizes/cube-3800-bin.msh2","scan",1623113598742731622,1623113598774957677
38,"build/tests/sizes/cube-3800-bin.msh2","chck",1623113598724657994,1623113598774964186
38,"build/tests/sizes/cube-3109-bin.msh4","scan",1623113598786681267,1623113598793916856
38,"build/tests/sizes/cube-3109-bin.msh4","chck",1623113598774965336,1623113598793921987
38,"build/tests/sizes/cube-269-stl-bin.geo","scan",1623113598808988303,1623113598828200183
38,"build/tests/sizes/cube-269-stl-bin.geo","chck",1623113598793923112,1623113598828206822
38,"build/tests/sizes/cube-3497-bin.msh2","scan",1623113598830787049,1623113598834199013
38,"build/tests/sizes/cube-3497-bin.msh2","chck",1623113598828208049,1623113598834204973
38,"build/tests/sizes/cube-1310-bin.vtk","scan",1623113598836463184,1623113598844439118
38,"build/tests/sizes/cube-1310-bin.vtk","chck",1623113598834206211,1623113598844444322
38,"build/tests/sizes/cube-70-bin.cgns","scan",1623113598863085868,1623113598967108588
38,"build/tests/sizes/cube-70-bin.cgns","chck",1623113598844445752,1623113598967115190
38,"build/tests/sizes/cube-2426-geo.geo_unrolled","scan",1623113598987338981,1623113598990599896
38,"build/tests/sizes/cube-2426-geo.geo_unrolled","chck",1623113598967116293,1623113598990605120
38,"build/tests/sizes/cube-3089-bin.cgns","scan",1623113598995582811,1623113599014438472
38,"build/tests/sizes/cube-3089-bin.cgns","chck",1623113598990606112,1623113599014444728
38,"build/tests/sizes/cube-2476-asc.bdf","scan",1623113599022460194,1623113599360159703
38,"build/tests/sizes/cube-2476-asc.bdf","chck",1623113599014446048,1623113599360176964
38,"build/tests/sizes/cube-1142-asc.bdf","scan",1623113599363271086,1623113600303741381
38,"build/tests/sizes/cube-1142-asc.bdf","chck",1623113599360178123,1623113600303753926
38,"build/tests/sizes/cube-232-bin.vtk","scan",1623113600311935316,1623113600363118396
38,"build/tests/sizes/cube-232-bin.vtk","chck",1623113600303755287,1623113600363124129
38,"build/tests/sizes/cube-2733-bin.msh2","scan",1623113600364201206,1623113600366153866
38,"build/tests/sizes/cube-2733-bin.msh2","chck",1623113600363125192,1623113600366158550
38,"build/tests/sizes/cube-1206-bin.cgns","scan",1623113600370963538,1623113600393536820
38,"build/tests/sizes/cube-1206-bin.cgns","chck",1623113600366159510,1623113600393541663
38,"build/tests/sizes/cube-1407-asc.bdf","scan",1623113600395048320,1623113600398277754
38,"build/tests/sizes/cube-1407-asc.bdf","chck",1623113600393542672,1623113600398281915
38,"build/tests/sizes/cube-3880-bin.cgns","scan",1623113600402216698,1623113600421930307
38,"build/tests/sizes/cube-3880-bin.cgns","chck",1623113600398283023,1623113600421936175
38,"build/tests/sizes/cube-1685-asc.bdf","scan",1623113600422565947,1623113600431153745
38,"build/tests/sizes/cube-1685-asc.bdf","chck",1623113600421937377,1623113600431159604
38,"build/tests/sizes/cube-2599-geo.geo","scan",1623113600431743116,1623113600433538804
38,"build/tests/sizes/cube-2599-geo.geo","chck",1623113600431160814,1623113600433542794
38,"build/tests/sizes/cube-971-bin.vtk","scan",1623113600446036088,1623113600460325328
38,"build/tests/sizes/cube-971-bin.vtk","chck",1623113600433543721,1623113600460335267
38,"build/tests/sizes/cube-2556-asc.mesh","scan",1623113600461606434,1623113600920258817
38,"build/tests/sizes/cube-2556-asc.mesh","chck",1623113600460336460,1623113600920265543
38,"build/tests/sizes/cube-2356-bin.msh2","scan",1623113600920979487,1623113600922981642
38,"build/tests/sizes/cube-2356-bin.msh2","chck",1623113600920267120,1623113600922986979
38,"build/tests/sizes/cube-1949-asc.mesh","scan",1623113600923560613,1623113600925024912
38,"build/tests/sizes/cube-1949-asc.mesh","chck",1623113600922988014,1623113600925029023
38,"build/tests/sizes/cube-565-bin.vtk","scan",1623113600926056103,1623113602794969992
38,"build/tests/sizes/cube-565-bin.vtk","chck",1623113600925029905,1623113602794977659
38,"build/tests/sizes/cube-3838-asc.bdf","scan",1623113602796144694,1623113610071112066
38,"build/tests/sizes/cube-3838-asc.bdf","chck",1623113602794979168,1623113610071142561
38,"build/tests/sizes/cube-2272-asc.msh2","scan",1623113610091809729,1623113610167024635
38,"build/tests/sizes/cube-2272-asc.msh2","chck",1623113610071144210,1623113610167031054
38,"build/tests/sizes/cube-897-geo.geo_unrolled","scan",1623113610183244889,1623113610184385192
38,"build/tests/sizes/cube-897-geo.geo_unrolled","chck",1623113610167032214,1623113610184391240
38,"build/tests/sizes/cube-878-geo.geo","scan",1623113610185366690,1623113610186483549
38,"build/tests/sizes/cube-878-geo.geo","chck",1623113610184392291,1623113610186491082
38,"build/tests/sizes/cube-3362-stl-bin.geo","scan",1623113610186997943,1623113610199861780
38,"build/tests/sizes/cube-3362-stl-bin.geo","chck",1623113610186492447,1623113610199867922
38,"build/tests/sizes/cube-960-asc.mesh","scan",1623113610215509973,1623113610237197155
38,"build/tests/sizes/cube-960-asc.mesh","chck",1623113610199869079,1623113610237212541
38,"build/tests/sizes/cube-734-bin.msh2","scan",1623113610249996453,1623113610273723929
38,"build/tests/sizes/cube-734-bin.msh2","chck",1623113610237213835,1623113610273730566
38,"build/tests/sizes/cube-676-asc.mesh","scan",1623113610274655306,1623113610277130973
38,"build/tests/sizes/cube-676-asc.mesh","chck",1623113610273731753,1623113610277137558
38,"build/tests/sizes/cube-2219-stl-bin.geo","scan",1623113610300623154,1623113610387358203
38,"build/tests/sizes/cube-2219-stl-bin.geo","chck",1623113610277138736,1623113610387364674
38,"build/tests/sizes/cube-730-bin.msh2","scan",1623113610404873859,1623113610413455685
38,"build/tests/sizes/cube-730-bin.msh2","chck",1623113610387365711,1623113610413461981
38,"build/tests/sizes/cube-14-asc.msh2","scan",1623113610432173164,1623113613633567585
38,"build/tests/sizes/cube-14-asc.msh2","chck",1623113610413463128,1623113613633574627
38,"build/tests/sizes/cube-3753-geo.geo","scan",1623113613645575834,1623113613646994872
38,"build/tests/sizes/cube-3753-geo.geo","chck",1623113613633576019,1623113613647000759
38,"build/tests/sizes/cube-1261-bin.msh4","scan",1623113613662811276,1623113614031684908
38,"build/tests/sizes/cube-1261-bin.msh4","chck",1623113613647001735,1623113614031691875
38,"build/tests/sizes/cube-2661-geo.geo_unrolled","scan",1623113614032791004,1623113614033896620
38,"build/tests/sizes/cube-2661-geo.geo_unrolled","chck",1623113614031693129,1623113614033902455
38,"build/tests/sizes/cube-1368-asc.bdf","scan",1623113614034872493,1623113614042755545
38,"build/tests/sizes/cube-1368-asc.bdf","chck",1623113614033903409,1623113614042760922
38,"build/tests/sizes/cube-1008-asc.msh2","scan",1623113614044142474,1623113614119150164
38,"build/tests/sizes/cube-1008-asc.msh2","chck",1623113614042761931,1623113614119156992
38,"build/tests/sizes/cube-819-bin.vtk","scan",1623113614131761190,1623113614342949757
38,"build/tests/sizes/cube-819-bin.vtk","chck",1623113614119158209,1623113614342956579
38,"build/tests/sizes/cube-195-asc.bdf","scan",1623113614359374118,1623113614412720106
38,"build/tests/sizes/cube-195-asc.bdf","chck",1623113614342957736,1623113614412726217
38,"build/tests/sizes/cube-2539-geo.geo","scan",1623113614413833235,1623113614415047393
38,"build/tests/sizes/cube-2539-geo.geo","chck",1623113614412727389,1623113614415272595
38,"build/tests/sizes/cube-3347-bin.msh4","scan",1623113614430302849,1623113614455983105
38,"build/tests/sizes/cube-3347-bin.msh4","chck",1623113614415274010,1623113614455994323
38,"build/tests/sizes/cube-882-asc.mesh","scan",1623113614473724277,1623113614519955169
38,"build/tests/sizes/cube-882-asc.mesh","chck",1623113614455995629,1623113614519961866
38,"build/tests/sizes/cube-3877-geo.geo_unrolled","scan",1623113614533532441,1623113614534750603
38,"build/tests/sizes/cube-3877-geo.geo_unrolled","chck",1623113614519963014,1623113614534757394
38,"build/tests/sizes/cube-2430-bin.msh4","scan",1623113614535761693,1623113614548042228
38,"build/tests/sizes/cube-2430-bin.msh4","chck",1623113614534758417,1623113614548049395
38,"build/tests/sizes/cube-2931-asc.msh2","scan",1623113614548758740,1623113624584375664
38,"build/tests/sizes/cube-2931-asc.msh2","chck",1623113614548050731,1623113624584383601
38,"build/tests/sizes/cube-3011-bin.msh4","scan",1623113624591641148,1623113624702024668
38,"build/tests/sizes/cube-3011-bin.msh4","chck",1623113624584384821,1623113624702031512
38,"build/tests/sizes/cube-3728-geo.geo_unrolled","scan",1623113624702701950,1623113624703784271
38,"build/tests/sizes/cube-3728-geo.geo_unrolled","chck",1623113624702032847,1623113624703788883
38,"build/tests/sizes/cube-2718-geo.geo_unrolled","scan",1623113624722472851,1623113624723530582
38,"build/tests/sizes/cube-2718-geo.geo_unrolled","chck",1623113624703789997,1623113624723535052
38,"build/tests/sizes/cube-1723-bin.cgns","scan",1623113624726986112,1623113624747408839
38,"build/tests/sizes/cube-1723-bin.cgns","chck",1623113624723536539,1623113624747413985
38,"build/tests/sizes/cube-2017-geo.geo_unrolled","scan",1623113624767992941,1623113624769108995
38,"build/tests/sizes/cube-2017-geo.geo_unrolled","chck",1623113624747415055,1623113624769114953
38,"build/tests/sizes/cube-510-asc.msh2","scan",1623113624780273343,1623113638495312760
38,"build/tests/sizes/cube-510-asc.msh2","chck",1623113624769116178,1623113638495320833
38,"build/tests/sizes/cube-1266-geo.geo_unrolled","scan",1623113638499829766,1623113638691469280
38,"build/tests/sizes/cube-1266-geo.geo_unrolled","chck",1623113638495321943,1623113638691477800
38,"build/tests/sizes/cube-650-bin.vtk","scan",1623113638702347110,1623113638727138234
38,"build/tests/sizes/cube-650-bin.vtk","chck",1623113638691479149,1623113638727143979
38,"build/tests/sizes/cube-1897-stl-bin.geo","scan",1623113638744981920,1623113638855546107
38,"build/tests/sizes/cube-1897-stl-bin.geo","chck",1623113638727145073,1623113638855553189
38,"build/tests/sizes/cube-3966-geo.geo","scan",1623113638871946962,1623113638873254886
38,"build/tests/sizes/cube-3966-geo.geo","chck",1623113638855554254,1623113638873260295
38,"build/tests/sizes/cube-432-geo.geo_unrolled","scan",1623113638893383519,1623113638894484159
38,"build/tests/sizes/cube-432-geo.geo_unrolled","chck",1623113638873261630,1623113638894489106
38,"build/tests/sizes/cube-1232-bin.msh2","scan",1623113638906967699,1623113640310802143
38,"build/tests/sizes/cube-1232-bin.msh2","chck",1623113638894490227,1623113640310808896
38,"build/tests/sizes/cube-3936-geo.geo","scan",1623113640311574276,1623113640312803066
38,"build/tests/sizes/cube-3936-geo.geo","chck",1623113640310810003,1623113640312807628
38,"build/tests/sizes/cube-974-bin.cgns","scan",1623113640319404949,1623113640369971046
38,"build/tests/sizes/cube-974-bin.cgns","chck",1623113640312808561,1623113640369977638
38,"build/tests/sizes/cube-1299-bin.msh2","scan",1623113640374777002,1623113640406747182
38,"build/tests/sizes/cube-1299-bin.msh2","chck",1623113640369978634,1623113640406753690
38,"build/tests/sizes/cube-3035-bin.msh4","scan",1623113640407302861,1623113640416326805
38,"build/tests/sizes/cube-3035-bin.msh4","chck",1623113640406754901,1623113640416332497
38,"build/tests/sizes/cube-2517-asc.bdf","scan",1623113640416886741,1623113640719708549
38,"build/tests/sizes/cube-2517-asc.bdf","chck",1623113640416333482,1623113640719713840
38,"build/tests/sizes/cube-3706-stl-bin.geo","scan",1623113640720318508,1623113640741602250
38,"build/tests/sizes/cube-3706-stl-bin.geo","chck",1623113640719714885,1623113640741607532
38,"build/tests/sizes/cube-3554-asc.bdf","scan",1623113640742178087,1623113648643485624
38,"build/tests/sizes/cube-3554-asc.bdf","chck",1623113640741608735,1623113648643501710
38,"build/tests/sizes/cube-1615-geo.geo","scan",1623113648650140598,1623113648651211823
38,"build/tests/sizes/cube-1615-geo.geo","chck",1623113648643502991,1623113648651218206
38,"build/tests/sizes/cube-1385-bin.msh2","scan",1623113648675513618,1623113648675560153
38,"build/tests/sizes/cube-1385-bin.msh2","chck",1623113648651219224,1623113648675565634
38,"build/tests/sizes/cube-2681-stl-bin.geo","scan",1623113648680566715,1623113648680602105
38,"build/tests/sizes/cube-2681-stl-bin.geo","chck",1623113648675566560,1623113648680605810
38,"build/tests/sizes/cube-1969-asc.mesh","scan",1623113648698444015,1623113648698486633
38,"build/tests/sizes/cube-1969-asc.mesh","chck",1623113648680606700,1623113648698492637
38,"build/tests/sizes/cube-3149-stl-bin.geo","scan",1623113648702691358,1623113648702721904
38,"build/tests/sizes/cube-3149-stl-bin.geo","chck",1623113648698493803,1623113648702726265
38,"build/tests/sizes/cube-3804-geo.geo_unrolled","scan",1623113648706997741,1623113648707025628
38,"build/tests/sizes/cube-3804-geo.geo_unrolled","chck",1623113648702727171,1623113648707028724
38,"build/tests/sizes/cube-3480-bin.msh4","scan",1623113648723295598,1623113648723331004
38,"build/tests/sizes/cube-3480-bin.msh4","chck",1623113648707029396,1623113648723334892
38,"build/tests/sizes/cube-527-geo.geo","scan",1623113648748950685,1623113648748988278
38,"build/tests/sizes/cube-527-geo.geo","chck",1623113648723335730,1623113648748993409
38,"build/tests/sizes/cube-1311-geo.geo_unrolled","scan",1623113648772351821,1623113648772390867
38,"build/tests/sizes/cube-1311-geo.geo_unrolled","chck",1623113648748994355,1623113648772396230
38,"build/tests/sizes/cube-352-asc.msh2","scan",1623113648777769120,1623113648777806904
38,"build/tests/sizes/cube-352-asc.msh2","chck",1623113648772397193,1623113648777812184
38,"build/tests/sizes/cube-3949-asc.mesh","scan",1623113648801526244,1623113648801566779
38,"build/tests/sizes/cube-3949-asc.mesh","chck",1623113648777813089,1623113648801573132
38,"build/tests/sizes/cube-3037-bin.msh4","scan",1623113648804284628,1623113648804315697
38,"build/tests/sizes/cube-3037-bin.msh4","chck",1623113648801574276,1623113648804320007
38,"build/tests/sizes/cube-2639-asc.msh2","scan",1623113648808490953,1623113648808519755
38,"build/tests/sizes/cube-2639-asc.msh2","chck",1623113648804320899,1623113648808523017
38,"build/tests/sizes/cube-1561-asc.mesh","scan",1623113648831347176,1623113648831388491
38,"build/tests/sizes/cube-1561-asc.mesh","chck",1623113648808523861,1623113648831394181
38,"build/tests/sizes/cube-3380-bin.msh2","scan",1623113648836077021,1623113648836111564
38,"build/tests/sizes/cube-3380-bin.msh2","chck",1623113648831395366,1623113648836116006
38,"build/tests/sizes/cube-1719-asc.mesh","scan",1623113648856436137,1623113648856481156
38,"build/tests/sizes/cube-1719-asc.mesh","chck",1623113648836116854,1623113648856487617
38,"build/tests/sizes/cube-410-bin.cgns","scan",1623113648983896376,1623113649059518564
38,"build/tests/sizes/cube-410-bin.cgns","chck",1623113648856488512,1623113649059525055
38,"build/tests/sizes/cube-3967-bin.cgns","scan",1623113649074278184,1623113649109096462
38,"build/tests/sizes/cube-3967-bin.cgns","chck",1623113649059526156,1623113649109102768
38,"build/tests/sizes/cube-622-geo.geo","scan",1623113649129870156,1623113649129910901
38,"build/tests/sizes/cube-622-geo.geo","chck",1623113649109104000,1623113649129916180
38,"build/tests/sizes/cube-1127-geo.geo","scan",1623113649149423797,1623113649149456372
38,"build/tests/sizes/cube-1127-geo.geo","chck",1623113649129917134,1623113649149461730
38,"build/tests/sizes/cube-2779-bin.vtk","scan",1623113649167966206,1623113649168007896
38,"build/tests/sizes/cube-2779-bin.vtk","chck",1623113649149462934,1623113649168140108
38,"build/tests/sizes/cube-1278-asc.bdf","scan",1623113649181169907,1623113649181215337
38,"build/tests/sizes/cube-1278-asc.bdf","chck",1623113649168141874,1623113649181219002
38,"build/tests/sizes/cube-1503-asc.mesh","scan",1623113649195791126,1623113649195810661
38,"build/tests/sizes/cube-1503-asc.mesh","chck",1623113649181220057,1623113649195813488
38,"build/tests/sizes/cube-705-asc.mesh","scan",1623113649209016209,1623113649209036910
38,"build/tests/sizes/cube-705-asc.mesh","chck",1623113649195814364,1623113649209039420
38,"build/tests/sizes/cube-607-geo.geo_unrolled","scan",1623113649219807091,1623113649219824112
38,"build/tests/sizes/cube-607-geo.geo_unrolled","chck",1623113649209040092,1623113649219826758
38,"build/tests/sizes/cube-176-bin.msh2","scan",1623113649241538730,1623113649241558748
38,"build/tests/sizes/cube-176-bin.msh2","chck",1623113649219827604,1623113649241561761
38,"build/tests/sizes/cube-3142-bin.msh2","scan",1623113649242751625,1623113649242767348
38,"build/tests/sizes/cube-3142-bin.msh2","chck",1623113649241562465,1623113649242770130
38,"build/tests/sizes/cube-239-bin.vtk","scan",1623113649260233629,1623113649260252117
38,"build/tests/sizes/cube-239-bin.vtk","chck",1623113649242770858,1623113649260255431
38,"build/tests/sizes/cube-1555-asc.mesh","scan",1623113649261721610,1623113649261738172
38,"build/tests/sizes/cube-1555-asc.mesh","chck",1623113649260256112,1623113649261740587
38,"build/tests/sizes/cube-2465-bin.cgns","scan",1623113649265240087,1623113649283337323
38,"build/tests/sizes/cube-2465-bin.cgns","chck",1623113649261741252,1623113649283342992
38,"build/tests/sizes/cube-3949-bin.cgns","scan",1623113649286650162,1623113649304626359
38,"build/tests/sizes/cube-3949-bin.cgns","chck",1623113649283343925,1623113649304630952
38,"build/tests/sizes/cube-933-geo.geo","scan",1623113649319821363,1623113649319863800
38,"build/tests/sizes/cube-933-geo.geo","chck",1623113649304631949,1623113649319868101
38,"build/tests/sizes/cube-2263-bin.vtk","scan",1623113649321278373,1623113649321297962
38,"build/tests/sizes/cube-2263-bin.vtk","chck",1623113649319869302,1623113649321301262
38,"build/tests/sizes/cube-2992-asc.mesh","scan",1623113649322598001,1623113649322613985
38,"build/tests/sizes/cube-2992-asc.mesh","chck",1623113649321301992,1623113649322616395
38,"build/tests/sizes/cube-2346-bin.msh2","scan",1623113649341707054,1623113649341728051
38,"build/tests/sizes/cube-2346-bin.msh2","chck",1623113649322617125,1623113649341731443
38,"build/tests/sizes/cube-1283-stl-bin.geo","scan",1623113649365972144,1623113649366005231
38,"build/tests/sizes/cube-1283-stl-bin.geo","chck",1623113649341732220,1623113649366009692
38,"build/tests/sizes/cube-1611-asc.mesh","scan",1623113649366533273,1623113649366549298
38,"build/tests/sizes/cube-1611-asc.mesh","chck",1623113649366010843,1623113649366551411
38,"build/tests/sizes/cube-796-stl-bin.geo","scan",1623113649383364098,1623113649383383076
38,"build/tests/sizes/cube-796-stl-bin.geo","chck",1623113649366552180,1623113649383385400
38,"build/tests/sizes/cube-2498-geo.geo_unrolled","scan",1623113649384051318,1623113649384083040
38,"build/tests/sizes/cube-2498-geo.geo_unrolled","chck",1623113649383386157,1623113649384085279
38,"build/tests/sizes/cube-3686-asc.mesh","scan",1623113649384575426,1623113649384590793
38,"build/tests/sizes/cube-3686-asc.mesh","chck",1623113649384086019,1623113649384592777
38,"build/tests/sizes/cube-1871-geo.geo_unrolled","scan",1623113649405893030,1623113649405913044
38,"build/tests/sizes/cube-1871-geo.geo_unrolled","chck",1623113649384593523,1623113649405915788
38,"build/tests/sizes/cube-1638-bin.msh2","scan",1623113649422559212,1623113649422592200
38,"build/tests/sizes/cube-1638-bin.msh2","chck",1623113649405916431,1623113649422597340
38,"build/tests/sizes/cube-3508-asc.mesh","scan",1623113649423120625,1623113649423136982
38,"build/tests/sizes/cube-3508-asc.mesh","chck",1623113649422598416,1623113649423139332
38,"cube-3554-asc","prep",1623113649424167869,1623113649424170561
38,"cube-3554-asc","zzzz",1623113649424173622,1623113649424246767,0,0,0
38,"cube-3554-asc","post",1623113649424248344,1623113649424284667
38,"cube-2517-asc","prep",1623113649424294766,1623113649456498209
38,"cube-2517-asc","zzzz",1623113649456505757,1623113651716033363,38204,56503,169509
38,"cube-2517-asc","post",1623113651716042853,1623113651729322945
38,"cube-3035-bin","prep",1623113651729365635,1623113651742566593
38,"cube-3035-bin","zzzz",1623113651742571206,1623113652214699533,12329,19160,57480
38,"cube-3035-bin","post",1623113652214709800,1623113652218223151
38,"cube-650-bin","prep",1623113652218633864,1623113652220425235
38,"cube-650-bin","zzzz",1623113652220427506,1623113652242293357,1210,2163,6489
38,"cube-650-bin","post",1623113652242300297,1623113652242677205
38,"cube-1266-geo","mesh",1623113652242943249,1623113652243162516
38,"cube-1266-geo","prep",1623113652243831356,1623113652243832261
38,"cube-1266-geo","zzzz",1623113652243833421,1623113652243889730,0,0,0
38,"cube-1266-geo","post",1623113652243890894,1623113652243952042
38,"cube-510-asc","prep",1623113652243959306,1623113653845094792
38,"cube-510-asc","zzzz",1623113653845101328,1623114231740709665,1975255,2681418,8044254
38,"cube-510-asc","post",1623114231740723026,1623114232028228735
38,"cube-2017-geo","mesh",1623114232029053966,1623114232039796270
38,"cube-2017-geo","prep",1623114232144206009,1623114232144207752
38,"cube-2017-geo","zzzz",1623114232144211290,1623114232144268472,0,0,0
38,"cube-2017-geo","post",1623114232144270122,1623114232144397209
38,"cube-3011-bin","prep",1623114232144405394,1623114232163415881
38,"cube-3011-bin","zzzz",1623114232163420971,1623114233891095671,31717,46963,140889
38,"cube-3011-bin","post",1623114233891109135,1623114233900745700
38,"cube-2430-bin","prep",1623114233900782406,1623114233915048633
38,"cube-2430-bin","zzzz",1623114233915052493,1623114234852014327,20546,30764,92292
38,"cube-2430-bin","post",1623114234852030436,1623114234853680837
38,"cube-2356-bin","prep",1623114234853788386,1623114234854013082
38,"cube-2356-bin","zzzz",1623114234854014469,1623114234858811192,334,689,2067
38,"cube-2356-bin","post",1623114234858814801,1623114234859023549
38,"cube-2556-asc","prep",1623114234859046474,1623114234861055277
38,"cube-2556-asc","zzzz",1623114234861056982,1623114248271581935,14076,190838,572514
38,"cube-2556-asc","post",1623114248271595637,1623114248291244073
38,"cube-3838-asc","prep",1623114248291276016,1623114248899790194
38,"cube-3838-asc","zzzz",1623114248899797196,1623114449084199553,884534,1210742,3632226
38,"cube-3838-asc","post",1623114449084212966,1623114449188269824
38,"cube-1142-asc","prep",1623114449188595223,1623114449255091668
38,"cube-1142-asc","zzzz",1623114449255095663,1623114460483802979,119033,169123,507369
38,"cube-1142-asc","post",1623114460483814376,1623114460494073575
38,"cube-2733-bin","prep",1623114460494110920,1623114460494307632
38,"cube-2733-bin","zzzz",1623114460494308795,1623114460497192084,212,467,1401
38,"cube-2733-bin","post",1623114460497195803,1623114460497345359
38,"cube-676-asc","prep",1623114460497367941,1623114460497699440
38,"cube-676-asc","zzzz",1623114460497701977,1623114460501444029,184,564,1692
38,"cube-676-asc","post",1623114460501454764,1623114460501679209
38,"cube-2476-asc","prep",1623114460501712970,1623114460523888230
38,"cube-2476-asc","zzzz",1623114460523891290,1623114463202820421,43131,63479,190437
38,"cube-2476-asc","post",1623114463202831471,1623114463206730658
38,"cube-3753-geo","mesh",1623114463206753013,1623114463206817611
38,"cube-3753-geo","prep",1623114463207521819,1623114463207522767
38,"cube-3753-geo","zzzz",1623114463207524013,1623114463207580270,0,0,0
38,"cube-3753-geo","post",1623114463207581540,1623114463207675454
38,"cube-2539-geo","mesh",1623114463207681235,1623114463207719196
38,"cube-2539-geo","prep",1623114463208281919,1623114463208282420
38,"cube-2539-geo","zzzz",1623114463208283412,1623114463208337854,0,0,0
38,"cube-2539-geo","post",1623114463208338909,1623114463208479869
38,"cube-1369-stl-bin","mesh",1623114463208485242,1623114463208749365
38,"cube-1369-stl-bin","prep",1623114463209785667,1623114463209894805
38,"cube-1369-stl-bin","zzzz",1623114463209896392,1623114463299594737,0,6004,18012
38,"cube-1369-stl-bin","post",1623114463299605209,1623114463299943869
38,"cube-3060-asc","prep",1623114463299954729,1623114463300944888
38,"cube-3060-asc","zzzz",1623114463300946921,1623114463333116554,1594,2893,8679
38,"cube-3060-asc","post",1623114463333127937,1623114463333674834
38,"cube-3497-bin","prep",1623114463334000576,1623114463334219403
38,"cube-3497-bin","zzzz",1623114463334220844,1623114463335883398,134,305,915
38,"cube-3497-bin","post",1623114463335886680,1623114463336041448
38,"cube-3800-bin","prep",1623114463336063495,1623114463337731760
38,"cube-3800-bin","zzzz",1623114463337733483,1623114463392886647,2483,4267,12801
38,"cube-3800-bin","post",1623114463392902863,1623114463393151389
38,"cube-946-bin","prep",1623114463393216590,1623114464264309038
38,"cube-946-bin","zzzz",1623114464264316575,1623114757046065748,1179077,1610225,4830675
38,"cube-946-bin","post",1623114757046079536,1623114757177931437
38,"cube-1949-asc","prep",1623114757178594949,1623114757180240176
38,"cube-1949-asc","zzzz",1623114757180243127,1623114757182465601,132,383,1149
38,"cube-1949-asc","post",1623114757182469972,1623114757182642663
38,"cube-269-stl-bin","mesh",1623114757182670935,1623114757182951365
38,"cube-269-stl-bin","prep",1623114757183699703,1623114757183718237
38,"cube-269-stl-bin","zzzz",1623114757183719479,1623114757187324974,0,548,1644
38,"cube-269-stl-bin","post",1623114757187335490,1623114757187437969
38,"cube-3347-bin","prep",1623114757187468836,1623114757188811943
38,"cube-3347-bin","zzzz",1623114757188813698,1623114757241901794,2405,4154,12462
38,"cube-3347-bin","post",1623114757241912105,1623114757242372055
38,"cube-1206-bin.cgns","prep",1623114757242450124,1623114757419249494
38,"cube-1206-bin.cgns","zzzz",1623114757419257433,1623114926569319809,778205,1067026,3201078
38,"cube-1206-bin.cgns","post",1623114926569334448,1623114926569447938
38,"cube-1261-bin","prep",1623114926569513085,1623114926789784889
38,"cube-1261-bin","zzzz",1623114926789791333,1623114978597636162,341047,474267,1422801
38,"cube-1261-bin","post",1623114978597646298,1623114978638447722
38,"cube-819-bin","prep",1623114978638513922,1623114978697638415
38,"cube-819-bin","zzzz",1623114978697644577,1623114987011288126,96246,137869,413607
38,"cube-819-bin","post",1623114987011302032,1623114987020097701
38,"cube-730-bin","prep",1623114987020136480,1623114987021366702
38,"cube-730-bin","zzzz",1623114987021369261,1623114987024674585,247,512,1536
38,"cube-730-bin","post",1623114987024684909,1623114987024845948
38,"cube-3706-stl-bin","mesh",1623114987024860999,1623114987025109044
38,"cube-3706-stl-bin","prep",1623114987025757695,1623114987025834009
38,"cube-3706-stl-bin","zzzz",1623114987025835406,1623114987104015417,0,5452,16356
38,"cube-3706-stl-bin","post",1623114987104025866,1623114987104753003
38,"cube-3877-geo","mesh",1623114987104764779,1623114987104805352
38,"cube-3877-geo","prep",1623114987105503498,1623114987105504278
38,"cube-3877-geo","zzzz",1623114987105505620,1623114987105561135,0,0,0
38,"cube-3877-geo","post",1623114987105562383,1623114987105633799
38,"cube-410-bin.cgns","prep",1623114987105640314,1623114987142719845
38,"cube-410-bin.cgns","zzzz",1623114987142727548,1623114987158736134,958,1709,5127
38,"cube-410-bin.cgns","post",1623114987158746344,1623114987158802208
38,"cube-1806-bin.cgns","prep",1623114987158861264,1623114987161411282
38,"cube-1806-bin.cgns","zzzz",1623114987161414163,1623114987418010470,7886,12516,37548
38,"cube-1806-bin.cgns","post",1623114987418020806,1623114987418062906
38,"cube-565-bin","prep",1623114987418106153,1623114988131675008
38,"cube-565-bin","zzzz",1623114988131682055,1623115223718391955,1000540,1367988,4103964
38,"cube-565-bin","post",1623115223718402789,1623115223804510349
38,"cube-70-bin.cgns","prep",1623115223804549329,1623115223815181151
38,"cube-70-bin.cgns","zzzz",1623115223815185680,1623115224377650936,14014,21602,64806
38,"cube-70-bin.cgns","post",1623115224377660041,1623115224377701017
38,"cube-232-bin","prep",1623115224377742025,1623115224381105914
38,"cube-232-bin","zzzz",1623115224381108785,1623115224571743692,6411,10173,30519
38,"cube-232-bin","post",1623115224571753306,1623115224572428506
38,"cube-195-asc","prep",1623115224572459755,1623115224574684046
38,"cube-195-asc","zzzz",1623115224574686836,1623115224694009476,4502,7332,21996
38,"cube-195-asc","post",1623115224694019073,1623115224694480231
38,"cube-1008-asc","prep",1623115224694540260,1623115224699971459
38,"cube-1008-asc","zzzz",1623115224699974393,1623115225158733025,12042,18761,56283
38,"cube-1008-asc","post",1623115225158742749,1623115225159906308
38,"cube-3967-bin.cgns","prep",1623115225159944245,1623115225160375252
38,"cube-3967-bin.cgns","zzzz",1623115225160378235,1623115225162464664,178,365,1095
38,"cube-3967-bin.cgns","post",1623115225162466044,1623115225162497415
38,"cube-2465-bin.cgns","prep",1623115225162519235,1623115225162751057
38,"cube-2465-bin.cgns","zzzz",1623115225162752573,1623115225166037074,245,512,1536
38,"cube-2465-bin.cgns","post",1623115225166052750,1623115225166069567
38,"cube-1407-asc","prep",1623115225166086789,1623115225166239720
38,"cube-1407-asc","zzzz",1623115225166240979,1623115225169134672,209,464,1392
38,"cube-1407-asc","post",1623115225169139636,1623115225169202957
38,"cube-882-asc","prep",1623115225169215347,1623115225169403683
38,"cube-882-asc","zzzz",1623115225169404962,1623115225316554292,1498,8490,25470
38,"cube-882-asc","post",1623115225316562096,1623115225317333144
38,"cube-1232-bin","prep",1623115225317353342,1623115225542693810
38,"cube-1232-bin","zzzz",1623115225542700033,1623115265986313095,286806,401832,1205496
38,"cube-1232-bin","post",1623115265986327299,1623115266074956505
38,"cube-974-bin.cgns","prep",1623115266074996938,1623115266111290759
38,"cube-974-bin.cgns","zzzz",1623115266111295780,1623115266116519598,352,729,2187
38,"cube-974-bin.cgns","post",1623115266116530229,1623115266116575502
38,"cube-3936-geo","mesh",1623115266116602901,1623115266117240170
38,"cube-3936-geo","prep",1623115266117940749,1623115266117941793
38,"cube-3936-geo","zzzz",1623115266117943364,1623115266117999127,0,0,0
38,"cube-3936-geo","post",1623115266118000490,1623115266118100784
38,"cube-3089-bin.cgns","prep",1623115266118108413,1623115266129974333
38,"cube-3089-bin.cgns","zzzz",1623115266129977068,1623115266146442193,987,1746,5238
38,"cube-3089-bin.cgns","post",1623115266146452438,1623115266146498353
38,"cube-734-bin","prep",1623115266146550220,1623115266148173031
38,"cube-734-bin","zzzz",1623115266148174827,1623115266172475271,1277,2342,7026
38,"cube-734-bin","post",1623115266172485426,1623115266172703477
38,"cube-14-asc","prep",1623115266172785185,1623115266481966352
38,"cube-14-asc","zzzz",1623115266481973438,1623115350252033892,472172,653358,1960074
38,"cube-14-asc","post",1623115350252047249,1623115350297726257
38,"cube-3880-bin.cgns","prep",1623115350297764758,1623115350299137827
38,"cube-3880-bin.cgns","zzzz",1623115350299141631,1623115350332053612,1632,2943,8829
38,"cube-3880-bin.cgns","post",1623115350332063901,1623115350332121553
38,"cube-3949-bin.cgns","prep",1623115350332171362,1623115350332590883
38,"cube-3949-bin.cgns","zzzz",1623115350332593082,1623115350334301362,133,304,912
38,"cube-3949-bin.cgns","post",1623115350334311518,1623115350334353281
38,"cube-960-asc","prep",1623115350334396380,1623115350334695954
38,"cube-960-asc","zzzz",1623115350334699460,1623115350344701538,360,1197,3591
38,"cube-960-asc","post",1623115350344711748,1623115350345055641
38,"cube-1368-asc","prep",1623115350345068964,1623115350345499540
38,"cube-1368-asc","zzzz",1623115350345500890,1623115350360975186,930,1666,4998
38,"cube-1368-asc","post",1623115350360985270,1623115350361279312
38,"cube-2931-asc","prep",1623115350361307699,1623115351452442211
38,"cube-2931-asc","zzzz",1623115351452449882,1623115761451695388,1526721,2072834,6218502
38,"cube-2931-asc","post",1623115761451709622,1623115761629503397
38,"cube-878-geo","mesh",1623115761629547534,1623115761629620735
38,"cube-878-geo","prep",1623115761631553995,1623115761631555257
38,"cube-878-geo","zzzz",1623115761631557281,1623115761631612427,0,0,0
38,"cube-878-geo","post",1623115761631613673,1623115761631693525
38,"cube-1723-bin.cgns","prep",1623115761631700442,1623115761784600548
38,"cube-1723-bin.cgns","zzzz",1623115761784609787,1623116100758808480,1318442,1797226,5391678
38,"cube-1723-bin.cgns","post",1623116100758818548,1623116100758864477
38,"cube-2219-stl-bin","mesh",1623116100758906916,1623116100760095349
38,"cube-2219-stl-bin","prep",1623116100760789935,1623116100760805058
38,"cube-2219-stl-bin","zzzz",1623116100760806384,1623116101817790536,0,33436,100308
38,"cube-2219-stl-bin","post",1623116101817801222,1623116101819362163
38,"cube-1310-bin","prep",1623116101819387707,1623116101820837283
38,"cube-1310-bin","zzzz",1623116101820843793,1623116101870973710,2313,3990,11970
38,"cube-1310-bin","post",1623116101870979798,1623116101871235862
38,"cube-3728-geo","mesh",1623116101871371354,1623116101871490950
38,"cube-3728-geo","prep",1623116101872169235,1623116101872170274
38,"cube-3728-geo","zzzz",1623116101872171511,1623116101872227126,0,0,0
38,"cube-3728-geo","post",1623116101872228357,1623116101872316657
38,"cube-2272-asc","prep",1623116101872323020,1623116101872452857
38,"cube-2272-asc","zzzz",1623116101872453844,1623116101874523971,170,357,1071
38,"cube-2272-asc","post",1623116101874528845,1623116101874603440
38,"cube-3966-geo","mesh",1623116101874616978,1623116101874661827
38,"cube-3966-geo","prep",1623116101875259055,1623116101875259838
38,"cube-3966-geo","zzzz",1623116101875261092,1623116101875316603,0,0,0
38,"cube-3966-geo","post",1623116101875317784,1623116101875408350
38,"cube-3362-stl-bin","mesh",1623116101875415164,1623116101875629848
38,"cube-3362-stl-bin","prep",1623116101876210064,1623116101876256525
38,"cube-3362-stl-bin","zzzz",1623116101876257800,1623116102005559379,0,7756,23268
38,"cube-3362-stl-bin","post",1623116102005568826,1623116102005940286
38,"cube-2426-geo","mesh",1623116102005962313,1623116102006140840
38,"cube-2426-geo","prep",1623116102006800535,1623116102006801473
38,"cube-2426-geo","zzzz",1623116102006802760,1623116102006860345,0,0,0
38,"cube-2426-geo","post",1623116102006861631,1623116102006914991
38,"cube-168-asc","prep",1623116102006921105,1623116102007157295
38,"cube-168-asc","zzzz",1623116102007158507,1623116102012209669,338,713,2139
38,"cube-168-asc","post",1623116102012225553,1623116102012301348
38,"cube-3109-bin","prep",1623116102012314375,1623116102012523415
38,"cube-3109-bin","zzzz",1623116102012524656,1623116102016498732,288,593,1779
38,"cube-3109-bin","post",1623116102016514334,1623116102016614518
38,"cube-2431-bin","prep",1623116102016627128,1623116102092055116
38,"cube-2431-bin","zzzz",1623116102092059554,1623116113534849396,120494,171374,514122
38,"cube-2431-bin","post",1623116113534859738,1623116113554376169
38,"cube-432-geo","mesh",1623116113554421635,1623116113555097672
38,"cube-432-geo","prep",1623116113555788462,1623116113555789689
38,"cube-432-geo","zzzz",1623116113555791131,1623116113555848220,0,0,0
38,"cube-432-geo","post",1623116113555850107,1623116113555914001
38,"cube-897-geo","mesh",1623116113555920878,1623116113556571849
38,"cube-897-geo","prep",1623116113557177692,1623116113557178308
38,"cube-897-geo","zzzz",1623116113557179483,1623116113557234560,0,0,0
38,"cube-897-geo","post",1623116113557235791,1623116113557286776
38,"cube-971-bin","prep",1623116113557293281,1623116113558013010
38,"cube-971-bin","zzzz",1623116113558014438,1623116113582503738,1290,2357,7071
38,"cube-971-bin","post",1623116113582520337,1623116113582693919
38,"cube-2718-geo","mesh",1623116113582715963,1623116113582754453
38,"cube-2718-geo","prep",1623116113583374170,1623116113583374914
38,"cube-2718-geo","zzzz",1623116113583376050,1623116113583431486,0,0,0
38,"cube-2718-geo","post",1623116113583432647,1623116113583509797
38,"cube-2661-geo","mesh",1623116113583516185,1623116113583560146
38,"cube-2661-geo","prep",1623116113584128782,1623116113584129317
38,"cube-2661-geo","zzzz",1623116113584130386,1623116113584184982,0,0,0
38,"cube-2661-geo","post",1623116113584186103,1623116113584237346
38,"cube-2599-geo","mesh",1623116113584242799,1623116113584319031
38,"cube-2599-geo","prep",1623116113584877632,1623116113584878043
38,"cube-2599-geo","zzzz",1623116113584879056,1623116113584933987,0,0,0
38,"cube-2599-geo","post",1623116113584935105,1623116113584995808
38,"cube-1299-bin","prep",1623116113585001343,1623116113587089823
38,"cube-1299-bin","zzzz",1623116113587092167,1623116113666633569,3332,5519,16557
38,"cube-1299-bin","post",1623116113666653116,1623116113667553508
38,"cube-1685-asc","prep",1623116113667681775,1623116113668528810
38,"cube-1685-asc","zzzz",1623116113668530409,1623116113688277825,1085,2004,6012
38,"cube-1685-asc","post",1623116113688293927,1623116113688406625
38,"cube-1897-stl-bin","mesh",1623116113688460718,1623116113690525299
38,"cube-1897-stl-bin","prep",1623116113691175239,1623116113691189937
38,"cube-1897-stl-bin","zzzz",1623116113691191218,1623116115329090939,0,45260,135780
38,"cube-1897-stl-bin","post",1623116115329102173,1623116115335675612
38,"Proc","exit_task",1623113578265328569,1623116115349133826,3032944
