7,"build/tests/sizes/cube-3151-asc.bdf","scan",1623113599657827939,1623113607420491354
7,"build/tests/sizes/cube-3151-asc.bdf","chck",1623113599655363492,1623113607420728195
7,"build/tests/sizes/cube-2234-bin.msh2","scan",1623113607443927958,1623113607444311686
7,"build/tests/sizes/cube-2234-bin.msh2","chck",1623113607420730649,1623113607444320370
7,"build/tests/sizes/cube-2448-bin.msh2","scan",1623113607466099116,1623113607467003091
7,"build/tests/sizes/cube-2448-bin.msh2","chck",1623113607444321669,1623113607467013536
7,"build/tests/sizes/cube-3609-asc.bdf","scan",1623113607483607777,1623113607485546825
7,"build/tests/sizes/cube-3609-asc.bdf","chck",1623113607467014706,1623113607485553370
7,"build/tests/sizes/cube-1202-bin.msh2","scan",1623113607505447155,1623113607507431264
7,"build/tests/sizes/cube-1202-bin.msh2","chck",1623113607485554239,1623113607507437869
7,"build/tests/sizes/cube-3408-geo.geo","scan",1623113607513398588,1623113607515450105
7,"build/tests/sizes/cube-3408-geo.geo","chck",1623113607507438917,1623113607515457418
7,"build/tests/sizes/cube-2076-asc.bdf","scan",1623113607538636649,1623113607540522457
7,"build/tests/sizes/cube-2076-asc.bdf","chck",1623113607515458435,1623113607540530944
7,"build/tests/sizes/cube-1807-stl-bin.geo","scan",1623113607564728510,1623113607566743050
7,"build/tests/sizes/cube-1807-stl-bin.geo","chck",1623113607540532288,1623113607566751632
7,"build/tests/sizes/cube-1041-bin.cgns","scan",1623113607592956646,1623113607674444817
7,"build/tests/sizes/cube-1041-bin.cgns","chck",1623113607566752629,1623113607674451341
7,"build/tests/sizes/cube-3378-bin.msh4","scan",1623113607675215651,1623113607675244892
7,"build/tests/sizes/cube-3378-bin.msh4","chck",1623113607674452554,1623113607675248479
7,"build/tests/sizes/cube-3717-bin.vtk","scan",1623113607675785615,1623113607675802238
7,"build/tests/sizes/cube-3717-bin.vtk","chck",1623113607675249300,1623113607675804881
7,"build/tests/sizes/cube-3026-stl-bin.geo","scan",1623113607692401119,1623113607692430273
7,"build/tests/sizes/cube-3026-stl-bin.geo","chck",1623113607675805662,1623113607692437121
7,"build/tests/sizes/cube-521-geo.geo","scan",1623113607709702826,1623113607709733703
7,"build/tests/sizes/cube-521-geo.geo","chck",1623113607692438204,1623113607709740211
7,"build/tests/sizes/cube-1839-bin.msh2","scan",1623113607739285954,1623113607739465493
7,"build/tests/sizes/cube-1839-bin.msh2","chck",1623113607709741187,1623113607739473008
7,"build/tests/sizes/cube-3270-asc.bdf","scan",1623113607757045173,1623113607757088618
7,"build/tests/sizes/cube-3270-asc.bdf","chck",1623113607739474262,1623113607757097064
7,"build/tests/sizes/cube-632-geo.geo_unrolled","scan",1623113607771268290,1623113607771296427
7,"build/tests/sizes/cube-632-geo.geo_unrolled","chck",1623113607757098207,1623113607771302693
7,"build/tests/sizes/cube-2396-bin.msh4","scan",1623113607771827978,1623113607771857653
7,"build/tests/sizes/cube-2396-bin.msh4","chck",1623113607771303772,1623113607771860567
7,"build/tests/sizes/cube-3564-bin.vtk","scan",1623113607772929605,1623113607772948278
7,"build/tests/sizes/cube-3564-bin.vtk","chck",1623113607771861652,1623113607772950936
7,"build/tests/sizes/cube-2886-stl-bin.geo","scan",1623113607774597416,1623113607774612715
7,"build/tests/sizes/cube-2886-stl-bin.geo","chck",1623113607772951741,1623113607774614755
7,"build/tests/sizes/cube-2256-bin.msh2","scan",1623113607775149059,1623113607775166091
7,"build/tests/sizes/cube-2256-bin.msh2","chck",1623113607774615482,1623113607775168283
7,"build/tests/sizes/cube-2297-asc.bdf","scan",1623113607775734599,1623113607775753379
7,"build/tests/sizes/cube-2297-asc.bdf","chck",1623113607775168993,1623113607775756367
7,"build/tests/sizes/cube-2527-bin.cgns","scan",1623113607779554018,1623113607797915992
7,"build/tests/sizes/cube-2527-bin.cgns","chck",1623113607775757139,1623113607797924660
7,"build/tests/sizes/cube-94-stl-bin.geo","scan",1623113607816280019,1623113607816313125
7,"build/tests/sizes/cube-94-stl-bin.geo","chck",1623113607797925816,1623113607816319221
7,"build/tests/sizes/cube-3118-bin.vtk","scan",1623113607818736310,1623113607818759727
7,"build/tests/sizes/cube-3118-bin.vtk","chck",1623113607816320262,1623113607818767244
7,"build/tests/sizes/cube-2222-geo.geo","scan",1623113607819601591,1623113607819618366
7,"build/tests/sizes/cube-2222-geo.geo","chck",1623113607818768329,1623113607819620965
7,"build/tests/sizes/cube-1918-geo.geo_unrolled","scan",1623113607820952879,1623113607820969671
7,"build/tests/sizes/cube-1918-geo.geo_unrolled","chck",1623113607819621715,1623113607820972839
7,"build/tests/sizes/cube-2056-asc.bdf","scan",1623113607821504744,1623113607821525112
7,"build/tests/sizes/cube-2056-asc.bdf","chck",1623113607820973550,1623113607821528142
7,"build/tests/sizes/cube-3543-geo.geo","scan",1623113607822065919,1623113607822080248
7,"build/tests/sizes/cube-3543-geo.geo","chck",1623113607821529046,1623113607822082418
7,"build/tests/sizes/cube-2701-asc.msh2","scan",1623113607841018934,1623113607841050792
7,"build/tests/sizes/cube-2701-asc.msh2","chck",1623113607822083207,1623113607841056410
7,"build/tests/sizes/cube-1912-bin.msh2","scan",1623113607860715173,1623113607860750618
7,"build/tests/sizes/cube-1912-bin.msh2","chck",1623113607841057657,1623113607860758930
7,"build/tests/sizes/cube-3301-geo.geo","scan",1623113607861820359,1623113607861837380
7,"build/tests/sizes/cube-3301-geo.geo","chck",1623113607860760244,1623113607861846495
7,"build/tests/sizes/cube-3179-asc.msh2","scan",1623113607876960581,1623113607876988229
7,"build/tests/sizes/cube-3179-asc.msh2","chck",1623113607861847330,1623113607876993697
7,"build/tests/sizes/cube-2690-stl-bin.geo","scan",1623113607898233833,1623113607898256630
7,"build/tests/sizes/cube-2690-stl-bin.geo","chck",1623113607876994750,1623113607898262539
7,"build/tests/sizes/cube-1460-asc.bdf","scan",1623113607900109203,1623113607900133675
7,"build/tests/sizes/cube-1460-asc.bdf","chck",1623113607898263589,1623113607900137219
7,"build/tests/sizes/cube-3754-bin.msh4","scan",1623113607900652647,1623113607900668139
7,"build/tests/sizes/cube-3754-bin.msh4","chck",1623113607900138061,1623113607900670400
7,"build/tests/sizes/cube-638-bin.msh4","scan",1623113607915416368,1623113607915440422
7,"build/tests/sizes/cube-638-bin.msh4","chck",1623113607900671257,1623113607915444826
7,"build/tests/sizes/cube-1038-bin.vtk","scan",1623113607936175859,1623113607936201396
7,"build/tests/sizes/cube-1038-bin.vtk","chck",1623113607915445753,1623113607936205848
7,"build/tests/sizes/cube-3679-bin.msh4","scan",1623113607936781352,1623113607936802272
7,"build/tests/sizes/cube-3679-bin.msh4","chck",1623113607936206923,1623113607936805704
7,"build/tests/sizes/cube-2223-asc.bdf","scan",1623113607949209607,1623113607949233262
7,"build/tests/sizes/cube-2223-asc.bdf","chck",1623113607936806640,1623113607949237434
7,"build/tests/sizes/cube-2352-bin.vtk","scan",1623113607960104607,1623113607960128780
7,"build/tests/sizes/cube-2352-bin.vtk","chck",1623113607949238339,1623113607960133530
7,"build/tests/sizes/cube-2503-bin.vtk","scan",1623113607983250023,1623113607983278228
7,"build/tests/sizes/cube-2503-bin.vtk","chck",1623113607960134468,1623113607983283599
7,"build/tests/sizes/cube-2998-geo.geo","scan",1623113607997231369,1623113607997259462
7,"build/tests/sizes/cube-2998-geo.geo","chck",1623113607983284649,1623113607997265711
7,"build/tests/sizes/cube-1059-asc.mesh","scan",1623113607998302532,1623113607998320959
7,"build/tests/sizes/cube-1059-asc.mesh","chck",1623113607997266976,1623113607998323698
7,"build/tests/sizes/cube-2139-asc.bdf","scan",1623113607999390255,1623113607999407438
7,"build/tests/sizes/cube-2139-asc.bdf","chck",1623113607998324519,1623113607999409934
7,"build/tests/sizes/cube-374-bin.msh4","scan",1623113608009962247,1623113608009985348
7,"build/tests/sizes/cube-374-bin.msh4","chck",1623113607999410743,1623113608009988631
7,"build/tests/sizes/cube-902-stl-bin.geo","scan",1623113608031243061,1623113608031271660
7,"build/tests/sizes/cube-902-stl-bin.geo","chck",1623113608009989652,1623113608031279138
7,"build/tests/sizes/cube-919-bin.cgns","scan",1623113608049554428,1623113608136034601
7,"build/tests/sizes/cube-919-bin.cgns","chck",1623113608031280383,1623113608136833488
7,"build/tests/sizes/cube-1018-bin.vtk","scan",1623113608148064070,1623113608148106744
7,"build/tests/sizes/cube-1018-bin.vtk","chck",1623113608136836069,1623113608148113457
7,"build/tests/sizes/cube-912-bin.cgns","scan",1623113608171711507,1623113608214725975
7,"build/tests/sizes/cube-912-bin.cgns","chck",1623113608148114602,1623113608214732173
7,"build/tests/sizes/cube-1340-asc.mesh","scan",1623113608228063211,1623113608228099210
7,"build/tests/sizes/cube-1340-asc.mesh","chck",1623113608214733138,1623113608228106536
7,"build/tests/sizes/cube-1295-bin.msh4","scan",1623113608238658824,1623113608238687423
7,"build/tests/sizes/cube-1295-bin.msh4","chck",1623113608228108104,1623113608238693676
7,"build/tests/sizes/cube-1556-bin.cgns","scan",1623113608255202150,1623113608339039899
7,"build/tests/sizes/cube-1556-bin.cgns","chck",1623113608238694658,1623113608339046973
7,"build/tests/sizes/cube-735-asc.mesh","scan",1623113608418695786,1623113608418737880
7,"build/tests/sizes/cube-735-asc.mesh","chck",1623113608339048094,1623113608418746475
7,"build/tests/sizes/cube-2715-bin.msh4","scan",1623113608419330566,1623113608419351347
7,"build/tests/sizes/cube-2715-bin.msh4","chck",1623113608418747666,1623113608419354792
7,"build/tests/sizes/cube-3105-asc.mesh","scan",1623113608419889808,1623113608419906207
7,"build/tests/sizes/cube-3105-asc.mesh","chck",1623113608419355672,1623113608419908448
7,"build/tests/sizes/cube-3726-bin.msh4","scan",1623113608421600770,1623113608421621729
7,"build/tests/sizes/cube-3726-bin.msh4","chck",1623113608419909224,1623113608421625256
7,"build/tests/sizes/cube-1910-bin.vtk","scan",1623113608422557746,1623113608422576085
7,"build/tests/sizes/cube-1910-bin.vtk","chck",1623113608421626282,1623113608422579355
7,"build/tests/sizes/cube-3340-bin.msh4","scan",1623113608423101219,1623113608423116894
7,"build/tests/sizes/cube-3340-bin.msh4","chck",1623113608422580143,1623113608423119011
7,"build/tests/sizes/cube-739-asc.bdf","scan",1623113608460017932,1623113608460055912
7,"build/tests/sizes/cube-739-asc.bdf","chck",1623113608423119805,1623113608460063438
7,"build/tests/sizes/cube-1516-geo.geo_unrolled","scan",1623113608463373651,1623113608463397104
7,"build/tests/sizes/cube-1516-geo.geo_unrolled","chck",1623113608460064924,1623113608463402279
7,"build/tests/sizes/cube-1899-asc.mesh","scan",1623113608477696048,1623113608477723309
7,"build/tests/sizes/cube-1899-asc.mesh","chck",1623113608463403448,1623113608477728023
7,"build/tests/sizes/cube-2353-bin.vtk","scan",1623113608478272744,1623113608478292132
7,"build/tests/sizes/cube-2353-bin.vtk","chck",1623113608477729026,1623113608478295135
7,"build/tests/sizes/cube-2906-stl-bin.geo","scan",1623113608478837102,1623113608478858173
7,"build/tests/sizes/cube-2906-stl-bin.geo","chck",1623113608478295997,1623113608478860401
7,"build/tests/sizes/cube-3932-bin.msh4","scan",1623113608513077054,1623113608513121263
7,"build/tests/sizes/cube-3932-bin.msh4","chck",1623113608478861257,1623113608513128518
7,"build/tests/sizes/cube-3266-bin.msh4","scan",1623113608518000210,1623113608518030827
7,"build/tests/sizes/cube-3266-bin.msh4","chck",1623113608513130002,1623113608518036595
7,"build/tests/sizes/cube-3591-bin.msh2","scan",1623113608518603841,1623113608518625428
7,"build/tests/sizes/cube-3591-bin.msh2","chck",1623113608518037810,1623113608518630146
7,"build/tests/sizes/cube-982-asc.mesh","scan",1623113608544339657,1623113608544374424
7,"build/tests/sizes/cube-982-asc.mesh","chck",1623113608518631121,1623113608544381889
7,"build/tests/sizes/cube-312-bin.vtk","scan",1623113608559776007,1623113608559811779
7,"build/tests/sizes/cube-312-bin.vtk","chck",1623113608544383115,1623113608559819314
7,"build/tests/sizes/cube-3195-asc.mesh","scan",1623113608584119936,1623113608584158186
7,"build/tests/sizes/cube-3195-asc.mesh","chck",1623113608559820429,1623113608584166395
7,"build/tests/sizes/cube-3948-asc.bdf","scan",1623113608601935095,1623113608601968703
7,"build/tests/sizes/cube-3948-asc.bdf","chck",1623113608584167603,1623113608601976459
7,"build/tests/sizes/cube-898-geo.geo_unrolled","scan",1623113608618251548,1623113608618278623
7,"build/tests/sizes/cube-898-geo.geo_unrolled","chck",1623113608601977597,1623113608618284469
7,"build/tests/sizes/cube-3568-asc.bdf","scan",1623113608618869332,1623113608618888966
7,"build/tests/sizes/cube-3568-asc.bdf","chck",1623113608618285385,1623113608618891852
7,"build/tests/sizes/cube-2374-bin.msh4","scan",1623113608639076907,1623113608639108965
7,"build/tests/sizes/cube-2374-bin.msh4","chck",1623113608618892760,1623113608639114925
7,"build/tests/sizes/cube-710-bin.msh2","scan",1623113608656106789,1623113608656269001
7,"build/tests/sizes/cube-710-bin.msh2","chck",1623113608639116052,1623113608656277864
7,"build/tests/sizes/cube-2184-bin.cgns","scan",1623113608661013309,1623113608682979219
7,"build/tests/sizes/cube-2184-bin.cgns","chck",1623113608656278993,1623113608682985423
7,"build/tests/sizes/cube-1521-bin.msh4","scan",1623113608708643291,1623113608708683573
7,"build/tests/sizes/cube-1521-bin.msh4","chck",1623113608682986544,1623113608708690817
7,"build/tests/sizes/cube-2562-asc.bdf","scan",1623113608709261508,1623113608709278328
7,"build/tests/sizes/cube-2562-asc.bdf","chck",1623113608708692008,1623113608709281947
7,"build/tests/sizes/cube-2181-bin.msh4","scan",1623113608715952933,1623113608715979081
7,"build/tests/sizes/cube-2181-bin.msh4","chck",1623113608709282769,1623113608715983157
7,"build/tests/sizes/cube-2860-bin.msh4","scan",1623113608716505974,1623113608716522520
7,"build/tests/sizes/cube-2860-bin.msh4","chck",1623113608715983971,1623113608716524857
7,"build/tests/sizes/cube-1469-bin.vtk","scan",1623113608717386778,1623113608717408204
7,"build/tests/sizes/cube-1469-bin.vtk","chck",1623113608716525630,1623113608717411156
7,"build/tests/sizes/cube-2213-bin.msh2","scan",1623113608717923098,1623113608717941068
7,"build/tests/sizes/cube-2213-bin.msh2","chck",1623113608717412135,1623113608717943398
7,"build/tests/sizes/cube-2232-asc.mesh","scan",1623113608731633414,1623113608731663577
7,"build/tests/sizes/cube-2232-asc.mesh","chck",1623113608717944223,1623113608731669100
7,"build/tests/sizes/cube-3106-bin.vtk","scan",1623113608732213441,1623113608732232074
7,"build/tests/sizes/cube-3106-bin.vtk","chck",1623113608731670021,1623113608732234735
7,"build/tests/sizes/cube-3072-bin.cgns","scan",1623113608750794082,1623113608815172027
7,"build/tests/sizes/cube-3072-bin.cgns","chck",1623113608732235514,1623113608815179917
7,"build/tests/sizes/cube-1767-geo.geo","scan",1623113608830301668,1623113608830337219
7,"build/tests/sizes/cube-1767-geo.geo","chck",1623113608815181434,1623113608830344158
7,"build/tests/sizes/cube-2649-asc.mesh","scan",1623113608831270356,1623113608831292318
7,"build/tests/sizes/cube-2649-asc.mesh","chck",1623113608830345246,1623113608831296259
7,"build/tests/sizes/cube-1208-asc.mesh","scan",1623113608841208833,1623113608841235599
7,"build/tests/sizes/cube-1208-asc.mesh","chck",1623113608831297176,1623113608841239445
7,"build/tests/sizes/cube-1678-geo.geo","scan",1623113608842204040,1623113608842222016
7,"build/tests/sizes/cube-1678-geo.geo","chck",1623113608841240504,1623113608842225049
7,"build/tests/sizes/cube-834-geo.geo","scan",1623113608857778323,1623113608857801829
7,"build/tests/sizes/cube-834-geo.geo","chck",1623113608842225851,1623113608857806742
7,"build/tests/sizes/cube-2918-asc.bdf","scan",1623113608932310654,1623113608932351416
7,"build/tests/sizes/cube-2918-asc.bdf","chck",1623113608857807611,1623113608932358811
7,"build/tests/sizes/cube-1860-stl-bin.geo","scan",1623113608947099850,1623113608947133074
7,"build/tests/sizes/cube-1860-stl-bin.geo","chck",1623113608932360092,1623113608947141617
7,"build/tests/sizes/cube-2322-geo.geo_unrolled","scan",1623113608948704578,1623113608948728695
7,"build/tests/sizes/cube-2322-geo.geo_unrolled","chck",1623113608947142863,1623113608948733342
7,"build/tests/sizes/cube-3166-geo.geo","scan",1623113608949331280,1623113608949352274
7,"build/tests/sizes/cube-3166-geo.geo","chck",1623113608948734328,1623113608949355115
7,"build/tests/sizes/cube-3611-asc.mesh","scan",1623113608950156162,1623113608950175534
7,"build/tests/sizes/cube-3611-asc.mesh","chck",1623113608949575130,1623113608950178444
7,"build/tests/sizes/cube-1034-stl-bin.geo","scan",1623113608969500428,1623113608969535881
7,"build/tests/sizes/cube-1034-stl-bin.geo","chck",1623113608950179323,1623113608969543048
7,"build/tests/sizes/cube-555-geo.geo_unrolled","scan",1623113608987907459,1623113608987936547
7,"build/tests/sizes/cube-555-geo.geo_unrolled","chck",1623113608969544601,1623113608987943119
7,"build/tests/sizes/cube-2754-stl-bin.geo","scan",1623113608988530568,1623113608988550431
7,"build/tests/sizes/cube-2754-stl-bin.geo","chck",1623113608987944305,1623113608988553420
7,"build/tests/sizes/cube-3250-bin.vtk","scan",1623113608989547843,1623113608989566440
7,"build/tests/sizes/cube-3250-bin.vtk","chck",1623113608988554436,1623113608989568987
7,"build/tests/sizes/cube-1090-geo.geo_unrolled","scan",1623113608990440749,1623113608990456333
7,"build/tests/sizes/cube-1090-geo.geo_unrolled","chck",1623113608989569815,1623113608990458649
7,"build/tests/sizes/cube-1925-asc.mesh","scan",1623113608990977806,1623113608990994675
7,"build/tests/sizes/cube-1925-asc.mesh","chck",1623113608990459458,1623113608990997207
7,"build/tests/sizes/cube-523-stl-bin.geo","scan",1623113608999128247,1623113608999146516
7,"build/tests/sizes/cube-523-stl-bin.geo","chck",1623113608990997938,1623113608999150288
7,"build/tests/sizes/cube-2340-bin.msh4","scan",1623113608999731889,1623113608999751890
7,"build/tests/sizes/cube-2340-bin.msh4","chck",1623113608999151038,1623113608999754838
7,"build/tests/sizes/cube-2867-geo.geo_unrolled","scan",1623113609019886943,1623113609019912600
7,"build/tests/sizes/cube-2867-geo.geo_unrolled","chck",1623113608999755686,1623113609019917771
7,"build/tests/sizes/cube-651-asc.msh2","scan",1623113609028999212,1623113609029022901
7,"build/tests/sizes/cube-651-asc.msh2","chck",1623113609019918599,1623113609029027087
7,"build/tests/sizes/cube-1356-asc.mesh","scan",1623113609029967411,1623113609029985337
7,"build/tests/sizes/cube-1356-asc.mesh","chck",1623113609029028275,1623113609029987789
7,"build/tests/sizes/cube-1062-bin.msh2","scan",1623113609042354629,1623113609042376720
7,"build/tests/sizes/cube-1062-bin.msh2","chck",1623113609029988570,1623113609042380704
7,"build/tests/sizes/cube-2723-bin.vtk","scan",1623113609059468606,1623113609059495370
7,"build/tests/sizes/cube-2723-bin.vtk","chck",1623113609042381818,1623113609059501267
7,"build/tests/sizes/cube-578-bin.cgns","scan",1623113609073349737,1623113609127180637
7,"build/tests/sizes/cube-578-bin.cgns","chck",1623113609059502358,1623113609127186440
7,"build/tests/sizes/cube-3224-asc.mesh","scan",1623113609127780135,1623113609127806706
7,"build/tests/sizes/cube-3224-asc.mesh","chck",1623113609127187484,1623113609127811133
7,"build/tests/sizes/cube-3644-geo.geo_unrolled","scan",1623113609128349197,1623113609128365171
7,"build/tests/sizes/cube-3644-geo.geo_unrolled","chck",1623113609127812027,1623113609128367682
7,"build/tests/sizes/cube-1075-geo.geo","scan",1623113609144970106,1623113609144990734
7,"build/tests/sizes/cube-1075-geo.geo","chck",1623113609128368427,1623113609144994047
7,"build/tests/sizes/cube-3890-bin.vtk","scan",1623113609160322128,1623113609160357647
7,"build/tests/sizes/cube-3890-bin.vtk","chck",1623113609144994867,1623113609160364248
7,"build/tests/sizes/cube-2970-geo.geo","scan",1623113609181556951,1623113609181589047
7,"build/tests/sizes/cube-2970-geo.geo","chck",1623113609160365441,1623113609181596173
7,"build/tests/sizes/cube-696-geo.geo_unrolled","scan",1623113609200806019,1623113609200832820
7,"build/tests/sizes/cube-696-geo.geo_unrolled","chck",1623113609181597470,1623113609200844597
7,"build/tests/sizes/cube-3386-geo.geo","scan",1623113609220907304,1623113609220931878
7,"build/tests/sizes/cube-3386-geo.geo","chck",1623113609200845577,1623113609220936493
7,"cube-3151-asc","prep",1623113609221349169,1623113609221352122
7,"cube-3151-asc","zzzz",1623113609221355395,1623113609221443557,0,0,0
7,"cube-3151-asc","post",1623113609221445056,1623113609221483680
7,"cube-2527-bin.cgns","prep",1623113609221497467,1623113609221912902
7,"cube-2527-bin.cgns","zzzz",1623113609221915591,1623113609227033059,349,726,2178
7,"cube-2527-bin.cgns","post",1623113609227035607,1623113609230199016
7,"cube-1041-bin.cgns","prep",1623113609230234425,1623113609260432245
7,"cube-1041-bin.cgns","zzzz",1623113609260441437,1623113611024768197,32165,47683,143049
7,"cube-1041-bin.cgns","post",1623113611024793939,1623113611024852900
7,"cube-1556-bin.cgns","prep",1623113611024922731,1623113611033143483
7,"cube-1556-bin.cgns","zzzz",1623113611033151413,1623113611275330737,7634,12043,36129
7,"cube-1556-bin.cgns","post",1623113611275339068,1623113611275369498
7,"cube-2184-bin.cgns","prep",1623113611275405563,1623113611477492884
7,"cube-2184-bin.cgns","zzzz",1623113611477499992,1623113890620749225,1137530,1553625,4660875
7,"cube-2184-bin.cgns","post",1623113890620762531,1623113890620817523
7,"cube-919-bin.cgns","prep",1623113890621800573,1623113890635726225
7,"cube-919-bin.cgns","zzzz",1623113890635729489,1623113890800468950,5686,9187,27561
7,"cube-919-bin.cgns","post",1623113890800479906,1623113890800517895
7,"cube-912-bin.cgns","prep",1623113890800538765,1623113890800802632
7,"cube-912-bin.cgns","zzzz",1623113890800804668,1623113890805569346,326,679,2037
7,"cube-912-bin.cgns","post",1623113890805579461,1623113890805615663
7,"cube-3072-bin.cgns","prep",1623113890805656459,1623113890822146794
7,"cube-3072-bin.cgns","zzzz",1623113890822149405,1623113890838600071,991,1745,5235
7,"cube-3072-bin.cgns","post",1623113890838610175,1623113890838646347
7,"cube-578-bin.cgns","prep",1623113890838687932,1623113890847202829
7,"cube-578-bin.cgns","zzzz",1623113890847205459,1623113890879623666,1602,2910,8730
7,"cube-578-bin.cgns","post",1623113890879633786,1623113890879669765
7,"Proc","exit_task",1623113578265345572,1623113890888290560,541524
