11,"build/tests/sizes/cube-1151-asc.mesh","scan",1623113600276266141,1623113600327721178
11,"build/tests/sizes/cube-1151-asc.mesh","chck",1623113600261521004,1623113600327895580
11,"build/tests/sizes/cube-3034-bin.msh2","scan",1623113600330116672,1623113605165234408
11,"build/tests/sizes/cube-3034-bin.msh2","chck",1623113600327897095,1623113605165256396
11,"build/tests/sizes/cube-3150-bin.vtk","scan",1623113605166077673,1623113605197038417
11,"build/tests/sizes/cube-3150-bin.vtk","chck",1623113605165258117,1623113605197045522
11,"build/tests/sizes/cube-3431-geo.geo_unrolled","scan",1623113605197853311,1623113605200016494
11,"build/tests/sizes/cube-3431-geo.geo_unrolled","chck",1623113605197046740,1623113605200021607
11,"build/tests/sizes/cube-447-asc.mesh","scan",1623113605217991103,1623113605237260710
11,"build/tests/sizes/cube-447-asc.mesh","chck",1623113605200022911,1623113605237267348
11,"build/tests/sizes/cube-3330-geo.geo","scan",1623113605257924911,1623113605259599222
11,"build/tests/sizes/cube-3330-geo.geo","chck",1623113605237268639,1623113605259605705
11,"build/tests/sizes/cube-1414-geo.geo_unrolled","scan",1623113605272756010,1623113605273950220
11,"build/tests/sizes/cube-1414-geo.geo_unrolled","chck",1623113605259607214,1623113605273956004
11,"build/tests/sizes/cube-1292-bin.cgns","scan",1623113605295744965,1623113605446391989
11,"build/tests/sizes/cube-1292-bin.cgns","chck",1623113605273957089,1623113605446397626
11,"build/tests/sizes/cube-2057-bin.vtk","scan",1623113605447306103,1623113605562795718
11,"build/tests/sizes/cube-2057-bin.vtk","chck",1623113605446398848,1623113605562801857
11,"build/tests/sizes/cube-625-geo.geo","scan",1623113605582667529,1623113605583892827
11,"build/tests/sizes/cube-625-geo.geo","chck",1623113605562803066,1623113605583898787
11,"build/tests/sizes/cube-1442-asc.msh2","scan",1623113605599751907,1623113605711938342
11,"build/tests/sizes/cube-1442-asc.msh2","chck",1623113605583899873,1623113605711945427
11,"build/tests/sizes/cube-3705-geo.geo","scan",1623113605728805736,1623113605730064905
11,"build/tests/sizes/cube-3705-geo.geo","chck",1623113605711946683,1623113605730071230
11,"build/tests/sizes/cube-2060-bin.vtk","scan",1623113605731271244,1623113606061330158
11,"build/tests/sizes/cube-2060-bin.vtk","chck",1623113605730072456,1623113606061336936
11,"build/tests/sizes/cube-71-bin.msh4","scan",1623113606082177560,1623113606107301088
11,"build/tests/sizes/cube-71-bin.msh4","chck",1623113606061338348,1623113606107307909
11,"build/tests/sizes/cube-3805-bin.vtk","scan",1623113606124205596,1623113606133221563
11,"build/tests/sizes/cube-3805-bin.vtk","chck",1623113606107309403,1623113606133228107
11,"build/tests/sizes/cube-3935-asc.mesh","scan",1623113606145693882,1623113606342336485
11,"build/tests/sizes/cube-3935-asc.mesh","chck",1623113606133229417,1623113606342344426
11,"build/tests/sizes/cube-28-stl-bin.geo","scan",1623113606363779301,1623113606537790143
11,"build/tests/sizes/cube-28-stl-bin.geo","chck",1623113606342346062,1623113606537796364
11,"build/tests/sizes/cube-942-asc.mesh","scan",1623113606565867808,1623113606580218215
11,"build/tests/sizes/cube-942-asc.mesh","chck",1623113606537797516,1623113606580224653
11,"build/tests/sizes/cube-2997-geo.geo_unrolled","scan",1623113606580801714,1623113606581963445
11,"build/tests/sizes/cube-2997-geo.geo_unrolled","chck",1623113606580225982,1623113606581967749
11,"build/tests/sizes/cube-2540-geo.geo_unrolled","scan",1623113606582866417,1623113606583834762
11,"build/tests/sizes/cube-2540-geo.geo_unrolled","chck",1623113606581969231,1623113606583838286
11,"build/tests/sizes/cube-1626-bin.cgns","scan",1623113606587621234,1623113606612950753
11,"build/tests/sizes/cube-1626-bin.cgns","chck",1623113606583839425,1623113606612957391
11,"build/tests/sizes/cube-3954-bin.msh2","scan",1623113606613748873,1623113607203447525
11,"build/tests/sizes/cube-3954-bin.msh2","chck",1623113606612958477,1623113607203454168
11,"build/tests/sizes/cube-3222-asc.mesh","scan",1623113607223923133,1623113607252966561
11,"build/tests/sizes/cube-3222-asc.mesh","chck",1623113607203455198,1623113607252972888
11,"build/tests/sizes/cube-3466-bin.vtk","scan",1623113607253578217,1623113607486991889
11,"build/tests/sizes/cube-3466-bin.vtk","chck",1623113607252978341,1623113607486997350
11,"build/tests/sizes/cube-3125-bin.msh2","scan",1623113607487586092,1623113607573773952
11,"build/tests/sizes/cube-3125-bin.msh2","chck",1623113607486998556,1623113607573779623
11,"build/tests/sizes/cube-3429-stl-bin.geo","scan",1623113607574381700,1623113607776832150
11,"build/tests/sizes/cube-3429-stl-bin.geo","chck",1623113607573780821,1623113607776854348
11,"build/tests/sizes/cube-3413-geo.geo_unrolled","scan",1623113607777658115,1623113607778809232
11,"build/tests/sizes/cube-3413-geo.geo_unrolled","chck",1623113607776856633,1623113607778813639
11,"build/tests/sizes/cube-1734-asc.bdf","scan",1623113607794717495,1623113607844325884
11,"build/tests/sizes/cube-1734-asc.bdf","chck",1623113607778815007,1623113607844331557
11,"build/tests/sizes/cube-679-asc.bdf","scan",1623113607854174176,1623113607875751972
11,"build/tests/sizes/cube-679-asc.bdf","chck",1623113607844332593,1623113607875758294
11,"build/tests/sizes/cube-1729-bin.msh4","scan",1623113607896372328,1623113607918795316
11,"build/tests/sizes/cube-1729-bin.msh4","chck",1623113607875759704,1623113607918800591
11,"build/tests/sizes/cube-1877-bin.vtk","scan",1623113607919356425,1623113607920722235
11,"build/tests/sizes/cube-1877-bin.vtk","chck",1623113607918801697,1623113607920726271
11,"build/tests/sizes/cube-2159-geo.geo_unrolled","scan",1623113607921283954,1623113607922288759
11,"build/tests/sizes/cube-2159-geo.geo_unrolled","chck",1623113607920727205,1623113607922292324
11,"build/tests/sizes/cube-3994-bin.msh4","scan",1623113607922794109,1623113607924009216
11,"build/tests/sizes/cube-3994-bin.msh4","chck",1623113607922293241,1623113607924012616
11,"build/tests/sizes/cube-2744-asc.bdf","scan",1623113607924515034,1623113607934808041
11,"build/tests/sizes/cube-2744-asc.bdf","chck",1623113607924013499,1623113607934813248
11,"build/tests/sizes/cube-2921-stl-bin.geo","scan",1623113607954183730,1623113608142940995
11,"build/tests/sizes/cube-2921-stl-bin.geo","chck",1623113607934814298,1623113608142956226
11,"build/tests/sizes/cube-2552-asc.mesh","scan",1623113608144900049,1623113608148713216
11,"build/tests/sizes/cube-2552-asc.mesh","chck",1623113608142957870,1623113608148717914
11,"build/tests/sizes/cube-1950-asc.msh2","scan",1623113608160631671,1623113608187225320
11,"build/tests/sizes/cube-1950-asc.msh2","chck",1623113608148719022,1623113608187231482
11,"build/tests/sizes/cube-2250-bin.msh2","scan",1623113608206934235,1623113608243932251
11,"build/tests/sizes/cube-2250-bin.msh2","chck",1623113608187232764,1623113608243938195
11,"build/tests/sizes/cube-1357-geo.geo","scan",1623113608244544429,1623113608245771701
11,"build/tests/sizes/cube-1357-geo.geo","chck",1623113608243939275,1623113608245776700
11,"build/tests/sizes/cube-585-bin.cgns","scan",1623113608249804658,1623113608278990432
11,"build/tests/sizes/cube-585-bin.cgns","chck",1623113608245777671,1623113608278997749
11,"build/tests/sizes/cube-1095-bin.msh4","scan",1623113608302570846,1623113608330127539
11,"build/tests/sizes/cube-1095-bin.msh4","chck",1623113608278998912,1623113608330133743
11,"build/tests/sizes/cube-3225-asc.mesh","scan",1623113608330711230,1623113609353022117
11,"build/tests/sizes/cube-3225-asc.mesh","chck",1623113608330134931,1623113609353030704
11,"build/tests/sizes/cube-3550-asc.msh2","scan",1623113609353807050,1623113609786110268
11,"build/tests/sizes/cube-3550-asc.msh2","chck",1623113609353031977,1623113609786116640
11,"build/tests/sizes/cube-3817-bin.cgns","scan",1623113609789224711,1623113609808223804
11,"build/tests/sizes/cube-3817-bin.cgns","chck",1623113609786118169,1623113609808231133
11,"build/tests/sizes/cube-1029-asc.mesh","scan",1623113609828193844,1623113609845963391
11,"build/tests/sizes/cube-1029-asc.mesh","chck",1623113609808232294,1623113609845968821
11,"build/tests/sizes/cube-1879-bin.msh4","scan",1623113609847040078,1623113609849533127
11,"build/tests/sizes/cube-1879-bin.msh4","chck",1623113609845969891,1623113609849537652
11,"build/tests/sizes/cube-2590-asc.bdf","scan",1623113609851713521,1623113609941066714
11,"build/tests/sizes/cube-2590-asc.bdf","chck",1623113609849813057,1623113609941073499
11,"build/tests/sizes/cube-3561-stl-bin.geo","scan",1623113609956162378,1623113610928794659
11,"build/tests/sizes/cube-3561-stl-bin.geo","chck",1623113609941074879,1623113610928812161
11,"build/tests/sizes/cube-3687-bin.msh2","scan",1623113610929498875,1623113611912586400
11,"build/tests/sizes/cube-3687-bin.msh2","chck",1623113610928813592,1623113611912600846
11,"build/tests/sizes/cube-2881-stl-bin.geo","scan",1623113611913854637,1623113611935013751
11,"build/tests/sizes/cube-2881-stl-bin.geo","chck",1623113611912602335,1623113611935018855
11,"build/tests/sizes/cube-423-bin.msh4","scan",1623113611952203942,1623113612071324771
11,"build/tests/sizes/cube-423-bin.msh4","chck",1623113611935019900,1623113612071332287
11,"build/tests/sizes/cube-3872-asc.mesh","scan",1623113612073860816,1623113612187615018
11,"build/tests/sizes/cube-3872-asc.mesh","chck",1623113612071333791,1623113612187620455
11,"build/tests/sizes/cube-3080-stl-bin.geo","scan",1623113612188225469,1623113612197660956
11,"build/tests/sizes/cube-3080-stl-bin.geo","chck",1623113612187621422,1623113612197666879
11,"build/tests/sizes/cube-3948-bin.msh2","scan",1623113612198281855,1623113613697042050
11,"build/tests/sizes/cube-3948-bin.msh2","chck",1623113612197668096,1623113613697048415
11,"build/tests/sizes/cube-3541-stl-bin.geo","scan",1623113613709602636,1623113613951901293
11,"build/tests/sizes/cube-3541-stl-bin.geo","chck",1623113613697049788,1623113613951907639
11,"build/tests/sizes/cube-384-asc.bdf","scan",1623113613961914221,1623113622228681283
11,"build/tests/sizes/cube-384-asc.bdf","chck",1623113613951908668,1623113622228687615
11,"build/tests/sizes/cube-956-asc.mesh","scan",1623113622233499299,1623113622234655633
11,"build/tests/sizes/cube-956-asc.mesh","chck",1623113622228689096,1623113622234662571
11,"build/tests/sizes/cube-1881-bin.cgns","scan",1623113622380557686,1623113622490880567
11,"build/tests/sizes/cube-1881-bin.cgns","chck",1623113622234663839,1623113622490887128
11,"build/tests/sizes/cube-3947-stl-bin.geo","scan",1623113622503595536,1623113622503628147
11,"build/tests/sizes/cube-3947-stl-bin.geo","chck",1623113622490888238,1623113622503634102
11,"build/tests/sizes/cube-1290-bin.cgns","scan",1623113622535593338,1623113622594656334
11,"build/tests/sizes/cube-1290-bin.cgns","chck",1623113622503635138,1623113622594663529
11,"build/tests/sizes/cube-2668-bin.msh2","scan",1623113622595447472,1623113622595478069
11,"build/tests/sizes/cube-2668-bin.msh2","chck",1623113622594664594,1623113622595481768
11,"build/tests/sizes/cube-3610-bin.cgns","scan",1623113622599437853,1623113622620336714
11,"build/tests/sizes/cube-3610-bin.cgns","chck",1623113622595482651,1623113622620341877
11,"build/tests/sizes/cube-532-geo.geo_unrolled","scan",1623113622638315671,1623113622638344459
11,"build/tests/sizes/cube-532-geo.geo_unrolled","chck",1623113622620342878,1623113622638349490
11,"build/tests/sizes/cube-2922-stl-bin.geo","scan",1623113622638918727,1623113622638935590
11,"build/tests/sizes/cube-2922-stl-bin.geo","chck",1623113622638350455,1623113622638938319
11,"build/tests/sizes/cube-1740-bin.msh2","scan",1623113622655240046,1623113622655263359
11,"build/tests/sizes/cube-1740-bin.msh2","chck",1623113622638939207,1623113622655266714
11,"build/tests/sizes/cube-507-geo.geo_unrolled","scan",1623113622670206440,1623113622670226125
11,"build/tests/sizes/cube-507-geo.geo_unrolled","chck",1623113622655267550,1623113622670230166
11,"build/tests/sizes/cube-2004-asc.msh2","scan",1623113622670821189,1623113622670846855
11,"build/tests/sizes/cube-2004-asc.msh2","chck",1623113622670231110,1623113622670849410
11,"build/tests/sizes/cube-3885-bin.cgns","scan",1623113622674476705,1623113622693780611
11,"build/tests/sizes/cube-3885-bin.cgns","chck",1623113622670850138,1623113622693785646
11,"build/tests/sizes/cube-3081-geo.geo","scan",1623113622710905659,1623113622710940384
11,"build/tests/sizes/cube-3081-geo.geo","chck",1623113622693786624,1623113622710944693
11,"build/tests/sizes/cube-1510-geo.geo","scan",1623113622711979287,1623113622711996223
11,"build/tests/sizes/cube-1510-geo.geo","chck",1623113622710945762,1623113622711998606
11,"build/tests/sizes/cube-2567-bin.vtk","scan",1623113622712560236,1623113622712577210
11,"build/tests/sizes/cube-2567-bin.vtk","chck",1623113622711999398,1623113622712579685
11,"build/tests/sizes/cube-153-bin.cgns","scan",1623113622734709928,1623113622823348597
11,"build/tests/sizes/cube-153-bin.cgns","chck",1623113622712580461,1623113622823354922
11,"build/tests/sizes/cube-438-asc.msh2","scan",1623113622844019455,1623113622844051276
11,"build/tests/sizes/cube-438-asc.msh2","chck",1623113622823356285,1623113622844056806
11,"build/tests/sizes/cube-416-bin.msh2","scan",1623113622844925120,1623113622844944473
11,"build/tests/sizes/cube-416-bin.msh2","chck",1623113622844057690,1623113622844947417
11,"build/tests/sizes/cube-3839-asc.mesh","scan",1623113622864580150,1623113622864607856
11,"build/tests/sizes/cube-3839-asc.mesh","chck",1623113622844948203,1623113622864612556
11,"build/tests/sizes/cube-2553-bin.msh2","scan",1623113622865509114,1623113622865527204
11,"build/tests/sizes/cube-2553-bin.msh2","chck",1623113622864613644,1623113622865529604
11,"build/tests/sizes/cube-3032-bin.vtk","scan",1623113622866335245,1623113622866351505
11,"build/tests/sizes/cube-3032-bin.vtk","chck",1623113622865530657,1623113622866354404
11,"build/tests/sizes/cube-3503-asc.msh2","scan",1623113622866873441,1623113622866888946
11,"build/tests/sizes/cube-3503-asc.msh2","chck",1623113622866355111,1623113622866891106
11,"build/tests/sizes/cube-2603-asc.mesh","scan",1623113622867407301,1623113622867422335
11,"build/tests/sizes/cube-2603-asc.mesh","chck",1623113622866891823,1623113622867424283
11,"build/tests/sizes/cube-709-asc.msh2","scan",1623113622885451565,1623113622885472454
11,"build/tests/sizes/cube-709-asc.msh2","chck",1623113622867425026,1623113622885475721
11,"build/tests/sizes/cube-2989-bin.vtk","scan",1623113622907526067,1623113622907554868
11,"build/tests/sizes/cube-2989-bin.vtk","chck",1623113622885476539,1623113622907559466
11,"build/tests/sizes/cube-3057-bin.msh2","scan",1623113622908114152,1623113622908132049
11,"build/tests/sizes/cube-3057-bin.msh2","chck",1623113622907560303,1623113622908134607
11,"build/tests/sizes/cube-1548-geo.geo_unrolled","scan",1623113622909075084,1623113622909089963
11,"build/tests/sizes/cube-1548-geo.geo_unrolled","chck",1623113622908135419,1623113622909092369
11,"build/tests/sizes/cube-3420-bin.msh2","scan",1623113622909603945,1623113622909619235
11,"build/tests/sizes/cube-3420-bin.msh2","chck",1623113622909093027,1623113622909621476
11,"build/tests/sizes/cube-1632-bin.msh4","scan",1623113622927177739,1623113622927202495
11,"build/tests/sizes/cube-1632-bin.msh4","chck",1623113622909622278,1623113622927207085
11,"build/tests/sizes/cube-916-bin.msh4","scan",1623113622928371741,1623113622928390851
11,"build/tests/sizes/cube-916-bin.msh4","chck",1623113622927207890,1623113622928394359
11,"build/tests/sizes/cube-1324-bin.msh4","scan",1623113622947674454,1623113622947698227
11,"build/tests/sizes/cube-1324-bin.msh4","chck",1623113622928395159,1623113622947702039
11,"build/tests/sizes/cube-3454-geo.geo","scan",1623113622948268072,1623113622948282339
11,"build/tests/sizes/cube-3454-geo.geo","chck",1623113622947702933,1623113622948284795
11,"build/tests/sizes/cube-2148-asc.msh2","scan",1623113622949221883,1623113622949239063
11,"build/tests/sizes/cube-2148-asc.msh2","chck",1623113622948285510,1623113622949241899
11,"build/tests/sizes/cube-787-asc.bdf","scan",1623113622961065879,1623113622961086508
11,"build/tests/sizes/cube-787-asc.bdf","chck",1623113622949242916,1623113622961089943
11,"build/tests/sizes/cube-1956-bin.msh2","scan",1623113622977062297,1623113622977082067
11,"build/tests/sizes/cube-1956-bin.msh2","chck",1623113622961090773,1623113622977084946
11,"build/tests/sizes/cube-31-stl-bin.geo","scan",1623113622984195900,1623113622984215311
11,"build/tests/sizes/cube-31-stl-bin.geo","chck",1623113622977085636,1623113622984354649
11,"build/tests/sizes/cube-1905-bin.msh2","scan",1623113622985182744,1623113622985201464
11,"build/tests/sizes/cube-1905-bin.msh2","chck",1623113622984356106,1623113622985203752
11,"build/tests/sizes/cube-1179-bin.cgns","scan",1623113622992589959,1623113623063362506
11,"build/tests/sizes/cube-1179-bin.cgns","chck",1623113622985204444,1623113623063370019
11,"build/tests/sizes/cube-144-bin.vtk","scan",1623113623083835056,1623113623083877340
11,"build/tests/sizes/cube-144-bin.vtk","chck",1623113623063371210,1623113623083883691
11,"build/tests/sizes/cube-409-asc.mesh","scan",1623113623105543789,1623113623105578111
11,"build/tests/sizes/cube-409-asc.mesh","chck",1623113623083884659,1623113623105582920
11,"build/tests/sizes/cube-2298-bin.msh4","scan",1623113623106137999,1623113623106154235
11,"build/tests/sizes/cube-2298-bin.msh4","chck",1623113623105584008,1623113623106156589
11,"build/tests/sizes/cube-626-geo.geo","scan",1623113623130096172,1623113623130115915
11,"build/tests/sizes/cube-626-geo.geo","chck",1623113623106157378,1623113623130118938
11,"build/tests/sizes/cube-1597-asc.msh2","scan",1623113623130672795,1623113623130692383
11,"build/tests/sizes/cube-1597-asc.msh2","chck",1623113623130119796,1623113623130694935
11,"build/tests/sizes/cube-3625-geo.geo_unrolled","scan",1623113623131246858,1623113623131261611
11,"build/tests/sizes/cube-3625-geo.geo_unrolled","chck",1623113623130695642,1623113623131263850
11,"build/tests/sizes/cube-2348-bin.msh2","scan",1623113623153393899,1623113623153423437
11,"build/tests/sizes/cube-2348-bin.msh2","chck",1623113623131264671,1623113623153427777
11,"build/tests/sizes/cube-1962-bin.msh2","scan",1623113623154315276,1623113623154332668
11,"build/tests/sizes/cube-1962-bin.msh2","chck",1623113623153428752,1623113623154335540
11,"build/tests/sizes/cube-1971-asc.bdf","scan",1623113623154869912,1623113623154885705
11,"build/tests/sizes/cube-1971-asc.bdf","chck",1623113623154336395,1623113623154888039
11,"build/tests/sizes/cube-1367-bin.msh4","scan",1623113623155971807,1623113623155989442
11,"build/tests/sizes/cube-1367-bin.msh4","chck",1623113623154888848,1623113623155991955
11,"build/tests/sizes/cube-1830-geo.geo","scan",1623113623177173648,1623113623177192758
11,"build/tests/sizes/cube-1830-geo.geo","chck",1623113623155992772,1623113623177196054
11,"build/tests/sizes/cube-1051-stl-bin.geo","scan",1623113623178058362,1623113623178073186
11,"build/tests/sizes/cube-1051-stl-bin.geo","chck",1623113623177196870,1623113623178075366
11,"build/tests/sizes/cube-3445-bin.msh4","scan",1623113623190473413,1623113623190497844
11,"build/tests/sizes/cube-3445-bin.msh4","chck",1623113623178076091,1623113623190501308
11,"build/tests/sizes/cube-3501-bin.vtk","scan",1623113623191092432,1623113623191110048
11,"build/tests/sizes/cube-3501-bin.vtk","chck",1623113623190502065,1623113623191112330
11,"build/tests/sizes/cube-867-geo.geo","scan",1623113623200600604,1623113623200617051
11,"build/tests/sizes/cube-867-geo.geo","chck",1623113623191113155,1623113623200619150
11,"build/tests/sizes/cube-467-stl-bin.geo","scan",1623113623226558813,1623113623226588025
11,"build/tests/sizes/cube-467-stl-bin.geo","chck",1623113623200619847,1623113623226592611
11,"build/tests/sizes/cube-3342-bin.msh2","scan",1623113623241341870,1623113623241365772
11,"build/tests/sizes/cube-3342-bin.msh2","chck",1623113623226593531,1623113623241369308
11,"build/tests/sizes/cube-1050-stl-bin.geo","scan",1623113623262830992,1623113623262856008
11,"build/tests/sizes/cube-1050-stl-bin.geo","chck",1623113623241370112,1623113623262859263
11,"build/tests/sizes/cube-1998-bin.msh2","scan",1623113623263769405,1623113623263789631
11,"build/tests/sizes/cube-1998-bin.msh2","chck",1623113623262860015,1623113623263791940
11,"build/tests/sizes/cube-1378-bin.vtk","scan",1623113623264663875,1623113623264680135
11,"build/tests/sizes/cube-1378-bin.vtk","chck",1623113623263792709,1623113623264682489
11,"cube-3541-stl-bin","mesh",1623113623265860574,1623113623270473410
11,"cube-3541-stl-bin","prep",1623113623271303957,1623113623271372983
11,"cube-3541-stl-bin","zzzz",1623113623271376677,1623113627198559583,0,82644,247932
11,"cube-3541-stl-bin","post",1623113627198569539,1623113627202747165
11,"cube-3948-bin","prep",1623113627202781365,1623113627497267131
11,"cube-3948-bin","zzzz",1623113627497276066,1623113680597006776,346440,482177,1446531
11,"cube-3948-bin","post",1623113680597022094,1623113680627304229
11,"cube-3080-stl-bin","mesh",1623113680627812850,1623113680628008325
11,"cube-3080-stl-bin","prep",1623113680628628164,1623113680628640033
11,"cube-3080-stl-bin","zzzz",1623113680628641487,1623113680699722759,0,5100,15300
11,"cube-3080-stl-bin","post",1623113680699733528,1623113680700146384
11,"cube-3872-asc","prep",1623113680700157891,1623113680700756611
11,"cube-3872-asc","zzzz",1623113680700757960,1623113682617029557,5498,50469,151407
11,"cube-3872-asc","post",1623113682617041601,1623113682620378242
11,"cube-3466-bin","prep",1623113682620414978,1623113682698043260
11,"cube-3466-bin","zzzz",1623113682698052996,1623113693554589962,116451,165362,496086
11,"cube-3466-bin","post",1623113693554605459,1623113693580696667
11,"cube-447-asc","prep",1623113693580730556,1623113693590405247
11,"cube-447-asc","zzzz",1623113693590408292,1623113693593307841,168,469,1407
11,"cube-447-asc","post",1623113693593312091,1623113693593609272
11,"cube-1879-bin","prep",1623113693593634395,1623113693594756801
11,"cube-1879-bin","zzzz",1623113693594758380,1623113693619376835,1314,2365,7095
11,"cube-1879-bin","post",1623113693619386953,1623113693619778045
11,"cube-3954-bin","prep",1623113693619843756,1623113693726324338
11,"cube-3954-bin","zzzz",1623113693726330500,1623113708796513948,146187,206586,619758
11,"cube-3954-bin","post",1623113708796528879,1623113708838584800
11,"cube-1734-asc","prep",1623113708838621365,1623113708855905869
11,"cube-1734-asc","zzzz",1623113708855909778,1623113708937364978,3394,5611,16833
11,"cube-1734-asc","post",1623113708937375550,1623113708938118948
11,"cube-3550-asc","prep",1623113708938378442,1623113708977080958
11,"cube-3550-asc","zzzz",1623113708977087103,1623113714118138749,68363,99363,298089
11,"cube-3550-asc","post",1623113714118154837,1623113714124892155
11,"cube-384-asc","prep",1623113714124932079,1623113714124933841
11,"cube-384-asc","zzzz",1623113714124934731,1623113714124991731,0,0,0
11,"cube-384-asc","post",1623113714124993826,1623113714125016608
11,"cube-2540-geo","mesh",1623113714125021231,1623113714125583969
11,"cube-2540-geo","prep",1623113714126143886,1623113714126144516
11,"cube-2540-geo","zzzz",1623113714126145746,1623113714126201073,0,0,0
11,"cube-2540-geo","post",1623113714126202351,1623113714126294164
11,"cube-423-bin","prep",1623113714126300905,1623113714190321653
11,"cube-423-bin","zzzz",1623113714190328101,1623113724975115416,115880,164632,493896
11,"cube-423-bin","post",1623113724975131554,1623113724985437839
11,"cube-2997-geo","mesh",1623113724985943734,1623113724986048749
11,"cube-2997-geo","prep",1623113724986644768,1623113724986646311
11,"cube-2997-geo","zzzz",1623113724986647750,1623113724986704119,0,0,0
11,"cube-2997-geo","post",1623113724986705524,1623113724986779133
11,"cube-942-asc","prep",1623113724986785578,1623113724987013060
11,"cube-942-asc","zzzz",1623113724987014053,1623113724991856049,224,688,2064
11,"cube-942-asc","post",1623113724991866283,1623113724992213335
11,"cube-2744-asc","prep",1623113724992246382,1623113724993559918
11,"cube-2744-asc","zzzz",1623113724993561898,1623113725017697555,1281,2330,6990
11,"cube-2744-asc","post",1623113725017707673,1623113725018044465
11,"cube-2921-stl-bin","mesh",1623113725018151127,1623113725023333949
11,"cube-2921-stl-bin","prep",1623113725023977954,1623113725023986457
11,"cube-2921-stl-bin","zzzz",1623113725023987769,1623113727968230900,0,67796,203388
11,"cube-2921-stl-bin","post",1623113727968241410,1623113727971569972
11,"cube-1029-asc","prep",1623113727971581751,1623113727972331927
11,"cube-1029-asc","zzzz",1623113727972333327,1623113727992083050,520,2003,6009
11,"cube-1029-asc","post",1623113727992093365,1623113727992515405
11,"cube-2552-asc","prep",1623113727992994458,1623113727993336196
11,"cube-2552-asc","zzzz",1623113727993340115,1623113728003477937,360,1209,3627
11,"cube-2552-asc","post",1623113728003488110,1623113728003763443
11,"cube-3561-stl-bin","mesh",1623113728003797688,1623113728021197791
11,"cube-3561-stl-bin","prep",1623113728021787722,1623113728021980525
11,"cube-3561-stl-bin","zzzz",1623113728021982631,1623113759248330343,0,337756,1013268
11,"cube-3561-stl-bin","post",1623113759248345432,1623113759269568715
11,"cube-1357-geo","mesh",1623113759269597927,1623113759272038284
11,"cube-1357-geo","prep",1623113759273944926,1623113759273946595
11,"cube-1357-geo","zzzz",1623113759273949507,1623113759274006892,0,0,0
11,"cube-1357-geo","post",1623113759274008643,1623113759274115649
11,"cube-2159-geo","mesh",1623113759274123677,1623113759274162354
11,"cube-2159-geo","prep",1623113759274643036,1623113759274643559
11,"cube-2159-geo","zzzz",1623113759274644528,1623113759274699135,0,0,0
11,"cube-2159-geo","post",1623113759274700051,1623113759274756155
11,"cube-2590-asc","prep",1623113759274760856,1623113759281382230
11,"cube-2590-asc","zzzz",1623113759281384904,1623113759741277448,12057,18784,56352
11,"cube-2590-asc","post",1623113759741288296,1623113759742554650
11,"cube-153-bin.cgns","prep",1623113759742668069,1623113759758951626
11,"cube-153-bin.cgns","zzzz",1623113759758954508,1623113759872486436,4303,7081,21243
11,"cube-153-bin.cgns","post",1623113759872496693,1623113759872591727
11,"cube-3817-bin.cgns","prep",1623113759872643797,1623113759873132386
11,"cube-3817-bin.cgns","zzzz",1623113759873134377,1623113759875062108,150,335,1005
11,"cube-3817-bin.cgns","post",1623113759875072203,1623113759875114137
11,"cube-1626-bin.cgns","prep",1623113759875154419,1623113759881287723
11,"cube-1626-bin.cgns","zzzz",1623113759881290491,1623113761954551583,36020,53296,159888
11,"cube-1626-bin.cgns","post",1623113761954566048,1623113761954630522
11,"cube-3413-geo","mesh",1623113761954700735,1623113761954860339
11,"cube-3413-geo","prep",1623113761956069119,1623113761956070183
11,"cube-3413-geo","zzzz",1623113761956072091,1623113761956128530,0,0,0
11,"cube-3413-geo","post",1623113761956129675,1623113761956234919
11,"cube-585-bin.cgns","prep",1623113761956241841,1623113761958761468
11,"cube-585-bin.cgns","zzzz",1623113761958769122,1623113762118573103,5603,8994,26982
11,"cube-585-bin.cgns","post",1623113762118583333,1623113762118628772
11,"cube-1292-bin.cgns","prep",1623113762118677974,1623113762704647403
11,"cube-1292-bin.cgns","zzzz",1623113762704656225,1623114161395503144,1493679,2029813,6089439
11,"cube-1292-bin.cgns","post",1623114161395517367,1623114161395580427
11,"cube-2881-stl-bin","mesh",1623114161397130664,1623114161397200007
11,"cube-2881-stl-bin","prep",1623114161397773285,1623114161397786526
11,"cube-2881-stl-bin","zzzz",1623114161397787713,1623114161403043039,0,740,2220
11,"cube-2881-stl-bin","post",1623114161403048355,1623114161403192634
11,"cube-1950-asc","prep",1623114161403215072,1623114161404393313
11,"cube-1950-asc","zzzz",1623114161404395666,1623114161436907649,1618,2921,8763
11,"cube-1950-asc","post",1623114161436924011,1623114161437621774
11,"cube-3125-bin","prep",1623114161437647420,1623114161455716183
11,"cube-3125-bin","zzzz",1623114161455724326,1623114162872914144,27541,40982,122946
11,"cube-3125-bin","post",1623114162872921602,1623114162876340445
11,"cube-3687-bin","prep",1623114162876371386,1623114163015710001
11,"cube-3687-bin","zzzz",1623114163015718013,1623114188556354113,210451,295046,885138
11,"cube-3687-bin","post",1623114188556370811,1623114188594474084
11,"cube-1881-bin.cgns","prep",1623114188594509021,1623114188615927241
11,"cube-1881-bin.cgns","zzzz",1623114188615932207,1623114189183173524,14129,21729,65187
11,"cube-1881-bin.cgns","post",1623114189183186742,1623114189183243501
11,"cube-1179-bin.cgns","prep",1623114189183303113,1623114189209522038
11,"cube-1179-bin.cgns","zzzz",1623114189209526947,1623114191681557758,40834,60153,180459
11,"cube-1179-bin.cgns","post",1623114191681568406,1623114191681620955
11,"cube-1414-geo","mesh",1623114191681680852,1623114191681827925
11,"cube-1414-geo","prep",1623114191683053389,1623114191683054329
11,"cube-1414-geo","zzzz",1623114191683055860,1623114191683111719,0,0,0
11,"cube-1414-geo","post",1623114191683112896,1623114191683257650
11,"cube-3610-bin.cgns","prep",1623114191683264251,1623114191683568289
11,"cube-3610-bin.cgns","zzzz",1623114191683569933,1623114191686797910,240,503,1509
11,"cube-3610-bin.cgns","post",1623114191686808151,1623114191686864826
11,"cube-3885-bin.cgns","prep",1623114191686907542,1623114191719765391
11,"cube-3885-bin.cgns","zzzz",1623114191719772317,1623114237199268110,311045,434703,1304109
11,"cube-3885-bin.cgns","post",1623114237199278458,1623114237199316319
11,"cube-3429-stl-bin","mesh",1623114237199360847,1623114237202650036
11,"cube-3429-stl-bin","prep",1623114237203245954,1623114237203256737
11,"cube-3429-stl-bin","zzzz",1623114237203258004,1623114241248134617,0,84308,252924
11,"cube-3429-stl-bin","post",1623114241248145105,1623114241252161700
11,"cube-3431-geo","mesh",1623114241252174824,1623114241252524529
11,"cube-3431-geo","prep",1623114241253000233,1623114241253001120
11,"cube-3431-geo","zzzz",1623114241253002328,1623114241253057930,0,0,0
11,"cube-3431-geo","post",1623114241253059078,1623114241253401476
11,"cube-3805-bin","prep",1623114241253408440,1623114241254091404
11,"cube-3805-bin","zzzz",1623114241254092973,1623114241269087922,898,1627,4881
11,"cube-3805-bin","post",1623114241269098229,1623114241269420811
11,"cube-3225-asc","prep",1623114241269590248,1623114241273637565
11,"cube-3225-asc","zzzz",1623114241273639192,1623114284405180143,26074,419548,1258644
11,"cube-3225-asc","post",1623114284405191107,1623114284449391407
11,"cube-679-asc","prep",1623114284449426495,1623114284449893608
11,"cube-679-asc","zzzz",1623114284449895580,1623114284454651931,327,680,2040
11,"cube-679-asc","post",1623114284454667543,1623114284454814966
11,"cube-625-geo","mesh",1623114284454829998,1623114284454917887
11,"cube-625-geo","prep",1623114284455480386,1623114284455481111
11,"cube-625-geo","zzzz",1623114284455482264,1623114284455537833,0,0,0
11,"cube-625-geo","post",1623114284455538902,1623114284455636622
11,"cube-3034-bin","prep",1623114284455642769,1623114285506968413
11,"cube-3034-bin","zzzz",1623114285506982886,1623114624506704177,1318575,1797332,5391996
11,"cube-3034-bin","post",1623114624506718666,1623114624691472498
11,"cube-3330-geo","mesh",1623114624692394493,1623114624696322075
11,"cube-3330-geo","prep",1623114624716672806,1623114624716674557
11,"cube-3330-geo","zzzz",1623114624716679080,1623114624716736184,0,0,0
11,"cube-3330-geo","post",1623114624716738068,1623114624716899754
11,"cube-3222-asc","prep",1623114624716909214,1623114624717143007
11,"cube-3222-asc","zzzz",1623114624717144172,1623114624724546189,304,959,2877
11,"cube-3222-asc","post",1623114624724550746,1623114624724905922
11,"cube-2060-bin","prep",1623114624724936074,1623114624825772567
11,"cube-2060-bin","zzzz",1623114624825778913,1623114639814710720,145602,205836,617508
11,"cube-2060-bin","post",1623114639814724473,1623114639844884100
11,"cube-2057-bin","prep",1623114639844920600,1623114639883763114
11,"cube-2057-bin","zzzz",1623114639883769055,1623114643638433754,54807,80135,240405
11,"cube-2057-bin","post",1623114643638450067,1623114643646370939
11,"cube-1095-bin","prep",1623114643646404790,1623114643654511187
11,"cube-1095-bin","zzzz",1623114643654513971,1623114643710296421,2514,4304,12912
11,"cube-1095-bin","post",1623114643710300705,1623114643711142882
11,"cube-2250-bin","prep",1623114643711183883,1623114643712873121
11,"cube-2250-bin","zzzz",1623114643712875436,1623114643761124049,2234,3887,11661
11,"cube-2250-bin","post",1623114643761127862,1623114643762031303
11,"cube-3150-bin","prep",1623114643762045568,1623114643769641064
11,"cube-3150-bin","zzzz",1623114643769643060,1623114644340763324,14214,21857,65571
11,"cube-3150-bin","post",1623114644340776890,1623114644342996096
11,"cube-1729-bin","prep",1623114644343025273,1623114644344132015
11,"cube-1729-bin","zzzz",1623114644344134564,1623114644367856898,1268,2299,6897
11,"cube-1729-bin","post",1623114644368424867,1623114644368806906
11,"cube-1151-asc","prep",1623114644368822478,1623114644369123622
11,"cube-1151-asc","zzzz",1623114644369124996,1623114644514041734,1504,8413,25239
11,"cube-1151-asc","post",1623114644514051890,1623114644515104629
11,"cube-1442-asc","prep",1623114644515118269,1623114644521813941
11,"cube-1442-asc","zzzz",1623114644521816320,1623114644993542007,12317,19140,57420
11,"cube-1442-asc","post",1623114644993545958,1623114644995034738
11,"cube-3994-bin","prep",1623114644995249695,1623114644995476720
11,"cube-3994-bin","zzzz",1623114644995478487,1623114644998361501,226,467,1401
11,"cube-3994-bin","post",1623114644998365344,1623114644998550119
11,"cube-71-bin","prep",1623114644998572970,1623114645001178235
11,"cube-71-bin","zzzz",1623114645001180405,1623114645092101125,3697,6069,18207
11,"cube-71-bin","post",1623114645092111338,1623114645093285493
11,"cube-1290-bin.cgns","prep",1623114645093304062,1623114645112684589
11,"cube-1290-bin.cgns","zzzz",1623114645112687718,1623114645120302153,486,973,2919
11,"cube-1290-bin.cgns","post",1623114645120312318,1623114645120386787
11,"cube-3935-asc","prep",1623114645120431751,1623114645121745458
11,"cube-3935-asc","zzzz",1623114645121747009,1623114647570626456,6546,59744,179232
11,"cube-3935-asc","post",1623114647570640399,1623114647586462507
11,"cube-1877-bin","prep",1623114647586499856,1623114647587042821
11,"cube-1877-bin","zzzz",1623114647587045204,1623114647590859363,270,571,1713
11,"cube-1877-bin","post",1623114647590869727,1623114647590992733
11,"cube-3705-geo","mesh",1623114647591007487,1623114647591057753
11,"cube-3705-geo","prep",1623114647591609637,1623114647591610503
11,"cube-3705-geo","zzzz",1623114647591611860,1623114647591667317,0,0,0
11,"cube-3705-geo","post",1623114647591668413,1623114647591795562
11,"cube-28-stl-bin","mesh",1623114647591803278,1623114647594097541
11,"cube-28-stl-bin","prep",1623114647594602965,1623114647594616336
11,"cube-28-stl-bin","zzzz",1623114647594617544,1623114650213259412,0,62580,187740
11,"cube-28-stl-bin","post",1623114650213270637,1623114650217019050
11,"Proc","exit_task",1623113578265279559,1623114650229704477,1481128
