19,"build/tests/sizes/cube-497-asc.mesh","scan",1623113600052187871,1623113600075653708
19,"build/tests/sizes/cube-497-asc.mesh","chck",1623113600040387509,1623113600075763652
19,"build/tests/sizes/cube-3456-bin.vtk","scan",1623113600077518716,1623113600127716042
19,"build/tests/sizes/cube-3456-bin.vtk","chck",1623113600075765139,1623113600127721104
19,"build/tests/sizes/cube-2994-geo.geo","scan",1623113600129369876,1623113600132012866
19,"build/tests/sizes/cube-2994-geo.geo","chck",1623113600127722027,1623113600132016620
19,"build/tests/sizes/cube-3041-asc.mesh","scan",1623113600151151893,1623113602147255236
19,"build/tests/sizes/cube-3041-asc.mesh","chck",1623113600132017614,1623113602147280831
19,"build/tests/sizes/cube-1955-asc.mesh","scan",1623113602166565457,1623113602239427380
19,"build/tests/sizes/cube-1955-asc.mesh","chck",1623113602147282256,1623113602239433798
19,"build/tests/sizes/cube-3084-geo.geo","scan",1623113602240027497,1623113602241197512
19,"build/tests/sizes/cube-3084-geo.geo","chck",1623113602239434974,1623113602241202579
19,"build/tests/sizes/cube-2175-stl-bin.geo","scan",1623113602241786186,1623113602245444592
19,"build/tests/sizes/cube-2175-stl-bin.geo","chck",1623113602241203682,1623113602245449262
19,"build/tests/sizes/cube-1450-bin.vtk","scan",1623113602260552510,1623113602348138481
19,"build/tests/sizes/cube-1450-bin.vtk","chck",1623113602245450223,1623113602348145837
19,"build/tests/sizes/cube-3126-geo.geo_unrolled","scan",1623113602357404933,1623113602358563090
19,"build/tests/sizes/cube-3126-geo.geo_unrolled","chck",1623113602348147066,1623113602358569885
19,"build/tests/sizes/cube-49-asc.mesh","scan",1623113602359750904,1623113602969837024
19,"build/tests/sizes/cube-49-asc.mesh","chck",1623113602358571356,1623113602969862479
19,"build/tests/sizes/cube-3422-bin.cgns","scan",1623113602975002703,1623113602997228522
19,"build/tests/sizes/cube-3422-bin.cgns","chck",1623113602969863782,1623113602997235730
19,"build/tests/sizes/cube-3345-asc.bdf","scan",1623113603013049484,1623113613341296306
19,"build/tests/sizes/cube-3345-asc.bdf","chck",1623113602997236932,1623113613341315228
19,"build/tests/sizes/cube-2199-asc.bdf","scan",1623113613386772202,1623113613387411170
19,"build/tests/sizes/cube-2199-asc.bdf","chck",1623113613341316570,1623113613387418318
19,"build/tests/sizes/cube-1131-asc.bdf","scan",1623113613392548944,1623113613392861239
19,"build/tests/sizes/cube-1131-asc.bdf","chck",1623113613387419660,1623113613392867943
19,"build/tests/sizes/cube-673-stl-bin.geo","scan",1623113613398383222,1623113613400353649
19,"build/tests/sizes/cube-673-stl-bin.geo","chck",1623113613392869020,1623113613400358589
19,"build/tests/sizes/cube-3914-geo.geo","scan",1623113613405227234,1623113613407196150
19,"build/tests/sizes/cube-3914-geo.geo","chck",1623113613400359528,1623113613407203742
19,"build/tests/sizes/cube-2156-geo.geo","scan",1623113613412210951,1623113613414128367
19,"build/tests/sizes/cube-2156-geo.geo","chck",1623113613407204838,1623113613414134708
19,"build/tests/sizes/cube-160-asc.bdf","scan",1623113613436665112,1623113613438606931
19,"build/tests/sizes/cube-160-asc.bdf","chck",1623113613414135793,1623113613438614529
19,"build/tests/sizes/cube-155-bin.cgns","scan",1623113613497581399,1623113613558452011
19,"build/tests/sizes/cube-155-bin.cgns","chck",1623113613438615782,1623113613558460616
19,"build/tests/sizes/cube-421-asc.bdf","scan",1623113613581408163,1623113613581446128
19,"build/tests/sizes/cube-421-asc.bdf","chck",1623113613558461862,1623113613581452820
19,"build/tests/sizes/cube-3971-asc.mesh","scan",1623113613600391418,1623113613600436798
19,"build/tests/sizes/cube-3971-asc.mesh","chck",1623113613581454040,1623113613600445834
19,"build/tests/sizes/cube-2061-bin.cgns","scan",1623113613605277502,1623113613627924158
19,"build/tests/sizes/cube-2061-bin.cgns","chck",1623113613600447103,1623113613627931229
19,"build/tests/sizes/cube-457-geo.geo","scan",1623113613639680869,1623113613639714354
19,"build/tests/sizes/cube-457-geo.geo","chck",1623113613627932446,1623113613639719049
19,"build/tests/sizes/cube-1855-bin.cgns","scan",1623113613642829488,1623113613660382371
19,"build/tests/sizes/cube-1855-bin.cgns","chck",1623113613639719982,1623113613660396251
19,"build/tests/sizes/cube-3019-bin.msh4","scan",1623113613681201513,1623113613681241198
19,"build/tests/sizes/cube-3019-bin.msh4","chck",1623113613660397448,1623113613681246840
19,"build/tests/sizes/cube-2238-bin.msh2","scan",1623113613708704344,1623113613708741565
19,"build/tests/sizes/cube-2238-bin.msh2","chck",1623113613681248021,1623113613708750022
19,"build/tests/sizes/cube-2991-asc.bdf","scan",1623113613709296340,1623113613709314320
19,"build/tests/sizes/cube-2991-asc.bdf","chck",1623113613708751187,1623113613709316675
19,"build/tests/sizes/cube-3461-bin.vtk","scan",1623113613710412680,1623113613710433467
19,"build/tests/sizes/cube-3461-bin.vtk","chck",1623113613709317447,1623113613710436577
19,"build/tests/sizes/cube-1919-geo.geo_unrolled","scan",1623113613718020634,1623113613718043023
19,"build/tests/sizes/cube-1919-geo.geo_unrolled","chck",1623113613710437469,1623113613718047140
19,"build/tests/sizes/cube-308-bin.cgns","scan",1623113613747290396,1623113613846947343
19,"build/tests/sizes/cube-308-bin.cgns","chck",1623113613718048141,1623113613846954779
19,"build/tests/sizes/cube-180-stl-bin.geo","scan",1623113613861429615,1623113613861462735
19,"build/tests/sizes/cube-180-stl-bin.geo","chck",1623113613846955947,1623113613861470197
19,"build/tests/sizes/cube-906-geo.geo_unrolled","scan",1623113613882369972,1623113613882397428
19,"build/tests/sizes/cube-906-geo.geo_unrolled","chck",1623113613861471314,1623113613882402912
19,"build/tests/sizes/cube-3962-asc.mesh","scan",1623113613882953903,1623113613882973059
19,"build/tests/sizes/cube-3962-asc.mesh","chck",1623113613882403901,1623113613882975499
19,"build/tests/sizes/cube-1374-asc.msh2","scan",1623113613892699020,1623113613892723912
19,"build/tests/sizes/cube-1374-asc.msh2","chck",1623113613882976324,1623113613892727615
19,"build/tests/sizes/cube-1578-geo.geo_unrolled","scan",1623113613893274451,1623113613893289473
19,"build/tests/sizes/cube-1578-geo.geo_unrolled","chck",1623113613892728436,1623113613893291538
19,"build/tests/sizes/cube-3647-stl-bin.geo","scan",1623113613894317222,1623113613894333646
19,"build/tests/sizes/cube-3647-stl-bin.geo","chck",1623113613893292259,1623113613894335745
19,"build/tests/sizes/cube-2990-bin.msh4","scan",1623113613894866089,1623113613894884564
19,"build/tests/sizes/cube-2990-bin.msh4","chck",1623113613894336483,1623113613894886888
19,"build/tests/sizes/cube-2839-stl-bin.geo","scan",1623113613895444155,1623113613895459615
19,"build/tests/sizes/cube-2839-stl-bin.geo","chck",1623113613894887606,1623113613895461467
19,"build/tests/sizes/cube-1579-asc.mesh","scan",1623113613925991443,1623113613926024307
19,"build/tests/sizes/cube-1579-asc.mesh","chck",1623113613895462252,1623113613926030737
19,"build/tests/sizes/cube-2432-asc.bdf","scan",1623113613926912689,1623113613926932420
19,"build/tests/sizes/cube-2432-asc.bdf","chck",1623113613926031790,1623113613926935501
19,"build/tests/sizes/cube-1458-asc.bdf","scan",1623113613927427366,1623113613927444383
19,"build/tests/sizes/cube-1458-asc.bdf","chck",1623113613926936360,1623113613927446406
19,"build/tests/sizes/cube-791-geo.geo","scan",1623113613928388754,1623113613928402888
19,"build/tests/sizes/cube-791-geo.geo","chck",1623113613927447170,1623113613928404896
19,"build/tests/sizes/cube-1942-geo.geo_unrolled","scan",1623113613942822736,1623113613942852521
19,"build/tests/sizes/cube-1942-geo.geo_unrolled","chck",1623113613928405685,1623113613942856969
19,"build/tests/sizes/cube-1997-bin.msh4","scan",1623113613943356353,1623113613943375571
19,"build/tests/sizes/cube-1997-bin.msh4","chck",1623113613942857986,1623113613943378039
19,"build/tests/sizes/cube-3237-bin.vtk","scan",1623113613943865028,1623113613943881519
19,"build/tests/sizes/cube-3237-bin.vtk","chck",1623113613943378853,1623113613943883554
19,"build/tests/sizes/cube-2706-stl-bin.geo","scan",1623113613959524329,1623113613959552068
19,"build/tests/sizes/cube-2706-stl-bin.geo","chck",1623113613943884315,1623113613959559023
19,"build/tests/sizes/cube-1384-geo.geo_unrolled","scan",1623113613960834270,1623113613960858752
19,"build/tests/sizes/cube-1384-geo.geo_unrolled","chck",1623113613959785851,1623113613960861361
19,"build/tests/sizes/cube-43-geo.geo","scan",1623113613977853676,1623113613977882252
19,"build/tests/sizes/cube-43-geo.geo","chck",1623113613960862115,1623113613977889878
19,"build/tests/sizes/cube-3986-bin.msh4","scan",1623113613978437798,1623113613978457634
19,"build/tests/sizes/cube-3986-bin.msh4","chck",1623113613977891087,1623113613978460517
19,"build/tests/sizes/cube-2251-bin.cgns","scan",1623113613981544265,1623113613999003208
19,"build/tests/sizes/cube-2251-bin.cgns","chck",1623113613978461245,1623113613999017328
19,"build/tests/sizes/cube-1410-asc.mesh","scan",1623113614010774118,1623113614010807783
19,"build/tests/sizes/cube-1410-asc.mesh","chck",1623113613999018419,1623113614010812758
19,"build/tests/sizes/cube-1680-bin.vtk","scan",1623113614027723559,1623113614027755912
19,"build/tests/sizes/cube-1680-bin.vtk","chck",1623113614010813708,1623113614027761429
19,"build/tests/sizes/cube-3768-geo.geo_unrolled","scan",1623113614028324494,1623113614028340977
19,"build/tests/sizes/cube-3768-geo.geo_unrolled","chck",1623113614027762546,1623113614028343366
19,"build/tests/sizes/cube-114-asc.msh2","scan",1623113614043977192,1623113614044008869
19,"build/tests/sizes/cube-114-asc.msh2","chck",1623113614028344140,1623113614044013628
19,"build/tests/sizes/cube-938-asc.mesh","scan",1623113614045033738,1623113614045053357
19,"build/tests/sizes/cube-938-asc.mesh","chck",1623113614044014456,1623113614045056387
19,"build/tests/sizes/cube-540-geo.geo","scan",1623113614058641872,1623113614058660041
19,"build/tests/sizes/cube-540-geo.geo","chck",1623113614045057129,1623113614058662870
19,"build/tests/sizes/cube-1272-geo.geo","scan",1623113614079583727,1623113614079607819
19,"build/tests/sizes/cube-1272-geo.geo","chck",1623113614058663571,1623113614079612932
19,"build/tests/sizes/cube-2551-asc.mesh","scan",1623113614080997903,1623113614081019684
19,"build/tests/sizes/cube-2551-asc.mesh","chck",1623113614079613933,1623113614081022562
19,"build/tests/sizes/cube-2524-geo.geo_unrolled","scan",1623113614081578524,1623113614081592851
19,"build/tests/sizes/cube-2524-geo.geo_unrolled","chck",1623113614081023335,1623113614081595018
19,"build/tests/sizes/cube-2696-geo.geo_unrolled","scan",1623113614082128735,1623113614082143097
19,"build/tests/sizes/cube-2696-geo.geo_unrolled","chck",1623113614081595762,1623113614082145030
19,"build/tests/sizes/cube-3023-asc.bdf","scan",1623113614091205066,1623113614091229143
19,"build/tests/sizes/cube-3023-asc.bdf","chck",1623113614082145758,1623113614091232460
19,"build/tests/sizes/cube-1865-geo.geo","scan",1623113614092240129,1623113614092254510
19,"build/tests/sizes/cube-1865-geo.geo","chck",1623113614091233213,1623113614092256645
19,"build/tests/sizes/cube-3672-bin.msh4","scan",1623113614093242636,1623113614093259985
19,"build/tests/sizes/cube-3672-bin.msh4","chck",1623113614092257304,1623113614093262364
19,"build/tests/sizes/cube-2673-asc.msh2","scan",1623113614093793265,1623113614093808106
19,"build/tests/sizes/cube-2673-asc.msh2","chck",1623113614093263029,1623113614093810012
19,"build/tests/sizes/cube-3721-bin.msh4","scan",1623113614105802070,1623113614105828539
19,"build/tests/sizes/cube-3721-bin.msh4","chck",1623113614093810747,1623113614105832437
19,"build/tests/sizes/cube-440-bin.vtk","scan",1623113614123593887,1623113614123624262
19,"build/tests/sizes/cube-440-bin.vtk","chck",1623113614105833420,1623113614123628280
19,"build/tests/sizes/cube-2750-bin.msh4","scan",1623113614124161175,1623113614124177360
19,"build/tests/sizes/cube-2750-bin.msh4","chck",1623113614123629232,1623113614124179559
19,"build/tests/sizes/cube-1752-geo.geo","scan",1623113614145576451,1623113614145599653
19,"build/tests/sizes/cube-1752-geo.geo","chck",1623113614124180232,1623113614145604157
19,"build/tests/sizes/cube-2924-bin.msh4","scan",1623113614146139068,1623113614146156392
19,"build/tests/sizes/cube-2924-bin.msh4","chck",1623113614145605007,1623113614146158733
19,"build/tests/sizes/cube-879-asc.msh2","scan",1623113614165504586,1623113614165542618
19,"build/tests/sizes/cube-879-asc.msh2","chck",1623113614146159424,1623113614165549922
19,"build/tests/sizes/cube-1215-bin.cgns","scan",1623113614169475330,1623113614191760073
19,"build/tests/sizes/cube-1215-bin.cgns","chck",1623113614165551025,1623113614191767196
19,"build/tests/sizes/cube-605-asc.msh2","scan",1623113614213331430,1623113614213371443
19,"build/tests/sizes/cube-605-asc.msh2","chck",1623113614191768336,1623113614213379755
19,"build/tests/sizes/cube-3362-bin.msh2","scan",1623113614232408319,1623113614232440321
19,"build/tests/sizes/cube-3362-bin.msh2","chck",1623113614213380871,1623113614232446091
19,"build/tests/sizes/cube-16-bin.vtk","scan",1623113614246935626,1623113614246965359
19,"build/tests/sizes/cube-16-bin.vtk","chck",1623113614232447251,1623113614246970586
19,"build/tests/sizes/cube-603-asc.msh2","scan",1623113614262733472,1623113614262766582
19,"build/tests/sizes/cube-603-asc.msh2","chck",1623113614246971569,1623113614262771711
19,"build/tests/sizes/cube-2971-asc.bdf","scan",1623113614263307195,1623113614263323807
19,"build/tests/sizes/cube-2971-asc.bdf","chck",1623113614262772733,1623113614263325794
19,"build/tests/sizes/cube-3770-asc.msh2","scan",1623113614288044242,1623113614288076457
19,"build/tests/sizes/cube-3770-asc.msh2","chck",1623113614263326567,1623113614288084375
19,"build/tests/sizes/cube-1978-asc.bdf","scan",1623113614288601147,1623113614288617062
19,"build/tests/sizes/cube-1978-asc.bdf","chck",1623113614288085842,1623113614288619049
19,"build/tests/sizes/cube-3188-bin.msh4","scan",1623113614289132906,1623113614289148345
19,"build/tests/sizes/cube-3188-bin.msh4","chck",1623113614288619838,1623113614289150258
19,"build/tests/sizes/cube-2421-geo.geo_unrolled","scan",1623113614290108636,1623113614290123558
19,"build/tests/sizes/cube-2421-geo.geo_unrolled","chck",1623113614289151006,1623113614290125498
19,"build/tests/sizes/cube-2118-asc.bdf","scan",1623113614297487989,1623113614297509334
19,"build/tests/sizes/cube-2118-asc.bdf","chck",1623113614290126174,1623113614297512441
19,"build/tests/sizes/cube-715-bin.vtk","scan",1623113614314365344,1623113614314401074
19,"build/tests/sizes/cube-715-bin.vtk","chck",1623113614297513160,1623113614314407980
19,"build/tests/sizes/cube-2160-bin.msh2","scan",1623113614314968560,1623113614314986578
19,"build/tests/sizes/cube-2160-bin.msh2","chck",1623113614314409082,1623113614314989063
19,"build/tests/sizes/cube-2307-bin.vtk","scan",1623113614329265201,1623113614329298574
19,"build/tests/sizes/cube-2307-bin.vtk","chck",1623113614314989811,1623113614329305398
19,"build/tests/sizes/cube-1779-bin.vtk","scan",1623113614337679471,1623113614337704363
19,"build/tests/sizes/cube-1779-bin.vtk","chck",1623113614329306534,1623113614337708539
19,"build/tests/sizes/cube-2667-stl-bin.geo","scan",1623113614339067600,1623113614339082772
19,"build/tests/sizes/cube-2667-stl-bin.geo","chck",1623113614337709353,1623113614339085044
19,"build/tests/sizes/cube-1822-asc.mesh","scan",1623113614353904319,1623113614353933945
19,"build/tests/sizes/cube-1822-asc.mesh","chck",1623113614339085836,1623113614353939168
19,"build/tests/sizes/cube-1006-bin.msh4","scan",1623113614365493675,1623113614365516888
19,"build/tests/sizes/cube-1006-bin.msh4","chck",1623113614353939971,1623113614365520973
19,"build/tests/sizes/cube-3295-asc.bdf","scan",1623113614366051691,1623113614366067387
19,"build/tests/sizes/cube-3295-asc.bdf","chck",1623113614365522123,1623113614366069952
19,"build/tests/sizes/cube-2999-asc.mesh","scan",1623113614366573652,1623113614366589157
19,"build/tests/sizes/cube-2999-asc.mesh","chck",1623113614366070646,1623113614366591114
19,"build/tests/sizes/cube-3102-asc.msh2","scan",1623113614367489455,1623113614367505232
19,"build/tests/sizes/cube-3102-asc.msh2","chck",1623113614366592156,1623113614367507591
19,"build/tests/sizes/cube-2509-bin.msh2","scan",1623113614368030153,1623113614368045774
19,"build/tests/sizes/cube-2509-bin.msh2","chck",1623113614367508312,1623113614368047802
19,"build/tests/sizes/cube-1268-geo.geo_unrolled","scan",1623113614369062951,1623113614369077072
19,"build/tests/sizes/cube-1268-geo.geo_unrolled","chck",1623113614368085112,1623113614369079226
19,"build/tests/sizes/cube-3426-bin.cgns","scan",1623113614372457439,1623113614390799271
19,"build/tests/sizes/cube-3426-bin.cgns","chck",1623113614369079923,1623113614390805752
19,"build/tests/sizes/cube-1696-stl-bin.geo","scan",1623113614391638012,1623113614391666805
19,"build/tests/sizes/cube-1696-stl-bin.geo","chck",1623113614390806953,1623113614391670128
19,"build/tests/sizes/cube-1739-asc.mesh","scan",1623113614410732181,1623113614410765910
19,"build/tests/sizes/cube-1739-asc.mesh","chck",1623113614391671001,1623113614410771375
19,"build/tests/sizes/cube-2064-stl-bin.geo","scan",1623113614411772786,1623113614411788538
19,"build/tests/sizes/cube-2064-stl-bin.geo","chck",1623113614410772358,1623113614411791048
19,"build/tests/sizes/cube-1352-geo.geo_unrolled","scan",1623113614430870339,1623113614430900906
19,"build/tests/sizes/cube-1352-geo.geo_unrolled","chck",1623113614411791931,1623113614430907580
19,"build/tests/sizes/cube-3699-bin.msh4","scan",1623113614484759352,1623113614484795114
19,"build/tests/sizes/cube-3699-bin.msh4","chck",1623113614430908579,1623113614484801738
19,"build/tests/sizes/cube-382-stl-bin.geo","scan",1623113614502371864,1623113614502403789
19,"build/tests/sizes/cube-382-stl-bin.geo","chck",1623113614484803036,1623113614502411013
19,"build/tests/sizes/cube-3347-stl-bin.geo","scan",1623113614502970404,1623113614502985350
19,"build/tests/sizes/cube-3347-stl-bin.geo","chck",1623113614502412221,1623113614502987481
19,"build/tests/sizes/cube-1220-asc.bdf","scan",1623113614504216410,1623113614504234989
19,"build/tests/sizes/cube-1220-asc.bdf","chck",1623113614502988402,1623113614504237417
19,"build/tests/sizes/cube-1644-bin.msh2","scan",1623113614507938582,1623113614507955737
19,"build/tests/sizes/cube-1644-bin.msh2","chck",1623113614504238144,1623113614507957883
19,"build/tests/sizes/cube-3961-bin.cgns","scan",1623113614531574592,1623113614610614645
19,"build/tests/sizes/cube-3961-bin.cgns","chck",1623113614507958639,1623113614610620747
19,"build/tests/sizes/cube-1499-asc.msh2","scan",1623113614629984833,1623113614630021756
19,"build/tests/sizes/cube-1499-asc.msh2","chck",1623113614610621783,1623113614630027731
19,"build/tests/sizes/cube-1878-asc.msh2","scan",1623113614631103723,1623113614631122743
19,"build/tests/sizes/cube-1878-asc.msh2","chck",1623113614630028740,1623113614631125768
19,"build/tests/sizes/cube-827-stl-bin.geo","scan",1623113614652681594,1623113614652702816
19,"build/tests/sizes/cube-827-stl-bin.geo","chck",1623113614631126528,1623113614652706763
19,"build/tests/sizes/cube-1923-asc.mesh","scan",1623113614653221565,1623113614653240308
19,"build/tests/sizes/cube-1923-asc.mesh","chck",1623113614652707794,1623113614653242936
19,"build/tests/sizes/cube-3645-asc.mesh","scan",1623113614653730193,1623113614653745108
19,"build/tests/sizes/cube-3645-asc.mesh","chck",1623113614653243704,1623113614653747069
19,"build/tests/sizes/cube-3153-bin.vtk","scan",1623113614654245595,1623113614654261198
19,"build/tests/sizes/cube-3153-bin.vtk","chck",1623113614653747755,1623113614654263320
19,"build/tests/sizes/cube-3840-geo.geo_unrolled","scan",1623113614654762332,1623113614654776139
19,"build/tests/sizes/cube-3840-geo.geo_unrolled","chck",1623113614654264059,1623113614654777890
19,"build/tests/sizes/cube-844-bin.msh4","scan",1623113614671177943,1623113614671204401
19,"build/tests/sizes/cube-844-bin.msh4","chck",1623113614654778670,1623113614671209544
19,"build/tests/sizes/cube-1181-geo.geo","scan",1623113614691888158,1623113614691912297
19,"build/tests/sizes/cube-1181-geo.geo","chck",1623113614671210461,1623113614691917236
19,"build/tests/sizes/cube-563-bin.vtk","scan",1623113614708258222,1623113614708292853
19,"build/tests/sizes/cube-563-bin.vtk","chck",1623113614691918162,1623113614708298324
19,"cube-1450-bin","prep",1623113614708869920,1623113614734127604
19,"cube-1450-bin","zzzz",1623113614734140776,1623113616662432645,34230,50705,152115
19,"cube-1450-bin","post",1623113616662443368,1623113616666220195
19,"cube-3126-geo","mesh",1623113616666274917,1623113616666377728
19,"cube-3126-geo","prep",1623113616666654394,1623113616666655991
19,"cube-3126-geo","zzzz",1623113616666657324,1623113616666714494,0,0,0
19,"cube-3126-geo","post",1623113616666716135,1623113616666773515
19,"cube-3084-geo","mesh",1623113616666780465,1623113616666820151
19,"cube-3084-geo","prep",1623113616667019895,1623113616667020411
19,"cube-3084-geo","zzzz",1623113616667021381,1623113616667075755,0,0,0
19,"cube-3084-geo","post",1623113616667076844,1623113616667145707
19,"cube-497-asc","prep",1623113616667151715,1623113616667320080
19,"cube-497-asc","zzzz",1623113616667321033,1623113616687021083,522,2007,6021
19,"cube-497-asc","post",1623113616687032087,1623113616687248609
19,"cube-2994-geo","mesh",1623113616687280032,1623113616687347013
19,"cube-2994-geo","prep",1623113616687600202,1623113616687601913
19,"cube-2994-geo","zzzz",1623113616687603176,1623113616687659872,0,0,0
19,"cube-2994-geo","post",1623113616687661242,1623113616687713691
19,"cube-3345-asc","prep",1623113616687719846,1623113616687720175
19,"cube-3345-asc","zzzz",1623113616687720834,1623113616687774835,0,0,0
19,"cube-3345-asc","post",1623113616687775729,1623113616687780498
19,"cube-3041-asc","prep",1623113616687784749,1623113616694953170
19,"cube-3041-asc","zzzz",1623113616694957022,1623113721623824368,37806,758685,2276055
19,"cube-3041-asc","post",1623113721623855322,1623113721697986527
19,"cube-3422-bin.cgns","prep",1623113721698022465,1623113721737909708
19,"cube-3422-bin.cgns","zzzz",1623113721737918909,1623113740012354265,166878,235339,706017
19,"cube-3422-bin.cgns","post",1623113740012368520,1623113740012470294
19,"cube-2251-bin.cgns","prep",1623113740012537387,1623113740016025775
19,"cube-2251-bin.cgns","zzzz",1623113740016029280,1623113742225280521,37653,55617,166851
19,"cube-2251-bin.cgns","post",1623113742225291702,1623113742225340533
19,"cube-2175-stl-bin","mesh",1623113742225400804,1623113742225593396
19,"cube-2175-stl-bin","prep",1623113742226014012,1623113742226020958
19,"cube-2175-stl-bin","zzzz",1623113742226022005,1623113742239205693,0,1476,4428
19,"cube-2175-stl-bin","post",1623113742239216008,1623113742239405531
19,"cube-1855-bin.cgns","prep",1623113742239435340,1623113742239971040
19,"cube-1855-bin.cgns","zzzz",1623113742239973066,1623113742258490517,1065,1908,5724
19,"cube-1855-bin.cgns","post",1623113742258500605,1623113742258537087
19,"cube-308-bin.cgns","prep",1623113742258581387,1623113742282482821
19,"cube-308-bin.cgns","zzzz",1623113742282485672,1623113742810500947,13379,20675,62025
19,"cube-308-bin.cgns","post",1623113742810511114,1623113742810547975
19,"cube-3456-bin","prep",1623113742810592396,1623113742826776357
19,"cube-3456-bin","zzzz",1623113742826778733,1623113744529961114,31371,46497,139491
19,"cube-3456-bin","post",1623113744529976157,1623113744533073067
19,"cube-2061-bin.cgns","prep",1623113744533100667,1623113744535810516
19,"cube-2061-bin.cgns","zzzz",1623113744535813955,1623113744975929701,11723,18243,54729
19,"cube-2061-bin.cgns","post",1623113744975939765,1623113744975990248
19,"cube-155-bin.cgns","prep",1623113744976044095,1623113744995308421
19,"cube-155-bin.cgns","zzzz",1623113744995311352,1623113745013574309,1064,1888,5664
19,"cube-155-bin.cgns","post",1623113745013584488,1623113745013620824
19,"cube-3961-bin.cgns","prep",1623113745013665908,1623113745031138057
19,"cube-3961-bin.cgns","zzzz",1623113745031145134,1623113745109944332,3311,5482,16446
19,"cube-3961-bin.cgns","post",1623113745109954610,1623113745109991284
19,"cube-1215-bin.cgns","prep",1623113745110035588,1623113745160991632
19,"cube-1215-bin.cgns","zzzz",1623113745160998813,1623113770407365854,208763,292713,878139
19,"cube-1215-bin.cgns","post",1623113770407380898,1623113770407437690
19,"cube-3426-bin.cgns","prep",1623113770407505256,1623113770409006046
19,"cube-3426-bin.cgns","zzzz",1623113770409009368,1623113770846038248,11654,18130,54390
19,"cube-3426-bin.cgns","post",1623113770846562776,1623113770846606773
19,"cube-1955-asc","prep",1623113770846658133,1623113770847178161
19,"cube-1955-asc","zzzz",1623113770847179492,1623113771287683943,2746,18239,54717
19,"cube-1955-asc","post",1623113771287694273,1623113771289685518
19,"cube-49-asc","prep",1623113771289733444,1623113771291864967
19,"cube-49-asc","zzzz",1623113771291866654,1623113789963927078,17304,238786,716358
19,"cube-49-asc","post",1623113789963942290,1623113789987687517
19,"Proc","exit_task",1623113578265283169,1623113790005093988,726680
