15,"build/tests/sizes/cube-256-bin.msh4","scan",1623113600014965246,1623113600072480643
15,"build/tests/sizes/cube-256-bin.msh4","chck",1623113599999576467,1623113600072599941
15,"build/tests/sizes/cube-3594-geo.geo_unrolled","scan",1623113600074443374,1623113600076866712
15,"build/tests/sizes/cube-3594-geo.geo_unrolled","chck",1623113600072601282,1623113600076870339
15,"build/tests/sizes/cube-3553-stl-bin.geo","scan",1623113600092220636,1623113600111950709
15,"build/tests/sizes/cube-3553-stl-bin.geo","chck",1623113600076871266,1623113600111955592
15,"build/tests/sizes/cube-3168-asc.mesh","scan",1623113600120866387,1623113600661707724
15,"build/tests/sizes/cube-3168-asc.mesh","chck",1623113600111956550,1623113600661713570
15,"build/tests/sizes/cube-3123-asc.mesh","scan",1623113600682637286,1623113600713208481
15,"build/tests/sizes/cube-3123-asc.mesh","chck",1623113600661714786,1623113600713214727
15,"build/tests/sizes/cube-3505-bin.msh4","scan",1623113600714634116,1623113600809013710
15,"build/tests/sizes/cube-3505-bin.msh4","chck",1623113600713216126,1623113600809020954
15,"build/tests/sizes/cube-3074-asc.bdf","scan",1623113600809751947,1623113600813051654
15,"build/tests/sizes/cube-3074-asc.bdf","chck",1623113600809022192,1623113600813056483
15,"build/tests/sizes/cube-147-stl-bin.geo","scan",1623113600828023336,1623113600917394400
15,"build/tests/sizes/cube-147-stl-bin.geo","chck",1623113600813057783,1623113600917417366
15,"build/tests/sizes/cube-357-bin.msh4","scan",1623113600934132196,1623113601119894797
15,"build/tests/sizes/cube-357-bin.msh4","chck",1623113600917418725,1623113601119902373
15,"build/tests/sizes/cube-3856-asc.mesh","scan",1623113601120706129,1623113601292776280
15,"build/tests/sizes/cube-3856-asc.mesh","chck",1623113601119903945,1623113601292782488
15,"build/tests/sizes/cube-1016-bin.msh4","scan",1623113601293747970,1623113601295288142
15,"build/tests/sizes/cube-1016-bin.msh4","chck",1623113601292783704,1623113601295291759
15,"build/tests/sizes/cube-3069-geo.geo","scan",1623113601295890509,1623113601297187523
15,"build/tests/sizes/cube-3069-geo.geo","chck",1623113601295292596,1623113601297190676
15,"build/tests/sizes/cube-158-geo.geo_unrolled","scan",1623113601314500100,1623113601315542291
15,"build/tests/sizes/cube-158-geo.geo_unrolled","chck",1623113601297191607,1623113601315547143
15,"build/tests/sizes/cube-2569-bin.cgns","scan",1623113601323150699,1623113601347867653
15,"build/tests/sizes/cube-2569-bin.cgns","chck",1623113601315548114,1623113601347873911
15,"build/tests/sizes/cube-2291-bin.msh4","scan",1623113601348641273,1623113601352394890
15,"build/tests/sizes/cube-2291-bin.msh4","chck",1623113601347875211,1623113601352399882
15,"build/tests/sizes/cube-395-asc.msh2","scan",1623113601367029845,1623113602862422696
15,"build/tests/sizes/cube-395-asc.msh2","chck",1623113601352400875,1623113602862428497
15,"build/tests/sizes/cube-3440-asc.msh2","scan",1623113602863085966,1623113603349603799
15,"build/tests/sizes/cube-3440-asc.msh2","chck",1623113602862429662,1623113603349627565
15,"build/tests/sizes/cube-3259-bin.msh4","scan",1623113603362675774,1623113603890195765
15,"build/tests/sizes/cube-3259-bin.msh4","chck",1623113603349628888,1623113603890201068
15,"build/tests/sizes/cube-761-asc.mesh","scan",1623113603902300959,1623113603910297288
15,"build/tests/sizes/cube-761-asc.mesh","chck",1623113603890202104,1623113603910302938
15,"build/tests/sizes/cube-2068-asc.bdf","scan",1623113603919626116,1623113604075575342
15,"build/tests/sizes/cube-2068-asc.bdf","chck",1623113603910304130,1623113604075581562
15,"build/tests/sizes/cube-3131-bin.cgns","scan",1623113604102893953,1623113604299451436
15,"build/tests/sizes/cube-3131-bin.cgns","chck",1623113604075582744,1623113604299458682
15,"build/tests/sizes/cube-3185-geo.geo_unrolled","scan",1623113604313876077,1623113604314993316
15,"build/tests/sizes/cube-3185-geo.geo_unrolled","chck",1623113604299459927,1623113604314998713
15,"build/tests/sizes/cube-3900-geo.geo","scan",1623113604333150575,1623113604334430121
15,"build/tests/sizes/cube-3900-geo.geo","chck",1623113604314999643,1623113604334436197
15,"build/tests/sizes/cube-598-bin.msh2","scan",1623113604335515531,1623113606295094549
15,"build/tests/sizes/cube-598-bin.msh2","chck",1623113604334440572,1623113606295102386
15,"build/tests/sizes/cube-1116-bin.msh2","scan",1623113606307594259,1623113607484165980
15,"build/tests/sizes/cube-1116-bin.msh2","chck",1623113606295103886,1623113607484182211
15,"build/tests/sizes/cube-3491-geo.geo_unrolled","scan",1623113607501341693,1623113607502566562
15,"build/tests/sizes/cube-3491-geo.geo_unrolled","chck",1623113607484183352,1623113607502572411
15,"build/tests/sizes/cube-2742-geo.geo","scan",1623113607503716799,1623113607504918031
15,"build/tests/sizes/cube-2742-geo.geo","chck",1623113607502573444,1623113607504922882
15,"build/tests/sizes/cube-3917-bin.vtk","scan",1623113607505442725,1623113607517754161
15,"build/tests/sizes/cube-3917-bin.vtk","chck",1623113607504923992,1623113607517759545
15,"build/tests/sizes/cube-3551-stl-bin.geo","scan",1623113607518435546,1623113607570018895
15,"build/tests/sizes/cube-3551-stl-bin.geo","chck",1623113607517760586,1623113607570025145
15,"build/tests/sizes/cube-3895-bin.cgns","scan",1623113607573497612,1623113607592394300
15,"build/tests/sizes/cube-3895-bin.cgns","chck",1623113607570026317,1623113607592399650
15,"build/tests/sizes/cube-3249-stl-bin.geo","scan",1623113607593040512,1623113607945063442
15,"build/tests/sizes/cube-3249-stl-bin.geo","chck",1623113607592401056,1623113607945069418
15,"build/tests/sizes/cube-1787-geo.geo_unrolled","scan",1623113607948486312,1623113607949538167
15,"build/tests/sizes/cube-1787-geo.geo_unrolled","chck",1623113607945070598,1623113607949543244
15,"build/tests/sizes/cube-2982-bin.cgns","scan",1623113607970985825,1623113608006406610
15,"build/tests/sizes/cube-2982-bin.cgns","chck",1623113607949544170,1623113608006412715
15,"build/tests/sizes/cube-3013-bin.msh4","scan",1623113608025173917,1623113608998223717
15,"build/tests/sizes/cube-3013-bin.msh4","chck",1623113608006414022,1623113608998239662
15,"build/tests/sizes/cube-1341-geo.geo","scan",1623113609008618116,1623113609009865581
15,"build/tests/sizes/cube-1341-geo.geo","chck",1623113608998240885,1623113609009870788
15,"build/tests/sizes/cube-1988-bin.cgns","scan",1623113609022028766,1623113609126922680
15,"build/tests/sizes/cube-1988-bin.cgns","chck",1623113609009871737,1623113609126929284
15,"build/tests/sizes/cube-1689-bin.vtk","scan",1623113609139633458,1623113609146267287
15,"build/tests/sizes/cube-1689-bin.vtk","chck",1623113609126930354,1623113609146272355
15,"build/tests/sizes/cube-3690-bin.vtk","scan",1623113609169315081,1623113609232439904
15,"build/tests/sizes/cube-3690-bin.vtk","chck",1623113609146273337,1623113609232445749
15,"build/tests/sizes/cube-3519-bin.cgns","scan",1623113609235801308,1623113609254830511
15,"build/tests/sizes/cube-3519-bin.cgns","chck",1623113609232447003,1623113609254836780
15,"build/tests/sizes/cube-1276-asc.bdf","scan",1623113609256016855,1623113609266330907
15,"build/tests/sizes/cube-1276-asc.bdf","chck",1623113609254837961,1623113609266337042
15,"build/tests/sizes/cube-3773-bin.msh4","scan",1623113609266929713,1623113609466163758
15,"build/tests/sizes/cube-3773-bin.msh4","chck",1623113609266338291,1623113609466170559
15,"build/tests/sizes/cube-2428-asc.mesh","scan",1623113609484340217,1623113613039324525
15,"build/tests/sizes/cube-2428-asc.mesh","chck",1623113609466171640,1623113613039339180
15,"build/tests/sizes/cube-1831-asc.mesh","scan",1623113613059777256,1623113613086038222
15,"build/tests/sizes/cube-1831-asc.mesh","chck",1623113613039340440,1623113613086043635
15,"build/tests/sizes/cube-1660-geo.geo_unrolled","scan",1623113613088248235,1623113613089445278
15,"build/tests/sizes/cube-1660-geo.geo_unrolled","chck",1623113613086044840,1623113613089450235
15,"build/tests/sizes/cube-2176-asc.msh2","scan",1623113613090096959,1623113613092276755
15,"build/tests/sizes/cube-2176-asc.msh2","chck",1623113613089451134,1623113613092280943
15,"build/tests/sizes/cube-3036-bin.msh2","scan",1623113613092828066,1623113613104781443
15,"build/tests/sizes/cube-3036-bin.msh2","chck",1623113613092281924,1623113613104786693
15,"build/tests/sizes/cube-3649-geo.geo","scan",1623113613122116416,1623113613123377456
15,"build/tests/sizes/cube-3649-geo.geo","chck",1623113613105033628,1623113613123383354
15,"build/tests/sizes/cube-2876-asc.msh2","scan",1623113613123956378,1623113613134493981
15,"build/tests/sizes/cube-2876-asc.msh2","chck",1623113613123384346,1623113613134503343
15,"build/tests/sizes/cube-3919-asc.mesh","scan",1623113613135085635,1623113617900785147
15,"build/tests/sizes/cube-3919-asc.mesh","chck",1623113613134504318,1623113617900792211
15,"build/tests/sizes/cube-1180-bin.vtk","scan",1623113617915130115,1623113618174001044
15,"build/tests/sizes/cube-1180-bin.vtk","chck",1623113617900793556,1623113618174007281
15,"build/tests/sizes/cube-218-geo.geo_unrolled","scan",1623113618175358798,1623113618176497775
15,"build/tests/sizes/cube-218-geo.geo_unrolled","chck",1623113618174008524,1623113618176501784
15,"build/tests/sizes/cube-2190-stl-bin.geo","scan",1623113618177502355,1623113618438749636
15,"build/tests/sizes/cube-2190-stl-bin.geo","chck",1623113618176502766,1623113618438756670
15,"build/tests/sizes/cube-1422-asc.msh2","scan",1623113618459335427,1623113618493185305
15,"build/tests/sizes/cube-1422-asc.msh2","chck",1623113618438758099,1623113618493192086
15,"build/tests/sizes/cube-2502-asc.msh2","scan",1623113618497420518,1623113618709471376
15,"build/tests/sizes/cube-2502-asc.msh2","chck",1623113618493193391,1623113618709478502
15,"build/tests/sizes/cube-3660-asc.msh2","scan",1623113618721746932,1623113618729469010
15,"build/tests/sizes/cube-3660-asc.msh2","chck",1623113618709479958,1623113618729473954
15,"build/tests/sizes/cube-3729-stl-bin.geo","scan",1623113618744210206,1623113618759743327
15,"build/tests/sizes/cube-3729-stl-bin.geo","chck",1623113618729475039,1623113618759748938
15,"build/tests/sizes/cube-3600-bin.cgns","scan",1623113618763621637,1623113618782990437
15,"build/tests/sizes/cube-3600-bin.cgns","chck",1623113618759750473,1623113618782997636
15,"build/tests/sizes/cube-1775-asc.bdf","scan",1623113618783716993,1623113618794339357
15,"build/tests/sizes/cube-1775-asc.bdf","chck",1623113618782998787,1623113618794345113
15,"build/tests/sizes/cube-3419-bin.msh2","scan",1623113618811380434,1623113621853303978
15,"build/tests/sizes/cube-3419-bin.msh2","chck",1623113618794346384,1623113621853311545
15,"build/tests/sizes/cube-3229-geo.geo_unrolled","scan",1623113621860651383,1623113621861877345
15,"build/tests/sizes/cube-3229-geo.geo_unrolled","chck",1623113621853312834,1623113621861883754
15,"build/tests/sizes/cube-471-geo.geo","scan",1623113621880121149,1623113621881476930
15,"build/tests/sizes/cube-471-geo.geo","chck",1623113621861885245,1623113621881481601
15,"build/tests/sizes/cube-2725-asc.mesh","scan",1623113621882710418,1623113621885753953
15,"build/tests/sizes/cube-2725-asc.mesh","chck",1623113621881482553,1623113621885758311
15,"build/tests/sizes/cube-1250-bin.cgns","scan",1623113621898388179,1623113621989212240
15,"build/tests/sizes/cube-1250-bin.cgns","chck",1623113621885759269,1623113621989219067
15,"build/tests/sizes/cube-224-geo.geo","scan",1623113622004094048,1623113622005481283
15,"build/tests/sizes/cube-224-geo.geo","chck",1623113621989220768,1623113622005487225
15,"build/tests/sizes/cube-766-bin.msh2","scan",1623113622016872892,1623113623857233775
15,"build/tests/sizes/cube-766-bin.msh2","chck",1623113622005488375,1623113623857240719
15,"build/tests/sizes/cube-945-asc.msh2","scan",1623113623870359371,1623113624165587549
15,"build/tests/sizes/cube-945-asc.msh2","chck",1623113623857241984,1623113624165593606
15,"build/tests/sizes/cube-3579-asc.msh2","scan",1623113624167029081,1623113624207529403
15,"build/tests/sizes/cube-3579-asc.msh2","chck",1623113624165594802,1623113624207534646
15,"build/tests/sizes/cube-3355-asc.msh2","scan",1623113624208121036,1623113624211365112
15,"build/tests/sizes/cube-3355-asc.msh2","chck",1623113624207535661,1623113624211368078
15,"build/tests/sizes/cube-1812-geo.geo","scan",1623113624212394999,1623113624213626319
15,"build/tests/sizes/cube-1812-geo.geo","chck",1623113624211369130,1623113624213629535
15,"build/tests/sizes/cube-1948-asc.bdf","scan",1623113624228642539,1623113629528787135
15,"build/tests/sizes/cube-1948-asc.bdf","chck",1623113624213630581,1623113629528794010
15,"build/tests/sizes/cube-2812-asc.bdf","scan",1623113629530680700,1623113630027896633
15,"build/tests/sizes/cube-2812-asc.bdf","chck",1623113629528795325,1623113630027903644
15,"build/tests/sizes/cube-3760-bin.msh4","scan",1623113630045728580,1623113630150617423
15,"build/tests/sizes/cube-3760-bin.msh4","chck",1623113630027904980,1623113630150623710
15,"build/tests/sizes/cube-512-geo.geo_unrolled","scan",1623113630166896583,1623113630167936424
15,"build/tests/sizes/cube-512-geo.geo_unrolled","chck",1623113630150624785,1623113630167940841
15,"build/tests/sizes/cube-3436-geo.geo_unrolled","scan",1623113630168507968,1623113630169483733
15,"build/tests/sizes/cube-3436-geo.geo_unrolled","chck",1623113630167941845,1623113630169487070
15,"build/tests/sizes/cube-3372-geo.geo","scan",1623113630170009902,1623113630171157012
15,"build/tests/sizes/cube-3372-geo.geo","chck",1623113630169488039,1623113630171160309
15,"build/tests/sizes/cube-3987-asc.mesh","scan",1623113630171649355,1623113630419553568
15,"build/tests/sizes/cube-3987-asc.mesh","chck",1623113630171161269,1623113630419559492
15,"build/tests/sizes/cube-2104-asc.bdf","scan",1623113630436177105,1623113630546540086
15,"build/tests/sizes/cube-2104-asc.bdf","chck",1623113630419560936,1623113630546548054
15,"build/tests/sizes/cube-767-asc.bdf","scan",1623113630547764536,1623113630555144588
15,"build/tests/sizes/cube-767-asc.bdf","chck",1623113630546549331,1623113630555150106
15,"build/tests/sizes/cube-608-bin.cgns","scan",1623113630559684236,1623113630583333273
15,"build/tests/sizes/cube-608-bin.cgns","chck",1623113630555151389,1623113630583340228
15,"build/tests/sizes/cube-1547-bin.msh4","scan",1623113630595615497,1623113631136042241
15,"build/tests/sizes/cube-1547-bin.msh4","chck",1623113630583341387,1623113631136051320
15,"build/tests/sizes/cube-599-asc.bdf","scan",1623113631164073911,1623113638221008186
15,"build/tests/sizes/cube-599-asc.bdf","chck",1623113631136052660,1623113638221015953
15,"build/tests/sizes/cube-914-bin.vtk","scan",1623113638248152818,1623113638701477039
15,"build/tests/sizes/cube-914-bin.vtk","chck",1623113638221017033,1623113638701483757
15,"build/tests/sizes/cube-1110-bin.msh2","scan",1623113638720761710,1623113639076626655
15,"build/tests/sizes/cube-1110-bin.msh2","chck",1623113638701484918,1623113639076633495
15,"build/tests/sizes/cube-234-stl-bin.geo","scan",1623113639078424987,1623113639111429262
15,"build/tests/sizes/cube-234-stl-bin.geo","chck",1623113639076634781,1623113639111436173
15,"build/tests/sizes/cube-2079-bin.vtk","scan",1623113639112061850,1623113639114212463
15,"build/tests/sizes/cube-2079-bin.vtk","chck",1623113639111437752,1623113639114217516
15,"build/tests/sizes/cube-1048-asc.mesh","scan",1623113639132590330,1623113639226070176
15,"build/tests/sizes/cube-1048-asc.mesh","chck",1623113639114218420,1623113639226076747
15,"build/tests/sizes/cube-3095-asc.mesh","scan",1623113639228800440,1623113639234511514
15,"build/tests/sizes/cube-3095-asc.mesh","chck",1623113639226077961,1623113639234517250
15,"build/tests/sizes/cube-320-bin.cgns","scan",1623113639255913670,1623113639327091787
15,"build/tests/sizes/cube-320-bin.cgns","chck",1623113639234518664,1623113639327099052
15,"build/tests/sizes/cube-1884-asc.bdf","scan",1623113639327972066,1623113641063602130
15,"build/tests/sizes/cube-1884-asc.bdf","chck",1623113639327100298,1623113641063608313
15,"build/tests/sizes/cube-921-asc.bdf","scan",1623113641082453344,1623113641151191063
15,"build/tests/sizes/cube-921-asc.bdf","chck",1623113641063609573,1623113641151196845
15,"build/tests/sizes/cube-3050-bin.msh2","scan",1623113641172982727,1623113641430873725
15,"build/tests/sizes/cube-3050-bin.msh2","chck",1623113641151198162,1623113641430879820
15,"build/tests/sizes/cube-569-bin.vtk","scan",1623113641442556204,1623113641835444777
15,"build/tests/sizes/cube-569-bin.vtk","chck",1623113641430880993,1623113641835803795
15,"build/tests/sizes/cube-1559-asc.bdf","scan",1623113641837109756,1623113649015554184
15,"build/tests/sizes/cube-1559-asc.bdf","chck",1623113641835805648,1623113649015569983
15,"build/tests/sizes/cube-1635-stl-bin.geo","scan",1623113649019882012,1623113649409967767
15,"build/tests/sizes/cube-1635-stl-bin.geo","chck",1623113649015571263,1623113649409974068
15,"build/tests/sizes/cube-1508-bin.msh2","scan",1623113649428602048,1623113649632817554
15,"build/tests/sizes/cube-1508-bin.msh2","chck",1623113649409975227,1623113649632823889
15,"build/tests/sizes/cube-2433-asc.bdf","scan",1623113649633499455,1623113649670062066
15,"build/tests/sizes/cube-2433-asc.bdf","chck",1623113649632825390,1623113649670069293
15,"build/tests/sizes/cube-189-asc.msh2","scan",1623113649671567603,1623113649675587634
15,"build/tests/sizes/cube-189-asc.msh2","chck",1623113649670070947,1623113649675591184
15,"build/tests/sizes/cube-3653-bin.msh4","scan",1623113649676114883,1623113650598360844
15,"build/tests/sizes/cube-3653-bin.msh4","chck",1623113649675592031,1623113650598367526
15,"build/tests/sizes/cube-3795-geo.geo_unrolled","scan",1623113650599275916,1623113650600825193
15,"build/tests/sizes/cube-3795-geo.geo_unrolled","chck",1623113650598368663,1623113650600829690
15,"build/tests/sizes/cube-3845-asc.mesh","scan",1623113650603397603,1623113651610820748
15,"build/tests/sizes/cube-3845-asc.mesh","chck",1623113650600830623,1623113651610826832
15,"build/tests/sizes/cube-522-bin.cgns","scan",1623113651637187524,1623113651672023126
15,"build/tests/sizes/cube-522-bin.cgns","chck",1623113651610828253,1623113651672029901
15,"build/tests/sizes/cube-3910-asc.msh2","scan",1623113651672765169,1623113655711982684
15,"build/tests/sizes/cube-3910-asc.msh2","chck",1623113651672031106,1623113655711988299
15,"build/tests/sizes/cube-3752-bin.vtk","scan",1623113655726561107,1623113655758832771
15,"build/tests/sizes/cube-3752-bin.vtk","chck",1623113655711989347,1623113655758836365
15,"build/tests/sizes/cube-3807-geo.geo","scan",1623113655759459845,1623113655760725866
15,"build/tests/sizes/cube-3807-geo.geo","chck",1623113655758837242,1623113655760729098
15,"build/tests/sizes/cube-3099-asc.bdf","scan",1623113655778675424,1623113655977472633
15,"build/tests/sizes/cube-3099-asc.bdf","chck",1623113655760729989,1623113655977477521
15,"build/tests/sizes/cube-2830-asc.bdf","scan",1623113655978226646,1623113655985484640
15,"build/tests/sizes/cube-2830-asc.bdf","chck",1623113655977478382,1623113655985488674
15,"build/tests/sizes/cube-1012-asc.bdf","scan",1623113656000026409,1623113656060477579
15,"build/tests/sizes/cube-1012-asc.bdf","chck",1623113655985489724,1623113656060481110
15,"build/tests/sizes/cube-304-stl-bin.geo","scan",1623113656080268280,1623113656110082074
15,"build/tests/sizes/cube-304-stl-bin.geo","chck",1623113656060482065,1623113656110085541
15,"build/tests/sizes/cube-1952-bin.msh2","scan",1623113656121040188,1623113656160168489
15,"build/tests/sizes/cube-1952-bin.msh2","chck",1623113656110086425,1623113656160171658
15,"build/tests/sizes/cube-3515-asc.mesh","scan",1623113656160683605,1623113656165877043
15,"build/tests/sizes/cube-3515-asc.mesh","chck",1623113656160172433,1623113656165879942
15,"build/tests/sizes/cube-3147-bin.msh4","scan",1623113656183630775,1623113656293912622
15,"build/tests/sizes/cube-3147-bin.msh4","chck",1623113656165880812,1623113656293918928
15,"build/tests/sizes/cube-553-bin.cgns","scan",1623113656315525533,1623113656419992949
15,"build/tests/sizes/cube-553-bin.cgns","chck",1623113656293920134,1623113656419997338
15,"build/tests/sizes/cube-839-stl-bin.geo","scan",1623113656441380449,1623113656627364541
15,"build/tests/sizes/cube-839-stl-bin.geo","chck",1623113656419998222,1623113656627370200
15,"build/tests/sizes/cube-3155-bin.msh4","scan",1623113656645862019,1623113656676017034
15,"build/tests/sizes/cube-3155-bin.msh4","chck",1623113656627371769,1623113656676022121
15,"cube-839-stl-bin","mesh",1623113656677345703,1623113658980551998
15,"cube-839-stl-bin","prep",1623113659054187715,1623113659164720356
15,"cube-839-stl-bin","zzzz",1623113659164739459,1623113682372948366,170959,276563,829689
15,"cube-839-stl-bin","post",1623113682372962866,1623113682409562664
15,"cube-3515-asc","prep",1623113682409609405,1623113682412222153
15,"cube-3515-asc","zzzz",1623113682412224841,1623113682435014811,608,2235,6705
15,"cube-3515-asc","post",1623113682435018891,1623113682435489659
15,"cube-1952-bin","prep",1623113682435641457,1623113682437711593
15,"cube-1952-bin","zzzz",1623113682437714196,1623113682519104638,3399,5608,16824
15,"cube-1952-bin","post",1623113682519115143,1623113682519925077
15,"cube-218-geo","mesh",1623113682520347756,1623113682537697187
15,"cube-218-geo","prep",1623113682538651721,1623113682539239478
15,"cube-218-geo","zzzz",1623113682539241524,1623113682551826638,776,1425,4275
15,"cube-218-geo","post",1623113682551836755,1623113682552232860
15,"cube-3013-bin","prep",1623113682552389013,1623113683375452355
15,"cube-3013-bin","zzzz",1623113683375458177,1623113946996002154,1089658,1488372,4465116
15,"cube-3013-bin","post",1623113946996012142,1623113947098056010
15,"cube-3229-geo","mesh",1623113947098639800,1623113947120805555
15,"cube-3229-geo","prep",1623113947121730660,1623113947122106839
15,"cube-3229-geo","zzzz",1623113947122109522,1623113947134099989,738,1375,4125
15,"cube-3229-geo","post",1623113947134105107,1623113947134302102
15,"cube-2433-asc","prep",1623113947134383611,1623113947137070528
15,"cube-2433-asc","zzzz",1623113947137072643,1623113947287858526,5383,8636,25908
15,"cube-2433-asc","post",1623113947287866079,1623113947288512926
15,"cube-3795-geo","mesh",1623113947288612384,1623113947294198868
15,"cube-3795-geo","prep",1623113947295143801,1623113947295287337
15,"cube-3795-geo","zzzz",1623113947295289051,1623113947296906026,132,300,900
15,"cube-3795-geo","post",1623113947296907255,1623113947297005683
15,"cube-2876-asc","prep",1623113947297015543,1623113947297779808
15,"cube-2876-asc","zzzz",1623113947297781241,1623113947328113344,1532,2769,8307
15,"cube-2876-asc","post",1623113947328127750,1623113947328296017
15,"cube-1547-bin","prep",1623113947328352373,1623113947762182382
15,"cube-1547-bin","zzzz",1623113947762189142,1623114070931635174,614166,843582,2530746
15,"cube-1547-bin","post",1623114070931649940,1623114070985030643
15,"cube-1660-geo","mesh",1623114070985080610,1623114071045228216
15,"cube-1660-geo","prep",1623114071046167564,1623114071048724766
15,"cube-1660-geo","zzzz",1623114071048727744,1623114071125860608,3243,5400,16200
15,"cube-1660-geo","post",1623114071125870799,1623114071126633802
15,"cube-2428-asc","prep",1623114071126938756,1623114071134462626
15,"cube-2428-asc","zzzz",1623114071134464108,1623114310039750499,56776,1382424,4147272
15,"cube-2428-asc","post",1623114310039763717,1623114310180834131
15,"cube-3123-asc","prep",1623114310180872652,1623114310181034500
15,"cube-3123-asc","zzzz",1623114310181035718,1623114310197115156,416,1716,5148
15,"cube-3123-asc","post",1623114310197129550,1623114310197315455
15,"cube-1276-asc","prep",1623114310197328125,1623114310197935514
15,"cube-1276-asc","zzzz",1623114310197936918,1623114310222195211,1278,2339,7017
15,"cube-1276-asc","post",1623114310222205522,1623114310222562726
15,"cube-1016-bin","prep",1623114310222690921,1623114310222946131
15,"cube-1016-bin","zzzz",1623114310222947481,1623114310225868935,210,465,1395
15,"cube-1016-bin","post",1623114310225879303,1623114310226197629
15,"cube-3372-geo","mesh",1623114310226211183,1623114310449975549
15,"cube-3372-geo","prep",1623114310450943965,1623114310457621555
15,"cube-3372-geo","zzzz",1623114310457624620,1623114311026731744,14169,21812,65436
15,"cube-3372-geo","post",1623114311026741993,1623114311029645001
15,"cube-3355-asc","prep",1623114311030024546,1623114311031342427
15,"cube-3355-asc","zzzz",1623114311031344152,1623114311036185624,333,688,2064
15,"cube-3355-asc","post",1623114311036195782,1623114311036394852
15,"cube-512-geo","mesh",1623114311036430055,1623114311044364819
15,"cube-512-geo","prep",1623114311045273572,1623114311045459219
15,"cube-512-geo","zzzz",1623114311045971955,1623114311049116287,238,501,1503
15,"cube-512-geo","post",1623114311049118576,1623114311049236259
15,"cube-1110-bin","prep",1623114311049247910,1623114311104898572
15,"cube-1110-bin","zzzz",1623114311104905736,1623114318342626256,87260,125498,376494
15,"cube-1110-bin","post",1623114318342642120,1623114318352675888
15,"cube-3653-bin","prep",1623114318352712414,1623114319533951122
15,"cube-3653-bin","zzzz",1623114319533955721,1623114768724723160,1632556,2219741,6659223
15,"cube-3653-bin","post",1623114768724736812,1623114768861758139
15,"cube-2812-asc","prep",1623114768862373623,1623114768883988953
15,"cube-2812-asc","zzzz",1623114768883992499,1623114771303478548,40164,59199,177597
15,"cube-2812-asc","post",1623114771303499084,1623114771307340889
15,"cube-1048-asc","prep",1623114771307371293,1623114771308009015
15,"cube-1048-asc","zzzz",1623114771308011440,1623114772243130926,3886,30752,92256
15,"cube-1048-asc","post",1623114772243138008,1623114772246496028
15,"cube-599-asc","prep",1623114772246531786,1623114772794375072
15,"cube-599-asc","zzzz",1623114772794378850,1623114951945034186,813012,1114002,3342006
15,"cube-599-asc","post",1623114951945042853,1623114952014123677
15,"cube-234-stl-bin","mesh",1623114952014167536,1623114952033415160
15,"cube-234-stl-bin","prep",1623114952034359134,1623114952035446579
15,"cube-234-stl-bin","zzzz",1623114952035449287,1623114952086353212,1484,4033,12099
15,"cube-234-stl-bin","post",1623114952086363517,1623114952086781328
15,"cube-1559-asc","prep",1623114952086991703,1623114952689113022
15,"cube-1559-asc","zzzz",1623114952689117569,1623115156270782305,896275,1226113,3678339
15,"cube-1559-asc","post",1623115156270796398,1623115156349146365
15,"cube-3910-asc","prep",1623115156349187902,1623115156770804682
15,"cube-3910-asc","zzzz",1623115156770812473,1623115284745986961,629755,865599,2596797
15,"cube-3910-asc","post",1623115284746005156,1623115284813546452
15,"cube-767-asc","prep",1623115284813586770,1623115284827492863
15,"cube-767-asc","zzzz",1623115284827496383,1623115284839311396,721,1358,4074
15,"cube-767-asc","post",1623115284839322356,1623115284839595092
15,"cube-3660-asc","prep",1623115284839635552,1623115284843273478
15,"cube-3660-asc","zzzz",1623115284843275167,1623115284845384874,175,360,1080
15,"cube-3660-asc","post",1623115284845395305,1623115284845519106
15,"cube-3419-bin","prep",1623115284845554248,1623115285408718428
15,"cube-3419-bin","zzzz",1623115285408725744,1623115454783560967,779725,1068082,3204246
15,"cube-3419-bin","post",1623115454783577435,1623115454878910749
15,"cube-3760-bin","prep",1623115454878948115,1623115454933938060
15,"cube-3760-bin","zzzz",1623115454933944478,1623115461084452361,77747,112298,336894
15,"cube-3760-bin","post",1623115461084471605,1623115461091833769
15,"cube-3895-bin.cgns","prep",1623115461091870539,1623115461107256560
15,"cube-3895-bin.cgns","zzzz",1623115461107260917,1623115463766906128,42899,63153,189459
15,"cube-3895-bin.cgns","post",1623115463766926326,1623115463767143313
15,"cube-304-stl-bin","mesh",1623115463767186884,1623115463826718405
15,"cube-304-stl-bin","prep",1623115463827705723,1623115463831635910
15,"cube-304-stl-bin","zzzz",1623115463831639217,1623115464035901030,4812,10675,32025
15,"cube-304-stl-bin","post",1623115464035912037,1623115464037763773
15,"cube-945-asc","prep",1623115464037795272,1623115464063152659
15,"cube-945-asc","zzzz",1623115464063157284,1623115465995748039,34369,50722,152166
15,"cube-945-asc","post",1623115465995762291,1623115466006792135
15,"cube-3131-bin.cgns","prep",1623115466006826930,1623115466630380621
15,"cube-3131-bin.cgns","zzzz",1623115466630390066,1623115852220910348,1454067,1979567,5938701
15,"cube-3131-bin.cgns","post",1623115852220926958,1623115852221001746
15,"cube-766-bin","prep",1623115852221075337,1623115852513319136
15,"cube-766-bin","zzzz",1623115852513327942,1623115919355650823,405032,562218,1686654
15,"cube-766-bin","post",1623115919355666712,1623115919422005371
15,"cube-3440-asc","prep",1623115919422047992,1623115919482172517
15,"cube-3440-asc","zzzz",1623115919482179179,1623115924532338842,67525,98040,294120
15,"cube-3440-asc","post",1623115924532349904,1623115924550910778
15,"cube-2982-bin.cgns","prep",1623115924550946949,1623115924557556406
15,"cube-2982-bin.cgns","zzzz",1623115924557559593,1623115924560481639,210,465,1395
15,"cube-2982-bin.cgns","post",1623115924560491973,1623115924560557946
15,"cube-3436-geo","mesh",1623115924560608407,1623115924581709717
15,"cube-3436-geo","prep",1623115924582682795,1623115924583507380
15,"cube-3436-geo","zzzz",1623115924583509573,1623115924599403515,949,1700,5100
15,"cube-3436-geo","post",1623115924599413823,1623115924599790246
15,"cube-761-asc","prep",1623115924599985161,1623115924600238759
15,"cube-761-asc","zzzz",1623115924600242598,1623115924602102847,116,325,975
15,"cube-761-asc","post",1623115924602112926,1623115924602309699
15,"cube-3249-stl-bin","mesh",1623115924602344583,1623115931316561787
15,"cube-3249-stl-bin","prep",1623115931317535255,1623115931942533349
15,"cube-3249-stl-bin","zzzz",1623115931942541955,1623116030574877713,477752,728178,2184534
15,"cube-3249-stl-bin","post",1623116030574885572,1623116030773282368
15,"cube-3649-geo","mesh",1623116030773322459,1623116030888327351
15,"cube-3649-geo","prep",1623116030889285157,1623116030889453816
15,"cube-3649-geo","zzzz",1623116030889455738,1623116030891353748,146,331,993
15,"cube-3649-geo","post",1623116030891364101,1623116030891631499
15,"cube-3987-asc","prep",1623116030891669210,1623116030892964375
15,"cube-3987-asc","zzzz",1623116030892966008,1623116037091974066,10160,112900,338700
15,"cube-3987-asc","post",1623116037091987157,1623116037103066738
15,"cube-2068-asc","prep",1623116037103095430,1623116037110383405
15,"cube-2068-asc","zzzz",1623116037110386178,1623116037674576322,14074,21648,64944
15,"cube-2068-asc","post",1623116037674586419,1623116037676048995
15,"cube-1422-asc","prep",1623116037676072333,1623116037677511164
15,"cube-1422-asc","zzzz",1623116037677513219,1623116037711466539,1682,3013,9039
15,"cube-1422-asc","post",1623116037711476836,1623116037712262791
15,"cube-2104-asc","prep",1623116037712301375,1623116037718801122
15,"cube-2104-asc","zzzz",1623116037718802692,1623116038172395711,11922,18605,55815
15,"cube-2104-asc","post",1623116038172405988,1623116038173881534
15,"cube-3069-geo","mesh",1623116038173898746,1623116038248222177
15,"cube-3069-geo","prep",1623116038249181706,1623116038252388060
15,"cube-3069-geo","zzzz",1623116038252390244,1623116038354560641,3981,6577,19731
15,"cube-3069-geo","post",1623116038354570913,1623116038355877619
15,"cube-2291-bin","prep",1623116038356289025,1623116038359089500
15,"cube-2291-bin","zzzz",1623116038359091690,1623116038491721747,4882,7895,23685
15,"cube-2291-bin","post",1623116038491732101,1623116038492511766
15,"cube-608-bin.cgns","prep",1623116038492563198,1623116038496796600
15,"cube-608-bin.cgns","zzzz",1623116038496799613,1623116039416390602,20257,30390,91170
15,"cube-608-bin.cgns","post",1623116039416400927,1623116039416458775
15,"cube-522-bin.cgns","prep",1623116039416505807,1623116039440771690
15,"cube-522-bin.cgns","zzzz",1623116039440779558,1623116039446379859,366,769,2307
15,"cube-522-bin.cgns","post",1623116039446390117,1623116039446437163
15,"cube-3050-bin","prep",1623116039446478783,1623116039474419796
15,"cube-3050-bin","zzzz",1623116039474423915,1623116042739657854,49647,72776,218328
15,"cube-3050-bin","post",1623116042739672037,1623116042744812857
15,"cube-1988-bin.cgns","prep",1623116042744856513,1623116042745374825
15,"cube-1988-bin.cgns","zzzz",1623116042745377832,1623116042749316517,282,587,1761
15,"cube-1988-bin.cgns","post",1623116042749327093,1623116042749392107
15,"cube-553-bin.cgns","prep",1623116042749441682,1623116042793037761
15,"cube-553-bin.cgns","zzzz",1623116042793044320,1623116054720339650,124244,176225,528675
15,"cube-553-bin.cgns","post",1623116054720356616,1623116054720429690
15,"cube-3519-bin.cgns","prep",1623116054720497795,1623116054721032582
15,"cube-3519-bin.cgns","zzzz",1623116054721035819,1623116054754137316,1637,2956,8868
15,"cube-3519-bin.cgns","post",1623116054754148040,1623116054754203497
15,"cube-1689-bin","prep",1623116054754614487,1623116054754892104
15,"cube-1689-bin","zzzz",1623116054754893263,1623116054759872747,346,703,2109
15,"cube-1689-bin","post",1623116054759883091,1623116054760048419
15,"cube-320-bin.cgns","prep",1623116054760082641,1623116054780592029
15,"cube-320-bin.cgns","zzzz",1623116054780595051,1623116054798772793,1046,1881,5643
15,"cube-320-bin.cgns","post",1623116054798776818,1623116054798795283
15,"cube-3579-asc","prep",1623116054798816255,1623116054802202948
15,"cube-3579-asc","zzzz",1623116054802205295,1623116054946833554,5192,8388,25164
15,"cube-3579-asc","post",1623116054946858901,1623116054948179599
15,"cube-3553-stl-bin","mesh",1623116054948197536,1623116054951814114
15,"cube-3553-stl-bin","prep",1623116054952778232,1623116054953015259
15,"cube-3553-stl-bin","zzzz",1623116054953017086,1623116054958910204,208,801,2403
15,"cube-3553-stl-bin","post",1623116054958920478,1623116054959113334
15,"cube-2830-asc","prep",1623116054959146888,1623116054959527960
15,"cube-2830-asc","zzzz",1623116054959529583,1623116054965176485,371,774,2322
15,"cube-2830-asc","post",1623116054965186860,1623116054965353452
15,"cube-1180-bin","prep",1623116054965386806,1623116055049376872
15,"cube-1180-bin","zzzz",1623116055049385146,1623116070475560941,148328,209835,629505
15,"cube-1180-bin","post",1623116070475571327,1623116070488642609
15,"cube-3807-geo","mesh",1623116070488681874,1623116072264078897
15,"cube-3807-geo","prep",1623116072265076701,1623116072446117107
15,"cube-3807-geo","zzzz",1623116072446123069,1623116081980027052,106254,151363,454089
15,"cube-3807-geo","post",1623116081980046508,1623116082041320250
15,"cube-3752-bin","prep",1623116082041387810,1623116082062467198
15,"cube-3752-bin","zzzz",1623116082062470432,1623116082139977823,3254,5419,16257
15,"cube-3752-bin","post",1623116082139984932,1623116082141251234
15,"cube-1884-asc","prep",1623116082141284182,1623116082292872006
15,"cube-1884-asc","zzzz",1623116082292875724,1623116110463432792,224626,315139,945417
15,"cube-1884-asc","post",1623116110463449618,1623116110487143032
15,"cube-569-bin","prep",1623116110487187844,1623116110594988154
15,"cube-569-bin","zzzz",1623116110594996426,1623116133038828428,192299,270405,811215
15,"cube-569-bin","post",1623116133038861951,1623116133056513361
15,"cube-1012-asc","prep",1623116133056547200,1623116133060280529
15,"cube-1012-asc","zzzz",1623116133060283816,1623116133208697875,5308,8541,25623
15,"cube-1012-asc","post",1623116133208703354,1623116133211285222
15,"cube-1250-bin.cgns","prep",1623116133211316148,1623116133230352431
15,"cube-1250-bin.cgns","zzzz",1623116133230355727,1623116133392636505,5672,9091,27273
15,"cube-1250-bin.cgns","post",1623116133392646723,1623116133392705749
15,"cube-3074-asc","prep",1623116133392759107,1623116133393123157
15,"cube-3074-asc","zzzz",1623116133393124638,1623116133398748839,369,772,2316
15,"cube-3074-asc","post",1623116133398759037,1623116133398942840
15,"cube-189-asc","prep",1623116133398956406,1623116133399148604
15,"cube-189-asc","zzzz",1623116133399149852,1623116133402112480,215,470,1410
15,"cube-189-asc","post",1623116133402131821,1623116133402192789
15,"cube-1635-stl-bin","mesh",1623116133402207366,1623116135408512526
15,"cube-1635-stl-bin","prep",1623116135409501742,1623116135622030458
15,"cube-1635-stl-bin","zzzz",1623116135622037986,1623116153656347275,144131,233259,699777
15,"cube-1635-stl-bin","post",1623116153656362584,1623116153748071120
15,"cube-1508-bin","prep",1623116153748105328,1623116153791871007
15,"cube-1508-bin","zzzz",1623116153791876474,1623116156749204189,46149,67994,203982
15,"cube-1508-bin","post",1623116156749220173,1623116156756927809
15,"cube-1775-asc","prep",1623116156756960704,1623116156777227715
15,"cube-1775-asc","zzzz",1623116156777230281,1623116156801999432,1307,2376,7128
15,"cube-1775-asc","post",1623116156802009776,1623116156802457468
15,"cube-2502-asc","prep",1623116156802537297,1623116156830325320
15,"cube-2502-asc","zzzz",1623116156830329353,1623116158505684276,31015,45949,137847
15,"cube-2502-asc","post",1623116158505688689,1623116158510331721
15,"cube-1812-geo","mesh",1623116158510366888,1623116158544761969
15,"cube-1812-geo","prep",1623116158545740551,1623116158546791686
15,"cube-1812-geo","zzzz",1623116158546794106,1623116158565556371,1071,1927,5781
15,"cube-1812-geo","post",1623116158565566685,1623116158566316520
15,"cube-914-bin","prep",1623116158566352781,1623116158679338861
15,"cube-914-bin","zzzz",1623116158679346659,1623116180629298355,189292,266386,799158
15,"cube-914-bin","post",1623116180629314197,1623116180647655936
15,"cube-3155-bin","prep",1623116180647689732,1623116180651791751
15,"cube-3155-bin","zzzz",1623116180651795458,1623116180875684965,7140,11381,34143
15,"cube-3155-bin","post",1623116180875695486,1623116180878404169
15,"cube-1116-bin","prep",1623116180878447053,1623116181075781152
15,"cube-1116-bin","zzzz",1623116181075787286,1623116218146757326,270511,379019,1137057
15,"cube-1116-bin","post",1623116218146772721,1623116218201718818
15,"cube-2079-bin","prep",1623116218201756237,1623116218207308200
15,"cube-2079-bin","zzzz",1623116218207313267,1623116218223603667,977,1732,5196
15,"cube-2079-bin","post",1623116218223614235,1623116218224109977
15,"cube-3259-bin","prep",1623116218224150894,1623116218610158569
15,"cube-3259-bin","zzzz",1623116218610164974,1623116321461170704,543152,748689,2246067
15,"cube-3259-bin","post",1623116321461184818,1623116321520564668
15,"cube-3856-asc","prep",1623116321520605354,1623116321525370083
15,"cube-3856-asc","zzzz",1623116321525372942,1623116325087144528,8026,77257,231771
15,"cube-3856-asc","post",1623116325087157870,1623116325095402047
15,"cube-3600-bin.cgns","prep",1623116325095430321,1623116325105798442
15,"cube-3600-bin.cgns","zzzz",1623116325105801887,1623116325111006164,348,725,2175
15,"cube-3600-bin.cgns","post",1623116325111016351,1623116325111072248
15,"cube-471-geo","mesh",1623116325111124241,1623116325121947447
15,"cube-471-geo","prep",1623116325122947856,1623116325123172018
15,"cube-471-geo","zzzz",1623116325123173955,1623116325128253251,339,714,2142
15,"cube-471-geo","post",1623116325128263481,1623116325128727279
15,"cube-3900-geo","mesh",1623116325128767240,1623116325159658950
15,"cube-3900-geo","prep",1623116325160553452,1623116325161784563
15,"cube-3900-geo","zzzz",1623116325161786593,1623116325186734437,1318,2389,7167
15,"cube-3900-geo","post",1623116325186744717,1623116325187305150
15,"cube-256-bin","prep",1623116325187454814,1623116325211281571
15,"cube-256-bin","zzzz",1623116325211284398,1623116327881714061,43080,63372,190116
15,"cube-256-bin","post",1623116327881727855,1623116327885991161
15,"cube-3729-stl-bin","mesh",1623116327886024525,1623116327893257745
15,"cube-3729-stl-bin","prep",1623116327894274275,1623116327894865401
15,"cube-3729-stl-bin","zzzz",1623116327894867921,1623116327909367949,489,1586,4758
15,"cube-3729-stl-bin","post",1623116327909378249,1623116327909547120
15,"cube-2190-stl-bin","mesh",1623116327909561632,1623116332266758072
15,"cube-2190-stl-bin","prep",1623116332267857617,1623116332672175254
15,"cube-2190-stl-bin","zzzz",1623116332672182299,1623116381230040569,287601,454175,1362525
15,"cube-2190-stl-bin","post",1623116381230055832,1623116381390365126
15,"cube-3185-geo","mesh",1623116381390401034,1623116381494753906
15,"cube-3185-geo","prep",1623116381495747434,1623116381496159451
15,"cube-3185-geo","zzzz",1623116381496161603,1623116381501374212,351,728,2184
15,"cube-3185-geo","post",1623116381501384397,1623116381501654116
15,"cube-3594-geo","mesh",1623116381501693614,1623116382084529493
15,"cube-3594-geo","prep",1623116382085553595,1623116382127413363
15,"cube-3594-geo","zzzz",1623116382127418826,1623116384131331464,35230,51981,155943
15,"cube-3594-geo","post",1623116384131342936,1623116384142631332
15,"cube-1948-asc","prep",1623116384143622152,1623116384619399774
15,"cube-1948-asc","zzzz",1623116384619404014,1623116511262349984,625327,859238,2577714
15,"cube-1948-asc","post",1623116511262364002,1623116511329284052
15,"cube-395-asc","prep",1623116511329320955,1623116511474636351
15,"cube-395-asc","zzzz",1623116511474642841,1623116538264017015,216945,304676,914028
15,"cube-395-asc","post",1623116538264459491,1623116538304617439
15,"cube-158-geo","mesh",1623116538304660477,1623116540932970204
15,"cube-158-geo","prep",1623116540933998110,1623116541145128120
15,"cube-158-geo","zzzz",1623116541145134599,1623116557891760337,156963,221838,665514
15,"cube-158-geo","post",1623116557891775914,1623116557987985094
15,"cube-224-geo","mesh",1623116557988061436,1623116558912417293
15,"cube-224-geo","prep",1623116558913431465,1623116558981960465
15,"cube-224-geo","zzzz",1623116558981966003,1623116562551278658,52709,77317,231951
15,"cube-224-geo","post",1623116562551290487,1623116562580236525
15,"cube-2725-asc","prep",1623116562582166319,1623116562586103027
15,"cube-2725-asc","zzzz",1623116562586104811,1623116562591267532,240,725,2175
15,"cube-2725-asc","post",1623116562591272725,1623116562591925680
15,"cube-598-bin","prep",1623116562591942071,1623116562967447028
15,"cube-598-bin","zzzz",1623116562967454241,1623116661444868590,527370,727427,2182281
15,"cube-598-bin","post",1623116661444882394,1623116661519097196
15,"cube-1341-geo","mesh",1623116661519141286,1623116661531334658
15,"cube-1341-geo","prep",1623116661532332015,1623116661532595706
15,"cube-1341-geo","zzzz",1623116661532598202,1623116661535503274,208,463,1389
15,"cube-1341-geo","post",1623116661535513680,1623116661535715286
15,"cube-3095-asc","prep",1623116661535730830,1623116661536084357
15,"cube-3095-asc","zzzz",1623116661536085932,1623116661565832137,712,2728,8184
15,"cube-3095-asc","post",1623116661565852975,1623116661566279559
15,"cube-357-bin","prep",1623116661566293686,1623116661667979668
15,"cube-357-bin","zzzz",1623116661667986611,1623116679896678262,166564,234912,704736
15,"cube-357-bin","post",1623116679896693905,1623116679913511213
15,"cube-2176-asc","prep",1623116679913571279,1623116679914790535
15,"cube-2176-asc","zzzz",1623116679914792995,1623116679916867028,168,355,1065
15,"cube-2176-asc","post",1623116679916877625,1623116679916999724
15,"cube-3845-asc","prep",1623116679917034727,1623116679918406087
15,"cube-3845-asc","zzzz",1623116679918407794,1623116698871739977,17370,241231,723693
15,"cube-3845-asc","post",1623116698871756958,1623116698886855927
15,"cube-147-stl-bin","mesh",1623116698886905731,1623116699749719291
15,"cube-147-stl-bin","prep",1623116699750760577,1623116699830238246
15,"cube-147-stl-bin","zzzz",1623116699830245968,1623116705998564200,65171,112492,337476
15,"cube-147-stl-bin","post",1623116705998571833,1623116706047471396
15,"cube-921-asc","prep",1623116706047505017,1623116706055790897
15,"cube-921-asc","zzzz",1623116706055793263,1623116706058731159,212,467,1401
15,"cube-921-asc","post",1623116706058741309,1623116706058945098
15,"cube-3773-bin","prep",1623116706058981803,1623116706287216213
15,"cube-3773-bin","zzzz",1623116706287222659,1623116754544027093,324152,452274,1356822
15,"cube-3773-bin","post",1623116754544043722,1623116754572624338
15,"cube-3036-bin","prep",1623116754572662107,1623116754577580359
15,"cube-3036-bin","zzzz",1623116754577584283,1623116754653912718,3214,5361,16083
15,"cube-3036-bin","post",1623116754653923378,1623116754654513541
15,"cube-3099-asc","prep",1623116754654540173,1623116754671324538
15,"cube-3099-asc","zzzz",1623116754671327218,1623116755848031801,23988,36008,108024
15,"cube-3099-asc","post",1623116755848044989,1623116755856819326
15,"cube-3919-asc","prep",1623116755856868475,1623116755870364024
15,"cube-3919-asc","zzzz",1623116755870366452,1623117133469094174,72788,1948730,5846190
15,"cube-3919-asc","post",1623117133469113868,1623117133678245661
15,"cube-3505-bin","prep",1623117133678291518,1623117133756176638
15,"cube-3505-bin","zzzz",1623117133756183603,1623117145514173811,123390,174570,523710
15,"cube-3505-bin","post",1623117145514182763,1623117145525822911
15,"cube-2569-bin.cgns","prep",1623117145525874679,1623117145664612710
15,"cube-2569-bin.cgns","zzzz",1623117145664620651,1623117171024589222,209444,293623,880869
15,"cube-2569-bin.cgns","post",1623117171024605521,1623117171024664682
15,"cube-3491-geo","mesh",1623117171024734090,1623117178140037129
15,"cube-3491-geo","prep",1623117178141010686,1623117178716127620
15,"cube-3491-geo","zzzz",1623117178716133568,1623117262512454684,472281,653490,1960470
15,"cube-3491-geo","post",1623117262512472322,1623117262700699801
15,"cube-3168-asc","prep",1623117262700752342,1623117262711637161
15,"cube-3168-asc","zzzz",1623117262711639723,1623117275945117918,14048,189160,567480
15,"cube-3168-asc","post",1623117275945129225,1623117275966930407
15,"cube-3690-bin","prep",1623117275966973040,1623117275988379026
15,"cube-3690-bin","zzzz",1623117275988382269,1623117277149294799,23786,35710,107130
15,"cube-3690-bin","post",1623117277149307520,1623117277151712365
15,"cube-2742-geo","mesh",1623117277151744315,1623117277186791207
15,"cube-2742-geo","prep",1623117277187992451,1623117277188912959
15,"cube-2742-geo","zzzz",1623117277188915273,1623117277205017523,965,1717,5151
15,"cube-2742-geo","post",1623117277205027826,1623117277205607186
15,"cube-3917-bin","prep",1623117277205631627,1623117277209091160
15,"cube-3917-bin","zzzz",1623117277209093467,1623117277356246429,5265,8490,25470
15,"cube-3917-bin","post",1623117277356256583,1623117277357411002
15,"cube-3551-stl-bin","mesh",1623117277357589401,1623117277840292380
15,"cube-3551-stl-bin","prep",1623117277841383316,1623117277879380924
15,"cube-3551-stl-bin","zzzz",1623117277879388445,1623117280991381302,39361,70440,211320
15,"cube-3551-stl-bin","post",1623117280991395620,1623117281017245077
15,"cube-1831-asc","prep",1623117281017282257,1623117281020377477
15,"cube-1831-asc","zzzz",1623117281020380012,1623117281053362127,752,2949,8847
15,"cube-1831-asc","post",1623117281053367627,1623117281053695866
15,"cube-3147-bin","prep",1623117281053711647,1623117281127393077
15,"cube-3147-bin","zzzz",1623117281127400205,1623117290696681453,106584,151722,455166
15,"cube-3147-bin","post",1623117290696695717,1623117290722391871
15,"cube-1787-geo","mesh",1623117290722426429,1623117290808957546
15,"cube-1787-geo","prep",1623117290810012888,1623117290813618720
15,"cube-1787-geo","zzzz",1623117290813621608,1623117290947405430,4911,7943,23829
15,"cube-1787-geo","post",1623117290947415794,1623117290948787426
15,"Proc","exit_task",1623113578265320808,1623117290966587012,4036784
